[96m
GPU: NVIDIA GeForce GTX 1080 Ti[0m
[95m
DATA DETAILS[0m
[95m-----------[0m
data_folder: /work/deodagiu/ki_data/intnet_input
norm: robust
train_events: -1
test_events: 0
pt_min: 2.0
nconstituents: 16
feature_selection: jedinet

----------------
[92mData loading complete:[0m
Training data size: 5.72e+05
Test data size: 0.00e+00
----------------

Shuffling constituents...
[92mShuffled the training data! 🃏
[0m
Instantiating model with the hyperparameters:
effects_nnodes: 100
dynamic_nnodes: 75
abstrac_nnodes: 25
effects_activ: relu
dynamic_activ: relu
abstrac_activ: relu
neffects: 25
ndynamics: 20
l2: 0.05
summation: True
[92mModel compiled and built![0m
[95m

TRAINING THE MODEL 💪[0m

Training parameters
-------------------
[92mOptimiser: 	[0m {'name': 'Adam', 'learning_rate': 0.0001, 'decay': 0.0, 'beta_1': 0.9, 'beta_2': 0.999, 'epsilon': 1e-07, 'amsgrad': False}
[92mBatch size: 	[0m 100
[92mLearning rate: 	[0m 0.0001
[92mTraining epochs:[0m 100
[92mLoss: 		[0m categorical_crossentropy

Epoch 1/100
4003/4003 - 108s - loss: 4.3752 - categorical_accuracy: 0.5953 - val_loss: 1.4543 - val_categorical_accuracy: 0.6483 - lr: 1.0000e-04 - 108s/epoch - 27ms/step
Epoch 2/100
4003/4003 - 105s - loss: 1.2055 - categorical_accuracy: 0.6584 - val_loss: 1.0773 - val_categorical_accuracy: 0.6634 - lr: 1.0000e-04 - 105s/epoch - 26ms/step
Epoch 3/100
4003/4003 - 106s - loss: 0.9949 - categorical_accuracy: 0.6906 - val_loss: 0.9385 - val_categorical_accuracy: 0.7030 - lr: 1.0000e-04 - 106s/epoch - 26ms/step
Epoch 4/100
4003/4003 - 106s - loss: 0.9119 - categorical_accuracy: 0.7062 - val_loss: 0.8788 - val_categorical_accuracy: 0.7135 - lr: 1.0000e-04 - 106s/epoch - 26ms/step
Epoch 5/100
4003/4003 - 106s - loss: 0.8593 - categorical_accuracy: 0.7170 - val_loss: 0.8376 - val_categorical_accuracy: 0.7212 - lr: 1.0000e-04 - 106s/epoch - 26ms/step
Epoch 6/100
4003/4003 - 106s - loss: 0.8193 - categorical_accuracy: 0.7263 - val_loss: 0.7956 - val_categorical_accuracy: 0.7342 - lr: 1.0000e-04 - 106s/epoch - 26ms/step
Epoch 7/100
4003/4003 - 106s - loss: 0.7929 - categorical_accuracy: 0.7321 - val_loss: 0.7717 - val_categorical_accuracy: 0.7410 - lr: 1.0000e-04 - 106s/epoch - 27ms/step
Epoch 8/100
4003/4003 - 106s - loss: 0.7722 - categorical_accuracy: 0.7375 - val_loss: 0.7539 - val_categorical_accuracy: 0.7441 - lr: 1.0000e-04 - 106s/epoch - 26ms/step
Epoch 9/100
4003/4003 - 106s - loss: 0.7576 - categorical_accuracy: 0.7415 - val_loss: 0.7640 - val_categorical_accuracy: 0.7345 - lr: 1.0000e-04 - 106s/epoch - 26ms/step
Epoch 10/100
4003/4003 - 106s - loss: 0.7477 - categorical_accuracy: 0.7439 - val_loss: 0.7601 - val_categorical_accuracy: 0.7342 - lr: 1.0000e-04 - 106s/epoch - 27ms/step
Epoch 11/100
4003/4003 - 106s - loss: 0.7391 - categorical_accuracy: 0.7461 - val_loss: 0.7262 - val_categorical_accuracy: 0.7507 - lr: 1.0000e-04 - 106s/epoch - 26ms/step
Epoch 12/100
4003/4003 - 106s - loss: 0.7314 - categorical_accuracy: 0.7481 - val_loss: 0.7203 - val_categorical_accuracy: 0.7521 - lr: 1.0000e-04 - 106s/epoch - 27ms/step
Epoch 13/100
4003/4003 - 106s - loss: 0.7256 - categorical_accuracy: 0.7490 - val_loss: 0.7157 - val_categorical_accuracy: 0.7516 - lr: 1.0000e-04 - 106s/epoch - 26ms/step
Epoch 14/100
4003/4003 - 106s - loss: 0.7180 - categorical_accuracy: 0.7504 - val_loss: 0.7104 - val_categorical_accuracy: 0.7511 - lr: 1.0000e-04 - 106s/epoch - 26ms/step
Epoch 15/100
4003/4003 - 106s - loss: 0.7066 - categorical_accuracy: 0.7517 - val_loss: 0.6975 - val_categorical_accuracy: 0.7524 - lr: 1.0000e-04 - 106s/epoch - 27ms/step
Epoch 16/100
4003/4003 - 105s - loss: 0.6999 - categorical_accuracy: 0.7534 - val_loss: 0.6976 - val_categorical_accuracy: 0.7533 - lr: 1.0000e-04 - 105s/epoch - 26ms/step
Epoch 17/100
4003/4003 - 106s - loss: 0.6971 - categorical_accuracy: 0.7547 - val_loss: 0.6950 - val_categorical_accuracy: 0.7537 - lr: 1.0000e-04 - 106s/epoch - 26ms/step
Epoch 18/100
4003/4003 - 106s - loss: 0.6939 - categorical_accuracy: 0.7557 - val_loss: 0.6919 - val_categorical_accuracy: 0.7553 - lr: 1.0000e-04 - 106s/epoch - 26ms/step
Epoch 19/100
4003/4003 - 106s - loss: 0.6916 - categorical_accuracy: 0.7570 - val_loss: 0.7195 - val_categorical_accuracy: 0.7441 - lr: 1.0000e-04 - 106s/epoch - 26ms/step
Epoch 20/100
4003/4003 - 106s - loss: 0.6893 - categorical_accuracy: 0.7579 - val_loss: 0.6841 - val_categorical_accuracy: 0.7589 - lr: 1.0000e-04 - 106s/epoch - 26ms/step
Epoch 21/100
4003/4003 - 106s - loss: 0.6871 - categorical_accuracy: 0.7589 - val_loss: 0.7088 - val_categorical_accuracy: 0.7485 - lr: 1.0000e-04 - 106s/epoch - 26ms/step
Epoch 22/100
4003/4003 - 106s - loss: 0.6853 - categorical_accuracy: 0.7591 - val_loss: 0.6793 - val_categorical_accuracy: 0.7615 - lr: 1.0000e-04 - 106s/epoch - 26ms/step
Epoch 23/100
4003/4003 - 105s - loss: 0.6838 - categorical_accuracy: 0.7602 - val_loss: 0.6837 - val_categorical_accuracy: 0.7592 - lr: 1.0000e-04 - 105s/epoch - 26ms/step
Epoch 24/100
4003/4003 - 106s - loss: 0.6821 - categorical_accuracy: 0.7603 - val_loss: 0.6830 - val_categorical_accuracy: 0.7591 - lr: 1.0000e-04 - 106s/epoch - 26ms/step
Epoch 25/100
4003/4003 - 106s - loss: 0.6804 - categorical_accuracy: 0.7612 - val_loss: 0.6861 - val_categorical_accuracy: 0.7581 - lr: 1.0000e-04 - 106s/epoch - 26ms/step
Epoch 26/100
4003/4003 - 106s - loss: 0.6799 - categorical_accuracy: 0.7616 - val_loss: 0.6793 - val_categorical_accuracy: 0.7611 - lr: 1.0000e-04 - 106s/epoch - 26ms/step
Epoch 27/100
4003/4003 - 106s - loss: 0.6786 - categorical_accuracy: 0.7617 - val_loss: 0.6741 - val_categorical_accuracy: 0.7623 - lr: 1.0000e-04 - 106s/epoch - 26ms/step
Epoch 28/100
4003/4003 - 105s - loss: 0.6768 - categorical_accuracy: 0.7624 - val_loss: 0.6854 - val_categorical_accuracy: 0.7581 - lr: 1.0000e-04 - 105s/epoch - 26ms/step
Epoch 29/100
4003/4003 - 106s - loss: 0.6761 - categorical_accuracy: 0.7626 - val_loss: 0.6739 - val_categorical_accuracy: 0.7634 - lr: 1.0000e-04 - 106s/epoch - 26ms/step
Epoch 30/100
4003/4003 - 106s - loss: 0.6750 - categorical_accuracy: 0.7633 - val_loss: 0.6815 - val_categorical_accuracy: 0.7597 - lr: 1.0000e-04 - 106s/epoch - 26ms/step
Epoch 31/100
4003/4003 - 105s - loss: 0.6741 - categorical_accuracy: 0.7637 - val_loss: 0.6757 - val_categorical_accuracy: 0.7623 - lr: 1.0000e-04 - 105s/epoch - 26ms/step
Epoch 32/100
4003/4003 - 106s - loss: 0.6727 - categorical_accuracy: 0.7642 - val_loss: 0.6729 - val_categorical_accuracy: 0.7640 - lr: 1.0000e-04 - 106s/epoch - 26ms/step
Epoch 33/100
4003/4003 - 105s - loss: 0.6720 - categorical_accuracy: 0.7647 - val_loss: 0.6686 - val_categorical_accuracy: 0.7648 - lr: 1.0000e-04 - 105s/epoch - 26ms/step
Epoch 34/100
4003/4003 - 105s - loss: 0.6711 - categorical_accuracy: 0.7649 - val_loss: 0.6787 - val_categorical_accuracy: 0.7607 - lr: 1.0000e-04 - 105s/epoch - 26ms/step
Epoch 35/100
4003/4003 - 106s - loss: 0.6701 - categorical_accuracy: 0.7653 - val_loss: 0.6701 - val_categorical_accuracy: 0.7642 - lr: 1.0000e-04 - 106s/epoch - 26ms/step
Epoch 36/100
4003/4003 - 105s - loss: 0.6698 - categorical_accuracy: 0.7654 - val_loss: 0.6715 - val_categorical_accuracy: 0.7632 - lr: 1.0000e-04 - 105s/epoch - 26ms/step
Epoch 37/100
4003/4003 - 105s - loss: 0.6682 - categorical_accuracy: 0.7658 - val_loss: 0.6719 - val_categorical_accuracy: 0.7652 - lr: 1.0000e-04 - 105s/epoch - 26ms/step
Epoch 38/100
4003/4003 - 106s - loss: 0.6675 - categorical_accuracy: 0.7663 - val_loss: 0.6708 - val_categorical_accuracy: 0.7646 - lr: 1.0000e-04 - 106s/epoch - 26ms/step
Epoch 39/100
4003/4003 - 105s - loss: 0.6671 - categorical_accuracy: 0.7660 - val_loss: 0.6679 - val_categorical_accuracy: 0.7658 - lr: 1.0000e-04 - 105s/epoch - 26ms/step
Epoch 40/100
4003/4003 - 105s - loss: 0.6659 - categorical_accuracy: 0.7669 - val_loss: 0.6702 - val_categorical_accuracy: 0.7641 - lr: 1.0000e-04 - 105s/epoch - 26ms/step
Epoch 41/100
4003/4003 - 106s - loss: 0.6654 - categorical_accuracy: 0.7672 - val_loss: 0.6647 - val_categorical_accuracy: 0.7670 - lr: 1.0000e-04 - 106s/epoch - 26ms/step
Epoch 42/100
4003/4003 - 105s - loss: 0.6653 - categorical_accuracy: 0.7670 - val_loss: 0.6785 - val_categorical_accuracy: 0.7600 - lr: 1.0000e-04 - 105s/epoch - 26ms/step
Epoch 43/100
4003/4003 - 105s - loss: 0.6643 - categorical_accuracy: 0.7678 - val_loss: 0.6693 - val_categorical_accuracy: 0.7648 - lr: 1.0000e-04 - 105s/epoch - 26ms/step
Epoch 44/100
4003/4003 - 106s - loss: 0.6639 - categorical_accuracy: 0.7676 - val_loss: 0.6619 - val_categorical_accuracy: 0.7674 - lr: 1.0000e-04 - 106s/epoch - 26ms/step
Epoch 45/100
4003/4003 - 105s - loss: 0.6631 - categorical_accuracy: 0.7678 - val_loss: 0.6759 - val_categorical_accuracy: 0.7626 - lr: 1.0000e-04 - 105s/epoch - 26ms/step
Epoch 46/100
4003/4003 - 105s - loss: 0.6626 - categorical_accuracy: 0.7679 - val_loss: 0.6615 - val_categorical_accuracy: 0.7682 - lr: 1.0000e-04 - 105s/epoch - 26ms/step
Epoch 47/100
4003/4003 - 105s - loss: 0.6619 - categorical_accuracy: 0.7686 - val_loss: 0.6614 - val_categorical_accuracy: 0.7683 - lr: 1.0000e-04 - 105s/epoch - 26ms/step
Epoch 48/100
4003/4003 - 105s - loss: 0.6615 - categorical_accuracy: 0.7684 - val_loss: 0.6691 - val_categorical_accuracy: 0.7644 - lr: 1.0000e-04 - 105s/epoch - 26ms/step
Epoch 49/100
4003/4003 - 106s - loss: 0.6607 - categorical_accuracy: 0.7689 - val_loss: 0.6677 - val_categorical_accuracy: 0.7657 - lr: 1.0000e-04 - 106s/epoch - 26ms/step
Epoch 50/100
4003/4003 - 105s - loss: 0.6606 - categorical_accuracy: 0.7684 - val_loss: 0.6677 - val_categorical_accuracy: 0.7646 - lr: 1.0000e-04 - 105s/epoch - 26ms/step
Epoch 51/100
4003/4003 - 105s - loss: 0.6596 - categorical_accuracy: 0.7692 - val_loss: 0.6606 - val_categorical_accuracy: 0.7677 - lr: 1.0000e-04 - 105s/epoch - 26ms/step
Epoch 52/100
4003/4003 - 105s - loss: 0.6591 - categorical_accuracy: 0.7693 - val_loss: 0.6607 - val_categorical_accuracy: 0.7680 - lr: 1.0000e-04 - 105s/epoch - 26ms/step
Epoch 53/100
4003/4003 - 105s - loss: 0.6590 - categorical_accuracy: 0.7695 - val_loss: 0.6813 - val_categorical_accuracy: 0.7595 - lr: 1.0000e-04 - 105s/epoch - 26ms/step
Epoch 54/100
4003/4003 - 105s - loss: 0.6582 - categorical_accuracy: 0.7698 - val_loss: 0.6647 - val_categorical_accuracy: 0.7669 - lr: 1.0000e-04 - 105s/epoch - 26ms/step
Epoch 55/100
4003/4003 - 106s - loss: 0.6578 - categorical_accuracy: 0.7700 - val_loss: 0.6618 - val_categorical_accuracy: 0.7680 - lr: 1.0000e-04 - 106s/epoch - 26ms/step
Epoch 56/100
4003/4003 - 105s - loss: 0.6577 - categorical_accuracy: 0.7700 - val_loss: 0.6582 - val_categorical_accuracy: 0.7691 - lr: 1.0000e-04 - 105s/epoch - 26ms/step
Epoch 57/100
4003/4003 - 105s - loss: 0.6570 - categorical_accuracy: 0.7704 - val_loss: 0.6662 - val_categorical_accuracy: 0.7657 - lr: 1.0000e-04 - 105s/epoch - 26ms/step
Epoch 58/100
4003/4003 - 105s - loss: 0.6569 - categorical_accuracy: 0.7704 - val_loss: 0.6627 - val_categorical_accuracy: 0.7672 - lr: 1.0000e-04 - 105s/epoch - 26ms/step
Epoch 59/100
4003/4003 - 105s - loss: 0.6560 - categorical_accuracy: 0.7708 - val_loss: 0.6545 - val_categorical_accuracy: 0.7701 - lr: 1.0000e-04 - 105s/epoch - 26ms/step
Epoch 60/100
4003/4003 - 105s - loss: 0.6558 - categorical_accuracy: 0.7707 - val_loss: 0.6641 - val_categorical_accuracy: 0.7661 - lr: 1.0000e-04 - 105s/epoch - 26ms/step
Epoch 61/100
4003/4003 - 106s - loss: 0.6557 - categorical_accuracy: 0.7711 - val_loss: 0.6626 - val_categorical_accuracy: 0.7676 - lr: 1.0000e-04 - 106s/epoch - 26ms/step
Epoch 62/100
4003/4003 - 105s - loss: 0.6549 - categorical_accuracy: 0.7711 - val_loss: 0.6586 - val_categorical_accuracy: 0.7689 - lr: 1.0000e-04 - 105s/epoch - 26ms/step
Epoch 63/100
4003/4003 - 105s - loss: 0.6544 - categorical_accuracy: 0.7716 - val_loss: 0.6577 - val_categorical_accuracy: 0.7692 - lr: 1.0000e-04 - 105s/epoch - 26ms/step
Epoch 64/100
4003/4003 - 106s - loss: 0.6542 - categorical_accuracy: 0.7710 - val_loss: 0.6612 - val_categorical_accuracy: 0.7677 - lr: 1.0000e-04 - 106s/epoch - 26ms/step
Epoch 65/100
4003/4003 - 105s - loss: 0.6542 - categorical_accuracy: 0.7713 - val_loss: 0.6556 - val_categorical_accuracy: 0.7697 - lr: 1.0000e-04 - 105s/epoch - 26ms/step
Epoch 66/100
4003/4003 - 106s - loss: 0.6540 - categorical_accuracy: 0.7712 - val_loss: 0.6536 - val_categorical_accuracy: 0.7711 - lr: 1.0000e-04 - 106s/epoch - 27ms/step
Epoch 67/100
4003/4003 - 105s - loss: 0.6534 - categorical_accuracy: 0.7714 - val_loss: 0.6681 - val_categorical_accuracy: 0.7646 - lr: 1.0000e-04 - 105s/epoch - 26ms/step
Epoch 68/100
4003/4003 - 105s - loss: 0.6535 - categorical_accuracy: 0.7715 - val_loss: 0.6560 - val_categorical_accuracy: 0.7707 - lr: 1.0000e-04 - 105s/epoch - 26ms/step
Epoch 69/100
4003/4003 - 106s - loss: 0.6524 - categorical_accuracy: 0.7719 - val_loss: 0.6665 - val_categorical_accuracy: 0.7661 - lr: 1.0000e-04 - 106s/epoch - 26ms/step
Epoch 70/100
4003/4003 - 105s - loss: 0.6526 - categorical_accuracy: 0.7714 - val_loss: 0.6695 - val_categorical_accuracy: 0.7646 - lr: 1.0000e-04 - 105s/epoch - 26ms/step
Epoch 71/100
4003/4003 - 105s - loss: 0.6520 - categorical_accuracy: 0.7720 - val_loss: 0.6549 - val_categorical_accuracy: 0.7703 - lr: 1.0000e-04 - 105s/epoch - 26ms/step
Epoch 72/100
4003/4003 - 105s - loss: 0.6520 - categorical_accuracy: 0.7721 - val_loss: 0.6585 - val_categorical_accuracy: 0.7680 - lr: 1.0000e-04 - 105s/epoch - 26ms/step
Epoch 73/100
4003/4003 - 105s - loss: 0.6516 - categorical_accuracy: 0.7718 - val_loss: 0.6578 - val_categorical_accuracy: 0.7694 - lr: 1.0000e-04 - 105s/epoch - 26ms/step
Epoch 74/100
4003/4003 - 106s - loss: 0.6516 - categorical_accuracy: 0.7722 - val_loss: 0.6558 - val_categorical_accuracy: 0.7697 - lr: 1.0000e-04 - 106s/epoch - 26ms/step
Epoch 75/100
4003/4003 - 105s - loss: 0.6513 - categorical_accuracy: 0.7721 - val_loss: 0.6542 - val_categorical_accuracy: 0.7704 - lr: 1.0000e-04 - 105s/epoch - 26ms/step
Epoch 76/100
4003/4003 - 106s - loss: 0.6510 - categorical_accuracy: 0.7722 - val_loss: 0.6521 - val_categorical_accuracy: 0.7715 - lr: 1.0000e-04 - 106s/epoch - 26ms/step
Epoch 77/100
4003/4003 - 105s - loss: 0.6508 - categorical_accuracy: 0.7727 - val_loss: 0.6538 - val_categorical_accuracy: 0.7711 - lr: 1.0000e-04 - 105s/epoch - 26ms/step
Epoch 78/100
4003/4003 - 106s - loss: 0.6500 - categorical_accuracy: 0.7728 - val_loss: 0.6559 - val_categorical_accuracy: 0.7697 - lr: 1.0000e-04 - 106s/epoch - 26ms/step
Epoch 79/100
4003/4003 - 105s - loss: 0.6498 - categorical_accuracy: 0.7726 - val_loss: 0.6571 - val_categorical_accuracy: 0.7696 - lr: 1.0000e-04 - 105s/epoch - 26ms/step
Epoch 80/100
4003/4003 - 105s - loss: 0.6500 - categorical_accuracy: 0.7725 - val_loss: 0.6521 - val_categorical_accuracy: 0.7716 - lr: 1.0000e-04 - 105s/epoch - 26ms/step
Epoch 81/100
4003/4003 - 105s - loss: 0.6497 - categorical_accuracy: 0.7730 - val_loss: 0.6538 - val_categorical_accuracy: 0.7703 - lr: 1.0000e-04 - 105s/epoch - 26ms/step
Epoch 82/100
4003/4003 - 105s - loss: 0.6491 - categorical_accuracy: 0.7733 - val_loss: 0.6555 - val_categorical_accuracy: 0.7708 - lr: 1.0000e-04 - 105s/epoch - 26ms/step
Epoch 83/100
4003/4003 - 105s - loss: 0.6489 - categorical_accuracy: 0.7730 - val_loss: 0.6529 - val_categorical_accuracy: 0.7711 - lr: 1.0000e-04 - 105s/epoch - 26ms/step
Epoch 84/100
4003/4003 - 105s - loss: 0.6490 - categorical_accuracy: 0.7731 - val_loss: 0.6537 - val_categorical_accuracy: 0.7704 - lr: 1.0000e-04 - 105s/epoch - 26ms/step
Epoch 85/100
4003/4003 - 105s - loss: 0.6485 - categorical_accuracy: 0.7730 - val_loss: 0.6502 - val_categorical_accuracy: 0.7725 - lr: 1.0000e-04 - 105s/epoch - 26ms/step
Epoch 86/100
4003/4003 - 106s - loss: 0.6485 - categorical_accuracy: 0.7731 - val_loss: 0.6508 - val_categorical_accuracy: 0.7715 - lr: 1.0000e-04 - 106s/epoch - 26ms/step
Epoch 87/100
4003/4003 - 105s - loss: 0.6484 - categorical_accuracy: 0.7731 - val_loss: 0.6515 - val_categorical_accuracy: 0.7715 - lr: 1.0000e-04 - 105s/epoch - 26ms/step
Epoch 88/100
4003/4003 - 105s - loss: 0.6482 - categorical_accuracy: 0.7733 - val_loss: 0.6526 - val_categorical_accuracy: 0.7709 - lr: 1.0000e-04 - 105s/epoch - 26ms/step
Epoch 89/100
4003/4003 - 106s - loss: 0.6478 - categorical_accuracy: 0.7733 - val_loss: 0.6527 - val_categorical_accuracy: 0.7712 - lr: 1.0000e-04 - 106s/epoch - 26ms/step
Epoch 90/100
4003/4003 - 105s - loss: 0.6477 - categorical_accuracy: 0.7735 - val_loss: 0.6534 - val_categorical_accuracy: 0.7712 - lr: 1.0000e-04 - 105s/epoch - 26ms/step
Epoch 91/100
4003/4003 - 105s - loss: 0.6474 - categorical_accuracy: 0.7740 - val_loss: 0.6580 - val_categorical_accuracy: 0.7689 - lr: 1.0000e-04 - 105s/epoch - 26ms/step
Epoch 92/100
4003/4003 - 106s - loss: 0.6470 - categorical_accuracy: 0.7738 - val_loss: 0.6545 - val_categorical_accuracy: 0.7703 - lr: 1.0000e-04 - 106s/epoch - 26ms/step
Epoch 93/100
4003/4003 - 105s - loss: 0.6471 - categorical_accuracy: 0.7735 - val_loss: 0.6554 - val_categorical_accuracy: 0.7705 - lr: 1.0000e-04 - 105s/epoch - 26ms/step
Epoch 94/100
4003/4003 - 105s - loss: 0.6465 - categorical_accuracy: 0.7738 - val_loss: 0.6545 - val_categorical_accuracy: 0.7703 - lr: 1.0000e-04 - 105s/epoch - 26ms/step
Epoch 95/100
4003/4003 - 105s - loss: 0.6465 - categorical_accuracy: 0.7741 - val_loss: 0.6499 - val_categorical_accuracy: 0.7725 - lr: 1.0000e-04 - 105s/epoch - 26ms/step
Epoch 96/100
4003/4003 - 105s - loss: 0.6463 - categorical_accuracy: 0.7744 - val_loss: 0.6513 - val_categorical_accuracy: 0.7711 - lr: 1.0000e-04 - 105s/epoch - 26ms/step
Epoch 97/100
4003/4003 - 105s - loss: 0.6461 - categorical_accuracy: 0.7741 - val_loss: 0.6490 - val_categorical_accuracy: 0.7726 - lr: 1.0000e-04 - 105s/epoch - 26ms/step
Epoch 98/100
4003/4003 - 106s - loss: 0.6461 - categorical_accuracy: 0.7741 - val_loss: 0.6629 - val_categorical_accuracy: 0.7661 - lr: 1.0000e-04 - 106s/epoch - 26ms/step
Epoch 99/100
4003/4003 - 105s - loss: 0.6456 - categorical_accuracy: 0.7746 - val_loss: 0.6505 - val_categorical_accuracy: 0.7723 - lr: 1.0000e-04 - 105s/epoch - 26ms/step
Epoch 100/100
4003/4003 - 105s - loss: 0.6457 - categorical_accuracy: 0.7741 - val_loss: 0.6515 - val_categorical_accuracy: 0.7720 - lr: 1.0000e-04 - 105s/epoch - 26ms/step
[92m
Saved model to: [0m trained_intnets/jedinet_exploration_5
Loss vs epochs plot saved to trained_intnets/jedinet_exploration_5.
Accuracy vs epochs plot saved to trained_intnets/jedinet_exploration_5.
[92m
Plots done! 📊[0m
