[96m
GPU: NVIDIA GeForce GTX 1080 Ti[0m
[92mSaved hyperparameters to json file.[0m
[95m
DATA DEETS[0m
[95m-----------[0m
data_folder: /work/deodagiu/ki_data/intnet_input
norm: robust
train_events: -1
test_events: 0
pt_min: 2.0
nconstituents: 16
feature_selection: jedinet

----------------
[92mData loading complete:[0m
Training data size: 5.72e+05
Test data size: 0.00e+00
----------------

Shuffling constituents...
[92mShuffled the training data! 🃏
[0m
Instantiating model with the hyperparameters:
effects_nnodes: 75
dynamic_nnodes: 50
abstrac_nnodes: 50
effects_activ: relu
dynamic_activ: relu
abstrac_activ: relu
neffects: 35
ndynamics: 20
l2: 0.001
summation: True
[92mModel compiled and built![0m
Model: "dens_intnet"
_________________________________________________________________
 Layer (type)                Output Shape              Param #   
=================================================================
 relational_model (EffectsML  multiple                 16535     
 P)                                                              
                                                                 
 object_model (DynamicsMLP)  multiple                  6935      
                                                                 
 classifier_model (AbstractM  multiple                 4605      
 LP)                                                             
                                                                 
=================================================================
Total params: 28,075
Trainable params: 28,075
Non-trainable params: 0
_________________________________________________________________
[95m

TRAINING THE MODEL 💪[0m

Training parameters
-------------------
[92mOptimiser: 	[0m {'name': 'Adam', 'learning_rate': 0.001, 'decay': 0.0, 'beta_1': 0.9, 'beta_2': 0.999, 'epsilon': 1e-07, 'amsgrad': False}
[92mBatch size: 	[0m 100
[92mLearning rate: 	[0m 0.001
[92mTraining epochs:[0m 100
[92mLoss: 		[0m <keras.losses.CategoricalCrossentropy object at 0x7ff270366aa0>

Model: "dens_intnet"
_________________________________________________________________
 Layer (type)                Output Shape              Param #   
=================================================================
 relational_model (EffectsML  multiple                 16535     
 P)                                                              
                                                                 
 object_model (DynamicsMLP)  multiple                  6935      
                                                                 
 classifier_model (AbstractM  multiple                 4605      
 LP)                                                             
                                                                 
=================================================================
Total params: 28,075
Trainable params: 28,075
Non-trainable params: 0
_________________________________________________________________
Epoch 1/100
4003/4003 - 97s - loss: 0.9455 - categorical_accuracy: 0.6994 - val_loss: 0.7971 - val_categorical_accuracy: 0.7449 - lr: 0.0010 - 97s/epoch - 24ms/step
Epoch 2/100
4003/4003 - 94s - loss: 0.7829 - categorical_accuracy: 0.7445 - val_loss: 0.7538 - val_categorical_accuracy: 0.7511 - lr: 0.0010 - 94s/epoch - 23ms/step
Epoch 3/100
4003/4003 - 93s - loss: 0.7512 - categorical_accuracy: 0.7492 - val_loss: 0.7333 - val_categorical_accuracy: 0.7530 - lr: 0.0010 - 93s/epoch - 23ms/step
Epoch 4/100
4003/4003 - 93s - loss: 0.7337 - categorical_accuracy: 0.7527 - val_loss: 0.7228 - val_categorical_accuracy: 0.7552 - lr: 0.0010 - 93s/epoch - 23ms/step
Epoch 5/100
4003/4003 - 92s - loss: 0.7207 - categorical_accuracy: 0.7561 - val_loss: 0.7061 - val_categorical_accuracy: 0.7603 - lr: 0.0010 - 92s/epoch - 23ms/step
Epoch 6/100
4003/4003 - 93s - loss: 0.7105 - categorical_accuracy: 0.7586 - val_loss: 0.7010 - val_categorical_accuracy: 0.7609 - lr: 0.0010 - 93s/epoch - 23ms/step
Epoch 7/100
4003/4003 - 92s - loss: 0.7034 - categorical_accuracy: 0.7598 - val_loss: 0.7220 - val_categorical_accuracy: 0.7514 - lr: 0.0010 - 92s/epoch - 23ms/step
Epoch 8/100
4003/4003 - 93s - loss: 0.6964 - categorical_accuracy: 0.7620 - val_loss: 0.6986 - val_categorical_accuracy: 0.7596 - lr: 0.0010 - 93s/epoch - 23ms/step
Epoch 9/100
4003/4003 - 93s - loss: 0.6902 - categorical_accuracy: 0.7639 - val_loss: 0.6827 - val_categorical_accuracy: 0.7646 - lr: 0.0010 - 93s/epoch - 23ms/step
Epoch 10/100
4003/4003 - 93s - loss: 0.6849 - categorical_accuracy: 0.7648 - val_loss: 0.6826 - val_categorical_accuracy: 0.7647 - lr: 0.0010 - 93s/epoch - 23ms/step
Epoch 11/100
4003/4003 - 93s - loss: 0.6804 - categorical_accuracy: 0.7663 - val_loss: 0.6775 - val_categorical_accuracy: 0.7666 - lr: 0.0010 - 93s/epoch - 23ms/step
Epoch 12/100
4003/4003 - 93s - loss: 0.6756 - categorical_accuracy: 0.7680 - val_loss: 0.6830 - val_categorical_accuracy: 0.7662 - lr: 0.0010 - 93s/epoch - 23ms/step
Epoch 13/100
4003/4003 - 93s - loss: 0.6727 - categorical_accuracy: 0.7691 - val_loss: 0.6726 - val_categorical_accuracy: 0.7694 - lr: 0.0010 - 93s/epoch - 23ms/step
Epoch 14/100
4003/4003 - 93s - loss: 0.6695 - categorical_accuracy: 0.7693 - val_loss: 0.6597 - val_categorical_accuracy: 0.7722 - lr: 0.0010 - 93s/epoch - 23ms/step
Epoch 15/100
4003/4003 - 93s - loss: 0.6665 - categorical_accuracy: 0.7706 - val_loss: 0.6672 - val_categorical_accuracy: 0.7702 - lr: 0.0010 - 93s/epoch - 23ms/step
Epoch 16/100
4003/4003 - 93s - loss: 0.6642 - categorical_accuracy: 0.7713 - val_loss: 0.6598 - val_categorical_accuracy: 0.7722 - lr: 0.0010 - 93s/epoch - 23ms/step
Epoch 17/100
4003/4003 - 93s - loss: 0.6616 - categorical_accuracy: 0.7718 - val_loss: 0.6648 - val_categorical_accuracy: 0.7692 - lr: 0.0010 - 93s/epoch - 23ms/step
Epoch 18/100
4003/4003 - 93s - loss: 0.6589 - categorical_accuracy: 0.7724 - val_loss: 0.6739 - val_categorical_accuracy: 0.7663 - lr: 0.0010 - 93s/epoch - 23ms/step
Epoch 19/100
4003/4003 - 93s - loss: 0.6558 - categorical_accuracy: 0.7728 - val_loss: 0.6746 - val_categorical_accuracy: 0.7630 - lr: 0.0010 - 93s/epoch - 23ms/step
Epoch 20/100
4003/4003 - 93s - loss: 0.6526 - categorical_accuracy: 0.7737 - val_loss: 0.6528 - val_categorical_accuracy: 0.7737 - lr: 0.0010 - 93s/epoch - 23ms/step
Epoch 21/100
4003/4003 - 93s - loss: 0.6502 - categorical_accuracy: 0.7744 - val_loss: 0.6551 - val_categorical_accuracy: 0.7716 - lr: 0.0010 - 93s/epoch - 23ms/step
Epoch 22/100
4003/4003 - 92s - loss: 0.6478 - categorical_accuracy: 0.7749 - val_loss: 0.6456 - val_categorical_accuracy: 0.7747 - lr: 0.0010 - 92s/epoch - 23ms/step
Epoch 23/100
4003/4003 - 93s - loss: 0.6465 - categorical_accuracy: 0.7747 - val_loss: 0.6623 - val_categorical_accuracy: 0.7683 - lr: 0.0010 - 93s/epoch - 23ms/step
Epoch 24/100
4003/4003 - 93s - loss: 0.6451 - categorical_accuracy: 0.7750 - val_loss: 0.6644 - val_categorical_accuracy: 0.7672 - lr: 0.0010 - 93s/epoch - 23ms/step
Epoch 25/100
4003/4003 - 93s - loss: 0.6437 - categorical_accuracy: 0.7761 - val_loss: 0.6609 - val_categorical_accuracy: 0.7679 - lr: 0.0010 - 93s/epoch - 23ms/step
Epoch 26/100
4003/4003 - 93s - loss: 0.6433 - categorical_accuracy: 0.7761 - val_loss: 0.6555 - val_categorical_accuracy: 0.7697 - lr: 0.0010 - 93s/epoch - 23ms/step
Epoch 27/100
4003/4003 - 93s - loss: 0.6424 - categorical_accuracy: 0.7768 - val_loss: 0.6453 - val_categorical_accuracy: 0.7743 - lr: 0.0010 - 93s/epoch - 23ms/step
Epoch 28/100
4003/4003 - 93s - loss: 0.6409 - categorical_accuracy: 0.7766 - val_loss: 0.6568 - val_categorical_accuracy: 0.7685 - lr: 0.0010 - 93s/epoch - 23ms/step
Epoch 29/100
4003/4003 - 93s - loss: 0.6410 - categorical_accuracy: 0.7767 - val_loss: 0.6417 - val_categorical_accuracy: 0.7753 - lr: 0.0010 - 93s/epoch - 23ms/step
Epoch 30/100
4003/4003 - 94s - loss: 0.6398 - categorical_accuracy: 0.7776 - val_loss: 0.6433 - val_categorical_accuracy: 0.7757 - lr: 0.0010 - 94s/epoch - 23ms/step
Epoch 31/100
4003/4003 - 93s - loss: 0.6394 - categorical_accuracy: 0.7776 - val_loss: 0.6488 - val_categorical_accuracy: 0.7735 - lr: 0.0010 - 93s/epoch - 23ms/step
Epoch 32/100
4003/4003 - 93s - loss: 0.6387 - categorical_accuracy: 0.7776 - val_loss: 0.6444 - val_categorical_accuracy: 0.7757 - lr: 0.0010 - 93s/epoch - 23ms/step
Epoch 33/100
4003/4003 - 94s - loss: 0.6374 - categorical_accuracy: 0.7782 - val_loss: 0.6400 - val_categorical_accuracy: 0.7765 - lr: 0.0010 - 94s/epoch - 23ms/step
Epoch 34/100
4003/4003 - 93s - loss: 0.6376 - categorical_accuracy: 0.7783 - val_loss: 0.6466 - val_categorical_accuracy: 0.7740 - lr: 0.0010 - 93s/epoch - 23ms/step
Epoch 35/100
4003/4003 - 93s - loss: 0.6364 - categorical_accuracy: 0.7781 - val_loss: 0.6391 - val_categorical_accuracy: 0.7759 - lr: 0.0010 - 93s/epoch - 23ms/step
Epoch 36/100
4003/4003 - 93s - loss: 0.6361 - categorical_accuracy: 0.7788 - val_loss: 0.6558 - val_categorical_accuracy: 0.7702 - lr: 0.0010 - 93s/epoch - 23ms/step
Epoch 37/100
4003/4003 - 94s - loss: 0.6351 - categorical_accuracy: 0.7790 - val_loss: 0.6500 - val_categorical_accuracy: 0.7734 - lr: 0.0010 - 94s/epoch - 23ms/step
Epoch 38/100
4003/4003 - 93s - loss: 0.6354 - categorical_accuracy: 0.7786 - val_loss: 0.6461 - val_categorical_accuracy: 0.7751 - lr: 0.0010 - 93s/epoch - 23ms/step
Epoch 39/100
4003/4003 - 93s - loss: 0.6344 - categorical_accuracy: 0.7793 - val_loss: 0.6410 - val_categorical_accuracy: 0.7769 - lr: 0.0010 - 93s/epoch - 23ms/step
Epoch 40/100
4003/4003 - 94s - loss: 0.6337 - categorical_accuracy: 0.7796 - val_loss: 0.6410 - val_categorical_accuracy: 0.7765 - lr: 0.0010 - 94s/epoch - 23ms/step
Epoch 41/100
4003/4003 - 94s - loss: 0.6334 - categorical_accuracy: 0.7797 - val_loss: 0.6376 - val_categorical_accuracy: 0.7778 - lr: 0.0010 - 94s/epoch - 23ms/step
Epoch 42/100
4003/4003 - 93s - loss: 0.6330 - categorical_accuracy: 0.7794 - val_loss: 0.6448 - val_categorical_accuracy: 0.7741 - lr: 0.0010 - 93s/epoch - 23ms/step
Epoch 43/100
4003/4003 - 94s - loss: 0.6322 - categorical_accuracy: 0.7802 - val_loss: 0.6419 - val_categorical_accuracy: 0.7752 - lr: 0.0010 - 94s/epoch - 23ms/step
Epoch 44/100
4003/4003 - 93s - loss: 0.6325 - categorical_accuracy: 0.7802 - val_loss: 0.6367 - val_categorical_accuracy: 0.7779 - lr: 0.0010 - 93s/epoch - 23ms/step
Epoch 45/100
4003/4003 - 93s - loss: 0.6321 - categorical_accuracy: 0.7801 - val_loss: 0.6442 - val_categorical_accuracy: 0.7758 - lr: 0.0010 - 93s/epoch - 23ms/step
Epoch 46/100
4003/4003 - 94s - loss: 0.6318 - categorical_accuracy: 0.7806 - val_loss: 0.6436 - val_categorical_accuracy: 0.7745 - lr: 0.0010 - 94s/epoch - 23ms/step
Epoch 47/100
4003/4003 - 93s - loss: 0.6313 - categorical_accuracy: 0.7803 - val_loss: 0.6416 - val_categorical_accuracy: 0.7761 - lr: 0.0010 - 93s/epoch - 23ms/step
Epoch 48/100
4003/4003 - 94s - loss: 0.6314 - categorical_accuracy: 0.7800 - val_loss: 0.6493 - val_categorical_accuracy: 0.7728 - lr: 0.0010 - 94s/epoch - 23ms/step
Epoch 49/100
4003/4003 - 94s - loss: 0.6308 - categorical_accuracy: 0.7799 - val_loss: 0.6529 - val_categorical_accuracy: 0.7706 - lr: 0.0010 - 94s/epoch - 24ms/step
Epoch 50/100
4003/4003 - 93s - loss: 0.6309 - categorical_accuracy: 0.7799 - val_loss: 0.6390 - val_categorical_accuracy: 0.7772 - lr: 0.0010 - 93s/epoch - 23ms/step
Epoch 51/100
4003/4003 - 93s - loss: 0.6303 - categorical_accuracy: 0.7810 - val_loss: 0.6407 - val_categorical_accuracy: 0.7770 - lr: 0.0010 - 93s/epoch - 23ms/step
Epoch 52/100
4003/4003 - 93s - loss: 0.6298 - categorical_accuracy: 0.7811 - val_loss: 0.6389 - val_categorical_accuracy: 0.7765 - lr: 0.0010 - 93s/epoch - 23ms/step
Epoch 53/100
4003/4003 - 94s - loss: 0.6299 - categorical_accuracy: 0.7810 - val_loss: 0.6571 - val_categorical_accuracy: 0.7698 - lr: 0.0010 - 94s/epoch - 23ms/step
Epoch 54/100
4003/4003 - 93s - loss: 0.6291 - categorical_accuracy: 0.7807 - val_loss: 0.6428 - val_categorical_accuracy: 0.7747 - lr: 0.0010 - 93s/epoch - 23ms/step
Epoch 55/100
4003/4003 - 94s - loss: 0.6292 - categorical_accuracy: 0.7809 - val_loss: 0.6441 - val_categorical_accuracy: 0.7745 - lr: 0.0010 - 94s/epoch - 23ms/step
Epoch 56/100
4003/4003 - 94s - loss: 0.6294 - categorical_accuracy: 0.7810 - val_loss: 0.6327 - val_categorical_accuracy: 0.7794 - lr: 0.0010 - 94s/epoch - 23ms/step
Epoch 57/100
4003/4003 - 93s - loss: 0.6285 - categorical_accuracy: 0.7816 - val_loss: 0.6341 - val_categorical_accuracy: 0.7789 - lr: 0.0010 - 93s/epoch - 23ms/step
Epoch 58/100
4003/4003 - 93s - loss: 0.6281 - categorical_accuracy: 0.7812 - val_loss: 0.6388 - val_categorical_accuracy: 0.7768 - lr: 0.0010 - 93s/epoch - 23ms/step
Epoch 59/100
4003/4003 - 94s - loss: 0.6283 - categorical_accuracy: 0.7814 - val_loss: 0.6362 - val_categorical_accuracy: 0.7782 - lr: 0.0010 - 94s/epoch - 23ms/step
Epoch 60/100
4003/4003 - 93s - loss: 0.6283 - categorical_accuracy: 0.7816 - val_loss: 0.6496 - val_categorical_accuracy: 0.7727 - lr: 0.0010 - 93s/epoch - 23ms/step
Epoch 61/100
4003/4003 - 94s - loss: 0.6280 - categorical_accuracy: 0.7815 - val_loss: 0.6379 - val_categorical_accuracy: 0.7785 - lr: 0.0010 - 94s/epoch - 23ms/step
Epoch 62/100
4003/4003 - 94s - loss: 0.6275 - categorical_accuracy: 0.7817 - val_loss: 0.6426 - val_categorical_accuracy: 0.7758 - lr: 0.0010 - 94s/epoch - 23ms/step
Epoch 63/100
4003/4003 - 93s - loss: 0.6278 - categorical_accuracy: 0.7815 - val_loss: 0.6377 - val_categorical_accuracy: 0.7777 - lr: 0.0010 - 93s/epoch - 23ms/step
Epoch 64/100
4003/4003 - 93s - loss: 0.6271 - categorical_accuracy: 0.7819 - val_loss: 0.6423 - val_categorical_accuracy: 0.7761 - lr: 0.0010 - 93s/epoch - 23ms/step
Epoch 65/100
4003/4003 - 94s - loss: 0.6271 - categorical_accuracy: 0.7817 - val_loss: 0.6489 - val_categorical_accuracy: 0.7726 - lr: 0.0010 - 94s/epoch - 24ms/step
Epoch 66/100
4003/4003 - 93s - loss: 0.6271 - categorical_accuracy: 0.7820 - val_loss: 0.6322 - val_categorical_accuracy: 0.7798 - lr: 0.0010 - 93s/epoch - 23ms/step
Epoch 67/100
4003/4003 - 93s - loss: 0.6270 - categorical_accuracy: 0.7817 - val_loss: 0.6494 - val_categorical_accuracy: 0.7725 - lr: 0.0010 - 93s/epoch - 23ms/step
Epoch 68/100
4003/4003 - 93s - loss: 0.6268 - categorical_accuracy: 0.7820 - val_loss: 0.6368 - val_categorical_accuracy: 0.7783 - lr: 0.0010 - 93s/epoch - 23ms/step
Epoch 69/100
4003/4003 - 94s - loss: 0.6260 - categorical_accuracy: 0.7823 - val_loss: 0.6662 - val_categorical_accuracy: 0.7653 - lr: 0.0010 - 94s/epoch - 23ms/step
Epoch 70/100
4003/4003 - 93s - loss: 0.6265 - categorical_accuracy: 0.7821 - val_loss: 0.6453 - val_categorical_accuracy: 0.7734 - lr: 0.0010 - 93s/epoch - 23ms/step
Epoch 71/100
4003/4003 - 93s - loss: 0.6259 - categorical_accuracy: 0.7823 - val_loss: 0.6470 - val_categorical_accuracy: 0.7751 - lr: 0.0010 - 93s/epoch - 23ms/step
Epoch 72/100
4003/4003 - 94s - loss: 0.6258 - categorical_accuracy: 0.7819 - val_loss: 0.6465 - val_categorical_accuracy: 0.7730 - lr: 0.0010 - 94s/epoch - 23ms/step
Epoch 73/100
4003/4003 - 93s - loss: 0.6257 - categorical_accuracy: 0.7825 - val_loss: 0.6459 - val_categorical_accuracy: 0.7745 - lr: 0.0010 - 93s/epoch - 23ms/step
Epoch 74/100
4003/4003 - 93s - loss: 0.6257 - categorical_accuracy: 0.7828 - val_loss: 0.6382 - val_categorical_accuracy: 0.7778 - lr: 0.0010 - 93s/epoch - 23ms/step
Epoch 75/100
4003/4003 - 94s - loss: 0.6256 - categorical_accuracy: 0.7820 - val_loss: 0.6399 - val_categorical_accuracy: 0.7767 - lr: 0.0010 - 94s/epoch - 23ms/step
Epoch 76/100
4003/4003 - 93s - loss: 0.6250 - categorical_accuracy: 0.7828 - val_loss: 0.6335 - val_categorical_accuracy: 0.7793 - lr: 0.0010 - 93s/epoch - 23ms/step
Epoch 77/100
4003/4003 - 93s - loss: 0.6252 - categorical_accuracy: 0.7822 - val_loss: 0.6371 - val_categorical_accuracy: 0.7781 - lr: 0.0010 - 93s/epoch - 23ms/step
Epoch 78/100
4003/4003 - 94s - loss: 0.6250 - categorical_accuracy: 0.7825 - val_loss: 0.6413 - val_categorical_accuracy: 0.7772 - lr: 0.0010 - 94s/epoch - 23ms/step
Epoch 79/100
4003/4003 - 93s - loss: 0.6243 - categorical_accuracy: 0.7830 - val_loss: 0.6403 - val_categorical_accuracy: 0.7767 - lr: 0.0010 - 93s/epoch - 23ms/step
Epoch 80/100
4003/4003 - 93s - loss: 0.6245 - categorical_accuracy: 0.7826 - val_loss: 0.6394 - val_categorical_accuracy: 0.7769 - lr: 0.0010 - 93s/epoch - 23ms/step
Epoch 81/100
4003/4003 - 93s - loss: 0.6251 - categorical_accuracy: 0.7828 - val_loss: 0.6362 - val_categorical_accuracy: 0.7779 - lr: 0.0010 - 93s/epoch - 23ms/step
Epoch 82/100
4003/4003 - 94s - loss: 0.6196 - categorical_accuracy: 0.7844 - val_loss: 0.6343 - val_categorical_accuracy: 0.7792 - lr: 8.0000e-04 - 94s/epoch - 23ms/step
Epoch 83/100
4003/4003 - 93s - loss: 0.6193 - categorical_accuracy: 0.7844 - val_loss: 0.6326 - val_categorical_accuracy: 0.7788 - lr: 8.0000e-04 - 93s/epoch - 23ms/step
Epoch 84/100
4003/4003 - 93s - loss: 0.6192 - categorical_accuracy: 0.7848 - val_loss: 0.6347 - val_categorical_accuracy: 0.7784 - lr: 8.0000e-04 - 93s/epoch - 23ms/step
Epoch 85/100
4003/4003 - 94s - loss: 0.6187 - categorical_accuracy: 0.7846 - val_loss: 0.6303 - val_categorical_accuracy: 0.7811 - lr: 8.0000e-04 - 94s/epoch - 23ms/step
Epoch 86/100
4003/4003 - 93s - loss: 0.6180 - categorical_accuracy: 0.7847 - val_loss: 0.6352 - val_categorical_accuracy: 0.7781 - lr: 8.0000e-04 - 93s/epoch - 23ms/step
Epoch 87/100
4003/4003 - 93s - loss: 0.6190 - categorical_accuracy: 0.7844 - val_loss: 0.6342 - val_categorical_accuracy: 0.7790 - lr: 8.0000e-04 - 93s/epoch - 23ms/step
Epoch 88/100
4003/4003 - 93s - loss: 0.6182 - categorical_accuracy: 0.7846 - val_loss: 0.6347 - val_categorical_accuracy: 0.7790 - lr: 8.0000e-04 - 93s/epoch - 23ms/step
Epoch 89/100
4003/4003 - 93s - loss: 0.6178 - categorical_accuracy: 0.7846 - val_loss: 0.6363 - val_categorical_accuracy: 0.7784 - lr: 8.0000e-04 - 93s/epoch - 23ms/step
Epoch 90/100
4003/4003 - 93s - loss: 0.6181 - categorical_accuracy: 0.7855 - val_loss: 0.6384 - val_categorical_accuracy: 0.7782 - lr: 8.0000e-04 - 93s/epoch - 23ms/step
Epoch 91/100
4003/4003 - 93s - loss: 0.6177 - categorical_accuracy: 0.7854 - val_loss: 0.6396 - val_categorical_accuracy: 0.7772 - lr: 8.0000e-04 - 93s/epoch - 23ms/step
Epoch 92/100
4003/4003 - 93s - loss: 0.6183 - categorical_accuracy: 0.7845 - val_loss: 0.6341 - val_categorical_accuracy: 0.7793 - lr: 8.0000e-04 - 93s/epoch - 23ms/step
Epoch 93/100
4003/4003 - 93s - loss: 0.6181 - categorical_accuracy: 0.7845 - val_loss: 0.6385 - val_categorical_accuracy: 0.7775 - lr: 8.0000e-04 - 93s/epoch - 23ms/step
Epoch 94/100
4003/4003 - 94s - loss: 0.6178 - categorical_accuracy: 0.7849 - val_loss: 0.6341 - val_categorical_accuracy: 0.7788 - lr: 8.0000e-04 - 94s/epoch - 23ms/step
Epoch 95/100
4003/4003 - 93s - loss: 0.6179 - categorical_accuracy: 0.7852 - val_loss: 0.6338 - val_categorical_accuracy: 0.7803 - lr: 8.0000e-04 - 93s/epoch - 23ms/step
Epoch 96/100
4003/4003 - 93s - loss: 0.6173 - categorical_accuracy: 0.7849 - val_loss: 0.6294 - val_categorical_accuracy: 0.7802 - lr: 8.0000e-04 - 93s/epoch - 23ms/step
Epoch 97/100
4003/4003 - 93s - loss: 0.6173 - categorical_accuracy: 0.7853 - val_loss: 0.6304 - val_categorical_accuracy: 0.7803 - lr: 8.0000e-04 - 93s/epoch - 23ms/step
Epoch 98/100
4003/4003 - 93s - loss: 0.6171 - categorical_accuracy: 0.7852 - val_loss: 0.6514 - val_categorical_accuracy: 0.7707 - lr: 8.0000e-04 - 93s/epoch - 23ms/step
Epoch 99/100
4003/4003 - 93s - loss: 0.6172 - categorical_accuracy: 0.7849 - val_loss: 0.6333 - val_categorical_accuracy: 0.7793 - lr: 8.0000e-04 - 93s/epoch - 23ms/step
Epoch 100/100
4003/4003 - 93s - loss: 0.6170 - categorical_accuracy: 0.7858 - val_loss: 0.6332 - val_categorical_accuracy: 0.7792 - lr: 8.0000e-04 - 93s/epoch - 23ms/step
[92m
Saved model to: [0m trained_intnets/intnet_150const
Loss vs epochs plot saved to trained_intnets/intnet_150const.
Accuracy vs epochs plot saved to trained_intnets/intnet_150const.
[92m
Plots done! [0m
