[96m
GPU: NVIDIA GeForce GTX 1080 Ti[0m
[95m
DATA DETAILS[0m
[95m------------[0m
data_folder: /work/deodagiu/ki_data/intnet_input
norm: minmax
train_events: -1
test_events: 0
pt_min: 2.0
nconstituents: 16
feature_selection: jedinet

----------------
[92mData loading complete:[0m
Training data size: 5.72e+05
Test data size: 0.00e+00
----------------

Shuffling constituents...
[92mShuffled the training data! 🃏
[0m
Instantiating model with the hyperparameters:
effects_nnodes: 150
dynamic_nnodes: 100
abstrac_nnodes: 50
effects_activ: relu
dynamic_activ: relu
abstrac_activ: relu
ndynamics: 15
neffects: 15
l2: 0.01
summation: True
[92mModel compiled and built![0m
[95m

TRAINING THE MODEL 💪[0m

Training parameters
-------------------
[92mOptimiser: 	[0m {'name': 'Adam', 'learning_rate': 0.0001, 'decay': 0.0, 'beta_1': 0.9, 'beta_2': 0.999, 'epsilon': 1e-07, 'amsgrad': False}
[92mBatch size: 	[0m 100
[92mLearning rate: 	[0m 0.0001
[92mTraining epochs:[0m 100
[92mLoss: 		[0m categorical_crossentropy

Epoch 1/100
4003/4003 - 244s - loss: 2.8624 - categorical_accuracy: 0.5615 - val_loss: 2.0527 - val_categorical_accuracy: 0.6186 - lr: 1.0000e-04 - 244s/epoch - 61ms/step
Epoch 2/100
4003/4003 - 241s - loss: 1.8735 - categorical_accuracy: 0.6353 - val_loss: 1.7548 - val_categorical_accuracy: 0.6272 - lr: 1.0000e-04 - 241s/epoch - 60ms/step
Epoch 3/100
4003/4003 - 241s - loss: 1.6196 - categorical_accuracy: 0.6623 - val_loss: 1.5445 - val_categorical_accuracy: 0.6653 - lr: 1.0000e-04 - 241s/epoch - 60ms/step
Epoch 4/100
4003/4003 - 241s - loss: 1.4674 - categorical_accuracy: 0.6761 - val_loss: 1.4356 - val_categorical_accuracy: 0.6647 - lr: 1.0000e-04 - 241s/epoch - 60ms/step
Epoch 5/100
4003/4003 - 241s - loss: 1.3665 - categorical_accuracy: 0.6817 - val_loss: 1.4326 - val_categorical_accuracy: 0.6198 - lr: 1.0000e-04 - 241s/epoch - 60ms/step
Epoch 6/100
4003/4003 - 241s - loss: 1.2879 - categorical_accuracy: 0.6876 - val_loss: 1.2326 - val_categorical_accuracy: 0.7009 - lr: 1.0000e-04 - 241s/epoch - 60ms/step
Epoch 7/100
4003/4003 - 249s - loss: 1.2260 - categorical_accuracy: 0.6920 - val_loss: 1.2048 - val_categorical_accuracy: 0.6894 - lr: 1.0000e-04 - 249s/epoch - 62ms/step
Epoch 8/100
4003/4003 - 243s - loss: 1.1753 - categorical_accuracy: 0.6955 - val_loss: 1.1270 - val_categorical_accuracy: 0.7107 - lr: 1.0000e-04 - 243s/epoch - 61ms/step
Epoch 9/100
4003/4003 - 244s - loss: 1.1319 - categorical_accuracy: 0.6995 - val_loss: 1.2306 - val_categorical_accuracy: 0.6348 - lr: 1.0000e-04 - 244s/epoch - 61ms/step
Epoch 10/100
4003/4003 - 242s - loss: 1.0946 - categorical_accuracy: 0.7022 - val_loss: 1.0822 - val_categorical_accuracy: 0.7004 - lr: 1.0000e-04 - 242s/epoch - 60ms/step
Epoch 11/100
4003/4003 - 242s - loss: 1.0631 - categorical_accuracy: 0.7050 - val_loss: 1.0549 - val_categorical_accuracy: 0.7004 - lr: 1.0000e-04 - 242s/epoch - 61ms/step
Epoch 12/100
4003/4003 - 243s - loss: 1.0352 - categorical_accuracy: 0.7077 - val_loss: 1.0077 - val_categorical_accuracy: 0.7143 - lr: 1.0000e-04 - 243s/epoch - 61ms/step
Epoch 13/100
4003/4003 - 241s - loss: 1.0112 - categorical_accuracy: 0.7098 - val_loss: 0.9844 - val_categorical_accuracy: 0.7157 - lr: 1.0000e-04 - 241s/epoch - 60ms/step
Epoch 14/100
4003/4003 - 242s - loss: 0.9881 - categorical_accuracy: 0.7118 - val_loss: 0.9873 - val_categorical_accuracy: 0.7069 - lr: 1.0000e-04 - 242s/epoch - 60ms/step
Epoch 15/100
4003/4003 - 242s - loss: 0.9689 - categorical_accuracy: 0.7135 - val_loss: 0.9692 - val_categorical_accuracy: 0.7062 - lr: 1.0000e-04 - 242s/epoch - 60ms/step
Epoch 16/100
4003/4003 - 241s - loss: 0.9518 - categorical_accuracy: 0.7145 - val_loss: 0.9287 - val_categorical_accuracy: 0.7227 - lr: 1.0000e-04 - 241s/epoch - 60ms/step
Epoch 17/100
4003/4003 - 241s - loss: 0.9332 - categorical_accuracy: 0.7172 - val_loss: 0.9154 - val_categorical_accuracy: 0.7210 - lr: 1.0000e-04 - 241s/epoch - 60ms/step
Epoch 18/100
4003/4003 - 241s - loss: 0.9177 - categorical_accuracy: 0.7184 - val_loss: 0.8991 - val_categorical_accuracy: 0.7240 - lr: 1.0000e-04 - 241s/epoch - 60ms/step
Epoch 19/100
4003/4003 - 241s - loss: 0.9011 - categorical_accuracy: 0.7212 - val_loss: 0.8770 - val_categorical_accuracy: 0.7281 - lr: 1.0000e-04 - 241s/epoch - 60ms/step
Epoch 20/100
4003/4003 - 242s - loss: 0.8854 - categorical_accuracy: 0.7233 - val_loss: 0.8591 - val_categorical_accuracy: 0.7315 - lr: 1.0000e-04 - 242s/epoch - 60ms/step
Epoch 21/100
4003/4003 - 242s - loss: 0.8682 - categorical_accuracy: 0.7261 - val_loss: 0.8868 - val_categorical_accuracy: 0.7125 - lr: 1.0000e-04 - 242s/epoch - 61ms/step
Epoch 22/100
4003/4003 - 243s - loss: 0.8525 - categorical_accuracy: 0.7297 - val_loss: 0.8244 - val_categorical_accuracy: 0.7406 - lr: 1.0000e-04 - 243s/epoch - 61ms/step
Epoch 23/100
4003/4003 - 242s - loss: 0.8337 - categorical_accuracy: 0.7337 - val_loss: 0.8149 - val_categorical_accuracy: 0.7387 - lr: 1.0000e-04 - 242s/epoch - 61ms/step
Epoch 24/100
4003/4003 - 242s - loss: 0.8170 - categorical_accuracy: 0.7373 - val_loss: 0.8785 - val_categorical_accuracy: 0.7053 - lr: 1.0000e-04 - 242s/epoch - 61ms/step
Epoch 25/100
4003/4003 - 243s - loss: 0.8039 - categorical_accuracy: 0.7397 - val_loss: 0.7875 - val_categorical_accuracy: 0.7488 - lr: 1.0000e-04 - 243s/epoch - 61ms/step
Epoch 26/100
4003/4003 - 243s - loss: 0.7929 - categorical_accuracy: 0.7417 - val_loss: 0.7725 - val_categorical_accuracy: 0.7480 - lr: 1.0000e-04 - 243s/epoch - 61ms/step
Epoch 27/100
4003/4003 - 243s - loss: 0.7824 - categorical_accuracy: 0.7435 - val_loss: 0.7769 - val_categorical_accuracy: 0.7415 - lr: 1.0000e-04 - 243s/epoch - 61ms/step
Epoch 28/100
4003/4003 - 242s - loss: 0.7743 - categorical_accuracy: 0.7446 - val_loss: 0.7629 - val_categorical_accuracy: 0.7481 - lr: 1.0000e-04 - 242s/epoch - 60ms/step
Epoch 29/100
4003/4003 - 241s - loss: 0.7655 - categorical_accuracy: 0.7457 - val_loss: 0.7853 - val_categorical_accuracy: 0.7334 - lr: 1.0000e-04 - 241s/epoch - 60ms/step
Epoch 30/100
4003/4003 - 241s - loss: 0.7576 - categorical_accuracy: 0.7470 - val_loss: 0.7506 - val_categorical_accuracy: 0.7466 - lr: 1.0000e-04 - 241s/epoch - 60ms/step
Epoch 31/100
4003/4003 - 241s - loss: 0.7514 - categorical_accuracy: 0.7477 - val_loss: 0.7488 - val_categorical_accuracy: 0.7478 - lr: 1.0000e-04 - 241s/epoch - 60ms/step
Epoch 32/100
4003/4003 - 242s - loss: 0.7422 - categorical_accuracy: 0.7492 - val_loss: 0.7460 - val_categorical_accuracy: 0.7477 - lr: 1.0000e-04 - 242s/epoch - 60ms/step
Epoch 33/100
4003/4003 - 243s - loss: 0.7364 - categorical_accuracy: 0.7492 - val_loss: 0.7237 - val_categorical_accuracy: 0.7514 - lr: 1.0000e-04 - 243s/epoch - 61ms/step
Epoch 34/100
4003/4003 - 241s - loss: 0.7300 - categorical_accuracy: 0.7494 - val_loss: 0.7172 - val_categorical_accuracy: 0.7514 - lr: 1.0000e-04 - 241s/epoch - 60ms/step
Epoch 35/100
4003/4003 - 241s - loss: 0.7215 - categorical_accuracy: 0.7505 - val_loss: 0.7066 - val_categorical_accuracy: 0.7533 - lr: 1.0000e-04 - 241s/epoch - 60ms/step
Epoch 36/100
4003/4003 - 242s - loss: 0.7111 - categorical_accuracy: 0.7514 - val_loss: 0.7229 - val_categorical_accuracy: 0.7432 - lr: 1.0000e-04 - 242s/epoch - 60ms/step
Epoch 37/100
4003/4003 - 243s - loss: 0.7054 - categorical_accuracy: 0.7519 - val_loss: 0.7002 - val_categorical_accuracy: 0.7556 - lr: 1.0000e-04 - 243s/epoch - 61ms/step
Epoch 38/100
4003/4003 - 243s - loss: 0.7026 - categorical_accuracy: 0.7528 - val_loss: 0.7031 - val_categorical_accuracy: 0.7519 - lr: 1.0000e-04 - 243s/epoch - 61ms/step
Epoch 39/100
4003/4003 - 242s - loss: 0.7008 - categorical_accuracy: 0.7533 - val_loss: 0.6940 - val_categorical_accuracy: 0.7544 - lr: 1.0000e-04 - 242s/epoch - 60ms/step
Epoch 40/100
4003/4003 - 242s - loss: 0.6994 - categorical_accuracy: 0.7542 - val_loss: 0.6856 - val_categorical_accuracy: 0.7580 - lr: 1.0000e-04 - 242s/epoch - 60ms/step
Epoch 41/100
4003/4003 - 242s - loss: 0.6979 - categorical_accuracy: 0.7545 - val_loss: 0.6922 - val_categorical_accuracy: 0.7568 - lr: 1.0000e-04 - 242s/epoch - 60ms/step
Epoch 42/100
4003/4003 - 241s - loss: 0.6962 - categorical_accuracy: 0.7548 - val_loss: 0.7022 - val_categorical_accuracy: 0.7524 - lr: 1.0000e-04 - 241s/epoch - 60ms/step
Epoch 43/100
4003/4003 - 242s - loss: 0.6954 - categorical_accuracy: 0.7556 - val_loss: 0.6900 - val_categorical_accuracy: 0.7582 - lr: 1.0000e-04 - 242s/epoch - 60ms/step
Epoch 44/100
4003/4003 - 241s - loss: 0.6947 - categorical_accuracy: 0.7557 - val_loss: 0.7034 - val_categorical_accuracy: 0.7514 - lr: 1.0000e-04 - 241s/epoch - 60ms/step
Epoch 45/100
4003/4003 - 241s - loss: 0.6925 - categorical_accuracy: 0.7561 - val_loss: 0.6884 - val_categorical_accuracy: 0.7576 - lr: 1.0000e-04 - 241s/epoch - 60ms/step
Epoch 46/100
4003/4003 - 243s - loss: 0.6910 - categorical_accuracy: 0.7569 - val_loss: 0.7202 - val_categorical_accuracy: 0.7443 - lr: 1.0000e-04 - 243s/epoch - 61ms/step
Epoch 47/100
4003/4003 - 243s - loss: 0.6909 - categorical_accuracy: 0.7570 - val_loss: 0.6844 - val_categorical_accuracy: 0.7590 - lr: 1.0000e-04 - 243s/epoch - 61ms/step
Epoch 48/100
4003/4003 - 242s - loss: 0.6884 - categorical_accuracy: 0.7580 - val_loss: 0.7010 - val_categorical_accuracy: 0.7514 - lr: 1.0000e-04 - 242s/epoch - 61ms/step
Epoch 49/100
4003/4003 - 242s - loss: 0.6889 - categorical_accuracy: 0.7575 - val_loss: 0.6774 - val_categorical_accuracy: 0.7617 - lr: 1.0000e-04 - 242s/epoch - 60ms/step
Epoch 50/100
4003/4003 - 249s - loss: 0.6891 - categorical_accuracy: 0.7570 - val_loss: 0.6875 - val_categorical_accuracy: 0.7579 - lr: 1.0000e-04 - 249s/epoch - 62ms/step
Epoch 51/100
4003/4003 - 242s - loss: 0.6868 - categorical_accuracy: 0.7584 - val_loss: 0.6767 - val_categorical_accuracy: 0.7619 - lr: 1.0000e-04 - 242s/epoch - 61ms/step
Epoch 52/100
4003/4003 - 243s - loss: 0.6858 - categorical_accuracy: 0.7587 - val_loss: 0.6796 - val_categorical_accuracy: 0.7608 - lr: 1.0000e-04 - 243s/epoch - 61ms/step
Epoch 53/100
4003/4003 - 242s - loss: 0.6855 - categorical_accuracy: 0.7586 - val_loss: 0.6902 - val_categorical_accuracy: 0.7564 - lr: 1.0000e-04 - 242s/epoch - 61ms/step
Epoch 54/100
4003/4003 - 243s - loss: 0.6851 - categorical_accuracy: 0.7592 - val_loss: 0.7010 - val_categorical_accuracy: 0.7517 - lr: 1.0000e-04 - 243s/epoch - 61ms/step
Epoch 55/100
4003/4003 - 242s - loss: 0.6852 - categorical_accuracy: 0.7589 - val_loss: 0.6794 - val_categorical_accuracy: 0.7600 - lr: 1.0000e-04 - 242s/epoch - 61ms/step
Epoch 56/100
4003/4003 - 242s - loss: 0.6838 - categorical_accuracy: 0.7598 - val_loss: 0.6815 - val_categorical_accuracy: 0.7609 - lr: 1.0000e-04 - 242s/epoch - 60ms/step
Epoch 57/100
4003/4003 - 243s - loss: 0.6822 - categorical_accuracy: 0.7605 - val_loss: 0.6740 - val_categorical_accuracy: 0.7625 - lr: 1.0000e-04 - 243s/epoch - 61ms/step
Epoch 58/100
4003/4003 - 242s - loss: 0.6820 - categorical_accuracy: 0.7601 - val_loss: 0.6840 - val_categorical_accuracy: 0.7577 - lr: 1.0000e-04 - 242s/epoch - 61ms/step
Epoch 59/100
4003/4003 - 244s - loss: 0.6822 - categorical_accuracy: 0.7601 - val_loss: 0.6743 - val_categorical_accuracy: 0.7623 - lr: 1.0000e-04 - 244s/epoch - 61ms/step
Epoch 60/100
4003/4003 - 243s - loss: 0.6807 - categorical_accuracy: 0.7608 - val_loss: 0.7271 - val_categorical_accuracy: 0.7414 - lr: 1.0000e-04 - 243s/epoch - 61ms/step
Epoch 61/100
4003/4003 - 242s - loss: 0.6803 - categorical_accuracy: 0.7612 - val_loss: 0.6808 - val_categorical_accuracy: 0.7607 - lr: 1.0000e-04 - 242s/epoch - 60ms/step
Epoch 62/100
4003/4003 - 243s - loss: 0.6799 - categorical_accuracy: 0.7607 - val_loss: 0.6757 - val_categorical_accuracy: 0.7609 - lr: 1.0000e-04 - 243s/epoch - 61ms/step
Epoch 63/100
4003/4003 - 244s - loss: 0.6789 - categorical_accuracy: 0.7617 - val_loss: 0.6716 - val_categorical_accuracy: 0.7636 - lr: 1.0000e-04 - 244s/epoch - 61ms/step
Epoch 64/100
4003/4003 - 243s - loss: 0.6785 - categorical_accuracy: 0.7619 - val_loss: 0.6743 - val_categorical_accuracy: 0.7622 - lr: 1.0000e-04 - 243s/epoch - 61ms/step
Epoch 65/100
4003/4003 - 243s - loss: 0.6785 - categorical_accuracy: 0.7617 - val_loss: 0.6718 - val_categorical_accuracy: 0.7636 - lr: 1.0000e-04 - 243s/epoch - 61ms/step
Epoch 66/100
4003/4003 - 244s - loss: 0.6777 - categorical_accuracy: 0.7620 - val_loss: 0.7067 - val_categorical_accuracy: 0.7476 - lr: 1.0000e-04 - 244s/epoch - 61ms/step
Epoch 67/100
4003/4003 - 245s - loss: 0.6775 - categorical_accuracy: 0.7621 - val_loss: 0.6760 - val_categorical_accuracy: 0.7612 - lr: 1.0000e-04 - 245s/epoch - 61ms/step
Epoch 68/100
4003/4003 - 243s - loss: 0.6775 - categorical_accuracy: 0.7618 - val_loss: 0.6725 - val_categorical_accuracy: 0.7636 - lr: 1.0000e-04 - 243s/epoch - 61ms/step
Epoch 69/100
4003/4003 - 245s - loss: 0.6755 - categorical_accuracy: 0.7626 - val_loss: 0.6821 - val_categorical_accuracy: 0.7585 - lr: 1.0000e-04 - 245s/epoch - 61ms/step
Epoch 70/100
4003/4003 - 248s - loss: 0.6751 - categorical_accuracy: 0.7624 - val_loss: 0.6792 - val_categorical_accuracy: 0.7605 - lr: 1.0000e-04 - 248s/epoch - 62ms/step
Epoch 71/100
4003/4003 - 248s - loss: 0.6753 - categorical_accuracy: 0.7625 - val_loss: 0.7152 - val_categorical_accuracy: 0.7501 - lr: 1.0000e-04 - 248s/epoch - 62ms/step
Epoch 72/100
4003/4003 - 246s - loss: 0.6746 - categorical_accuracy: 0.7630 - val_loss: 0.6814 - val_categorical_accuracy: 0.7590 - lr: 1.0000e-04 - 246s/epoch - 62ms/step
Epoch 73/100
4003/4003 - 247s - loss: 0.6738 - categorical_accuracy: 0.7636 - val_loss: 0.6699 - val_categorical_accuracy: 0.7651 - lr: 1.0000e-04 - 247s/epoch - 62ms/step
Epoch 74/100
4003/4003 - 247s - loss: 0.6741 - categorical_accuracy: 0.7630 - val_loss: 0.6703 - val_categorical_accuracy: 0.7640 - lr: 1.0000e-04 - 247s/epoch - 62ms/step
Epoch 75/100
4003/4003 - 245s - loss: 0.6738 - categorical_accuracy: 0.7633 - val_loss: 0.6712 - val_categorical_accuracy: 0.7630 - lr: 1.0000e-04 - 245s/epoch - 61ms/step
Epoch 76/100
4003/4003 - 247s - loss: 0.6731 - categorical_accuracy: 0.7634 - val_loss: 0.6668 - val_categorical_accuracy: 0.7649 - lr: 1.0000e-04 - 247s/epoch - 62ms/step
Epoch 77/100
4003/4003 - 247s - loss: 0.6732 - categorical_accuracy: 0.7632 - val_loss: 0.6750 - val_categorical_accuracy: 0.7617 - lr: 1.0000e-04 - 247s/epoch - 62ms/step
Epoch 78/100
4003/4003 - 245s - loss: 0.6720 - categorical_accuracy: 0.7638 - val_loss: 0.6861 - val_categorical_accuracy: 0.7589 - lr: 1.0000e-04 - 245s/epoch - 61ms/step
Epoch 79/100
4003/4003 - 248s - loss: 0.6715 - categorical_accuracy: 0.7638 - val_loss: 0.6820 - val_categorical_accuracy: 0.7597 - lr: 1.0000e-04 - 248s/epoch - 62ms/step
Epoch 80/100
4003/4003 - 246s - loss: 0.6714 - categorical_accuracy: 0.7639 - val_loss: 0.6711 - val_categorical_accuracy: 0.7630 - lr: 1.0000e-04 - 246s/epoch - 62ms/step
Epoch 81/100
4003/4003 - 246s - loss: 0.6708 - categorical_accuracy: 0.7643 - val_loss: 0.6734 - val_categorical_accuracy: 0.7627 - lr: 1.0000e-04 - 246s/epoch - 61ms/step
Epoch 82/100
4003/4003 - 246s - loss: 0.6704 - categorical_accuracy: 0.7645 - val_loss: 0.6807 - val_categorical_accuracy: 0.7611 - lr: 1.0000e-04 - 246s/epoch - 61ms/step
Epoch 83/100
4003/4003 - 246s - loss: 0.6707 - categorical_accuracy: 0.7644 - val_loss: 0.6687 - val_categorical_accuracy: 0.7645 - lr: 1.0000e-04 - 246s/epoch - 61ms/step
[92m
Saved model to: [0m trained_intnets/big_jedinet_minmax
Loss vs epochs plot saved to trained_intnets/big_jedinet_minmax.
Accuracy vs epochs plot saved to trained_intnets/big_jedinet_minmax.
[92m
Plots done! 📊[0m
