[96m
GPU: NVIDIA GeForce GTX 1080 Ti[0m
[92mSaved hyperparameters to json file.[0m
[95m
DATA DETAILS[0m
[95m-----------[0m
data_folder: /work/deodagiu/ki_data/intnet_input
norm: robust
train_events: -1
test_events: 0
pt_min: 2.0
nconstituents: 16
feature_selection: jedinet

----------------
[92mData loading complete:[0m
Training data size: 5.72e+05
Test data size: 0.00e+00
----------------

Shuffling constituents...
[92mShuffled the training data! 🃏
[0m
Instantiating model with the hyperparameters:
effects_nnodes: 100
dynamic_nnodes: 75
abstrac_nnodes: 40
effects_activ: relu
dynamic_activ: relu
abstrac_activ: relu
neffects: 20
ndynamics: 15
l2: 0.001
summation: True
[92mModel compiled and built![0m
[95m

TRAINING THE MODEL 💪[0m

Training parameters
-------------------
[92mOptimiser: 	[0m {'name': 'Adam', 'learning_rate': 0.001, 'decay': 0.0, 'beta_1': 0.9, 'beta_2': 0.999, 'epsilon': 1e-07, 'amsgrad': False}
[92mBatch size: 	[0m 100
[92mLearning rate: 	[0m 0.001
[92mTraining epochs:[0m 100
[92mLoss: 		[0m categorical_crossentropy

Epoch 1/100
4003/4003 - 103s - loss: 0.9456 - categorical_accuracy: 0.6975 - val_loss: 0.8267 - val_categorical_accuracy: 0.7294 - lr: 0.0010 - 103s/epoch - 26ms/step
Epoch 2/100
4003/4003 - 101s - loss: 0.7778 - categorical_accuracy: 0.7428 - val_loss: 0.7503 - val_categorical_accuracy: 0.7476 - lr: 0.0010 - 101s/epoch - 25ms/step
Epoch 3/100
4003/4003 - 101s - loss: 0.7457 - categorical_accuracy: 0.7493 - val_loss: 0.7166 - val_categorical_accuracy: 0.7564 - lr: 0.0010 - 101s/epoch - 25ms/step
Epoch 4/100
4003/4003 - 100s - loss: 0.7288 - categorical_accuracy: 0.7532 - val_loss: 0.7195 - val_categorical_accuracy: 0.7561 - lr: 0.0010 - 100s/epoch - 25ms/step
Epoch 5/100
4003/4003 - 101s - loss: 0.7172 - categorical_accuracy: 0.7568 - val_loss: 0.7177 - val_categorical_accuracy: 0.7546 - lr: 0.0010 - 101s/epoch - 25ms/step
Epoch 6/100
4003/4003 - 100s - loss: 0.7091 - categorical_accuracy: 0.7587 - val_loss: 0.7098 - val_categorical_accuracy: 0.7584 - lr: 0.0010 - 100s/epoch - 25ms/step
Epoch 7/100
4003/4003 - 100s - loss: 0.7041 - categorical_accuracy: 0.7595 - val_loss: 0.7147 - val_categorical_accuracy: 0.7532 - lr: 0.0010 - 100s/epoch - 25ms/step
Epoch 8/100
4003/4003 - 101s - loss: 0.6985 - categorical_accuracy: 0.7609 - val_loss: 0.7050 - val_categorical_accuracy: 0.7575 - lr: 0.0010 - 101s/epoch - 25ms/step
Epoch 9/100
4003/4003 - 100s - loss: 0.6943 - categorical_accuracy: 0.7626 - val_loss: 0.6960 - val_categorical_accuracy: 0.7585 - lr: 0.0010 - 100s/epoch - 25ms/step
Epoch 10/100
4003/4003 - 100s - loss: 0.6900 - categorical_accuracy: 0.7640 - val_loss: 0.6817 - val_categorical_accuracy: 0.7669 - lr: 0.0010 - 100s/epoch - 25ms/step
Epoch 11/100
4003/4003 - 101s - loss: 0.6868 - categorical_accuracy: 0.7651 - val_loss: 0.6835 - val_categorical_accuracy: 0.7651 - lr: 0.0010 - 101s/epoch - 25ms/step
Epoch 12/100
4003/4003 - 100s - loss: 0.6831 - categorical_accuracy: 0.7663 - val_loss: 0.6910 - val_categorical_accuracy: 0.7637 - lr: 0.0010 - 100s/epoch - 25ms/step
Epoch 13/100
4003/4003 - 100s - loss: 0.6819 - categorical_accuracy: 0.7667 - val_loss: 0.6830 - val_categorical_accuracy: 0.7669 - lr: 0.0010 - 100s/epoch - 25ms/step
Epoch 14/100
4003/4003 - 101s - loss: 0.6776 - categorical_accuracy: 0.7675 - val_loss: 0.6758 - val_categorical_accuracy: 0.7665 - lr: 0.0010 - 101s/epoch - 25ms/step
Epoch 15/100
4003/4003 - 100s - loss: 0.6763 - categorical_accuracy: 0.7681 - val_loss: 0.6808 - val_categorical_accuracy: 0.7664 - lr: 0.0010 - 100s/epoch - 25ms/step
Epoch 16/100
4003/4003 - 100s - loss: 0.6733 - categorical_accuracy: 0.7692 - val_loss: 0.6750 - val_categorical_accuracy: 0.7687 - lr: 0.0010 - 100s/epoch - 25ms/step
Epoch 17/100
4003/4003 - 101s - loss: 0.6720 - categorical_accuracy: 0.7698 - val_loss: 0.6730 - val_categorical_accuracy: 0.7676 - lr: 0.0010 - 101s/epoch - 25ms/step
Epoch 18/100
4003/4003 - 100s - loss: 0.6705 - categorical_accuracy: 0.7701 - val_loss: 0.6726 - val_categorical_accuracy: 0.7675 - lr: 0.0010 - 100s/epoch - 25ms/step
Epoch 19/100
4003/4003 - 100s - loss: 0.6686 - categorical_accuracy: 0.7705 - val_loss: 0.6953 - val_categorical_accuracy: 0.7580 - lr: 0.0010 - 100s/epoch - 25ms/step
Epoch 20/100
4003/4003 - 101s - loss: 0.6673 - categorical_accuracy: 0.7711 - val_loss: 0.6658 - val_categorical_accuracy: 0.7705 - lr: 0.0010 - 101s/epoch - 25ms/step
Epoch 21/100
4003/4003 - 100s - loss: 0.6655 - categorical_accuracy: 0.7716 - val_loss: 0.6822 - val_categorical_accuracy: 0.7635 - lr: 0.0010 - 100s/epoch - 25ms/step
Epoch 22/100
4003/4003 - 100s - loss: 0.6646 - categorical_accuracy: 0.7717 - val_loss: 0.6624 - val_categorical_accuracy: 0.7706 - lr: 0.0010 - 100s/epoch - 25ms/step
Epoch 23/100
4003/4003 - 101s - loss: 0.6626 - categorical_accuracy: 0.7725 - val_loss: 0.6708 - val_categorical_accuracy: 0.7684 - lr: 0.0010 - 101s/epoch - 25ms/step
Epoch 24/100
4003/4003 - 100s - loss: 0.6612 - categorical_accuracy: 0.7723 - val_loss: 0.6720 - val_categorical_accuracy: 0.7671 - lr: 0.0010 - 100s/epoch - 25ms/step
Epoch 25/100
4003/4003 - 100s - loss: 0.6593 - categorical_accuracy: 0.7729 - val_loss: 0.6593 - val_categorical_accuracy: 0.7725 - lr: 0.0010 - 100s/epoch - 25ms/step
Epoch 26/100
4003/4003 - 101s - loss: 0.6583 - categorical_accuracy: 0.7737 - val_loss: 0.6743 - val_categorical_accuracy: 0.7661 - lr: 0.0010 - 101s/epoch - 25ms/step
Epoch 27/100
4003/4003 - 100s - loss: 0.6571 - categorical_accuracy: 0.7731 - val_loss: 0.6556 - val_categorical_accuracy: 0.7725 - lr: 0.0010 - 100s/epoch - 25ms/step
Epoch 28/100
4003/4003 - 100s - loss: 0.6546 - categorical_accuracy: 0.7737 - val_loss: 0.6679 - val_categorical_accuracy: 0.7669 - lr: 0.0010 - 100s/epoch - 25ms/step
Epoch 29/100
4003/4003 - 101s - loss: 0.6526 - categorical_accuracy: 0.7742 - val_loss: 0.6494 - val_categorical_accuracy: 0.7740 - lr: 0.0010 - 101s/epoch - 25ms/step
Epoch 30/100
4003/4003 - 100s - loss: 0.6505 - categorical_accuracy: 0.7746 - val_loss: 0.6546 - val_categorical_accuracy: 0.7721 - lr: 0.0010 - 100s/epoch - 25ms/step
Epoch 31/100
4003/4003 - 101s - loss: 0.6486 - categorical_accuracy: 0.7751 - val_loss: 0.6569 - val_categorical_accuracy: 0.7708 - lr: 0.0010 - 101s/epoch - 25ms/step
Epoch 32/100
4003/4003 - 101s - loss: 0.6476 - categorical_accuracy: 0.7752 - val_loss: 0.6501 - val_categorical_accuracy: 0.7736 - lr: 0.0010 - 101s/epoch - 25ms/step
Epoch 33/100
4003/4003 - 100s - loss: 0.6463 - categorical_accuracy: 0.7760 - val_loss: 0.6504 - val_categorical_accuracy: 0.7721 - lr: 0.0010 - 100s/epoch - 25ms/step
Epoch 34/100
4003/4003 - 101s - loss: 0.6457 - categorical_accuracy: 0.7766 - val_loss: 0.6476 - val_categorical_accuracy: 0.7738 - lr: 0.0010 - 101s/epoch - 25ms/step
Epoch 35/100
4003/4003 - 101s - loss: 0.6446 - categorical_accuracy: 0.7762 - val_loss: 0.6515 - val_categorical_accuracy: 0.7725 - lr: 0.0010 - 101s/epoch - 25ms/step
Epoch 36/100
4003/4003 - 101s - loss: 0.6435 - categorical_accuracy: 0.7768 - val_loss: 0.6555 - val_categorical_accuracy: 0.7705 - lr: 0.0010 - 101s/epoch - 25ms/step
Epoch 37/100
4003/4003 - 100s - loss: 0.6435 - categorical_accuracy: 0.7769 - val_loss: 0.6535 - val_categorical_accuracy: 0.7718 - lr: 0.0010 - 100s/epoch - 25ms/step
Epoch 38/100
4003/4003 - 101s - loss: 0.6425 - categorical_accuracy: 0.7770 - val_loss: 0.6520 - val_categorical_accuracy: 0.7735 - lr: 0.0010 - 101s/epoch - 25ms/step
Epoch 39/100
4003/4003 - 100s - loss: 0.6416 - categorical_accuracy: 0.7775 - val_loss: 0.6473 - val_categorical_accuracy: 0.7758 - lr: 0.0010 - 100s/epoch - 25ms/step
Epoch 40/100
4003/4003 - 101s - loss: 0.6413 - categorical_accuracy: 0.7773 - val_loss: 0.6494 - val_categorical_accuracy: 0.7724 - lr: 0.0010 - 101s/epoch - 25ms/step
Epoch 41/100
4003/4003 - 101s - loss: 0.6403 - categorical_accuracy: 0.7781 - val_loss: 0.6430 - val_categorical_accuracy: 0.7763 - lr: 0.0010 - 101s/epoch - 25ms/step
Epoch 42/100
4003/4003 - 100s - loss: 0.6401 - categorical_accuracy: 0.7781 - val_loss: 0.6514 - val_categorical_accuracy: 0.7721 - lr: 0.0010 - 100s/epoch - 25ms/step
Epoch 43/100
4003/4003 - 100s - loss: 0.6393 - categorical_accuracy: 0.7778 - val_loss: 0.6486 - val_categorical_accuracy: 0.7739 - lr: 0.0010 - 100s/epoch - 25ms/step
Epoch 44/100
4003/4003 - 101s - loss: 0.6392 - categorical_accuracy: 0.7781 - val_loss: 0.6383 - val_categorical_accuracy: 0.7775 - lr: 0.0010 - 101s/epoch - 25ms/step
Epoch 45/100
4003/4003 - 100s - loss: 0.6386 - categorical_accuracy: 0.7787 - val_loss: 0.6481 - val_categorical_accuracy: 0.7742 - lr: 0.0010 - 100s/epoch - 25ms/step
Epoch 46/100
4003/4003 - 100s - loss: 0.6382 - categorical_accuracy: 0.7788 - val_loss: 0.6496 - val_categorical_accuracy: 0.7728 - lr: 0.0010 - 100s/epoch - 25ms/step
Epoch 47/100
4003/4003 - 101s - loss: 0.6375 - categorical_accuracy: 0.7783 - val_loss: 0.6439 - val_categorical_accuracy: 0.7756 - lr: 0.0010 - 101s/epoch - 25ms/step
Epoch 48/100
4003/4003 - 100s - loss: 0.6369 - categorical_accuracy: 0.7791 - val_loss: 0.6604 - val_categorical_accuracy: 0.7694 - lr: 0.0010 - 100s/epoch - 25ms/step
Epoch 49/100
4003/4003 - 100s - loss: 0.6361 - categorical_accuracy: 0.7791 - val_loss: 0.6550 - val_categorical_accuracy: 0.7709 - lr: 0.0010 - 100s/epoch - 25ms/step
Epoch 50/100
4003/4003 - 101s - loss: 0.6367 - categorical_accuracy: 0.7791 - val_loss: 0.6468 - val_categorical_accuracy: 0.7750 - lr: 0.0010 - 101s/epoch - 25ms/step
Epoch 51/100
4003/4003 - 100s - loss: 0.6353 - categorical_accuracy: 0.7796 - val_loss: 0.6455 - val_categorical_accuracy: 0.7751 - lr: 0.0010 - 100s/epoch - 25ms/step
Epoch 52/100
4003/4003 - 99s - loss: 0.6347 - categorical_accuracy: 0.7795 - val_loss: 0.6507 - val_categorical_accuracy: 0.7717 - lr: 0.0010 - 99s/epoch - 25ms/step
Epoch 53/100
4003/4003 - 100s - loss: 0.6349 - categorical_accuracy: 0.7793 - val_loss: 0.6462 - val_categorical_accuracy: 0.7753 - lr: 0.0010 - 100s/epoch - 25ms/step
Epoch 54/100
4003/4003 - 99s - loss: 0.6342 - categorical_accuracy: 0.7802 - val_loss: 0.6422 - val_categorical_accuracy: 0.7766 - lr: 0.0010 - 99s/epoch - 25ms/step
[92m
Saved model to: [0m trained_intnets/jedinet_exploration_9
Loss vs epochs plot saved to trained_intnets/jedinet_exploration_9.
Accuracy vs epochs plot saved to trained_intnets/jedinet_exploration_9.
[92m
Plots done! [0m
