[96m
GPU: NVIDIA GeForce GTX 1080 Ti[0m

----------------
[92mData loading complete:[0m
Training data size: 5.72e+05
Test data size: 0.00e+00
----------------

Shuffling constituents...
[92mShuffled the training data! 🃏
[0m
[92mNumber of constituents: 8[0m
Instantiating model...
[92mModel compiled and built![0m
[95m
TRAINING THE MODEL 💪[0m
==================

Training parameters
-------------------
[92mOptimiser: 	[0m {'name': 'Adam', 'learning_rate': 0.0005, 'decay': 0.0, 'beta_1': 0.9, 'beta_2': 0.999, 'epsilon': 1e-07, 'amsgrad': False}
[92mBatch size: 	[0m 512
[92mTraining epochs:[0m 100
[92mLoss: 		[0m categorical_crossentropy

Epoch 1/100
782/782 - 9s - loss: 1.1659 - categorical_accuracy: 0.5362 - val_loss: 1.0826 - val_categorical_accuracy: 0.5835 - lr: 5.0000e-04 - 9s/epoch - 11ms/step
Epoch 2/100
782/782 - 5s - loss: 1.0666 - categorical_accuracy: 0.5889 - val_loss: 1.0421 - val_categorical_accuracy: 0.6036 - lr: 5.0000e-04 - 5s/epoch - 7ms/step
Epoch 3/100
782/782 - 5s - loss: 1.0452 - categorical_accuracy: 0.5987 - val_loss: 1.0245 - val_categorical_accuracy: 0.6096 - lr: 5.0000e-04 - 5s/epoch - 6ms/step
Epoch 4/100
782/782 - 5s - loss: 1.0309 - categorical_accuracy: 0.6047 - val_loss: 1.0103 - val_categorical_accuracy: 0.6149 - lr: 5.0000e-04 - 5s/epoch - 7ms/step
Epoch 5/100
782/782 - 5s - loss: 1.0205 - categorical_accuracy: 0.6090 - val_loss: 1.0005 - val_categorical_accuracy: 0.6185 - lr: 5.0000e-04 - 5s/epoch - 6ms/step
Epoch 6/100
782/782 - 5s - loss: 1.0128 - categorical_accuracy: 0.6119 - val_loss: 0.9927 - val_categorical_accuracy: 0.6213 - lr: 5.0000e-04 - 5s/epoch - 6ms/step
Epoch 7/100
782/782 - 5s - loss: 1.0064 - categorical_accuracy: 0.6146 - val_loss: 0.9863 - val_categorical_accuracy: 0.6230 - lr: 5.0000e-04 - 5s/epoch - 6ms/step
Epoch 8/100
782/782 - 5s - loss: 1.0005 - categorical_accuracy: 0.6167 - val_loss: 0.9814 - val_categorical_accuracy: 0.6248 - lr: 5.0000e-04 - 5s/epoch - 6ms/step
Epoch 9/100
782/782 - 5s - loss: 0.9955 - categorical_accuracy: 0.6188 - val_loss: 0.9765 - val_categorical_accuracy: 0.6266 - lr: 5.0000e-04 - 5s/epoch - 6ms/step
Epoch 10/100
782/782 - 5s - loss: 0.9911 - categorical_accuracy: 0.6203 - val_loss: 0.9723 - val_categorical_accuracy: 0.6283 - lr: 5.0000e-04 - 5s/epoch - 6ms/step
Epoch 11/100
782/782 - 5s - loss: 0.9871 - categorical_accuracy: 0.6219 - val_loss: 0.9679 - val_categorical_accuracy: 0.6305 - lr: 5.0000e-04 - 5s/epoch - 6ms/step
Epoch 12/100
782/782 - 5s - loss: 0.9836 - categorical_accuracy: 0.6234 - val_loss: 0.9646 - val_categorical_accuracy: 0.6322 - lr: 5.0000e-04 - 5s/epoch - 6ms/step
Epoch 13/100
782/782 - 5s - loss: 0.9803 - categorical_accuracy: 0.6251 - val_loss: 0.9613 - val_categorical_accuracy: 0.6342 - lr: 5.0000e-04 - 5s/epoch - 6ms/step
Epoch 14/100
782/782 - 5s - loss: 0.9776 - categorical_accuracy: 0.6262 - val_loss: 0.9587 - val_categorical_accuracy: 0.6358 - lr: 5.0000e-04 - 5s/epoch - 6ms/step
Epoch 15/100
782/782 - 5s - loss: 0.9751 - categorical_accuracy: 0.6271 - val_loss: 0.9564 - val_categorical_accuracy: 0.6372 - lr: 5.0000e-04 - 5s/epoch - 6ms/step
Epoch 16/100
782/782 - 6s - loss: 0.9729 - categorical_accuracy: 0.6278 - val_loss: 0.9545 - val_categorical_accuracy: 0.6377 - lr: 5.0000e-04 - 6s/epoch - 8ms/step
Epoch 17/100
782/782 - 5s - loss: 0.9708 - categorical_accuracy: 0.6286 - val_loss: 0.9530 - val_categorical_accuracy: 0.6385 - lr: 5.0000e-04 - 5s/epoch - 6ms/step
Epoch 18/100
782/782 - 5s - loss: 0.9690 - categorical_accuracy: 0.6293 - val_loss: 0.9515 - val_categorical_accuracy: 0.6390 - lr: 5.0000e-04 - 5s/epoch - 6ms/step
Epoch 19/100
782/782 - 5s - loss: 0.9674 - categorical_accuracy: 0.6296 - val_loss: 0.9500 - val_categorical_accuracy: 0.6393 - lr: 5.0000e-04 - 5s/epoch - 6ms/step
Epoch 20/100
782/782 - 5s - loss: 0.9658 - categorical_accuracy: 0.6301 - val_loss: 0.9487 - val_categorical_accuracy: 0.6396 - lr: 5.0000e-04 - 5s/epoch - 6ms/step
Epoch 21/100
782/782 - 5s - loss: 0.9643 - categorical_accuracy: 0.6309 - val_loss: 0.9473 - val_categorical_accuracy: 0.6400 - lr: 5.0000e-04 - 5s/epoch - 6ms/step
Epoch 22/100
782/782 - 4s - loss: 0.9629 - categorical_accuracy: 0.6315 - val_loss: 0.9459 - val_categorical_accuracy: 0.6404 - lr: 5.0000e-04 - 4s/epoch - 6ms/step
Epoch 23/100
782/782 - 4s - loss: 0.9617 - categorical_accuracy: 0.6319 - val_loss: 0.9449 - val_categorical_accuracy: 0.6409 - lr: 5.0000e-04 - 4s/epoch - 6ms/step
Epoch 24/100
782/782 - 4s - loss: 0.9606 - categorical_accuracy: 0.6322 - val_loss: 0.9442 - val_categorical_accuracy: 0.6410 - lr: 5.0000e-04 - 4s/epoch - 6ms/step
Epoch 25/100
782/782 - 5s - loss: 0.9596 - categorical_accuracy: 0.6327 - val_loss: 0.9431 - val_categorical_accuracy: 0.6416 - lr: 5.0000e-04 - 5s/epoch - 6ms/step
Epoch 26/100
782/782 - 5s - loss: 0.9586 - categorical_accuracy: 0.6329 - val_loss: 0.9423 - val_categorical_accuracy: 0.6420 - lr: 5.0000e-04 - 5s/epoch - 6ms/step
Epoch 27/100
782/782 - 5s - loss: 0.9578 - categorical_accuracy: 0.6333 - val_loss: 0.9417 - val_categorical_accuracy: 0.6424 - lr: 5.0000e-04 - 5s/epoch - 6ms/step
Epoch 28/100
782/782 - 4s - loss: 0.9569 - categorical_accuracy: 0.6335 - val_loss: 0.9410 - val_categorical_accuracy: 0.6424 - lr: 5.0000e-04 - 4s/epoch - 6ms/step
Epoch 29/100
782/782 - 4s - loss: 0.9560 - categorical_accuracy: 0.6339 - val_loss: 0.9403 - val_categorical_accuracy: 0.6429 - lr: 5.0000e-04 - 4s/epoch - 6ms/step
Epoch 30/100
782/782 - 4s - loss: 0.9551 - categorical_accuracy: 0.6341 - val_loss: 0.9396 - val_categorical_accuracy: 0.6430 - lr: 5.0000e-04 - 4s/epoch - 6ms/step
Epoch 31/100
782/782 - 4s - loss: 0.9543 - categorical_accuracy: 0.6344 - val_loss: 0.9391 - val_categorical_accuracy: 0.6431 - lr: 5.0000e-04 - 4s/epoch - 6ms/step
Epoch 32/100
782/782 - 4s - loss: 0.9535 - categorical_accuracy: 0.6346 - val_loss: 0.9393 - val_categorical_accuracy: 0.6428 - lr: 5.0000e-04 - 4s/epoch - 6ms/step
Epoch 33/100
782/782 - 5s - loss: 0.9527 - categorical_accuracy: 0.6348 - val_loss: 0.9388 - val_categorical_accuracy: 0.6429 - lr: 5.0000e-04 - 5s/epoch - 6ms/step
Epoch 34/100
782/782 - 5s - loss: 0.9521 - categorical_accuracy: 0.6349 - val_loss: 0.9381 - val_categorical_accuracy: 0.6431 - lr: 5.0000e-04 - 5s/epoch - 6ms/step
Epoch 35/100
782/782 - 4s - loss: 0.9513 - categorical_accuracy: 0.6354 - val_loss: 0.9370 - val_categorical_accuracy: 0.6437 - lr: 5.0000e-04 - 4s/epoch - 6ms/step
Epoch 36/100
782/782 - 4s - loss: 0.9506 - categorical_accuracy: 0.6357 - val_loss: 0.9365 - val_categorical_accuracy: 0.6439 - lr: 5.0000e-04 - 4s/epoch - 6ms/step
Epoch 37/100
782/782 - 4s - loss: 0.9499 - categorical_accuracy: 0.6358 - val_loss: 0.9363 - val_categorical_accuracy: 0.6438 - lr: 5.0000e-04 - 4s/epoch - 6ms/step
Epoch 38/100
782/782 - 4s - loss: 0.9493 - categorical_accuracy: 0.6364 - val_loss: 0.9356 - val_categorical_accuracy: 0.6443 - lr: 5.0000e-04 - 4s/epoch - 6ms/step
Epoch 39/100
782/782 - 5s - loss: 0.9488 - categorical_accuracy: 0.6365 - val_loss: 0.9356 - val_categorical_accuracy: 0.6442 - lr: 5.0000e-04 - 5s/epoch - 6ms/step
Epoch 40/100
782/782 - 4s - loss: 0.9482 - categorical_accuracy: 0.6366 - val_loss: 0.9350 - val_categorical_accuracy: 0.6445 - lr: 5.0000e-04 - 4s/epoch - 6ms/step
Epoch 41/100
782/782 - 5s - loss: 0.9477 - categorical_accuracy: 0.6369 - val_loss: 0.9346 - val_categorical_accuracy: 0.6445 - lr: 5.0000e-04 - 5s/epoch - 6ms/step
Epoch 42/100
782/782 - 4s - loss: 0.9473 - categorical_accuracy: 0.6372 - val_loss: 0.9344 - val_categorical_accuracy: 0.6444 - lr: 5.0000e-04 - 4s/epoch - 6ms/step
Epoch 43/100
782/782 - 5s - loss: 0.9468 - categorical_accuracy: 0.6374 - val_loss: 0.9340 - val_categorical_accuracy: 0.6446 - lr: 5.0000e-04 - 5s/epoch - 6ms/step
Epoch 44/100
782/782 - 5s - loss: 0.9463 - categorical_accuracy: 0.6375 - val_loss: 0.9336 - val_categorical_accuracy: 0.6447 - lr: 5.0000e-04 - 5s/epoch - 6ms/step
Epoch 45/100
782/782 - 5s - loss: 0.9459 - categorical_accuracy: 0.6379 - val_loss: 0.9336 - val_categorical_accuracy: 0.6449 - lr: 5.0000e-04 - 5s/epoch - 6ms/step
Epoch 46/100
782/782 - 5s - loss: 0.9454 - categorical_accuracy: 0.6380 - val_loss: 0.9330 - val_categorical_accuracy: 0.6450 - lr: 5.0000e-04 - 5s/epoch - 6ms/step
Epoch 47/100
782/782 - 5s - loss: 0.9450 - categorical_accuracy: 0.6381 - val_loss: 0.9326 - val_categorical_accuracy: 0.6451 - lr: 5.0000e-04 - 5s/epoch - 6ms/step
Epoch 48/100
782/782 - 5s - loss: 0.9446 - categorical_accuracy: 0.6382 - val_loss: 0.9323 - val_categorical_accuracy: 0.6455 - lr: 5.0000e-04 - 5s/epoch - 6ms/step
Epoch 49/100
782/782 - 4s - loss: 0.9442 - categorical_accuracy: 0.6384 - val_loss: 0.9319 - val_categorical_accuracy: 0.6455 - lr: 5.0000e-04 - 4s/epoch - 6ms/step
Epoch 50/100
782/782 - 5s - loss: 0.9439 - categorical_accuracy: 0.6385 - val_loss: 0.9317 - val_categorical_accuracy: 0.6458 - lr: 5.0000e-04 - 5s/epoch - 6ms/step
Epoch 51/100
782/782 - 5s - loss: 0.9435 - categorical_accuracy: 0.6386 - val_loss: 0.9310 - val_categorical_accuracy: 0.6458 - lr: 5.0000e-04 - 5s/epoch - 6ms/step
Epoch 52/100
782/782 - 5s - loss: 0.9431 - categorical_accuracy: 0.6388 - val_loss: 0.9305 - val_categorical_accuracy: 0.6459 - lr: 5.0000e-04 - 5s/epoch - 6ms/step
Epoch 53/100
782/782 - 5s - loss: 0.9427 - categorical_accuracy: 0.6389 - val_loss: 0.9303 - val_categorical_accuracy: 0.6460 - lr: 5.0000e-04 - 5s/epoch - 6ms/step
Epoch 54/100
782/782 - 4s - loss: 0.9423 - categorical_accuracy: 0.6392 - val_loss: 0.9300 - val_categorical_accuracy: 0.6463 - lr: 5.0000e-04 - 4s/epoch - 6ms/step
Epoch 55/100
782/782 - 5s - loss: 0.9420 - categorical_accuracy: 0.6395 - val_loss: 0.9297 - val_categorical_accuracy: 0.6464 - lr: 5.0000e-04 - 5s/epoch - 6ms/step
Epoch 56/100
782/782 - 5s - loss: 0.9416 - categorical_accuracy: 0.6394 - val_loss: 0.9298 - val_categorical_accuracy: 0.6466 - lr: 5.0000e-04 - 5s/epoch - 6ms/step
Epoch 57/100
782/782 - 5s - loss: 0.9412 - categorical_accuracy: 0.6398 - val_loss: 0.9295 - val_categorical_accuracy: 0.6466 - lr: 5.0000e-04 - 5s/epoch - 6ms/step
Epoch 58/100
782/782 - 5s - loss: 0.9409 - categorical_accuracy: 0.6398 - val_loss: 0.9292 - val_categorical_accuracy: 0.6468 - lr: 5.0000e-04 - 5s/epoch - 6ms/step
Epoch 59/100
782/782 - 5s - loss: 0.9406 - categorical_accuracy: 0.6399 - val_loss: 0.9284 - val_categorical_accuracy: 0.6476 - lr: 5.0000e-04 - 5s/epoch - 6ms/step
Epoch 60/100
782/782 - 5s - loss: 0.9402 - categorical_accuracy: 0.6400 - val_loss: 0.9279 - val_categorical_accuracy: 0.6479 - lr: 5.0000e-04 - 5s/epoch - 6ms/step
Epoch 61/100
782/782 - 5s - loss: 0.9400 - categorical_accuracy: 0.6400 - val_loss: 0.9280 - val_categorical_accuracy: 0.6476 - lr: 5.0000e-04 - 5s/epoch - 6ms/step
Epoch 62/100
782/782 - 4s - loss: 0.9396 - categorical_accuracy: 0.6401 - val_loss: 0.9276 - val_categorical_accuracy: 0.6477 - lr: 5.0000e-04 - 4s/epoch - 6ms/step
Epoch 63/100
782/782 - 5s - loss: 0.9393 - categorical_accuracy: 0.6402 - val_loss: 0.9274 - val_categorical_accuracy: 0.6479 - lr: 5.0000e-04 - 5s/epoch - 6ms/step
Epoch 64/100
782/782 - 5s - loss: 0.9390 - categorical_accuracy: 0.6404 - val_loss: 0.9277 - val_categorical_accuracy: 0.6477 - lr: 5.0000e-04 - 5s/epoch - 6ms/step
Epoch 65/100
782/782 - 5s - loss: 0.9386 - categorical_accuracy: 0.6406 - val_loss: 0.9277 - val_categorical_accuracy: 0.6474 - lr: 5.0000e-04 - 5s/epoch - 6ms/step
Epoch 66/100
782/782 - 5s - loss: 0.9383 - categorical_accuracy: 0.6406 - val_loss: 0.9278 - val_categorical_accuracy: 0.6472 - lr: 5.0000e-04 - 5s/epoch - 6ms/step
Epoch 67/100
782/782 - 5s - loss: 0.9380 - categorical_accuracy: 0.6407 - val_loss: 0.9272 - val_categorical_accuracy: 0.6473 - lr: 5.0000e-04 - 5s/epoch - 6ms/step
Epoch 68/100
782/782 - 6s - loss: 0.9378 - categorical_accuracy: 0.6408 - val_loss: 0.9273 - val_categorical_accuracy: 0.6472 - lr: 5.0000e-04 - 6s/epoch - 8ms/step
Epoch 69/100
782/782 - 5s - loss: 0.9374 - categorical_accuracy: 0.6409 - val_loss: 0.9272 - val_categorical_accuracy: 0.6468 - lr: 5.0000e-04 - 5s/epoch - 6ms/step
Epoch 70/100
782/782 - 5s - loss: 0.9371 - categorical_accuracy: 0.6411 - val_loss: 0.9278 - val_categorical_accuracy: 0.6466 - lr: 5.0000e-04 - 5s/epoch - 6ms/step
[95m
SAVING RESULTS[0m
==============
[92m
Saved model to: [0m trained_intnets/perm_invariant_conv_3
Loss vs epochs plot saved to trained_intnets/perm_invariant_conv_3.
Accuracy vs epochs plot saved to trained_intnets/perm_invariant_conv_3.
[92m
Jobs done! 🍰✨[0m
