[96m
GPU: NVIDIA GeForce GTX 1080 Ti[0m

----------------
[92mData loading complete:[0m
Training data size: 5.72e+05
Test data size: 0.00e+00
----------------

Shuffling constituents...
[92mShuffled the training data! 🃏
[0m
[92mNumber of constituents: 8
[0m
Instantiating model...
[92mModel compiled and built![0m
[95m
TRAINING THE MODEL 💪[0m
==================

Training parameters
-------------------
[92mOptimiser: 	[0m {'name': 'Adam', 'learning_rate': 0.0005, 'decay': 0.0, 'beta_1': 0.9, 'beta_2': 0.999, 'epsilon': 1e-07, 'amsgrad': False}
[92mBatch size: 	[0m 512
[92mTraining epochs:[0m 100
[92mLoss: 		[0m categorical_crossentropy

Epoch 1/100
782/782 - 9s - loss: 1.1629 - categorical_accuracy: 0.5387 - val_loss: 1.0904 - val_categorical_accuracy: 0.5785 - lr: 5.0000e-04 - 9s/epoch - 11ms/step
Epoch 2/100
782/782 - 5s - loss: 1.0660 - categorical_accuracy: 0.5883 - val_loss: 1.0444 - val_categorical_accuracy: 0.5937 - lr: 5.0000e-04 - 5s/epoch - 6ms/step
Epoch 3/100
782/782 - 5s - loss: 1.0431 - categorical_accuracy: 0.5973 - val_loss: 1.0250 - val_categorical_accuracy: 0.6059 - lr: 5.0000e-04 - 5s/epoch - 6ms/step
Epoch 4/100
782/782 - 5s - loss: 1.0324 - categorical_accuracy: 0.6014 - val_loss: 1.0337 - val_categorical_accuracy: 0.5924 - lr: 5.0000e-04 - 5s/epoch - 6ms/step
Epoch 5/100
782/782 - 5s - loss: 1.0147 - categorical_accuracy: 0.6089 - val_loss: 1.0169 - val_categorical_accuracy: 0.6019 - lr: 5.0000e-04 - 5s/epoch - 6ms/step
Epoch 6/100
782/782 - 5s - loss: 1.0072 - categorical_accuracy: 0.6119 - val_loss: 0.9873 - val_categorical_accuracy: 0.6236 - lr: 5.0000e-04 - 5s/epoch - 6ms/step
Epoch 7/100
782/782 - 5s - loss: 1.0005 - categorical_accuracy: 0.6152 - val_loss: 0.9951 - val_categorical_accuracy: 0.6171 - lr: 5.0000e-04 - 5s/epoch - 6ms/step
Epoch 8/100
782/782 - 5s - loss: 0.9932 - categorical_accuracy: 0.6187 - val_loss: 0.9743 - val_categorical_accuracy: 0.6272 - lr: 5.0000e-04 - 5s/epoch - 6ms/step
Epoch 9/100
782/782 - 5s - loss: 0.9871 - categorical_accuracy: 0.6215 - val_loss: 0.9692 - val_categorical_accuracy: 0.6309 - lr: 5.0000e-04 - 5s/epoch - 6ms/step
Epoch 10/100
782/782 - 5s - loss: 0.9846 - categorical_accuracy: 0.6224 - val_loss: 0.9664 - val_categorical_accuracy: 0.6318 - lr: 5.0000e-04 - 5s/epoch - 6ms/step
Epoch 11/100
782/782 - 5s - loss: 0.9818 - categorical_accuracy: 0.6234 - val_loss: 0.9636 - val_categorical_accuracy: 0.6344 - lr: 5.0000e-04 - 5s/epoch - 6ms/step
Epoch 12/100
782/782 - 5s - loss: 0.9780 - categorical_accuracy: 0.6251 - val_loss: 0.9685 - val_categorical_accuracy: 0.6309 - lr: 5.0000e-04 - 5s/epoch - 6ms/step
Epoch 13/100
782/782 - 5s - loss: 0.9754 - categorical_accuracy: 0.6265 - val_loss: 0.9713 - val_categorical_accuracy: 0.6283 - lr: 5.0000e-04 - 5s/epoch - 6ms/step
Epoch 14/100
782/782 - 5s - loss: 0.9712 - categorical_accuracy: 0.6284 - val_loss: 0.9616 - val_categorical_accuracy: 0.6336 - lr: 5.0000e-04 - 5s/epoch - 6ms/step
Epoch 15/100
782/782 - 5s - loss: 0.9700 - categorical_accuracy: 0.6290 - val_loss: 0.9634 - val_categorical_accuracy: 0.6325 - lr: 5.0000e-04 - 5s/epoch - 6ms/step
Epoch 16/100
782/782 - 5s - loss: 0.9680 - categorical_accuracy: 0.6291 - val_loss: 0.9569 - val_categorical_accuracy: 0.6352 - lr: 5.0000e-04 - 5s/epoch - 6ms/step
Epoch 17/100
782/782 - 5s - loss: 0.9679 - categorical_accuracy: 0.6298 - val_loss: 0.9564 - val_categorical_accuracy: 0.6358 - lr: 5.0000e-04 - 5s/epoch - 6ms/step
Epoch 18/100
782/782 - 5s - loss: 0.9652 - categorical_accuracy: 0.6306 - val_loss: 0.9505 - val_categorical_accuracy: 0.6389 - lr: 5.0000e-04 - 5s/epoch - 6ms/step
Epoch 19/100
782/782 - 5s - loss: 0.9622 - categorical_accuracy: 0.6316 - val_loss: 0.9569 - val_categorical_accuracy: 0.6355 - lr: 5.0000e-04 - 5s/epoch - 6ms/step
Epoch 20/100
782/782 - 4s - loss: 0.9619 - categorical_accuracy: 0.6317 - val_loss: 0.9521 - val_categorical_accuracy: 0.6371 - lr: 5.0000e-04 - 4s/epoch - 6ms/step
Epoch 21/100
782/782 - 5s - loss: 0.9617 - categorical_accuracy: 0.6313 - val_loss: 0.9450 - val_categorical_accuracy: 0.6410 - lr: 5.0000e-04 - 5s/epoch - 6ms/step
Epoch 22/100
782/782 - 5s - loss: 0.9609 - categorical_accuracy: 0.6319 - val_loss: 0.9507 - val_categorical_accuracy: 0.6362 - lr: 5.0000e-04 - 5s/epoch - 6ms/step
Epoch 23/100
782/782 - 5s - loss: 0.9605 - categorical_accuracy: 0.6312 - val_loss: 0.9434 - val_categorical_accuracy: 0.6411 - lr: 5.0000e-04 - 5s/epoch - 6ms/step
Epoch 24/100
782/782 - 5s - loss: 0.9583 - categorical_accuracy: 0.6329 - val_loss: 0.9461 - val_categorical_accuracy: 0.6370 - lr: 5.0000e-04 - 5s/epoch - 6ms/step
Epoch 25/100
782/782 - 5s - loss: 0.9583 - categorical_accuracy: 0.6333 - val_loss: 0.9433 - val_categorical_accuracy: 0.6407 - lr: 5.0000e-04 - 5s/epoch - 6ms/step
Epoch 26/100
782/782 - 5s - loss: 0.9553 - categorical_accuracy: 0.6340 - val_loss: 0.9398 - val_categorical_accuracy: 0.6424 - lr: 5.0000e-04 - 5s/epoch - 6ms/step
Epoch 27/100
782/782 - 5s - loss: 0.9567 - categorical_accuracy: 0.6330 - val_loss: 0.9385 - val_categorical_accuracy: 0.6430 - lr: 5.0000e-04 - 5s/epoch - 6ms/step
Epoch 28/100
782/782 - 5s - loss: 0.9564 - categorical_accuracy: 0.6328 - val_loss: 0.9415 - val_categorical_accuracy: 0.6427 - lr: 5.0000e-04 - 5s/epoch - 6ms/step
Epoch 29/100
782/782 - 5s - loss: 0.9533 - categorical_accuracy: 0.6347 - val_loss: 0.9435 - val_categorical_accuracy: 0.6408 - lr: 5.0000e-04 - 5s/epoch - 6ms/step
Epoch 30/100
782/782 - 5s - loss: 0.9557 - categorical_accuracy: 0.6333 - val_loss: 0.9401 - val_categorical_accuracy: 0.6420 - lr: 5.0000e-04 - 5s/epoch - 6ms/step
Epoch 31/100
782/782 - 5s - loss: 0.9526 - categorical_accuracy: 0.6344 - val_loss: 0.9354 - val_categorical_accuracy: 0.6442 - lr: 5.0000e-04 - 5s/epoch - 6ms/step
Epoch 32/100
782/782 - 5s - loss: 0.9517 - categorical_accuracy: 0.6350 - val_loss: 0.9357 - val_categorical_accuracy: 0.6444 - lr: 5.0000e-04 - 5s/epoch - 6ms/step
Epoch 33/100
782/782 - 5s - loss: 0.9501 - categorical_accuracy: 0.6359 - val_loss: 0.9467 - val_categorical_accuracy: 0.6389 - lr: 5.0000e-04 - 5s/epoch - 6ms/step
Epoch 34/100
782/782 - 5s - loss: 0.9513 - categorical_accuracy: 0.6349 - val_loss: 0.9422 - val_categorical_accuracy: 0.6405 - lr: 5.0000e-04 - 5s/epoch - 6ms/step
Epoch 35/100
782/782 - 5s - loss: 0.9519 - categorical_accuracy: 0.6346 - val_loss: 0.9375 - val_categorical_accuracy: 0.6439 - lr: 5.0000e-04 - 5s/epoch - 6ms/step
Epoch 36/100
782/782 - 5s - loss: 0.9505 - categorical_accuracy: 0.6354 - val_loss: 0.9405 - val_categorical_accuracy: 0.6409 - lr: 5.0000e-04 - 5s/epoch - 6ms/step
Epoch 37/100
782/782 - 5s - loss: 0.9495 - categorical_accuracy: 0.6361 - val_loss: 0.9497 - val_categorical_accuracy: 0.6358 - lr: 5.0000e-04 - 5s/epoch - 6ms/step
Epoch 38/100
782/782 - 5s - loss: 0.9504 - categorical_accuracy: 0.6354 - val_loss: 0.9404 - val_categorical_accuracy: 0.6421 - lr: 5.0000e-04 - 5s/epoch - 6ms/step
Epoch 39/100
782/782 - 5s - loss: 0.9492 - categorical_accuracy: 0.6361 - val_loss: 0.9574 - val_categorical_accuracy: 0.6317 - lr: 5.0000e-04 - 5s/epoch - 6ms/step
Epoch 40/100
782/782 - 5s - loss: 0.9495 - categorical_accuracy: 0.6357 - val_loss: 0.9360 - val_categorical_accuracy: 0.6417 - lr: 5.0000e-04 - 5s/epoch - 6ms/step
Epoch 41/100
782/782 - 5s - loss: 0.9457 - categorical_accuracy: 0.6372 - val_loss: 0.9419 - val_categorical_accuracy: 0.6379 - lr: 5.0000e-04 - 5s/epoch - 6ms/step
Epoch 42/100
782/782 - 5s - loss: 0.9475 - categorical_accuracy: 0.6367 - val_loss: 0.9325 - val_categorical_accuracy: 0.6449 - lr: 5.0000e-04 - 5s/epoch - 6ms/step
Epoch 43/100
782/782 - 4s - loss: 0.9464 - categorical_accuracy: 0.6374 - val_loss: 0.9319 - val_categorical_accuracy: 0.6443 - lr: 5.0000e-04 - 4s/epoch - 5ms/step
Epoch 44/100
782/782 - 4s - loss: 0.9483 - categorical_accuracy: 0.6358 - val_loss: 0.9285 - val_categorical_accuracy: 0.6466 - lr: 5.0000e-04 - 4s/epoch - 6ms/step
Epoch 45/100
782/782 - 4s - loss: 0.9440 - categorical_accuracy: 0.6379 - val_loss: 0.9277 - val_categorical_accuracy: 0.6474 - lr: 5.0000e-04 - 4s/epoch - 6ms/step
Epoch 46/100
782/782 - 4s - loss: 0.9452 - categorical_accuracy: 0.6372 - val_loss: 0.9317 - val_categorical_accuracy: 0.6455 - lr: 5.0000e-04 - 4s/epoch - 6ms/step
Epoch 47/100
782/782 - 5s - loss: 0.9441 - categorical_accuracy: 0.6385 - val_loss: 0.9290 - val_categorical_accuracy: 0.6461 - lr: 5.0000e-04 - 5s/epoch - 7ms/step
Epoch 48/100
782/782 - 4s - loss: 0.9465 - categorical_accuracy: 0.6365 - val_loss: 0.9324 - val_categorical_accuracy: 0.6448 - lr: 5.0000e-04 - 4s/epoch - 6ms/step
Epoch 49/100
782/782 - 4s - loss: 0.9438 - categorical_accuracy: 0.6379 - val_loss: 0.9378 - val_categorical_accuracy: 0.6390 - lr: 5.0000e-04 - 4s/epoch - 5ms/step
Epoch 50/100
782/782 - 4s - loss: 0.9449 - categorical_accuracy: 0.6374 - val_loss: 0.9329 - val_categorical_accuracy: 0.6429 - lr: 5.0000e-04 - 4s/epoch - 6ms/step
Epoch 51/100
782/782 - 4s - loss: 0.9432 - categorical_accuracy: 0.6382 - val_loss: 0.9256 - val_categorical_accuracy: 0.6484 - lr: 5.0000e-04 - 4s/epoch - 6ms/step
Epoch 52/100
782/782 - 4s - loss: 0.9434 - categorical_accuracy: 0.6381 - val_loss: 0.9323 - val_categorical_accuracy: 0.6446 - lr: 5.0000e-04 - 4s/epoch - 5ms/step
Epoch 53/100
782/782 - 4s - loss: 0.9415 - categorical_accuracy: 0.6389 - val_loss: 0.9409 - val_categorical_accuracy: 0.6396 - lr: 5.0000e-04 - 4s/epoch - 6ms/step
Epoch 54/100
782/782 - 4s - loss: 0.9427 - categorical_accuracy: 0.6380 - val_loss: 0.9253 - val_categorical_accuracy: 0.6480 - lr: 5.0000e-04 - 4s/epoch - 5ms/step
Epoch 55/100
782/782 - 4s - loss: 0.9419 - categorical_accuracy: 0.6389 - val_loss: 0.9266 - val_categorical_accuracy: 0.6465 - lr: 5.0000e-04 - 4s/epoch - 5ms/step
Epoch 56/100
782/782 - 4s - loss: 0.9426 - categorical_accuracy: 0.6383 - val_loss: 0.9312 - val_categorical_accuracy: 0.6430 - lr: 5.0000e-04 - 4s/epoch - 5ms/step
Epoch 57/100
782/782 - 4s - loss: 0.9405 - categorical_accuracy: 0.6395 - val_loss: 0.9307 - val_categorical_accuracy: 0.6434 - lr: 5.0000e-04 - 4s/epoch - 6ms/step
Epoch 58/100
782/782 - 4s - loss: 0.9388 - categorical_accuracy: 0.6402 - val_loss: 0.9250 - val_categorical_accuracy: 0.6473 - lr: 5.0000e-04 - 4s/epoch - 6ms/step
Epoch 59/100
782/782 - 4s - loss: 0.9397 - categorical_accuracy: 0.6394 - val_loss: 0.9471 - val_categorical_accuracy: 0.6360 - lr: 5.0000e-04 - 4s/epoch - 6ms/step
Epoch 60/100
782/782 - 4s - loss: 0.9396 - categorical_accuracy: 0.6392 - val_loss: 0.9299 - val_categorical_accuracy: 0.6462 - lr: 5.0000e-04 - 4s/epoch - 5ms/step
Epoch 61/100
782/782 - 4s - loss: 0.9376 - categorical_accuracy: 0.6407 - val_loss: 0.9225 - val_categorical_accuracy: 0.6486 - lr: 5.0000e-04 - 4s/epoch - 5ms/step
Epoch 62/100
782/782 - 4s - loss: 0.9380 - categorical_accuracy: 0.6403 - val_loss: 0.9267 - val_categorical_accuracy: 0.6456 - lr: 5.0000e-04 - 4s/epoch - 6ms/step
Epoch 63/100
782/782 - 4s - loss: 0.9387 - categorical_accuracy: 0.6399 - val_loss: 0.9267 - val_categorical_accuracy: 0.6471 - lr: 5.0000e-04 - 4s/epoch - 5ms/step
Epoch 64/100
782/782 - 4s - loss: 0.9391 - categorical_accuracy: 0.6399 - val_loss: 0.9226 - val_categorical_accuracy: 0.6495 - lr: 5.0000e-04 - 4s/epoch - 6ms/step
Epoch 65/100
782/782 - 4s - loss: 0.9380 - categorical_accuracy: 0.6405 - val_loss: 0.9212 - val_categorical_accuracy: 0.6495 - lr: 5.0000e-04 - 4s/epoch - 5ms/step
Epoch 66/100
782/782 - 4s - loss: 0.9375 - categorical_accuracy: 0.6400 - val_loss: 0.9218 - val_categorical_accuracy: 0.6488 - lr: 5.0000e-04 - 4s/epoch - 6ms/step
Epoch 67/100
782/782 - 4s - loss: 0.9365 - categorical_accuracy: 0.6408 - val_loss: 0.9227 - val_categorical_accuracy: 0.6496 - lr: 5.0000e-04 - 4s/epoch - 6ms/step
Epoch 68/100
782/782 - 4s - loss: 0.9362 - categorical_accuracy: 0.6407 - val_loss: 0.9213 - val_categorical_accuracy: 0.6495 - lr: 5.0000e-04 - 4s/epoch - 5ms/step
Epoch 69/100
782/782 - 4s - loss: 0.9353 - categorical_accuracy: 0.6414 - val_loss: 0.9216 - val_categorical_accuracy: 0.6491 - lr: 5.0000e-04 - 4s/epoch - 6ms/step
Epoch 70/100
782/782 - 4s - loss: 0.9381 - categorical_accuracy: 0.6400 - val_loss: 0.9225 - val_categorical_accuracy: 0.6496 - lr: 5.0000e-04 - 4s/epoch - 5ms/step
Epoch 71/100
782/782 - 4s - loss: 0.9358 - categorical_accuracy: 0.6415 - val_loss: 0.9203 - val_categorical_accuracy: 0.6491 - lr: 5.0000e-04 - 4s/epoch - 6ms/step
Epoch 72/100
782/782 - 4s - loss: 0.9348 - categorical_accuracy: 0.6418 - val_loss: 0.9211 - val_categorical_accuracy: 0.6483 - lr: 5.0000e-04 - 4s/epoch - 5ms/step
Epoch 73/100
782/782 - 4s - loss: 0.9346 - categorical_accuracy: 0.6412 - val_loss: 0.9199 - val_categorical_accuracy: 0.6496 - lr: 5.0000e-04 - 4s/epoch - 6ms/step
Epoch 74/100
782/782 - 4s - loss: 0.9337 - categorical_accuracy: 0.6423 - val_loss: 0.9434 - val_categorical_accuracy: 0.6344 - lr: 5.0000e-04 - 4s/epoch - 5ms/step
Epoch 75/100
782/782 - 4s - loss: 0.9347 - categorical_accuracy: 0.6415 - val_loss: 0.9307 - val_categorical_accuracy: 0.6438 - lr: 5.0000e-04 - 4s/epoch - 5ms/step
Epoch 76/100
782/782 - 4s - loss: 0.9356 - categorical_accuracy: 0.6407 - val_loss: 0.9184 - val_categorical_accuracy: 0.6501 - lr: 5.0000e-04 - 4s/epoch - 6ms/step
Epoch 77/100
782/782 - 4s - loss: 0.9346 - categorical_accuracy: 0.6415 - val_loss: 0.9332 - val_categorical_accuracy: 0.6419 - lr: 5.0000e-04 - 4s/epoch - 5ms/step
Epoch 78/100
782/782 - 4s - loss: 0.9341 - categorical_accuracy: 0.6422 - val_loss: 0.9188 - val_categorical_accuracy: 0.6497 - lr: 5.0000e-04 - 4s/epoch - 6ms/step
Epoch 79/100
782/782 - 4s - loss: 0.9318 - categorical_accuracy: 0.6429 - val_loss: 0.9210 - val_categorical_accuracy: 0.6487 - lr: 5.0000e-04 - 4s/epoch - 5ms/step
Epoch 80/100
782/782 - 4s - loss: 0.9353 - categorical_accuracy: 0.6410 - val_loss: 0.9174 - val_categorical_accuracy: 0.6503 - lr: 5.0000e-04 - 4s/epoch - 6ms/step
Epoch 81/100
782/782 - 4s - loss: 0.9331 - categorical_accuracy: 0.6420 - val_loss: 0.9182 - val_categorical_accuracy: 0.6504 - lr: 5.0000e-04 - 4s/epoch - 6ms/step
Epoch 82/100
782/782 - 4s - loss: 0.9326 - categorical_accuracy: 0.6425 - val_loss: 0.9164 - val_categorical_accuracy: 0.6504 - lr: 5.0000e-04 - 4s/epoch - 6ms/step
Epoch 83/100
782/782 - 4s - loss: 0.9327 - categorical_accuracy: 0.6423 - val_loss: 0.9210 - val_categorical_accuracy: 0.6480 - lr: 5.0000e-04 - 4s/epoch - 6ms/step
Epoch 84/100
782/782 - 4s - loss: 0.9314 - categorical_accuracy: 0.6427 - val_loss: 0.9142 - val_categorical_accuracy: 0.6520 - lr: 5.0000e-04 - 4s/epoch - 5ms/step
Epoch 85/100
782/782 - 4s - loss: 0.9322 - categorical_accuracy: 0.6422 - val_loss: 0.9224 - val_categorical_accuracy: 0.6486 - lr: 5.0000e-04 - 4s/epoch - 5ms/step
Epoch 86/100
782/782 - 4s - loss: 0.9324 - categorical_accuracy: 0.6432 - val_loss: 0.9351 - val_categorical_accuracy: 0.6416 - lr: 5.0000e-04 - 4s/epoch - 5ms/step
Epoch 87/100
782/782 - 4s - loss: 0.9296 - categorical_accuracy: 0.6435 - val_loss: 0.9191 - val_categorical_accuracy: 0.6495 - lr: 5.0000e-04 - 4s/epoch - 6ms/step
Epoch 88/100
782/782 - 4s - loss: 0.9302 - categorical_accuracy: 0.6431 - val_loss: 0.9167 - val_categorical_accuracy: 0.6511 - lr: 5.0000e-04 - 4s/epoch - 5ms/step
Epoch 89/100
782/782 - 4s - loss: 0.9298 - categorical_accuracy: 0.6434 - val_loss: 0.9162 - val_categorical_accuracy: 0.6502 - lr: 5.0000e-04 - 4s/epoch - 5ms/step
Epoch 90/100
782/782 - 4s - loss: 0.9302 - categorical_accuracy: 0.6436 - val_loss: 0.9186 - val_categorical_accuracy: 0.6503 - lr: 5.0000e-04 - 4s/epoch - 6ms/step
Epoch 91/100
782/782 - 4s - loss: 0.9292 - categorical_accuracy: 0.6433 - val_loss: 0.9152 - val_categorical_accuracy: 0.6509 - lr: 5.0000e-04 - 4s/epoch - 5ms/step
Epoch 92/100
782/782 - 4s - loss: 0.9297 - categorical_accuracy: 0.6428 - val_loss: 0.9232 - val_categorical_accuracy: 0.6469 - lr: 5.0000e-04 - 4s/epoch - 6ms/step
Epoch 93/100
782/782 - 4s - loss: 0.9289 - categorical_accuracy: 0.6438 - val_loss: 0.9175 - val_categorical_accuracy: 0.6516 - lr: 5.0000e-04 - 4s/epoch - 6ms/step
Epoch 94/100
782/782 - 4s - loss: 0.9288 - categorical_accuracy: 0.6440 - val_loss: 0.9190 - val_categorical_accuracy: 0.6487 - lr: 5.0000e-04 - 4s/epoch - 6ms/step
[95m
SAVING RESULTS[0m
==============
[92m
Saved model to: [0m trained_intnets/perm_invariant_conv_3
Loss vs epochs plot saved to trained_intnets/perm_invariant_conv_3.
Accuracy vs epochs plot saved to trained_intnets/perm_invariant_conv_3.
[92m
Jobs done! 🍰✨[0m
