[96m
GPU: NVIDIA GeForce GTX 1080 Ti[0m

----------------
[92mData loading complete:[0m
Training data size: 5.72e+05
Test data size: 0.00e+00
----------------

Shuffling constituents...
[92mShuffled the training data! 🃏
[0m
[92mNumber of constituents: 8[0m
Instantiating model...
[92mModel compiled and built![0m
[95m
TRAINING THE MODEL 💪[0m
==================
Epoch 1/100
782/782 - 8s - loss: 1.1629 - categorical_accuracy: 0.5387 - val_loss: 1.0908 - val_categorical_accuracy: 0.5782 - lr: 5.0000e-04 - 8s/epoch - 10ms/step
Epoch 2/100
782/782 - 4s - loss: 1.0660 - categorical_accuracy: 0.5880 - val_loss: 1.0446 - val_categorical_accuracy: 0.5938 - lr: 5.0000e-04 - 4s/epoch - 5ms/step
Epoch 3/100
782/782 - 4s - loss: 1.0433 - categorical_accuracy: 0.5972 - val_loss: 1.0253 - val_categorical_accuracy: 0.6060 - lr: 5.0000e-04 - 4s/epoch - 5ms/step
Epoch 4/100
782/782 - 4s - loss: 1.0330 - categorical_accuracy: 0.6010 - val_loss: 1.0325 - val_categorical_accuracy: 0.5929 - lr: 5.0000e-04 - 4s/epoch - 5ms/step
Epoch 5/100
782/782 - 4s - loss: 1.0154 - categorical_accuracy: 0.6086 - val_loss: 1.0187 - val_categorical_accuracy: 0.6009 - lr: 5.0000e-04 - 4s/epoch - 5ms/step
Epoch 6/100
782/782 - 4s - loss: 1.0078 - categorical_accuracy: 0.6117 - val_loss: 0.9881 - val_categorical_accuracy: 0.6231 - lr: 5.0000e-04 - 4s/epoch - 5ms/step
Epoch 7/100
782/782 - 4s - loss: 1.0009 - categorical_accuracy: 0.6149 - val_loss: 0.9953 - val_categorical_accuracy: 0.6176 - lr: 5.0000e-04 - 4s/epoch - 5ms/step
Epoch 8/100
782/782 - 4s - loss: 0.9936 - categorical_accuracy: 0.6184 - val_loss: 0.9747 - val_categorical_accuracy: 0.6270 - lr: 5.0000e-04 - 4s/epoch - 5ms/step
Epoch 9/100
782/782 - 4s - loss: 0.9878 - categorical_accuracy: 0.6210 - val_loss: 0.9698 - val_categorical_accuracy: 0.6303 - lr: 5.0000e-04 - 4s/epoch - 5ms/step
Epoch 10/100
782/782 - 4s - loss: 0.9853 - categorical_accuracy: 0.6218 - val_loss: 0.9672 - val_categorical_accuracy: 0.6320 - lr: 5.0000e-04 - 4s/epoch - 5ms/step
Epoch 11/100
782/782 - 4s - loss: 0.9823 - categorical_accuracy: 0.6230 - val_loss: 0.9637 - val_categorical_accuracy: 0.6340 - lr: 5.0000e-04 - 4s/epoch - 5ms/step
Epoch 12/100
782/782 - 4s - loss: 0.9786 - categorical_accuracy: 0.6246 - val_loss: 0.9725 - val_categorical_accuracy: 0.6289 - lr: 5.0000e-04 - 4s/epoch - 5ms/step
Epoch 13/100
782/782 - 4s - loss: 0.9763 - categorical_accuracy: 0.6258 - val_loss: 0.9716 - val_categorical_accuracy: 0.6283 - lr: 5.0000e-04 - 4s/epoch - 5ms/step
Epoch 14/100
782/782 - 4s - loss: 0.9719 - categorical_accuracy: 0.6279 - val_loss: 0.9620 - val_categorical_accuracy: 0.6341 - lr: 5.0000e-04 - 4s/epoch - 5ms/step
Epoch 15/100
782/782 - 4s - loss: 0.9706 - categorical_accuracy: 0.6286 - val_loss: 0.9654 - val_categorical_accuracy: 0.6323 - lr: 5.0000e-04 - 4s/epoch - 5ms/step
Epoch 16/100
782/782 - 4s - loss: 0.9686 - categorical_accuracy: 0.6288 - val_loss: 0.9571 - val_categorical_accuracy: 0.6357 - lr: 5.0000e-04 - 4s/epoch - 5ms/step
Epoch 17/100
782/782 - 4s - loss: 0.9683 - categorical_accuracy: 0.6297 - val_loss: 0.9585 - val_categorical_accuracy: 0.6350 - lr: 5.0000e-04 - 4s/epoch - 5ms/step
Epoch 18/100
782/782 - 4s - loss: 0.9654 - categorical_accuracy: 0.6302 - val_loss: 0.9510 - val_categorical_accuracy: 0.6385 - lr: 5.0000e-04 - 4s/epoch - 5ms/step
Epoch 19/100
782/782 - 4s - loss: 0.9623 - categorical_accuracy: 0.6319 - val_loss: 0.9583 - val_categorical_accuracy: 0.6343 - lr: 5.0000e-04 - 4s/epoch - 5ms/step
Epoch 20/100
782/782 - 4s - loss: 0.9619 - categorical_accuracy: 0.6316 - val_loss: 0.9524 - val_categorical_accuracy: 0.6369 - lr: 5.0000e-04 - 4s/epoch - 5ms/step
Epoch 21/100
782/782 - 4s - loss: 0.9621 - categorical_accuracy: 0.6308 - val_loss: 0.9449 - val_categorical_accuracy: 0.6409 - lr: 5.0000e-04 - 4s/epoch - 5ms/step
Epoch 22/100
782/782 - 4s - loss: 0.9612 - categorical_accuracy: 0.6317 - val_loss: 0.9488 - val_categorical_accuracy: 0.6368 - lr: 5.0000e-04 - 4s/epoch - 5ms/step
Epoch 23/100
782/782 - 4s - loss: 0.9608 - categorical_accuracy: 0.6311 - val_loss: 0.9441 - val_categorical_accuracy: 0.6402 - lr: 5.0000e-04 - 4s/epoch - 5ms/step
Epoch 24/100
782/782 - 4s - loss: 0.9584 - categorical_accuracy: 0.6330 - val_loss: 0.9448 - val_categorical_accuracy: 0.6378 - lr: 5.0000e-04 - 4s/epoch - 5ms/step
Epoch 25/100
782/782 - 4s - loss: 0.9584 - categorical_accuracy: 0.6331 - val_loss: 0.9445 - val_categorical_accuracy: 0.6394 - lr: 5.0000e-04 - 4s/epoch - 5ms/step
Epoch 26/100
782/782 - 4s - loss: 0.9556 - categorical_accuracy: 0.6338 - val_loss: 0.9392 - val_categorical_accuracy: 0.6430 - lr: 5.0000e-04 - 4s/epoch - 5ms/step
Epoch 27/100
782/782 - 4s - loss: 0.9566 - categorical_accuracy: 0.6329 - val_loss: 0.9396 - val_categorical_accuracy: 0.6425 - lr: 5.0000e-04 - 4s/epoch - 5ms/step
Epoch 28/100
782/782 - 4s - loss: 0.9563 - categorical_accuracy: 0.6330 - val_loss: 0.9419 - val_categorical_accuracy: 0.6426 - lr: 5.0000e-04 - 4s/epoch - 5ms/step
Epoch 29/100
782/782 - 4s - loss: 0.9531 - categorical_accuracy: 0.6346 - val_loss: 0.9418 - val_categorical_accuracy: 0.6417 - lr: 5.0000e-04 - 4s/epoch - 5ms/step
Epoch 30/100
782/782 - 4s - loss: 0.9556 - categorical_accuracy: 0.6333 - val_loss: 0.9416 - val_categorical_accuracy: 0.6411 - lr: 5.0000e-04 - 4s/epoch - 5ms/step
Epoch 31/100
782/782 - 4s - loss: 0.9526 - categorical_accuracy: 0.6345 - val_loss: 0.9353 - val_categorical_accuracy: 0.6448 - lr: 5.0000e-04 - 4s/epoch - 5ms/step
Epoch 32/100
782/782 - 4s - loss: 0.9514 - categorical_accuracy: 0.6352 - val_loss: 0.9348 - val_categorical_accuracy: 0.6444 - lr: 5.0000e-04 - 4s/epoch - 5ms/step
Epoch 33/100
782/782 - 4s - loss: 0.9498 - categorical_accuracy: 0.6356 - val_loss: 0.9439 - val_categorical_accuracy: 0.6399 - lr: 5.0000e-04 - 4s/epoch - 5ms/step
Epoch 34/100
782/782 - 5s - loss: 0.9511 - categorical_accuracy: 0.6350 - val_loss: 0.9405 - val_categorical_accuracy: 0.6406 - lr: 5.0000e-04 - 5s/epoch - 7ms/step
Epoch 35/100
782/782 - 4s - loss: 0.9523 - categorical_accuracy: 0.6343 - val_loss: 0.9373 - val_categorical_accuracy: 0.6445 - lr: 5.0000e-04 - 4s/epoch - 5ms/step
Epoch 36/100
782/782 - 4s - loss: 0.9500 - categorical_accuracy: 0.6358 - val_loss: 0.9385 - val_categorical_accuracy: 0.6423 - lr: 5.0000e-04 - 4s/epoch - 5ms/step
Epoch 37/100
782/782 - 4s - loss: 0.9496 - categorical_accuracy: 0.6359 - val_loss: 0.9508 - val_categorical_accuracy: 0.6349 - lr: 5.0000e-04 - 4s/epoch - 5ms/step
Epoch 38/100
782/782 - 4s - loss: 0.9502 - categorical_accuracy: 0.6354 - val_loss: 0.9384 - val_categorical_accuracy: 0.6431 - lr: 5.0000e-04 - 4s/epoch - 5ms/step
Epoch 39/100
782/782 - 4s - loss: 0.9491 - categorical_accuracy: 0.6361 - val_loss: 0.9563 - val_categorical_accuracy: 0.6328 - lr: 5.0000e-04 - 4s/epoch - 5ms/step
Epoch 40/100
782/782 - 4s - loss: 0.9492 - categorical_accuracy: 0.6358 - val_loss: 0.9347 - val_categorical_accuracy: 0.6427 - lr: 5.0000e-04 - 4s/epoch - 5ms/step
Epoch 41/100
782/782 - 5s - loss: 0.9454 - categorical_accuracy: 0.6373 - val_loss: 0.9407 - val_categorical_accuracy: 0.6380 - lr: 5.0000e-04 - 5s/epoch - 6ms/step
[95m
SAVING RESULTS[0m
==============
[92m
Saved model to: [0m trained_intnets/perm_invariant_conv_3
Loss vs epochs plot saved to trained_intnets/perm_invariant_conv_3.
Accuracy vs epochs plot saved to trained_intnets/perm_invariant_conv_3.
[92m
Jobs done! 🍰✨[0m
