[96m
GPU: NVIDIA GeForce GTX 1080 Ti[0m

----------------
[92mData loading complete:[0m
Training data size: 5.72e+05
Test data size: 0.00e+00
----------------

Shuffling constituents...
[92mShuffled the training data! 🃏
[0m
[92mNumber of constituents: 8[0m
Instantiating model...
[92mModel compiled and built![0m
[95m
TRAINING THE MODEL 💪[0m
==================
Epoch 1/100
782/782 - 8s - loss: 1.1962 - categorical_accuracy: 0.5111 - val_loss: 1.0815 - val_categorical_accuracy: 0.5848 - lr: 5.0000e-04 - 8s/epoch - 11ms/step
Epoch 2/100
782/782 - 4s - loss: 1.0563 - categorical_accuracy: 0.5950 - val_loss: 1.0448 - val_categorical_accuracy: 0.5957 - lr: 5.0000e-04 - 4s/epoch - 5ms/step
Epoch 3/100
782/782 - 4s - loss: 1.0301 - categorical_accuracy: 0.6061 - val_loss: 1.0086 - val_categorical_accuracy: 0.6197 - lr: 5.0000e-04 - 4s/epoch - 5ms/step
Epoch 4/100
782/782 - 4s - loss: 1.0181 - categorical_accuracy: 0.6113 - val_loss: 0.9997 - val_categorical_accuracy: 0.6207 - lr: 5.0000e-04 - 4s/epoch - 5ms/step
Epoch 5/100
782/782 - 4s - loss: 1.0052 - categorical_accuracy: 0.6165 - val_loss: 1.0064 - val_categorical_accuracy: 0.6116 - lr: 5.0000e-04 - 4s/epoch - 5ms/step
Epoch 6/100
782/782 - 4s - loss: 0.9999 - categorical_accuracy: 0.6179 - val_loss: 0.9827 - val_categorical_accuracy: 0.6268 - lr: 5.0000e-04 - 4s/epoch - 5ms/step
Epoch 7/100
782/782 - 4s - loss: 0.9937 - categorical_accuracy: 0.6195 - val_loss: 0.9846 - val_categorical_accuracy: 0.6229 - lr: 5.0000e-04 - 4s/epoch - 5ms/step
Epoch 8/100
782/782 - 4s - loss: 0.9879 - categorical_accuracy: 0.6216 - val_loss: 0.9730 - val_categorical_accuracy: 0.6284 - lr: 5.0000e-04 - 4s/epoch - 5ms/step
Epoch 9/100
782/782 - 4s - loss: 0.9835 - categorical_accuracy: 0.6235 - val_loss: 0.9668 - val_categorical_accuracy: 0.6314 - lr: 5.0000e-04 - 4s/epoch - 5ms/step
Epoch 10/100
782/782 - 4s - loss: 0.9803 - categorical_accuracy: 0.6242 - val_loss: 0.9647 - val_categorical_accuracy: 0.6326 - lr: 5.0000e-04 - 4s/epoch - 5ms/step
Epoch 11/100
782/782 - 4s - loss: 0.9795 - categorical_accuracy: 0.6237 - val_loss: 0.9699 - val_categorical_accuracy: 0.6291 - lr: 5.0000e-04 - 4s/epoch - 5ms/step
Epoch 12/100
782/782 - 4s - loss: 0.9751 - categorical_accuracy: 0.6255 - val_loss: 0.9739 - val_categorical_accuracy: 0.6267 - lr: 5.0000e-04 - 4s/epoch - 5ms/step
Epoch 13/100
782/782 - 4s - loss: 0.9736 - categorical_accuracy: 0.6263 - val_loss: 0.9589 - val_categorical_accuracy: 0.6337 - lr: 5.0000e-04 - 4s/epoch - 5ms/step
Epoch 14/100
782/782 - 4s - loss: 0.9714 - categorical_accuracy: 0.6271 - val_loss: 0.9640 - val_categorical_accuracy: 0.6324 - lr: 5.0000e-04 - 4s/epoch - 5ms/step
Epoch 15/100
782/782 - 4s - loss: 0.9687 - categorical_accuracy: 0.6283 - val_loss: 0.9580 - val_categorical_accuracy: 0.6344 - lr: 5.0000e-04 - 4s/epoch - 5ms/step
Epoch 16/100
782/782 - 4s - loss: 0.9668 - categorical_accuracy: 0.6287 - val_loss: 0.9533 - val_categorical_accuracy: 0.6365 - lr: 5.0000e-04 - 4s/epoch - 5ms/step
Epoch 17/100
782/782 - 4s - loss: 0.9664 - categorical_accuracy: 0.6286 - val_loss: 0.9530 - val_categorical_accuracy: 0.6380 - lr: 5.0000e-04 - 4s/epoch - 5ms/step
Epoch 18/100
782/782 - 4s - loss: 0.9642 - categorical_accuracy: 0.6294 - val_loss: 0.9490 - val_categorical_accuracy: 0.6381 - lr: 5.0000e-04 - 4s/epoch - 5ms/step
Epoch 19/100
782/782 - 4s - loss: 0.9613 - categorical_accuracy: 0.6307 - val_loss: 0.9497 - val_categorical_accuracy: 0.6376 - lr: 5.0000e-04 - 4s/epoch - 5ms/step
Epoch 20/100
782/782 - 4s - loss: 0.9610 - categorical_accuracy: 0.6308 - val_loss: 0.9500 - val_categorical_accuracy: 0.6377 - lr: 5.0000e-04 - 4s/epoch - 5ms/step
Epoch 21/100
782/782 - 4s - loss: 0.9600 - categorical_accuracy: 0.6315 - val_loss: 0.9457 - val_categorical_accuracy: 0.6397 - lr: 5.0000e-04 - 4s/epoch - 5ms/step
Epoch 22/100
782/782 - 4s - loss: 0.9593 - categorical_accuracy: 0.6315 - val_loss: 0.9456 - val_categorical_accuracy: 0.6402 - lr: 5.0000e-04 - 4s/epoch - 5ms/step
Epoch 23/100
782/782 - 4s - loss: 0.9595 - categorical_accuracy: 0.6310 - val_loss: 0.9432 - val_categorical_accuracy: 0.6404 - lr: 5.0000e-04 - 4s/epoch - 5ms/step
Epoch 24/100
782/782 - 4s - loss: 0.9578 - categorical_accuracy: 0.6322 - val_loss: 0.9440 - val_categorical_accuracy: 0.6382 - lr: 5.0000e-04 - 4s/epoch - 5ms/step
Epoch 25/100
782/782 - 4s - loss: 0.9565 - categorical_accuracy: 0.6324 - val_loss: 0.9430 - val_categorical_accuracy: 0.6409 - lr: 5.0000e-04 - 4s/epoch - 5ms/step
Epoch 26/100
782/782 - 4s - loss: 0.9542 - categorical_accuracy: 0.6337 - val_loss: 0.9428 - val_categorical_accuracy: 0.6399 - lr: 5.0000e-04 - 4s/epoch - 5ms/step
Epoch 27/100
782/782 - 4s - loss: 0.9541 - categorical_accuracy: 0.6333 - val_loss: 0.9426 - val_categorical_accuracy: 0.6402 - lr: 5.0000e-04 - 4s/epoch - 5ms/step
Epoch 28/100
782/782 - 4s - loss: 0.9543 - categorical_accuracy: 0.6331 - val_loss: 0.9415 - val_categorical_accuracy: 0.6419 - lr: 5.0000e-04 - 4s/epoch - 5ms/step
Epoch 29/100
782/782 - 5s - loss: 0.9515 - categorical_accuracy: 0.6350 - val_loss: 0.9478 - val_categorical_accuracy: 0.6359 - lr: 5.0000e-04 - 5s/epoch - 6ms/step
Epoch 30/100
782/782 - 4s - loss: 0.9530 - categorical_accuracy: 0.6338 - val_loss: 0.9423 - val_categorical_accuracy: 0.6419 - lr: 5.0000e-04 - 4s/epoch - 5ms/step
Epoch 31/100
782/782 - 4s - loss: 0.9506 - categorical_accuracy: 0.6347 - val_loss: 0.9379 - val_categorical_accuracy: 0.6428 - lr: 5.0000e-04 - 4s/epoch - 5ms/step
Epoch 32/100
782/782 - 4s - loss: 0.9496 - categorical_accuracy: 0.6356 - val_loss: 0.9338 - val_categorical_accuracy: 0.6443 - lr: 5.0000e-04 - 4s/epoch - 5ms/step
Epoch 33/100
782/782 - 4s - loss: 0.9477 - categorical_accuracy: 0.6360 - val_loss: 0.9403 - val_categorical_accuracy: 0.6417 - lr: 5.0000e-04 - 4s/epoch - 5ms/step
Epoch 34/100
782/782 - 4s - loss: 0.9488 - categorical_accuracy: 0.6352 - val_loss: 0.9372 - val_categorical_accuracy: 0.6422 - lr: 5.0000e-04 - 4s/epoch - 5ms/step
Epoch 35/100
782/782 - 4s - loss: 0.9488 - categorical_accuracy: 0.6357 - val_loss: 0.9364 - val_categorical_accuracy: 0.6441 - lr: 5.0000e-04 - 4s/epoch - 5ms/step
Epoch 36/100
782/782 - 4s - loss: 0.9471 - categorical_accuracy: 0.6360 - val_loss: 0.9398 - val_categorical_accuracy: 0.6419 - lr: 5.0000e-04 - 4s/epoch - 5ms/step
Epoch 37/100
782/782 - 4s - loss: 0.9468 - categorical_accuracy: 0.6366 - val_loss: 0.9490 - val_categorical_accuracy: 0.6372 - lr: 5.0000e-04 - 4s/epoch - 5ms/step
Epoch 38/100
782/782 - 4s - loss: 0.9471 - categorical_accuracy: 0.6365 - val_loss: 0.9349 - val_categorical_accuracy: 0.6446 - lr: 5.0000e-04 - 4s/epoch - 5ms/step
Epoch 39/100
782/782 - 4s - loss: 0.9459 - categorical_accuracy: 0.6372 - val_loss: 0.9470 - val_categorical_accuracy: 0.6365 - lr: 5.0000e-04 - 4s/epoch - 5ms/step
Epoch 40/100
782/782 - 5s - loss: 0.9459 - categorical_accuracy: 0.6369 - val_loss: 0.9330 - val_categorical_accuracy: 0.6443 - lr: 5.0000e-04 - 5s/epoch - 6ms/step
Epoch 41/100
782/782 - 4s - loss: 0.9429 - categorical_accuracy: 0.6384 - val_loss: 0.9418 - val_categorical_accuracy: 0.6374 - lr: 5.0000e-04 - 4s/epoch - 5ms/step
Epoch 42/100
782/782 - 4s - loss: 0.9438 - categorical_accuracy: 0.6377 - val_loss: 0.9347 - val_categorical_accuracy: 0.6418 - lr: 5.0000e-04 - 4s/epoch - 5ms/step
Epoch 43/100
782/782 - 4s - loss: 0.9427 - categorical_accuracy: 0.6386 - val_loss: 0.9288 - val_categorical_accuracy: 0.6458 - lr: 5.0000e-04 - 4s/epoch - 5ms/step
Epoch 44/100
782/782 - 4s - loss: 0.9437 - categorical_accuracy: 0.6379 - val_loss: 0.9288 - val_categorical_accuracy: 0.6469 - lr: 5.0000e-04 - 4s/epoch - 5ms/step
Epoch 45/100
782/782 - 4s - loss: 0.9404 - categorical_accuracy: 0.6396 - val_loss: 0.9271 - val_categorical_accuracy: 0.6475 - lr: 5.0000e-04 - 4s/epoch - 5ms/step
Epoch 46/100
782/782 - 4s - loss: 0.9402 - categorical_accuracy: 0.6394 - val_loss: 0.9309 - val_categorical_accuracy: 0.6460 - lr: 5.0000e-04 - 4s/epoch - 5ms/step
Epoch 47/100
782/782 - 4s - loss: 0.9401 - categorical_accuracy: 0.6395 - val_loss: 0.9273 - val_categorical_accuracy: 0.6464 - lr: 5.0000e-04 - 4s/epoch - 5ms/step
Epoch 48/100
782/782 - 4s - loss: 0.9422 - categorical_accuracy: 0.6385 - val_loss: 0.9344 - val_categorical_accuracy: 0.6436 - lr: 5.0000e-04 - 4s/epoch - 5ms/step
Epoch 49/100
782/782 - 4s - loss: 0.9402 - categorical_accuracy: 0.6394 - val_loss: 0.9366 - val_categorical_accuracy: 0.6393 - lr: 5.0000e-04 - 4s/epoch - 5ms/step
Epoch 50/100
782/782 - 4s - loss: 0.9405 - categorical_accuracy: 0.6391 - val_loss: 0.9261 - val_categorical_accuracy: 0.6464 - lr: 5.0000e-04 - 4s/epoch - 5ms/step
Epoch 51/100
782/782 - 4s - loss: 0.9389 - categorical_accuracy: 0.6403 - val_loss: 0.9253 - val_categorical_accuracy: 0.6480 - lr: 5.0000e-04 - 4s/epoch - 5ms/step
Epoch 52/100
782/782 - 4s - loss: 0.9397 - categorical_accuracy: 0.6397 - val_loss: 0.9283 - val_categorical_accuracy: 0.6469 - lr: 5.0000e-04 - 4s/epoch - 5ms/step
Epoch 53/100
782/782 - 4s - loss: 0.9367 - categorical_accuracy: 0.6414 - val_loss: 0.9396 - val_categorical_accuracy: 0.6402 - lr: 5.0000e-04 - 4s/epoch - 5ms/step
Epoch 54/100
782/782 - 4s - loss: 0.9381 - categorical_accuracy: 0.6404 - val_loss: 0.9252 - val_categorical_accuracy: 0.6479 - lr: 5.0000e-04 - 4s/epoch - 5ms/step
Epoch 55/100
782/782 - 4s - loss: 0.9378 - categorical_accuracy: 0.6410 - val_loss: 0.9288 - val_categorical_accuracy: 0.6460 - lr: 5.0000e-04 - 4s/epoch - 5ms/step
Epoch 56/100
782/782 - 4s - loss: 0.9382 - categorical_accuracy: 0.6406 - val_loss: 0.9326 - val_categorical_accuracy: 0.6440 - lr: 5.0000e-04 - 4s/epoch - 5ms/step
Epoch 57/100
782/782 - 4s - loss: 0.9359 - categorical_accuracy: 0.6421 - val_loss: 0.9233 - val_categorical_accuracy: 0.6478 - lr: 5.0000e-04 - 4s/epoch - 5ms/step
Epoch 58/100
782/782 - 4s - loss: 0.9348 - categorical_accuracy: 0.6419 - val_loss: 0.9227 - val_categorical_accuracy: 0.6486 - lr: 5.0000e-04 - 4s/epoch - 5ms/step
Epoch 59/100
782/782 - 4s - loss: 0.9351 - categorical_accuracy: 0.6416 - val_loss: 0.9422 - val_categorical_accuracy: 0.6383 - lr: 5.0000e-04 - 4s/epoch - 5ms/step
Epoch 60/100
782/782 - 4s - loss: 0.9350 - categorical_accuracy: 0.6418 - val_loss: 0.9273 - val_categorical_accuracy: 0.6466 - lr: 5.0000e-04 - 4s/epoch - 5ms/step
Epoch 61/100
782/782 - 4s - loss: 0.9331 - categorical_accuracy: 0.6431 - val_loss: 0.9228 - val_categorical_accuracy: 0.6485 - lr: 5.0000e-04 - 4s/epoch - 5ms/step
Epoch 62/100
782/782 - 4s - loss: 0.9333 - categorical_accuracy: 0.6427 - val_loss: 0.9213 - val_categorical_accuracy: 0.6488 - lr: 5.0000e-04 - 4s/epoch - 5ms/step
Epoch 63/100
782/782 - 4s - loss: 0.9344 - categorical_accuracy: 0.6418 - val_loss: 0.9282 - val_categorical_accuracy: 0.6465 - lr: 5.0000e-04 - 4s/epoch - 5ms/step
Epoch 64/100
782/782 - 4s - loss: 0.9342 - categorical_accuracy: 0.6420 - val_loss: 0.9217 - val_categorical_accuracy: 0.6489 - lr: 5.0000e-04 - 4s/epoch - 5ms/step
Epoch 65/100
782/782 - 4s - loss: 0.9335 - categorical_accuracy: 0.6426 - val_loss: 0.9223 - val_categorical_accuracy: 0.6490 - lr: 5.0000e-04 - 4s/epoch - 5ms/step
Epoch 66/100
782/782 - 4s - loss: 0.9335 - categorical_accuracy: 0.6422 - val_loss: 0.9229 - val_categorical_accuracy: 0.6486 - lr: 5.0000e-04 - 4s/epoch - 5ms/step
Epoch 67/100
782/782 - 4s - loss: 0.9318 - categorical_accuracy: 0.6430 - val_loss: 0.9227 - val_categorical_accuracy: 0.6487 - lr: 5.0000e-04 - 4s/epoch - 5ms/step
Epoch 68/100
782/782 - 4s - loss: 0.9320 - categorical_accuracy: 0.6428 - val_loss: 0.9201 - val_categorical_accuracy: 0.6503 - lr: 5.0000e-04 - 4s/epoch - 5ms/step
Epoch 69/100
782/782 - 4s - loss: 0.9313 - categorical_accuracy: 0.6433 - val_loss: 0.9255 - val_categorical_accuracy: 0.6464 - lr: 5.0000e-04 - 4s/epoch - 5ms/step
Epoch 70/100
782/782 - 4s - loss: 0.9338 - categorical_accuracy: 0.6424 - val_loss: 0.9213 - val_categorical_accuracy: 0.6495 - lr: 5.0000e-04 - 4s/epoch - 5ms/step
Epoch 71/100
782/782 - 4s - loss: 0.9317 - categorical_accuracy: 0.6434 - val_loss: 0.9194 - val_categorical_accuracy: 0.6497 - lr: 5.0000e-04 - 4s/epoch - 5ms/step
Epoch 72/100
782/782 - 4s - loss: 0.9302 - categorical_accuracy: 0.6435 - val_loss: 0.9238 - val_categorical_accuracy: 0.6472 - lr: 5.0000e-04 - 4s/epoch - 6ms/step
Epoch 73/100
782/782 - 4s - loss: 0.9311 - categorical_accuracy: 0.6434 - val_loss: 0.9218 - val_categorical_accuracy: 0.6484 - lr: 5.0000e-04 - 4s/epoch - 5ms/step
Epoch 74/100
782/782 - 4s - loss: 0.9299 - categorical_accuracy: 0.6440 - val_loss: 0.9417 - val_categorical_accuracy: 0.6354 - lr: 5.0000e-04 - 4s/epoch - 5ms/step
Epoch 75/100
782/782 - 4s - loss: 0.9306 - categorical_accuracy: 0.6432 - val_loss: 0.9327 - val_categorical_accuracy: 0.6434 - lr: 5.0000e-04 - 4s/epoch - 5ms/step
Epoch 76/100
782/782 - 4s - loss: 0.9316 - categorical_accuracy: 0.6431 - val_loss: 0.9172 - val_categorical_accuracy: 0.6509 - lr: 5.0000e-04 - 4s/epoch - 5ms/step
Epoch 77/100
782/782 - 4s - loss: 0.9313 - categorical_accuracy: 0.6432 - val_loss: 0.9353 - val_categorical_accuracy: 0.6407 - lr: 5.0000e-04 - 4s/epoch - 5ms/step
Epoch 78/100
782/782 - 4s - loss: 0.9309 - categorical_accuracy: 0.6438 - val_loss: 0.9178 - val_categorical_accuracy: 0.6506 - lr: 5.0000e-04 - 4s/epoch - 5ms/step
Epoch 79/100
782/782 - 4s - loss: 0.9284 - categorical_accuracy: 0.6447 - val_loss: 0.9178 - val_categorical_accuracy: 0.6515 - lr: 5.0000e-04 - 4s/epoch - 5ms/step
Epoch 80/100
782/782 - 4s - loss: 0.9311 - categorical_accuracy: 0.6432 - val_loss: 0.9190 - val_categorical_accuracy: 0.6502 - lr: 5.0000e-04 - 4s/epoch - 5ms/step
Epoch 81/100
782/782 - 4s - loss: 0.9297 - categorical_accuracy: 0.6440 - val_loss: 0.9193 - val_categorical_accuracy: 0.6506 - lr: 5.0000e-04 - 4s/epoch - 5ms/step
Epoch 82/100
782/782 - 4s - loss: 0.9291 - categorical_accuracy: 0.6444 - val_loss: 0.9157 - val_categorical_accuracy: 0.6518 - lr: 5.0000e-04 - 4s/epoch - 5ms/step
Epoch 83/100
782/782 - 4s - loss: 0.9293 - categorical_accuracy: 0.6439 - val_loss: 0.9233 - val_categorical_accuracy: 0.6477 - lr: 5.0000e-04 - 4s/epoch - 5ms/step
Epoch 84/100
782/782 - 4s - loss: 0.9280 - categorical_accuracy: 0.6449 - val_loss: 0.9155 - val_categorical_accuracy: 0.6517 - lr: 5.0000e-04 - 4s/epoch - 5ms/step
Epoch 85/100
782/782 - 4s - loss: 0.9289 - categorical_accuracy: 0.6440 - val_loss: 0.9223 - val_categorical_accuracy: 0.6490 - lr: 5.0000e-04 - 4s/epoch - 5ms/step
Epoch 86/100
782/782 - 4s - loss: 0.9289 - categorical_accuracy: 0.6442 - val_loss: 0.9338 - val_categorical_accuracy: 0.6421 - lr: 5.0000e-04 - 4s/epoch - 5ms/step
Epoch 87/100
782/782 - 4s - loss: 0.9270 - categorical_accuracy: 0.6449 - val_loss: 0.9188 - val_categorical_accuracy: 0.6506 - lr: 5.0000e-04 - 4s/epoch - 5ms/step
Epoch 88/100
782/782 - 4s - loss: 0.9274 - categorical_accuracy: 0.6447 - val_loss: 0.9165 - val_categorical_accuracy: 0.6523 - lr: 5.0000e-04 - 4s/epoch - 5ms/step
Epoch 89/100
782/782 - 4s - loss: 0.9273 - categorical_accuracy: 0.6446 - val_loss: 0.9191 - val_categorical_accuracy: 0.6492 - lr: 5.0000e-04 - 4s/epoch - 5ms/step
Epoch 90/100
782/782 - 4s - loss: 0.9270 - categorical_accuracy: 0.6451 - val_loss: 0.9182 - val_categorical_accuracy: 0.6514 - lr: 5.0000e-04 - 4s/epoch - 6ms/step
Epoch 91/100
782/782 - 4s - loss: 0.9266 - categorical_accuracy: 0.6451 - val_loss: 0.9166 - val_categorical_accuracy: 0.6509 - lr: 5.0000e-04 - 4s/epoch - 5ms/step
Epoch 92/100
782/782 - 6s - loss: 0.9272 - categorical_accuracy: 0.6450 - val_loss: 0.9225 - val_categorical_accuracy: 0.6483 - lr: 5.0000e-04 - 6s/epoch - 7ms/step
Epoch 93/100
782/782 - 4s - loss: 0.9260 - categorical_accuracy: 0.6454 - val_loss: 0.9167 - val_categorical_accuracy: 0.6519 - lr: 5.0000e-04 - 4s/epoch - 5ms/step
Epoch 94/100
782/782 - 4s - loss: 0.9263 - categorical_accuracy: 0.6456 - val_loss: 0.9192 - val_categorical_accuracy: 0.6497 - lr: 5.0000e-04 - 4s/epoch - 5ms/step
Epoch 95/100
782/782 - 4s - loss: 0.9256 - categorical_accuracy: 0.6454 - val_loss: 0.9357 - val_categorical_accuracy: 0.6383 - lr: 5.0000e-04 - 4s/epoch - 5ms/step
Epoch 96/100
782/782 - 4s - loss: 0.9266 - categorical_accuracy: 0.6450 - val_loss: 0.9233 - val_categorical_accuracy: 0.6466 - lr: 5.0000e-04 - 4s/epoch - 6ms/step
Epoch 97/100
782/782 - 4s - loss: 0.9253 - categorical_accuracy: 0.6458 - val_loss: 0.9166 - val_categorical_accuracy: 0.6502 - lr: 5.0000e-04 - 4s/epoch - 5ms/step
Epoch 98/100
782/782 - 4s - loss: 0.9271 - categorical_accuracy: 0.6447 - val_loss: 0.9187 - val_categorical_accuracy: 0.6499 - lr: 5.0000e-04 - 4s/epoch - 5ms/step
[95m
SAVING RESULTS[0m
==============
[92m
Saved model to: [0m trained_intnets/perm_invariant_conv_3
Loss vs epochs plot saved to trained_intnets/perm_invariant_conv_3.
Accuracy vs epochs plot saved to trained_intnets/perm_invariant_conv_3.
[92m
Jobs done! 🍰✨[0m
