[96m
GPU: NVIDIA GeForce GTX 1080 Ti[0m

----------------
[92mData loading complete:[0m
Training data size: 5.72e+05
Test data size: 0.00e+00
----------------

Shuffling constituents...
[92mShuffled the training data! 🃏
[0m
[92mNumber of constituents: 8[0m
Instantiating model...
[92mModel compiled and built![0m
[95m
TRAINING THE MODEL 💪[0m
==================

Training parameters
-------------------
[92mOptimiser: 	[0m {'name': 'Adam', 'learning_rate': 0.0005, 'decay': 0.0, 'beta_1': 0.9, 'beta_2': 0.999, 'epsilon': 1e-07, 'amsgrad': False}
[92mBatch size: 	[0m 512
[92mTraining epochs:[0m 100
[92mLoss: 		[0m categorical_crossentropy

Epoch 1/100
782/782 - 8s - loss: 1.1659 - categorical_accuracy: 0.5362 - val_loss: 1.0827 - val_categorical_accuracy: 0.5833 - lr: 5.0000e-04 - 8s/epoch - 11ms/step
Epoch 2/100
782/782 - 4s - loss: 1.0666 - categorical_accuracy: 0.5891 - val_loss: 1.0421 - val_categorical_accuracy: 0.6035 - lr: 5.0000e-04 - 4s/epoch - 6ms/step
Epoch 3/100
782/782 - 4s - loss: 1.0448 - categorical_accuracy: 0.5987 - val_loss: 1.0237 - val_categorical_accuracy: 0.6102 - lr: 5.0000e-04 - 4s/epoch - 6ms/step
Epoch 4/100
782/782 - 5s - loss: 1.0303 - categorical_accuracy: 0.6047 - val_loss: 1.0097 - val_categorical_accuracy: 0.6151 - lr: 5.0000e-04 - 5s/epoch - 6ms/step
Epoch 5/100
782/782 - 4s - loss: 1.0199 - categorical_accuracy: 0.6092 - val_loss: 1.0000 - val_categorical_accuracy: 0.6183 - lr: 5.0000e-04 - 4s/epoch - 6ms/step
Epoch 6/100
782/782 - 4s - loss: 1.0121 - categorical_accuracy: 0.6122 - val_loss: 0.9921 - val_categorical_accuracy: 0.6213 - lr: 5.0000e-04 - 4s/epoch - 5ms/step
Epoch 7/100
782/782 - 4s - loss: 1.0056 - categorical_accuracy: 0.6147 - val_loss: 0.9859 - val_categorical_accuracy: 0.6232 - lr: 5.0000e-04 - 4s/epoch - 6ms/step
Epoch 8/100
782/782 - 5s - loss: 1.0000 - categorical_accuracy: 0.6167 - val_loss: 0.9808 - val_categorical_accuracy: 0.6248 - lr: 5.0000e-04 - 5s/epoch - 6ms/step
Epoch 9/100
782/782 - 4s - loss: 0.9950 - categorical_accuracy: 0.6190 - val_loss: 0.9761 - val_categorical_accuracy: 0.6269 - lr: 5.0000e-04 - 4s/epoch - 6ms/step
Epoch 10/100
782/782 - 4s - loss: 0.9908 - categorical_accuracy: 0.6208 - val_loss: 0.9721 - val_categorical_accuracy: 0.6287 - lr: 5.0000e-04 - 4s/epoch - 6ms/step
Epoch 11/100
782/782 - 4s - loss: 0.9870 - categorical_accuracy: 0.6222 - val_loss: 0.9678 - val_categorical_accuracy: 0.6311 - lr: 5.0000e-04 - 4s/epoch - 6ms/step
Epoch 12/100
782/782 - 4s - loss: 0.9833 - categorical_accuracy: 0.6242 - val_loss: 0.9645 - val_categorical_accuracy: 0.6335 - lr: 5.0000e-04 - 4s/epoch - 6ms/step
Epoch 13/100
782/782 - 4s - loss: 0.9802 - categorical_accuracy: 0.6257 - val_loss: 0.9613 - val_categorical_accuracy: 0.6353 - lr: 5.0000e-04 - 4s/epoch - 6ms/step
Epoch 14/100
782/782 - 4s - loss: 0.9774 - categorical_accuracy: 0.6265 - val_loss: 0.9582 - val_categorical_accuracy: 0.6366 - lr: 5.0000e-04 - 4s/epoch - 6ms/step
Epoch 15/100
782/782 - 4s - loss: 0.9747 - categorical_accuracy: 0.6273 - val_loss: 0.9561 - val_categorical_accuracy: 0.6371 - lr: 5.0000e-04 - 4s/epoch - 6ms/step
Epoch 16/100
782/782 - 5s - loss: 0.9725 - categorical_accuracy: 0.6282 - val_loss: 0.9543 - val_categorical_accuracy: 0.6382 - lr: 5.0000e-04 - 5s/epoch - 6ms/step
Epoch 17/100
782/782 - 5s - loss: 0.9707 - categorical_accuracy: 0.6290 - val_loss: 0.9527 - val_categorical_accuracy: 0.6390 - lr: 5.0000e-04 - 5s/epoch - 6ms/step
Epoch 18/100
782/782 - 5s - loss: 0.9691 - categorical_accuracy: 0.6296 - val_loss: 0.9512 - val_categorical_accuracy: 0.6394 - lr: 5.0000e-04 - 5s/epoch - 6ms/step
Epoch 19/100
782/782 - 7s - loss: 0.9677 - categorical_accuracy: 0.6301 - val_loss: 0.9499 - val_categorical_accuracy: 0.6394 - lr: 5.0000e-04 - 7s/epoch - 9ms/step
Epoch 20/100
782/782 - 5s - loss: 0.9663 - categorical_accuracy: 0.6305 - val_loss: 0.9486 - val_categorical_accuracy: 0.6400 - lr: 5.0000e-04 - 5s/epoch - 7ms/step
Epoch 21/100
782/782 - 5s - loss: 0.9650 - categorical_accuracy: 0.6310 - val_loss: 0.9474 - val_categorical_accuracy: 0.6404 - lr: 5.0000e-04 - 5s/epoch - 6ms/step
Epoch 22/100
782/782 - 5s - loss: 0.9639 - categorical_accuracy: 0.6317 - val_loss: 0.9465 - val_categorical_accuracy: 0.6408 - lr: 5.0000e-04 - 5s/epoch - 6ms/step
Epoch 23/100
782/782 - 5s - loss: 0.9628 - categorical_accuracy: 0.6320 - val_loss: 0.9458 - val_categorical_accuracy: 0.6407 - lr: 5.0000e-04 - 5s/epoch - 6ms/step
Epoch 24/100
782/782 - 5s - loss: 0.9618 - categorical_accuracy: 0.6323 - val_loss: 0.9451 - val_categorical_accuracy: 0.6410 - lr: 5.0000e-04 - 5s/epoch - 6ms/step
Epoch 25/100
782/782 - 5s - loss: 0.9609 - categorical_accuracy: 0.6325 - val_loss: 0.9444 - val_categorical_accuracy: 0.6414 - lr: 5.0000e-04 - 5s/epoch - 6ms/step
Epoch 26/100
782/782 - 5s - loss: 0.9600 - categorical_accuracy: 0.6329 - val_loss: 0.9441 - val_categorical_accuracy: 0.6415 - lr: 5.0000e-04 - 5s/epoch - 6ms/step
Epoch 27/100
782/782 - 5s - loss: 0.9591 - categorical_accuracy: 0.6331 - val_loss: 0.9430 - val_categorical_accuracy: 0.6420 - lr: 5.0000e-04 - 5s/epoch - 6ms/step
Epoch 28/100
782/782 - 5s - loss: 0.9581 - categorical_accuracy: 0.6336 - val_loss: 0.9424 - val_categorical_accuracy: 0.6422 - lr: 5.0000e-04 - 5s/epoch - 6ms/step
Epoch 29/100
782/782 - 4s - loss: 0.9573 - categorical_accuracy: 0.6340 - val_loss: 0.9417 - val_categorical_accuracy: 0.6426 - lr: 5.0000e-04 - 4s/epoch - 6ms/step
Epoch 30/100
782/782 - 5s - loss: 0.9564 - categorical_accuracy: 0.6344 - val_loss: 0.9410 - val_categorical_accuracy: 0.6428 - lr: 5.0000e-04 - 5s/epoch - 6ms/step
Epoch 31/100
782/782 - 5s - loss: 0.9555 - categorical_accuracy: 0.6348 - val_loss: 0.9404 - val_categorical_accuracy: 0.6429 - lr: 5.0000e-04 - 5s/epoch - 6ms/step
Epoch 32/100
782/782 - 4s - loss: 0.9546 - categorical_accuracy: 0.6350 - val_loss: 0.9393 - val_categorical_accuracy: 0.6430 - lr: 5.0000e-04 - 4s/epoch - 6ms/step
Epoch 33/100
782/782 - 4s - loss: 0.9537 - categorical_accuracy: 0.6354 - val_loss: 0.9386 - val_categorical_accuracy: 0.6434 - lr: 5.0000e-04 - 4s/epoch - 6ms/step
Epoch 34/100
782/782 - 4s - loss: 0.9530 - categorical_accuracy: 0.6355 - val_loss: 0.9383 - val_categorical_accuracy: 0.6437 - lr: 5.0000e-04 - 4s/epoch - 5ms/step
Epoch 35/100
782/782 - 5s - loss: 0.9523 - categorical_accuracy: 0.6358 - val_loss: 0.9376 - val_categorical_accuracy: 0.6439 - lr: 5.0000e-04 - 5s/epoch - 6ms/step
Epoch 36/100
782/782 - 4s - loss: 0.9517 - categorical_accuracy: 0.6360 - val_loss: 0.9371 - val_categorical_accuracy: 0.6441 - lr: 5.0000e-04 - 4s/epoch - 5ms/step
Epoch 37/100
782/782 - 4s - loss: 0.9511 - categorical_accuracy: 0.6362 - val_loss: 0.9370 - val_categorical_accuracy: 0.6438 - lr: 5.0000e-04 - 4s/epoch - 6ms/step
Epoch 38/100
782/782 - 4s - loss: 0.9504 - categorical_accuracy: 0.6364 - val_loss: 0.9367 - val_categorical_accuracy: 0.6439 - lr: 5.0000e-04 - 4s/epoch - 6ms/step
Epoch 39/100
782/782 - 5s - loss: 0.9498 - categorical_accuracy: 0.6364 - val_loss: 0.9363 - val_categorical_accuracy: 0.6440 - lr: 5.0000e-04 - 5s/epoch - 6ms/step
Epoch 40/100
782/782 - 5s - loss: 0.9492 - categorical_accuracy: 0.6367 - val_loss: 0.9361 - val_categorical_accuracy: 0.6442 - lr: 5.0000e-04 - 5s/epoch - 6ms/step
Epoch 41/100
782/782 - 5s - loss: 0.9486 - categorical_accuracy: 0.6369 - val_loss: 0.9361 - val_categorical_accuracy: 0.6441 - lr: 5.0000e-04 - 5s/epoch - 6ms/step
Epoch 42/100
782/782 - 5s - loss: 0.9480 - categorical_accuracy: 0.6370 - val_loss: 0.9361 - val_categorical_accuracy: 0.6440 - lr: 5.0000e-04 - 5s/epoch - 6ms/step
Epoch 43/100
782/782 - 6s - loss: 0.9474 - categorical_accuracy: 0.6372 - val_loss: 0.9355 - val_categorical_accuracy: 0.6444 - lr: 5.0000e-04 - 6s/epoch - 8ms/step
Epoch 44/100
782/782 - 4s - loss: 0.9468 - categorical_accuracy: 0.6375 - val_loss: 0.9356 - val_categorical_accuracy: 0.6442 - lr: 5.0000e-04 - 4s/epoch - 6ms/step
Epoch 45/100
782/782 - 5s - loss: 0.9463 - categorical_accuracy: 0.6377 - val_loss: 0.9350 - val_categorical_accuracy: 0.6443 - lr: 5.0000e-04 - 5s/epoch - 6ms/step
Epoch 46/100
782/782 - 4s - loss: 0.9459 - categorical_accuracy: 0.6379 - val_loss: 0.9351 - val_categorical_accuracy: 0.6438 - lr: 5.0000e-04 - 4s/epoch - 6ms/step
Epoch 47/100
782/782 - 4s - loss: 0.9453 - categorical_accuracy: 0.6381 - val_loss: 0.9347 - val_categorical_accuracy: 0.6442 - lr: 5.0000e-04 - 4s/epoch - 6ms/step
Epoch 48/100
782/782 - 5s - loss: 0.9449 - categorical_accuracy: 0.6383 - val_loss: 0.9346 - val_categorical_accuracy: 0.6444 - lr: 5.0000e-04 - 5s/epoch - 6ms/step
Epoch 49/100
782/782 - 5s - loss: 0.9444 - categorical_accuracy: 0.6385 - val_loss: 0.9340 - val_categorical_accuracy: 0.6445 - lr: 5.0000e-04 - 5s/epoch - 6ms/step
Epoch 50/100
782/782 - 5s - loss: 0.9440 - categorical_accuracy: 0.6386 - val_loss: 0.9338 - val_categorical_accuracy: 0.6446 - lr: 5.0000e-04 - 5s/epoch - 6ms/step
Epoch 51/100
782/782 - 5s - loss: 0.9436 - categorical_accuracy: 0.6388 - val_loss: 0.9335 - val_categorical_accuracy: 0.6445 - lr: 5.0000e-04 - 5s/epoch - 6ms/step
Epoch 52/100
782/782 - 5s - loss: 0.9431 - categorical_accuracy: 0.6389 - val_loss: 0.9330 - val_categorical_accuracy: 0.6447 - lr: 5.0000e-04 - 5s/epoch - 6ms/step
Epoch 53/100
782/782 - 5s - loss: 0.9426 - categorical_accuracy: 0.6391 - val_loss: 0.9323 - val_categorical_accuracy: 0.6451 - lr: 5.0000e-04 - 5s/epoch - 6ms/step
Epoch 54/100
782/782 - 5s - loss: 0.9422 - categorical_accuracy: 0.6392 - val_loss: 0.9319 - val_categorical_accuracy: 0.6456 - lr: 5.0000e-04 - 5s/epoch - 6ms/step
Epoch 55/100
782/782 - 4s - loss: 0.9418 - categorical_accuracy: 0.6395 - val_loss: 0.9314 - val_categorical_accuracy: 0.6457 - lr: 5.0000e-04 - 4s/epoch - 6ms/step
Epoch 56/100
782/782 - 4s - loss: 0.9414 - categorical_accuracy: 0.6396 - val_loss: 0.9310 - val_categorical_accuracy: 0.6460 - lr: 5.0000e-04 - 4s/epoch - 5ms/step
Epoch 57/100
782/782 - 4s - loss: 0.9410 - categorical_accuracy: 0.6397 - val_loss: 0.9305 - val_categorical_accuracy: 0.6462 - lr: 5.0000e-04 - 4s/epoch - 5ms/step
Epoch 58/100
782/782 - 4s - loss: 0.9405 - categorical_accuracy: 0.6399 - val_loss: 0.9303 - val_categorical_accuracy: 0.6463 - lr: 5.0000e-04 - 4s/epoch - 5ms/step
Epoch 59/100
782/782 - 4s - loss: 0.9402 - categorical_accuracy: 0.6401 - val_loss: 0.9298 - val_categorical_accuracy: 0.6464 - lr: 5.0000e-04 - 4s/epoch - 6ms/step
Epoch 60/100
782/782 - 4s - loss: 0.9397 - categorical_accuracy: 0.6402 - val_loss: 0.9292 - val_categorical_accuracy: 0.6466 - lr: 5.0000e-04 - 4s/epoch - 5ms/step
Epoch 61/100
782/782 - 4s - loss: 0.9394 - categorical_accuracy: 0.6404 - val_loss: 0.9290 - val_categorical_accuracy: 0.6467 - lr: 5.0000e-04 - 4s/epoch - 5ms/step
Epoch 62/100
782/782 - 4s - loss: 0.9389 - categorical_accuracy: 0.6407 - val_loss: 0.9286 - val_categorical_accuracy: 0.6469 - lr: 5.0000e-04 - 4s/epoch - 6ms/step
Epoch 63/100
782/782 - 5s - loss: 0.9386 - categorical_accuracy: 0.6408 - val_loss: 0.9283 - val_categorical_accuracy: 0.6471 - lr: 5.0000e-04 - 5s/epoch - 6ms/step
Epoch 64/100
782/782 - 5s - loss: 0.9382 - categorical_accuracy: 0.6409 - val_loss: 0.9283 - val_categorical_accuracy: 0.6471 - lr: 5.0000e-04 - 5s/epoch - 6ms/step
Epoch 65/100
782/782 - 5s - loss: 0.9379 - categorical_accuracy: 0.6410 - val_loss: 0.9282 - val_categorical_accuracy: 0.6469 - lr: 5.0000e-04 - 5s/epoch - 6ms/step
Epoch 66/100
782/782 - 5s - loss: 0.9375 - categorical_accuracy: 0.6411 - val_loss: 0.9277 - val_categorical_accuracy: 0.6473 - lr: 5.0000e-04 - 5s/epoch - 6ms/step
Epoch 67/100
782/782 - 5s - loss: 0.9372 - categorical_accuracy: 0.6412 - val_loss: 0.9274 - val_categorical_accuracy: 0.6476 - lr: 5.0000e-04 - 5s/epoch - 7ms/step
Epoch 68/100
782/782 - 4s - loss: 0.9369 - categorical_accuracy: 0.6411 - val_loss: 0.9270 - val_categorical_accuracy: 0.6476 - lr: 5.0000e-04 - 4s/epoch - 6ms/step
Epoch 69/100
782/782 - 5s - loss: 0.9366 - categorical_accuracy: 0.6414 - val_loss: 0.9270 - val_categorical_accuracy: 0.6476 - lr: 5.0000e-04 - 5s/epoch - 6ms/step
Epoch 70/100
782/782 - 5s - loss: 0.9363 - categorical_accuracy: 0.6413 - val_loss: 0.9264 - val_categorical_accuracy: 0.6479 - lr: 5.0000e-04 - 5s/epoch - 6ms/step
Epoch 71/100
782/782 - 5s - loss: 0.9360 - categorical_accuracy: 0.6416 - val_loss: 0.9267 - val_categorical_accuracy: 0.6477 - lr: 5.0000e-04 - 5s/epoch - 6ms/step
Epoch 72/100
782/782 - 5s - loss: 0.9357 - categorical_accuracy: 0.6417 - val_loss: 0.9261 - val_categorical_accuracy: 0.6482 - lr: 5.0000e-04 - 5s/epoch - 6ms/step
Epoch 73/100
782/782 - 5s - loss: 0.9354 - categorical_accuracy: 0.6418 - val_loss: 0.9258 - val_categorical_accuracy: 0.6483 - lr: 5.0000e-04 - 5s/epoch - 6ms/step
Epoch 74/100
782/782 - 5s - loss: 0.9351 - categorical_accuracy: 0.6418 - val_loss: 0.9258 - val_categorical_accuracy: 0.6481 - lr: 5.0000e-04 - 5s/epoch - 6ms/step
Epoch 75/100
782/782 - 5s - loss: 0.9348 - categorical_accuracy: 0.6420 - val_loss: 0.9257 - val_categorical_accuracy: 0.6479 - lr: 5.0000e-04 - 5s/epoch - 6ms/step
Epoch 76/100
782/782 - 5s - loss: 0.9345 - categorical_accuracy: 0.6422 - val_loss: 0.9252 - val_categorical_accuracy: 0.6482 - lr: 5.0000e-04 - 5s/epoch - 6ms/step
Epoch 77/100
782/782 - 4s - loss: 0.9342 - categorical_accuracy: 0.6424 - val_loss: 0.9246 - val_categorical_accuracy: 0.6486 - lr: 5.0000e-04 - 4s/epoch - 6ms/step
Epoch 78/100
782/782 - 5s - loss: 0.9339 - categorical_accuracy: 0.6425 - val_loss: 0.9246 - val_categorical_accuracy: 0.6484 - lr: 5.0000e-04 - 5s/epoch - 6ms/step
Epoch 79/100
782/782 - 4s - loss: 0.9336 - categorical_accuracy: 0.6427 - val_loss: 0.9246 - val_categorical_accuracy: 0.6484 - lr: 5.0000e-04 - 4s/epoch - 5ms/step
Epoch 80/100
782/782 - 4s - loss: 0.9333 - categorical_accuracy: 0.6428 - val_loss: 0.9241 - val_categorical_accuracy: 0.6485 - lr: 5.0000e-04 - 4s/epoch - 6ms/step
Epoch 81/100
782/782 - 4s - loss: 0.9330 - categorical_accuracy: 0.6431 - val_loss: 0.9237 - val_categorical_accuracy: 0.6487 - lr: 5.0000e-04 - 4s/epoch - 6ms/step
Epoch 82/100
782/782 - 4s - loss: 0.9327 - categorical_accuracy: 0.6432 - val_loss: 0.9235 - val_categorical_accuracy: 0.6490 - lr: 5.0000e-04 - 4s/epoch - 5ms/step
Epoch 83/100
782/782 - 4s - loss: 0.9324 - categorical_accuracy: 0.6433 - val_loss: 0.9235 - val_categorical_accuracy: 0.6488 - lr: 5.0000e-04 - 4s/epoch - 5ms/step
Epoch 84/100
782/782 - 4s - loss: 0.9321 - categorical_accuracy: 0.6433 - val_loss: 0.9235 - val_categorical_accuracy: 0.6485 - lr: 5.0000e-04 - 4s/epoch - 6ms/step
Epoch 85/100
782/782 - 6s - loss: 0.9319 - categorical_accuracy: 0.6435 - val_loss: 0.9232 - val_categorical_accuracy: 0.6485 - lr: 5.0000e-04 - 6s/epoch - 8ms/step
Epoch 86/100
782/782 - 5s - loss: 0.9315 - categorical_accuracy: 0.6436 - val_loss: 0.9230 - val_categorical_accuracy: 0.6486 - lr: 5.0000e-04 - 5s/epoch - 6ms/step
Epoch 87/100
782/782 - 5s - loss: 0.9313 - categorical_accuracy: 0.6438 - val_loss: 0.9226 - val_categorical_accuracy: 0.6488 - lr: 5.0000e-04 - 5s/epoch - 6ms/step
Epoch 88/100
782/782 - 5s - loss: 0.9311 - categorical_accuracy: 0.6438 - val_loss: 0.9222 - val_categorical_accuracy: 0.6491 - lr: 5.0000e-04 - 5s/epoch - 6ms/step
Epoch 89/100
782/782 - 5s - loss: 0.9308 - categorical_accuracy: 0.6438 - val_loss: 0.9224 - val_categorical_accuracy: 0.6490 - lr: 5.0000e-04 - 5s/epoch - 6ms/step
Epoch 90/100
782/782 - 5s - loss: 0.9306 - categorical_accuracy: 0.6439 - val_loss: 0.9221 - val_categorical_accuracy: 0.6490 - lr: 5.0000e-04 - 5s/epoch - 6ms/step
Epoch 91/100
782/782 - 6s - loss: 0.9304 - categorical_accuracy: 0.6439 - val_loss: 0.9220 - val_categorical_accuracy: 0.6494 - lr: 5.0000e-04 - 6s/epoch - 8ms/step
Epoch 92/100
782/782 - 5s - loss: 0.9302 - categorical_accuracy: 0.6439 - val_loss: 0.9215 - val_categorical_accuracy: 0.6494 - lr: 5.0000e-04 - 5s/epoch - 7ms/step
Epoch 93/100
782/782 - 7s - loss: 0.9299 - categorical_accuracy: 0.6440 - val_loss: 0.9220 - val_categorical_accuracy: 0.6492 - lr: 5.0000e-04 - 7s/epoch - 8ms/step
Epoch 94/100
782/782 - 5s - loss: 0.9297 - categorical_accuracy: 0.6442 - val_loss: 0.9212 - val_categorical_accuracy: 0.6496 - lr: 5.0000e-04 - 5s/epoch - 6ms/step
Epoch 95/100
782/782 - 5s - loss: 0.9295 - categorical_accuracy: 0.6444 - val_loss: 0.9209 - val_categorical_accuracy: 0.6497 - lr: 5.0000e-04 - 5s/epoch - 6ms/step
Epoch 96/100
782/782 - 5s - loss: 0.9293 - categorical_accuracy: 0.6445 - val_loss: 0.9209 - val_categorical_accuracy: 0.6500 - lr: 5.0000e-04 - 5s/epoch - 6ms/step
Epoch 97/100
782/782 - 5s - loss: 0.9291 - categorical_accuracy: 0.6446 - val_loss: 0.9210 - val_categorical_accuracy: 0.6498 - lr: 5.0000e-04 - 5s/epoch - 6ms/step
Epoch 98/100
782/782 - 5s - loss: 0.9288 - categorical_accuracy: 0.6447 - val_loss: 0.9209 - val_categorical_accuracy: 0.6497 - lr: 5.0000e-04 - 5s/epoch - 6ms/step
Epoch 99/100
782/782 - 5s - loss: 0.9287 - categorical_accuracy: 0.6448 - val_loss: 0.9205 - val_categorical_accuracy: 0.6500 - lr: 5.0000e-04 - 5s/epoch - 6ms/step
Epoch 100/100
782/782 - 5s - loss: 0.9284 - categorical_accuracy: 0.6449 - val_loss: 0.9203 - val_categorical_accuracy: 0.6502 - lr: 5.0000e-04 - 5s/epoch - 6ms/step
[95m
SAVING RESULTS[0m
==============
[92m
Saved model to: [0m trained_intnets/perm_invariant_conv_3
Loss vs epochs plot saved to trained_intnets/perm_invariant_conv_3.
Accuracy vs epochs plot saved to trained_intnets/perm_invariant_conv_3.
[92m
Jobs done! 🍰✨[0m
