[96m
GPU: NVIDIA GeForce GTX 1080 Ti[0m
[92mSaved hyperparameters to json file.[0m
[95m
DATA DETAILS[0m
[95m-----------[0m
data_folder: /work/deodagiu/ki_data/intnet_input
norm: robust
train_events: -1
test_events: 0
pt_min: 2.0
nconstituents: 16
feature_selection: jedinet

----------------
[92mData loading complete:[0m
Training data size: 5.72e+05
Test data size: 0.00e+00
----------------

Shuffling constituents...
[92mShuffled the training data! 🃏
[0m
Instantiating model with the hyperparameters:
effects_nnodes: 100
dynamic_nnodes: 75
abstrac_nnodes: 40
effects_activ: relu
dynamic_activ: relu
abstrac_activ: relu
neffects: 30
ndynamics: 25
l2: 0.001
summation: True
[92mModel compiled and built![0m
[95m

TRAINING THE MODEL 💪[0m

Training parameters
-------------------
[92mOptimiser: 	[0m {'name': 'Adam', 'learning_rate': 0.001, 'decay': 0.0, 'beta_1': 0.9, 'beta_2': 0.999, 'epsilon': 1e-07, 'amsgrad': False}
[92mBatch size: 	[0m 100
[92mLearning rate: 	[0m 0.001
[92mTraining epochs:[0m 200
[92mLoss: 		[0m categorical_crossentropy

Epoch 1/200
4003/4003 - 107s - loss: 0.9467 - categorical_accuracy: 0.6997 - val_loss: 0.8287 - val_categorical_accuracy: 0.7256 - lr: 0.0010 - 107s/epoch - 27ms/step
Epoch 2/200
4003/4003 - 105s - loss: 0.7736 - categorical_accuracy: 0.7448 - val_loss: 0.7526 - val_categorical_accuracy: 0.7463 - lr: 0.0010 - 105s/epoch - 26ms/step
Epoch 3/200
4003/4003 - 106s - loss: 0.7440 - categorical_accuracy: 0.7507 - val_loss: 0.7161 - val_categorical_accuracy: 0.7580 - lr: 0.0010 - 106s/epoch - 26ms/step
Epoch 4/200
4003/4003 - 106s - loss: 0.7271 - categorical_accuracy: 0.7542 - val_loss: 0.7251 - val_categorical_accuracy: 0.7521 - lr: 0.0010 - 106s/epoch - 27ms/step
Epoch 5/200
4003/4003 - 106s - loss: 0.7159 - categorical_accuracy: 0.7577 - val_loss: 0.7064 - val_categorical_accuracy: 0.7589 - lr: 0.0010 - 106s/epoch - 26ms/step
Epoch 6/200
4003/4003 - 106s - loss: 0.7065 - categorical_accuracy: 0.7601 - val_loss: 0.7105 - val_categorical_accuracy: 0.7573 - lr: 0.0010 - 106s/epoch - 27ms/step
Epoch 7/200
4003/4003 - 106s - loss: 0.6999 - categorical_accuracy: 0.7618 - val_loss: 0.7108 - val_categorical_accuracy: 0.7558 - lr: 0.0010 - 106s/epoch - 27ms/step
Epoch 8/200
4003/4003 - 106s - loss: 0.6956 - categorical_accuracy: 0.7629 - val_loss: 0.6804 - val_categorical_accuracy: 0.7678 - lr: 0.0010 - 106s/epoch - 26ms/step
Epoch 9/200
4003/4003 - 106s - loss: 0.6907 - categorical_accuracy: 0.7637 - val_loss: 0.7166 - val_categorical_accuracy: 0.7494 - lr: 0.0010 - 106s/epoch - 27ms/step
Epoch 10/200
4003/4003 - 105s - loss: 0.6858 - categorical_accuracy: 0.7651 - val_loss: 0.6835 - val_categorical_accuracy: 0.7652 - lr: 0.0010 - 105s/epoch - 26ms/step
Epoch 11/200
4003/4003 - 107s - loss: 0.6825 - categorical_accuracy: 0.7660 - val_loss: 0.6869 - val_categorical_accuracy: 0.7621 - lr: 0.0010 - 107s/epoch - 27ms/step
Epoch 12/200
4003/4003 - 106s - loss: 0.6779 - categorical_accuracy: 0.7678 - val_loss: 0.6914 - val_categorical_accuracy: 0.7616 - lr: 0.0010 - 106s/epoch - 27ms/step
Epoch 13/200
4003/4003 - 106s - loss: 0.6752 - categorical_accuracy: 0.7683 - val_loss: 0.6770 - val_categorical_accuracy: 0.7674 - lr: 0.0010 - 106s/epoch - 26ms/step
Epoch 14/200
4003/4003 - 106s - loss: 0.6716 - categorical_accuracy: 0.7693 - val_loss: 0.6643 - val_categorical_accuracy: 0.7713 - lr: 0.0010 - 106s/epoch - 26ms/step
Epoch 15/200
4003/4003 - 106s - loss: 0.6683 - categorical_accuracy: 0.7700 - val_loss: 0.6695 - val_categorical_accuracy: 0.7683 - lr: 0.0010 - 106s/epoch - 26ms/step
Epoch 16/200
4003/4003 - 106s - loss: 0.6658 - categorical_accuracy: 0.7706 - val_loss: 0.6654 - val_categorical_accuracy: 0.7696 - lr: 0.0010 - 106s/epoch - 27ms/step
Epoch 17/200
4003/4003 - 106s - loss: 0.6625 - categorical_accuracy: 0.7712 - val_loss: 0.6600 - val_categorical_accuracy: 0.7713 - lr: 0.0010 - 106s/epoch - 27ms/step
Epoch 18/200
4003/4003 - 110s - loss: 0.6595 - categorical_accuracy: 0.7716 - val_loss: 0.6614 - val_categorical_accuracy: 0.7696 - lr: 0.0010 - 110s/epoch - 28ms/step
Epoch 19/200
4003/4003 - 107s - loss: 0.6554 - categorical_accuracy: 0.7723 - val_loss: 0.6982 - val_categorical_accuracy: 0.7540 - lr: 0.0010 - 107s/epoch - 27ms/step
Epoch 20/200
4003/4003 - 108s - loss: 0.6522 - categorical_accuracy: 0.7737 - val_loss: 0.6477 - val_categorical_accuracy: 0.7741 - lr: 0.0010 - 108s/epoch - 27ms/step
Epoch 21/200
4003/4003 - 107s - loss: 0.6509 - categorical_accuracy: 0.7741 - val_loss: 0.6607 - val_categorical_accuracy: 0.7699 - lr: 0.0010 - 107s/epoch - 27ms/step
Epoch 22/200
4003/4003 - 107s - loss: 0.6498 - categorical_accuracy: 0.7744 - val_loss: 0.6504 - val_categorical_accuracy: 0.7732 - lr: 0.0010 - 107s/epoch - 27ms/step
Epoch 23/200
4003/4003 - 107s - loss: 0.6477 - categorical_accuracy: 0.7749 - val_loss: 0.6559 - val_categorical_accuracy: 0.7716 - lr: 0.0010 - 107s/epoch - 27ms/step
Epoch 24/200
4003/4003 - 107s - loss: 0.6471 - categorical_accuracy: 0.7756 - val_loss: 0.6701 - val_categorical_accuracy: 0.7642 - lr: 0.0010 - 107s/epoch - 27ms/step
Epoch 25/200
4003/4003 - 107s - loss: 0.6451 - categorical_accuracy: 0.7758 - val_loss: 0.6582 - val_categorical_accuracy: 0.7699 - lr: 0.0010 - 107s/epoch - 27ms/step
Epoch 26/200
4003/4003 - 108s - loss: 0.6445 - categorical_accuracy: 0.7764 - val_loss: 0.6488 - val_categorical_accuracy: 0.7742 - lr: 0.0010 - 108s/epoch - 27ms/step
Epoch 27/200
4003/4003 - 107s - loss: 0.6437 - categorical_accuracy: 0.7761 - val_loss: 0.6397 - val_categorical_accuracy: 0.7768 - lr: 0.0010 - 107s/epoch - 27ms/step
Epoch 28/200
4003/4003 - 107s - loss: 0.6428 - categorical_accuracy: 0.7764 - val_loss: 0.6681 - val_categorical_accuracy: 0.7636 - lr: 0.0010 - 107s/epoch - 27ms/step
Epoch 29/200
4003/4003 - 106s - loss: 0.6418 - categorical_accuracy: 0.7769 - val_loss: 0.6453 - val_categorical_accuracy: 0.7753 - lr: 0.0010 - 106s/epoch - 27ms/step
Epoch 30/200
4003/4003 - 106s - loss: 0.6410 - categorical_accuracy: 0.7771 - val_loss: 0.6495 - val_categorical_accuracy: 0.7737 - lr: 0.0010 - 106s/epoch - 26ms/step
Epoch 31/200
4003/4003 - 105s - loss: 0.6398 - categorical_accuracy: 0.7776 - val_loss: 0.6544 - val_categorical_accuracy: 0.7711 - lr: 0.0010 - 105s/epoch - 26ms/step
Epoch 32/200
4003/4003 - 106s - loss: 0.6388 - categorical_accuracy: 0.7779 - val_loss: 0.6446 - val_categorical_accuracy: 0.7755 - lr: 0.0010 - 106s/epoch - 26ms/step
Epoch 33/200
4003/4003 - 106s - loss: 0.6381 - categorical_accuracy: 0.7783 - val_loss: 0.6387 - val_categorical_accuracy: 0.7774 - lr: 0.0010 - 106s/epoch - 26ms/step
Epoch 34/200
4003/4003 - 106s - loss: 0.6380 - categorical_accuracy: 0.7782 - val_loss: 0.6379 - val_categorical_accuracy: 0.7776 - lr: 0.0010 - 106s/epoch - 27ms/step
Epoch 35/200
4003/4003 - 105s - loss: 0.6368 - categorical_accuracy: 0.7785 - val_loss: 0.6384 - val_categorical_accuracy: 0.7772 - lr: 0.0010 - 105s/epoch - 26ms/step
Epoch 36/200
4003/4003 - 110s - loss: 0.6360 - categorical_accuracy: 0.7791 - val_loss: 0.6493 - val_categorical_accuracy: 0.7725 - lr: 0.0010 - 110s/epoch - 28ms/step
Epoch 37/200
4003/4003 - 107s - loss: 0.6356 - categorical_accuracy: 0.7792 - val_loss: 0.6449 - val_categorical_accuracy: 0.7759 - lr: 0.0010 - 107s/epoch - 27ms/step
Epoch 38/200
4003/4003 - 106s - loss: 0.6351 - categorical_accuracy: 0.7796 - val_loss: 0.6472 - val_categorical_accuracy: 0.7758 - lr: 0.0010 - 106s/epoch - 27ms/step
Epoch 39/200
4003/4003 - 105s - loss: 0.6345 - categorical_accuracy: 0.7795 - val_loss: 0.6446 - val_categorical_accuracy: 0.7763 - lr: 0.0010 - 105s/epoch - 26ms/step
Epoch 40/200
4003/4003 - 106s - loss: 0.6342 - categorical_accuracy: 0.7796 - val_loss: 0.6395 - val_categorical_accuracy: 0.7767 - lr: 0.0010 - 106s/epoch - 26ms/step
Epoch 41/200
4003/4003 - 105s - loss: 0.6332 - categorical_accuracy: 0.7800 - val_loss: 0.6386 - val_categorical_accuracy: 0.7780 - lr: 0.0010 - 105s/epoch - 26ms/step
Epoch 42/200
4003/4003 - 105s - loss: 0.6334 - categorical_accuracy: 0.7802 - val_loss: 0.6497 - val_categorical_accuracy: 0.7722 - lr: 0.0010 - 105s/epoch - 26ms/step
Epoch 43/200
4003/4003 - 105s - loss: 0.6324 - categorical_accuracy: 0.7805 - val_loss: 0.6392 - val_categorical_accuracy: 0.7769 - lr: 0.0010 - 105s/epoch - 26ms/step
Epoch 44/200
4003/4003 - 105s - loss: 0.6327 - categorical_accuracy: 0.7803 - val_loss: 0.6412 - val_categorical_accuracy: 0.7764 - lr: 0.0010 - 105s/epoch - 26ms/step
Epoch 45/200
4003/4003 - 106s - loss: 0.6322 - categorical_accuracy: 0.7803 - val_loss: 0.6487 - val_categorical_accuracy: 0.7749 - lr: 0.0010 - 106s/epoch - 26ms/step
Epoch 46/200
4003/4003 - 106s - loss: 0.6315 - categorical_accuracy: 0.7806 - val_loss: 0.6488 - val_categorical_accuracy: 0.7729 - lr: 0.0010 - 106s/epoch - 26ms/step
Epoch 47/200
4003/4003 - 105s - loss: 0.6313 - categorical_accuracy: 0.7804 - val_loss: 0.6513 - val_categorical_accuracy: 0.7717 - lr: 0.0010 - 105s/epoch - 26ms/step
Epoch 48/200
4003/4003 - 106s - loss: 0.6313 - categorical_accuracy: 0.7808 - val_loss: 0.6448 - val_categorical_accuracy: 0.7750 - lr: 0.0010 - 106s/epoch - 26ms/step
Epoch 49/200
4003/4003 - 106s - loss: 0.6307 - categorical_accuracy: 0.7808 - val_loss: 0.6504 - val_categorical_accuracy: 0.7729 - lr: 0.0010 - 106s/epoch - 26ms/step
Epoch 50/200
4003/4003 - 106s - loss: 0.6305 - categorical_accuracy: 0.7805 - val_loss: 0.6455 - val_categorical_accuracy: 0.7751 - lr: 0.0010 - 106s/epoch - 26ms/step
Epoch 51/200
4003/4003 - 106s - loss: 0.6296 - categorical_accuracy: 0.7814 - val_loss: 0.6434 - val_categorical_accuracy: 0.7759 - lr: 0.0010 - 106s/epoch - 27ms/step
Epoch 52/200
4003/4003 - 107s - loss: 0.6291 - categorical_accuracy: 0.7815 - val_loss: 0.6376 - val_categorical_accuracy: 0.7779 - lr: 0.0010 - 107s/epoch - 27ms/step
Epoch 53/200
4003/4003 - 106s - loss: 0.6298 - categorical_accuracy: 0.7814 - val_loss: 0.6451 - val_categorical_accuracy: 0.7752 - lr: 0.0010 - 106s/epoch - 27ms/step
Epoch 54/200
4003/4003 - 107s - loss: 0.6289 - categorical_accuracy: 0.7813 - val_loss: 0.6369 - val_categorical_accuracy: 0.7791 - lr: 0.0010 - 107s/epoch - 27ms/step
Epoch 55/200
4003/4003 - 106s - loss: 0.6285 - categorical_accuracy: 0.7811 - val_loss: 0.6559 - val_categorical_accuracy: 0.7711 - lr: 0.0010 - 106s/epoch - 26ms/step
Epoch 56/200
4003/4003 - 106s - loss: 0.6284 - categorical_accuracy: 0.7819 - val_loss: 0.6357 - val_categorical_accuracy: 0.7790 - lr: 0.0010 - 106s/epoch - 26ms/step
Epoch 57/200
4003/4003 - 106s - loss: 0.6276 - categorical_accuracy: 0.7823 - val_loss: 0.6387 - val_categorical_accuracy: 0.7780 - lr: 0.0010 - 106s/epoch - 27ms/step
Epoch 58/200
4003/4003 - 107s - loss: 0.6274 - categorical_accuracy: 0.7820 - val_loss: 0.6372 - val_categorical_accuracy: 0.7778 - lr: 0.0010 - 107s/epoch - 27ms/step
Epoch 59/200
4003/4003 - 108s - loss: 0.6271 - categorical_accuracy: 0.7820 - val_loss: 0.6359 - val_categorical_accuracy: 0.7785 - lr: 0.0010 - 108s/epoch - 27ms/step
Epoch 60/200
4003/4003 - 107s - loss: 0.6275 - categorical_accuracy: 0.7819 - val_loss: 0.6444 - val_categorical_accuracy: 0.7753 - lr: 0.0010 - 107s/epoch - 27ms/step
Epoch 61/200
4003/4003 - 107s - loss: 0.6270 - categorical_accuracy: 0.7816 - val_loss: 0.6415 - val_categorical_accuracy: 0.7776 - lr: 0.0010 - 107s/epoch - 27ms/step
Epoch 62/200
4003/4003 - 107s - loss: 0.6267 - categorical_accuracy: 0.7824 - val_loss: 0.6430 - val_categorical_accuracy: 0.7763 - lr: 0.0010 - 107s/epoch - 27ms/step
Epoch 63/200
4003/4003 - 107s - loss: 0.6265 - categorical_accuracy: 0.7824 - val_loss: 0.6393 - val_categorical_accuracy: 0.7784 - lr: 0.0010 - 107s/epoch - 27ms/step
Epoch 64/200
4003/4003 - 106s - loss: 0.6260 - categorical_accuracy: 0.7822 - val_loss: 0.6465 - val_categorical_accuracy: 0.7749 - lr: 0.0010 - 106s/epoch - 27ms/step
Epoch 65/200
4003/4003 - 106s - loss: 0.6261 - categorical_accuracy: 0.7826 - val_loss: 0.6478 - val_categorical_accuracy: 0.7728 - lr: 0.0010 - 106s/epoch - 27ms/step
Epoch 66/200
4003/4003 - 106s - loss: 0.6261 - categorical_accuracy: 0.7828 - val_loss: 0.6436 - val_categorical_accuracy: 0.7755 - lr: 0.0010 - 106s/epoch - 26ms/step
Epoch 67/200
4003/4003 - 107s - loss: 0.6255 - categorical_accuracy: 0.7826 - val_loss: 0.6436 - val_categorical_accuracy: 0.7750 - lr: 0.0010 - 107s/epoch - 27ms/step
Epoch 68/200
4003/4003 - 108s - loss: 0.6254 - categorical_accuracy: 0.7824 - val_loss: 0.6398 - val_categorical_accuracy: 0.7779 - lr: 0.0010 - 108s/epoch - 27ms/step
Epoch 69/200
4003/4003 - 107s - loss: 0.6247 - categorical_accuracy: 0.7829 - val_loss: 0.6445 - val_categorical_accuracy: 0.7753 - lr: 0.0010 - 107s/epoch - 27ms/step
Epoch 70/200
4003/4003 - 106s - loss: 0.6198 - categorical_accuracy: 0.7847 - val_loss: 0.6459 - val_categorical_accuracy: 0.7736 - lr: 8.0000e-04 - 106s/epoch - 27ms/step
Epoch 71/200
4003/4003 - 108s - loss: 0.6191 - categorical_accuracy: 0.7853 - val_loss: 0.6385 - val_categorical_accuracy: 0.7784 - lr: 8.0000e-04 - 108s/epoch - 27ms/step
Epoch 72/200
4003/4003 - 108s - loss: 0.6192 - categorical_accuracy: 0.7847 - val_loss: 0.6434 - val_categorical_accuracy: 0.7749 - lr: 8.0000e-04 - 108s/epoch - 27ms/step
Epoch 73/200
4003/4003 - 108s - loss: 0.6183 - categorical_accuracy: 0.7856 - val_loss: 0.6380 - val_categorical_accuracy: 0.7783 - lr: 8.0000e-04 - 108s/epoch - 27ms/step
Epoch 74/200
4003/4003 - 108s - loss: 0.6184 - categorical_accuracy: 0.7857 - val_loss: 0.6351 - val_categorical_accuracy: 0.7787 - lr: 8.0000e-04 - 108s/epoch - 27ms/step
Epoch 75/200
4003/4003 - 108s - loss: 0.6180 - categorical_accuracy: 0.7854 - val_loss: 0.6370 - val_categorical_accuracy: 0.7785 - lr: 8.0000e-04 - 108s/epoch - 27ms/step
Epoch 76/200
4003/4003 - 108s - loss: 0.6178 - categorical_accuracy: 0.7856 - val_loss: 0.6318 - val_categorical_accuracy: 0.7803 - lr: 8.0000e-04 - 108s/epoch - 27ms/step
Epoch 77/200
4003/4003 - 108s - loss: 0.6176 - categorical_accuracy: 0.7853 - val_loss: 0.6379 - val_categorical_accuracy: 0.7787 - lr: 8.0000e-04 - 108s/epoch - 27ms/step
Epoch 78/200
4003/4003 - 107s - loss: 0.6174 - categorical_accuracy: 0.7854 - val_loss: 0.6434 - val_categorical_accuracy: 0.7773 - lr: 8.0000e-04 - 107s/epoch - 27ms/step
Epoch 79/200
4003/4003 - 107s - loss: 0.6171 - categorical_accuracy: 0.7855 - val_loss: 0.6330 - val_categorical_accuracy: 0.7800 - lr: 8.0000e-04 - 107s/epoch - 27ms/step
Epoch 80/200
4003/4003 - 106s - loss: 0.6170 - categorical_accuracy: 0.7854 - val_loss: 0.6339 - val_categorical_accuracy: 0.7795 - lr: 8.0000e-04 - 106s/epoch - 26ms/step
Epoch 81/200
4003/4003 - 106s - loss: 0.6174 - categorical_accuracy: 0.7857 - val_loss: 0.6362 - val_categorical_accuracy: 0.7791 - lr: 8.0000e-04 - 106s/epoch - 27ms/step
Epoch 82/200
4003/4003 - 106s - loss: 0.6169 - categorical_accuracy: 0.7860 - val_loss: 0.6365 - val_categorical_accuracy: 0.7783 - lr: 8.0000e-04 - 106s/epoch - 27ms/step
Epoch 83/200
4003/4003 - 106s - loss: 0.6168 - categorical_accuracy: 0.7855 - val_loss: 0.6335 - val_categorical_accuracy: 0.7803 - lr: 8.0000e-04 - 106s/epoch - 26ms/step
Epoch 84/200
4003/4003 - 106s - loss: 0.6167 - categorical_accuracy: 0.7861 - val_loss: 0.6351 - val_categorical_accuracy: 0.7793 - lr: 8.0000e-04 - 106s/epoch - 27ms/step
Epoch 85/200
4003/4003 - 107s - loss: 0.6162 - categorical_accuracy: 0.7859 - val_loss: 0.6351 - val_categorical_accuracy: 0.7796 - lr: 8.0000e-04 - 107s/epoch - 27ms/step
Epoch 86/200
4003/4003 - 106s - loss: 0.6161 - categorical_accuracy: 0.7859 - val_loss: 0.6380 - val_categorical_accuracy: 0.7779 - lr: 8.0000e-04 - 106s/epoch - 26ms/step
Epoch 87/200
4003/4003 - 107s - loss: 0.6169 - categorical_accuracy: 0.7858 - val_loss: 0.6405 - val_categorical_accuracy: 0.7768 - lr: 8.0000e-04 - 107s/epoch - 27ms/step
Epoch 88/200
4003/4003 - 106s - loss: 0.6158 - categorical_accuracy: 0.7858 - val_loss: 0.6411 - val_categorical_accuracy: 0.7772 - lr: 8.0000e-04 - 106s/epoch - 27ms/step
Epoch 89/200
4003/4003 - 106s - loss: 0.6159 - categorical_accuracy: 0.7856 - val_loss: 0.6417 - val_categorical_accuracy: 0.7770 - lr: 8.0000e-04 - 106s/epoch - 27ms/step
Epoch 90/200
4003/4003 - 107s - loss: 0.6162 - categorical_accuracy: 0.7859 - val_loss: 0.6345 - val_categorical_accuracy: 0.7800 - lr: 8.0000e-04 - 107s/epoch - 27ms/step
Epoch 91/200
4003/4003 - 106s - loss: 0.6155 - categorical_accuracy: 0.7860 - val_loss: 0.6469 - val_categorical_accuracy: 0.7751 - lr: 8.0000e-04 - 106s/epoch - 26ms/step
Epoch 92/200
4003/4003 - 106s - loss: 0.6116 - categorical_accuracy: 0.7873 - val_loss: 0.6312 - val_categorical_accuracy: 0.7807 - lr: 6.4000e-04 - 106s/epoch - 26ms/step
Epoch 93/200
4003/4003 - 106s - loss: 0.6114 - categorical_accuracy: 0.7873 - val_loss: 0.6356 - val_categorical_accuracy: 0.7797 - lr: 6.4000e-04 - 106s/epoch - 26ms/step
Epoch 94/200
4003/4003 - 106s - loss: 0.6107 - categorical_accuracy: 0.7878 - val_loss: 0.6368 - val_categorical_accuracy: 0.7792 - lr: 6.4000e-04 - 106s/epoch - 26ms/step
Epoch 95/200
4003/4003 - 107s - loss: 0.6106 - categorical_accuracy: 0.7879 - val_loss: 0.6421 - val_categorical_accuracy: 0.7781 - lr: 6.4000e-04 - 107s/epoch - 27ms/step
Epoch 96/200
4003/4003 - 106s - loss: 0.6103 - categorical_accuracy: 0.7880 - val_loss: 0.6333 - val_categorical_accuracy: 0.7799 - lr: 6.4000e-04 - 106s/epoch - 26ms/step
Epoch 97/200
4003/4003 - 105s - loss: 0.6104 - categorical_accuracy: 0.7879 - val_loss: 0.6368 - val_categorical_accuracy: 0.7797 - lr: 6.4000e-04 - 105s/epoch - 26ms/step
Epoch 98/200
4003/4003 - 106s - loss: 0.6098 - categorical_accuracy: 0.7880 - val_loss: 0.6521 - val_categorical_accuracy: 0.7713 - lr: 6.4000e-04 - 106s/epoch - 26ms/step
Epoch 99/200
4003/4003 - 106s - loss: 0.6103 - categorical_accuracy: 0.7884 - val_loss: 0.6351 - val_categorical_accuracy: 0.7791 - lr: 6.4000e-04 - 106s/epoch - 27ms/step
Epoch 100/200
4003/4003 - 106s - loss: 0.6101 - categorical_accuracy: 0.7880 - val_loss: 0.6302 - val_categorical_accuracy: 0.7814 - lr: 6.4000e-04 - 106s/epoch - 26ms/step
Epoch 101/200
4003/4003 - 106s - loss: 0.6096 - categorical_accuracy: 0.7885 - val_loss: 0.6400 - val_categorical_accuracy: 0.7773 - lr: 6.4000e-04 - 106s/epoch - 26ms/step
Epoch 102/200
4003/4003 - 106s - loss: 0.6099 - categorical_accuracy: 0.7880 - val_loss: 0.6362 - val_categorical_accuracy: 0.7796 - lr: 6.4000e-04 - 106s/epoch - 27ms/step
Epoch 103/200
4003/4003 - 107s - loss: 0.6095 - categorical_accuracy: 0.7881 - val_loss: 0.6358 - val_categorical_accuracy: 0.7792 - lr: 6.4000e-04 - 107s/epoch - 27ms/step
Epoch 104/200
4003/4003 - 107s - loss: 0.6092 - categorical_accuracy: 0.7885 - val_loss: 0.6345 - val_categorical_accuracy: 0.7802 - lr: 6.4000e-04 - 107s/epoch - 27ms/step
Epoch 105/200
4003/4003 - 106s - loss: 0.6091 - categorical_accuracy: 0.7885 - val_loss: 0.6357 - val_categorical_accuracy: 0.7795 - lr: 6.4000e-04 - 106s/epoch - 27ms/step
Epoch 106/200
4003/4003 - 107s - loss: 0.6092 - categorical_accuracy: 0.7884 - val_loss: 0.6352 - val_categorical_accuracy: 0.7800 - lr: 6.4000e-04 - 107s/epoch - 27ms/step
Epoch 107/200
4003/4003 - 107s - loss: 0.6095 - categorical_accuracy: 0.7880 - val_loss: 0.6370 - val_categorical_accuracy: 0.7796 - lr: 6.4000e-04 - 107s/epoch - 27ms/step
Epoch 108/200
4003/4003 - 107s - loss: 0.6087 - categorical_accuracy: 0.7886 - val_loss: 0.6321 - val_categorical_accuracy: 0.7805 - lr: 6.4000e-04 - 107s/epoch - 27ms/step
Epoch 109/200
4003/4003 - 107s - loss: 0.6091 - categorical_accuracy: 0.7884 - val_loss: 0.6325 - val_categorical_accuracy: 0.7805 - lr: 6.4000e-04 - 107s/epoch - 27ms/step
Epoch 110/200
4003/4003 - 107s - loss: 0.6090 - categorical_accuracy: 0.7883 - val_loss: 0.6320 - val_categorical_accuracy: 0.7809 - lr: 6.4000e-04 - 107s/epoch - 27ms/step
Epoch 111/200
4003/4003 - 106s - loss: 0.6085 - categorical_accuracy: 0.7886 - val_loss: 0.6343 - val_categorical_accuracy: 0.7807 - lr: 6.4000e-04 - 106s/epoch - 27ms/step
Epoch 112/200
4003/4003 - 106s - loss: 0.6089 - categorical_accuracy: 0.7881 - val_loss: 0.6347 - val_categorical_accuracy: 0.7801 - lr: 6.4000e-04 - 106s/epoch - 26ms/step
Epoch 113/200
4003/4003 - 107s - loss: 0.6084 - categorical_accuracy: 0.7885 - val_loss: 0.6336 - val_categorical_accuracy: 0.7801 - lr: 6.4000e-04 - 107s/epoch - 27ms/step
Epoch 114/200
4003/4003 - 106s - loss: 0.6082 - categorical_accuracy: 0.7887 - val_loss: 0.6336 - val_categorical_accuracy: 0.7805 - lr: 6.4000e-04 - 106s/epoch - 27ms/step
Epoch 115/200
4003/4003 - 106s - loss: 0.6085 - categorical_accuracy: 0.7885 - val_loss: 0.6359 - val_categorical_accuracy: 0.7794 - lr: 6.4000e-04 - 106s/epoch - 26ms/step
Epoch 116/200
4003/4003 - 106s - loss: 0.6046 - categorical_accuracy: 0.7899 - val_loss: 0.6319 - val_categorical_accuracy: 0.7806 - lr: 5.1200e-04 - 106s/epoch - 27ms/step
Epoch 117/200
4003/4003 - 106s - loss: 0.6044 - categorical_accuracy: 0.7901 - val_loss: 0.6356 - val_categorical_accuracy: 0.7806 - lr: 5.1200e-04 - 106s/epoch - 26ms/step
Epoch 118/200
4003/4003 - 107s - loss: 0.6037 - categorical_accuracy: 0.7900 - val_loss: 0.6329 - val_categorical_accuracy: 0.7808 - lr: 5.1200e-04 - 107s/epoch - 27ms/step
Epoch 119/200
4003/4003 - 106s - loss: 0.6034 - categorical_accuracy: 0.7904 - val_loss: 0.6344 - val_categorical_accuracy: 0.7798 - lr: 5.1200e-04 - 106s/epoch - 27ms/step
Epoch 120/200
4003/4003 - 106s - loss: 0.6039 - categorical_accuracy: 0.7901 - val_loss: 0.6336 - val_categorical_accuracy: 0.7805 - lr: 5.1200e-04 - 106s/epoch - 27ms/step
Epoch 121/200
4003/4003 - 107s - loss: 0.6034 - categorical_accuracy: 0.7905 - val_loss: 0.6316 - val_categorical_accuracy: 0.7813 - lr: 5.1200e-04 - 107s/epoch - 27ms/step
Epoch 122/200
4003/4003 - 106s - loss: 0.6040 - categorical_accuracy: 0.7901 - val_loss: 0.6353 - val_categorical_accuracy: 0.7804 - lr: 5.1200e-04 - 106s/epoch - 27ms/step
Epoch 123/200
4003/4003 - 107s - loss: 0.6034 - categorical_accuracy: 0.7904 - val_loss: 0.6349 - val_categorical_accuracy: 0.7801 - lr: 5.1200e-04 - 107s/epoch - 27ms/step
Epoch 124/200
4003/4003 - 107s - loss: 0.6035 - categorical_accuracy: 0.7903 - val_loss: 0.6331 - val_categorical_accuracy: 0.7801 - lr: 5.1200e-04 - 107s/epoch - 27ms/step
Epoch 125/200
4003/4003 - 106s - loss: 0.6037 - categorical_accuracy: 0.7900 - val_loss: 0.6422 - val_categorical_accuracy: 0.7779 - lr: 5.1200e-04 - 106s/epoch - 27ms/step
Epoch 126/200
4003/4003 - 106s - loss: 0.6036 - categorical_accuracy: 0.7902 - val_loss: 0.6375 - val_categorical_accuracy: 0.7791 - lr: 5.1200e-04 - 106s/epoch - 26ms/step
Epoch 127/200
4003/4003 - 108s - loss: 0.6036 - categorical_accuracy: 0.7900 - val_loss: 0.6345 - val_categorical_accuracy: 0.7808 - lr: 5.1200e-04 - 108s/epoch - 27ms/step
Epoch 128/200
4003/4003 - 108s - loss: 0.6031 - categorical_accuracy: 0.7904 - val_loss: 0.6355 - val_categorical_accuracy: 0.7805 - lr: 5.1200e-04 - 108s/epoch - 27ms/step
Epoch 129/200
4003/4003 - 106s - loss: 0.6029 - categorical_accuracy: 0.7907 - val_loss: 0.6334 - val_categorical_accuracy: 0.7805 - lr: 5.1200e-04 - 106s/epoch - 26ms/step
Epoch 130/200
4003/4003 - 106s - loss: 0.6028 - categorical_accuracy: 0.7906 - val_loss: 0.6321 - val_categorical_accuracy: 0.7810 - lr: 5.1200e-04 - 106s/epoch - 27ms/step
[92m
Saved model to: [0m trained_intnets/jedinet_exploration_13
Loss vs epochs plot saved to trained_intnets/jedinet_exploration_13.
Accuracy vs epochs plot saved to trained_intnets/jedinet_exploration_13.
[92m
Plots done! [0m
