[96m
GPU: NVIDIA GeForce GTX 1080 Ti[0m
[92mSaved hyperparameters to json file.[0m
[95m
DATA DETAILS[0m
[95m-----------[0m
data_folder: /work/deodagiu/ki_data/intnet_input
norm: robust
train_events: -1
test_events: 0
pt_min: 2.0
nconstituents: 16
feature_selection: jedinet

----------------
[92mData loading complete:[0m
Training data size: 5.72e+05
Test data size: 0.00e+00
----------------

Shuffling constituents...
[92mShuffled the training data! 🃏
[0m
Instantiating model with the hyperparameters:
effects_nnodes: 100
dynamic_nnodes: 50
abstrac_nnodes: 25
effects_activ: relu
dynamic_activ: relu
abstrac_activ: relu
neffects: 25
ndynamics: 15
l2: 0.01
summation: True
[92mModel compiled and built![0m
[95m

TRAINING THE MODEL 💪[0m

Training parameters
-------------------
[92mOptimiser: 	[0m {'name': 'Adam', 'learning_rate': 0.001, 'decay': 0.0, 'beta_1': 0.9, 'beta_2': 0.999, 'epsilon': 1e-07, 'amsgrad': False}
[92mBatch size: 	[0m 100
[92mLearning rate: 	[0m 0.001
[92mTraining epochs:[0m 200
[92mLoss: 		[0m categorical_crossentropy

Epoch 1/200
4003/4003 - 107s - loss: 1.1070 - categorical_accuracy: 0.6826 - val_loss: 0.7968 - val_categorical_accuracy: 0.7394 - lr: 0.0010 - 107s/epoch - 27ms/step
Epoch 2/200
4003/4003 - 105s - loss: 0.7856 - categorical_accuracy: 0.7356 - val_loss: 0.7575 - val_categorical_accuracy: 0.7407 - lr: 0.0010 - 105s/epoch - 26ms/step
Epoch 3/200
4003/4003 - 106s - loss: 0.7394 - categorical_accuracy: 0.7473 - val_loss: 0.7055 - val_categorical_accuracy: 0.7570 - lr: 0.0010 - 106s/epoch - 26ms/step
Epoch 4/200
4003/4003 - 106s - loss: 0.7124 - categorical_accuracy: 0.7534 - val_loss: 0.7044 - val_categorical_accuracy: 0.7533 - lr: 0.0010 - 106s/epoch - 26ms/step
Epoch 5/200
4003/4003 - 105s - loss: 0.6986 - categorical_accuracy: 0.7568 - val_loss: 0.6981 - val_categorical_accuracy: 0.7547 - lr: 0.0010 - 105s/epoch - 26ms/step
Epoch 6/200
4003/4003 - 105s - loss: 0.6906 - categorical_accuracy: 0.7593 - val_loss: 0.7067 - val_categorical_accuracy: 0.7514 - lr: 0.0010 - 105s/epoch - 26ms/step
Epoch 7/200
4003/4003 - 106s - loss: 0.6861 - categorical_accuracy: 0.7599 - val_loss: 0.6975 - val_categorical_accuracy: 0.7525 - lr: 0.0010 - 106s/epoch - 26ms/step
Epoch 8/200
4003/4003 - 106s - loss: 0.6771 - categorical_accuracy: 0.7618 - val_loss: 0.6689 - val_categorical_accuracy: 0.7639 - lr: 0.0010 - 106s/epoch - 26ms/step
Epoch 9/200
4003/4003 - 106s - loss: 0.6731 - categorical_accuracy: 0.7626 - val_loss: 0.6672 - val_categorical_accuracy: 0.7647 - lr: 0.0010 - 106s/epoch - 27ms/step
Epoch 10/200
4003/4003 - 106s - loss: 0.6703 - categorical_accuracy: 0.7646 - val_loss: 0.6680 - val_categorical_accuracy: 0.7645 - lr: 0.0010 - 106s/epoch - 26ms/step
Epoch 11/200
4003/4003 - 106s - loss: 0.6676 - categorical_accuracy: 0.7656 - val_loss: 0.6667 - val_categorical_accuracy: 0.7657 - lr: 0.0010 - 106s/epoch - 26ms/step
Epoch 12/200
4003/4003 - 105s - loss: 0.6655 - categorical_accuracy: 0.7664 - val_loss: 0.6721 - val_categorical_accuracy: 0.7644 - lr: 0.0010 - 105s/epoch - 26ms/step
Epoch 13/200
4003/4003 - 105s - loss: 0.6637 - categorical_accuracy: 0.7675 - val_loss: 0.6650 - val_categorical_accuracy: 0.7663 - lr: 0.0010 - 105s/epoch - 26ms/step
Epoch 14/200
4003/4003 - 105s - loss: 0.6613 - categorical_accuracy: 0.7676 - val_loss: 0.6567 - val_categorical_accuracy: 0.7680 - lr: 0.0010 - 105s/epoch - 26ms/step
Epoch 15/200
4003/4003 - 106s - loss: 0.6600 - categorical_accuracy: 0.7684 - val_loss: 0.6654 - val_categorical_accuracy: 0.7663 - lr: 0.0010 - 106s/epoch - 26ms/step
Epoch 16/200
4003/4003 - 105s - loss: 0.6592 - categorical_accuracy: 0.7690 - val_loss: 0.6540 - val_categorical_accuracy: 0.7707 - lr: 0.0010 - 105s/epoch - 26ms/step
Epoch 17/200
4003/4003 - 105s - loss: 0.6578 - categorical_accuracy: 0.7693 - val_loss: 0.6583 - val_categorical_accuracy: 0.7683 - lr: 0.0010 - 105s/epoch - 26ms/step
Epoch 18/200
4003/4003 - 106s - loss: 0.6573 - categorical_accuracy: 0.7695 - val_loss: 0.6835 - val_categorical_accuracy: 0.7581 - lr: 0.0010 - 106s/epoch - 26ms/step
Epoch 19/200
4003/4003 - 105s - loss: 0.6561 - categorical_accuracy: 0.7701 - val_loss: 0.6897 - val_categorical_accuracy: 0.7541 - lr: 0.0010 - 105s/epoch - 26ms/step
Epoch 20/200
4003/4003 - 105s - loss: 0.6548 - categorical_accuracy: 0.7706 - val_loss: 0.6536 - val_categorical_accuracy: 0.7697 - lr: 0.0010 - 105s/epoch - 26ms/step
Epoch 21/200
4003/4003 - 106s - loss: 0.6540 - categorical_accuracy: 0.7710 - val_loss: 0.6672 - val_categorical_accuracy: 0.7637 - lr: 0.0010 - 106s/epoch - 26ms/step
Epoch 22/200
4003/4003 - 105s - loss: 0.6534 - categorical_accuracy: 0.7710 - val_loss: 0.6496 - val_categorical_accuracy: 0.7717 - lr: 0.0010 - 105s/epoch - 26ms/step
Epoch 23/200
4003/4003 - 105s - loss: 0.6527 - categorical_accuracy: 0.7716 - val_loss: 0.6876 - val_categorical_accuracy: 0.7570 - lr: 0.0010 - 105s/epoch - 26ms/step
Epoch 24/200
4003/4003 - 105s - loss: 0.6516 - categorical_accuracy: 0.7717 - val_loss: 0.6616 - val_categorical_accuracy: 0.7663 - lr: 0.0010 - 105s/epoch - 26ms/step
Epoch 25/200
4003/4003 - 105s - loss: 0.6509 - categorical_accuracy: 0.7724 - val_loss: 0.6742 - val_categorical_accuracy: 0.7612 - lr: 0.0010 - 105s/epoch - 26ms/step
Epoch 26/200
4003/4003 - 106s - loss: 0.6510 - categorical_accuracy: 0.7723 - val_loss: 0.6515 - val_categorical_accuracy: 0.7710 - lr: 0.0010 - 106s/epoch - 26ms/step
Epoch 27/200
4003/4003 - 105s - loss: 0.6498 - categorical_accuracy: 0.7726 - val_loss: 0.6481 - val_categorical_accuracy: 0.7720 - lr: 0.0010 - 105s/epoch - 26ms/step
Epoch 28/200
4003/4003 - 105s - loss: 0.6484 - categorical_accuracy: 0.7733 - val_loss: 0.6591 - val_categorical_accuracy: 0.7672 - lr: 0.0010 - 105s/epoch - 26ms/step
Epoch 29/200
4003/4003 - 105s - loss: 0.6488 - categorical_accuracy: 0.7731 - val_loss: 0.6485 - val_categorical_accuracy: 0.7724 - lr: 0.0010 - 105s/epoch - 26ms/step
Epoch 30/200
4003/4003 - 105s - loss: 0.6482 - categorical_accuracy: 0.7736 - val_loss: 0.6511 - val_categorical_accuracy: 0.7714 - lr: 0.0010 - 105s/epoch - 26ms/step
Epoch 31/200
4003/4003 - 105s - loss: 0.6474 - categorical_accuracy: 0.7737 - val_loss: 0.6486 - val_categorical_accuracy: 0.7722 - lr: 0.0010 - 105s/epoch - 26ms/step
Epoch 32/200
4003/4003 - 106s - loss: 0.6468 - categorical_accuracy: 0.7738 - val_loss: 0.6482 - val_categorical_accuracy: 0.7729 - lr: 0.0010 - 106s/epoch - 26ms/step
Epoch 33/200
4003/4003 - 105s - loss: 0.6458 - categorical_accuracy: 0.7741 - val_loss: 0.6436 - val_categorical_accuracy: 0.7742 - lr: 0.0010 - 105s/epoch - 26ms/step
Epoch 34/200
4003/4003 - 105s - loss: 0.6454 - categorical_accuracy: 0.7748 - val_loss: 0.6464 - val_categorical_accuracy: 0.7733 - lr: 0.0010 - 105s/epoch - 26ms/step
Epoch 35/200
4003/4003 - 105s - loss: 0.6448 - categorical_accuracy: 0.7749 - val_loss: 0.6416 - val_categorical_accuracy: 0.7744 - lr: 0.0010 - 105s/epoch - 26ms/step
Epoch 36/200
4003/4003 - 105s - loss: 0.6444 - categorical_accuracy: 0.7745 - val_loss: 0.6528 - val_categorical_accuracy: 0.7704 - lr: 0.0010 - 105s/epoch - 26ms/step
Epoch 37/200
4003/4003 - 105s - loss: 0.6437 - categorical_accuracy: 0.7748 - val_loss: 0.6520 - val_categorical_accuracy: 0.7709 - lr: 0.0010 - 105s/epoch - 26ms/step
Epoch 38/200
4003/4003 - 106s - loss: 0.6435 - categorical_accuracy: 0.7754 - val_loss: 0.6532 - val_categorical_accuracy: 0.7712 - lr: 0.0010 - 106s/epoch - 26ms/step
Epoch 39/200
4003/4003 - 105s - loss: 0.6431 - categorical_accuracy: 0.7755 - val_loss: 0.6470 - val_categorical_accuracy: 0.7740 - lr: 0.0010 - 105s/epoch - 26ms/step
Epoch 40/200
4003/4003 - 105s - loss: 0.6423 - categorical_accuracy: 0.7761 - val_loss: 0.6667 - val_categorical_accuracy: 0.7644 - lr: 0.0010 - 105s/epoch - 26ms/step
Epoch 41/200
4003/4003 - 105s - loss: 0.6421 - categorical_accuracy: 0.7755 - val_loss: 0.6427 - val_categorical_accuracy: 0.7743 - lr: 0.0010 - 105s/epoch - 26ms/step
Epoch 42/200
4003/4003 - 105s - loss: 0.6418 - categorical_accuracy: 0.7759 - val_loss: 0.6516 - val_categorical_accuracy: 0.7697 - lr: 0.0010 - 105s/epoch - 26ms/step
Epoch 43/200
4003/4003 - 105s - loss: 0.6408 - categorical_accuracy: 0.7762 - val_loss: 0.6482 - val_categorical_accuracy: 0.7717 - lr: 0.0010 - 105s/epoch - 26ms/step
Epoch 44/200
4003/4003 - 105s - loss: 0.6412 - categorical_accuracy: 0.7763 - val_loss: 0.6426 - val_categorical_accuracy: 0.7737 - lr: 0.0010 - 105s/epoch - 26ms/step
Epoch 45/200
4003/4003 - 105s - loss: 0.6408 - categorical_accuracy: 0.7765 - val_loss: 0.6549 - val_categorical_accuracy: 0.7698 - lr: 0.0010 - 105s/epoch - 26ms/step
Epoch 46/200
4003/4003 - 105s - loss: 0.6398 - categorical_accuracy: 0.7767 - val_loss: 0.6493 - val_categorical_accuracy: 0.7718 - lr: 0.0010 - 105s/epoch - 26ms/step
Epoch 47/200
4003/4003 - 106s - loss: 0.6394 - categorical_accuracy: 0.7765 - val_loss: 0.6450 - val_categorical_accuracy: 0.7737 - lr: 0.0010 - 106s/epoch - 26ms/step
Epoch 48/200
4003/4003 - 105s - loss: 0.6395 - categorical_accuracy: 0.7766 - val_loss: 0.6551 - val_categorical_accuracy: 0.7701 - lr: 0.0010 - 105s/epoch - 26ms/step
Epoch 49/200
4003/4003 - 105s - loss: 0.6386 - categorical_accuracy: 0.7769 - val_loss: 0.6467 - val_categorical_accuracy: 0.7734 - lr: 0.0010 - 105s/epoch - 26ms/step
Epoch 50/200
4003/4003 - 106s - loss: 0.6388 - categorical_accuracy: 0.7765 - val_loss: 0.6437 - val_categorical_accuracy: 0.7744 - lr: 0.0010 - 106s/epoch - 26ms/step
Epoch 51/200
4003/4003 - 105s - loss: 0.6339 - categorical_accuracy: 0.7789 - val_loss: 0.6373 - val_categorical_accuracy: 0.7771 - lr: 8.0000e-04 - 105s/epoch - 26ms/step
Epoch 52/200
4003/4003 - 105s - loss: 0.6334 - categorical_accuracy: 0.7789 - val_loss: 0.6367 - val_categorical_accuracy: 0.7773 - lr: 8.0000e-04 - 105s/epoch - 26ms/step
Epoch 53/200
4003/4003 - 106s - loss: 0.6332 - categorical_accuracy: 0.7788 - val_loss: 0.6476 - val_categorical_accuracy: 0.7728 - lr: 8.0000e-04 - 106s/epoch - 26ms/step
Epoch 54/200
4003/4003 - 105s - loss: 0.6325 - categorical_accuracy: 0.7791 - val_loss: 0.6396 - val_categorical_accuracy: 0.7758 - lr: 8.0000e-04 - 105s/epoch - 26ms/step
Epoch 55/200
4003/4003 - 105s - loss: 0.6323 - categorical_accuracy: 0.7791 - val_loss: 0.6461 - val_categorical_accuracy: 0.7727 - lr: 8.0000e-04 - 105s/epoch - 26ms/step
Epoch 56/200
4003/4003 - 106s - loss: 0.6322 - categorical_accuracy: 0.7793 - val_loss: 0.6407 - val_categorical_accuracy: 0.7754 - lr: 8.0000e-04 - 106s/epoch - 26ms/step
Epoch 57/200
4003/4003 - 105s - loss: 0.6319 - categorical_accuracy: 0.7795 - val_loss: 0.6391 - val_categorical_accuracy: 0.7768 - lr: 8.0000e-04 - 105s/epoch - 26ms/step
Epoch 58/200
4003/4003 - 106s - loss: 0.6313 - categorical_accuracy: 0.7798 - val_loss: 0.6362 - val_categorical_accuracy: 0.7775 - lr: 8.0000e-04 - 106s/epoch - 26ms/step
Epoch 59/200
4003/4003 - 105s - loss: 0.6310 - categorical_accuracy: 0.7795 - val_loss: 0.6397 - val_categorical_accuracy: 0.7758 - lr: 8.0000e-04 - 105s/epoch - 26ms/step
Epoch 60/200
4003/4003 - 105s - loss: 0.6311 - categorical_accuracy: 0.7793 - val_loss: 0.6591 - val_categorical_accuracy: 0.7678 - lr: 8.0000e-04 - 105s/epoch - 26ms/step
Epoch 61/200
4003/4003 - 106s - loss: 0.6308 - categorical_accuracy: 0.7799 - val_loss: 0.6367 - val_categorical_accuracy: 0.7777 - lr: 8.0000e-04 - 106s/epoch - 26ms/step
Epoch 62/200
4003/4003 - 105s - loss: 0.6307 - categorical_accuracy: 0.7798 - val_loss: 0.6401 - val_categorical_accuracy: 0.7762 - lr: 8.0000e-04 - 105s/epoch - 26ms/step
Epoch 63/200
4003/4003 - 105s - loss: 0.6303 - categorical_accuracy: 0.7804 - val_loss: 0.6380 - val_categorical_accuracy: 0.7766 - lr: 8.0000e-04 - 105s/epoch - 26ms/step
Epoch 64/200
4003/4003 - 105s - loss: 0.6296 - categorical_accuracy: 0.7795 - val_loss: 0.6480 - val_categorical_accuracy: 0.7733 - lr: 8.0000e-04 - 105s/epoch - 26ms/step
Epoch 65/200
4003/4003 - 105s - loss: 0.6301 - categorical_accuracy: 0.7800 - val_loss: 0.6394 - val_categorical_accuracy: 0.7761 - lr: 8.0000e-04 - 105s/epoch - 26ms/step
Epoch 66/200
4003/4003 - 105s - loss: 0.6299 - categorical_accuracy: 0.7798 - val_loss: 0.6364 - val_categorical_accuracy: 0.7769 - lr: 8.0000e-04 - 105s/epoch - 26ms/step
Epoch 67/200
4003/4003 - 105s - loss: 0.6295 - categorical_accuracy: 0.7803 - val_loss: 0.6434 - val_categorical_accuracy: 0.7737 - lr: 8.0000e-04 - 105s/epoch - 26ms/step
Epoch 68/200
4003/4003 - 105s - loss: 0.6294 - categorical_accuracy: 0.7804 - val_loss: 0.6360 - val_categorical_accuracy: 0.7765 - lr: 8.0000e-04 - 105s/epoch - 26ms/step
Epoch 69/200
4003/4003 - 105s - loss: 0.6289 - categorical_accuracy: 0.7806 - val_loss: 0.6438 - val_categorical_accuracy: 0.7741 - lr: 8.0000e-04 - 105s/epoch - 26ms/step
Epoch 70/200
4003/4003 - 106s - loss: 0.6291 - categorical_accuracy: 0.7804 - val_loss: 0.6504 - val_categorical_accuracy: 0.7706 - lr: 8.0000e-04 - 106s/epoch - 26ms/step
Epoch 71/200
4003/4003 - 106s - loss: 0.6294 - categorical_accuracy: 0.7802 - val_loss: 0.6350 - val_categorical_accuracy: 0.7781 - lr: 8.0000e-04 - 106s/epoch - 26ms/step
Epoch 72/200
4003/4003 - 105s - loss: 0.6289 - categorical_accuracy: 0.7803 - val_loss: 0.6473 - val_categorical_accuracy: 0.7714 - lr: 8.0000e-04 - 105s/epoch - 26ms/step
Epoch 73/200
4003/4003 - 106s - loss: 0.6285 - categorical_accuracy: 0.7808 - val_loss: 0.6390 - val_categorical_accuracy: 0.7759 - lr: 8.0000e-04 - 106s/epoch - 26ms/step
Epoch 74/200
4003/4003 - 105s - loss: 0.6285 - categorical_accuracy: 0.7805 - val_loss: 0.6354 - val_categorical_accuracy: 0.7775 - lr: 8.0000e-04 - 105s/epoch - 26ms/step
Epoch 75/200
4003/4003 - 105s - loss: 0.6284 - categorical_accuracy: 0.7807 - val_loss: 0.6350 - val_categorical_accuracy: 0.7769 - lr: 8.0000e-04 - 105s/epoch - 26ms/step
Epoch 76/200
4003/4003 - 106s - loss: 0.6283 - categorical_accuracy: 0.7809 - val_loss: 0.6369 - val_categorical_accuracy: 0.7773 - lr: 8.0000e-04 - 106s/epoch - 26ms/step
Epoch 77/200
4003/4003 - 105s - loss: 0.6283 - categorical_accuracy: 0.7805 - val_loss: 0.6360 - val_categorical_accuracy: 0.7769 - lr: 8.0000e-04 - 105s/epoch - 26ms/step
Epoch 78/200
4003/4003 - 106s - loss: 0.6275 - categorical_accuracy: 0.7808 - val_loss: 0.6374 - val_categorical_accuracy: 0.7770 - lr: 8.0000e-04 - 106s/epoch - 27ms/step
Epoch 79/200
4003/4003 - 106s - loss: 0.6276 - categorical_accuracy: 0.7805 - val_loss: 0.6379 - val_categorical_accuracy: 0.7767 - lr: 8.0000e-04 - 106s/epoch - 26ms/step
Epoch 80/200
4003/4003 - 105s - loss: 0.6278 - categorical_accuracy: 0.7808 - val_loss: 0.6360 - val_categorical_accuracy: 0.7777 - lr: 8.0000e-04 - 105s/epoch - 26ms/step
Epoch 81/200
4003/4003 - 106s - loss: 0.6274 - categorical_accuracy: 0.7809 - val_loss: 0.6360 - val_categorical_accuracy: 0.7774 - lr: 8.0000e-04 - 106s/epoch - 26ms/step
Epoch 82/200
4003/4003 - 106s - loss: 0.6277 - categorical_accuracy: 0.7812 - val_loss: 0.6361 - val_categorical_accuracy: 0.7770 - lr: 8.0000e-04 - 106s/epoch - 26ms/step
Epoch 83/200
4003/4003 - 105s - loss: 0.6270 - categorical_accuracy: 0.7808 - val_loss: 0.6317 - val_categorical_accuracy: 0.7790 - lr: 8.0000e-04 - 105s/epoch - 26ms/step
Epoch 84/200
4003/4003 - 106s - loss: 0.6271 - categorical_accuracy: 0.7811 - val_loss: 0.6373 - val_categorical_accuracy: 0.7757 - lr: 8.0000e-04 - 106s/epoch - 26ms/step
Epoch 85/200
4003/4003 - 106s - loss: 0.6271 - categorical_accuracy: 0.7807 - val_loss: 0.6325 - val_categorical_accuracy: 0.7792 - lr: 8.0000e-04 - 106s/epoch - 26ms/step
Epoch 86/200
4003/4003 - 106s - loss: 0.6267 - categorical_accuracy: 0.7810 - val_loss: 0.6316 - val_categorical_accuracy: 0.7779 - lr: 8.0000e-04 - 106s/epoch - 26ms/step
Epoch 87/200
4003/4003 - 106s - loss: 0.6271 - categorical_accuracy: 0.7811 - val_loss: 0.6353 - val_categorical_accuracy: 0.7774 - lr: 8.0000e-04 - 106s/epoch - 26ms/step
Epoch 88/200
4003/4003 - 106s - loss: 0.6269 - categorical_accuracy: 0.7812 - val_loss: 0.6359 - val_categorical_accuracy: 0.7773 - lr: 8.0000e-04 - 106s/epoch - 26ms/step
Epoch 89/200
4003/4003 - 106s - loss: 0.6263 - categorical_accuracy: 0.7814 - val_loss: 0.6436 - val_categorical_accuracy: 0.7738 - lr: 8.0000e-04 - 106s/epoch - 26ms/step
Epoch 90/200
4003/4003 - 106s - loss: 0.6266 - categorical_accuracy: 0.7815 - val_loss: 0.6380 - val_categorical_accuracy: 0.7775 - lr: 8.0000e-04 - 106s/epoch - 26ms/step
Epoch 91/200
4003/4003 - 106s - loss: 0.6265 - categorical_accuracy: 0.7814 - val_loss: 0.6500 - val_categorical_accuracy: 0.7706 - lr: 8.0000e-04 - 106s/epoch - 26ms/step
Epoch 92/200
4003/4003 - 105s - loss: 0.6262 - categorical_accuracy: 0.7810 - val_loss: 0.6365 - val_categorical_accuracy: 0.7773 - lr: 8.0000e-04 - 105s/epoch - 26ms/step
Epoch 93/200
4003/4003 - 106s - loss: 0.6268 - categorical_accuracy: 0.7810 - val_loss: 0.6382 - val_categorical_accuracy: 0.7774 - lr: 8.0000e-04 - 106s/epoch - 26ms/step
Epoch 94/200
4003/4003 - 105s - loss: 0.6260 - categorical_accuracy: 0.7815 - val_loss: 0.6420 - val_categorical_accuracy: 0.7740 - lr: 8.0000e-04 - 105s/epoch - 26ms/step
Epoch 95/200
4003/4003 - 106s - loss: 0.6263 - categorical_accuracy: 0.7816 - val_loss: 0.6359 - val_categorical_accuracy: 0.7782 - lr: 8.0000e-04 - 106s/epoch - 26ms/step
Epoch 96/200
4003/4003 - 105s - loss: 0.6266 - categorical_accuracy: 0.7813 - val_loss: 0.6358 - val_categorical_accuracy: 0.7772 - lr: 8.0000e-04 - 105s/epoch - 26ms/step
Epoch 97/200
4003/4003 - 105s - loss: 0.6259 - categorical_accuracy: 0.7814 - val_loss: 0.6345 - val_categorical_accuracy: 0.7784 - lr: 8.0000e-04 - 105s/epoch - 26ms/step
Epoch 98/200
4003/4003 - 108s - loss: 0.6258 - categorical_accuracy: 0.7814 - val_loss: 0.6443 - val_categorical_accuracy: 0.7725 - lr: 8.0000e-04 - 108s/epoch - 27ms/step
Epoch 99/200
4003/4003 - 106s - loss: 0.6256 - categorical_accuracy: 0.7819 - val_loss: 0.6394 - val_categorical_accuracy: 0.7754 - lr: 8.0000e-04 - 106s/epoch - 26ms/step
Epoch 100/200
4003/4003 - 105s - loss: 0.6260 - categorical_accuracy: 0.7815 - val_loss: 0.6368 - val_categorical_accuracy: 0.7765 - lr: 8.0000e-04 - 105s/epoch - 26ms/step
Epoch 101/200
4003/4003 - 106s - loss: 0.6223 - categorical_accuracy: 0.7829 - val_loss: 0.6366 - val_categorical_accuracy: 0.7768 - lr: 6.4000e-04 - 106s/epoch - 26ms/step
Epoch 102/200
4003/4003 - 105s - loss: 0.6222 - categorical_accuracy: 0.7835 - val_loss: 0.6416 - val_categorical_accuracy: 0.7771 - lr: 6.4000e-04 - 105s/epoch - 26ms/step
Epoch 103/200
4003/4003 - 105s - loss: 0.6217 - categorical_accuracy: 0.7832 - val_loss: 0.6330 - val_categorical_accuracy: 0.7784 - lr: 6.4000e-04 - 105s/epoch - 26ms/step
Epoch 104/200
4003/4003 - 106s - loss: 0.6219 - categorical_accuracy: 0.7832 - val_loss: 0.6300 - val_categorical_accuracy: 0.7798 - lr: 6.4000e-04 - 106s/epoch - 26ms/step
Epoch 105/200
4003/4003 - 105s - loss: 0.6217 - categorical_accuracy: 0.7828 - val_loss: 0.6379 - val_categorical_accuracy: 0.7758 - lr: 6.4000e-04 - 105s/epoch - 26ms/step
Epoch 106/200
4003/4003 - 105s - loss: 0.6217 - categorical_accuracy: 0.7831 - val_loss: 0.6339 - val_categorical_accuracy: 0.7784 - lr: 6.4000e-04 - 105s/epoch - 26ms/step
Epoch 107/200
4003/4003 - 106s - loss: 0.6217 - categorical_accuracy: 0.7829 - val_loss: 0.6330 - val_categorical_accuracy: 0.7786 - lr: 6.4000e-04 - 106s/epoch - 26ms/step
Epoch 108/200
4003/4003 - 105s - loss: 0.6210 - categorical_accuracy: 0.7832 - val_loss: 0.6306 - val_categorical_accuracy: 0.7796 - lr: 6.4000e-04 - 105s/epoch - 26ms/step
Epoch 109/200
4003/4003 - 105s - loss: 0.6211 - categorical_accuracy: 0.7833 - val_loss: 0.6327 - val_categorical_accuracy: 0.7786 - lr: 6.4000e-04 - 105s/epoch - 26ms/step
Epoch 110/200
4003/4003 - 105s - loss: 0.6216 - categorical_accuracy: 0.7830 - val_loss: 0.6355 - val_categorical_accuracy: 0.7777 - lr: 6.4000e-04 - 105s/epoch - 26ms/step
Epoch 111/200
4003/4003 - 105s - loss: 0.6212 - categorical_accuracy: 0.7835 - val_loss: 0.6308 - val_categorical_accuracy: 0.7800 - lr: 6.4000e-04 - 105s/epoch - 26ms/step
Epoch 112/200
4003/4003 - 105s - loss: 0.6212 - categorical_accuracy: 0.7833 - val_loss: 0.6341 - val_categorical_accuracy: 0.7779 - lr: 6.4000e-04 - 105s/epoch - 26ms/step
Epoch 113/200
4003/4003 - 106s - loss: 0.6208 - categorical_accuracy: 0.7832 - val_loss: 0.6347 - val_categorical_accuracy: 0.7779 - lr: 6.4000e-04 - 106s/epoch - 26ms/step
Epoch 114/200
4003/4003 - 105s - loss: 0.6210 - categorical_accuracy: 0.7835 - val_loss: 0.6314 - val_categorical_accuracy: 0.7790 - lr: 6.4000e-04 - 105s/epoch - 26ms/step
Epoch 115/200
4003/4003 - 106s - loss: 0.6210 - categorical_accuracy: 0.7833 - val_loss: 0.6305 - val_categorical_accuracy: 0.7804 - lr: 6.4000e-04 - 106s/epoch - 26ms/step
Epoch 116/200
4003/4003 - 105s - loss: 0.6208 - categorical_accuracy: 0.7837 - val_loss: 0.6322 - val_categorical_accuracy: 0.7793 - lr: 6.4000e-04 - 105s/epoch - 26ms/step
Epoch 117/200
4003/4003 - 105s - loss: 0.6211 - categorical_accuracy: 0.7832 - val_loss: 0.6357 - val_categorical_accuracy: 0.7774 - lr: 6.4000e-04 - 105s/epoch - 26ms/step
Epoch 118/200
4003/4003 - 106s - loss: 0.6206 - categorical_accuracy: 0.7836 - val_loss: 0.6327 - val_categorical_accuracy: 0.7792 - lr: 6.4000e-04 - 106s/epoch - 26ms/step
Epoch 119/200
4003/4003 - 105s - loss: 0.6205 - categorical_accuracy: 0.7834 - val_loss: 0.6377 - val_categorical_accuracy: 0.7770 - lr: 6.4000e-04 - 105s/epoch - 26ms/step
Epoch 120/200
4003/4003 - 105s - loss: 0.6207 - categorical_accuracy: 0.7836 - val_loss: 0.6334 - val_categorical_accuracy: 0.7782 - lr: 6.4000e-04 - 105s/epoch - 26ms/step
Epoch 121/200
4003/4003 - 105s - loss: 0.6206 - categorical_accuracy: 0.7839 - val_loss: 0.6314 - val_categorical_accuracy: 0.7796 - lr: 6.4000e-04 - 105s/epoch - 26ms/step
Epoch 122/200
4003/4003 - 105s - loss: 0.6206 - categorical_accuracy: 0.7836 - val_loss: 0.6365 - val_categorical_accuracy: 0.7781 - lr: 6.4000e-04 - 105s/epoch - 26ms/step
Epoch 123/200
4003/4003 - 105s - loss: 0.6206 - categorical_accuracy: 0.7836 - val_loss: 0.6316 - val_categorical_accuracy: 0.7794 - lr: 6.4000e-04 - 105s/epoch - 26ms/step
Epoch 124/200
4003/4003 - 106s - loss: 0.6205 - categorical_accuracy: 0.7840 - val_loss: 0.6320 - val_categorical_accuracy: 0.7785 - lr: 6.4000e-04 - 106s/epoch - 26ms/step
Epoch 125/200
4003/4003 - 105s - loss: 0.6203 - categorical_accuracy: 0.7838 - val_loss: 0.6371 - val_categorical_accuracy: 0.7778 - lr: 6.4000e-04 - 105s/epoch - 26ms/step
Epoch 126/200
4003/4003 - 105s - loss: 0.6205 - categorical_accuracy: 0.7835 - val_loss: 0.6336 - val_categorical_accuracy: 0.7790 - lr: 6.4000e-04 - 105s/epoch - 26ms/step
Epoch 127/200
4003/4003 - 106s - loss: 0.6204 - categorical_accuracy: 0.7836 - val_loss: 0.6322 - val_categorical_accuracy: 0.7795 - lr: 6.4000e-04 - 106s/epoch - 26ms/step
Epoch 128/200
4003/4003 - 105s - loss: 0.6198 - categorical_accuracy: 0.7837 - val_loss: 0.6353 - val_categorical_accuracy: 0.7783 - lr: 6.4000e-04 - 105s/epoch - 26ms/step
Epoch 129/200
4003/4003 - 105s - loss: 0.6200 - categorical_accuracy: 0.7835 - val_loss: 0.6314 - val_categorical_accuracy: 0.7793 - lr: 6.4000e-04 - 105s/epoch - 26ms/step
Epoch 130/200
4003/4003 - 105s - loss: 0.6198 - categorical_accuracy: 0.7841 - val_loss: 0.6307 - val_categorical_accuracy: 0.7796 - lr: 6.4000e-04 - 105s/epoch - 26ms/step
Epoch 131/200
4003/4003 - 105s - loss: 0.6170 - categorical_accuracy: 0.7850 - val_loss: 0.6288 - val_categorical_accuracy: 0.7800 - lr: 5.1200e-04 - 105s/epoch - 26ms/step
Epoch 132/200
4003/4003 - 106s - loss: 0.6174 - categorical_accuracy: 0.7845 - val_loss: 0.6301 - val_categorical_accuracy: 0.7796 - lr: 5.1200e-04 - 106s/epoch - 26ms/step
Epoch 133/200
4003/4003 - 105s - loss: 0.6171 - categorical_accuracy: 0.7848 - val_loss: 0.6299 - val_categorical_accuracy: 0.7798 - lr: 5.1200e-04 - 105s/epoch - 26ms/step
Epoch 134/200
4003/4003 - 105s - loss: 0.6165 - categorical_accuracy: 0.7851 - val_loss: 0.6410 - val_categorical_accuracy: 0.7752 - lr: 5.1200e-04 - 105s/epoch - 26ms/step
Epoch 135/200
4003/4003 - 107s - loss: 0.6171 - categorical_accuracy: 0.7845 - val_loss: 0.6333 - val_categorical_accuracy: 0.7779 - lr: 5.1200e-04 - 107s/epoch - 27ms/step
Epoch 136/200
4003/4003 - 105s - loss: 0.6168 - categorical_accuracy: 0.7848 - val_loss: 0.6288 - val_categorical_accuracy: 0.7797 - lr: 5.1200e-04 - 105s/epoch - 26ms/step
Epoch 137/200
4003/4003 - 105s - loss: 0.6169 - categorical_accuracy: 0.7849 - val_loss: 0.6298 - val_categorical_accuracy: 0.7795 - lr: 5.1200e-04 - 105s/epoch - 26ms/step
Epoch 138/200
4003/4003 - 105s - loss: 0.6162 - categorical_accuracy: 0.7848 - val_loss: 0.6304 - val_categorical_accuracy: 0.7798 - lr: 5.1200e-04 - 105s/epoch - 26ms/step
Epoch 139/200
4003/4003 - 105s - loss: 0.6165 - categorical_accuracy: 0.7849 - val_loss: 0.6289 - val_categorical_accuracy: 0.7796 - lr: 5.1200e-04 - 105s/epoch - 26ms/step
Epoch 140/200
4003/4003 - 105s - loss: 0.6165 - categorical_accuracy: 0.7849 - val_loss: 0.6316 - val_categorical_accuracy: 0.7796 - lr: 5.1200e-04 - 105s/epoch - 26ms/step
Epoch 141/200
4003/4003 - 105s - loss: 0.6165 - categorical_accuracy: 0.7847 - val_loss: 0.6329 - val_categorical_accuracy: 0.7789 - lr: 5.1200e-04 - 105s/epoch - 26ms/step
Epoch 142/200
4003/4003 - 105s - loss: 0.6163 - categorical_accuracy: 0.7852 - val_loss: 0.6308 - val_categorical_accuracy: 0.7794 - lr: 5.1200e-04 - 105s/epoch - 26ms/step
Epoch 143/200
4003/4003 - 105s - loss: 0.6162 - categorical_accuracy: 0.7851 - val_loss: 0.6295 - val_categorical_accuracy: 0.7795 - lr: 5.1200e-04 - 105s/epoch - 26ms/step
Epoch 144/200
4003/4003 - 105s - loss: 0.6165 - categorical_accuracy: 0.7848 - val_loss: 0.6275 - val_categorical_accuracy: 0.7806 - lr: 5.1200e-04 - 105s/epoch - 26ms/step
Epoch 145/200
4003/4003 - 105s - loss: 0.6164 - categorical_accuracy: 0.7848 - val_loss: 0.6321 - val_categorical_accuracy: 0.7788 - lr: 5.1200e-04 - 105s/epoch - 26ms/step
Epoch 146/200
4003/4003 - 105s - loss: 0.6163 - categorical_accuracy: 0.7850 - val_loss: 0.6341 - val_categorical_accuracy: 0.7781 - lr: 5.1200e-04 - 105s/epoch - 26ms/step
Epoch 147/200
4003/4003 - 106s - loss: 0.6164 - categorical_accuracy: 0.7850 - val_loss: 0.6294 - val_categorical_accuracy: 0.7790 - lr: 5.1200e-04 - 106s/epoch - 26ms/step
Epoch 148/200
4003/4003 - 105s - loss: 0.6164 - categorical_accuracy: 0.7849 - val_loss: 0.6322 - val_categorical_accuracy: 0.7783 - lr: 5.1200e-04 - 105s/epoch - 26ms/step
Epoch 149/200
4003/4003 - 105s - loss: 0.6161 - categorical_accuracy: 0.7848 - val_loss: 0.6314 - val_categorical_accuracy: 0.7788 - lr: 5.1200e-04 - 105s/epoch - 26ms/step
Epoch 150/200
4003/4003 - 105s - loss: 0.6162 - categorical_accuracy: 0.7848 - val_loss: 0.6306 - val_categorical_accuracy: 0.7796 - lr: 5.1200e-04 - 105s/epoch - 26ms/step
Epoch 151/200
4003/4003 - 105s - loss: 0.6163 - categorical_accuracy: 0.7849 - val_loss: 0.6287 - val_categorical_accuracy: 0.7795 - lr: 5.1200e-04 - 105s/epoch - 26ms/step
Epoch 152/200
4003/4003 - 105s - loss: 0.6161 - categorical_accuracy: 0.7850 - val_loss: 0.6302 - val_categorical_accuracy: 0.7789 - lr: 5.1200e-04 - 105s/epoch - 26ms/step
Epoch 153/200
4003/4003 - 105s - loss: 0.6159 - categorical_accuracy: 0.7850 - val_loss: 0.6282 - val_categorical_accuracy: 0.7801 - lr: 5.1200e-04 - 105s/epoch - 26ms/step
Epoch 154/200
4003/4003 - 105s - loss: 0.6160 - categorical_accuracy: 0.7850 - val_loss: 0.6336 - val_categorical_accuracy: 0.7780 - lr: 5.1200e-04 - 105s/epoch - 26ms/step
Epoch 155/200
4003/4003 - 106s - loss: 0.6160 - categorical_accuracy: 0.7852 - val_loss: 0.6302 - val_categorical_accuracy: 0.7787 - lr: 5.1200e-04 - 106s/epoch - 26ms/step
Epoch 156/200
4003/4003 - 105s - loss: 0.6158 - categorical_accuracy: 0.7852 - val_loss: 0.6288 - val_categorical_accuracy: 0.7798 - lr: 5.1200e-04 - 105s/epoch - 26ms/step
Epoch 157/200
4003/4003 - 104s - loss: 0.6155 - categorical_accuracy: 0.7849 - val_loss: 0.6313 - val_categorical_accuracy: 0.7788 - lr: 5.1200e-04 - 104s/epoch - 26ms/step
Epoch 158/200
4003/4003 - 105s - loss: 0.6157 - categorical_accuracy: 0.7851 - val_loss: 0.6298 - val_categorical_accuracy: 0.7795 - lr: 5.1200e-04 - 105s/epoch - 26ms/step
Epoch 159/200
4003/4003 - 105s - loss: 0.6156 - categorical_accuracy: 0.7849 - val_loss: 0.6314 - val_categorical_accuracy: 0.7790 - lr: 5.1200e-04 - 105s/epoch - 26ms/step
Epoch 160/200
4003/4003 - 105s - loss: 0.6136 - categorical_accuracy: 0.7860 - val_loss: 0.6294 - val_categorical_accuracy: 0.7788 - lr: 4.0960e-04 - 105s/epoch - 26ms/step
Epoch 161/200
4003/4003 - 105s - loss: 0.6132 - categorical_accuracy: 0.7861 - val_loss: 0.6284 - val_categorical_accuracy: 0.7802 - lr: 4.0960e-04 - 105s/epoch - 26ms/step
Epoch 162/200
4003/4003 - 104s - loss: 0.6132 - categorical_accuracy: 0.7861 - val_loss: 0.6300 - val_categorical_accuracy: 0.7801 - lr: 4.0960e-04 - 104s/epoch - 26ms/step
Epoch 163/200
4003/4003 - 104s - loss: 0.6133 - categorical_accuracy: 0.7861 - val_loss: 0.6325 - val_categorical_accuracy: 0.7784 - lr: 4.0960e-04 - 104s/epoch - 26ms/step
Epoch 164/200
4003/4003 - 105s - loss: 0.6130 - categorical_accuracy: 0.7862 - val_loss: 0.6329 - val_categorical_accuracy: 0.7781 - lr: 4.0960e-04 - 105s/epoch - 26ms/step
Epoch 165/200
4003/4003 - 105s - loss: 0.6133 - categorical_accuracy: 0.7862 - val_loss: 0.6296 - val_categorical_accuracy: 0.7800 - lr: 4.0960e-04 - 105s/epoch - 26ms/step
Epoch 166/200
4003/4003 - 105s - loss: 0.6134 - categorical_accuracy: 0.7860 - val_loss: 0.6305 - val_categorical_accuracy: 0.7798 - lr: 4.0960e-04 - 105s/epoch - 26ms/step
Epoch 167/200
4003/4003 - 105s - loss: 0.6131 - categorical_accuracy: 0.7859 - val_loss: 0.6284 - val_categorical_accuracy: 0.7803 - lr: 4.0960e-04 - 105s/epoch - 26ms/step
Epoch 168/200
4003/4003 - 105s - loss: 0.6131 - categorical_accuracy: 0.7863 - val_loss: 0.6343 - val_categorical_accuracy: 0.7775 - lr: 4.0960e-04 - 105s/epoch - 26ms/step
Epoch 169/200
4003/4003 - 104s - loss: 0.6130 - categorical_accuracy: 0.7864 - val_loss: 0.6306 - val_categorical_accuracy: 0.7790 - lr: 4.0960e-04 - 104s/epoch - 26ms/step
Epoch 170/200
4003/4003 - 105s - loss: 0.6131 - categorical_accuracy: 0.7860 - val_loss: 0.6280 - val_categorical_accuracy: 0.7801 - lr: 4.0960e-04 - 105s/epoch - 26ms/step
Epoch 171/200
4003/4003 - 105s - loss: 0.6129 - categorical_accuracy: 0.7860 - val_loss: 0.6319 - val_categorical_accuracy: 0.7788 - lr: 4.0960e-04 - 105s/epoch - 26ms/step
Epoch 172/200
4003/4003 - 105s - loss: 0.6130 - categorical_accuracy: 0.7863 - val_loss: 0.6303 - val_categorical_accuracy: 0.7790 - lr: 4.0960e-04 - 105s/epoch - 26ms/step
Epoch 173/200
4003/4003 - 105s - loss: 0.6131 - categorical_accuracy: 0.7864 - val_loss: 0.6321 - val_categorical_accuracy: 0.7775 - lr: 4.0960e-04 - 105s/epoch - 26ms/step
Epoch 174/200
4003/4003 - 105s - loss: 0.6131 - categorical_accuracy: 0.7861 - val_loss: 0.6346 - val_categorical_accuracy: 0.7782 - lr: 4.0960e-04 - 105s/epoch - 26ms/step
[92m
Saved model to: [0m trained_intnets/jedinet_exploration_21
Loss vs epochs plot saved to trained_intnets/jedinet_exploration_21.
Accuracy vs epochs plot saved to trained_intnets/jedinet_exploration_21.
[92m
Plots done! [0m
