[96m
GPU: NVIDIA GeForce GTX 1080 Ti[0m
[92mSaved hyperparameters to json file.[0m
[95m
DATA DEETS[0m
[95m-----------[0m
data_folder: /work/deodagiu/ki_data/intnet_input
norm: robust
train_events: -1
test_events: 0
pt_min: 2.0
nconstituents: 16
feature_selection: jedinet

----------------
[92mData loading complete:[0m
Training data size: 5.72e+05
Test data size: 0.00e+00
----------------

Shuffling constituents...
[92mShuffled the training data! 🃏
[0m
Instantiating model with the hyperparameters:
effects_nnodes: 75
dynamic_nnodes: 50
abstrac_nnodes: 50
effects_activ: relu
dynamic_activ: relu
abstrac_activ: relu
neffects: 35
ndynamics: 25
l2: 0.01
summation: True
[92mModel compiled and built![0m
Model: "dens_intnet"
_________________________________________________________________
 Layer (type)                Output Shape              Param #   
=================================================================
 relational_model (EffectsML  multiple                 16535     
 P)                                                              
                                                                 
 object_model (DynamicsMLP)  multiple                  6935      
                                                                 
 classifier_model (AbstractM  multiple                 4605      
 LP)                                                             
                                                                 
=================================================================
Total params: 28,075
Trainable params: 28,075
Non-trainable params: 0
_________________________________________________________________
[95m

TRAINING THE MODEL 💪[0m

Training parameters
-------------------
[92mOptimiser: 	[0m {'name': 'Adam', 'learning_rate': 0.001, 'decay': 0.0, 'beta_1': 0.9, 'beta_2': 0.999, 'epsilon': 1e-07, 'amsgrad': False}
[92mBatch size: 	[0m 100
[92mLearning rate: 	[0m 0.001
[92mTraining epochs:[0m 200
[92mLoss: 		[0m categorical_crossentropy

Epoch 1/200
4003/4003 - 94s - loss: 1.1036 - categorical_accuracy: 0.6898 - val_loss: 0.8514 - val_categorical_accuracy: 0.7093 - lr: 0.0010 - 94s/epoch - 24ms/step
Epoch 2/200
4003/4003 - 92s - loss: 0.7627 - categorical_accuracy: 0.7416 - val_loss: 0.7257 - val_categorical_accuracy: 0.7482 - lr: 0.0010 - 92s/epoch - 23ms/step
Epoch 3/200
4003/4003 - 92s - loss: 0.7120 - categorical_accuracy: 0.7525 - val_loss: 0.6913 - val_categorical_accuracy: 0.7586 - lr: 0.0010 - 92s/epoch - 23ms/step
Epoch 4/200
4003/4003 - 92s - loss: 0.6936 - categorical_accuracy: 0.7569 - val_loss: 0.7002 - val_categorical_accuracy: 0.7496 - lr: 0.0010 - 92s/epoch - 23ms/step
Epoch 5/200
4003/4003 - 92s - loss: 0.6821 - categorical_accuracy: 0.7598 - val_loss: 0.6763 - val_categorical_accuracy: 0.7604 - lr: 0.0010 - 92s/epoch - 23ms/step
Epoch 6/200
4003/4003 - 92s - loss: 0.6758 - categorical_accuracy: 0.7623 - val_loss: 0.7012 - val_categorical_accuracy: 0.7524 - lr: 0.0010 - 92s/epoch - 23ms/step
Epoch 7/200
4003/4003 - 92s - loss: 0.6719 - categorical_accuracy: 0.7632 - val_loss: 0.6866 - val_categorical_accuracy: 0.7562 - lr: 0.0010 - 92s/epoch - 23ms/step
Epoch 8/200
4003/4003 - 92s - loss: 0.6686 - categorical_accuracy: 0.7650 - val_loss: 0.6553 - val_categorical_accuracy: 0.7700 - lr: 0.0010 - 92s/epoch - 23ms/step
Epoch 9/200
4003/4003 - 92s - loss: 0.6661 - categorical_accuracy: 0.7660 - val_loss: 0.6708 - val_categorical_accuracy: 0.7623 - lr: 0.0010 - 92s/epoch - 23ms/step
Epoch 10/200
4003/4003 - 92s - loss: 0.6634 - categorical_accuracy: 0.7672 - val_loss: 0.6579 - val_categorical_accuracy: 0.7692 - lr: 0.0010 - 92s/epoch - 23ms/step
Epoch 11/200
4003/4003 - 92s - loss: 0.6611 - categorical_accuracy: 0.7678 - val_loss: 0.6585 - val_categorical_accuracy: 0.7678 - lr: 0.0010 - 92s/epoch - 23ms/step
Epoch 12/200
4003/4003 - 92s - loss: 0.6581 - categorical_accuracy: 0.7694 - val_loss: 0.6724 - val_categorical_accuracy: 0.7633 - lr: 0.0010 - 92s/epoch - 23ms/step
Epoch 13/200
4003/4003 - 92s - loss: 0.6568 - categorical_accuracy: 0.7699 - val_loss: 0.6676 - val_categorical_accuracy: 0.7665 - lr: 0.0010 - 92s/epoch - 23ms/step
Epoch 14/200
4003/4003 - 92s - loss: 0.6538 - categorical_accuracy: 0.7708 - val_loss: 0.6499 - val_categorical_accuracy: 0.7715 - lr: 0.0010 - 92s/epoch - 23ms/step
Epoch 15/200
4003/4003 - 92s - loss: 0.6522 - categorical_accuracy: 0.7714 - val_loss: 0.6521 - val_categorical_accuracy: 0.7727 - lr: 0.0010 - 92s/epoch - 23ms/step
Epoch 16/200
4003/4003 - 92s - loss: 0.6507 - categorical_accuracy: 0.7721 - val_loss: 0.6501 - val_categorical_accuracy: 0.7726 - lr: 0.0010 - 92s/epoch - 23ms/step
Epoch 17/200
4003/4003 - 92s - loss: 0.6492 - categorical_accuracy: 0.7725 - val_loss: 0.6438 - val_categorical_accuracy: 0.7743 - lr: 0.0010 - 92s/epoch - 23ms/step
Epoch 18/200
4003/4003 - 92s - loss: 0.6477 - categorical_accuracy: 0.7733 - val_loss: 0.6582 - val_categorical_accuracy: 0.7681 - lr: 0.0010 - 92s/epoch - 23ms/step
Epoch 19/200
4003/4003 - 92s - loss: 0.6460 - categorical_accuracy: 0.7737 - val_loss: 0.6717 - val_categorical_accuracy: 0.7631 - lr: 0.0010 - 92s/epoch - 23ms/step
Epoch 20/200
4003/4003 - 94s - loss: 0.6444 - categorical_accuracy: 0.7746 - val_loss: 0.6422 - val_categorical_accuracy: 0.7741 - lr: 0.0010 - 94s/epoch - 23ms/step
Epoch 21/200
4003/4003 - 92s - loss: 0.6439 - categorical_accuracy: 0.7746 - val_loss: 0.6573 - val_categorical_accuracy: 0.7684 - lr: 0.0010 - 92s/epoch - 23ms/step
Epoch 22/200
4003/4003 - 92s - loss: 0.6430 - categorical_accuracy: 0.7755 - val_loss: 0.6406 - val_categorical_accuracy: 0.7761 - lr: 0.0010 - 92s/epoch - 23ms/step
Epoch 23/200
4003/4003 - 92s - loss: 0.6415 - categorical_accuracy: 0.7758 - val_loss: 0.6717 - val_categorical_accuracy: 0.7619 - lr: 0.0010 - 92s/epoch - 23ms/step
Epoch 24/200
4003/4003 - 92s - loss: 0.6413 - categorical_accuracy: 0.7758 - val_loss: 0.6440 - val_categorical_accuracy: 0.7750 - lr: 0.0010 - 92s/epoch - 23ms/step
Epoch 25/200
4003/4003 - 92s - loss: 0.6407 - categorical_accuracy: 0.7754 - val_loss: 0.6454 - val_categorical_accuracy: 0.7729 - lr: 0.0010 - 92s/epoch - 23ms/step
Epoch 26/200
4003/4003 - 92s - loss: 0.6398 - categorical_accuracy: 0.7763 - val_loss: 0.6464 - val_categorical_accuracy: 0.7732 - lr: 0.0010 - 92s/epoch - 23ms/step
Epoch 27/200
4003/4003 - 92s - loss: 0.6392 - categorical_accuracy: 0.7762 - val_loss: 0.6373 - val_categorical_accuracy: 0.7759 - lr: 0.0010 - 92s/epoch - 23ms/step
Epoch 28/200
4003/4003 - 92s - loss: 0.6376 - categorical_accuracy: 0.7769 - val_loss: 0.6552 - val_categorical_accuracy: 0.7674 - lr: 0.0010 - 92s/epoch - 23ms/step
Epoch 29/200
4003/4003 - 92s - loss: 0.6375 - categorical_accuracy: 0.7768 - val_loss: 0.6385 - val_categorical_accuracy: 0.7762 - lr: 0.0010 - 92s/epoch - 23ms/step
Epoch 30/200
4003/4003 - 92s - loss: 0.6373 - categorical_accuracy: 0.7766 - val_loss: 0.6420 - val_categorical_accuracy: 0.7749 - lr: 0.0010 - 92s/epoch - 23ms/step
Epoch 31/200
4003/4003 - 92s - loss: 0.6370 - categorical_accuracy: 0.7770 - val_loss: 0.6505 - val_categorical_accuracy: 0.7715 - lr: 0.0010 - 92s/epoch - 23ms/step
Epoch 32/200
4003/4003 - 92s - loss: 0.6360 - categorical_accuracy: 0.7779 - val_loss: 0.6391 - val_categorical_accuracy: 0.7760 - lr: 0.0010 - 92s/epoch - 23ms/step
Epoch 33/200
4003/4003 - 92s - loss: 0.6352 - categorical_accuracy: 0.7780 - val_loss: 0.6327 - val_categorical_accuracy: 0.7771 - lr: 0.0010 - 92s/epoch - 23ms/step
Epoch 34/200
4003/4003 - 92s - loss: 0.6348 - categorical_accuracy: 0.7783 - val_loss: 0.6340 - val_categorical_accuracy: 0.7779 - lr: 0.0010 - 92s/epoch - 23ms/step
Epoch 35/200
4003/4003 - 92s - loss: 0.6345 - categorical_accuracy: 0.7780 - val_loss: 0.6372 - val_categorical_accuracy: 0.7765 - lr: 0.0010 - 92s/epoch - 23ms/step
Epoch 36/200
4003/4003 - 92s - loss: 0.6340 - categorical_accuracy: 0.7783 - val_loss: 0.6434 - val_categorical_accuracy: 0.7745 - lr: 0.0010 - 92s/epoch - 23ms/step
Epoch 37/200
4003/4003 - 92s - loss: 0.6329 - categorical_accuracy: 0.7786 - val_loss: 0.6444 - val_categorical_accuracy: 0.7747 - lr: 0.0010 - 92s/epoch - 23ms/step
Epoch 38/200
4003/4003 - 92s - loss: 0.6332 - categorical_accuracy: 0.7788 - val_loss: 0.6438 - val_categorical_accuracy: 0.7756 - lr: 0.0010 - 92s/epoch - 23ms/step
Epoch 39/200
4003/4003 - 92s - loss: 0.6323 - categorical_accuracy: 0.7793 - val_loss: 0.6404 - val_categorical_accuracy: 0.7767 - lr: 0.0010 - 92s/epoch - 23ms/step
Epoch 40/200
4003/4003 - 92s - loss: 0.6323 - categorical_accuracy: 0.7792 - val_loss: 0.6395 - val_categorical_accuracy: 0.7747 - lr: 0.0010 - 92s/epoch - 23ms/step
Epoch 41/200
4003/4003 - 92s - loss: 0.6316 - categorical_accuracy: 0.7795 - val_loss: 0.6360 - val_categorical_accuracy: 0.7773 - lr: 0.0010 - 92s/epoch - 23ms/step
Epoch 42/200
4003/4003 - 92s - loss: 0.6316 - categorical_accuracy: 0.7794 - val_loss: 0.6417 - val_categorical_accuracy: 0.7745 - lr: 0.0010 - 92s/epoch - 23ms/step
Epoch 43/200
4003/4003 - 92s - loss: 0.6305 - categorical_accuracy: 0.7801 - val_loss: 0.6405 - val_categorical_accuracy: 0.7750 - lr: 0.0010 - 92s/epoch - 23ms/step
Epoch 44/200
4003/4003 - 92s - loss: 0.6309 - categorical_accuracy: 0.7796 - val_loss: 0.6351 - val_categorical_accuracy: 0.7771 - lr: 0.0010 - 92s/epoch - 23ms/step
Epoch 45/200
4003/4003 - 92s - loss: 0.6308 - categorical_accuracy: 0.7797 - val_loss: 0.6550 - val_categorical_accuracy: 0.7692 - lr: 0.0010 - 92s/epoch - 23ms/step
Epoch 46/200
4003/4003 - 93s - loss: 0.6301 - categorical_accuracy: 0.7798 - val_loss: 0.6438 - val_categorical_accuracy: 0.7734 - lr: 0.0010 - 93s/epoch - 23ms/step
Epoch 47/200
4003/4003 - 92s - loss: 0.6299 - categorical_accuracy: 0.7799 - val_loss: 0.6416 - val_categorical_accuracy: 0.7747 - lr: 0.0010 - 92s/epoch - 23ms/step
Epoch 48/200
4003/4003 - 92s - loss: 0.6297 - categorical_accuracy: 0.7801 - val_loss: 0.6498 - val_categorical_accuracy: 0.7719 - lr: 0.0010 - 92s/epoch - 23ms/step
Epoch 49/200
4003/4003 - 92s - loss: 0.6290 - categorical_accuracy: 0.7797 - val_loss: 0.6478 - val_categorical_accuracy: 0.7719 - lr: 0.0010 - 92s/epoch - 23ms/step
Epoch 50/200
4003/4003 - 92s - loss: 0.6247 - categorical_accuracy: 0.7819 - val_loss: 0.6309 - val_categorical_accuracy: 0.7787 - lr: 8.0000e-04 - 92s/epoch - 23ms/step
Epoch 51/200
4003/4003 - 92s - loss: 0.6235 - categorical_accuracy: 0.7823 - val_loss: 0.6313 - val_categorical_accuracy: 0.7797 - lr: 8.0000e-04 - 92s/epoch - 23ms/step
Epoch 52/200
4003/4003 - 92s - loss: 0.6229 - categorical_accuracy: 0.7824 - val_loss: 0.6320 - val_categorical_accuracy: 0.7783 - lr: 8.0000e-04 - 92s/epoch - 23ms/step
Epoch 53/200
4003/4003 - 92s - loss: 0.6231 - categorical_accuracy: 0.7823 - val_loss: 0.6376 - val_categorical_accuracy: 0.7770 - lr: 8.0000e-04 - 92s/epoch - 23ms/step
Epoch 54/200
4003/4003 - 92s - loss: 0.6227 - categorical_accuracy: 0.7825 - val_loss: 0.6427 - val_categorical_accuracy: 0.7745 - lr: 8.0000e-04 - 92s/epoch - 23ms/step
Epoch 55/200
4003/4003 - 92s - loss: 0.6226 - categorical_accuracy: 0.7823 - val_loss: 0.6397 - val_categorical_accuracy: 0.7759 - lr: 8.0000e-04 - 92s/epoch - 23ms/step
Epoch 56/200
4003/4003 - 92s - loss: 0.6226 - categorical_accuracy: 0.7825 - val_loss: 0.6334 - val_categorical_accuracy: 0.7786 - lr: 8.0000e-04 - 92s/epoch - 23ms/step
Epoch 57/200
4003/4003 - 92s - loss: 0.6220 - categorical_accuracy: 0.7828 - val_loss: 0.6286 - val_categorical_accuracy: 0.7801 - lr: 8.0000e-04 - 92s/epoch - 23ms/step
Epoch 58/200
4003/4003 - 92s - loss: 0.6217 - categorical_accuracy: 0.7827 - val_loss: 0.6302 - val_categorical_accuracy: 0.7792 - lr: 8.0000e-04 - 92s/epoch - 23ms/step
Epoch 59/200
4003/4003 - 92s - loss: 0.6213 - categorical_accuracy: 0.7828 - val_loss: 0.6284 - val_categorical_accuracy: 0.7797 - lr: 8.0000e-04 - 92s/epoch - 23ms/step
Epoch 60/200
4003/4003 - 92s - loss: 0.6212 - categorical_accuracy: 0.7827 - val_loss: 0.6453 - val_categorical_accuracy: 0.7728 - lr: 8.0000e-04 - 92s/epoch - 23ms/step
Epoch 61/200
4003/4003 - 92s - loss: 0.6215 - categorical_accuracy: 0.7828 - val_loss: 0.6339 - val_categorical_accuracy: 0.7800 - lr: 8.0000e-04 - 92s/epoch - 23ms/step
Epoch 62/200
4003/4003 - 92s - loss: 0.6212 - categorical_accuracy: 0.7832 - val_loss: 0.6380 - val_categorical_accuracy: 0.7765 - lr: 8.0000e-04 - 92s/epoch - 23ms/step
Epoch 63/200
4003/4003 - 92s - loss: 0.6209 - categorical_accuracy: 0.7828 - val_loss: 0.6332 - val_categorical_accuracy: 0.7794 - lr: 8.0000e-04 - 92s/epoch - 23ms/step
Epoch 64/200
4003/4003 - 92s - loss: 0.6203 - categorical_accuracy: 0.7828 - val_loss: 0.6494 - val_categorical_accuracy: 0.7727 - lr: 8.0000e-04 - 92s/epoch - 23ms/step
Epoch 65/200
4003/4003 - 92s - loss: 0.6208 - categorical_accuracy: 0.7828 - val_loss: 0.6381 - val_categorical_accuracy: 0.7757 - lr: 8.0000e-04 - 92s/epoch - 23ms/step
Epoch 66/200
4003/4003 - 92s - loss: 0.6202 - categorical_accuracy: 0.7834 - val_loss: 0.6326 - val_categorical_accuracy: 0.7785 - lr: 8.0000e-04 - 92s/epoch - 23ms/step
Epoch 67/200
4003/4003 - 92s - loss: 0.6200 - categorical_accuracy: 0.7836 - val_loss: 0.6411 - val_categorical_accuracy: 0.7750 - lr: 8.0000e-04 - 92s/epoch - 23ms/step
Epoch 68/200
4003/4003 - 92s - loss: 0.6200 - categorical_accuracy: 0.7831 - val_loss: 0.6303 - val_categorical_accuracy: 0.7798 - lr: 8.0000e-04 - 92s/epoch - 23ms/step
Epoch 69/200
4003/4003 - 92s - loss: 0.6192 - categorical_accuracy: 0.7833 - val_loss: 0.6599 - val_categorical_accuracy: 0.7673 - lr: 8.0000e-04 - 92s/epoch - 23ms/step
Epoch 70/200
4003/4003 - 92s - loss: 0.6195 - categorical_accuracy: 0.7838 - val_loss: 0.6458 - val_categorical_accuracy: 0.7730 - lr: 8.0000e-04 - 92s/epoch - 23ms/step
Epoch 71/200
4003/4003 - 92s - loss: 0.6192 - categorical_accuracy: 0.7840 - val_loss: 0.6346 - val_categorical_accuracy: 0.7784 - lr: 8.0000e-04 - 92s/epoch - 23ms/step
Epoch 72/200
4003/4003 - 92s - loss: 0.6189 - categorical_accuracy: 0.7834 - val_loss: 0.6363 - val_categorical_accuracy: 0.7757 - lr: 8.0000e-04 - 92s/epoch - 23ms/step
Epoch 73/200
4003/4003 - 92s - loss: 0.6153 - categorical_accuracy: 0.7850 - val_loss: 0.6305 - val_categorical_accuracy: 0.7804 - lr: 6.4000e-04 - 92s/epoch - 23ms/step
Epoch 74/200
4003/4003 - 92s - loss: 0.6147 - categorical_accuracy: 0.7851 - val_loss: 0.6279 - val_categorical_accuracy: 0.7802 - lr: 6.4000e-04 - 92s/epoch - 23ms/step
Epoch 75/200
4003/4003 - 92s - loss: 0.6145 - categorical_accuracy: 0.7849 - val_loss: 0.6284 - val_categorical_accuracy: 0.7806 - lr: 6.4000e-04 - 92s/epoch - 23ms/step
Epoch 76/200
4003/4003 - 92s - loss: 0.6144 - categorical_accuracy: 0.7851 - val_loss: 0.6273 - val_categorical_accuracy: 0.7806 - lr: 6.4000e-04 - 92s/epoch - 23ms/step
Epoch 77/200
4003/4003 - 92s - loss: 0.6143 - categorical_accuracy: 0.7849 - val_loss: 0.6309 - val_categorical_accuracy: 0.7792 - lr: 6.4000e-04 - 92s/epoch - 23ms/step
Epoch 78/200
4003/4003 - 92s - loss: 0.6142 - categorical_accuracy: 0.7855 - val_loss: 0.6294 - val_categorical_accuracy: 0.7804 - lr: 6.4000e-04 - 92s/epoch - 23ms/step
Epoch 79/200
4003/4003 - 92s - loss: 0.6140 - categorical_accuracy: 0.7850 - val_loss: 0.6267 - val_categorical_accuracy: 0.7811 - lr: 6.4000e-04 - 92s/epoch - 23ms/step
Epoch 80/200
4003/4003 - 92s - loss: 0.6137 - categorical_accuracy: 0.7857 - val_loss: 0.6294 - val_categorical_accuracy: 0.7795 - lr: 6.4000e-04 - 92s/epoch - 23ms/step
Epoch 81/200
4003/4003 - 92s - loss: 0.6139 - categorical_accuracy: 0.7855 - val_loss: 0.6289 - val_categorical_accuracy: 0.7802 - lr: 6.4000e-04 - 92s/epoch - 23ms/step
Epoch 82/200
4003/4003 - 93s - loss: 0.6135 - categorical_accuracy: 0.7857 - val_loss: 0.6283 - val_categorical_accuracy: 0.7804 - lr: 6.4000e-04 - 93s/epoch - 23ms/step
Epoch 83/200
4003/4003 - 92s - loss: 0.6138 - categorical_accuracy: 0.7853 - val_loss: 0.6278 - val_categorical_accuracy: 0.7802 - lr: 6.4000e-04 - 92s/epoch - 23ms/step
Epoch 84/200
4003/4003 - 92s - loss: 0.6137 - categorical_accuracy: 0.7861 - val_loss: 0.6294 - val_categorical_accuracy: 0.7795 - lr: 6.4000e-04 - 92s/epoch - 23ms/step
Epoch 85/200
4003/4003 - 92s - loss: 0.6131 - categorical_accuracy: 0.7856 - val_loss: 0.6272 - val_categorical_accuracy: 0.7810 - lr: 6.4000e-04 - 92s/epoch - 23ms/step
Epoch 86/200
4003/4003 - 92s - loss: 0.6129 - categorical_accuracy: 0.7856 - val_loss: 0.6280 - val_categorical_accuracy: 0.7802 - lr: 6.4000e-04 - 92s/epoch - 23ms/step
Epoch 87/200
4003/4003 - 92s - loss: 0.6135 - categorical_accuracy: 0.7852 - val_loss: 0.6302 - val_categorical_accuracy: 0.7792 - lr: 6.4000e-04 - 92s/epoch - 23ms/step
Epoch 88/200
4003/4003 - 92s - loss: 0.6130 - categorical_accuracy: 0.7854 - val_loss: 0.6296 - val_categorical_accuracy: 0.7796 - lr: 6.4000e-04 - 92s/epoch - 23ms/step
Epoch 89/200
4003/4003 - 92s - loss: 0.6126 - categorical_accuracy: 0.7858 - val_loss: 0.6357 - val_categorical_accuracy: 0.7775 - lr: 6.4000e-04 - 92s/epoch - 23ms/step
Epoch 90/200
4003/4003 - 92s - loss: 0.6129 - categorical_accuracy: 0.7859 - val_loss: 0.6295 - val_categorical_accuracy: 0.7804 - lr: 6.4000e-04 - 92s/epoch - 23ms/step
Epoch 91/200
4003/4003 - 92s - loss: 0.6128 - categorical_accuracy: 0.7861 - val_loss: 0.6382 - val_categorical_accuracy: 0.7767 - lr: 6.4000e-04 - 92s/epoch - 23ms/step
Epoch 92/200
4003/4003 - 92s - loss: 0.6128 - categorical_accuracy: 0.7859 - val_loss: 0.6289 - val_categorical_accuracy: 0.7798 - lr: 6.4000e-04 - 92s/epoch - 23ms/step
Epoch 93/200
4003/4003 - 92s - loss: 0.6130 - categorical_accuracy: 0.7859 - val_loss: 0.6333 - val_categorical_accuracy: 0.7792 - lr: 6.4000e-04 - 92s/epoch - 23ms/step
Epoch 94/200
4003/4003 - 92s - loss: 0.6124 - categorical_accuracy: 0.7861 - val_loss: 0.6357 - val_categorical_accuracy: 0.7772 - lr: 6.4000e-04 - 92s/epoch - 23ms/step
Epoch 95/200
4003/4003 - 92s - loss: 0.6093 - categorical_accuracy: 0.7871 - val_loss: 0.6287 - val_categorical_accuracy: 0.7808 - lr: 5.1200e-04 - 92s/epoch - 23ms/step
Epoch 96/200
4003/4003 - 92s - loss: 0.6089 - categorical_accuracy: 0.7871 - val_loss: 0.6280 - val_categorical_accuracy: 0.7804 - lr: 5.1200e-04 - 92s/epoch - 23ms/step
Epoch 97/200
4003/4003 - 92s - loss: 0.6089 - categorical_accuracy: 0.7875 - val_loss: 0.6304 - val_categorical_accuracy: 0.7798 - lr: 5.1200e-04 - 92s/epoch - 23ms/step
Epoch 98/200
4003/4003 - 92s - loss: 0.6086 - categorical_accuracy: 0.7873 - val_loss: 0.6317 - val_categorical_accuracy: 0.7784 - lr: 5.1200e-04 - 92s/epoch - 23ms/step
Epoch 99/200
4003/4003 - 92s - loss: 0.6086 - categorical_accuracy: 0.7873 - val_loss: 0.6294 - val_categorical_accuracy: 0.7799 - lr: 5.1200e-04 - 92s/epoch - 23ms/step
Epoch 100/200
4003/4003 - 92s - loss: 0.6086 - categorical_accuracy: 0.7875 - val_loss: 0.6242 - val_categorical_accuracy: 0.7819 - lr: 5.1200e-04 - 92s/epoch - 23ms/step
Epoch 101/200
4003/4003 - 92s - loss: 0.6083 - categorical_accuracy: 0.7872 - val_loss: 0.6334 - val_categorical_accuracy: 0.7787 - lr: 5.1200e-04 - 92s/epoch - 23ms/step
Epoch 102/200
4003/4003 - 92s - loss: 0.6084 - categorical_accuracy: 0.7872 - val_loss: 0.6332 - val_categorical_accuracy: 0.7798 - lr: 5.1200e-04 - 92s/epoch - 23ms/step
Epoch 103/200
4003/4003 - 92s - loss: 0.6081 - categorical_accuracy: 0.7874 - val_loss: 0.6301 - val_categorical_accuracy: 0.7798 - lr: 5.1200e-04 - 92s/epoch - 23ms/step
Epoch 104/200
4003/4003 - 92s - loss: 0.6079 - categorical_accuracy: 0.7873 - val_loss: 0.6266 - val_categorical_accuracy: 0.7817 - lr: 5.1200e-04 - 92s/epoch - 23ms/step
Epoch 105/200
4003/4003 - 92s - loss: 0.6082 - categorical_accuracy: 0.7871 - val_loss: 0.6282 - val_categorical_accuracy: 0.7805 - lr: 5.1200e-04 - 92s/epoch - 23ms/step
Epoch 106/200
4003/4003 - 91s - loss: 0.6079 - categorical_accuracy: 0.7873 - val_loss: 0.6292 - val_categorical_accuracy: 0.7801 - lr: 5.1200e-04 - 91s/epoch - 23ms/step
Epoch 107/200
4003/4003 - 91s - loss: 0.6080 - categorical_accuracy: 0.7876 - val_loss: 0.6284 - val_categorical_accuracy: 0.7811 - lr: 5.1200e-04 - 91s/epoch - 23ms/step
Epoch 108/200
4003/4003 - 91s - loss: 0.6073 - categorical_accuracy: 0.7876 - val_loss: 0.6291 - val_categorical_accuracy: 0.7798 - lr: 5.1200e-04 - 91s/epoch - 23ms/step
Epoch 109/200
4003/4003 - 92s - loss: 0.6076 - categorical_accuracy: 0.7875 - val_loss: 0.6271 - val_categorical_accuracy: 0.7813 - lr: 5.1200e-04 - 92s/epoch - 23ms/step
Epoch 110/200
4003/4003 - 91s - loss: 0.6077 - categorical_accuracy: 0.7875 - val_loss: 0.6273 - val_categorical_accuracy: 0.7814 - lr: 5.1200e-04 - 91s/epoch - 23ms/step
Epoch 111/200
4003/4003 - 91s - loss: 0.6075 - categorical_accuracy: 0.7878 - val_loss: 0.6277 - val_categorical_accuracy: 0.7809 - lr: 5.1200e-04 - 91s/epoch - 23ms/step
Epoch 112/200
4003/4003 - 92s - loss: 0.6076 - categorical_accuracy: 0.7878 - val_loss: 0.6305 - val_categorical_accuracy: 0.7804 - lr: 5.1200e-04 - 92s/epoch - 23ms/step
Epoch 113/200
4003/4003 - 91s - loss: 0.6073 - categorical_accuracy: 0.7877 - val_loss: 0.6282 - val_categorical_accuracy: 0.7803 - lr: 5.1200e-04 - 91s/epoch - 23ms/step
Epoch 114/200
4003/4003 - 91s - loss: 0.6073 - categorical_accuracy: 0.7877 - val_loss: 0.6291 - val_categorical_accuracy: 0.7802 - lr: 5.1200e-04 - 91s/epoch - 23ms/step
Epoch 115/200
4003/4003 - 92s - loss: 0.6074 - categorical_accuracy: 0.7875 - val_loss: 0.6270 - val_categorical_accuracy: 0.7813 - lr: 5.1200e-04 - 92s/epoch - 23ms/step
Epoch 116/200
4003/4003 - 91s - loss: 0.6045 - categorical_accuracy: 0.7891 - val_loss: 0.6276 - val_categorical_accuracy: 0.7804 - lr: 4.0960e-04 - 91s/epoch - 23ms/step
Epoch 117/200
4003/4003 - 91s - loss: 0.6046 - categorical_accuracy: 0.7890 - val_loss: 0.6278 - val_categorical_accuracy: 0.7808 - lr: 4.0960e-04 - 91s/epoch - 23ms/step
Epoch 118/200
4003/4003 - 92s - loss: 0.6041 - categorical_accuracy: 0.7887 - val_loss: 0.6284 - val_categorical_accuracy: 0.7811 - lr: 4.0960e-04 - 92s/epoch - 23ms/step
Epoch 119/200
4003/4003 - 91s - loss: 0.6042 - categorical_accuracy: 0.7886 - val_loss: 0.6272 - val_categorical_accuracy: 0.7810 - lr: 4.0960e-04 - 91s/epoch - 23ms/step
Epoch 120/200
4003/4003 - 91s - loss: 0.6039 - categorical_accuracy: 0.7887 - val_loss: 0.6268 - val_categorical_accuracy: 0.7810 - lr: 4.0960e-04 - 91s/epoch - 23ms/step
Epoch 121/200
4003/4003 - 91s - loss: 0.6040 - categorical_accuracy: 0.7892 - val_loss: 0.6250 - val_categorical_accuracy: 0.7815 - lr: 4.0960e-04 - 91s/epoch - 23ms/step
Epoch 122/200
4003/4003 - 92s - loss: 0.6041 - categorical_accuracy: 0.7888 - val_loss: 0.6288 - val_categorical_accuracy: 0.7800 - lr: 4.0960e-04 - 92s/epoch - 23ms/step
Epoch 123/200
4003/4003 - 91s - loss: 0.6038 - categorical_accuracy: 0.7890 - val_loss: 0.6317 - val_categorical_accuracy: 0.7790 - lr: 4.0960e-04 - 91s/epoch - 23ms/step
Epoch 124/200
4003/4003 - 91s - loss: 0.6038 - categorical_accuracy: 0.7892 - val_loss: 0.6290 - val_categorical_accuracy: 0.7802 - lr: 4.0960e-04 - 91s/epoch - 23ms/step
Epoch 125/200
4003/4003 - 92s - loss: 0.6040 - categorical_accuracy: 0.7887 - val_loss: 0.6352 - val_categorical_accuracy: 0.7781 - lr: 4.0960e-04 - 92s/epoch - 23ms/step
Epoch 126/200
4003/4003 - 91s - loss: 0.6037 - categorical_accuracy: 0.7891 - val_loss: 0.6326 - val_categorical_accuracy: 0.7789 - lr: 4.0960e-04 - 91s/epoch - 23ms/step
Epoch 127/200
4003/4003 - 91s - loss: 0.6036 - categorical_accuracy: 0.7890 - val_loss: 0.6290 - val_categorical_accuracy: 0.7808 - lr: 4.0960e-04 - 91s/epoch - 23ms/step
Epoch 128/200
4003/4003 - 92s - loss: 0.6035 - categorical_accuracy: 0.7889 - val_loss: 0.6267 - val_categorical_accuracy: 0.7813 - lr: 4.0960e-04 - 92s/epoch - 23ms/step
Epoch 129/200
4003/4003 - 91s - loss: 0.6035 - categorical_accuracy: 0.7892 - val_loss: 0.6247 - val_categorical_accuracy: 0.7819 - lr: 4.0960e-04 - 91s/epoch - 23ms/step
Epoch 130/200
4003/4003 - 91s - loss: 0.6031 - categorical_accuracy: 0.7896 - val_loss: 0.6255 - val_categorical_accuracy: 0.7812 - lr: 4.0960e-04 - 91s/epoch - 23ms/step
Epoch 131/200
4003/4003 - 91s - loss: 0.6010 - categorical_accuracy: 0.7898 - val_loss: 0.6266 - val_categorical_accuracy: 0.7811 - lr: 3.2768e-04 - 91s/epoch - 23ms/step
Epoch 132/200
4003/4003 - 92s - loss: 0.6011 - categorical_accuracy: 0.7894 - val_loss: 0.6264 - val_categorical_accuracy: 0.7809 - lr: 3.2768e-04 - 92s/epoch - 23ms/step
Epoch 133/200
4003/4003 - 91s - loss: 0.6010 - categorical_accuracy: 0.7899 - val_loss: 0.6278 - val_categorical_accuracy: 0.7809 - lr: 3.2768e-04 - 91s/epoch - 23ms/step
Epoch 134/200
4003/4003 - 91s - loss: 0.6007 - categorical_accuracy: 0.7899 - val_loss: 0.6292 - val_categorical_accuracy: 0.7805 - lr: 3.2768e-04 - 91s/epoch - 23ms/step
Epoch 135/200
4003/4003 - 92s - loss: 0.6006 - categorical_accuracy: 0.7903 - val_loss: 0.6280 - val_categorical_accuracy: 0.7802 - lr: 3.2768e-04 - 92s/epoch - 23ms/step
Epoch 136/200
4003/4003 - 91s - loss: 0.6007 - categorical_accuracy: 0.7901 - val_loss: 0.6251 - val_categorical_accuracy: 0.7815 - lr: 3.2768e-04 - 91s/epoch - 23ms/step
Epoch 137/200
4003/4003 - 91s - loss: 0.6008 - categorical_accuracy: 0.7902 - val_loss: 0.6250 - val_categorical_accuracy: 0.7816 - lr: 3.2768e-04 - 91s/epoch - 23ms/step
Epoch 138/200
4003/4003 - 92s - loss: 0.6003 - categorical_accuracy: 0.7902 - val_loss: 0.6271 - val_categorical_accuracy: 0.7813 - lr: 3.2768e-04 - 92s/epoch - 23ms/step
Epoch 139/200
4003/4003 - 91s - loss: 0.6003 - categorical_accuracy: 0.7902 - val_loss: 0.6248 - val_categorical_accuracy: 0.7820 - lr: 3.2768e-04 - 91s/epoch - 23ms/step
Epoch 140/200
4003/4003 - 91s - loss: 0.6003 - categorical_accuracy: 0.7902 - val_loss: 0.6299 - val_categorical_accuracy: 0.7799 - lr: 3.2768e-04 - 91s/epoch - 23ms/step
Epoch 141/200
4003/4003 - 92s - loss: 0.6003 - categorical_accuracy: 0.7900 - val_loss: 0.6278 - val_categorical_accuracy: 0.7816 - lr: 3.2768e-04 - 92s/epoch - 23ms/step
Epoch 142/200
4003/4003 - 91s - loss: 0.6003 - categorical_accuracy: 0.7903 - val_loss: 0.6262 - val_categorical_accuracy: 0.7813 - lr: 3.2768e-04 - 91s/epoch - 23ms/step
Epoch 143/200
4003/4003 - 91s - loss: 0.6002 - categorical_accuracy: 0.7903 - val_loss: 0.6260 - val_categorical_accuracy: 0.7814 - lr: 3.2768e-04 - 91s/epoch - 23ms/step
Epoch 144/200
4003/4003 - 91s - loss: 0.6004 - categorical_accuracy: 0.7900 - val_loss: 0.6275 - val_categorical_accuracy: 0.7809 - lr: 3.2768e-04 - 91s/epoch - 23ms/step
Epoch 145/200
4003/4003 - 92s - loss: 0.6002 - categorical_accuracy: 0.7904 - val_loss: 0.6256 - val_categorical_accuracy: 0.7816 - lr: 3.2768e-04 - 92s/epoch - 23ms/step
Epoch 146/200
4003/4003 - 91s - loss: 0.5984 - categorical_accuracy: 0.7907 - val_loss: 0.6299 - val_categorical_accuracy: 0.7806 - lr: 2.6214e-04 - 91s/epoch - 23ms/step
Epoch 147/200
4003/4003 - 91s - loss: 0.5984 - categorical_accuracy: 0.7910 - val_loss: 0.6259 - val_categorical_accuracy: 0.7817 - lr: 2.6214e-04 - 91s/epoch - 23ms/step
Epoch 148/200
4003/4003 - 92s - loss: 0.5981 - categorical_accuracy: 0.7911 - val_loss: 0.6271 - val_categorical_accuracy: 0.7809 - lr: 2.6214e-04 - 92s/epoch - 23ms/step
Epoch 149/200
4003/4003 - 91s - loss: 0.5980 - categorical_accuracy: 0.7911 - val_loss: 0.6242 - val_categorical_accuracy: 0.7817 - lr: 2.6214e-04 - 91s/epoch - 23ms/step
Epoch 150/200
4003/4003 - 91s - loss: 0.5979 - categorical_accuracy: 0.7909 - val_loss: 0.6282 - val_categorical_accuracy: 0.7812 - lr: 2.6214e-04 - 91s/epoch - 23ms/step
Epoch 151/200
4003/4003 - 92s - loss: 0.5980 - categorical_accuracy: 0.7910 - val_loss: 0.6271 - val_categorical_accuracy: 0.7806 - lr: 2.6214e-04 - 92s/epoch - 23ms/step
Epoch 152/200
4003/4003 - 91s - loss: 0.5979 - categorical_accuracy: 0.7909 - val_loss: 0.6261 - val_categorical_accuracy: 0.7811 - lr: 2.6214e-04 - 91s/epoch - 23ms/step
Epoch 153/200
4003/4003 - 91s - loss: 0.5978 - categorical_accuracy: 0.7909 - val_loss: 0.6264 - val_categorical_accuracy: 0.7819 - lr: 2.6214e-04 - 91s/epoch - 23ms/step
Epoch 154/200
4003/4003 - 91s - loss: 0.5977 - categorical_accuracy: 0.7912 - val_loss: 0.6285 - val_categorical_accuracy: 0.7802 - lr: 2.6214e-04 - 91s/epoch - 23ms/step
Epoch 155/200
4003/4003 - 92s - loss: 0.5978 - categorical_accuracy: 0.7910 - val_loss: 0.6265 - val_categorical_accuracy: 0.7820 - lr: 2.6214e-04 - 92s/epoch - 23ms/step
Epoch 156/200
4003/4003 - 91s - loss: 0.5977 - categorical_accuracy: 0.7907 - val_loss: 0.6265 - val_categorical_accuracy: 0.7817 - lr: 2.6214e-04 - 91s/epoch - 23ms/step
Epoch 157/200
4003/4003 - 91s - loss: 0.5977 - categorical_accuracy: 0.7906 - val_loss: 0.6268 - val_categorical_accuracy: 0.7809 - lr: 2.6214e-04 - 91s/epoch - 23ms/step
Epoch 158/200
4003/4003 - 92s - loss: 0.5977 - categorical_accuracy: 0.7911 - val_loss: 0.6280 - val_categorical_accuracy: 0.7808 - lr: 2.6214e-04 - 92s/epoch - 23ms/step
Epoch 159/200
4003/4003 - 91s - loss: 0.5974 - categorical_accuracy: 0.7910 - val_loss: 0.6267 - val_categorical_accuracy: 0.7817 - lr: 2.6214e-04 - 91s/epoch - 23ms/step
Epoch 160/200
4003/4003 - 91s - loss: 0.5976 - categorical_accuracy: 0.7911 - val_loss: 0.6266 - val_categorical_accuracy: 0.7812 - lr: 2.6214e-04 - 91s/epoch - 23ms/step
Epoch 161/200
4003/4003 - 92s - loss: 0.5975 - categorical_accuracy: 0.7915 - val_loss: 0.6267 - val_categorical_accuracy: 0.7811 - lr: 2.6214e-04 - 92s/epoch - 23ms/step
Epoch 162/200
4003/4003 - 91s - loss: 0.5975 - categorical_accuracy: 0.7910 - val_loss: 0.6287 - val_categorical_accuracy: 0.7806 - lr: 2.6214e-04 - 91s/epoch - 23ms/step
Epoch 163/200
4003/4003 - 91s - loss: 0.5978 - categorical_accuracy: 0.7907 - val_loss: 0.6265 - val_categorical_accuracy: 0.7811 - lr: 2.6214e-04 - 91s/epoch - 23ms/step
Epoch 164/200
4003/4003 - 92s - loss: 0.5974 - categorical_accuracy: 0.7913 - val_loss: 0.6275 - val_categorical_accuracy: 0.7810 - lr: 2.6214e-04 - 92s/epoch - 23ms/step
Epoch 165/200
4003/4003 - 91s - loss: 0.5976 - categorical_accuracy: 0.7911 - val_loss: 0.6291 - val_categorical_accuracy: 0.7808 - lr: 2.6214e-04 - 91s/epoch - 23ms/step
Epoch 166/200
4003/4003 - 91s - loss: 0.5975 - categorical_accuracy: 0.7912 - val_loss: 0.6293 - val_categorical_accuracy: 0.7808 - lr: 2.6214e-04 - 91s/epoch - 23ms/step
Epoch 167/200
4003/4003 - 91s - loss: 0.5975 - categorical_accuracy: 0.7914 - val_loss: 0.6254 - val_categorical_accuracy: 0.7824 - lr: 2.6214e-04 - 91s/epoch - 23ms/step
Epoch 168/200
4003/4003 - 92s - loss: 0.5972 - categorical_accuracy: 0.7912 - val_loss: 0.6271 - val_categorical_accuracy: 0.7813 - lr: 2.6214e-04 - 92s/epoch - 23ms/step
Epoch 169/200
4003/4003 - 91s - loss: 0.5974 - categorical_accuracy: 0.7912 - val_loss: 0.6288 - val_categorical_accuracy: 0.7805 - lr: 2.6214e-04 - 91s/epoch - 23ms/step
Epoch 170/200
4003/4003 - 91s - loss: 0.5973 - categorical_accuracy: 0.7912 - val_loss: 0.6268 - val_categorical_accuracy: 0.7811 - lr: 2.6214e-04 - 91s/epoch - 23ms/step
Epoch 171/200
4003/4003 - 92s - loss: 0.5973 - categorical_accuracy: 0.7915 - val_loss: 0.6307 - val_categorical_accuracy: 0.7803 - lr: 2.6214e-04 - 92s/epoch - 23ms/step
Epoch 172/200
4003/4003 - 91s - loss: 0.5972 - categorical_accuracy: 0.7914 - val_loss: 0.6260 - val_categorical_accuracy: 0.7820 - lr: 2.6214e-04 - 91s/epoch - 23ms/step
Epoch 173/200
4003/4003 - 91s - loss: 0.5972 - categorical_accuracy: 0.7914 - val_loss: 0.6270 - val_categorical_accuracy: 0.7814 - lr: 2.6214e-04 - 91s/epoch - 23ms/step
Epoch 174/200
4003/4003 - 92s - loss: 0.5972 - categorical_accuracy: 0.7911 - val_loss: 0.6275 - val_categorical_accuracy: 0.7810 - lr: 2.6214e-04 - 92s/epoch - 23ms/step
Epoch 175/200
4003/4003 - 91s - loss: 0.5970 - categorical_accuracy: 0.7913 - val_loss: 0.6294 - val_categorical_accuracy: 0.7809 - lr: 2.6214e-04 - 91s/epoch - 23ms/step
Epoch 176/200
4003/4003 - 91s - loss: 0.5970 - categorical_accuracy: 0.7913 - val_loss: 0.6281 - val_categorical_accuracy: 0.7817 - lr: 2.6214e-04 - 91s/epoch - 23ms/step
Epoch 177/200
4003/4003 - 92s - loss: 0.5971 - categorical_accuracy: 0.7911 - val_loss: 0.6283 - val_categorical_accuracy: 0.7797 - lr: 2.6214e-04 - 92s/epoch - 23ms/step
Epoch 178/200
4003/4003 - 91s - loss: 0.5971 - categorical_accuracy: 0.7913 - val_loss: 0.6274 - val_categorical_accuracy: 0.7812 - lr: 2.6214e-04 - 91s/epoch - 23ms/step
Epoch 179/200
4003/4003 - 91s - loss: 0.5969 - categorical_accuracy: 0.7914 - val_loss: 0.6273 - val_categorical_accuracy: 0.7814 - lr: 2.6214e-04 - 91s/epoch - 23ms/step
Epoch 180/200
4003/4003 - 91s - loss: 0.5972 - categorical_accuracy: 0.7911 - val_loss: 0.6327 - val_categorical_accuracy: 0.7784 - lr: 2.6214e-04 - 91s/epoch - 23ms/step
Epoch 181/200
4003/4003 - 92s - loss: 0.5967 - categorical_accuracy: 0.7913 - val_loss: 0.6270 - val_categorical_accuracy: 0.7815 - lr: 2.6214e-04 - 92s/epoch - 23ms/step
Epoch 182/200
4003/4003 - 91s - loss: 0.5967 - categorical_accuracy: 0.7915 - val_loss: 0.6284 - val_categorical_accuracy: 0.7806 - lr: 2.6214e-04 - 91s/epoch - 23ms/step
Epoch 183/200
4003/4003 - 91s - loss: 0.5951 - categorical_accuracy: 0.7919 - val_loss: 0.6271 - val_categorical_accuracy: 0.7811 - lr: 2.0972e-04 - 91s/epoch - 23ms/step
Epoch 184/200
4003/4003 - 92s - loss: 0.5951 - categorical_accuracy: 0.7918 - val_loss: 0.6264 - val_categorical_accuracy: 0.7817 - lr: 2.0972e-04 - 92s/epoch - 23ms/step
Epoch 185/200
4003/4003 - 91s - loss: 0.5952 - categorical_accuracy: 0.7922 - val_loss: 0.6275 - val_categorical_accuracy: 0.7816 - lr: 2.0972e-04 - 91s/epoch - 23ms/step
Epoch 186/200
4003/4003 - 91s - loss: 0.5950 - categorical_accuracy: 0.7922 - val_loss: 0.6296 - val_categorical_accuracy: 0.7808 - lr: 2.0972e-04 - 91s/epoch - 23ms/step
Epoch 187/200
4003/4003 - 92s - loss: 0.5950 - categorical_accuracy: 0.7921 - val_loss: 0.6268 - val_categorical_accuracy: 0.7813 - lr: 2.0972e-04 - 92s/epoch - 23ms/step
Epoch 188/200
4003/4003 - 91s - loss: 0.5952 - categorical_accuracy: 0.7920 - val_loss: 0.6261 - val_categorical_accuracy: 0.7816 - lr: 2.0972e-04 - 91s/epoch - 23ms/step
Epoch 189/200
4003/4003 - 91s - loss: 0.5951 - categorical_accuracy: 0.7917 - val_loss: 0.6305 - val_categorical_accuracy: 0.7799 - lr: 2.0972e-04 - 91s/epoch - 23ms/step
Epoch 190/200
4003/4003 - 91s - loss: 0.5949 - categorical_accuracy: 0.7918 - val_loss: 0.6301 - val_categorical_accuracy: 0.7801 - lr: 2.0972e-04 - 91s/epoch - 23ms/step
Epoch 191/200
4003/4003 - 92s - loss: 0.5949 - categorical_accuracy: 0.7921 - val_loss: 0.6268 - val_categorical_accuracy: 0.7815 - lr: 2.0972e-04 - 92s/epoch - 23ms/step
Epoch 192/200
4003/4003 - 91s - loss: 0.5949 - categorical_accuracy: 0.7919 - val_loss: 0.6290 - val_categorical_accuracy: 0.7804 - lr: 2.0972e-04 - 91s/epoch - 23ms/step
Epoch 193/200
4003/4003 - 91s - loss: 0.5946 - categorical_accuracy: 0.7921 - val_loss: 0.6279 - val_categorical_accuracy: 0.7811 - lr: 2.0972e-04 - 91s/epoch - 23ms/step
Epoch 194/200
4003/4003 - 92s - loss: 0.5948 - categorical_accuracy: 0.7923 - val_loss: 0.6288 - val_categorical_accuracy: 0.7809 - lr: 2.0972e-04 - 92s/epoch - 23ms/step
Epoch 195/200
4003/4003 - 91s - loss: 0.5950 - categorical_accuracy: 0.7918 - val_loss: 0.6265 - val_categorical_accuracy: 0.7816 - lr: 2.0972e-04 - 91s/epoch - 23ms/step
Epoch 196/200
4003/4003 - 91s - loss: 0.5949 - categorical_accuracy: 0.7920 - val_loss: 0.6261 - val_categorical_accuracy: 0.7817 - lr: 2.0972e-04 - 91s/epoch - 23ms/step
Epoch 197/200
4003/4003 - 92s - loss: 0.5948 - categorical_accuracy: 0.7919 - val_loss: 0.6271 - val_categorical_accuracy: 0.7819 - lr: 2.0972e-04 - 92s/epoch - 23ms/step
[92m
Saved model to: [0m trained_intnets/jedinet_exploration_26
Loss vs epochs plot saved to trained_intnets/jedinet_exploration_26.
Accuracy vs epochs plot saved to trained_intnets/jedinet_exploration_26.
[92m
Plots done! [0m
