[96m
GPU: NVIDIA GeForce GTX 1080 Ti[0m

----------------
[92mData loading complete:[0m
Training data size: 5.72e+05
Test data size: 0.00e+00
----------------

Shuffling constituents...
[92mShuffled the training data! 🃏
[0m
[92mNumber of constituents: 8[0m
Instantiating model...
[92mModel compiled and built![0m
[95m
TRAINING THE MODEL 💪[0m
==================

Training parameters
-------------------
[92mOptimiser: 	[0m {'name': 'Adam', 'learning_rate': 0.0005, 'decay': 0.0, 'beta_1': 0.9, 'beta_2': 0.999, 'epsilon': 1e-07, 'amsgrad': False}
[92mBatch size: 	[0m 512
[92mTraining epochs:[0m 100
[92mLoss: 		[0m categorical_crossentropy

Epoch 1/100
782/782 - 8s - loss: 1.1659 - categorical_accuracy: 0.5362 - val_loss: 1.0828 - val_categorical_accuracy: 0.5832 - lr: 5.0000e-04 - 8s/epoch - 10ms/step
Epoch 2/100
782/782 - 4s - loss: 1.0665 - categorical_accuracy: 0.5892 - val_loss: 1.0420 - val_categorical_accuracy: 0.6035 - lr: 5.0000e-04 - 4s/epoch - 5ms/step
Epoch 3/100
782/782 - 5s - loss: 1.0450 - categorical_accuracy: 0.5987 - val_loss: 1.0242 - val_categorical_accuracy: 0.6098 - lr: 5.0000e-04 - 5s/epoch - 6ms/step
Epoch 4/100
782/782 - 4s - loss: 1.0306 - categorical_accuracy: 0.6047 - val_loss: 1.0099 - val_categorical_accuracy: 0.6153 - lr: 5.0000e-04 - 4s/epoch - 6ms/step
Epoch 5/100
782/782 - 4s - loss: 1.0202 - categorical_accuracy: 0.6090 - val_loss: 1.0002 - val_categorical_accuracy: 0.6181 - lr: 5.0000e-04 - 4s/epoch - 5ms/step
Epoch 6/100
782/782 - 4s - loss: 1.0124 - categorical_accuracy: 0.6123 - val_loss: 0.9925 - val_categorical_accuracy: 0.6211 - lr: 5.0000e-04 - 4s/epoch - 5ms/step
Epoch 7/100
782/782 - 4s - loss: 1.0058 - categorical_accuracy: 0.6147 - val_loss: 0.9860 - val_categorical_accuracy: 0.6233 - lr: 5.0000e-04 - 4s/epoch - 5ms/step
Epoch 8/100
782/782 - 4s - loss: 1.0002 - categorical_accuracy: 0.6169 - val_loss: 0.9811 - val_categorical_accuracy: 0.6250 - lr: 5.0000e-04 - 4s/epoch - 5ms/step
Epoch 9/100
782/782 - 4s - loss: 0.9951 - categorical_accuracy: 0.6191 - val_loss: 0.9761 - val_categorical_accuracy: 0.6268 - lr: 5.0000e-04 - 4s/epoch - 6ms/step
Epoch 10/100
782/782 - 4s - loss: 0.9907 - categorical_accuracy: 0.6207 - val_loss: 0.9717 - val_categorical_accuracy: 0.6293 - lr: 5.0000e-04 - 4s/epoch - 5ms/step
Epoch 11/100
782/782 - 4s - loss: 0.9865 - categorical_accuracy: 0.6225 - val_loss: 0.9671 - val_categorical_accuracy: 0.6318 - lr: 5.0000e-04 - 4s/epoch - 5ms/step
Epoch 12/100
782/782 - 4s - loss: 0.9831 - categorical_accuracy: 0.6240 - val_loss: 0.9634 - val_categorical_accuracy: 0.6340 - lr: 5.0000e-04 - 4s/epoch - 5ms/step
Epoch 13/100
782/782 - 4s - loss: 0.9797 - categorical_accuracy: 0.6256 - val_loss: 0.9604 - val_categorical_accuracy: 0.6357 - lr: 5.0000e-04 - 4s/epoch - 5ms/step
Epoch 14/100
782/782 - 4s - loss: 0.9770 - categorical_accuracy: 0.6266 - val_loss: 0.9581 - val_categorical_accuracy: 0.6366 - lr: 5.0000e-04 - 4s/epoch - 5ms/step
Epoch 15/100
782/782 - 4s - loss: 0.9747 - categorical_accuracy: 0.6274 - val_loss: 0.9561 - val_categorical_accuracy: 0.6377 - lr: 5.0000e-04 - 4s/epoch - 5ms/step
Epoch 16/100
782/782 - 4s - loss: 0.9727 - categorical_accuracy: 0.6282 - val_loss: 0.9545 - val_categorical_accuracy: 0.6383 - lr: 5.0000e-04 - 4s/epoch - 5ms/step
Epoch 17/100
782/782 - 4s - loss: 0.9708 - categorical_accuracy: 0.6288 - val_loss: 0.9529 - val_categorical_accuracy: 0.6388 - lr: 5.0000e-04 - 4s/epoch - 5ms/step
Epoch 18/100
782/782 - 4s - loss: 0.9690 - categorical_accuracy: 0.6295 - val_loss: 0.9516 - val_categorical_accuracy: 0.6393 - lr: 5.0000e-04 - 4s/epoch - 5ms/step
Epoch 19/100
782/782 - 4s - loss: 0.9675 - categorical_accuracy: 0.6300 - val_loss: 0.9503 - val_categorical_accuracy: 0.6398 - lr: 5.0000e-04 - 4s/epoch - 5ms/step
Epoch 20/100
782/782 - 4s - loss: 0.9660 - categorical_accuracy: 0.6307 - val_loss: 0.9492 - val_categorical_accuracy: 0.6402 - lr: 5.0000e-04 - 4s/epoch - 5ms/step
Epoch 21/100
782/782 - 4s - loss: 0.9648 - categorical_accuracy: 0.6311 - val_loss: 0.9481 - val_categorical_accuracy: 0.6401 - lr: 5.0000e-04 - 4s/epoch - 5ms/step
Epoch 22/100
782/782 - 4s - loss: 0.9636 - categorical_accuracy: 0.6315 - val_loss: 0.9471 - val_categorical_accuracy: 0.6401 - lr: 5.0000e-04 - 4s/epoch - 5ms/step
Epoch 23/100
782/782 - 4s - loss: 0.9625 - categorical_accuracy: 0.6320 - val_loss: 0.9462 - val_categorical_accuracy: 0.6404 - lr: 5.0000e-04 - 4s/epoch - 5ms/step
Epoch 24/100
782/782 - 4s - loss: 0.9614 - categorical_accuracy: 0.6322 - val_loss: 0.9452 - val_categorical_accuracy: 0.6409 - lr: 5.0000e-04 - 4s/epoch - 5ms/step
Epoch 25/100
782/782 - 4s - loss: 0.9604 - categorical_accuracy: 0.6324 - val_loss: 0.9445 - val_categorical_accuracy: 0.6409 - lr: 5.0000e-04 - 4s/epoch - 5ms/step
Epoch 26/100
782/782 - 4s - loss: 0.9595 - categorical_accuracy: 0.6328 - val_loss: 0.9438 - val_categorical_accuracy: 0.6415 - lr: 5.0000e-04 - 4s/epoch - 5ms/step
Epoch 27/100
782/782 - 4s - loss: 0.9585 - categorical_accuracy: 0.6332 - val_loss: 0.9433 - val_categorical_accuracy: 0.6413 - lr: 5.0000e-04 - 4s/epoch - 5ms/step
Epoch 28/100
782/782 - 4s - loss: 0.9576 - categorical_accuracy: 0.6333 - val_loss: 0.9428 - val_categorical_accuracy: 0.6416 - lr: 5.0000e-04 - 4s/epoch - 5ms/step
Epoch 29/100
782/782 - 4s - loss: 0.9567 - categorical_accuracy: 0.6339 - val_loss: 0.9421 - val_categorical_accuracy: 0.6419 - lr: 5.0000e-04 - 4s/epoch - 5ms/step
Epoch 30/100
782/782 - 6s - loss: 0.9558 - categorical_accuracy: 0.6342 - val_loss: 0.9417 - val_categorical_accuracy: 0.6418 - lr: 5.0000e-04 - 6s/epoch - 8ms/step
Epoch 31/100
782/782 - 4s - loss: 0.9550 - categorical_accuracy: 0.6345 - val_loss: 0.9408 - val_categorical_accuracy: 0.6422 - lr: 5.0000e-04 - 4s/epoch - 6ms/step
Epoch 32/100
782/782 - 4s - loss: 0.9542 - categorical_accuracy: 0.6347 - val_loss: 0.9406 - val_categorical_accuracy: 0.6425 - lr: 5.0000e-04 - 4s/epoch - 6ms/step
Epoch 33/100
782/782 - 4s - loss: 0.9535 - categorical_accuracy: 0.6350 - val_loss: 0.9400 - val_categorical_accuracy: 0.6426 - lr: 5.0000e-04 - 4s/epoch - 5ms/step
Epoch 34/100
782/782 - 4s - loss: 0.9528 - categorical_accuracy: 0.6353 - val_loss: 0.9397 - val_categorical_accuracy: 0.6426 - lr: 5.0000e-04 - 4s/epoch - 5ms/step
Epoch 35/100
782/782 - 4s - loss: 0.9522 - categorical_accuracy: 0.6356 - val_loss: 0.9392 - val_categorical_accuracy: 0.6427 - lr: 5.0000e-04 - 4s/epoch - 5ms/step
Epoch 36/100
782/782 - 4s - loss: 0.9515 - categorical_accuracy: 0.6359 - val_loss: 0.9391 - val_categorical_accuracy: 0.6426 - lr: 5.0000e-04 - 4s/epoch - 5ms/step
Epoch 37/100
782/782 - 5s - loss: 0.9509 - categorical_accuracy: 0.6360 - val_loss: 0.9385 - val_categorical_accuracy: 0.6428 - lr: 5.0000e-04 - 5s/epoch - 6ms/step
Epoch 38/100
782/782 - 4s - loss: 0.9503 - categorical_accuracy: 0.6362 - val_loss: 0.9384 - val_categorical_accuracy: 0.6427 - lr: 5.0000e-04 - 4s/epoch - 6ms/step
Epoch 39/100
782/782 - 4s - loss: 0.9496 - categorical_accuracy: 0.6364 - val_loss: 0.9380 - val_categorical_accuracy: 0.6431 - lr: 5.0000e-04 - 4s/epoch - 6ms/step
Epoch 40/100
782/782 - 4s - loss: 0.9490 - categorical_accuracy: 0.6369 - val_loss: 0.9374 - val_categorical_accuracy: 0.6433 - lr: 5.0000e-04 - 4s/epoch - 5ms/step
Epoch 41/100
782/782 - 4s - loss: 0.9485 - categorical_accuracy: 0.6371 - val_loss: 0.9376 - val_categorical_accuracy: 0.6431 - lr: 5.0000e-04 - 4s/epoch - 5ms/step
Epoch 42/100
782/782 - 4s - loss: 0.9479 - categorical_accuracy: 0.6374 - val_loss: 0.9374 - val_categorical_accuracy: 0.6433 - lr: 5.0000e-04 - 4s/epoch - 5ms/step
Epoch 43/100
782/782 - 4s - loss: 0.9474 - categorical_accuracy: 0.6375 - val_loss: 0.9368 - val_categorical_accuracy: 0.6439 - lr: 5.0000e-04 - 4s/epoch - 5ms/step
Epoch 44/100
782/782 - 5s - loss: 0.9469 - categorical_accuracy: 0.6378 - val_loss: 0.9355 - val_categorical_accuracy: 0.6445 - lr: 5.0000e-04 - 5s/epoch - 6ms/step
Epoch 45/100
782/782 - 4s - loss: 0.9464 - categorical_accuracy: 0.6382 - val_loss: 0.9357 - val_categorical_accuracy: 0.6444 - lr: 5.0000e-04 - 4s/epoch - 6ms/step
Epoch 46/100
782/782 - 4s - loss: 0.9460 - categorical_accuracy: 0.6383 - val_loss: 0.9353 - val_categorical_accuracy: 0.6444 - lr: 5.0000e-04 - 4s/epoch - 5ms/step
Epoch 47/100
782/782 - 4s - loss: 0.9455 - categorical_accuracy: 0.6384 - val_loss: 0.9351 - val_categorical_accuracy: 0.6447 - lr: 5.0000e-04 - 4s/epoch - 5ms/step
Epoch 48/100
782/782 - 4s - loss: 0.9450 - categorical_accuracy: 0.6386 - val_loss: 0.9352 - val_categorical_accuracy: 0.6445 - lr: 5.0000e-04 - 4s/epoch - 5ms/step
Epoch 49/100
782/782 - 4s - loss: 0.9446 - categorical_accuracy: 0.6387 - val_loss: 0.9349 - val_categorical_accuracy: 0.6443 - lr: 5.0000e-04 - 4s/epoch - 5ms/step
Epoch 50/100
782/782 - 4s - loss: 0.9442 - categorical_accuracy: 0.6389 - val_loss: 0.9340 - val_categorical_accuracy: 0.6448 - lr: 5.0000e-04 - 4s/epoch - 5ms/step
Epoch 51/100
782/782 - 4s - loss: 0.9438 - categorical_accuracy: 0.6390 - val_loss: 0.9339 - val_categorical_accuracy: 0.6448 - lr: 5.0000e-04 - 4s/epoch - 5ms/step
Epoch 52/100
782/782 - 4s - loss: 0.9434 - categorical_accuracy: 0.6391 - val_loss: 0.9334 - val_categorical_accuracy: 0.6447 - lr: 5.0000e-04 - 4s/epoch - 6ms/step
Epoch 53/100
782/782 - 4s - loss: 0.9430 - categorical_accuracy: 0.6393 - val_loss: 0.9336 - val_categorical_accuracy: 0.6448 - lr: 5.0000e-04 - 4s/epoch - 5ms/step
Epoch 54/100
782/782 - 4s - loss: 0.9425 - categorical_accuracy: 0.6394 - val_loss: 0.9330 - val_categorical_accuracy: 0.6450 - lr: 5.0000e-04 - 4s/epoch - 5ms/step
Epoch 55/100
782/782 - 4s - loss: 0.9420 - categorical_accuracy: 0.6396 - val_loss: 0.9330 - val_categorical_accuracy: 0.6450 - lr: 5.0000e-04 - 4s/epoch - 5ms/step
Epoch 56/100
782/782 - 4s - loss: 0.9417 - categorical_accuracy: 0.6397 - val_loss: 0.9334 - val_categorical_accuracy: 0.6444 - lr: 5.0000e-04 - 4s/epoch - 5ms/step
Epoch 57/100
782/782 - 4s - loss: 0.9412 - categorical_accuracy: 0.6399 - val_loss: 0.9324 - val_categorical_accuracy: 0.6451 - lr: 5.0000e-04 - 4s/epoch - 5ms/step
Epoch 58/100
782/782 - 4s - loss: 0.9408 - categorical_accuracy: 0.6399 - val_loss: 0.9318 - val_categorical_accuracy: 0.6456 - lr: 5.0000e-04 - 4s/epoch - 5ms/step
Epoch 59/100
782/782 - 4s - loss: 0.9403 - categorical_accuracy: 0.6400 - val_loss: 0.9313 - val_categorical_accuracy: 0.6457 - lr: 5.0000e-04 - 4s/epoch - 5ms/step
Epoch 60/100
782/782 - 4s - loss: 0.9399 - categorical_accuracy: 0.6402 - val_loss: 0.9315 - val_categorical_accuracy: 0.6457 - lr: 5.0000e-04 - 4s/epoch - 5ms/step
Epoch 61/100
782/782 - 4s - loss: 0.9395 - categorical_accuracy: 0.6403 - val_loss: 0.9307 - val_categorical_accuracy: 0.6462 - lr: 5.0000e-04 - 4s/epoch - 5ms/step
Epoch 62/100
782/782 - 4s - loss: 0.9391 - categorical_accuracy: 0.6406 - val_loss: 0.9303 - val_categorical_accuracy: 0.6463 - lr: 5.0000e-04 - 4s/epoch - 5ms/step
Epoch 63/100
782/782 - 4s - loss: 0.9387 - categorical_accuracy: 0.6406 - val_loss: 0.9300 - val_categorical_accuracy: 0.6464 - lr: 5.0000e-04 - 4s/epoch - 5ms/step
Epoch 64/100
782/782 - 4s - loss: 0.9384 - categorical_accuracy: 0.6409 - val_loss: 0.9296 - val_categorical_accuracy: 0.6465 - lr: 5.0000e-04 - 4s/epoch - 5ms/step
Epoch 65/100
782/782 - 4s - loss: 0.9380 - categorical_accuracy: 0.6410 - val_loss: 0.9291 - val_categorical_accuracy: 0.6468 - lr: 5.0000e-04 - 4s/epoch - 5ms/step
Epoch 66/100
782/782 - 4s - loss: 0.9376 - categorical_accuracy: 0.6411 - val_loss: 0.9289 - val_categorical_accuracy: 0.6469 - lr: 5.0000e-04 - 4s/epoch - 5ms/step
Epoch 67/100
782/782 - 5s - loss: 0.9373 - categorical_accuracy: 0.6412 - val_loss: 0.9282 - val_categorical_accuracy: 0.6474 - lr: 5.0000e-04 - 5s/epoch - 6ms/step
Epoch 68/100
782/782 - 4s - loss: 0.9370 - categorical_accuracy: 0.6413 - val_loss: 0.9284 - val_categorical_accuracy: 0.6470 - lr: 5.0000e-04 - 4s/epoch - 6ms/step
Epoch 69/100
782/782 - 4s - loss: 0.9367 - categorical_accuracy: 0.6413 - val_loss: 0.9283 - val_categorical_accuracy: 0.6470 - lr: 5.0000e-04 - 4s/epoch - 5ms/step
Epoch 70/100
782/782 - 4s - loss: 0.9363 - categorical_accuracy: 0.6415 - val_loss: 0.9279 - val_categorical_accuracy: 0.6471 - lr: 5.0000e-04 - 4s/epoch - 5ms/step
Epoch 71/100
782/782 - 4s - loss: 0.9360 - categorical_accuracy: 0.6415 - val_loss: 0.9272 - val_categorical_accuracy: 0.6478 - lr: 5.0000e-04 - 4s/epoch - 5ms/step
Epoch 72/100
782/782 - 4s - loss: 0.9357 - categorical_accuracy: 0.6416 - val_loss: 0.9268 - val_categorical_accuracy: 0.6479 - lr: 5.0000e-04 - 4s/epoch - 6ms/step
Epoch 73/100
782/782 - 4s - loss: 0.9353 - categorical_accuracy: 0.6418 - val_loss: 0.9265 - val_categorical_accuracy: 0.6481 - lr: 5.0000e-04 - 4s/epoch - 6ms/step
Epoch 74/100
782/782 - 5s - loss: 0.9350 - categorical_accuracy: 0.6418 - val_loss: 0.9263 - val_categorical_accuracy: 0.6481 - lr: 5.0000e-04 - 5s/epoch - 6ms/step
Epoch 75/100
782/782 - 5s - loss: 0.9347 - categorical_accuracy: 0.6421 - val_loss: 0.9261 - val_categorical_accuracy: 0.6482 - lr: 5.0000e-04 - 5s/epoch - 6ms/step
Epoch 76/100
782/782 - 5s - loss: 0.9344 - categorical_accuracy: 0.6423 - val_loss: 0.9260 - val_categorical_accuracy: 0.6482 - lr: 5.0000e-04 - 5s/epoch - 6ms/step
Epoch 77/100
782/782 - 5s - loss: 0.9341 - categorical_accuracy: 0.6423 - val_loss: 0.9255 - val_categorical_accuracy: 0.6484 - lr: 5.0000e-04 - 5s/epoch - 6ms/step
Epoch 78/100
782/782 - 5s - loss: 0.9338 - categorical_accuracy: 0.6425 - val_loss: 0.9259 - val_categorical_accuracy: 0.6480 - lr: 5.0000e-04 - 5s/epoch - 6ms/step
Epoch 79/100
782/782 - 5s - loss: 0.9335 - categorical_accuracy: 0.6426 - val_loss: 0.9256 - val_categorical_accuracy: 0.6481 - lr: 5.0000e-04 - 5s/epoch - 6ms/step
Epoch 80/100
782/782 - 5s - loss: 0.9333 - categorical_accuracy: 0.6426 - val_loss: 0.9255 - val_categorical_accuracy: 0.6482 - lr: 5.0000e-04 - 5s/epoch - 6ms/step
Epoch 81/100
782/782 - 5s - loss: 0.9331 - categorical_accuracy: 0.6427 - val_loss: 0.9248 - val_categorical_accuracy: 0.6484 - lr: 5.0000e-04 - 5s/epoch - 6ms/step
Epoch 82/100
782/782 - 5s - loss: 0.9328 - categorical_accuracy: 0.6429 - val_loss: 0.9251 - val_categorical_accuracy: 0.6485 - lr: 5.0000e-04 - 5s/epoch - 6ms/step
Epoch 83/100
782/782 - 5s - loss: 0.9326 - categorical_accuracy: 0.6429 - val_loss: 0.9244 - val_categorical_accuracy: 0.6486 - lr: 5.0000e-04 - 5s/epoch - 6ms/step
Epoch 84/100
782/782 - 5s - loss: 0.9323 - categorical_accuracy: 0.6430 - val_loss: 0.9247 - val_categorical_accuracy: 0.6485 - lr: 5.0000e-04 - 5s/epoch - 6ms/step
Epoch 85/100
782/782 - 5s - loss: 0.9320 - categorical_accuracy: 0.6429 - val_loss: 0.9240 - val_categorical_accuracy: 0.6487 - lr: 5.0000e-04 - 5s/epoch - 6ms/step
Epoch 86/100
782/782 - 5s - loss: 0.9318 - categorical_accuracy: 0.6430 - val_loss: 0.9248 - val_categorical_accuracy: 0.6483 - lr: 5.0000e-04 - 5s/epoch - 6ms/step
Epoch 87/100
782/782 - 5s - loss: 0.9315 - categorical_accuracy: 0.6431 - val_loss: 0.9245 - val_categorical_accuracy: 0.6483 - lr: 5.0000e-04 - 5s/epoch - 6ms/step
Epoch 88/100
782/782 - 5s - loss: 0.9313 - categorical_accuracy: 0.6433 - val_loss: 0.9244 - val_categorical_accuracy: 0.6481 - lr: 5.0000e-04 - 5s/epoch - 6ms/step
Epoch 89/100
782/782 - 5s - loss: 0.9311 - categorical_accuracy: 0.6435 - val_loss: 0.9237 - val_categorical_accuracy: 0.6485 - lr: 5.0000e-04 - 5s/epoch - 6ms/step
Epoch 90/100
782/782 - 5s - loss: 0.9308 - categorical_accuracy: 0.6435 - val_loss: 0.9236 - val_categorical_accuracy: 0.6486 - lr: 5.0000e-04 - 5s/epoch - 6ms/step
Epoch 91/100
782/782 - 5s - loss: 0.9306 - categorical_accuracy: 0.6435 - val_loss: 0.9235 - val_categorical_accuracy: 0.6486 - lr: 5.0000e-04 - 5s/epoch - 6ms/step
Epoch 92/100
782/782 - 4s - loss: 0.9304 - categorical_accuracy: 0.6436 - val_loss: 0.9228 - val_categorical_accuracy: 0.6487 - lr: 5.0000e-04 - 4s/epoch - 6ms/step
Epoch 93/100
782/782 - 4s - loss: 0.9302 - categorical_accuracy: 0.6437 - val_loss: 0.9231 - val_categorical_accuracy: 0.6486 - lr: 5.0000e-04 - 4s/epoch - 5ms/step
Epoch 94/100
782/782 - 4s - loss: 0.9242 - categorical_accuracy: 0.6464 - val_loss: 0.9130 - val_categorical_accuracy: 0.6528 - lr: 1.0000e-04 - 4s/epoch - 6ms/step
Epoch 95/100
782/782 - 4s - loss: 0.9239 - categorical_accuracy: 0.6464 - val_loss: 0.9129 - val_categorical_accuracy: 0.6528 - lr: 1.0000e-04 - 4s/epoch - 5ms/step
Epoch 96/100
782/782 - 4s - loss: 0.9238 - categorical_accuracy: 0.6465 - val_loss: 0.9127 - val_categorical_accuracy: 0.6529 - lr: 1.0000e-04 - 4s/epoch - 5ms/step
Epoch 97/100
782/782 - 4s - loss: 0.9237 - categorical_accuracy: 0.6465 - val_loss: 0.9127 - val_categorical_accuracy: 0.6528 - lr: 1.0000e-04 - 4s/epoch - 5ms/step
Epoch 98/100
782/782 - 6s - loss: 0.9236 - categorical_accuracy: 0.6465 - val_loss: 0.9126 - val_categorical_accuracy: 0.6527 - lr: 1.0000e-04 - 6s/epoch - 7ms/step
Epoch 99/100
782/782 - 5s - loss: 0.9236 - categorical_accuracy: 0.6466 - val_loss: 0.9125 - val_categorical_accuracy: 0.6528 - lr: 1.0000e-04 - 5s/epoch - 6ms/step
Epoch 100/100
782/782 - 4s - loss: 0.9235 - categorical_accuracy: 0.6466 - val_loss: 0.9124 - val_categorical_accuracy: 0.6528 - lr: 1.0000e-04 - 4s/epoch - 5ms/step
[95m
SAVING RESULTS[0m
==============
[92m
Saved model to: [0m trained_intnets/perm_variant_conv_3
Loss vs epochs plot saved to trained_intnets/perm_variant_conv_3.
Accuracy vs epochs plot saved to trained_intnets/perm_variant_conv_3.
[92m
Jobs done! 🍰✨[0m
