[96m
GPU: NVIDIA GeForce GTX 1080 Ti[0m

----------------
[92mData loading complete:[0m
Training data size: 5.72e+05
Test data size: 0.00e+00
----------------

Shuffling constituents...
[92mShuffled the training data! 🃏
[0m
[92mNumber of constituents: 8[0m
Instantiating model...
[92mModel compiled and built![0m
[95m
TRAINING THE MODEL 💪[0m
==================
Epoch 1/100
782/782 - 8s - loss: 1.1961 - categorical_accuracy: 0.5111 - val_loss: 1.0813 - val_categorical_accuracy: 0.5848 - lr: 5.0000e-04 - 8s/epoch - 10ms/step
Epoch 2/100
782/782 - 4s - loss: 1.0563 - categorical_accuracy: 0.5949 - val_loss: 1.0449 - val_categorical_accuracy: 0.5954 - lr: 5.0000e-04 - 4s/epoch - 6ms/step
Epoch 3/100
782/782 - 6s - loss: 1.0303 - categorical_accuracy: 0.6060 - val_loss: 1.0086 - val_categorical_accuracy: 0.6196 - lr: 5.0000e-04 - 6s/epoch - 8ms/step
Epoch 4/100
782/782 - 4s - loss: 1.0184 - categorical_accuracy: 0.6111 - val_loss: 1.0000 - val_categorical_accuracy: 0.6207 - lr: 5.0000e-04 - 4s/epoch - 5ms/step
Epoch 5/100
782/782 - 4s - loss: 1.0054 - categorical_accuracy: 0.6164 - val_loss: 1.0068 - val_categorical_accuracy: 0.6114 - lr: 5.0000e-04 - 4s/epoch - 5ms/step
Epoch 6/100
782/782 - 4s - loss: 1.0003 - categorical_accuracy: 0.6178 - val_loss: 0.9830 - val_categorical_accuracy: 0.6269 - lr: 5.0000e-04 - 4s/epoch - 5ms/step
Epoch 7/100
782/782 - 4s - loss: 0.9942 - categorical_accuracy: 0.6196 - val_loss: 0.9859 - val_categorical_accuracy: 0.6224 - lr: 5.0000e-04 - 4s/epoch - 5ms/step
Epoch 8/100
782/782 - 4s - loss: 0.9882 - categorical_accuracy: 0.6215 - val_loss: 0.9729 - val_categorical_accuracy: 0.6284 - lr: 5.0000e-04 - 4s/epoch - 5ms/step
Epoch 9/100
782/782 - 4s - loss: 0.9835 - categorical_accuracy: 0.6233 - val_loss: 0.9667 - val_categorical_accuracy: 0.6318 - lr: 5.0000e-04 - 4s/epoch - 5ms/step
Epoch 10/100
782/782 - 4s - loss: 0.9805 - categorical_accuracy: 0.6242 - val_loss: 0.9645 - val_categorical_accuracy: 0.6330 - lr: 5.0000e-04 - 4s/epoch - 5ms/step
Epoch 11/100
782/782 - 4s - loss: 0.9795 - categorical_accuracy: 0.6237 - val_loss: 0.9685 - val_categorical_accuracy: 0.6297 - lr: 5.0000e-04 - 4s/epoch - 5ms/step
Epoch 12/100
782/782 - 4s - loss: 0.9749 - categorical_accuracy: 0.6257 - val_loss: 0.9750 - val_categorical_accuracy: 0.6259 - lr: 5.0000e-04 - 4s/epoch - 5ms/step
Epoch 13/100
782/782 - 4s - loss: 0.9737 - categorical_accuracy: 0.6264 - val_loss: 0.9587 - val_categorical_accuracy: 0.6339 - lr: 5.0000e-04 - 4s/epoch - 5ms/step
Epoch 14/100
782/782 - 4s - loss: 0.9713 - categorical_accuracy: 0.6274 - val_loss: 0.9633 - val_categorical_accuracy: 0.6332 - lr: 5.0000e-04 - 4s/epoch - 5ms/step
Epoch 15/100
782/782 - 4s - loss: 0.9685 - categorical_accuracy: 0.6285 - val_loss: 0.9569 - val_categorical_accuracy: 0.6356 - lr: 5.0000e-04 - 4s/epoch - 5ms/step
Epoch 16/100
782/782 - 4s - loss: 0.9667 - categorical_accuracy: 0.6289 - val_loss: 0.9532 - val_categorical_accuracy: 0.6365 - lr: 5.0000e-04 - 4s/epoch - 5ms/step
Epoch 17/100
782/782 - 4s - loss: 0.9662 - categorical_accuracy: 0.6289 - val_loss: 0.9527 - val_categorical_accuracy: 0.6377 - lr: 5.0000e-04 - 4s/epoch - 5ms/step
Epoch 18/100
782/782 - 4s - loss: 0.9641 - categorical_accuracy: 0.6295 - val_loss: 0.9484 - val_categorical_accuracy: 0.6384 - lr: 5.0000e-04 - 4s/epoch - 5ms/step
Epoch 19/100
782/782 - 4s - loss: 0.9612 - categorical_accuracy: 0.6308 - val_loss: 0.9496 - val_categorical_accuracy: 0.6377 - lr: 5.0000e-04 - 4s/epoch - 5ms/step
Epoch 20/100
782/782 - 4s - loss: 0.9609 - categorical_accuracy: 0.6308 - val_loss: 0.9494 - val_categorical_accuracy: 0.6382 - lr: 5.0000e-04 - 4s/epoch - 5ms/step
Epoch 21/100
782/782 - 4s - loss: 0.9597 - categorical_accuracy: 0.6319 - val_loss: 0.9447 - val_categorical_accuracy: 0.6401 - lr: 5.0000e-04 - 4s/epoch - 5ms/step
Epoch 22/100
782/782 - 4s - loss: 0.9591 - categorical_accuracy: 0.6318 - val_loss: 0.9450 - val_categorical_accuracy: 0.6407 - lr: 5.0000e-04 - 4s/epoch - 5ms/step
Epoch 23/100
782/782 - 4s - loss: 0.9590 - categorical_accuracy: 0.6319 - val_loss: 0.9435 - val_categorical_accuracy: 0.6404 - lr: 5.0000e-04 - 4s/epoch - 5ms/step
Epoch 24/100
782/782 - 4s - loss: 0.9573 - categorical_accuracy: 0.6327 - val_loss: 0.9432 - val_categorical_accuracy: 0.6391 - lr: 5.0000e-04 - 4s/epoch - 5ms/step
Epoch 25/100
782/782 - 4s - loss: 0.9562 - categorical_accuracy: 0.6327 - val_loss: 0.9414 - val_categorical_accuracy: 0.6424 - lr: 5.0000e-04 - 4s/epoch - 5ms/step
Epoch 26/100
782/782 - 4s - loss: 0.9539 - categorical_accuracy: 0.6342 - val_loss: 0.9413 - val_categorical_accuracy: 0.6412 - lr: 5.0000e-04 - 4s/epoch - 5ms/step
Epoch 27/100
782/782 - 4s - loss: 0.9537 - categorical_accuracy: 0.6339 - val_loss: 0.9413 - val_categorical_accuracy: 0.6408 - lr: 5.0000e-04 - 4s/epoch - 5ms/step
Epoch 28/100
782/782 - 4s - loss: 0.9536 - categorical_accuracy: 0.6340 - val_loss: 0.9395 - val_categorical_accuracy: 0.6425 - lr: 5.0000e-04 - 4s/epoch - 5ms/step
Epoch 29/100
782/782 - 4s - loss: 0.9511 - categorical_accuracy: 0.6355 - val_loss: 0.9468 - val_categorical_accuracy: 0.6373 - lr: 5.0000e-04 - 4s/epoch - 5ms/step
Epoch 30/100
782/782 - 4s - loss: 0.9524 - categorical_accuracy: 0.6348 - val_loss: 0.9409 - val_categorical_accuracy: 0.6430 - lr: 5.0000e-04 - 4s/epoch - 5ms/step
Epoch 31/100
782/782 - 4s - loss: 0.9499 - categorical_accuracy: 0.6353 - val_loss: 0.9378 - val_categorical_accuracy: 0.6432 - lr: 5.0000e-04 - 4s/epoch - 5ms/step
Epoch 32/100
782/782 - 4s - loss: 0.9489 - categorical_accuracy: 0.6364 - val_loss: 0.9332 - val_categorical_accuracy: 0.6453 - lr: 5.0000e-04 - 4s/epoch - 5ms/step
Epoch 33/100
782/782 - 4s - loss: 0.9469 - categorical_accuracy: 0.6370 - val_loss: 0.9398 - val_categorical_accuracy: 0.6416 - lr: 5.0000e-04 - 4s/epoch - 5ms/step
Epoch 34/100
782/782 - 4s - loss: 0.9479 - categorical_accuracy: 0.6360 - val_loss: 0.9355 - val_categorical_accuracy: 0.6437 - lr: 5.0000e-04 - 4s/epoch - 5ms/step
Epoch 35/100
782/782 - 4s - loss: 0.9479 - categorical_accuracy: 0.6367 - val_loss: 0.9357 - val_categorical_accuracy: 0.6444 - lr: 5.0000e-04 - 4s/epoch - 5ms/step
Epoch 36/100
782/782 - 4s - loss: 0.9464 - categorical_accuracy: 0.6372 - val_loss: 0.9412 - val_categorical_accuracy: 0.6416 - lr: 5.0000e-04 - 4s/epoch - 5ms/step
Epoch 37/100
782/782 - 4s - loss: 0.9460 - categorical_accuracy: 0.6372 - val_loss: 0.9498 - val_categorical_accuracy: 0.6375 - lr: 5.0000e-04 - 4s/epoch - 5ms/step
Epoch 38/100
782/782 - 4s - loss: 0.9464 - categorical_accuracy: 0.6370 - val_loss: 0.9346 - val_categorical_accuracy: 0.6456 - lr: 5.0000e-04 - 4s/epoch - 5ms/step
Epoch 39/100
782/782 - 4s - loss: 0.9451 - categorical_accuracy: 0.6379 - val_loss: 0.9448 - val_categorical_accuracy: 0.6382 - lr: 5.0000e-04 - 4s/epoch - 5ms/step
Epoch 40/100
782/782 - 4s - loss: 0.9454 - categorical_accuracy: 0.6378 - val_loss: 0.9338 - val_categorical_accuracy: 0.6439 - lr: 5.0000e-04 - 4s/epoch - 5ms/step
Epoch 41/100
782/782 - 4s - loss: 0.9425 - categorical_accuracy: 0.6386 - val_loss: 0.9398 - val_categorical_accuracy: 0.6383 - lr: 5.0000e-04 - 4s/epoch - 5ms/step
Epoch 42/100
782/782 - 4s - loss: 0.9431 - categorical_accuracy: 0.6384 - val_loss: 0.9341 - val_categorical_accuracy: 0.6426 - lr: 5.0000e-04 - 4s/epoch - 5ms/step
Epoch 43/100
782/782 - 4s - loss: 0.9419 - categorical_accuracy: 0.6395 - val_loss: 0.9280 - val_categorical_accuracy: 0.6465 - lr: 5.0000e-04 - 4s/epoch - 5ms/step
Epoch 44/100
782/782 - 4s - loss: 0.9429 - categorical_accuracy: 0.6387 - val_loss: 0.9282 - val_categorical_accuracy: 0.6478 - lr: 5.0000e-04 - 4s/epoch - 5ms/step
Epoch 45/100
782/782 - 4s - loss: 0.9395 - categorical_accuracy: 0.6408 - val_loss: 0.9267 - val_categorical_accuracy: 0.6478 - lr: 5.0000e-04 - 4s/epoch - 5ms/step
Epoch 46/100
782/782 - 4s - loss: 0.9394 - categorical_accuracy: 0.6403 - val_loss: 0.9300 - val_categorical_accuracy: 0.6468 - lr: 5.0000e-04 - 4s/epoch - 5ms/step
Epoch 47/100
782/782 - 4s - loss: 0.9395 - categorical_accuracy: 0.6398 - val_loss: 0.9266 - val_categorical_accuracy: 0.6478 - lr: 5.0000e-04 - 4s/epoch - 5ms/step
Epoch 48/100
782/782 - 4s - loss: 0.9419 - categorical_accuracy: 0.6390 - val_loss: 0.9350 - val_categorical_accuracy: 0.6432 - lr: 5.0000e-04 - 4s/epoch - 5ms/step
Epoch 49/100
782/782 - 4s - loss: 0.9396 - categorical_accuracy: 0.6400 - val_loss: 0.9377 - val_categorical_accuracy: 0.6393 - lr: 5.0000e-04 - 4s/epoch - 5ms/step
Epoch 50/100
782/782 - 4s - loss: 0.9399 - categorical_accuracy: 0.6399 - val_loss: 0.9249 - val_categorical_accuracy: 0.6478 - lr: 5.0000e-04 - 4s/epoch - 5ms/step
Epoch 51/100
782/782 - 4s - loss: 0.9383 - categorical_accuracy: 0.6405 - val_loss: 0.9245 - val_categorical_accuracy: 0.6491 - lr: 5.0000e-04 - 4s/epoch - 5ms/step
Epoch 52/100
782/782 - 4s - loss: 0.9392 - categorical_accuracy: 0.6400 - val_loss: 0.9275 - val_categorical_accuracy: 0.6477 - lr: 5.0000e-04 - 4s/epoch - 5ms/step
Epoch 53/100
782/782 - 4s - loss: 0.9363 - categorical_accuracy: 0.6420 - val_loss: 0.9414 - val_categorical_accuracy: 0.6395 - lr: 5.0000e-04 - 4s/epoch - 5ms/step
Epoch 54/100
782/782 - 5s - loss: 0.9378 - categorical_accuracy: 0.6407 - val_loss: 0.9245 - val_categorical_accuracy: 0.6486 - lr: 5.0000e-04 - 5s/epoch - 6ms/step
Epoch 55/100
782/782 - 4s - loss: 0.9374 - categorical_accuracy: 0.6410 - val_loss: 0.9273 - val_categorical_accuracy: 0.6478 - lr: 5.0000e-04 - 4s/epoch - 5ms/step
Epoch 56/100
782/782 - 4s - loss: 0.9378 - categorical_accuracy: 0.6410 - val_loss: 0.9323 - val_categorical_accuracy: 0.6447 - lr: 5.0000e-04 - 4s/epoch - 5ms/step
Epoch 57/100
782/782 - 4s - loss: 0.9357 - categorical_accuracy: 0.6425 - val_loss: 0.9230 - val_categorical_accuracy: 0.6488 - lr: 5.0000e-04 - 4s/epoch - 5ms/step
Epoch 58/100
782/782 - 4s - loss: 0.9348 - categorical_accuracy: 0.6419 - val_loss: 0.9222 - val_categorical_accuracy: 0.6499 - lr: 5.0000e-04 - 4s/epoch - 5ms/step
Epoch 59/100
782/782 - 4s - loss: 0.9348 - categorical_accuracy: 0.6420 - val_loss: 0.9390 - val_categorical_accuracy: 0.6403 - lr: 5.0000e-04 - 4s/epoch - 5ms/step
Epoch 60/100
782/782 - 4s - loss: 0.9347 - categorical_accuracy: 0.6420 - val_loss: 0.9286 - val_categorical_accuracy: 0.6462 - lr: 5.0000e-04 - 4s/epoch - 5ms/step
Epoch 61/100
782/782 - 4s - loss: 0.9329 - categorical_accuracy: 0.6428 - val_loss: 0.9226 - val_categorical_accuracy: 0.6491 - lr: 5.0000e-04 - 4s/epoch - 5ms/step
Epoch 62/100
782/782 - 4s - loss: 0.9334 - categorical_accuracy: 0.6426 - val_loss: 0.9206 - val_categorical_accuracy: 0.6497 - lr: 5.0000e-04 - 4s/epoch - 5ms/step
Epoch 63/100
782/782 - 4s - loss: 0.9342 - categorical_accuracy: 0.6422 - val_loss: 0.9275 - val_categorical_accuracy: 0.6468 - lr: 5.0000e-04 - 4s/epoch - 5ms/step
Epoch 64/100
782/782 - 4s - loss: 0.9342 - categorical_accuracy: 0.6421 - val_loss: 0.9210 - val_categorical_accuracy: 0.6504 - lr: 5.0000e-04 - 4s/epoch - 5ms/step
Epoch 65/100
782/782 - 4s - loss: 0.9335 - categorical_accuracy: 0.6427 - val_loss: 0.9222 - val_categorical_accuracy: 0.6494 - lr: 5.0000e-04 - 4s/epoch - 5ms/step
Epoch 66/100
782/782 - 4s - loss: 0.9336 - categorical_accuracy: 0.6421 - val_loss: 0.9224 - val_categorical_accuracy: 0.6490 - lr: 5.0000e-04 - 4s/epoch - 5ms/step
Epoch 67/100
782/782 - 4s - loss: 0.9318 - categorical_accuracy: 0.6433 - val_loss: 0.9224 - val_categorical_accuracy: 0.6494 - lr: 5.0000e-04 - 4s/epoch - 5ms/step
Epoch 68/100
782/782 - 4s - loss: 0.9321 - categorical_accuracy: 0.6432 - val_loss: 0.9200 - val_categorical_accuracy: 0.6508 - lr: 5.0000e-04 - 4s/epoch - 5ms/step
Epoch 69/100
782/782 - 4s - loss: 0.9310 - categorical_accuracy: 0.6432 - val_loss: 0.9241 - val_categorical_accuracy: 0.6476 - lr: 5.0000e-04 - 4s/epoch - 5ms/step
Epoch 70/100
782/782 - 4s - loss: 0.9337 - categorical_accuracy: 0.6421 - val_loss: 0.9208 - val_categorical_accuracy: 0.6503 - lr: 5.0000e-04 - 4s/epoch - 5ms/step
Epoch 71/100
782/782 - 4s - loss: 0.9316 - categorical_accuracy: 0.6432 - val_loss: 0.9203 - val_categorical_accuracy: 0.6502 - lr: 5.0000e-04 - 4s/epoch - 5ms/step
Epoch 72/100
782/782 - 4s - loss: 0.9298 - categorical_accuracy: 0.6437 - val_loss: 0.9247 - val_categorical_accuracy: 0.6465 - lr: 5.0000e-04 - 4s/epoch - 5ms/step
Epoch 73/100
782/782 - 4s - loss: 0.9310 - categorical_accuracy: 0.6432 - val_loss: 0.9219 - val_categorical_accuracy: 0.6498 - lr: 5.0000e-04 - 4s/epoch - 5ms/step
Epoch 74/100
782/782 - 4s - loss: 0.9297 - categorical_accuracy: 0.6438 - val_loss: 0.9418 - val_categorical_accuracy: 0.6362 - lr: 5.0000e-04 - 4s/epoch - 5ms/step
Epoch 75/100
782/782 - 4s - loss: 0.9306 - categorical_accuracy: 0.6431 - val_loss: 0.9370 - val_categorical_accuracy: 0.6406 - lr: 5.0000e-04 - 4s/epoch - 5ms/step
Epoch 76/100
782/782 - 4s - loss: 0.9315 - categorical_accuracy: 0.6430 - val_loss: 0.9183 - val_categorical_accuracy: 0.6509 - lr: 5.0000e-04 - 4s/epoch - 5ms/step
Epoch 77/100
782/782 - 6s - loss: 0.9309 - categorical_accuracy: 0.6430 - val_loss: 0.9356 - val_categorical_accuracy: 0.6404 - lr: 5.0000e-04 - 6s/epoch - 7ms/step
Epoch 78/100
782/782 - 4s - loss: 0.9308 - categorical_accuracy: 0.6437 - val_loss: 0.9194 - val_categorical_accuracy: 0.6507 - lr: 5.0000e-04 - 4s/epoch - 5ms/step
Epoch 79/100
782/782 - 4s - loss: 0.9279 - categorical_accuracy: 0.6450 - val_loss: 0.9170 - val_categorical_accuracy: 0.6522 - lr: 5.0000e-04 - 4s/epoch - 5ms/step
Epoch 80/100
782/782 - 4s - loss: 0.9307 - categorical_accuracy: 0.6432 - val_loss: 0.9195 - val_categorical_accuracy: 0.6507 - lr: 5.0000e-04 - 4s/epoch - 5ms/step
Epoch 81/100
782/782 - 4s - loss: 0.9294 - categorical_accuracy: 0.6439 - val_loss: 0.9199 - val_categorical_accuracy: 0.6503 - lr: 5.0000e-04 - 4s/epoch - 5ms/step
Epoch 82/100
782/782 - 4s - loss: 0.9287 - categorical_accuracy: 0.6444 - val_loss: 0.9162 - val_categorical_accuracy: 0.6512 - lr: 5.0000e-04 - 4s/epoch - 5ms/step
Epoch 83/100
782/782 - 4s - loss: 0.9290 - categorical_accuracy: 0.6441 - val_loss: 0.9267 - val_categorical_accuracy: 0.6460 - lr: 5.0000e-04 - 4s/epoch - 5ms/step
Epoch 84/100
782/782 - 4s - loss: 0.9277 - categorical_accuracy: 0.6453 - val_loss: 0.9150 - val_categorical_accuracy: 0.6522 - lr: 5.0000e-04 - 4s/epoch - 5ms/step
Epoch 85/100
782/782 - 4s - loss: 0.9285 - categorical_accuracy: 0.6443 - val_loss: 0.9180 - val_categorical_accuracy: 0.6514 - lr: 5.0000e-04 - 4s/epoch - 5ms/step
Epoch 86/100
782/782 - 4s - loss: 0.9285 - categorical_accuracy: 0.6440 - val_loss: 0.9331 - val_categorical_accuracy: 0.6429 - lr: 5.0000e-04 - 4s/epoch - 5ms/step
Epoch 87/100
782/782 - 4s - loss: 0.9269 - categorical_accuracy: 0.6450 - val_loss: 0.9185 - val_categorical_accuracy: 0.6506 - lr: 5.0000e-04 - 4s/epoch - 5ms/step
Epoch 88/100
782/782 - 4s - loss: 0.9270 - categorical_accuracy: 0.6448 - val_loss: 0.9162 - val_categorical_accuracy: 0.6525 - lr: 5.0000e-04 - 4s/epoch - 5ms/step
Epoch 89/100
782/782 - 4s - loss: 0.9271 - categorical_accuracy: 0.6446 - val_loss: 0.9215 - val_categorical_accuracy: 0.6472 - lr: 5.0000e-04 - 4s/epoch - 5ms/step
Epoch 90/100
782/782 - 4s - loss: 0.9267 - categorical_accuracy: 0.6449 - val_loss: 0.9187 - val_categorical_accuracy: 0.6506 - lr: 5.0000e-04 - 4s/epoch - 5ms/step
Epoch 91/100
782/782 - 4s - loss: 0.9263 - categorical_accuracy: 0.6448 - val_loss: 0.9162 - val_categorical_accuracy: 0.6515 - lr: 5.0000e-04 - 4s/epoch - 5ms/step
Epoch 92/100
782/782 - 4s - loss: 0.9266 - categorical_accuracy: 0.6451 - val_loss: 0.9225 - val_categorical_accuracy: 0.6485 - lr: 5.0000e-04 - 4s/epoch - 5ms/step
Epoch 93/100
782/782 - 4s - loss: 0.9257 - categorical_accuracy: 0.6453 - val_loss: 0.9167 - val_categorical_accuracy: 0.6517 - lr: 5.0000e-04 - 4s/epoch - 5ms/step
Epoch 94/100
782/782 - 4s - loss: 0.9261 - categorical_accuracy: 0.6456 - val_loss: 0.9189 - val_categorical_accuracy: 0.6498 - lr: 5.0000e-04 - 4s/epoch - 5ms/step
Epoch 95/100
782/782 - 4s - loss: 0.9250 - categorical_accuracy: 0.6458 - val_loss: 0.9412 - val_categorical_accuracy: 0.6354 - lr: 5.0000e-04 - 4s/epoch - 5ms/step
Epoch 96/100
782/782 - 4s - loss: 0.9266 - categorical_accuracy: 0.6449 - val_loss: 0.9256 - val_categorical_accuracy: 0.6460 - lr: 5.0000e-04 - 4s/epoch - 5ms/step
Epoch 97/100
782/782 - 4s - loss: 0.9248 - categorical_accuracy: 0.6463 - val_loss: 0.9185 - val_categorical_accuracy: 0.6489 - lr: 5.0000e-04 - 4s/epoch - 5ms/step
Epoch 98/100
782/782 - 4s - loss: 0.9269 - categorical_accuracy: 0.6445 - val_loss: 0.9189 - val_categorical_accuracy: 0.6503 - lr: 5.0000e-04 - 4s/epoch - 5ms/step
[95m
SAVING RESULTS[0m
==============
[92m
Saved model to: [0m trained_intnets/perm_variant_conv_3
Loss vs epochs plot saved to trained_intnets/perm_variant_conv_3.
Accuracy vs epochs plot saved to trained_intnets/perm_variant_conv_3.
[92m
Jobs done! 🍰✨[0m
