[96m
GPU: NVIDIA GeForce GTX 1080 Ti[0m

----------------
[92mData loading complete:[0m
Training data size: 5.72e+05
Test data size: 0.00e+00
----------------

Shuffling constituents...
[92mShuffled the training data! 🃏
[0m
[92mNumber of constituents: 8[0m
Instantiating model...
[92mModel compiled and built![0m
[95m
TRAINING THE MODEL 💪[0m
==================

Training parameters
-------------------
[92mOptimiser: 	[0m {'name': 'Adam', 'learning_rate': 0.0005, 'decay': 0.0, 'beta_1': 0.9, 'beta_2': 0.999, 'epsilon': 1e-07, 'amsgrad': False}
[92mBatch size: 	[0m 512
[92mTraining epochs:[0m 100
[92mLoss: 		[0m categorical_crossentropy

Epoch 1/100
782/782 - 10s - loss: 1.2615 - categorical_accuracy: 0.4699 - val_loss: 1.1149 - val_categorical_accuracy: 0.5500 - lr: 5.0000e-04 - 10s/epoch - 12ms/step
Epoch 2/100
782/782 - 5s - loss: 1.0784 - categorical_accuracy: 0.5800 - val_loss: 1.0468 - val_categorical_accuracy: 0.5979 - lr: 5.0000e-04 - 5s/epoch - 7ms/step
Epoch 3/100
782/782 - 5s - loss: 1.0414 - categorical_accuracy: 0.5998 - val_loss: 1.0245 - val_categorical_accuracy: 0.6081 - lr: 5.0000e-04 - 5s/epoch - 7ms/step
Epoch 4/100
782/782 - 5s - loss: 1.0253 - categorical_accuracy: 0.6070 - val_loss: 1.0139 - val_categorical_accuracy: 0.6113 - lr: 5.0000e-04 - 5s/epoch - 7ms/step
Epoch 5/100
782/782 - 5s - loss: 1.0154 - categorical_accuracy: 0.6105 - val_loss: 1.0063 - val_categorical_accuracy: 0.6143 - lr: 5.0000e-04 - 5s/epoch - 7ms/step
Epoch 6/100
782/782 - 5s - loss: 1.0083 - categorical_accuracy: 0.6130 - val_loss: 1.0001 - val_categorical_accuracy: 0.6162 - lr: 5.0000e-04 - 5s/epoch - 7ms/step
Epoch 7/100
782/782 - 5s - loss: 1.0027 - categorical_accuracy: 0.6153 - val_loss: 0.9937 - val_categorical_accuracy: 0.6194 - lr: 5.0000e-04 - 5s/epoch - 7ms/step
Epoch 8/100
782/782 - 5s - loss: 0.9978 - categorical_accuracy: 0.6169 - val_loss: 0.9886 - val_categorical_accuracy: 0.6205 - lr: 5.0000e-04 - 5s/epoch - 7ms/step
Epoch 9/100
782/782 - 5s - loss: 0.9933 - categorical_accuracy: 0.6184 - val_loss: 0.9851 - val_categorical_accuracy: 0.6218 - lr: 5.0000e-04 - 5s/epoch - 7ms/step
Epoch 10/100
782/782 - 5s - loss: 0.9896 - categorical_accuracy: 0.6196 - val_loss: 0.9820 - val_categorical_accuracy: 0.6232 - lr: 5.0000e-04 - 5s/epoch - 7ms/step
Epoch 11/100
782/782 - 5s - loss: 0.9864 - categorical_accuracy: 0.6209 - val_loss: 0.9796 - val_categorical_accuracy: 0.6240 - lr: 5.0000e-04 - 5s/epoch - 7ms/step
Epoch 12/100
782/782 - 5s - loss: 0.9834 - categorical_accuracy: 0.6219 - val_loss: 0.9770 - val_categorical_accuracy: 0.6250 - lr: 5.0000e-04 - 5s/epoch - 7ms/step
Epoch 13/100
782/782 - 5s - loss: 0.9809 - categorical_accuracy: 0.6227 - val_loss: 0.9749 - val_categorical_accuracy: 0.6255 - lr: 5.0000e-04 - 5s/epoch - 7ms/step
Epoch 14/100
782/782 - 5s - loss: 0.9787 - categorical_accuracy: 0.6235 - val_loss: 0.9723 - val_categorical_accuracy: 0.6266 - lr: 5.0000e-04 - 5s/epoch - 7ms/step
Epoch 15/100
782/782 - 5s - loss: 0.9768 - categorical_accuracy: 0.6240 - val_loss: 0.9709 - val_categorical_accuracy: 0.6273 - lr: 5.0000e-04 - 5s/epoch - 7ms/step
Epoch 16/100
782/782 - 5s - loss: 0.9750 - categorical_accuracy: 0.6248 - val_loss: 0.9694 - val_categorical_accuracy: 0.6279 - lr: 5.0000e-04 - 5s/epoch - 7ms/step
Epoch 17/100
782/782 - 5s - loss: 0.9734 - categorical_accuracy: 0.6258 - val_loss: 0.9676 - val_categorical_accuracy: 0.6285 - lr: 5.0000e-04 - 5s/epoch - 7ms/step
Epoch 18/100
782/782 - 5s - loss: 0.9720 - categorical_accuracy: 0.6262 - val_loss: 0.9663 - val_categorical_accuracy: 0.6291 - lr: 5.0000e-04 - 5s/epoch - 7ms/step
Epoch 19/100
782/782 - 5s - loss: 0.9707 - categorical_accuracy: 0.6267 - val_loss: 0.9657 - val_categorical_accuracy: 0.6292 - lr: 5.0000e-04 - 5s/epoch - 7ms/step
Epoch 20/100
782/782 - 5s - loss: 0.9695 - categorical_accuracy: 0.6271 - val_loss: 0.9648 - val_categorical_accuracy: 0.6296 - lr: 5.0000e-04 - 5s/epoch - 7ms/step
Epoch 21/100
782/782 - 5s - loss: 0.9683 - categorical_accuracy: 0.6277 - val_loss: 0.9639 - val_categorical_accuracy: 0.6299 - lr: 5.0000e-04 - 5s/epoch - 7ms/step
Epoch 22/100
782/782 - 6s - loss: 0.9673 - categorical_accuracy: 0.6283 - val_loss: 0.9628 - val_categorical_accuracy: 0.6304 - lr: 5.0000e-04 - 6s/epoch - 7ms/step
Epoch 23/100
782/782 - 5s - loss: 0.9663 - categorical_accuracy: 0.6286 - val_loss: 0.9621 - val_categorical_accuracy: 0.6307 - lr: 5.0000e-04 - 5s/epoch - 7ms/step
Epoch 24/100
782/782 - 5s - loss: 0.9653 - categorical_accuracy: 0.6289 - val_loss: 0.9615 - val_categorical_accuracy: 0.6309 - lr: 5.0000e-04 - 5s/epoch - 7ms/step
Epoch 25/100
782/782 - 5s - loss: 0.9643 - categorical_accuracy: 0.6296 - val_loss: 0.9599 - val_categorical_accuracy: 0.6318 - lr: 5.0000e-04 - 5s/epoch - 7ms/step
Epoch 26/100
782/782 - 5s - loss: 0.9634 - categorical_accuracy: 0.6299 - val_loss: 0.9591 - val_categorical_accuracy: 0.6322 - lr: 5.0000e-04 - 5s/epoch - 7ms/step
Epoch 27/100
782/782 - 5s - loss: 0.9626 - categorical_accuracy: 0.6303 - val_loss: 0.9584 - val_categorical_accuracy: 0.6323 - lr: 5.0000e-04 - 5s/epoch - 7ms/step
Epoch 28/100
782/782 - 5s - loss: 0.9618 - categorical_accuracy: 0.6306 - val_loss: 0.9585 - val_categorical_accuracy: 0.6319 - lr: 5.0000e-04 - 5s/epoch - 7ms/step
Epoch 29/100
782/782 - 5s - loss: 0.9610 - categorical_accuracy: 0.6310 - val_loss: 0.9571 - val_categorical_accuracy: 0.6328 - lr: 5.0000e-04 - 5s/epoch - 7ms/step
Epoch 30/100
782/782 - 5s - loss: 0.9602 - categorical_accuracy: 0.6313 - val_loss: 0.9560 - val_categorical_accuracy: 0.6336 - lr: 5.0000e-04 - 5s/epoch - 7ms/step
Epoch 31/100
782/782 - 5s - loss: 0.9594 - categorical_accuracy: 0.6315 - val_loss: 0.9554 - val_categorical_accuracy: 0.6338 - lr: 5.0000e-04 - 5s/epoch - 7ms/step
Epoch 32/100
782/782 - 5s - loss: 0.9587 - categorical_accuracy: 0.6318 - val_loss: 0.9547 - val_categorical_accuracy: 0.6340 - lr: 5.0000e-04 - 5s/epoch - 7ms/step
Epoch 33/100
782/782 - 5s - loss: 0.9580 - categorical_accuracy: 0.6320 - val_loss: 0.9543 - val_categorical_accuracy: 0.6339 - lr: 5.0000e-04 - 5s/epoch - 7ms/step
Epoch 34/100
782/782 - 5s - loss: 0.9573 - categorical_accuracy: 0.6324 - val_loss: 0.9541 - val_categorical_accuracy: 0.6340 - lr: 5.0000e-04 - 5s/epoch - 7ms/step
Epoch 35/100
782/782 - 5s - loss: 0.9568 - categorical_accuracy: 0.6326 - val_loss: 0.9539 - val_categorical_accuracy: 0.6339 - lr: 5.0000e-04 - 5s/epoch - 7ms/step
Epoch 36/100
782/782 - 5s - loss: 0.9562 - categorical_accuracy: 0.6326 - val_loss: 0.9537 - val_categorical_accuracy: 0.6338 - lr: 5.0000e-04 - 5s/epoch - 7ms/step
Epoch 37/100
782/782 - 5s - loss: 0.9556 - categorical_accuracy: 0.6328 - val_loss: 0.9529 - val_categorical_accuracy: 0.6344 - lr: 5.0000e-04 - 5s/epoch - 7ms/step
Epoch 38/100
782/782 - 5s - loss: 0.9551 - categorical_accuracy: 0.6329 - val_loss: 0.9528 - val_categorical_accuracy: 0.6343 - lr: 5.0000e-04 - 5s/epoch - 7ms/step
Epoch 39/100
782/782 - 5s - loss: 0.9545 - categorical_accuracy: 0.6333 - val_loss: 0.9525 - val_categorical_accuracy: 0.6345 - lr: 5.0000e-04 - 5s/epoch - 7ms/step
Epoch 40/100
782/782 - 5s - loss: 0.9540 - categorical_accuracy: 0.6336 - val_loss: 0.9515 - val_categorical_accuracy: 0.6348 - lr: 5.0000e-04 - 5s/epoch - 7ms/step
Epoch 41/100
782/782 - 5s - loss: 0.9534 - categorical_accuracy: 0.6337 - val_loss: 0.9506 - val_categorical_accuracy: 0.6352 - lr: 5.0000e-04 - 5s/epoch - 7ms/step
Epoch 42/100
782/782 - 5s - loss: 0.9529 - categorical_accuracy: 0.6338 - val_loss: 0.9497 - val_categorical_accuracy: 0.6356 - lr: 5.0000e-04 - 5s/epoch - 7ms/step
Epoch 43/100
782/782 - 5s - loss: 0.9524 - categorical_accuracy: 0.6342 - val_loss: 0.9491 - val_categorical_accuracy: 0.6362 - lr: 5.0000e-04 - 5s/epoch - 7ms/step
Epoch 44/100
782/782 - 5s - loss: 0.9519 - categorical_accuracy: 0.6344 - val_loss: 0.9491 - val_categorical_accuracy: 0.6361 - lr: 5.0000e-04 - 5s/epoch - 7ms/step
Epoch 45/100
782/782 - 5s - loss: 0.9514 - categorical_accuracy: 0.6346 - val_loss: 0.9485 - val_categorical_accuracy: 0.6365 - lr: 5.0000e-04 - 5s/epoch - 7ms/step
Epoch 46/100
782/782 - 5s - loss: 0.9510 - categorical_accuracy: 0.6349 - val_loss: 0.9478 - val_categorical_accuracy: 0.6368 - lr: 5.0000e-04 - 5s/epoch - 7ms/step
Epoch 47/100
782/782 - 5s - loss: 0.9506 - categorical_accuracy: 0.6350 - val_loss: 0.9475 - val_categorical_accuracy: 0.6370 - lr: 5.0000e-04 - 5s/epoch - 7ms/step
Epoch 48/100
782/782 - 5s - loss: 0.9501 - categorical_accuracy: 0.6353 - val_loss: 0.9468 - val_categorical_accuracy: 0.6372 - lr: 5.0000e-04 - 5s/epoch - 7ms/step
Epoch 49/100
782/782 - 5s - loss: 0.9496 - categorical_accuracy: 0.6355 - val_loss: 0.9472 - val_categorical_accuracy: 0.6370 - lr: 5.0000e-04 - 5s/epoch - 7ms/step
Epoch 50/100
782/782 - 5s - loss: 0.9492 - categorical_accuracy: 0.6358 - val_loss: 0.9467 - val_categorical_accuracy: 0.6371 - lr: 5.0000e-04 - 5s/epoch - 7ms/step
Epoch 51/100
782/782 - 5s - loss: 0.9488 - categorical_accuracy: 0.6359 - val_loss: 0.9471 - val_categorical_accuracy: 0.6367 - lr: 5.0000e-04 - 5s/epoch - 7ms/step
Epoch 52/100
782/782 - 5s - loss: 0.9484 - categorical_accuracy: 0.6360 - val_loss: 0.9465 - val_categorical_accuracy: 0.6367 - lr: 5.0000e-04 - 5s/epoch - 7ms/step
Epoch 53/100
782/782 - 5s - loss: 0.9480 - categorical_accuracy: 0.6361 - val_loss: 0.9461 - val_categorical_accuracy: 0.6372 - lr: 5.0000e-04 - 5s/epoch - 7ms/step
Epoch 54/100
782/782 - 5s - loss: 0.9476 - categorical_accuracy: 0.6364 - val_loss: 0.9456 - val_categorical_accuracy: 0.6375 - lr: 5.0000e-04 - 5s/epoch - 7ms/step
Epoch 55/100
782/782 - 5s - loss: 0.9473 - categorical_accuracy: 0.6363 - val_loss: 0.9454 - val_categorical_accuracy: 0.6372 - lr: 5.0000e-04 - 5s/epoch - 7ms/step
Epoch 56/100
782/782 - 5s - loss: 0.9469 - categorical_accuracy: 0.6367 - val_loss: 0.9450 - val_categorical_accuracy: 0.6376 - lr: 5.0000e-04 - 5s/epoch - 7ms/step
Epoch 57/100
782/782 - 5s - loss: 0.9465 - categorical_accuracy: 0.6368 - val_loss: 0.9448 - val_categorical_accuracy: 0.6377 - lr: 5.0000e-04 - 5s/epoch - 7ms/step
Epoch 58/100
782/782 - 5s - loss: 0.9462 - categorical_accuracy: 0.6368 - val_loss: 0.9444 - val_categorical_accuracy: 0.6378 - lr: 5.0000e-04 - 5s/epoch - 7ms/step
Epoch 59/100
782/782 - 5s - loss: 0.9459 - categorical_accuracy: 0.6370 - val_loss: 0.9440 - val_categorical_accuracy: 0.6380 - lr: 5.0000e-04 - 5s/epoch - 7ms/step
Epoch 60/100
782/782 - 5s - loss: 0.9456 - categorical_accuracy: 0.6372 - val_loss: 0.9437 - val_categorical_accuracy: 0.6382 - lr: 5.0000e-04 - 5s/epoch - 7ms/step
Epoch 61/100
782/782 - 5s - loss: 0.9452 - categorical_accuracy: 0.6372 - val_loss: 0.9434 - val_categorical_accuracy: 0.6382 - lr: 5.0000e-04 - 5s/epoch - 7ms/step
Epoch 62/100
782/782 - 5s - loss: 0.9449 - categorical_accuracy: 0.6375 - val_loss: 0.9432 - val_categorical_accuracy: 0.6383 - lr: 5.0000e-04 - 5s/epoch - 7ms/step
Epoch 63/100
782/782 - 5s - loss: 0.9446 - categorical_accuracy: 0.6376 - val_loss: 0.9428 - val_categorical_accuracy: 0.6386 - lr: 5.0000e-04 - 5s/epoch - 7ms/step
Epoch 64/100
782/782 - 5s - loss: 0.9442 - categorical_accuracy: 0.6375 - val_loss: 0.9424 - val_categorical_accuracy: 0.6389 - lr: 5.0000e-04 - 5s/epoch - 7ms/step
Epoch 65/100
782/782 - 5s - loss: 0.9439 - categorical_accuracy: 0.6377 - val_loss: 0.9419 - val_categorical_accuracy: 0.6389 - lr: 5.0000e-04 - 5s/epoch - 7ms/step
Epoch 66/100
782/782 - 5s - loss: 0.9436 - categorical_accuracy: 0.6377 - val_loss: 0.9418 - val_categorical_accuracy: 0.6390 - lr: 5.0000e-04 - 5s/epoch - 7ms/step
Epoch 67/100
782/782 - 6s - loss: 0.9433 - categorical_accuracy: 0.6378 - val_loss: 0.9414 - val_categorical_accuracy: 0.6392 - lr: 5.0000e-04 - 6s/epoch - 7ms/step
Epoch 68/100
782/782 - 5s - loss: 0.9431 - categorical_accuracy: 0.6379 - val_loss: 0.9412 - val_categorical_accuracy: 0.6392 - lr: 5.0000e-04 - 5s/epoch - 7ms/step
Epoch 69/100
782/782 - 5s - loss: 0.9428 - categorical_accuracy: 0.6380 - val_loss: 0.9410 - val_categorical_accuracy: 0.6393 - lr: 5.0000e-04 - 5s/epoch - 7ms/step
Epoch 70/100
782/782 - 5s - loss: 0.9426 - categorical_accuracy: 0.6379 - val_loss: 0.9415 - val_categorical_accuracy: 0.6388 - lr: 5.0000e-04 - 5s/epoch - 7ms/step
Epoch 71/100
782/782 - 5s - loss: 0.9423 - categorical_accuracy: 0.6381 - val_loss: 0.9413 - val_categorical_accuracy: 0.6389 - lr: 5.0000e-04 - 5s/epoch - 7ms/step
Epoch 72/100
782/782 - 5s - loss: 0.9421 - categorical_accuracy: 0.6381 - val_loss: 0.9413 - val_categorical_accuracy: 0.6389 - lr: 5.0000e-04 - 5s/epoch - 7ms/step
Epoch 73/100
782/782 - 5s - loss: 0.9417 - categorical_accuracy: 0.6383 - val_loss: 0.9398 - val_categorical_accuracy: 0.6398 - lr: 5.0000e-04 - 5s/epoch - 7ms/step
Epoch 74/100
782/782 - 5s - loss: 0.9414 - categorical_accuracy: 0.6384 - val_loss: 0.9402 - val_categorical_accuracy: 0.6396 - lr: 5.0000e-04 - 5s/epoch - 7ms/step
Epoch 75/100
782/782 - 5s - loss: 0.9412 - categorical_accuracy: 0.6385 - val_loss: 0.9398 - val_categorical_accuracy: 0.6397 - lr: 5.0000e-04 - 5s/epoch - 7ms/step
Epoch 76/100
782/782 - 5s - loss: 0.9410 - categorical_accuracy: 0.6387 - val_loss: 0.9401 - val_categorical_accuracy: 0.6395 - lr: 5.0000e-04 - 5s/epoch - 7ms/step
Epoch 77/100
782/782 - 5s - loss: 0.9407 - categorical_accuracy: 0.6387 - val_loss: 0.9401 - val_categorical_accuracy: 0.6396 - lr: 5.0000e-04 - 5s/epoch - 7ms/step
Epoch 78/100
782/782 - 5s - loss: 0.9405 - categorical_accuracy: 0.6388 - val_loss: 0.9397 - val_categorical_accuracy: 0.6397 - lr: 5.0000e-04 - 5s/epoch - 7ms/step
Epoch 79/100
782/782 - 6s - loss: 0.9403 - categorical_accuracy: 0.6390 - val_loss: 0.9399 - val_categorical_accuracy: 0.6394 - lr: 5.0000e-04 - 6s/epoch - 7ms/step
Epoch 80/100
782/782 - 5s - loss: 0.9401 - categorical_accuracy: 0.6389 - val_loss: 0.9394 - val_categorical_accuracy: 0.6398 - lr: 5.0000e-04 - 5s/epoch - 7ms/step
Epoch 81/100
782/782 - 5s - loss: 0.9398 - categorical_accuracy: 0.6390 - val_loss: 0.9392 - val_categorical_accuracy: 0.6399 - lr: 5.0000e-04 - 5s/epoch - 7ms/step
Epoch 82/100
782/782 - 5s - loss: 0.9397 - categorical_accuracy: 0.6391 - val_loss: 0.9386 - val_categorical_accuracy: 0.6402 - lr: 5.0000e-04 - 5s/epoch - 7ms/step
Epoch 83/100
782/782 - 5s - loss: 0.9395 - categorical_accuracy: 0.6391 - val_loss: 0.9387 - val_categorical_accuracy: 0.6401 - lr: 5.0000e-04 - 5s/epoch - 7ms/step
Epoch 84/100
782/782 - 5s - loss: 0.9393 - categorical_accuracy: 0.6392 - val_loss: 0.9387 - val_categorical_accuracy: 0.6402 - lr: 5.0000e-04 - 5s/epoch - 7ms/step
Epoch 85/100
782/782 - 5s - loss: 0.9391 - categorical_accuracy: 0.6394 - val_loss: 0.9382 - val_categorical_accuracy: 0.6402 - lr: 5.0000e-04 - 5s/epoch - 7ms/step
Epoch 86/100
782/782 - 5s - loss: 0.9389 - categorical_accuracy: 0.6395 - val_loss: 0.9379 - val_categorical_accuracy: 0.6406 - lr: 5.0000e-04 - 5s/epoch - 7ms/step
Epoch 87/100
782/782 - 5s - loss: 0.9387 - categorical_accuracy: 0.6396 - val_loss: 0.9385 - val_categorical_accuracy: 0.6401 - lr: 5.0000e-04 - 5s/epoch - 7ms/step
Epoch 88/100
782/782 - 5s - loss: 0.9385 - categorical_accuracy: 0.6395 - val_loss: 0.9384 - val_categorical_accuracy: 0.6400 - lr: 5.0000e-04 - 5s/epoch - 7ms/step
Epoch 89/100
782/782 - 5s - loss: 0.9383 - categorical_accuracy: 0.6396 - val_loss: 0.9374 - val_categorical_accuracy: 0.6406 - lr: 5.0000e-04 - 5s/epoch - 7ms/step
Epoch 90/100
782/782 - 5s - loss: 0.9380 - categorical_accuracy: 0.6398 - val_loss: 0.9372 - val_categorical_accuracy: 0.6409 - lr: 5.0000e-04 - 5s/epoch - 7ms/step
Epoch 91/100
782/782 - 5s - loss: 0.9379 - categorical_accuracy: 0.6398 - val_loss: 0.9374 - val_categorical_accuracy: 0.6408 - lr: 5.0000e-04 - 5s/epoch - 7ms/step
Epoch 92/100
782/782 - 5s - loss: 0.9377 - categorical_accuracy: 0.6399 - val_loss: 0.9369 - val_categorical_accuracy: 0.6409 - lr: 5.0000e-04 - 5s/epoch - 7ms/step
Epoch 93/100
782/782 - 5s - loss: 0.9375 - categorical_accuracy: 0.6400 - val_loss: 0.9368 - val_categorical_accuracy: 0.6411 - lr: 5.0000e-04 - 5s/epoch - 7ms/step
Epoch 94/100
782/782 - 5s - loss: 0.9373 - categorical_accuracy: 0.6400 - val_loss: 0.9367 - val_categorical_accuracy: 0.6412 - lr: 5.0000e-04 - 5s/epoch - 7ms/step
Epoch 95/100
782/782 - 5s - loss: 0.9371 - categorical_accuracy: 0.6403 - val_loss: 0.9364 - val_categorical_accuracy: 0.6417 - lr: 5.0000e-04 - 5s/epoch - 7ms/step
Epoch 96/100
782/782 - 5s - loss: 0.9369 - categorical_accuracy: 0.6402 - val_loss: 0.9362 - val_categorical_accuracy: 0.6416 - lr: 5.0000e-04 - 5s/epoch - 7ms/step
Epoch 97/100
782/782 - 5s - loss: 0.9367 - categorical_accuracy: 0.6403 - val_loss: 0.9361 - val_categorical_accuracy: 0.6416 - lr: 5.0000e-04 - 5s/epoch - 7ms/step
Epoch 98/100
782/782 - 5s - loss: 0.9366 - categorical_accuracy: 0.6404 - val_loss: 0.9353 - val_categorical_accuracy: 0.6423 - lr: 5.0000e-04 - 5s/epoch - 7ms/step
Epoch 99/100
782/782 - 5s - loss: 0.9364 - categorical_accuracy: 0.6404 - val_loss: 0.9357 - val_categorical_accuracy: 0.6420 - lr: 5.0000e-04 - 5s/epoch - 7ms/step
Epoch 100/100
782/782 - 5s - loss: 0.9362 - categorical_accuracy: 0.6406 - val_loss: 0.9356 - val_categorical_accuracy: 0.6418 - lr: 5.0000e-04 - 5s/epoch - 7ms/step
[95m
SAVING RESULTS[0m
==============
[92m
Saved model to: [0m trained_intnets/perm_variant_conv_3
Loss vs epochs plot saved to trained_intnets/perm_variant_conv_3.
Accuracy vs epochs plot saved to trained_intnets/perm_variant_conv_3.
[92m
Jobs done! 🍰✨[0m
