[96m
GPU: NVIDIA GeForce GTX 1080 Ti[0m

----------------
[92mData loading complete:[0m
Training data size: 5.72e+05
Test data size: 0.00e+00
----------------

Shuffling constituents...
[92mShuffled the training data! 🃏
[0m
[92mNumber of constituents: 8[0m
Instantiating model...
[92mModel compiled and built![0m
[95m
TRAINING THE MODEL 💪[0m
==================

Training parameters
-------------------
[92mOptimiser: 	[0m {'name': 'Adam', 'learning_rate': 0.0005, 'decay': 0.0, 'beta_1': 0.9, 'beta_2': 0.999, 'epsilon': 1e-07, 'amsgrad': False}
[92mBatch size: 	[0m 512
[92mTraining epochs:[0m 100
[92mLoss: 		[0m categorical_crossentropy

Epoch 1/100
782/782 - 8s - loss: 1.2082 - categorical_accuracy: 0.5045 - val_loss: 1.0835 - val_categorical_accuracy: 0.5855 - lr: 5.0000e-04 - 8s/epoch - 10ms/step
Epoch 2/100
782/782 - 4s - loss: 1.0641 - categorical_accuracy: 0.5915 - val_loss: 1.0378 - val_categorical_accuracy: 0.6045 - lr: 5.0000e-04 - 4s/epoch - 5ms/step
Epoch 3/100
782/782 - 4s - loss: 1.0377 - categorical_accuracy: 0.6025 - val_loss: 1.0180 - val_categorical_accuracy: 0.6131 - lr: 5.0000e-04 - 4s/epoch - 5ms/step
Epoch 4/100
782/782 - 4s - loss: 1.0236 - categorical_accuracy: 0.6085 - val_loss: 1.0053 - val_categorical_accuracy: 0.6165 - lr: 5.0000e-04 - 4s/epoch - 5ms/step
Epoch 5/100
782/782 - 4s - loss: 1.0125 - categorical_accuracy: 0.6130 - val_loss: 0.9950 - val_categorical_accuracy: 0.6199 - lr: 5.0000e-04 - 4s/epoch - 5ms/step
Epoch 6/100
782/782 - 4s - loss: 1.0028 - categorical_accuracy: 0.6167 - val_loss: 0.9862 - val_categorical_accuracy: 0.6226 - lr: 5.0000e-04 - 4s/epoch - 6ms/step
Epoch 7/100
782/782 - 4s - loss: 0.9948 - categorical_accuracy: 0.6194 - val_loss: 0.9791 - val_categorical_accuracy: 0.6250 - lr: 5.0000e-04 - 4s/epoch - 5ms/step
Epoch 8/100
782/782 - 4s - loss: 0.9887 - categorical_accuracy: 0.6215 - val_loss: 0.9735 - val_categorical_accuracy: 0.6276 - lr: 5.0000e-04 - 4s/epoch - 5ms/step
Epoch 9/100
782/782 - 4s - loss: 0.9839 - categorical_accuracy: 0.6232 - val_loss: 0.9696 - val_categorical_accuracy: 0.6287 - lr: 5.0000e-04 - 4s/epoch - 5ms/step
Epoch 10/100
782/782 - 4s - loss: 0.9799 - categorical_accuracy: 0.6246 - val_loss: 0.9666 - val_categorical_accuracy: 0.6294 - lr: 5.0000e-04 - 4s/epoch - 5ms/step
Epoch 11/100
782/782 - 4s - loss: 0.9765 - categorical_accuracy: 0.6259 - val_loss: 0.9635 - val_categorical_accuracy: 0.6312 - lr: 5.0000e-04 - 4s/epoch - 5ms/step
Epoch 12/100
782/782 - 4s - loss: 0.9737 - categorical_accuracy: 0.6270 - val_loss: 0.9614 - val_categorical_accuracy: 0.6318 - lr: 5.0000e-04 - 4s/epoch - 5ms/step
Epoch 13/100
782/782 - 4s - loss: 0.9712 - categorical_accuracy: 0.6280 - val_loss: 0.9594 - val_categorical_accuracy: 0.6328 - lr: 5.0000e-04 - 4s/epoch - 5ms/step
Epoch 14/100
782/782 - 4s - loss: 0.9690 - categorical_accuracy: 0.6289 - val_loss: 0.9574 - val_categorical_accuracy: 0.6336 - lr: 5.0000e-04 - 4s/epoch - 5ms/step
Epoch 15/100
782/782 - 4s - loss: 0.9671 - categorical_accuracy: 0.6296 - val_loss: 0.9563 - val_categorical_accuracy: 0.6341 - lr: 5.0000e-04 - 4s/epoch - 5ms/step
Epoch 16/100
782/782 - 4s - loss: 0.9653 - categorical_accuracy: 0.6305 - val_loss: 0.9552 - val_categorical_accuracy: 0.6345 - lr: 5.0000e-04 - 4s/epoch - 5ms/step
Epoch 17/100
782/782 - 4s - loss: 0.9638 - categorical_accuracy: 0.6312 - val_loss: 0.9546 - val_categorical_accuracy: 0.6345 - lr: 5.0000e-04 - 4s/epoch - 5ms/step
Epoch 18/100
782/782 - 4s - loss: 0.9623 - categorical_accuracy: 0.6318 - val_loss: 0.9537 - val_categorical_accuracy: 0.6346 - lr: 5.0000e-04 - 4s/epoch - 5ms/step
Epoch 19/100
782/782 - 4s - loss: 0.9609 - categorical_accuracy: 0.6322 - val_loss: 0.9530 - val_categorical_accuracy: 0.6349 - lr: 5.0000e-04 - 4s/epoch - 5ms/step
Epoch 20/100
782/782 - 4s - loss: 0.9597 - categorical_accuracy: 0.6326 - val_loss: 0.9523 - val_categorical_accuracy: 0.6351 - lr: 5.0000e-04 - 4s/epoch - 5ms/step
Epoch 21/100
782/782 - 4s - loss: 0.9585 - categorical_accuracy: 0.6330 - val_loss: 0.9522 - val_categorical_accuracy: 0.6348 - lr: 5.0000e-04 - 4s/epoch - 5ms/step
Epoch 22/100
782/782 - 4s - loss: 0.9573 - categorical_accuracy: 0.6333 - val_loss: 0.9519 - val_categorical_accuracy: 0.6350 - lr: 5.0000e-04 - 4s/epoch - 5ms/step
Epoch 23/100
782/782 - 4s - loss: 0.9563 - categorical_accuracy: 0.6337 - val_loss: 0.9514 - val_categorical_accuracy: 0.6352 - lr: 5.0000e-04 - 4s/epoch - 5ms/step
Epoch 24/100
782/782 - 4s - loss: 0.9553 - categorical_accuracy: 0.6340 - val_loss: 0.9512 - val_categorical_accuracy: 0.6349 - lr: 5.0000e-04 - 4s/epoch - 5ms/step
Epoch 25/100
782/782 - 4s - loss: 0.9543 - categorical_accuracy: 0.6344 - val_loss: 0.9513 - val_categorical_accuracy: 0.6350 - lr: 5.0000e-04 - 4s/epoch - 5ms/step
Epoch 26/100
782/782 - 4s - loss: 0.9535 - categorical_accuracy: 0.6347 - val_loss: 0.9498 - val_categorical_accuracy: 0.6355 - lr: 5.0000e-04 - 4s/epoch - 5ms/step
Epoch 27/100
782/782 - 4s - loss: 0.9527 - categorical_accuracy: 0.6351 - val_loss: 0.9497 - val_categorical_accuracy: 0.6356 - lr: 5.0000e-04 - 4s/epoch - 5ms/step
Epoch 28/100
782/782 - 4s - loss: 0.9519 - categorical_accuracy: 0.6352 - val_loss: 0.9498 - val_categorical_accuracy: 0.6355 - lr: 5.0000e-04 - 4s/epoch - 5ms/step
Epoch 29/100
782/782 - 5s - loss: 0.9512 - categorical_accuracy: 0.6357 - val_loss: 0.9484 - val_categorical_accuracy: 0.6362 - lr: 5.0000e-04 - 5s/epoch - 6ms/step
Epoch 30/100
782/782 - 5s - loss: 0.9504 - categorical_accuracy: 0.6361 - val_loss: 0.9479 - val_categorical_accuracy: 0.6361 - lr: 5.0000e-04 - 5s/epoch - 6ms/step
Epoch 31/100
782/782 - 6s - loss: 0.9497 - categorical_accuracy: 0.6362 - val_loss: 0.9468 - val_categorical_accuracy: 0.6366 - lr: 5.0000e-04 - 6s/epoch - 7ms/step
Epoch 32/100
782/782 - 4s - loss: 0.9490 - categorical_accuracy: 0.6366 - val_loss: 0.9464 - val_categorical_accuracy: 0.6369 - lr: 5.0000e-04 - 4s/epoch - 5ms/step
Epoch 33/100
782/782 - 4s - loss: 0.9484 - categorical_accuracy: 0.6366 - val_loss: 0.9456 - val_categorical_accuracy: 0.6373 - lr: 5.0000e-04 - 4s/epoch - 5ms/step
Epoch 34/100
782/782 - 4s - loss: 0.9478 - categorical_accuracy: 0.6370 - val_loss: 0.9454 - val_categorical_accuracy: 0.6371 - lr: 5.0000e-04 - 4s/epoch - 5ms/step
Epoch 35/100
782/782 - 4s - loss: 0.9472 - categorical_accuracy: 0.6373 - val_loss: 0.9448 - val_categorical_accuracy: 0.6375 - lr: 5.0000e-04 - 4s/epoch - 5ms/step
Epoch 36/100
782/782 - 4s - loss: 0.9466 - categorical_accuracy: 0.6375 - val_loss: 0.9444 - val_categorical_accuracy: 0.6377 - lr: 5.0000e-04 - 4s/epoch - 5ms/step
Epoch 37/100
782/782 - 4s - loss: 0.9461 - categorical_accuracy: 0.6374 - val_loss: 0.9442 - val_categorical_accuracy: 0.6377 - lr: 5.0000e-04 - 4s/epoch - 5ms/step
Epoch 38/100
782/782 - 4s - loss: 0.9455 - categorical_accuracy: 0.6378 - val_loss: 0.9433 - val_categorical_accuracy: 0.6383 - lr: 5.0000e-04 - 4s/epoch - 5ms/step
Epoch 39/100
782/782 - 4s - loss: 0.9449 - categorical_accuracy: 0.6381 - val_loss: 0.9422 - val_categorical_accuracy: 0.6388 - lr: 5.0000e-04 - 4s/epoch - 5ms/step
Epoch 40/100
782/782 - 4s - loss: 0.9443 - categorical_accuracy: 0.6384 - val_loss: 0.9411 - val_categorical_accuracy: 0.6394 - lr: 5.0000e-04 - 4s/epoch - 5ms/step
Epoch 41/100
782/782 - 4s - loss: 0.9438 - categorical_accuracy: 0.6386 - val_loss: 0.9395 - val_categorical_accuracy: 0.6402 - lr: 5.0000e-04 - 4s/epoch - 5ms/step
Epoch 42/100
782/782 - 4s - loss: 0.9433 - categorical_accuracy: 0.6389 - val_loss: 0.9392 - val_categorical_accuracy: 0.6406 - lr: 5.0000e-04 - 4s/epoch - 5ms/step
Epoch 43/100
782/782 - 4s - loss: 0.9428 - categorical_accuracy: 0.6392 - val_loss: 0.9382 - val_categorical_accuracy: 0.6411 - lr: 5.0000e-04 - 4s/epoch - 5ms/step
Epoch 44/100
782/782 - 4s - loss: 0.9422 - categorical_accuracy: 0.6394 - val_loss: 0.9373 - val_categorical_accuracy: 0.6416 - lr: 5.0000e-04 - 4s/epoch - 5ms/step
Epoch 45/100
782/782 - 4s - loss: 0.9417 - categorical_accuracy: 0.6397 - val_loss: 0.9366 - val_categorical_accuracy: 0.6418 - lr: 5.0000e-04 - 4s/epoch - 5ms/step
Epoch 46/100
782/782 - 4s - loss: 0.9412 - categorical_accuracy: 0.6398 - val_loss: 0.9362 - val_categorical_accuracy: 0.6419 - lr: 5.0000e-04 - 4s/epoch - 5ms/step
Epoch 47/100
782/782 - 4s - loss: 0.9407 - categorical_accuracy: 0.6400 - val_loss: 0.9356 - val_categorical_accuracy: 0.6420 - lr: 5.0000e-04 - 4s/epoch - 5ms/step
Epoch 48/100
782/782 - 4s - loss: 0.9402 - categorical_accuracy: 0.6401 - val_loss: 0.9351 - val_categorical_accuracy: 0.6424 - lr: 5.0000e-04 - 4s/epoch - 5ms/step
Epoch 49/100
782/782 - 6s - loss: 0.9397 - categorical_accuracy: 0.6402 - val_loss: 0.9343 - val_categorical_accuracy: 0.6427 - lr: 5.0000e-04 - 6s/epoch - 7ms/step
Epoch 50/100
782/782 - 4s - loss: 0.9393 - categorical_accuracy: 0.6406 - val_loss: 0.9336 - val_categorical_accuracy: 0.6431 - lr: 5.0000e-04 - 4s/epoch - 5ms/step
Epoch 51/100
782/782 - 4s - loss: 0.9388 - categorical_accuracy: 0.6409 - val_loss: 0.9333 - val_categorical_accuracy: 0.6432 - lr: 5.0000e-04 - 4s/epoch - 5ms/step
Epoch 52/100
782/782 - 4s - loss: 0.9384 - categorical_accuracy: 0.6411 - val_loss: 0.9327 - val_categorical_accuracy: 0.6438 - lr: 5.0000e-04 - 4s/epoch - 5ms/step
Epoch 53/100
782/782 - 4s - loss: 0.9380 - categorical_accuracy: 0.6413 - val_loss: 0.9319 - val_categorical_accuracy: 0.6440 - lr: 5.0000e-04 - 4s/epoch - 5ms/step
Epoch 54/100
782/782 - 4s - loss: 0.9376 - categorical_accuracy: 0.6414 - val_loss: 0.9316 - val_categorical_accuracy: 0.6442 - lr: 5.0000e-04 - 4s/epoch - 5ms/step
Epoch 55/100
782/782 - 4s - loss: 0.9373 - categorical_accuracy: 0.6416 - val_loss: 0.9313 - val_categorical_accuracy: 0.6445 - lr: 5.0000e-04 - 4s/epoch - 5ms/step
Epoch 56/100
782/782 - 4s - loss: 0.9369 - categorical_accuracy: 0.6417 - val_loss: 0.9310 - val_categorical_accuracy: 0.6443 - lr: 5.0000e-04 - 4s/epoch - 5ms/step
Epoch 57/100
782/782 - 4s - loss: 0.9365 - categorical_accuracy: 0.6420 - val_loss: 0.9308 - val_categorical_accuracy: 0.6444 - lr: 5.0000e-04 - 4s/epoch - 5ms/step
Epoch 58/100
782/782 - 4s - loss: 0.9361 - categorical_accuracy: 0.6420 - val_loss: 0.9307 - val_categorical_accuracy: 0.6445 - lr: 5.0000e-04 - 4s/epoch - 5ms/step
Epoch 59/100
782/782 - 4s - loss: 0.9358 - categorical_accuracy: 0.6421 - val_loss: 0.9301 - val_categorical_accuracy: 0.6449 - lr: 5.0000e-04 - 4s/epoch - 5ms/step
Epoch 60/100
782/782 - 4s - loss: 0.9354 - categorical_accuracy: 0.6424 - val_loss: 0.9301 - val_categorical_accuracy: 0.6450 - lr: 5.0000e-04 - 4s/epoch - 5ms/step
Epoch 61/100
782/782 - 4s - loss: 0.9351 - categorical_accuracy: 0.6424 - val_loss: 0.9296 - val_categorical_accuracy: 0.6451 - lr: 5.0000e-04 - 4s/epoch - 5ms/step
Epoch 62/100
782/782 - 4s - loss: 0.9347 - categorical_accuracy: 0.6425 - val_loss: 0.9296 - val_categorical_accuracy: 0.6448 - lr: 5.0000e-04 - 4s/epoch - 5ms/step
Epoch 63/100
782/782 - 4s - loss: 0.9344 - categorical_accuracy: 0.6426 - val_loss: 0.9288 - val_categorical_accuracy: 0.6451 - lr: 5.0000e-04 - 4s/epoch - 5ms/step
Epoch 64/100
782/782 - 4s - loss: 0.9341 - categorical_accuracy: 0.6428 - val_loss: 0.9290 - val_categorical_accuracy: 0.6450 - lr: 5.0000e-04 - 4s/epoch - 5ms/step
Epoch 65/100
782/782 - 4s - loss: 0.9338 - categorical_accuracy: 0.6429 - val_loss: 0.9282 - val_categorical_accuracy: 0.6453 - lr: 5.0000e-04 - 4s/epoch - 5ms/step
Epoch 66/100
782/782 - 4s - loss: 0.9335 - categorical_accuracy: 0.6431 - val_loss: 0.9280 - val_categorical_accuracy: 0.6455 - lr: 5.0000e-04 - 4s/epoch - 6ms/step
Epoch 67/100
782/782 - 4s - loss: 0.9332 - categorical_accuracy: 0.6430 - val_loss: 0.9276 - val_categorical_accuracy: 0.6455 - lr: 5.0000e-04 - 4s/epoch - 5ms/step
Epoch 68/100
782/782 - 4s - loss: 0.9329 - categorical_accuracy: 0.6431 - val_loss: 0.9276 - val_categorical_accuracy: 0.6456 - lr: 5.0000e-04 - 4s/epoch - 5ms/step
Epoch 69/100
782/782 - 4s - loss: 0.9326 - categorical_accuracy: 0.6431 - val_loss: 0.9273 - val_categorical_accuracy: 0.6457 - lr: 5.0000e-04 - 4s/epoch - 6ms/step
Epoch 70/100
782/782 - 4s - loss: 0.9323 - categorical_accuracy: 0.6432 - val_loss: 0.9270 - val_categorical_accuracy: 0.6459 - lr: 5.0000e-04 - 4s/epoch - 6ms/step
Epoch 71/100
782/782 - 4s - loss: 0.9320 - categorical_accuracy: 0.6435 - val_loss: 0.9266 - val_categorical_accuracy: 0.6462 - lr: 5.0000e-04 - 4s/epoch - 5ms/step
Epoch 72/100
782/782 - 4s - loss: 0.9318 - categorical_accuracy: 0.6436 - val_loss: 0.9265 - val_categorical_accuracy: 0.6463 - lr: 5.0000e-04 - 4s/epoch - 5ms/step
Epoch 73/100
782/782 - 4s - loss: 0.9314 - categorical_accuracy: 0.6437 - val_loss: 0.9260 - val_categorical_accuracy: 0.6465 - lr: 5.0000e-04 - 4s/epoch - 5ms/step
Epoch 74/100
782/782 - 4s - loss: 0.9312 - categorical_accuracy: 0.6439 - val_loss: 0.9261 - val_categorical_accuracy: 0.6463 - lr: 5.0000e-04 - 4s/epoch - 5ms/step
Epoch 75/100
782/782 - 4s - loss: 0.9309 - categorical_accuracy: 0.6439 - val_loss: 0.9254 - val_categorical_accuracy: 0.6467 - lr: 5.0000e-04 - 4s/epoch - 5ms/step
Epoch 76/100
782/782 - 4s - loss: 0.9307 - categorical_accuracy: 0.6439 - val_loss: 0.9259 - val_categorical_accuracy: 0.6462 - lr: 5.0000e-04 - 4s/epoch - 5ms/step
Epoch 77/100
782/782 - 4s - loss: 0.9304 - categorical_accuracy: 0.6441 - val_loss: 0.9254 - val_categorical_accuracy: 0.6466 - lr: 5.0000e-04 - 4s/epoch - 5ms/step
Epoch 78/100
782/782 - 5s - loss: 0.9301 - categorical_accuracy: 0.6442 - val_loss: 0.9254 - val_categorical_accuracy: 0.6465 - lr: 5.0000e-04 - 5s/epoch - 6ms/step
Epoch 79/100
782/782 - 5s - loss: 0.9299 - categorical_accuracy: 0.6442 - val_loss: 0.9248 - val_categorical_accuracy: 0.6469 - lr: 5.0000e-04 - 5s/epoch - 6ms/step
Epoch 80/100
782/782 - 6s - loss: 0.9297 - categorical_accuracy: 0.6442 - val_loss: 0.9251 - val_categorical_accuracy: 0.6468 - lr: 5.0000e-04 - 6s/epoch - 7ms/step
Epoch 81/100
782/782 - 4s - loss: 0.9294 - categorical_accuracy: 0.6444 - val_loss: 0.9248 - val_categorical_accuracy: 0.6468 - lr: 5.0000e-04 - 4s/epoch - 5ms/step
Epoch 82/100
782/782 - 4s - loss: 0.9291 - categorical_accuracy: 0.6445 - val_loss: 0.9251 - val_categorical_accuracy: 0.6466 - lr: 5.0000e-04 - 4s/epoch - 6ms/step
Epoch 83/100
782/782 - 4s - loss: 0.9289 - categorical_accuracy: 0.6445 - val_loss: 0.9243 - val_categorical_accuracy: 0.6470 - lr: 5.0000e-04 - 4s/epoch - 6ms/step
Epoch 84/100
782/782 - 4s - loss: 0.9286 - categorical_accuracy: 0.6446 - val_loss: 0.9243 - val_categorical_accuracy: 0.6470 - lr: 5.0000e-04 - 4s/epoch - 6ms/step
Epoch 85/100
782/782 - 4s - loss: 0.9284 - categorical_accuracy: 0.6448 - val_loss: 0.9244 - val_categorical_accuracy: 0.6467 - lr: 5.0000e-04 - 4s/epoch - 6ms/step
Epoch 86/100
782/782 - 4s - loss: 0.9281 - categorical_accuracy: 0.6451 - val_loss: 0.9243 - val_categorical_accuracy: 0.6468 - lr: 5.0000e-04 - 4s/epoch - 6ms/step
Epoch 87/100
782/782 - 4s - loss: 0.9279 - categorical_accuracy: 0.6450 - val_loss: 0.9240 - val_categorical_accuracy: 0.6470 - lr: 5.0000e-04 - 4s/epoch - 6ms/step
Epoch 88/100
782/782 - 4s - loss: 0.9277 - categorical_accuracy: 0.6450 - val_loss: 0.9239 - val_categorical_accuracy: 0.6468 - lr: 5.0000e-04 - 4s/epoch - 6ms/step
Epoch 89/100
782/782 - 4s - loss: 0.9275 - categorical_accuracy: 0.6451 - val_loss: 0.9229 - val_categorical_accuracy: 0.6474 - lr: 5.0000e-04 - 4s/epoch - 5ms/step
Epoch 90/100
782/782 - 4s - loss: 0.9273 - categorical_accuracy: 0.6451 - val_loss: 0.9228 - val_categorical_accuracy: 0.6474 - lr: 5.0000e-04 - 4s/epoch - 6ms/step
Epoch 91/100
782/782 - 4s - loss: 0.9271 - categorical_accuracy: 0.6452 - val_loss: 0.9224 - val_categorical_accuracy: 0.6475 - lr: 5.0000e-04 - 4s/epoch - 6ms/step
Epoch 92/100
782/782 - 5s - loss: 0.9270 - categorical_accuracy: 0.6454 - val_loss: 0.9228 - val_categorical_accuracy: 0.6474 - lr: 5.0000e-04 - 5s/epoch - 6ms/step
Epoch 93/100
782/782 - 5s - loss: 0.9268 - categorical_accuracy: 0.6454 - val_loss: 0.9225 - val_categorical_accuracy: 0.6478 - lr: 5.0000e-04 - 5s/epoch - 6ms/step
Epoch 94/100
782/782 - 5s - loss: 0.9266 - categorical_accuracy: 0.6455 - val_loss: 0.9220 - val_categorical_accuracy: 0.6478 - lr: 5.0000e-04 - 5s/epoch - 6ms/step
Epoch 95/100
782/782 - 5s - loss: 0.9264 - categorical_accuracy: 0.6456 - val_loss: 0.9220 - val_categorical_accuracy: 0.6481 - lr: 5.0000e-04 - 5s/epoch - 6ms/step
Epoch 96/100
782/782 - 5s - loss: 0.9262 - categorical_accuracy: 0.6458 - val_loss: 0.9221 - val_categorical_accuracy: 0.6480 - lr: 5.0000e-04 - 5s/epoch - 6ms/step
Epoch 97/100
782/782 - 5s - loss: 0.9260 - categorical_accuracy: 0.6458 - val_loss: 0.9219 - val_categorical_accuracy: 0.6480 - lr: 5.0000e-04 - 5s/epoch - 6ms/step
Epoch 98/100
782/782 - 5s - loss: 0.9258 - categorical_accuracy: 0.6458 - val_loss: 0.9218 - val_categorical_accuracy: 0.6481 - lr: 5.0000e-04 - 5s/epoch - 6ms/step
Epoch 99/100
782/782 - 5s - loss: 0.9256 - categorical_accuracy: 0.6458 - val_loss: 0.9216 - val_categorical_accuracy: 0.6482 - lr: 5.0000e-04 - 5s/epoch - 6ms/step
Epoch 100/100
782/782 - 5s - loss: 0.9254 - categorical_accuracy: 0.6459 - val_loss: 0.9214 - val_categorical_accuracy: 0.6481 - lr: 5.0000e-04 - 5s/epoch - 6ms/step
[95m
SAVING RESULTS[0m
==============
[92m
Saved model to: [0m trained_intnets/perm_variant_conv_3
Loss vs epochs plot saved to trained_intnets/perm_variant_conv_3.
Accuracy vs epochs plot saved to trained_intnets/perm_variant_conv_3.
[92m
Jobs done! 🍰✨[0m
