[96m
GPU: NVIDIA GeForce GTX 1080 Ti[0m

----------------
[92mData loading complete:[0m
Training data size: 5.72e+05
Test data size: 0.00e+00
----------------

Shuffling constituents...
[92mShuffled the training data! 🃏
[0m
[92mNumber of constituents: 8[0m
Instantiating model...
[92mModel compiled and built![0m
[95m
TRAINING THE MODEL 💪[0m
==================

Training parameters
-------------------
[92mOptimiser: 	[0m {'name': 'Adam', 'learning_rate': 0.0005, 'decay': 0.0, 'beta_1': 0.9, 'beta_2': 0.999, 'epsilon': 1e-07, 'amsgrad': False}
[92mBatch size: 	[0m 512
[92mTraining epochs:[0m 100
[92mLoss: 		[0m categorical_crossentropy

Epoch 1/100
782/782 - 8s - loss: 1.2081 - categorical_accuracy: 0.5046 - val_loss: 1.0835 - val_categorical_accuracy: 0.5856 - lr: 5.0000e-04 - 8s/epoch - 10ms/step
Epoch 2/100
782/782 - 4s - loss: 1.0641 - categorical_accuracy: 0.5916 - val_loss: 1.0383 - val_categorical_accuracy: 0.6051 - lr: 5.0000e-04 - 4s/epoch - 6ms/step
Epoch 3/100
782/782 - 4s - loss: 1.0381 - categorical_accuracy: 0.6020 - val_loss: 1.0184 - val_categorical_accuracy: 0.6130 - lr: 5.0000e-04 - 4s/epoch - 6ms/step
Epoch 4/100
782/782 - 4s - loss: 1.0240 - categorical_accuracy: 0.6080 - val_loss: 1.0058 - val_categorical_accuracy: 0.6166 - lr: 5.0000e-04 - 4s/epoch - 6ms/step
Epoch 5/100
782/782 - 4s - loss: 1.0136 - categorical_accuracy: 0.6124 - val_loss: 0.9957 - val_categorical_accuracy: 0.6205 - lr: 5.0000e-04 - 4s/epoch - 6ms/step
Epoch 6/100
782/782 - 5s - loss: 1.0046 - categorical_accuracy: 0.6156 - val_loss: 0.9875 - val_categorical_accuracy: 0.6229 - lr: 5.0000e-04 - 5s/epoch - 6ms/step
Epoch 7/100
782/782 - 5s - loss: 0.9969 - categorical_accuracy: 0.6185 - val_loss: 0.9804 - val_categorical_accuracy: 0.6253 - lr: 5.0000e-04 - 5s/epoch - 6ms/step
Epoch 8/100
782/782 - 4s - loss: 0.9906 - categorical_accuracy: 0.6207 - val_loss: 0.9746 - val_categorical_accuracy: 0.6274 - lr: 5.0000e-04 - 4s/epoch - 6ms/step
Epoch 9/100
782/782 - 4s - loss: 0.9856 - categorical_accuracy: 0.6225 - val_loss: 0.9697 - val_categorical_accuracy: 0.6290 - lr: 5.0000e-04 - 4s/epoch - 6ms/step
Epoch 10/100
782/782 - 4s - loss: 0.9814 - categorical_accuracy: 0.6240 - val_loss: 0.9664 - val_categorical_accuracy: 0.6305 - lr: 5.0000e-04 - 4s/epoch - 6ms/step
Epoch 11/100
782/782 - 4s - loss: 0.9780 - categorical_accuracy: 0.6253 - val_loss: 0.9637 - val_categorical_accuracy: 0.6314 - lr: 5.0000e-04 - 4s/epoch - 5ms/step
Epoch 12/100
782/782 - 4s - loss: 0.9749 - categorical_accuracy: 0.6263 - val_loss: 0.9608 - val_categorical_accuracy: 0.6330 - lr: 5.0000e-04 - 4s/epoch - 6ms/step
Epoch 13/100
782/782 - 4s - loss: 0.9724 - categorical_accuracy: 0.6274 - val_loss: 0.9586 - val_categorical_accuracy: 0.6338 - lr: 5.0000e-04 - 4s/epoch - 5ms/step
Epoch 14/100
782/782 - 4s - loss: 0.9701 - categorical_accuracy: 0.6285 - val_loss: 0.9576 - val_categorical_accuracy: 0.6339 - lr: 5.0000e-04 - 4s/epoch - 5ms/step
Epoch 15/100
782/782 - 4s - loss: 0.9680 - categorical_accuracy: 0.6294 - val_loss: 0.9555 - val_categorical_accuracy: 0.6350 - lr: 5.0000e-04 - 4s/epoch - 5ms/step
Epoch 16/100
782/782 - 4s - loss: 0.9661 - categorical_accuracy: 0.6303 - val_loss: 0.9542 - val_categorical_accuracy: 0.6354 - lr: 5.0000e-04 - 4s/epoch - 5ms/step
Epoch 17/100
782/782 - 4s - loss: 0.9645 - categorical_accuracy: 0.6312 - val_loss: 0.9529 - val_categorical_accuracy: 0.6359 - lr: 5.0000e-04 - 4s/epoch - 5ms/step
Epoch 18/100
782/782 - 4s - loss: 0.9629 - categorical_accuracy: 0.6318 - val_loss: 0.9516 - val_categorical_accuracy: 0.6361 - lr: 5.0000e-04 - 4s/epoch - 5ms/step
Epoch 19/100
782/782 - 4s - loss: 0.9616 - categorical_accuracy: 0.6323 - val_loss: 0.9502 - val_categorical_accuracy: 0.6368 - lr: 5.0000e-04 - 4s/epoch - 5ms/step
Epoch 20/100
782/782 - 4s - loss: 0.9605 - categorical_accuracy: 0.6324 - val_loss: 0.9497 - val_categorical_accuracy: 0.6368 - lr: 5.0000e-04 - 4s/epoch - 5ms/step
Epoch 21/100
782/782 - 4s - loss: 0.9593 - categorical_accuracy: 0.6329 - val_loss: 0.9493 - val_categorical_accuracy: 0.6367 - lr: 5.0000e-04 - 4s/epoch - 5ms/step
Epoch 22/100
782/782 - 4s - loss: 0.9582 - categorical_accuracy: 0.6333 - val_loss: 0.9484 - val_categorical_accuracy: 0.6371 - lr: 5.0000e-04 - 4s/epoch - 5ms/step
Epoch 23/100
782/782 - 4s - loss: 0.9572 - categorical_accuracy: 0.6337 - val_loss: 0.9479 - val_categorical_accuracy: 0.6372 - lr: 5.0000e-04 - 4s/epoch - 5ms/step
Epoch 24/100
782/782 - 4s - loss: 0.9562 - categorical_accuracy: 0.6339 - val_loss: 0.9479 - val_categorical_accuracy: 0.6371 - lr: 5.0000e-04 - 4s/epoch - 5ms/step
Epoch 25/100
782/782 - 4s - loss: 0.9553 - categorical_accuracy: 0.6341 - val_loss: 0.9474 - val_categorical_accuracy: 0.6372 - lr: 5.0000e-04 - 4s/epoch - 5ms/step
Epoch 26/100
782/782 - 4s - loss: 0.9544 - categorical_accuracy: 0.6345 - val_loss: 0.9473 - val_categorical_accuracy: 0.6370 - lr: 5.0000e-04 - 4s/epoch - 5ms/step
Epoch 27/100
782/782 - 5s - loss: 0.9535 - categorical_accuracy: 0.6346 - val_loss: 0.9471 - val_categorical_accuracy: 0.6369 - lr: 5.0000e-04 - 5s/epoch - 6ms/step
Epoch 28/100
782/782 - 4s - loss: 0.9527 - categorical_accuracy: 0.6350 - val_loss: 0.9470 - val_categorical_accuracy: 0.6366 - lr: 5.0000e-04 - 4s/epoch - 5ms/step
Epoch 29/100
782/782 - 5s - loss: 0.9518 - categorical_accuracy: 0.6354 - val_loss: 0.9462 - val_categorical_accuracy: 0.6370 - lr: 5.0000e-04 - 5s/epoch - 6ms/step
Epoch 30/100
782/782 - 4s - loss: 0.9510 - categorical_accuracy: 0.6356 - val_loss: 0.9451 - val_categorical_accuracy: 0.6376 - lr: 5.0000e-04 - 4s/epoch - 5ms/step
Epoch 31/100
782/782 - 4s - loss: 0.9502 - categorical_accuracy: 0.6361 - val_loss: 0.9443 - val_categorical_accuracy: 0.6382 - lr: 5.0000e-04 - 4s/epoch - 5ms/step
Epoch 32/100
782/782 - 4s - loss: 0.9494 - categorical_accuracy: 0.6364 - val_loss: 0.9442 - val_categorical_accuracy: 0.6382 - lr: 5.0000e-04 - 4s/epoch - 5ms/step
Epoch 33/100
782/782 - 4s - loss: 0.9487 - categorical_accuracy: 0.6367 - val_loss: 0.9436 - val_categorical_accuracy: 0.6382 - lr: 5.0000e-04 - 4s/epoch - 5ms/step
Epoch 34/100
782/782 - 4s - loss: 0.9481 - categorical_accuracy: 0.6370 - val_loss: 0.9426 - val_categorical_accuracy: 0.6390 - lr: 5.0000e-04 - 4s/epoch - 5ms/step
Epoch 35/100
782/782 - 4s - loss: 0.9475 - categorical_accuracy: 0.6374 - val_loss: 0.9432 - val_categorical_accuracy: 0.6385 - lr: 5.0000e-04 - 4s/epoch - 6ms/step
Epoch 36/100
782/782 - 4s - loss: 0.9469 - categorical_accuracy: 0.6376 - val_loss: 0.9426 - val_categorical_accuracy: 0.6388 - lr: 5.0000e-04 - 4s/epoch - 5ms/step
Epoch 37/100
782/782 - 4s - loss: 0.9463 - categorical_accuracy: 0.6379 - val_loss: 0.9417 - val_categorical_accuracy: 0.6395 - lr: 5.0000e-04 - 4s/epoch - 5ms/step
Epoch 38/100
782/782 - 5s - loss: 0.9458 - categorical_accuracy: 0.6380 - val_loss: 0.9412 - val_categorical_accuracy: 0.6395 - lr: 5.0000e-04 - 5s/epoch - 7ms/step
Epoch 39/100
782/782 - 4s - loss: 0.9453 - categorical_accuracy: 0.6383 - val_loss: 0.9414 - val_categorical_accuracy: 0.6394 - lr: 5.0000e-04 - 4s/epoch - 6ms/step
Epoch 40/100
782/782 - 4s - loss: 0.9447 - categorical_accuracy: 0.6385 - val_loss: 0.9408 - val_categorical_accuracy: 0.6394 - lr: 5.0000e-04 - 4s/epoch - 5ms/step
Epoch 41/100
782/782 - 4s - loss: 0.9442 - categorical_accuracy: 0.6388 - val_loss: 0.9399 - val_categorical_accuracy: 0.6400 - lr: 5.0000e-04 - 4s/epoch - 5ms/step
Epoch 42/100
782/782 - 4s - loss: 0.9437 - categorical_accuracy: 0.6390 - val_loss: 0.9393 - val_categorical_accuracy: 0.6400 - lr: 5.0000e-04 - 4s/epoch - 5ms/step
Epoch 43/100
782/782 - 4s - loss: 0.9432 - categorical_accuracy: 0.6392 - val_loss: 0.9388 - val_categorical_accuracy: 0.6404 - lr: 5.0000e-04 - 4s/epoch - 6ms/step
Epoch 44/100
782/782 - 4s - loss: 0.9427 - categorical_accuracy: 0.6393 - val_loss: 0.9386 - val_categorical_accuracy: 0.6404 - lr: 5.0000e-04 - 4s/epoch - 6ms/step
Epoch 45/100
782/782 - 5s - loss: 0.9422 - categorical_accuracy: 0.6395 - val_loss: 0.9382 - val_categorical_accuracy: 0.6405 - lr: 5.0000e-04 - 5s/epoch - 6ms/step
Epoch 46/100
782/782 - 5s - loss: 0.9418 - categorical_accuracy: 0.6398 - val_loss: 0.9365 - val_categorical_accuracy: 0.6415 - lr: 5.0000e-04 - 5s/epoch - 6ms/step
Epoch 47/100
782/782 - 5s - loss: 0.9414 - categorical_accuracy: 0.6400 - val_loss: 0.9364 - val_categorical_accuracy: 0.6416 - lr: 5.0000e-04 - 5s/epoch - 6ms/step
Epoch 48/100
782/782 - 5s - loss: 0.9409 - categorical_accuracy: 0.6403 - val_loss: 0.9362 - val_categorical_accuracy: 0.6416 - lr: 5.0000e-04 - 5s/epoch - 6ms/step
Epoch 49/100
782/782 - 5s - loss: 0.9405 - categorical_accuracy: 0.6402 - val_loss: 0.9359 - val_categorical_accuracy: 0.6418 - lr: 5.0000e-04 - 5s/epoch - 6ms/step
Epoch 50/100
782/782 - 5s - loss: 0.9400 - categorical_accuracy: 0.6405 - val_loss: 0.9354 - val_categorical_accuracy: 0.6420 - lr: 5.0000e-04 - 5s/epoch - 6ms/step
Epoch 51/100
782/782 - 4s - loss: 0.9396 - categorical_accuracy: 0.6407 - val_loss: 0.9354 - val_categorical_accuracy: 0.6419 - lr: 5.0000e-04 - 4s/epoch - 6ms/step
Epoch 52/100
782/782 - 5s - loss: 0.9392 - categorical_accuracy: 0.6406 - val_loss: 0.9351 - val_categorical_accuracy: 0.6419 - lr: 5.0000e-04 - 5s/epoch - 6ms/step
Epoch 53/100
782/782 - 5s - loss: 0.9389 - categorical_accuracy: 0.6409 - val_loss: 0.9348 - val_categorical_accuracy: 0.6421 - lr: 5.0000e-04 - 5s/epoch - 6ms/step
Epoch 54/100
782/782 - 5s - loss: 0.9385 - categorical_accuracy: 0.6411 - val_loss: 0.9342 - val_categorical_accuracy: 0.6423 - lr: 5.0000e-04 - 5s/epoch - 6ms/step
Epoch 55/100
782/782 - 5s - loss: 0.9381 - categorical_accuracy: 0.6413 - val_loss: 0.9331 - val_categorical_accuracy: 0.6432 - lr: 5.0000e-04 - 5s/epoch - 6ms/step
Epoch 56/100
782/782 - 4s - loss: 0.9378 - categorical_accuracy: 0.6414 - val_loss: 0.9329 - val_categorical_accuracy: 0.6430 - lr: 5.0000e-04 - 4s/epoch - 6ms/step
Epoch 57/100
782/782 - 4s - loss: 0.9375 - categorical_accuracy: 0.6416 - val_loss: 0.9317 - val_categorical_accuracy: 0.6436 - lr: 5.0000e-04 - 4s/epoch - 6ms/step
Epoch 58/100
782/782 - 4s - loss: 0.9371 - categorical_accuracy: 0.6418 - val_loss: 0.9313 - val_categorical_accuracy: 0.6439 - lr: 5.0000e-04 - 4s/epoch - 6ms/step
Epoch 59/100
782/782 - 4s - loss: 0.9368 - categorical_accuracy: 0.6420 - val_loss: 0.9310 - val_categorical_accuracy: 0.6439 - lr: 5.0000e-04 - 4s/epoch - 6ms/step
Epoch 60/100
782/782 - 5s - loss: 0.9365 - categorical_accuracy: 0.6420 - val_loss: 0.9307 - val_categorical_accuracy: 0.6439 - lr: 5.0000e-04 - 5s/epoch - 6ms/step
Epoch 61/100
782/782 - 5s - loss: 0.9361 - categorical_accuracy: 0.6421 - val_loss: 0.9308 - val_categorical_accuracy: 0.6439 - lr: 5.0000e-04 - 5s/epoch - 6ms/step
Epoch 62/100
782/782 - 5s - loss: 0.9358 - categorical_accuracy: 0.6423 - val_loss: 0.9311 - val_categorical_accuracy: 0.6437 - lr: 5.0000e-04 - 5s/epoch - 6ms/step
Epoch 63/100
782/782 - 4s - loss: 0.9355 - categorical_accuracy: 0.6424 - val_loss: 0.9309 - val_categorical_accuracy: 0.6436 - lr: 5.0000e-04 - 4s/epoch - 6ms/step
Epoch 64/100
782/782 - 4s - loss: 0.9352 - categorical_accuracy: 0.6427 - val_loss: 0.9307 - val_categorical_accuracy: 0.6437 - lr: 5.0000e-04 - 4s/epoch - 6ms/step
Epoch 65/100
782/782 - 4s - loss: 0.9349 - categorical_accuracy: 0.6427 - val_loss: 0.9303 - val_categorical_accuracy: 0.6439 - lr: 5.0000e-04 - 4s/epoch - 6ms/step
Epoch 66/100
782/782 - 4s - loss: 0.9347 - categorical_accuracy: 0.6429 - val_loss: 0.9303 - val_categorical_accuracy: 0.6439 - lr: 5.0000e-04 - 4s/epoch - 6ms/step
Epoch 67/100
782/782 - 4s - loss: 0.9344 - categorical_accuracy: 0.6429 - val_loss: 0.9304 - val_categorical_accuracy: 0.6437 - lr: 5.0000e-04 - 4s/epoch - 6ms/step
Epoch 68/100
782/782 - 5s - loss: 0.9341 - categorical_accuracy: 0.6430 - val_loss: 0.9306 - val_categorical_accuracy: 0.6436 - lr: 5.0000e-04 - 5s/epoch - 6ms/step
[95m
SAVING RESULTS[0m
==============
[92m
Saved model to: [0m trained_intnets/perm_variant_conv_3
Loss vs epochs plot saved to trained_intnets/perm_variant_conv_3.
Accuracy vs epochs plot saved to trained_intnets/perm_variant_conv_3.
[92m
Jobs done! 🍰✨[0m
