[96m
GPU: NVIDIA GeForce GTX 1080 Ti[0m
[92mSaved hyperparameters to json file.[0m
[95m
DATA DETAILS[0m
[95m-----------[0m
data_folder: /work/deodagiu/ki_data/intnet_input
norm: robust
train_events: -1
test_events: 0
pt_min: 2.0
nconstituents: 16
feature_selection: jedinet

----------------
[92mData loading complete:[0m
Training data size: 5.72e+05
Test data size: 0.00e+00
----------------

Shuffling constituents...
[92mShuffled the training data! 🃏
[0m
Instantiating model with the hyperparameters:
effects_nnodes: 150
dynamic_nnodes: 100
abstrac_nnodes: 75
effects_activ: relu
dynamic_activ: relu
abstrac_activ: relu
neffects: 45
ndynamics: 30
l2: 0.001
summation: True
[92mModel compiled and built![0m
[95m

TRAINING THE MODEL 💪[0m

Training parameters
-------------------
[92mOptimiser: 	[0m {'name': 'Adam', 'learning_rate': 0.001, 'decay': 0.0, 'beta_1': 0.9, 'beta_2': 0.999, 'epsilon': 1e-07, 'amsgrad': False}
[92mBatch size: 	[0m 100
[92mLearning rate: 	[0m 0.001
[92mTraining epochs:[0m 200
[92mLoss: 		[0m categorical_crossentropy

Epoch 1/200
4003/4003 - 187s - loss: 0.9540 - categorical_accuracy: 0.7056 - val_loss: 0.7771 - val_categorical_accuracy: 0.7479 - lr: 0.0010 - 187s/epoch - 47ms/step
Epoch 2/200
4003/4003 - 185s - loss: 0.7638 - categorical_accuracy: 0.7452 - val_loss: 0.7715 - val_categorical_accuracy: 0.7338 - lr: 0.0010 - 185s/epoch - 46ms/step
Epoch 3/200
4003/4003 - 186s - loss: 0.7293 - categorical_accuracy: 0.7521 - val_loss: 0.7099 - val_categorical_accuracy: 0.7567 - lr: 0.0010 - 186s/epoch - 46ms/step
Epoch 4/200
4003/4003 - 186s - loss: 0.7107 - categorical_accuracy: 0.7574 - val_loss: 0.7036 - val_categorical_accuracy: 0.7584 - lr: 0.0010 - 186s/epoch - 46ms/step
Epoch 5/200
4003/4003 - 185s - loss: 0.6997 - categorical_accuracy: 0.7606 - val_loss: 0.6859 - val_categorical_accuracy: 0.7652 - lr: 0.0010 - 185s/epoch - 46ms/step
Epoch 6/200
4003/4003 - 186s - loss: 0.6893 - categorical_accuracy: 0.7633 - val_loss: 0.6811 - val_categorical_accuracy: 0.7660 - lr: 0.0010 - 186s/epoch - 46ms/step
Epoch 7/200
4003/4003 - 186s - loss: 0.6828 - categorical_accuracy: 0.7649 - val_loss: 0.7003 - val_categorical_accuracy: 0.7556 - lr: 0.0010 - 186s/epoch - 46ms/step
Epoch 8/200
4003/4003 - 185s - loss: 0.6771 - categorical_accuracy: 0.7665 - val_loss: 0.6748 - val_categorical_accuracy: 0.7665 - lr: 0.0010 - 185s/epoch - 46ms/step
Epoch 9/200
4003/4003 - 185s - loss: 0.6724 - categorical_accuracy: 0.7683 - val_loss: 0.6760 - val_categorical_accuracy: 0.7658 - lr: 0.0010 - 185s/epoch - 46ms/step
Epoch 10/200
4003/4003 - 185s - loss: 0.6688 - categorical_accuracy: 0.7694 - val_loss: 0.6684 - val_categorical_accuracy: 0.7702 - lr: 0.0010 - 185s/epoch - 46ms/step
Epoch 11/200
4003/4003 - 185s - loss: 0.6656 - categorical_accuracy: 0.7706 - val_loss: 0.6560 - val_categorical_accuracy: 0.7737 - lr: 0.0010 - 185s/epoch - 46ms/step
Epoch 12/200
4003/4003 - 185s - loss: 0.6614 - categorical_accuracy: 0.7721 - val_loss: 0.6851 - val_categorical_accuracy: 0.7618 - lr: 0.0010 - 185s/epoch - 46ms/step
Epoch 13/200
4003/4003 - 185s - loss: 0.6598 - categorical_accuracy: 0.7726 - val_loss: 0.6735 - val_categorical_accuracy: 0.7667 - lr: 0.0010 - 185s/epoch - 46ms/step
Epoch 14/200
4003/4003 - 185s - loss: 0.6568 - categorical_accuracy: 0.7730 - val_loss: 0.6493 - val_categorical_accuracy: 0.7752 - lr: 0.0010 - 185s/epoch - 46ms/step
Epoch 15/200
4003/4003 - 185s - loss: 0.6548 - categorical_accuracy: 0.7741 - val_loss: 0.6600 - val_categorical_accuracy: 0.7730 - lr: 0.0010 - 185s/epoch - 46ms/step
Epoch 16/200
4003/4003 - 185s - loss: 0.6532 - categorical_accuracy: 0.7748 - val_loss: 0.6600 - val_categorical_accuracy: 0.7733 - lr: 0.0010 - 185s/epoch - 46ms/step
Epoch 17/200
4003/4003 - 185s - loss: 0.6504 - categorical_accuracy: 0.7757 - val_loss: 0.6509 - val_categorical_accuracy: 0.7742 - lr: 0.0010 - 185s/epoch - 46ms/step
Epoch 18/200
4003/4003 - 185s - loss: 0.6495 - categorical_accuracy: 0.7756 - val_loss: 0.6547 - val_categorical_accuracy: 0.7729 - lr: 0.0010 - 185s/epoch - 46ms/step
Epoch 19/200
4003/4003 - 185s - loss: 0.6481 - categorical_accuracy: 0.7761 - val_loss: 0.6658 - val_categorical_accuracy: 0.7686 - lr: 0.0010 - 185s/epoch - 46ms/step
Epoch 20/200
4003/4003 - 185s - loss: 0.6467 - categorical_accuracy: 0.7765 - val_loss: 0.6582 - val_categorical_accuracy: 0.7723 - lr: 0.0010 - 185s/epoch - 46ms/step
Epoch 21/200
4003/4003 - 185s - loss: 0.6443 - categorical_accuracy: 0.7775 - val_loss: 0.6586 - val_categorical_accuracy: 0.7720 - lr: 0.0010 - 185s/epoch - 46ms/step
Epoch 22/200
4003/4003 - 185s - loss: 0.6434 - categorical_accuracy: 0.7779 - val_loss: 0.6470 - val_categorical_accuracy: 0.7757 - lr: 0.0010 - 185s/epoch - 46ms/step
Epoch 23/200
4003/4003 - 184s - loss: 0.6425 - categorical_accuracy: 0.7784 - val_loss: 0.6657 - val_categorical_accuracy: 0.7690 - lr: 0.0010 - 184s/epoch - 46ms/step
Epoch 24/200
4003/4003 - 185s - loss: 0.6419 - categorical_accuracy: 0.7781 - val_loss: 0.6580 - val_categorical_accuracy: 0.7713 - lr: 0.0010 - 185s/epoch - 46ms/step
Epoch 25/200
4003/4003 - 185s - loss: 0.6405 - categorical_accuracy: 0.7785 - val_loss: 0.6648 - val_categorical_accuracy: 0.7695 - lr: 0.0010 - 185s/epoch - 46ms/step
Epoch 26/200
4003/4003 - 185s - loss: 0.6399 - categorical_accuracy: 0.7790 - val_loss: 0.6603 - val_categorical_accuracy: 0.7714 - lr: 0.0010 - 185s/epoch - 46ms/step
Epoch 27/200
4003/4003 - 184s - loss: 0.6393 - categorical_accuracy: 0.7791 - val_loss: 0.6462 - val_categorical_accuracy: 0.7760 - lr: 0.0010 - 184s/epoch - 46ms/step
Epoch 28/200
4003/4003 - 184s - loss: 0.6384 - categorical_accuracy: 0.7794 - val_loss: 0.6606 - val_categorical_accuracy: 0.7674 - lr: 0.0010 - 184s/epoch - 46ms/step
Epoch 29/200
4003/4003 - 185s - loss: 0.6376 - categorical_accuracy: 0.7798 - val_loss: 0.6416 - val_categorical_accuracy: 0.7780 - lr: 0.0010 - 185s/epoch - 46ms/step
Epoch 30/200
4003/4003 - 185s - loss: 0.6373 - categorical_accuracy: 0.7797 - val_loss: 0.6553 - val_categorical_accuracy: 0.7736 - lr: 0.0010 - 185s/epoch - 46ms/step
Epoch 31/200
4003/4003 - 185s - loss: 0.6358 - categorical_accuracy: 0.7803 - val_loss: 0.6587 - val_categorical_accuracy: 0.7726 - lr: 0.0010 - 185s/epoch - 46ms/step
Epoch 32/200
4003/4003 - 185s - loss: 0.6352 - categorical_accuracy: 0.7806 - val_loss: 0.6565 - val_categorical_accuracy: 0.7735 - lr: 0.0010 - 185s/epoch - 46ms/step
Epoch 33/200
4003/4003 - 185s - loss: 0.6343 - categorical_accuracy: 0.7807 - val_loss: 0.6432 - val_categorical_accuracy: 0.7776 - lr: 0.0010 - 185s/epoch - 46ms/step
Epoch 34/200
4003/4003 - 185s - loss: 0.6335 - categorical_accuracy: 0.7810 - val_loss: 0.6424 - val_categorical_accuracy: 0.7773 - lr: 0.0010 - 185s/epoch - 46ms/step
Epoch 35/200
4003/4003 - 185s - loss: 0.6317 - categorical_accuracy: 0.7813 - val_loss: 0.6469 - val_categorical_accuracy: 0.7746 - lr: 0.0010 - 185s/epoch - 46ms/step
Epoch 36/200
4003/4003 - 185s - loss: 0.6316 - categorical_accuracy: 0.7808 - val_loss: 0.6506 - val_categorical_accuracy: 0.7745 - lr: 0.0010 - 185s/epoch - 46ms/step
Epoch 37/200
4003/4003 - 185s - loss: 0.6300 - categorical_accuracy: 0.7817 - val_loss: 0.6497 - val_categorical_accuracy: 0.7744 - lr: 0.0010 - 185s/epoch - 46ms/step
Epoch 38/200
4003/4003 - 185s - loss: 0.6301 - categorical_accuracy: 0.7814 - val_loss: 0.6469 - val_categorical_accuracy: 0.7768 - lr: 0.0010 - 185s/epoch - 46ms/step
Epoch 39/200
4003/4003 - 185s - loss: 0.6289 - categorical_accuracy: 0.7821 - val_loss: 0.6473 - val_categorical_accuracy: 0.7762 - lr: 0.0010 - 185s/epoch - 46ms/step
Epoch 40/200
4003/4003 - 185s - loss: 0.6279 - categorical_accuracy: 0.7825 - val_loss: 0.6438 - val_categorical_accuracy: 0.7759 - lr: 0.0010 - 185s/epoch - 46ms/step
Epoch 41/200
4003/4003 - 185s - loss: 0.6266 - categorical_accuracy: 0.7825 - val_loss: 0.6458 - val_categorical_accuracy: 0.7750 - lr: 0.0010 - 185s/epoch - 46ms/step
Epoch 42/200
4003/4003 - 185s - loss: 0.6264 - categorical_accuracy: 0.7822 - val_loss: 0.6558 - val_categorical_accuracy: 0.7708 - lr: 0.0010 - 185s/epoch - 46ms/step
Epoch 43/200
4003/4003 - 184s - loss: 0.6247 - categorical_accuracy: 0.7833 - val_loss: 0.6499 - val_categorical_accuracy: 0.7737 - lr: 0.0010 - 184s/epoch - 46ms/step
Epoch 44/200
4003/4003 - 185s - loss: 0.6247 - categorical_accuracy: 0.7827 - val_loss: 0.6374 - val_categorical_accuracy: 0.7783 - lr: 0.0010 - 185s/epoch - 46ms/step
Epoch 45/200
4003/4003 - 185s - loss: 0.6234 - categorical_accuracy: 0.7831 - val_loss: 0.6511 - val_categorical_accuracy: 0.7733 - lr: 0.0010 - 185s/epoch - 46ms/step
Epoch 46/200
4003/4003 - 185s - loss: 0.6226 - categorical_accuracy: 0.7834 - val_loss: 0.6487 - val_categorical_accuracy: 0.7728 - lr: 0.0010 - 185s/epoch - 46ms/step
Epoch 47/200
4003/4003 - 185s - loss: 0.6221 - categorical_accuracy: 0.7835 - val_loss: 0.6496 - val_categorical_accuracy: 0.7732 - lr: 0.0010 - 185s/epoch - 46ms/step
Epoch 48/200
4003/4003 - 184s - loss: 0.6210 - categorical_accuracy: 0.7838 - val_loss: 0.6565 - val_categorical_accuracy: 0.7708 - lr: 0.0010 - 184s/epoch - 46ms/step
Epoch 49/200
4003/4003 - 185s - loss: 0.6207 - categorical_accuracy: 0.7835 - val_loss: 0.6569 - val_categorical_accuracy: 0.7701 - lr: 0.0010 - 185s/epoch - 46ms/step
Epoch 50/200
4003/4003 - 185s - loss: 0.6202 - categorical_accuracy: 0.7835 - val_loss: 0.6388 - val_categorical_accuracy: 0.7787 - lr: 0.0010 - 185s/epoch - 46ms/step
Epoch 51/200
4003/4003 - 185s - loss: 0.6187 - categorical_accuracy: 0.7848 - val_loss: 0.6376 - val_categorical_accuracy: 0.7777 - lr: 0.0010 - 185s/epoch - 46ms/step
Epoch 52/200
4003/4003 - 185s - loss: 0.6187 - categorical_accuracy: 0.7845 - val_loss: 0.6376 - val_categorical_accuracy: 0.7777 - lr: 0.0010 - 185s/epoch - 46ms/step
Epoch 53/200
4003/4003 - 185s - loss: 0.6186 - categorical_accuracy: 0.7843 - val_loss: 0.6467 - val_categorical_accuracy: 0.7736 - lr: 0.0010 - 185s/epoch - 46ms/step
Epoch 54/200
4003/4003 - 185s - loss: 0.6173 - categorical_accuracy: 0.7847 - val_loss: 0.6379 - val_categorical_accuracy: 0.7776 - lr: 0.0010 - 185s/epoch - 46ms/step
Epoch 55/200
4003/4003 - 185s - loss: 0.6180 - categorical_accuracy: 0.7843 - val_loss: 0.6533 - val_categorical_accuracy: 0.7718 - lr: 0.0010 - 185s/epoch - 46ms/step
Epoch 56/200
4003/4003 - 185s - loss: 0.6174 - categorical_accuracy: 0.7844 - val_loss: 0.6368 - val_categorical_accuracy: 0.7791 - lr: 0.0010 - 185s/epoch - 46ms/step
Epoch 57/200
4003/4003 - 185s - loss: 0.6168 - categorical_accuracy: 0.7850 - val_loss: 0.6372 - val_categorical_accuracy: 0.7784 - lr: 0.0010 - 185s/epoch - 46ms/step
Epoch 58/200
4003/4003 - 185s - loss: 0.6162 - categorical_accuracy: 0.7849 - val_loss: 0.6380 - val_categorical_accuracy: 0.7780 - lr: 0.0010 - 185s/epoch - 46ms/step
Epoch 59/200
4003/4003 - 185s - loss: 0.6159 - categorical_accuracy: 0.7851 - val_loss: 0.6378 - val_categorical_accuracy: 0.7789 - lr: 0.0010 - 185s/epoch - 46ms/step
Epoch 60/200
4003/4003 - 185s - loss: 0.6161 - categorical_accuracy: 0.7847 - val_loss: 0.6431 - val_categorical_accuracy: 0.7761 - lr: 0.0010 - 185s/epoch - 46ms/step
Epoch 61/200
4003/4003 - 184s - loss: 0.6152 - categorical_accuracy: 0.7855 - val_loss: 0.6418 - val_categorical_accuracy: 0.7779 - lr: 0.0010 - 184s/epoch - 46ms/step
Epoch 62/200
4003/4003 - 185s - loss: 0.6149 - categorical_accuracy: 0.7854 - val_loss: 0.6502 - val_categorical_accuracy: 0.7736 - lr: 0.0010 - 185s/epoch - 46ms/step
Epoch 63/200
4003/4003 - 185s - loss: 0.6152 - categorical_accuracy: 0.7852 - val_loss: 0.6365 - val_categorical_accuracy: 0.7787 - lr: 0.0010 - 185s/epoch - 46ms/step
Epoch 64/200
4003/4003 - 184s - loss: 0.6140 - categorical_accuracy: 0.7855 - val_loss: 0.6527 - val_categorical_accuracy: 0.7736 - lr: 0.0010 - 184s/epoch - 46ms/step
Epoch 65/200
4003/4003 - 185s - loss: 0.6149 - categorical_accuracy: 0.7856 - val_loss: 0.6455 - val_categorical_accuracy: 0.7752 - lr: 0.0010 - 185s/epoch - 46ms/step
Epoch 66/200
4003/4003 - 185s - loss: 0.6137 - categorical_accuracy: 0.7863 - val_loss: 0.6417 - val_categorical_accuracy: 0.7771 - lr: 0.0010 - 185s/epoch - 46ms/step
Epoch 67/200
4003/4003 - 184s - loss: 0.6131 - categorical_accuracy: 0.7865 - val_loss: 0.6563 - val_categorical_accuracy: 0.7713 - lr: 0.0010 - 184s/epoch - 46ms/step
Epoch 68/200
4003/4003 - 185s - loss: 0.6132 - categorical_accuracy: 0.7862 - val_loss: 0.6404 - val_categorical_accuracy: 0.7775 - lr: 0.0010 - 185s/epoch - 46ms/step
Epoch 69/200
4003/4003 - 185s - loss: 0.6121 - categorical_accuracy: 0.7868 - val_loss: 0.6504 - val_categorical_accuracy: 0.7738 - lr: 0.0010 - 185s/epoch - 46ms/step
Epoch 70/200
4003/4003 - 185s - loss: 0.6124 - categorical_accuracy: 0.7865 - val_loss: 0.6454 - val_categorical_accuracy: 0.7755 - lr: 0.0010 - 185s/epoch - 46ms/step
Epoch 71/200
4003/4003 - 185s - loss: 0.6119 - categorical_accuracy: 0.7864 - val_loss: 0.6539 - val_categorical_accuracy: 0.7744 - lr: 0.0010 - 185s/epoch - 46ms/step
Epoch 72/200
4003/4003 - 184s - loss: 0.6057 - categorical_accuracy: 0.7885 - val_loss: 0.6518 - val_categorical_accuracy: 0.7725 - lr: 8.0000e-04 - 184s/epoch - 46ms/step
Epoch 73/200
4003/4003 - 184s - loss: 0.6046 - categorical_accuracy: 0.7893 - val_loss: 0.6434 - val_categorical_accuracy: 0.7775 - lr: 8.0000e-04 - 184s/epoch - 46ms/step
Epoch 74/200
4003/4003 - 184s - loss: 0.6044 - categorical_accuracy: 0.7888 - val_loss: 0.6421 - val_categorical_accuracy: 0.7776 - lr: 8.0000e-04 - 184s/epoch - 46ms/step
Epoch 75/200
4003/4003 - 185s - loss: 0.6039 - categorical_accuracy: 0.7896 - val_loss: 0.6399 - val_categorical_accuracy: 0.7780 - lr: 8.0000e-04 - 185s/epoch - 46ms/step
Epoch 76/200
4003/4003 - 184s - loss: 0.6032 - categorical_accuracy: 0.7897 - val_loss: 0.6354 - val_categorical_accuracy: 0.7801 - lr: 8.0000e-04 - 184s/epoch - 46ms/step
Epoch 77/200
4003/4003 - 184s - loss: 0.6026 - categorical_accuracy: 0.7897 - val_loss: 0.6473 - val_categorical_accuracy: 0.7757 - lr: 8.0000e-04 - 184s/epoch - 46ms/step
Epoch 78/200
4003/4003 - 184s - loss: 0.6027 - categorical_accuracy: 0.7900 - val_loss: 0.6463 - val_categorical_accuracy: 0.7773 - lr: 8.0000e-04 - 184s/epoch - 46ms/step
Epoch 79/200
4003/4003 - 185s - loss: 0.6024 - categorical_accuracy: 0.7898 - val_loss: 0.6356 - val_categorical_accuracy: 0.7802 - lr: 8.0000e-04 - 185s/epoch - 46ms/step
Epoch 80/200
4003/4003 - 184s - loss: 0.6023 - categorical_accuracy: 0.7901 - val_loss: 0.6407 - val_categorical_accuracy: 0.7779 - lr: 8.0000e-04 - 184s/epoch - 46ms/step
Epoch 81/200
4003/4003 - 185s - loss: 0.6021 - categorical_accuracy: 0.7902 - val_loss: 0.6433 - val_categorical_accuracy: 0.7777 - lr: 8.0000e-04 - 185s/epoch - 46ms/step
Epoch 82/200
4003/4003 - 184s - loss: 0.6020 - categorical_accuracy: 0.7901 - val_loss: 0.6398 - val_categorical_accuracy: 0.7791 - lr: 8.0000e-04 - 184s/epoch - 46ms/step
Epoch 83/200
4003/4003 - 185s - loss: 0.6017 - categorical_accuracy: 0.7900 - val_loss: 0.6422 - val_categorical_accuracy: 0.7781 - lr: 8.0000e-04 - 185s/epoch - 46ms/step
Epoch 84/200
4003/4003 - 184s - loss: 0.6010 - categorical_accuracy: 0.7908 - val_loss: 0.6441 - val_categorical_accuracy: 0.7772 - lr: 8.0000e-04 - 184s/epoch - 46ms/step
Epoch 85/200
4003/4003 - 184s - loss: 0.6010 - categorical_accuracy: 0.7903 - val_loss: 0.6414 - val_categorical_accuracy: 0.7790 - lr: 8.0000e-04 - 184s/epoch - 46ms/step
Epoch 86/200
4003/4003 - 185s - loss: 0.6003 - categorical_accuracy: 0.7903 - val_loss: 0.6423 - val_categorical_accuracy: 0.7779 - lr: 8.0000e-04 - 185s/epoch - 46ms/step
Epoch 87/200
4003/4003 - 184s - loss: 0.6011 - categorical_accuracy: 0.7901 - val_loss: 0.6470 - val_categorical_accuracy: 0.7765 - lr: 8.0000e-04 - 184s/epoch - 46ms/step
Epoch 88/200
4003/4003 - 185s - loss: 0.6007 - categorical_accuracy: 0.7906 - val_loss: 0.6440 - val_categorical_accuracy: 0.7776 - lr: 8.0000e-04 - 185s/epoch - 46ms/step
Epoch 89/200
4003/4003 - 185s - loss: 0.5998 - categorical_accuracy: 0.7907 - val_loss: 0.6486 - val_categorical_accuracy: 0.7763 - lr: 8.0000e-04 - 185s/epoch - 46ms/step
Epoch 90/200
4003/4003 - 184s - loss: 0.6003 - categorical_accuracy: 0.7906 - val_loss: 0.6455 - val_categorical_accuracy: 0.7784 - lr: 8.0000e-04 - 184s/epoch - 46ms/step
Epoch 91/200
4003/4003 - 184s - loss: 0.5994 - categorical_accuracy: 0.7911 - val_loss: 0.6476 - val_categorical_accuracy: 0.7762 - lr: 8.0000e-04 - 184s/epoch - 46ms/step
Epoch 92/200
4003/4003 - 185s - loss: 0.5942 - categorical_accuracy: 0.7926 - val_loss: 0.6414 - val_categorical_accuracy: 0.7798 - lr: 6.4000e-04 - 185s/epoch - 46ms/step
Epoch 93/200
4003/4003 - 184s - loss: 0.5934 - categorical_accuracy: 0.7927 - val_loss: 0.6481 - val_categorical_accuracy: 0.7768 - lr: 6.4000e-04 - 184s/epoch - 46ms/step
Epoch 94/200
4003/4003 - 184s - loss: 0.5923 - categorical_accuracy: 0.7933 - val_loss: 0.6443 - val_categorical_accuracy: 0.7785 - lr: 6.4000e-04 - 184s/epoch - 46ms/step
Epoch 95/200
4003/4003 - 184s - loss: 0.5928 - categorical_accuracy: 0.7935 - val_loss: 0.6480 - val_categorical_accuracy: 0.7772 - lr: 6.4000e-04 - 184s/epoch - 46ms/step
Epoch 96/200
4003/4003 - 184s - loss: 0.5921 - categorical_accuracy: 0.7933 - val_loss: 0.6431 - val_categorical_accuracy: 0.7787 - lr: 6.4000e-04 - 184s/epoch - 46ms/step
Epoch 97/200
4003/4003 - 184s - loss: 0.5919 - categorical_accuracy: 0.7930 - val_loss: 0.6463 - val_categorical_accuracy: 0.7786 - lr: 6.4000e-04 - 184s/epoch - 46ms/step
Epoch 98/200
4003/4003 - 184s - loss: 0.5918 - categorical_accuracy: 0.7939 - val_loss: 0.6546 - val_categorical_accuracy: 0.7725 - lr: 6.4000e-04 - 184s/epoch - 46ms/step
Epoch 99/200
4003/4003 - 184s - loss: 0.5916 - categorical_accuracy: 0.7940 - val_loss: 0.6459 - val_categorical_accuracy: 0.7769 - lr: 6.4000e-04 - 184s/epoch - 46ms/step
Epoch 100/200
4003/4003 - 184s - loss: 0.5915 - categorical_accuracy: 0.7939 - val_loss: 0.6417 - val_categorical_accuracy: 0.7793 - lr: 6.4000e-04 - 184s/epoch - 46ms/step
Epoch 101/200
4003/4003 - 184s - loss: 0.5910 - categorical_accuracy: 0.7936 - val_loss: 0.6506 - val_categorical_accuracy: 0.7768 - lr: 6.4000e-04 - 184s/epoch - 46ms/step
Epoch 102/200
4003/4003 - 184s - loss: 0.5913 - categorical_accuracy: 0.7938 - val_loss: 0.6525 - val_categorical_accuracy: 0.7780 - lr: 6.4000e-04 - 184s/epoch - 46ms/step
Epoch 103/200
4003/4003 - 184s - loss: 0.5907 - categorical_accuracy: 0.7943 - val_loss: 0.6505 - val_categorical_accuracy: 0.7769 - lr: 6.4000e-04 - 184s/epoch - 46ms/step
Epoch 104/200
4003/4003 - 184s - loss: 0.5901 - categorical_accuracy: 0.7939 - val_loss: 0.6454 - val_categorical_accuracy: 0.7783 - lr: 6.4000e-04 - 184s/epoch - 46ms/step
Epoch 105/200
4003/4003 - 185s - loss: 0.5901 - categorical_accuracy: 0.7942 - val_loss: 0.6503 - val_categorical_accuracy: 0.7753 - lr: 6.4000e-04 - 185s/epoch - 46ms/step
Epoch 106/200
4003/4003 - 184s - loss: 0.5906 - categorical_accuracy: 0.7939 - val_loss: 0.6486 - val_categorical_accuracy: 0.7781 - lr: 6.4000e-04 - 184s/epoch - 46ms/step
Epoch 107/200
4003/4003 - 185s - loss: 0.5848 - categorical_accuracy: 0.7961 - val_loss: 0.6456 - val_categorical_accuracy: 0.7793 - lr: 5.1200e-04 - 185s/epoch - 46ms/step
Epoch 108/200
4003/4003 - 184s - loss: 0.5838 - categorical_accuracy: 0.7963 - val_loss: 0.6442 - val_categorical_accuracy: 0.7779 - lr: 5.1200e-04 - 184s/epoch - 46ms/step
Epoch 109/200
4003/4003 - 185s - loss: 0.5837 - categorical_accuracy: 0.7964 - val_loss: 0.6462 - val_categorical_accuracy: 0.7780 - lr: 5.1200e-04 - 185s/epoch - 46ms/step
[92m
Saved model to: [0m trained_intnets/jedinet_exploration_15
Loss vs epochs plot saved to trained_intnets/jedinet_exploration_15.
Accuracy vs epochs plot saved to trained_intnets/jedinet_exploration_15.
[92m
Plots done! [0m
