[96m
GPU: NVIDIA GeForce GTX 1080 Ti[0m
[92mSaved hyperparameters to json file.[0m
[95m
DATA DEETS[0m
[95m-----------[0m
data_folder: /work/deodagiu/ki_data/intnet_input
norm: minmax
train_events: -1
test_events: 0
pt_min: 2.0
nconstituents: 16
feature_selection: jedinet

----------------
[92mData loading complete:[0m
Training data size: 5.72e+05
Test data size: 0.00e+00
----------------

Shuffling constituents...
[92mShuffled the training data! 🃏
[0m
Importing the teacher network model...
Instantiating the student network model...
Making the distiller...
[95m
TEACHING THE STUDENT 💪[0m
====================

Training Parameters
-------------------
[92mOptimiser: 		[0m {'name': 'Adam', 'learning_rate': 0.001, 'decay': 0.0, 'beta_1': 0.9, 'beta_2': 0.999, 'epsilon': 1e-07, 'amsgrad': False}
[92mBatch size: 		[0m 50
[92mTraining epochs:	[0m 500
[92mLoss student: 		[0m <function softmax_cross_entropy_with_logits_v2 at 0x7f8f4ff6a560>
[92mLoss distill: 		[0m <keras.losses.KLDivergence object at 0x7f8f2819c6a0>

Epoch 1/500
8005/8005 - 53s - categorical_accuracy: 0.5729 - student_loss: 1.2834 - distillation_loss: 0.5068 - loss: 1.2834 - val_categorical_accuracy: 0.5922 - val_student_loss: 1.0112 - lr: 0.0010 - 53s/epoch - 7ms/step
Epoch 2/500
8005/8005 - 51s - categorical_accuracy: 0.6114 - student_loss: 0.8015 - distillation_loss: 0.2509 - loss: 0.8015 - val_categorical_accuracy: 0.6207 - val_student_loss: 1.0486 - lr: 0.0010 - 51s/epoch - 6ms/step
Epoch 3/500
8005/8005 - 51s - categorical_accuracy: 0.6368 - student_loss: 0.9066 - distillation_loss: 0.2425 - loss: 0.9066 - val_categorical_accuracy: 0.6350 - val_student_loss: 0.9992 - lr: 0.0010 - 51s/epoch - 6ms/step
Epoch 4/500
8005/8005 - 51s - categorical_accuracy: 0.6495 - student_loss: 1.0495 - distillation_loss: 0.2984 - loss: 1.0495 - val_categorical_accuracy: 0.6561 - val_student_loss: 0.9784 - lr: 0.0010 - 51s/epoch - 6ms/step
Epoch 5/500
8005/8005 - 51s - categorical_accuracy: 0.6543 - student_loss: 0.9064 - distillation_loss: 0.3338 - loss: 0.9064 - val_categorical_accuracy: 0.6467 - val_student_loss: 1.1294 - lr: 0.0010 - 51s/epoch - 6ms/step
Epoch 6/500
8005/8005 - 53s - categorical_accuracy: 0.6594 - student_loss: 0.7447 - distillation_loss: 0.2080 - loss: 0.7447 - val_categorical_accuracy: 0.6511 - val_student_loss: 1.0453 - lr: 0.0010 - 53s/epoch - 7ms/step
Epoch 7/500
8005/8005 - 50s - categorical_accuracy: 0.6623 - student_loss: 0.8991 - distillation_loss: 0.2057 - loss: 0.8991 - val_categorical_accuracy: 0.6755 - val_student_loss: 0.9895 - lr: 0.0010 - 50s/epoch - 6ms/step
Epoch 8/500
8005/8005 - 51s - categorical_accuracy: 0.6652 - student_loss: 0.8577 - distillation_loss: 0.2515 - loss: 0.8577 - val_categorical_accuracy: 0.6737 - val_student_loss: 0.9632 - lr: 0.0010 - 51s/epoch - 6ms/step
Epoch 9/500
8005/8005 - 50s - categorical_accuracy: 0.6672 - student_loss: 0.7593 - distillation_loss: 0.1588 - loss: 0.7593 - val_categorical_accuracy: 0.6635 - val_student_loss: 1.0308 - lr: 0.0010 - 50s/epoch - 6ms/step
Epoch 10/500
8005/8005 - 51s - categorical_accuracy: 0.6701 - student_loss: 0.9381 - distillation_loss: 0.3142 - loss: 0.9381 - val_categorical_accuracy: 0.6771 - val_student_loss: 0.9755 - lr: 0.0010 - 51s/epoch - 6ms/step
Epoch 11/500
8005/8005 - 50s - categorical_accuracy: 0.6731 - student_loss: 1.0123 - distillation_loss: 0.2886 - loss: 1.0123 - val_categorical_accuracy: 0.6701 - val_student_loss: 0.9706 - lr: 0.0010 - 50s/epoch - 6ms/step
Epoch 12/500
8005/8005 - 53s - categorical_accuracy: 0.6742 - student_loss: 0.7503 - distillation_loss: 0.2520 - loss: 0.7503 - val_categorical_accuracy: 0.6635 - val_student_loss: 1.0228 - lr: 0.0010 - 53s/epoch - 7ms/step
Epoch 13/500
8005/8005 - 51s - categorical_accuracy: 0.6774 - student_loss: 1.1052 - distillation_loss: 0.2631 - loss: 1.1052 - val_categorical_accuracy: 0.6775 - val_student_loss: 1.0405 - lr: 0.0010 - 51s/epoch - 6ms/step
Epoch 14/500
8005/8005 - 50s - categorical_accuracy: 0.6785 - student_loss: 0.9607 - distillation_loss: 0.2509 - loss: 0.9607 - val_categorical_accuracy: 0.6642 - val_student_loss: 0.9697 - lr: 0.0010 - 50s/epoch - 6ms/step
Epoch 15/500
8005/8005 - 50s - categorical_accuracy: 0.6810 - student_loss: 0.9518 - distillation_loss: 0.2453 - loss: 0.9518 - val_categorical_accuracy: 0.6803 - val_student_loss: 0.9876 - lr: 0.0010 - 50s/epoch - 6ms/step
Epoch 16/500
8005/8005 - 51s - categorical_accuracy: 0.6832 - student_loss: 0.9022 - distillation_loss: 0.2557 - loss: 0.9022 - val_categorical_accuracy: 0.6815 - val_student_loss: 0.9057 - lr: 0.0010 - 51s/epoch - 6ms/step
Epoch 17/500
8005/8005 - 50s - categorical_accuracy: 0.6835 - student_loss: 0.6273 - distillation_loss: 0.2331 - loss: 0.6273 - val_categorical_accuracy: 0.6857 - val_student_loss: 0.8983 - lr: 0.0010 - 50s/epoch - 6ms/step
Epoch 18/500
8005/8005 - 53s - categorical_accuracy: 0.6850 - student_loss: 0.9377 - distillation_loss: 0.4239 - loss: 0.9377 - val_categorical_accuracy: 0.6797 - val_student_loss: 0.9215 - lr: 0.0010 - 53s/epoch - 7ms/step
Epoch 19/500
8005/8005 - 50s - categorical_accuracy: 0.6876 - student_loss: 0.6532 - distillation_loss: 0.1704 - loss: 0.6532 - val_categorical_accuracy: 0.6806 - val_student_loss: 0.9854 - lr: 0.0010 - 50s/epoch - 6ms/step
Epoch 20/500
8005/8005 - 51s - categorical_accuracy: 0.6894 - student_loss: 0.7922 - distillation_loss: 0.1312 - loss: 0.7922 - val_categorical_accuracy: 0.6916 - val_student_loss: 0.9528 - lr: 0.0010 - 51s/epoch - 6ms/step
Epoch 21/500
8005/8005 - 51s - categorical_accuracy: 0.6904 - student_loss: 0.6679 - distillation_loss: 0.2531 - loss: 0.6679 - val_categorical_accuracy: 0.6895 - val_student_loss: 1.0055 - lr: 0.0010 - 51s/epoch - 6ms/step
Epoch 22/500
8005/8005 - 51s - categorical_accuracy: 0.6918 - student_loss: 0.6149 - distillation_loss: 0.2545 - loss: 0.6149 - val_categorical_accuracy: 0.6820 - val_student_loss: 0.9965 - lr: 0.0010 - 51s/epoch - 6ms/step
Epoch 23/500
8005/8005 - 51s - categorical_accuracy: 0.6942 - student_loss: 0.9049 - distillation_loss: 0.1483 - loss: 0.9049 - val_categorical_accuracy: 0.6705 - val_student_loss: 1.0602 - lr: 0.0010 - 51s/epoch - 6ms/step
Epoch 24/500
8005/8005 - 53s - categorical_accuracy: 0.6954 - student_loss: 0.9783 - distillation_loss: 0.1971 - loss: 0.9783 - val_categorical_accuracy: 0.6996 - val_student_loss: 0.9155 - lr: 0.0010 - 53s/epoch - 7ms/step
Epoch 25/500
8005/8005 - 51s - categorical_accuracy: 0.6969 - student_loss: 0.9250 - distillation_loss: 0.2930 - loss: 0.9250 - val_categorical_accuracy: 0.6957 - val_student_loss: 0.8891 - lr: 0.0010 - 51s/epoch - 6ms/step
Epoch 26/500
8005/8005 - 51s - categorical_accuracy: 0.6968 - student_loss: 0.9507 - distillation_loss: 0.1515 - loss: 0.9507 - val_categorical_accuracy: 0.6965 - val_student_loss: 1.0546 - lr: 0.0010 - 51s/epoch - 6ms/step
Epoch 27/500
8005/8005 - 51s - categorical_accuracy: 0.6990 - student_loss: 1.0644 - distillation_loss: 0.2769 - loss: 1.0644 - val_categorical_accuracy: 0.7011 - val_student_loss: 0.9480 - lr: 0.0010 - 51s/epoch - 6ms/step
Epoch 28/500
8005/8005 - 51s - categorical_accuracy: 0.7003 - student_loss: 0.6487 - distillation_loss: 0.2326 - loss: 0.6487 - val_categorical_accuracy: 0.6911 - val_student_loss: 1.0789 - lr: 0.0010 - 51s/epoch - 6ms/step
Epoch 29/500
8005/8005 - 50s - categorical_accuracy: 0.7012 - student_loss: 0.9607 - distillation_loss: 0.2645 - loss: 0.9607 - val_categorical_accuracy: 0.6827 - val_student_loss: 1.0941 - lr: 0.0010 - 50s/epoch - 6ms/step
Epoch 30/500
8005/8005 - 53s - categorical_accuracy: 0.7018 - student_loss: 0.5647 - distillation_loss: 0.1551 - loss: 0.5647 - val_categorical_accuracy: 0.6839 - val_student_loss: 0.9934 - lr: 0.0010 - 53s/epoch - 7ms/step
Epoch 31/500
8005/8005 - 51s - categorical_accuracy: 0.7035 - student_loss: 0.9635 - distillation_loss: 0.2254 - loss: 0.9635 - val_categorical_accuracy: 0.7068 - val_student_loss: 1.0063 - lr: 0.0010 - 51s/epoch - 6ms/step
Epoch 32/500
8005/8005 - 50s - categorical_accuracy: 0.7042 - student_loss: 0.6902 - distillation_loss: 0.2031 - loss: 0.6902 - val_categorical_accuracy: 0.6992 - val_student_loss: 0.9362 - lr: 0.0010 - 50s/epoch - 6ms/step
Epoch 33/500
8005/8005 - 50s - categorical_accuracy: 0.7061 - student_loss: 0.7772 - distillation_loss: 0.1771 - loss: 0.7772 - val_categorical_accuracy: 0.6937 - val_student_loss: 1.0705 - lr: 0.0010 - 50s/epoch - 6ms/step
Epoch 34/500
8005/8005 - 51s - categorical_accuracy: 0.7066 - student_loss: 0.9271 - distillation_loss: 0.1922 - loss: 0.9271 - val_categorical_accuracy: 0.6812 - val_student_loss: 0.9859 - lr: 0.0010 - 51s/epoch - 6ms/step
Epoch 35/500
8005/8005 - 51s - categorical_accuracy: 0.7079 - student_loss: 0.7914 - distillation_loss: 0.2357 - loss: 0.7914 - val_categorical_accuracy: 0.7057 - val_student_loss: 1.0019 - lr: 0.0010 - 51s/epoch - 6ms/step
Epoch 36/500
8005/8005 - 53s - categorical_accuracy: 0.7076 - student_loss: 0.5777 - distillation_loss: 0.2101 - loss: 0.5777 - val_categorical_accuracy: 0.6816 - val_student_loss: 1.0120 - lr: 0.0010 - 53s/epoch - 7ms/step
Epoch 37/500
8005/8005 - 51s - categorical_accuracy: 0.7082 - student_loss: 0.7843 - distillation_loss: 0.1358 - loss: 0.7843 - val_categorical_accuracy: 0.7060 - val_student_loss: 1.0162 - lr: 0.0010 - 51s/epoch - 6ms/step
Epoch 38/500
8005/8005 - 51s - categorical_accuracy: 0.7108 - student_loss: 0.7832 - distillation_loss: 0.2167 - loss: 0.7832 - val_categorical_accuracy: 0.7073 - val_student_loss: 0.9791 - lr: 0.0010 - 51s/epoch - 6ms/step
Epoch 39/500
8005/8005 - 50s - categorical_accuracy: 0.7117 - student_loss: 0.6527 - distillation_loss: 0.1713 - loss: 0.6527 - val_categorical_accuracy: 0.7057 - val_student_loss: 0.9942 - lr: 0.0010 - 50s/epoch - 6ms/step
Epoch 40/500
8005/8005 - 51s - categorical_accuracy: 0.7121 - student_loss: 0.5926 - distillation_loss: 0.0901 - loss: 0.5926 - val_categorical_accuracy: 0.7142 - val_student_loss: 0.9083 - lr: 0.0010 - 51s/epoch - 6ms/step
Epoch 41/500
8005/8005 - 51s - categorical_accuracy: 0.7123 - student_loss: 0.9412 - distillation_loss: 0.2298 - loss: 0.9412 - val_categorical_accuracy: 0.7051 - val_student_loss: 0.9245 - lr: 0.0010 - 51s/epoch - 6ms/step
Epoch 42/500
8005/8005 - 53s - categorical_accuracy: 0.7142 - student_loss: 0.4103 - distillation_loss: 0.2041 - loss: 0.4103 - val_categorical_accuracy: 0.7029 - val_student_loss: 0.8484 - lr: 0.0010 - 53s/epoch - 7ms/step
Epoch 43/500
8005/8005 - 51s - categorical_accuracy: 0.7142 - student_loss: 0.8119 - distillation_loss: 0.2174 - loss: 0.8119 - val_categorical_accuracy: 0.7103 - val_student_loss: 0.9015 - lr: 0.0010 - 51s/epoch - 6ms/step
Epoch 44/500
8005/8005 - 51s - categorical_accuracy: 0.7160 - student_loss: 0.6784 - distillation_loss: 0.1164 - loss: 0.6784 - val_categorical_accuracy: 0.7066 - val_student_loss: 0.9418 - lr: 0.0010 - 51s/epoch - 6ms/step
Epoch 45/500
8005/8005 - 51s - categorical_accuracy: 0.7159 - student_loss: 0.8462 - distillation_loss: 0.1469 - loss: 0.8462 - val_categorical_accuracy: 0.7181 - val_student_loss: 0.9070 - lr: 0.0010 - 51s/epoch - 6ms/step
Epoch 46/500
8005/8005 - 51s - categorical_accuracy: 0.7173 - student_loss: 0.8372 - distillation_loss: 0.1875 - loss: 0.8372 - val_categorical_accuracy: 0.7148 - val_student_loss: 0.9889 - lr: 0.0010 - 51s/epoch - 6ms/step
Epoch 47/500
8005/8005 - 53s - categorical_accuracy: 0.7184 - student_loss: 0.8928 - distillation_loss: 0.1936 - loss: 0.8928 - val_categorical_accuracy: 0.7139 - val_student_loss: 0.9108 - lr: 0.0010 - 53s/epoch - 7ms/step
Epoch 48/500
8005/8005 - 51s - categorical_accuracy: 0.7186 - student_loss: 0.6829 - distillation_loss: 0.2673 - loss: 0.6829 - val_categorical_accuracy: 0.6861 - val_student_loss: 1.0693 - lr: 0.0010 - 51s/epoch - 6ms/step
Epoch 49/500
8005/8005 - 50s - categorical_accuracy: 0.7189 - student_loss: 0.6212 - distillation_loss: 0.1143 - loss: 0.6212 - val_categorical_accuracy: 0.7178 - val_student_loss: 0.8425 - lr: 0.0010 - 50s/epoch - 6ms/step
Epoch 50/500
8005/8005 - 50s - categorical_accuracy: 0.7202 - student_loss: 0.8724 - distillation_loss: 0.1423 - loss: 0.8724 - val_categorical_accuracy: 0.7034 - val_student_loss: 0.9575 - lr: 0.0010 - 50s/epoch - 6ms/step
Epoch 51/500
8005/8005 - 50s - categorical_accuracy: 0.7210 - student_loss: 0.7361 - distillation_loss: 0.1327 - loss: 0.7361 - val_categorical_accuracy: 0.7112 - val_student_loss: 0.9581 - lr: 0.0010 - 50s/epoch - 6ms/step
Epoch 52/500
8005/8005 - 51s - categorical_accuracy: 0.7208 - student_loss: 0.8959 - distillation_loss: 0.1948 - loss: 0.8959 - val_categorical_accuracy: 0.6983 - val_student_loss: 0.9081 - lr: 0.0010 - 51s/epoch - 6ms/step
Epoch 53/500
8005/8005 - 53s - categorical_accuracy: 0.7216 - student_loss: 0.9285 - distillation_loss: 0.2311 - loss: 0.9285 - val_categorical_accuracy: 0.7076 - val_student_loss: 0.9302 - lr: 0.0010 - 53s/epoch - 7ms/step
Epoch 54/500
8005/8005 - 50s - categorical_accuracy: 0.7225 - student_loss: 0.9544 - distillation_loss: 0.2112 - loss: 0.9544 - val_categorical_accuracy: 0.6816 - val_student_loss: 1.0344 - lr: 0.0010 - 50s/epoch - 6ms/step
Epoch 55/500
8005/8005 - 50s - categorical_accuracy: 0.7226 - student_loss: 0.8851 - distillation_loss: 0.1419 - loss: 0.8851 - val_categorical_accuracy: 0.7164 - val_student_loss: 0.9582 - lr: 0.0010 - 50s/epoch - 6ms/step
Epoch 56/500
8005/8005 - 51s - categorical_accuracy: 0.7231 - student_loss: 0.7264 - distillation_loss: 0.1554 - loss: 0.7264 - val_categorical_accuracy: 0.7210 - val_student_loss: 0.9044 - lr: 0.0010 - 51s/epoch - 6ms/step
Epoch 57/500
8005/8005 - 50s - categorical_accuracy: 0.7247 - student_loss: 0.7948 - distillation_loss: 0.1363 - loss: 0.7948 - val_categorical_accuracy: 0.7222 - val_student_loss: 0.8170 - lr: 0.0010 - 50s/epoch - 6ms/step
Epoch 58/500
8005/8005 - 51s - categorical_accuracy: 0.7251 - student_loss: 0.9317 - distillation_loss: 0.1437 - loss: 0.9317 - val_categorical_accuracy: 0.7157 - val_student_loss: 0.8681 - lr: 0.0010 - 51s/epoch - 6ms/step
Epoch 59/500
8005/8005 - 53s - categorical_accuracy: 0.7256 - student_loss: 0.8006 - distillation_loss: 0.2516 - loss: 0.8006 - val_categorical_accuracy: 0.7111 - val_student_loss: 0.8838 - lr: 0.0010 - 53s/epoch - 7ms/step
Epoch 60/500
8005/8005 - 51s - categorical_accuracy: 0.7268 - student_loss: 0.6333 - distillation_loss: 0.1412 - loss: 0.6333 - val_categorical_accuracy: 0.7133 - val_student_loss: 1.0227 - lr: 0.0010 - 51s/epoch - 6ms/step
Epoch 61/500
8005/8005 - 50s - categorical_accuracy: 0.7271 - student_loss: 0.7372 - distillation_loss: 0.2080 - loss: 0.7372 - val_categorical_accuracy: 0.7198 - val_student_loss: 0.8000 - lr: 0.0010 - 50s/epoch - 6ms/step
Epoch 62/500
8005/8005 - 50s - categorical_accuracy: 0.7276 - student_loss: 0.3375 - distillation_loss: 0.1228 - loss: 0.3375 - val_categorical_accuracy: 0.7142 - val_student_loss: 0.9356 - lr: 0.0010 - 50s/epoch - 6ms/step
Epoch 63/500
8005/8005 - 50s - categorical_accuracy: 0.7279 - student_loss: 0.7640 - distillation_loss: 0.1725 - loss: 0.7640 - val_categorical_accuracy: 0.7170 - val_student_loss: 0.9475 - lr: 0.0010 - 50s/epoch - 6ms/step
Epoch 64/500
8005/8005 - 51s - categorical_accuracy: 0.7289 - student_loss: 0.6531 - distillation_loss: 0.1135 - loss: 0.6531 - val_categorical_accuracy: 0.7187 - val_student_loss: 0.8826 - lr: 0.0010 - 51s/epoch - 6ms/step
Epoch 65/500
8005/8005 - 53s - categorical_accuracy: 0.7295 - student_loss: 0.7188 - distillation_loss: 0.1751 - loss: 0.7188 - val_categorical_accuracy: 0.7248 - val_student_loss: 0.8462 - lr: 0.0010 - 53s/epoch - 7ms/step
Epoch 66/500
8005/8005 - 50s - categorical_accuracy: 0.7301 - student_loss: 0.5977 - distillation_loss: 0.1161 - loss: 0.5977 - val_categorical_accuracy: 0.7243 - val_student_loss: 0.8674 - lr: 0.0010 - 50s/epoch - 6ms/step
Epoch 67/500
8005/8005 - 50s - categorical_accuracy: 0.7306 - student_loss: 0.6679 - distillation_loss: 0.2220 - loss: 0.6679 - val_categorical_accuracy: 0.7193 - val_student_loss: 0.7974 - lr: 0.0010 - 50s/epoch - 6ms/step
Epoch 68/500
8005/8005 - 50s - categorical_accuracy: 0.7305 - student_loss: 0.7165 - distillation_loss: 0.1507 - loss: 0.7165 - val_categorical_accuracy: 0.7262 - val_student_loss: 0.8087 - lr: 0.0010 - 50s/epoch - 6ms/step
Epoch 69/500
8005/8005 - 51s - categorical_accuracy: 0.7310 - student_loss: 0.7738 - distillation_loss: 0.1903 - loss: 0.7738 - val_categorical_accuracy: 0.7216 - val_student_loss: 0.8370 - lr: 0.0010 - 51s/epoch - 6ms/step
Epoch 70/500
8005/8005 - 50s - categorical_accuracy: 0.7311 - student_loss: 0.9726 - distillation_loss: 0.1430 - loss: 0.9726 - val_categorical_accuracy: 0.7202 - val_student_loss: 0.9004 - lr: 0.0010 - 50s/epoch - 6ms/step
Epoch 71/500
8005/8005 - 53s - categorical_accuracy: 0.7317 - student_loss: 0.6013 - distillation_loss: 0.1034 - loss: 0.6013 - val_categorical_accuracy: 0.7172 - val_student_loss: 0.8986 - lr: 0.0010 - 53s/epoch - 7ms/step
Epoch 72/500
8005/8005 - 50s - categorical_accuracy: 0.7321 - student_loss: 0.4515 - distillation_loss: 0.1555 - loss: 0.4515 - val_categorical_accuracy: 0.7242 - val_student_loss: 0.8927 - lr: 0.0010 - 50s/epoch - 6ms/step
Epoch 73/500
8005/8005 - 50s - categorical_accuracy: 0.7322 - student_loss: 0.7874 - distillation_loss: 0.1608 - loss: 0.7874 - val_categorical_accuracy: 0.7232 - val_student_loss: 0.8160 - lr: 0.0010 - 50s/epoch - 6ms/step
Epoch 74/500
8005/8005 - 50s - categorical_accuracy: 0.7330 - student_loss: 0.9682 - distillation_loss: 0.2214 - loss: 0.9682 - val_categorical_accuracy: 0.7253 - val_student_loss: 0.8198 - lr: 0.0010 - 50s/epoch - 6ms/step
Epoch 75/500
8005/8005 - 50s - categorical_accuracy: 0.7330 - student_loss: 0.8878 - distillation_loss: 0.2240 - loss: 0.8878 - val_categorical_accuracy: 0.7230 - val_student_loss: 0.8581 - lr: 0.0010 - 50s/epoch - 6ms/step
Epoch 76/500
8005/8005 - 50s - categorical_accuracy: 0.7337 - student_loss: 0.7397 - distillation_loss: 0.1251 - loss: 0.7397 - val_categorical_accuracy: 0.7259 - val_student_loss: 0.8021 - lr: 0.0010 - 50s/epoch - 6ms/step
Epoch 77/500
8005/8005 - 53s - categorical_accuracy: 0.7335 - student_loss: 0.7921 - distillation_loss: 0.1745 - loss: 0.7921 - val_categorical_accuracy: 0.7161 - val_student_loss: 0.8860 - lr: 0.0010 - 53s/epoch - 7ms/step
Epoch 78/500
8005/8005 - 50s - categorical_accuracy: 0.7335 - student_loss: 1.0229 - distillation_loss: 0.1043 - loss: 1.0229 - val_categorical_accuracy: 0.7298 - val_student_loss: 0.7048 - lr: 0.0010 - 50s/epoch - 6ms/step
Epoch 79/500
8005/8005 - 50s - categorical_accuracy: 0.7345 - student_loss: 0.7406 - distillation_loss: 0.1081 - loss: 0.7406 - val_categorical_accuracy: 0.7260 - val_student_loss: 0.7353 - lr: 0.0010 - 50s/epoch - 6ms/step
Epoch 80/500
8005/8005 - 50s - categorical_accuracy: 0.7341 - student_loss: 0.9383 - distillation_loss: 0.1787 - loss: 0.9383 - val_categorical_accuracy: 0.7281 - val_student_loss: 0.8177 - lr: 0.0010 - 50s/epoch - 6ms/step
Epoch 81/500
8005/8005 - 50s - categorical_accuracy: 0.7354 - student_loss: 0.7408 - distillation_loss: 0.1567 - loss: 0.7408 - val_categorical_accuracy: 0.7136 - val_student_loss: 0.8154 - lr: 0.0010 - 50s/epoch - 6ms/step
Epoch 82/500
8005/8005 - 50s - categorical_accuracy: 0.7353 - student_loss: 0.7340 - distillation_loss: 0.1573 - loss: 0.7340 - val_categorical_accuracy: 0.7221 - val_student_loss: 0.8207 - lr: 0.0010 - 50s/epoch - 6ms/step
Epoch 83/500
8005/8005 - 53s - categorical_accuracy: 0.7351 - student_loss: 0.9029 - distillation_loss: 0.3373 - loss: 0.9029 - val_categorical_accuracy: 0.7007 - val_student_loss: 1.0140 - lr: 0.0010 - 53s/epoch - 7ms/step
Epoch 84/500
8005/8005 - 50s - categorical_accuracy: 0.7355 - student_loss: 0.7979 - distillation_loss: 0.1579 - loss: 0.7979 - val_categorical_accuracy: 0.7190 - val_student_loss: 1.0201 - lr: 0.0010 - 50s/epoch - 6ms/step
Epoch 85/500
8005/8005 - 50s - categorical_accuracy: 0.7360 - student_loss: 0.7862 - distillation_loss: 0.1906 - loss: 0.7862 - val_categorical_accuracy: 0.7081 - val_student_loss: 0.9070 - lr: 0.0010 - 50s/epoch - 6ms/step
Epoch 86/500
8005/8005 - 50s - categorical_accuracy: 0.7364 - student_loss: 0.7820 - distillation_loss: 0.1611 - loss: 0.7820 - val_categorical_accuracy: 0.7243 - val_student_loss: 0.9000 - lr: 0.0010 - 50s/epoch - 6ms/step
Epoch 87/500
8005/8005 - 50s - categorical_accuracy: 0.7371 - student_loss: 0.5896 - distillation_loss: 0.1128 - loss: 0.5896 - val_categorical_accuracy: 0.7224 - val_student_loss: 0.9517 - lr: 0.0010 - 50s/epoch - 6ms/step
Epoch 88/500
8005/8005 - 50s - categorical_accuracy: 0.7362 - student_loss: 0.7018 - distillation_loss: 0.1012 - loss: 0.7018 - val_categorical_accuracy: 0.7160 - val_student_loss: 0.9213 - lr: 0.0010 - 50s/epoch - 6ms/step
Epoch 89/500
8005/8005 - 53s - categorical_accuracy: 0.7375 - student_loss: 0.6912 - distillation_loss: 0.0931 - loss: 0.6912 - val_categorical_accuracy: 0.7300 - val_student_loss: 0.7141 - lr: 0.0010 - 53s/epoch - 7ms/step
Epoch 90/500
8005/8005 - 50s - categorical_accuracy: 0.7378 - student_loss: 0.7482 - distillation_loss: 0.1277 - loss: 0.7482 - val_categorical_accuracy: 0.7272 - val_student_loss: 0.7639 - lr: 0.0010 - 50s/epoch - 6ms/step
Epoch 91/500
8005/8005 - 50s - categorical_accuracy: 0.7370 - student_loss: 0.7721 - distillation_loss: 0.1308 - loss: 0.7721 - val_categorical_accuracy: 0.7287 - val_student_loss: 0.8551 - lr: 0.0010 - 50s/epoch - 6ms/step
Epoch 92/500
8005/8005 - 50s - categorical_accuracy: 0.7378 - student_loss: 0.6230 - distillation_loss: 0.1568 - loss: 0.6230 - val_categorical_accuracy: 0.7113 - val_student_loss: 0.8679 - lr: 0.0010 - 50s/epoch - 6ms/step
Epoch 93/500
8005/8005 - 50s - categorical_accuracy: 0.7375 - student_loss: 0.6199 - distillation_loss: 0.1274 - loss: 0.6199 - val_categorical_accuracy: 0.7212 - val_student_loss: 0.8589 - lr: 0.0010 - 50s/epoch - 6ms/step
Epoch 94/500
8005/8005 - 50s - categorical_accuracy: 0.7381 - student_loss: 0.6789 - distillation_loss: 0.1129 - loss: 0.6789 - val_categorical_accuracy: 0.7246 - val_student_loss: 0.7161 - lr: 0.0010 - 50s/epoch - 6ms/step
Epoch 95/500
8005/8005 - 53s - categorical_accuracy: 0.7385 - student_loss: 0.8066 - distillation_loss: 0.2273 - loss: 0.8066 - val_categorical_accuracy: 0.7176 - val_student_loss: 0.7812 - lr: 0.0010 - 53s/epoch - 7ms/step
Epoch 96/500
8005/8005 - 51s - categorical_accuracy: 0.7386 - student_loss: 0.8460 - distillation_loss: 0.2087 - loss: 0.8460 - val_categorical_accuracy: 0.7272 - val_student_loss: 0.8260 - lr: 0.0010 - 51s/epoch - 6ms/step
Epoch 97/500
8005/8005 - 50s - categorical_accuracy: 0.7395 - student_loss: 0.5839 - distillation_loss: 0.1100 - loss: 0.5839 - val_categorical_accuracy: 0.7261 - val_student_loss: 0.7761 - lr: 0.0010 - 50s/epoch - 6ms/step
Epoch 98/500
8005/8005 - 50s - categorical_accuracy: 0.7389 - student_loss: 1.0287 - distillation_loss: 0.1368 - loss: 1.0287 - val_categorical_accuracy: 0.7153 - val_student_loss: 0.8988 - lr: 0.0010 - 50s/epoch - 6ms/step
Epoch 99/500
8005/8005 - 50s - categorical_accuracy: 0.7396 - student_loss: 0.8421 - distillation_loss: 0.1540 - loss: 0.8421 - val_categorical_accuracy: 0.7276 - val_student_loss: 0.8468 - lr: 0.0010 - 50s/epoch - 6ms/step
Epoch 100/500
8005/8005 - 51s - categorical_accuracy: 0.7390 - student_loss: 0.8654 - distillation_loss: 0.0957 - loss: 0.8654 - val_categorical_accuracy: 0.7305 - val_student_loss: 0.8349 - lr: 0.0010 - 51s/epoch - 6ms/step
Epoch 101/500
8005/8005 - 53s - categorical_accuracy: 0.7403 - student_loss: 0.8951 - distillation_loss: 0.2767 - loss: 0.8951 - val_categorical_accuracy: 0.7225 - val_student_loss: 0.8313 - lr: 0.0010 - 53s/epoch - 7ms/step
Epoch 102/500
8005/8005 - 52s - categorical_accuracy: 0.7395 - student_loss: 0.8454 - distillation_loss: 0.1753 - loss: 0.8454 - val_categorical_accuracy: 0.7255 - val_student_loss: 0.7732 - lr: 0.0010 - 52s/epoch - 6ms/step
Epoch 103/500
8005/8005 - 51s - categorical_accuracy: 0.7397 - student_loss: 0.8991 - distillation_loss: 0.2228 - loss: 0.8991 - val_categorical_accuracy: 0.7229 - val_student_loss: 0.8340 - lr: 0.0010 - 51s/epoch - 6ms/step
Epoch 104/500
8005/8005 - 51s - categorical_accuracy: 0.7406 - student_loss: 0.6067 - distillation_loss: 0.1720 - loss: 0.6067 - val_categorical_accuracy: 0.7233 - val_student_loss: 0.8802 - lr: 0.0010 - 51s/epoch - 6ms/step
Epoch 105/500
8005/8005 - 50s - categorical_accuracy: 0.7408 - student_loss: 0.7857 - distillation_loss: 0.1648 - loss: 0.7857 - val_categorical_accuracy: 0.7140 - val_student_loss: 0.9168 - lr: 0.0010 - 50s/epoch - 6ms/step
Epoch 106/500
8005/8005 - 53s - categorical_accuracy: 0.7409 - student_loss: 0.8183 - distillation_loss: 0.1658 - loss: 0.8183 - val_categorical_accuracy: 0.7254 - val_student_loss: 0.8441 - lr: 0.0010 - 53s/epoch - 7ms/step
Epoch 107/500
8005/8005 - 51s - categorical_accuracy: 0.7412 - student_loss: 0.6977 - distillation_loss: 0.1721 - loss: 0.6977 - val_categorical_accuracy: 0.7216 - val_student_loss: 0.8608 - lr: 0.0010 - 51s/epoch - 6ms/step
Epoch 108/500
8005/8005 - 50s - categorical_accuracy: 0.7407 - student_loss: 0.8031 - distillation_loss: 0.1792 - loss: 0.8031 - val_categorical_accuracy: 0.7212 - val_student_loss: 0.8206 - lr: 0.0010 - 50s/epoch - 6ms/step
Epoch 109/500
8005/8005 - 50s - categorical_accuracy: 0.7407 - student_loss: 0.6753 - distillation_loss: 0.1203 - loss: 0.6753 - val_categorical_accuracy: 0.7291 - val_student_loss: 0.9002 - lr: 0.0010 - 50s/epoch - 6ms/step
Epoch 110/500
8005/8005 - 51s - categorical_accuracy: 0.7413 - student_loss: 0.8135 - distillation_loss: 0.1560 - loss: 0.8135 - val_categorical_accuracy: 0.7228 - val_student_loss: 0.7692 - lr: 0.0010 - 51s/epoch - 6ms/step
Epoch 111/500
8005/8005 - 51s - categorical_accuracy: 0.7424 - student_loss: 0.7329 - distillation_loss: 0.1087 - loss: 0.7329 - val_categorical_accuracy: 0.7168 - val_student_loss: 0.7692 - lr: 0.0010 - 51s/epoch - 6ms/step
Epoch 112/500
8005/8005 - 53s - categorical_accuracy: 0.7414 - student_loss: 0.8777 - distillation_loss: 0.1606 - loss: 0.8777 - val_categorical_accuracy: 0.7210 - val_student_loss: 0.8418 - lr: 0.0010 - 53s/epoch - 7ms/step
Epoch 113/500
8005/8005 - 50s - categorical_accuracy: 0.7418 - student_loss: 0.7215 - distillation_loss: 0.1928 - loss: 0.7215 - val_categorical_accuracy: 0.7141 - val_student_loss: 1.0182 - lr: 0.0010 - 50s/epoch - 6ms/step
Epoch 114/500
8005/8005 - 50s - categorical_accuracy: 0.7422 - student_loss: 0.5651 - distillation_loss: 0.0988 - loss: 0.5651 - val_categorical_accuracy: 0.7262 - val_student_loss: 0.8856 - lr: 0.0010 - 50s/epoch - 6ms/step
Epoch 115/500
8005/8005 - 51s - categorical_accuracy: 0.7423 - student_loss: 0.8330 - distillation_loss: 0.1759 - loss: 0.8330 - val_categorical_accuracy: 0.7264 - val_student_loss: 0.9032 - lr: 0.0010 - 51s/epoch - 6ms/step
Epoch 116/500
8005/8005 - 51s - categorical_accuracy: 0.7426 - student_loss: 0.7341 - distillation_loss: 0.2540 - loss: 0.7341 - val_categorical_accuracy: 0.7165 - val_student_loss: 0.7648 - lr: 0.0010 - 51s/epoch - 6ms/step
Epoch 117/500
8005/8005 - 51s - categorical_accuracy: 0.7428 - student_loss: 0.7013 - distillation_loss: 0.0928 - loss: 0.7013 - val_categorical_accuracy: 0.7299 - val_student_loss: 0.8295 - lr: 0.0010 - 51s/epoch - 6ms/step
Epoch 118/500
8005/8005 - 53s - categorical_accuracy: 0.7426 - student_loss: 0.8684 - distillation_loss: 0.2039 - loss: 0.8684 - val_categorical_accuracy: 0.7293 - val_student_loss: 0.8754 - lr: 0.0010 - 53s/epoch - 7ms/step
Epoch 119/500
8005/8005 - 51s - categorical_accuracy: 0.7427 - student_loss: 0.6219 - distillation_loss: 0.1470 - loss: 0.6219 - val_categorical_accuracy: 0.7266 - val_student_loss: 0.7631 - lr: 0.0010 - 51s/epoch - 6ms/step
Epoch 120/500
8005/8005 - 51s - categorical_accuracy: 0.7430 - student_loss: 0.5866 - distillation_loss: 0.1370 - loss: 0.5866 - val_categorical_accuracy: 0.7211 - val_student_loss: 0.8369 - lr: 0.0010 - 51s/epoch - 6ms/step
Epoch 121/500
8005/8005 - 51s - categorical_accuracy: 0.7423 - student_loss: 0.8334 - distillation_loss: 0.2999 - loss: 0.8334 - val_categorical_accuracy: 0.7201 - val_student_loss: 0.7434 - lr: 0.0010 - 51s/epoch - 6ms/step
Epoch 122/500
8005/8005 - 51s - categorical_accuracy: 0.7435 - student_loss: 0.8737 - distillation_loss: 0.2373 - loss: 0.8737 - val_categorical_accuracy: 0.7274 - val_student_loss: 0.9038 - lr: 0.0010 - 51s/epoch - 6ms/step
Epoch 123/500
8005/8005 - 51s - categorical_accuracy: 0.7431 - student_loss: 0.6911 - distillation_loss: 0.2070 - loss: 0.6911 - val_categorical_accuracy: 0.7297 - val_student_loss: 0.8579 - lr: 0.0010 - 51s/epoch - 6ms/step
Epoch 124/500
8005/8005 - 53s - categorical_accuracy: 0.7425 - student_loss: 0.3824 - distillation_loss: 0.0891 - loss: 0.3824 - val_categorical_accuracy: 0.7274 - val_student_loss: 0.7883 - lr: 0.0010 - 53s/epoch - 7ms/step
Epoch 125/500
8005/8005 - 51s - categorical_accuracy: 0.7432 - student_loss: 0.5845 - distillation_loss: 0.1246 - loss: 0.5845 - val_categorical_accuracy: 0.7295 - val_student_loss: 0.9765 - lr: 0.0010 - 51s/epoch - 6ms/step
Epoch 126/500
8005/8005 - 50s - categorical_accuracy: 0.7436 - student_loss: 0.6083 - distillation_loss: 0.1349 - loss: 0.6083 - val_categorical_accuracy: 0.7314 - val_student_loss: 0.8502 - lr: 0.0010 - 50s/epoch - 6ms/step
Epoch 127/500
8005/8005 - 51s - categorical_accuracy: 0.7438 - student_loss: 0.6570 - distillation_loss: 0.1349 - loss: 0.6570 - val_categorical_accuracy: 0.7198 - val_student_loss: 0.7947 - lr: 0.0010 - 51s/epoch - 6ms/step
Epoch 128/500
8005/8005 - 51s - categorical_accuracy: 0.7446 - student_loss: 0.7899 - distillation_loss: 0.1411 - loss: 0.7899 - val_categorical_accuracy: 0.7214 - val_student_loss: 0.8870 - lr: 0.0010 - 51s/epoch - 6ms/step
Epoch 129/500
8005/8005 - 51s - categorical_accuracy: 0.7442 - student_loss: 0.5878 - distillation_loss: 0.1561 - loss: 0.5878 - val_categorical_accuracy: 0.7160 - val_student_loss: 0.8803 - lr: 0.0010 - 51s/epoch - 6ms/step
Epoch 130/500
8005/8005 - 53s - categorical_accuracy: 0.7443 - student_loss: 0.5565 - distillation_loss: 0.1086 - loss: 0.5565 - val_categorical_accuracy: 0.7325 - val_student_loss: 0.8484 - lr: 0.0010 - 53s/epoch - 7ms/step
Epoch 131/500
8005/8005 - 51s - categorical_accuracy: 0.7438 - student_loss: 0.8004 - distillation_loss: 0.1679 - loss: 0.8004 - val_categorical_accuracy: 0.7297 - val_student_loss: 0.7625 - lr: 0.0010 - 51s/epoch - 6ms/step
Epoch 132/500
8005/8005 - 51s - categorical_accuracy: 0.7443 - student_loss: 0.6808 - distillation_loss: 0.1308 - loss: 0.6808 - val_categorical_accuracy: 0.7182 - val_student_loss: 0.7593 - lr: 0.0010 - 51s/epoch - 6ms/step
Epoch 133/500
8005/8005 - 51s - categorical_accuracy: 0.7441 - student_loss: 0.7735 - distillation_loss: 0.1000 - loss: 0.7735 - val_categorical_accuracy: 0.7276 - val_student_loss: 0.8450 - lr: 0.0010 - 51s/epoch - 6ms/step
Epoch 134/500
8005/8005 - 51s - categorical_accuracy: 0.7447 - student_loss: 0.6752 - distillation_loss: 0.2154 - loss: 0.6752 - val_categorical_accuracy: 0.7310 - val_student_loss: 0.8532 - lr: 0.0010 - 51s/epoch - 6ms/step
Epoch 135/500
8005/8005 - 51s - categorical_accuracy: 0.7451 - student_loss: 0.6818 - distillation_loss: 0.0941 - loss: 0.6818 - val_categorical_accuracy: 0.7242 - val_student_loss: 0.9029 - lr: 0.0010 - 51s/epoch - 6ms/step
Epoch 136/500
8005/8005 - 53s - categorical_accuracy: 0.7447 - student_loss: 0.6924 - distillation_loss: 0.0947 - loss: 0.6924 - val_categorical_accuracy: 0.7294 - val_student_loss: 0.8081 - lr: 0.0010 - 53s/epoch - 7ms/step
Epoch 137/500
8005/8005 - 51s - categorical_accuracy: 0.7446 - student_loss: 0.7930 - distillation_loss: 0.1048 - loss: 0.7930 - val_categorical_accuracy: 0.7301 - val_student_loss: 0.7970 - lr: 0.0010 - 51s/epoch - 6ms/step
Epoch 138/500
8005/8005 - 51s - categorical_accuracy: 0.7448 - student_loss: 0.5298 - distillation_loss: 0.1547 - loss: 0.5298 - val_categorical_accuracy: 0.7301 - val_student_loss: 0.7538 - lr: 0.0010 - 51s/epoch - 6ms/step
Epoch 139/500
8005/8005 - 50s - categorical_accuracy: 0.7450 - student_loss: 1.3346 - distillation_loss: 0.1084 - loss: 1.3346 - val_categorical_accuracy: 0.7255 - val_student_loss: 0.8946 - lr: 0.0010 - 50s/epoch - 6ms/step
Epoch 140/500
8005/8005 - 51s - categorical_accuracy: 0.7451 - student_loss: 0.6107 - distillation_loss: 0.1466 - loss: 0.6107 - val_categorical_accuracy: 0.7205 - val_student_loss: 0.9104 - lr: 0.0010 - 51s/epoch - 6ms/step
Epoch 141/500
8005/8005 - 51s - categorical_accuracy: 0.7456 - student_loss: 0.7188 - distillation_loss: 0.1902 - loss: 0.7188 - val_categorical_accuracy: 0.7235 - val_student_loss: 0.8979 - lr: 0.0010 - 51s/epoch - 6ms/step
Epoch 142/500
8005/8005 - 53s - categorical_accuracy: 0.7455 - student_loss: 0.4771 - distillation_loss: 0.1865 - loss: 0.4771 - val_categorical_accuracy: 0.7318 - val_student_loss: 0.7455 - lr: 0.0010 - 53s/epoch - 7ms/step
Epoch 143/500
8005/8005 - 51s - categorical_accuracy: 0.7452 - student_loss: 0.7673 - distillation_loss: 0.1552 - loss: 0.7673 - val_categorical_accuracy: 0.7344 - val_student_loss: 0.8138 - lr: 0.0010 - 51s/epoch - 6ms/step
Epoch 144/500
8005/8005 - 51s - categorical_accuracy: 0.7458 - student_loss: 0.6827 - distillation_loss: 0.1910 - loss: 0.6827 - val_categorical_accuracy: 0.7294 - val_student_loss: 0.8764 - lr: 0.0010 - 51s/epoch - 6ms/step
Epoch 145/500
8005/8005 - 50s - categorical_accuracy: 0.7453 - student_loss: 0.6834 - distillation_loss: 0.1427 - loss: 0.6834 - val_categorical_accuracy: 0.7263 - val_student_loss: 0.8602 - lr: 0.0010 - 50s/epoch - 6ms/step
Epoch 146/500
8005/8005 - 51s - categorical_accuracy: 0.7453 - student_loss: 0.8090 - distillation_loss: 0.1771 - loss: 0.8090 - val_categorical_accuracy: 0.7240 - val_student_loss: 0.7884 - lr: 0.0010 - 51s/epoch - 6ms/step
Epoch 147/500
8005/8005 - 51s - categorical_accuracy: 0.7456 - student_loss: 0.7258 - distillation_loss: 0.1425 - loss: 0.7258 - val_categorical_accuracy: 0.7214 - val_student_loss: 0.8746 - lr: 0.0010 - 51s/epoch - 6ms/step
Epoch 148/500
8005/8005 - 53s - categorical_accuracy: 0.7454 - student_loss: 0.6034 - distillation_loss: 0.0837 - loss: 0.6034 - val_categorical_accuracy: 0.7260 - val_student_loss: 0.8497 - lr: 0.0010 - 53s/epoch - 7ms/step
Epoch 149/500
8005/8005 - 50s - categorical_accuracy: 0.7463 - student_loss: 0.8575 - distillation_loss: 0.1234 - loss: 0.8575 - val_categorical_accuracy: 0.7242 - val_student_loss: 0.8222 - lr: 0.0010 - 50s/epoch - 6ms/step
Epoch 150/500
8005/8005 - 50s - categorical_accuracy: 0.7462 - student_loss: 0.5888 - distillation_loss: 0.1760 - loss: 0.5888 - val_categorical_accuracy: 0.7275 - val_student_loss: 0.7883 - lr: 0.0010 - 50s/epoch - 6ms/step
Epoch 151/500
8005/8005 - 51s - categorical_accuracy: 0.7457 - student_loss: 0.6392 - distillation_loss: 0.1636 - loss: 0.6392 - val_categorical_accuracy: 0.7190 - val_student_loss: 0.7929 - lr: 0.0010 - 51s/epoch - 6ms/step
Epoch 152/500
8005/8005 - 51s - categorical_accuracy: 0.7468 - student_loss: 0.8097 - distillation_loss: 0.1245 - loss: 0.8097 - val_categorical_accuracy: 0.7257 - val_student_loss: 0.8610 - lr: 0.0010 - 51s/epoch - 6ms/step
Epoch 153/500
8005/8005 - 53s - categorical_accuracy: 0.7467 - student_loss: 0.4663 - distillation_loss: 0.1477 - loss: 0.4663 - val_categorical_accuracy: 0.7243 - val_student_loss: 0.8152 - lr: 0.0010 - 53s/epoch - 7ms/step
Epoch 154/500
8005/8005 - 51s - categorical_accuracy: 0.7460 - student_loss: 0.9882 - distillation_loss: 0.1872 - loss: 0.9882 - val_categorical_accuracy: 0.7277 - val_student_loss: 0.7530 - lr: 0.0010 - 51s/epoch - 6ms/step
Epoch 155/500
8005/8005 - 50s - categorical_accuracy: 0.7467 - student_loss: 0.6860 - distillation_loss: 0.0966 - loss: 0.6860 - val_categorical_accuracy: 0.7324 - val_student_loss: 0.8243 - lr: 0.0010 - 50s/epoch - 6ms/step
Epoch 156/500
8005/8005 - 50s - categorical_accuracy: 0.7469 - student_loss: 0.4093 - distillation_loss: 0.1075 - loss: 0.4093 - val_categorical_accuracy: 0.7301 - val_student_loss: 0.7836 - lr: 0.0010 - 50s/epoch - 6ms/step
Epoch 157/500
8005/8005 - 51s - categorical_accuracy: 0.7469 - student_loss: 0.5985 - distillation_loss: 0.1677 - loss: 0.5985 - val_categorical_accuracy: 0.7245 - val_student_loss: 0.7969 - lr: 0.0010 - 51s/epoch - 6ms/step
Epoch 158/500
8005/8005 - 51s - categorical_accuracy: 0.7467 - student_loss: 0.8591 - distillation_loss: 0.1678 - loss: 0.8591 - val_categorical_accuracy: 0.7337 - val_student_loss: 0.7876 - lr: 0.0010 - 51s/epoch - 6ms/step
Epoch 159/500
8005/8005 - 53s - categorical_accuracy: 0.7474 - student_loss: 0.8625 - distillation_loss: 0.1939 - loss: 0.8625 - val_categorical_accuracy: 0.7272 - val_student_loss: 0.8569 - lr: 0.0010 - 53s/epoch - 7ms/step
Epoch 160/500
8005/8005 - 50s - categorical_accuracy: 0.7470 - student_loss: 0.4664 - distillation_loss: 0.0701 - loss: 0.4664 - val_categorical_accuracy: 0.7319 - val_student_loss: 0.6887 - lr: 0.0010 - 50s/epoch - 6ms/step
Epoch 161/500
8005/8005 - 51s - categorical_accuracy: 0.7470 - student_loss: 0.8675 - distillation_loss: 0.2051 - loss: 0.8675 - val_categorical_accuracy: 0.7286 - val_student_loss: 0.7970 - lr: 0.0010 - 51s/epoch - 6ms/step
Epoch 162/500
8005/8005 - 50s - categorical_accuracy: 0.7469 - student_loss: 0.6120 - distillation_loss: 0.1876 - loss: 0.6120 - val_categorical_accuracy: 0.7278 - val_student_loss: 0.8291 - lr: 0.0010 - 50s/epoch - 6ms/step
Epoch 163/500
8005/8005 - 50s - categorical_accuracy: 0.7476 - student_loss: 0.5773 - distillation_loss: 0.0956 - loss: 0.5773 - val_categorical_accuracy: 0.7293 - val_student_loss: 0.8298 - lr: 0.0010 - 50s/epoch - 6ms/step
Epoch 164/500
8005/8005 - 51s - categorical_accuracy: 0.7475 - student_loss: 0.5479 - distillation_loss: 0.1048 - loss: 0.5479 - val_categorical_accuracy: 0.7263 - val_student_loss: 0.6756 - lr: 0.0010 - 51s/epoch - 6ms/step
Epoch 165/500
8005/8005 - 53s - categorical_accuracy: 0.7472 - student_loss: 0.6812 - distillation_loss: 0.1132 - loss: 0.6812 - val_categorical_accuracy: 0.7330 - val_student_loss: 0.7519 - lr: 0.0010 - 53s/epoch - 7ms/step
Epoch 166/500
8005/8005 - 50s - categorical_accuracy: 0.7475 - student_loss: 0.5997 - distillation_loss: 0.1288 - loss: 0.5997 - val_categorical_accuracy: 0.7235 - val_student_loss: 0.8748 - lr: 0.0010 - 50s/epoch - 6ms/step
Epoch 167/500
8005/8005 - 51s - categorical_accuracy: 0.7479 - student_loss: 0.6303 - distillation_loss: 0.1862 - loss: 0.6303 - val_categorical_accuracy: 0.7282 - val_student_loss: 0.7760 - lr: 0.0010 - 51s/epoch - 6ms/step
Epoch 168/500
8005/8005 - 50s - categorical_accuracy: 0.7479 - student_loss: 0.5650 - distillation_loss: 0.1091 - loss: 0.5650 - val_categorical_accuracy: 0.7297 - val_student_loss: 0.7667 - lr: 0.0010 - 50s/epoch - 6ms/step
Epoch 169/500
8005/8005 - 50s - categorical_accuracy: 0.7477 - student_loss: 0.8800 - distillation_loss: 0.1729 - loss: 0.8800 - val_categorical_accuracy: 0.7236 - val_student_loss: 0.8683 - lr: 0.0010 - 50s/epoch - 6ms/step
Epoch 170/500
8005/8005 - 50s - categorical_accuracy: 0.7474 - student_loss: 0.7169 - distillation_loss: 0.1574 - loss: 0.7169 - val_categorical_accuracy: 0.7158 - val_student_loss: 0.7665 - lr: 0.0010 - 50s/epoch - 6ms/step
Epoch 171/500
8005/8005 - 53s - categorical_accuracy: 0.7473 - student_loss: 0.7271 - distillation_loss: 0.1534 - loss: 0.7271 - val_categorical_accuracy: 0.7335 - val_student_loss: 0.7988 - lr: 0.0010 - 53s/epoch - 7ms/step
Epoch 172/500
8005/8005 - 50s - categorical_accuracy: 0.7483 - student_loss: 0.8756 - distillation_loss: 0.2334 - loss: 0.8756 - val_categorical_accuracy: 0.7239 - val_student_loss: 0.8742 - lr: 0.0010 - 50s/epoch - 6ms/step
Epoch 173/500
8005/8005 - 51s - categorical_accuracy: 0.7482 - student_loss: 0.8147 - distillation_loss: 0.2180 - loss: 0.8147 - val_categorical_accuracy: 0.7239 - val_student_loss: 0.8404 - lr: 0.0010 - 51s/epoch - 6ms/step
Epoch 174/500
8005/8005 - 50s - categorical_accuracy: 0.7484 - student_loss: 0.5214 - distillation_loss: 0.1288 - loss: 0.5214 - val_categorical_accuracy: 0.7285 - val_student_loss: 0.7870 - lr: 0.0010 - 50s/epoch - 6ms/step
Epoch 175/500
8005/8005 - 50s - categorical_accuracy: 0.7486 - student_loss: 0.6308 - distillation_loss: 0.1193 - loss: 0.6308 - val_categorical_accuracy: 0.7281 - val_student_loss: 0.8687 - lr: 0.0010 - 50s/epoch - 6ms/step
Epoch 176/500
8005/8005 - 51s - categorical_accuracy: 0.7479 - student_loss: 0.9457 - distillation_loss: 0.2298 - loss: 0.9457 - val_categorical_accuracy: 0.7261 - val_student_loss: 0.8514 - lr: 0.0010 - 51s/epoch - 6ms/step
Epoch 177/500
8005/8005 - 53s - categorical_accuracy: 0.7485 - student_loss: 0.6771 - distillation_loss: 0.1121 - loss: 0.6771 - val_categorical_accuracy: 0.7223 - val_student_loss: 0.8105 - lr: 0.0010 - 53s/epoch - 7ms/step
Epoch 178/500
8005/8005 - 51s - categorical_accuracy: 0.7486 - student_loss: 0.8284 - distillation_loss: 0.2289 - loss: 0.8284 - val_categorical_accuracy: 0.7325 - val_student_loss: 0.8025 - lr: 0.0010 - 51s/epoch - 6ms/step
Epoch 179/500
8005/8005 - 50s - categorical_accuracy: 0.7489 - student_loss: 0.8060 - distillation_loss: 0.1240 - loss: 0.8060 - val_categorical_accuracy: 0.7317 - val_student_loss: 0.7650 - lr: 0.0010 - 50s/epoch - 6ms/step
Epoch 180/500
8005/8005 - 50s - categorical_accuracy: 0.7481 - student_loss: 0.7115 - distillation_loss: 0.1459 - loss: 0.7115 - val_categorical_accuracy: 0.7293 - val_student_loss: 0.8678 - lr: 0.0010 - 50s/epoch - 6ms/step
Epoch 181/500
8005/8005 - 50s - categorical_accuracy: 0.7485 - student_loss: 0.5015 - distillation_loss: 0.1741 - loss: 0.5015 - val_categorical_accuracy: 0.7237 - val_student_loss: 0.8606 - lr: 0.0010 - 50s/epoch - 6ms/step
Epoch 182/500
8005/8005 - 51s - categorical_accuracy: 0.7482 - student_loss: 0.6008 - distillation_loss: 0.0932 - loss: 0.6008 - val_categorical_accuracy: 0.7275 - val_student_loss: 0.7560 - lr: 0.0010 - 51s/epoch - 6ms/step
Epoch 183/500
8005/8005 - 53s - categorical_accuracy: 0.7488 - student_loss: 0.5004 - distillation_loss: 0.0811 - loss: 0.5004 - val_categorical_accuracy: 0.7333 - val_student_loss: 0.8003 - lr: 0.0010 - 53s/epoch - 7ms/step
Epoch 184/500
8005/8005 - 51s - categorical_accuracy: 0.7531 - student_loss: 0.8274 - distillation_loss: 0.1086 - loss: 0.8274 - val_categorical_accuracy: 0.7319 - val_student_loss: 0.8882 - lr: 8.0000e-04 - 51s/epoch - 6ms/step
Epoch 185/500
8005/8005 - 50s - categorical_accuracy: 0.7533 - student_loss: 0.5464 - distillation_loss: 0.0969 - loss: 0.5464 - val_categorical_accuracy: 0.7301 - val_student_loss: 0.6907 - lr: 8.0000e-04 - 50s/epoch - 6ms/step
Epoch 186/500
8005/8005 - 51s - categorical_accuracy: 0.7535 - student_loss: 0.9116 - distillation_loss: 0.1674 - loss: 0.9116 - val_categorical_accuracy: 0.7307 - val_student_loss: 0.8348 - lr: 8.0000e-04 - 51s/epoch - 6ms/step
Epoch 187/500
8005/8005 - 51s - categorical_accuracy: 0.7537 - student_loss: 0.7518 - distillation_loss: 0.1088 - loss: 0.7518 - val_categorical_accuracy: 0.7213 - val_student_loss: 0.7876 - lr: 8.0000e-04 - 51s/epoch - 6ms/step
Epoch 188/500
8005/8005 - 50s - categorical_accuracy: 0.7542 - student_loss: 0.5571 - distillation_loss: 0.1320 - loss: 0.5571 - val_categorical_accuracy: 0.7331 - val_student_loss: 0.7618 - lr: 8.0000e-04 - 50s/epoch - 6ms/step
Epoch 189/500
8005/8005 - 53s - categorical_accuracy: 0.7540 - student_loss: 0.5632 - distillation_loss: 0.1764 - loss: 0.5632 - val_categorical_accuracy: 0.7279 - val_student_loss: 0.8400 - lr: 8.0000e-04 - 53s/epoch - 7ms/step
Epoch 190/500
8005/8005 - 50s - categorical_accuracy: 0.7544 - student_loss: 0.9867 - distillation_loss: 0.2681 - loss: 0.9867 - val_categorical_accuracy: 0.7352 - val_student_loss: 0.7952 - lr: 8.0000e-04 - 50s/epoch - 6ms/step
Epoch 191/500
8005/8005 - 51s - categorical_accuracy: 0.7539 - student_loss: 0.7603 - distillation_loss: 0.1557 - loss: 0.7603 - val_categorical_accuracy: 0.7271 - val_student_loss: 0.8042 - lr: 8.0000e-04 - 51s/epoch - 6ms/step
Epoch 192/500
8005/8005 - 50s - categorical_accuracy: 0.7543 - student_loss: 0.6581 - distillation_loss: 0.1745 - loss: 0.6581 - val_categorical_accuracy: 0.7334 - val_student_loss: 0.7049 - lr: 8.0000e-04 - 50s/epoch - 6ms/step
Epoch 193/500
8005/8005 - 51s - categorical_accuracy: 0.7540 - student_loss: 0.7314 - distillation_loss: 0.1194 - loss: 0.7314 - val_categorical_accuracy: 0.7344 - val_student_loss: 0.7437 - lr: 8.0000e-04 - 51s/epoch - 6ms/step
Epoch 194/500
8005/8005 - 50s - categorical_accuracy: 0.7539 - student_loss: 0.5547 - distillation_loss: 0.1206 - loss: 0.5547 - val_categorical_accuracy: 0.7305 - val_student_loss: 0.7898 - lr: 8.0000e-04 - 50s/epoch - 6ms/step
Epoch 195/500
8005/8005 - 53s - categorical_accuracy: 0.7543 - student_loss: 0.7583 - distillation_loss: 0.2117 - loss: 0.7583 - val_categorical_accuracy: 0.7300 - val_student_loss: 0.8029 - lr: 8.0000e-04 - 53s/epoch - 7ms/step
Epoch 196/500
8005/8005 - 51s - categorical_accuracy: 0.7539 - student_loss: 0.6427 - distillation_loss: 0.2737 - loss: 0.6427 - val_categorical_accuracy: 0.7296 - val_student_loss: 0.8221 - lr: 8.0000e-04 - 51s/epoch - 6ms/step
Epoch 197/500
8005/8005 - 51s - categorical_accuracy: 0.7543 - student_loss: 0.6905 - distillation_loss: 0.1102 - loss: 0.6905 - val_categorical_accuracy: 0.7344 - val_student_loss: 0.7403 - lr: 8.0000e-04 - 51s/epoch - 6ms/step
Epoch 198/500
8005/8005 - 51s - categorical_accuracy: 0.7544 - student_loss: 0.7710 - distillation_loss: 0.1220 - loss: 0.7710 - val_categorical_accuracy: 0.7329 - val_student_loss: 0.8572 - lr: 8.0000e-04 - 51s/epoch - 6ms/step
Epoch 199/500
8005/8005 - 51s - categorical_accuracy: 0.7548 - student_loss: 0.6418 - distillation_loss: 0.1029 - loss: 0.6418 - val_categorical_accuracy: 0.7284 - val_student_loss: 0.7441 - lr: 8.0000e-04 - 51s/epoch - 6ms/step
Epoch 200/500
8005/8005 - 51s - categorical_accuracy: 0.7547 - student_loss: 0.7597 - distillation_loss: 0.1496 - loss: 0.7597 - val_categorical_accuracy: 0.7319 - val_student_loss: 0.8104 - lr: 8.0000e-04 - 51s/epoch - 6ms/step
Epoch 201/500
8005/8005 - 53s - categorical_accuracy: 0.7546 - student_loss: 0.6689 - distillation_loss: 0.1581 - loss: 0.6689 - val_categorical_accuracy: 0.7309 - val_student_loss: 0.8742 - lr: 8.0000e-04 - 53s/epoch - 7ms/step
Epoch 202/500
8005/8005 - 51s - categorical_accuracy: 0.7544 - student_loss: 0.6928 - distillation_loss: 0.1384 - loss: 0.6928 - val_categorical_accuracy: 0.7342 - val_student_loss: 0.8064 - lr: 8.0000e-04 - 51s/epoch - 6ms/step
Epoch 203/500
8005/8005 - 51s - categorical_accuracy: 0.7545 - student_loss: 0.7494 - distillation_loss: 0.2436 - loss: 0.7494 - val_categorical_accuracy: 0.7245 - val_student_loss: 0.7941 - lr: 8.0000e-04 - 51s/epoch - 6ms/step
Epoch 204/500
8005/8005 - 50s - categorical_accuracy: 0.7549 - student_loss: 0.6427 - distillation_loss: 0.2130 - loss: 0.6427 - val_categorical_accuracy: 0.7327 - val_student_loss: 0.8074 - lr: 8.0000e-04 - 50s/epoch - 6ms/step
Epoch 205/500
8005/8005 - 51s - categorical_accuracy: 0.7547 - student_loss: 0.6911 - distillation_loss: 0.1338 - loss: 0.6911 - val_categorical_accuracy: 0.7313 - val_student_loss: 0.8957 - lr: 8.0000e-04 - 51s/epoch - 6ms/step
Epoch 206/500
8005/8005 - 54s - categorical_accuracy: 0.7542 - student_loss: 0.5695 - distillation_loss: 0.0944 - loss: 0.5695 - val_categorical_accuracy: 0.7319 - val_student_loss: 0.7337 - lr: 8.0000e-04 - 54s/epoch - 7ms/step
Epoch 207/500
8005/8005 - 51s - categorical_accuracy: 0.7547 - student_loss: 0.4039 - distillation_loss: 0.1145 - loss: 0.4039 - val_categorical_accuracy: 0.7318 - val_student_loss: 0.7720 - lr: 8.0000e-04 - 51s/epoch - 6ms/step
Epoch 208/500
8005/8005 - 51s - categorical_accuracy: 0.7551 - student_loss: 0.8862 - distillation_loss: 0.2302 - loss: 0.8862 - val_categorical_accuracy: 0.7305 - val_student_loss: 0.8005 - lr: 8.0000e-04 - 51s/epoch - 6ms/step
Epoch 209/500
8005/8005 - 50s - categorical_accuracy: 0.7553 - student_loss: 0.5576 - distillation_loss: 0.1504 - loss: 0.5576 - val_categorical_accuracy: 0.7302 - val_student_loss: 0.8170 - lr: 8.0000e-04 - 50s/epoch - 6ms/step
Epoch 210/500
8005/8005 - 51s - categorical_accuracy: 0.7551 - student_loss: 0.8147 - distillation_loss: 0.1891 - loss: 0.8147 - val_categorical_accuracy: 0.7266 - val_student_loss: 0.8583 - lr: 8.0000e-04 - 51s/epoch - 6ms/step
Epoch 211/500
8005/8005 - 51s - categorical_accuracy: 0.7547 - student_loss: 0.6284 - distillation_loss: 0.1176 - loss: 0.6284 - val_categorical_accuracy: 0.7335 - val_student_loss: 0.8084 - lr: 8.0000e-04 - 51s/epoch - 6ms/step
Epoch 212/500
8005/8005 - 53s - categorical_accuracy: 0.7547 - student_loss: 0.4941 - distillation_loss: 0.1539 - loss: 0.4941 - val_categorical_accuracy: 0.7306 - val_student_loss: 0.7947 - lr: 8.0000e-04 - 53s/epoch - 7ms/step
Epoch 213/500
8005/8005 - 50s - categorical_accuracy: 0.7552 - student_loss: 0.4901 - distillation_loss: 0.1062 - loss: 0.4901 - val_categorical_accuracy: 0.7347 - val_student_loss: 0.7337 - lr: 8.0000e-04 - 50s/epoch - 6ms/step
Epoch 214/500
8005/8005 - 50s - categorical_accuracy: 0.7548 - student_loss: 0.5275 - distillation_loss: 0.1312 - loss: 0.5275 - val_categorical_accuracy: 0.7346 - val_student_loss: 0.7785 - lr: 8.0000e-04 - 50s/epoch - 6ms/step
Epoch 215/500
8005/8005 - 50s - categorical_accuracy: 0.7552 - student_loss: 0.5486 - distillation_loss: 0.1151 - loss: 0.5486 - val_categorical_accuracy: 0.7307 - val_student_loss: 0.6784 - lr: 8.0000e-04 - 50s/epoch - 6ms/step
Epoch 216/500
8005/8005 - 50s - categorical_accuracy: 0.7553 - student_loss: 0.7909 - distillation_loss: 0.2034 - loss: 0.7909 - val_categorical_accuracy: 0.7341 - val_student_loss: 0.7875 - lr: 8.0000e-04 - 50s/epoch - 6ms/step
Epoch 217/500
8005/8005 - 50s - categorical_accuracy: 0.7550 - student_loss: 0.6938 - distillation_loss: 0.1294 - loss: 0.6938 - val_categorical_accuracy: 0.7252 - val_student_loss: 0.7488 - lr: 8.0000e-04 - 50s/epoch - 6ms/step
Epoch 218/500
8005/8005 - 53s - categorical_accuracy: 0.7547 - student_loss: 0.5965 - distillation_loss: 0.2075 - loss: 0.5965 - val_categorical_accuracy: 0.7346 - val_student_loss: 0.7327 - lr: 8.0000e-04 - 53s/epoch - 7ms/step
Epoch 219/500
8005/8005 - 50s - categorical_accuracy: 0.7550 - student_loss: 0.7438 - distillation_loss: 0.1956 - loss: 0.7438 - val_categorical_accuracy: 0.7339 - val_student_loss: 0.7269 - lr: 8.0000e-04 - 50s/epoch - 6ms/step
Epoch 220/500
8005/8005 - 50s - categorical_accuracy: 0.7553 - student_loss: 0.7023 - distillation_loss: 0.0993 - loss: 0.7023 - val_categorical_accuracy: 0.7238 - val_student_loss: 0.8770 - lr: 8.0000e-04 - 50s/epoch - 6ms/step
Epoch 221/500
8005/8005 - 50s - categorical_accuracy: 0.7554 - student_loss: 0.5750 - distillation_loss: 0.1738 - loss: 0.5750 - val_categorical_accuracy: 0.7330 - val_student_loss: 0.8153 - lr: 8.0000e-04 - 50s/epoch - 6ms/step
Epoch 222/500
8005/8005 - 51s - categorical_accuracy: 0.7552 - student_loss: 0.7536 - distillation_loss: 0.2448 - loss: 0.7536 - val_categorical_accuracy: 0.7272 - val_student_loss: 0.7444 - lr: 8.0000e-04 - 51s/epoch - 6ms/step
Epoch 223/500
8005/8005 - 50s - categorical_accuracy: 0.7557 - student_loss: 0.5590 - distillation_loss: 0.0908 - loss: 0.5590 - val_categorical_accuracy: 0.7255 - val_student_loss: 0.8353 - lr: 8.0000e-04 - 50s/epoch - 6ms/step
Epoch 224/500
8005/8005 - 53s - categorical_accuracy: 0.7559 - student_loss: 0.5424 - distillation_loss: 0.0844 - loss: 0.5424 - val_categorical_accuracy: 0.7325 - val_student_loss: 0.7930 - lr: 8.0000e-04 - 53s/epoch - 7ms/step
Epoch 225/500
8005/8005 - 50s - categorical_accuracy: 0.7554 - student_loss: 0.6109 - distillation_loss: 0.1297 - loss: 0.6109 - val_categorical_accuracy: 0.7305 - val_student_loss: 0.7193 - lr: 8.0000e-04 - 50s/epoch - 6ms/step
Epoch 226/500
8005/8005 - 51s - categorical_accuracy: 0.7556 - student_loss: 0.6700 - distillation_loss: 0.1361 - loss: 0.6700 - val_categorical_accuracy: 0.7269 - val_student_loss: 0.7595 - lr: 8.0000e-04 - 51s/epoch - 6ms/step
Epoch 227/500
8005/8005 - 50s - categorical_accuracy: 0.7557 - student_loss: 0.8278 - distillation_loss: 0.1781 - loss: 0.8278 - val_categorical_accuracy: 0.7327 - val_student_loss: 0.7554 - lr: 8.0000e-04 - 50s/epoch - 6ms/step
Epoch 228/500
8005/8005 - 50s - categorical_accuracy: 0.7560 - student_loss: 0.4818 - distillation_loss: 0.1367 - loss: 0.4818 - val_categorical_accuracy: 0.7254 - val_student_loss: 0.8347 - lr: 8.0000e-04 - 50s/epoch - 6ms/step
Epoch 229/500
8005/8005 - 51s - categorical_accuracy: 0.7556 - student_loss: 0.5374 - distillation_loss: 0.1130 - loss: 0.5374 - val_categorical_accuracy: 0.7255 - val_student_loss: 0.7894 - lr: 8.0000e-04 - 51s/epoch - 6ms/step
Epoch 230/500
8005/8005 - 53s - categorical_accuracy: 0.7561 - student_loss: 0.4912 - distillation_loss: 0.0865 - loss: 0.4912 - val_categorical_accuracy: 0.7255 - val_student_loss: 0.8639 - lr: 8.0000e-04 - 53s/epoch - 7ms/step
Epoch 231/500
8005/8005 - 50s - categorical_accuracy: 0.7596 - student_loss: 0.5879 - distillation_loss: 0.0914 - loss: 0.5879 - val_categorical_accuracy: 0.7355 - val_student_loss: 0.7484 - lr: 6.4000e-04 - 50s/epoch - 6ms/step
Epoch 232/500
8005/8005 - 51s - categorical_accuracy: 0.7602 - student_loss: 0.6676 - distillation_loss: 0.1899 - loss: 0.6676 - val_categorical_accuracy: 0.7314 - val_student_loss: 0.8155 - lr: 6.4000e-04 - 51s/epoch - 6ms/step
Epoch 233/500
8005/8005 - 51s - categorical_accuracy: 0.7601 - student_loss: 0.8955 - distillation_loss: 0.2948 - loss: 0.8955 - val_categorical_accuracy: 0.7349 - val_student_loss: 0.8055 - lr: 6.4000e-04 - 51s/epoch - 6ms/step
Epoch 234/500
8005/8005 - 51s - categorical_accuracy: 0.7597 - student_loss: 0.8257 - distillation_loss: 0.1792 - loss: 0.8257 - val_categorical_accuracy: 0.7334 - val_student_loss: 0.7988 - lr: 6.4000e-04 - 51s/epoch - 6ms/step
Epoch 235/500
8005/8005 - 50s - categorical_accuracy: 0.7602 - student_loss: 0.5709 - distillation_loss: 0.0933 - loss: 0.5709 - val_categorical_accuracy: 0.7307 - val_student_loss: 0.7769 - lr: 6.4000e-04 - 50s/epoch - 6ms/step
Epoch 236/500
8005/8005 - 53s - categorical_accuracy: 0.7599 - student_loss: 0.8009 - distillation_loss: 0.2598 - loss: 0.8009 - val_categorical_accuracy: 0.7319 - val_student_loss: 0.7742 - lr: 6.4000e-04 - 53s/epoch - 7ms/step
Epoch 237/500
8005/8005 - 51s - categorical_accuracy: 0.7600 - student_loss: 0.5806 - distillation_loss: 0.1379 - loss: 0.5806 - val_categorical_accuracy: 0.7341 - val_student_loss: 0.7809 - lr: 6.4000e-04 - 51s/epoch - 6ms/step
Epoch 238/500
8005/8005 - 50s - categorical_accuracy: 0.7603 - student_loss: 0.5432 - distillation_loss: 0.0577 - loss: 0.5432 - val_categorical_accuracy: 0.7356 - val_student_loss: 0.7301 - lr: 6.4000e-04 - 50s/epoch - 6ms/step
Epoch 239/500
8005/8005 - 50s - categorical_accuracy: 0.7601 - student_loss: 0.6642 - distillation_loss: 0.0968 - loss: 0.6642 - val_categorical_accuracy: 0.7338 - val_student_loss: 0.7467 - lr: 6.4000e-04 - 50s/epoch - 6ms/step
Epoch 240/500
8005/8005 - 50s - categorical_accuracy: 0.7599 - student_loss: 0.5417 - distillation_loss: 0.1425 - loss: 0.5417 - val_categorical_accuracy: 0.7318 - val_student_loss: 0.8341 - lr: 6.4000e-04 - 50s/epoch - 6ms/step
Epoch 241/500
8005/8005 - 50s - categorical_accuracy: 0.7606 - student_loss: 0.5270 - distillation_loss: 0.1650 - loss: 0.5270 - val_categorical_accuracy: 0.7333 - val_student_loss: 0.7792 - lr: 6.4000e-04 - 50s/epoch - 6ms/step
Epoch 242/500
8005/8005 - 53s - categorical_accuracy: 0.7600 - student_loss: 0.6870 - distillation_loss: 0.1845 - loss: 0.6870 - val_categorical_accuracy: 0.7336 - val_student_loss: 0.8024 - lr: 6.4000e-04 - 53s/epoch - 7ms/step
Epoch 243/500
8005/8005 - 50s - categorical_accuracy: 0.7606 - student_loss: 0.7769 - distillation_loss: 0.1856 - loss: 0.7769 - val_categorical_accuracy: 0.7323 - val_student_loss: 0.8279 - lr: 6.4000e-04 - 50s/epoch - 6ms/step
Epoch 244/500
8005/8005 - 50s - categorical_accuracy: 0.7606 - student_loss: 0.4057 - distillation_loss: 0.0900 - loss: 0.4057 - val_categorical_accuracy: 0.7341 - val_student_loss: 0.7747 - lr: 6.4000e-04 - 50s/epoch - 6ms/step
Epoch 245/500
8005/8005 - 50s - categorical_accuracy: 0.7604 - student_loss: 0.6390 - distillation_loss: 0.1602 - loss: 0.6390 - val_categorical_accuracy: 0.7227 - val_student_loss: 0.8016 - lr: 6.4000e-04 - 50s/epoch - 6ms/step
Epoch 246/500
8005/8005 - 51s - categorical_accuracy: 0.7604 - student_loss: 0.4999 - distillation_loss: 0.1766 - loss: 0.4999 - val_categorical_accuracy: 0.7316 - val_student_loss: 0.8163 - lr: 6.4000e-04 - 51s/epoch - 6ms/step
Epoch 247/500
8005/8005 - 50s - categorical_accuracy: 0.7604 - student_loss: 0.7209 - distillation_loss: 0.1140 - loss: 0.7209 - val_categorical_accuracy: 0.7340 - val_student_loss: 0.7908 - lr: 6.4000e-04 - 50s/epoch - 6ms/step
Epoch 248/500
8005/8005 - 53s - categorical_accuracy: 0.7601 - student_loss: 0.5268 - distillation_loss: 0.1798 - loss: 0.5268 - val_categorical_accuracy: 0.7271 - val_student_loss: 0.8845 - lr: 6.4000e-04 - 53s/epoch - 7ms/step
Epoch 249/500
8005/8005 - 50s - categorical_accuracy: 0.7610 - student_loss: 0.5442 - distillation_loss: 0.1021 - loss: 0.5442 - val_categorical_accuracy: 0.7347 - val_student_loss: 0.7697 - lr: 6.4000e-04 - 50s/epoch - 6ms/step
Epoch 250/500
8005/8005 - 50s - categorical_accuracy: 0.7606 - student_loss: 0.5520 - distillation_loss: 0.1247 - loss: 0.5520 - val_categorical_accuracy: 0.7311 - val_student_loss: 0.7785 - lr: 6.4000e-04 - 50s/epoch - 6ms/step
Epoch 251/500
8005/8005 - 50s - categorical_accuracy: 0.7604 - student_loss: 0.5432 - distillation_loss: 0.1401 - loss: 0.5432 - val_categorical_accuracy: 0.7320 - val_student_loss: 0.7969 - lr: 6.4000e-04 - 50s/epoch - 6ms/step
Epoch 252/500
8005/8005 - 51s - categorical_accuracy: 0.7607 - student_loss: 0.8233 - distillation_loss: 0.1857 - loss: 0.8233 - val_categorical_accuracy: 0.7351 - val_student_loss: 0.7222 - lr: 6.4000e-04 - 51s/epoch - 6ms/step
Epoch 253/500
8005/8005 - 50s - categorical_accuracy: 0.7606 - student_loss: 0.5814 - distillation_loss: 0.1122 - loss: 0.5814 - val_categorical_accuracy: 0.7333 - val_student_loss: 0.7811 - lr: 6.4000e-04 - 50s/epoch - 6ms/step
Epoch 254/500
8005/8005 - 53s - categorical_accuracy: 0.7604 - student_loss: 0.5743 - distillation_loss: 0.1180 - loss: 0.5743 - val_categorical_accuracy: 0.7318 - val_student_loss: 0.7501 - lr: 6.4000e-04 - 53s/epoch - 7ms/step
Epoch 255/500
8005/8005 - 51s - categorical_accuracy: 0.7609 - student_loss: 0.6488 - distillation_loss: 0.0804 - loss: 0.6488 - val_categorical_accuracy: 0.7347 - val_student_loss: 0.7575 - lr: 6.4000e-04 - 51s/epoch - 6ms/step
Epoch 256/500
8005/8005 - 51s - categorical_accuracy: 0.7607 - student_loss: 0.6928 - distillation_loss: 0.0962 - loss: 0.6928 - val_categorical_accuracy: 0.7310 - val_student_loss: 0.8161 - lr: 6.4000e-04 - 51s/epoch - 6ms/step
Epoch 257/500
8005/8005 - 51s - categorical_accuracy: 0.7606 - student_loss: 0.5407 - distillation_loss: 0.1428 - loss: 0.5407 - val_categorical_accuracy: 0.7329 - val_student_loss: 0.8458 - lr: 6.4000e-04 - 51s/epoch - 6ms/step
Epoch 258/500
8005/8005 - 51s - categorical_accuracy: 0.7607 - student_loss: 0.4194 - distillation_loss: 0.1019 - loss: 0.4194 - val_categorical_accuracy: 0.7349 - val_student_loss: 0.7511 - lr: 6.4000e-04 - 51s/epoch - 6ms/step
Epoch 259/500
8005/8005 - 53s - categorical_accuracy: 0.7604 - student_loss: 0.6698 - distillation_loss: 0.0941 - loss: 0.6698 - val_categorical_accuracy: 0.7275 - val_student_loss: 0.7519 - lr: 6.4000e-04 - 53s/epoch - 7ms/step
Epoch 260/500
8005/8005 - 51s - categorical_accuracy: 0.7598 - student_loss: 0.7856 - distillation_loss: 0.1589 - loss: 0.7856 - val_categorical_accuracy: 0.7324 - val_student_loss: 0.8127 - lr: 6.4000e-04 - 51s/epoch - 6ms/step
Epoch 261/500
8005/8005 - 50s - categorical_accuracy: 0.7609 - student_loss: 0.7831 - distillation_loss: 0.1732 - loss: 0.7831 - val_categorical_accuracy: 0.7331 - val_student_loss: 0.7888 - lr: 6.4000e-04 - 50s/epoch - 6ms/step
Epoch 262/500
8005/8005 - 51s - categorical_accuracy: 0.7610 - student_loss: 0.5641 - distillation_loss: 0.1054 - loss: 0.5641 - val_categorical_accuracy: 0.7355 - val_student_loss: 0.6994 - lr: 6.4000e-04 - 51s/epoch - 6ms/step
Epoch 263/500
8005/8005 - 50s - categorical_accuracy: 0.7610 - student_loss: 0.8652 - distillation_loss: 0.1228 - loss: 0.8652 - val_categorical_accuracy: 0.7291 - val_student_loss: 0.8956 - lr: 6.4000e-04 - 50s/epoch - 6ms/step
Epoch 264/500
8005/8005 - 51s - categorical_accuracy: 0.7611 - student_loss: 0.7404 - distillation_loss: 0.1747 - loss: 0.7404 - val_categorical_accuracy: 0.7332 - val_student_loss: 0.8501 - lr: 6.4000e-04 - 51s/epoch - 6ms/step
Epoch 265/500
8005/8005 - 53s - categorical_accuracy: 0.7609 - student_loss: 0.7898 - distillation_loss: 0.1165 - loss: 0.7898 - val_categorical_accuracy: 0.7337 - val_student_loss: 0.7031 - lr: 6.4000e-04 - 53s/epoch - 7ms/step
Epoch 266/500
8005/8005 - 50s - categorical_accuracy: 0.7610 - student_loss: 0.6569 - distillation_loss: 0.3315 - loss: 0.6569 - val_categorical_accuracy: 0.7309 - val_student_loss: 0.7632 - lr: 6.4000e-04 - 50s/epoch - 6ms/step
Epoch 267/500
8005/8005 - 50s - categorical_accuracy: 0.7611 - student_loss: 0.9879 - distillation_loss: 0.1859 - loss: 0.9879 - val_categorical_accuracy: 0.7268 - val_student_loss: 0.7724 - lr: 6.4000e-04 - 50s/epoch - 6ms/step
Epoch 268/500
8005/8005 - 50s - categorical_accuracy: 0.7611 - student_loss: 0.6737 - distillation_loss: 0.1903 - loss: 0.6737 - val_categorical_accuracy: 0.7258 - val_student_loss: 0.8509 - lr: 6.4000e-04 - 50s/epoch - 6ms/step
Epoch 269/500
8005/8005 - 50s - categorical_accuracy: 0.7611 - student_loss: 0.8067 - distillation_loss: 0.1317 - loss: 0.8067 - val_categorical_accuracy: 0.7313 - val_student_loss: 0.7856 - lr: 6.4000e-04 - 50s/epoch - 6ms/step
Epoch 270/500
8005/8005 - 50s - categorical_accuracy: 0.7609 - student_loss: 0.9278 - distillation_loss: 0.1844 - loss: 0.9278 - val_categorical_accuracy: 0.7316 - val_student_loss: 0.7045 - lr: 6.4000e-04 - 50s/epoch - 6ms/step
Epoch 271/500
8005/8005 - 53s - categorical_accuracy: 0.7608 - student_loss: 0.5637 - distillation_loss: 0.1671 - loss: 0.5637 - val_categorical_accuracy: 0.7304 - val_student_loss: 0.8363 - lr: 6.4000e-04 - 53s/epoch - 7ms/step
Epoch 272/500
8005/8005 - 50s - categorical_accuracy: 0.7642 - student_loss: 0.5498 - distillation_loss: 0.1753 - loss: 0.5498 - val_categorical_accuracy: 0.7346 - val_student_loss: 0.7977 - lr: 5.1200e-04 - 50s/epoch - 6ms/step
Epoch 273/500
8005/8005 - 50s - categorical_accuracy: 0.7643 - student_loss: 0.7029 - distillation_loss: 0.1596 - loss: 0.7029 - val_categorical_accuracy: 0.7248 - val_student_loss: 0.8327 - lr: 5.1200e-04 - 50s/epoch - 6ms/step
Epoch 274/500
8005/8005 - 50s - categorical_accuracy: 0.7644 - student_loss: 0.5721 - distillation_loss: 0.1962 - loss: 0.5721 - val_categorical_accuracy: 0.7354 - val_student_loss: 0.7441 - lr: 5.1200e-04 - 50s/epoch - 6ms/step
Epoch 275/500
8005/8005 - 50s - categorical_accuracy: 0.7651 - student_loss: 0.6042 - distillation_loss: 0.1500 - loss: 0.6042 - val_categorical_accuracy: 0.7336 - val_student_loss: 0.7858 - lr: 5.1200e-04 - 50s/epoch - 6ms/step
Epoch 276/500
8005/8005 - 50s - categorical_accuracy: 0.7648 - student_loss: 0.5979 - distillation_loss: 0.1726 - loss: 0.5979 - val_categorical_accuracy: 0.7349 - val_student_loss: 0.7519 - lr: 5.1200e-04 - 50s/epoch - 6ms/step
Epoch 277/500
8005/8005 - 53s - categorical_accuracy: 0.7645 - student_loss: 0.9310 - distillation_loss: 0.1463 - loss: 0.9310 - val_categorical_accuracy: 0.7346 - val_student_loss: 0.7760 - lr: 5.1200e-04 - 53s/epoch - 7ms/step
Epoch 278/500
8005/8005 - 50s - categorical_accuracy: 0.7649 - student_loss: 0.6458 - distillation_loss: 0.2169 - loss: 0.6458 - val_categorical_accuracy: 0.7340 - val_student_loss: 0.7068 - lr: 5.1200e-04 - 50s/epoch - 6ms/step
Epoch 279/500
8005/8005 - 50s - categorical_accuracy: 0.7644 - student_loss: 0.6309 - distillation_loss: 0.1368 - loss: 0.6309 - val_categorical_accuracy: 0.7318 - val_student_loss: 0.8077 - lr: 5.1200e-04 - 50s/epoch - 6ms/step
Epoch 280/500
8005/8005 - 50s - categorical_accuracy: 0.7648 - student_loss: 0.6664 - distillation_loss: 0.1891 - loss: 0.6664 - val_categorical_accuracy: 0.7316 - val_student_loss: 0.7793 - lr: 5.1200e-04 - 50s/epoch - 6ms/step
Epoch 281/500
8005/8005 - 50s - categorical_accuracy: 0.7651 - student_loss: 0.6388 - distillation_loss: 0.1643 - loss: 0.6388 - val_categorical_accuracy: 0.7347 - val_student_loss: 0.7829 - lr: 5.1200e-04 - 50s/epoch - 6ms/step
Epoch 282/500
8005/8005 - 50s - categorical_accuracy: 0.7649 - student_loss: 0.4928 - distillation_loss: 0.1419 - loss: 0.4928 - val_categorical_accuracy: 0.7330 - val_student_loss: 0.7516 - lr: 5.1200e-04 - 50s/epoch - 6ms/step
Epoch 283/500
8005/8005 - 53s - categorical_accuracy: 0.7652 - student_loss: 0.7420 - distillation_loss: 0.0940 - loss: 0.7420 - val_categorical_accuracy: 0.7344 - val_student_loss: 0.7744 - lr: 5.1200e-04 - 53s/epoch - 7ms/step
Epoch 284/500
8005/8005 - 50s - categorical_accuracy: 0.7647 - student_loss: 0.7473 - distillation_loss: 0.1809 - loss: 0.7473 - val_categorical_accuracy: 0.7325 - val_student_loss: 0.7482 - lr: 5.1200e-04 - 50s/epoch - 6ms/step
Epoch 285/500
8005/8005 - 50s - categorical_accuracy: 0.7649 - student_loss: 0.4499 - distillation_loss: 0.1454 - loss: 0.4499 - val_categorical_accuracy: 0.7328 - val_student_loss: 0.8185 - lr: 5.1200e-04 - 50s/epoch - 6ms/step
Epoch 286/500
8005/8005 - 50s - categorical_accuracy: 0.7645 - student_loss: 0.5409 - distillation_loss: 0.0713 - loss: 0.5409 - val_categorical_accuracy: 0.7312 - val_student_loss: 0.8293 - lr: 5.1200e-04 - 50s/epoch - 6ms/step
Epoch 287/500
8005/8005 - 50s - categorical_accuracy: 0.7649 - student_loss: 0.5754 - distillation_loss: 0.0956 - loss: 0.5754 - val_categorical_accuracy: 0.7353 - val_student_loss: 0.7172 - lr: 5.1200e-04 - 50s/epoch - 6ms/step
Epoch 288/500
8005/8005 - 50s - categorical_accuracy: 0.7649 - student_loss: 0.7417 - distillation_loss: 0.1323 - loss: 0.7417 - val_categorical_accuracy: 0.7353 - val_student_loss: 0.7775 - lr: 5.1200e-04 - 50s/epoch - 6ms/step
[92mSaving student model to: [0m trained_students/jedinet_dnn_minmax
Loss vs epochs plot saved to trained_students/jedinet_dnn_minmax.
Accuracy vs epochs plot saved to trained_students/jedinet_dnn_minmax.
[92m
Plots done! [0m
