[96m
GPU: NVIDIA GeForce GTX 1080 Ti[0m
[92mSaved hyperparameters to json file.[0m
[95m
DATA DETAILS[0m
[95m-----------[0m
data_folder: /work/deodagiu/ki_data/intnet_input
norm: robust
train_events: -1
test_events: 0
pt_min: 2.0
nconstituents: 16
feature_selection: jedinet

----------------
[92mData loading complete:[0m
Training data size: 5.72e+05
Test data size: 0.00e+00
----------------

Shuffling constituents...
[92mShuffled the training data! 🃏
[0m
Instantiating model with the hyperparameters:
effects_nnodes: 150
dynamic_nnodes: 100
abstrac_nnodes: 75
effects_activ: relu
dynamic_activ: relu
abstrac_activ: relu
neffects: 45
ndynamics: 30
l2: 0.05
summation: True
[92mModel compiled and built![0m
[95m

TRAINING THE MODEL 💪[0m

Training parameters
-------------------
[92mOptimiser: 	[0m {'name': 'Adam', 'learning_rate': 0.001, 'decay': 0.0, 'beta_1': 0.9, 'beta_2': 0.999, 'epsilon': 1e-07, 'amsgrad': False}
[92mBatch size: 	[0m 100
[92mLearning rate: 	[0m 0.001
[92mTraining epochs:[0m 200
[92mLoss: 		[0m categorical_crossentropy

Epoch 1/200
4003/4003 - 180s - loss: 1.1862 - categorical_accuracy: 0.7002 - val_loss: 0.7388 - val_categorical_accuracy: 0.7357 - lr: 0.0010 - 180s/epoch - 45ms/step
Epoch 2/200
4003/4003 - 177s - loss: 0.7097 - categorical_accuracy: 0.7493 - val_loss: 0.6990 - val_categorical_accuracy: 0.7528 - lr: 0.0010 - 177s/epoch - 44ms/step
Epoch 3/200
4003/4003 - 177s - loss: 0.6916 - categorical_accuracy: 0.7560 - val_loss: 0.6729 - val_categorical_accuracy: 0.7619 - lr: 0.0010 - 177s/epoch - 44ms/step
Epoch 4/200
4003/4003 - 177s - loss: 0.6780 - categorical_accuracy: 0.7611 - val_loss: 0.6658 - val_categorical_accuracy: 0.7647 - lr: 0.0010 - 177s/epoch - 44ms/step
Epoch 5/200
4003/4003 - 177s - loss: 0.6707 - categorical_accuracy: 0.7642 - val_loss: 0.6640 - val_categorical_accuracy: 0.7657 - lr: 0.0010 - 177s/epoch - 44ms/step
Epoch 6/200
4003/4003 - 177s - loss: 0.6644 - categorical_accuracy: 0.7670 - val_loss: 0.6799 - val_categorical_accuracy: 0.7591 - lr: 0.0010 - 177s/epoch - 44ms/step
Epoch 7/200
4003/4003 - 177s - loss: 0.6587 - categorical_accuracy: 0.7685 - val_loss: 0.6657 - val_categorical_accuracy: 0.7654 - lr: 0.0010 - 177s/epoch - 44ms/step
Epoch 8/200
4003/4003 - 177s - loss: 0.6553 - categorical_accuracy: 0.7697 - val_loss: 0.6574 - val_categorical_accuracy: 0.7680 - lr: 0.0010 - 177s/epoch - 44ms/step
Epoch 9/200
4003/4003 - 177s - loss: 0.6516 - categorical_accuracy: 0.7715 - val_loss: 0.6579 - val_categorical_accuracy: 0.7678 - lr: 0.0010 - 177s/epoch - 44ms/step
Epoch 10/200
4003/4003 - 177s - loss: 0.6483 - categorical_accuracy: 0.7724 - val_loss: 0.6499 - val_categorical_accuracy: 0.7720 - lr: 0.0010 - 177s/epoch - 44ms/step
Epoch 11/200
4003/4003 - 177s - loss: 0.6467 - categorical_accuracy: 0.7733 - val_loss: 0.6603 - val_categorical_accuracy: 0.7683 - lr: 0.0010 - 177s/epoch - 44ms/step
Epoch 12/200
4003/4003 - 177s - loss: 0.6432 - categorical_accuracy: 0.7747 - val_loss: 0.6780 - val_categorical_accuracy: 0.7613 - lr: 0.0010 - 177s/epoch - 44ms/step
Epoch 13/200
4003/4003 - 177s - loss: 0.6434 - categorical_accuracy: 0.7747 - val_loss: 0.6526 - val_categorical_accuracy: 0.7715 - lr: 0.0010 - 177s/epoch - 44ms/step
Epoch 14/200
4003/4003 - 177s - loss: 0.6402 - categorical_accuracy: 0.7757 - val_loss: 0.6415 - val_categorical_accuracy: 0.7752 - lr: 0.0010 - 177s/epoch - 44ms/step
Epoch 15/200
4003/4003 - 177s - loss: 0.6391 - categorical_accuracy: 0.7763 - val_loss: 0.6438 - val_categorical_accuracy: 0.7750 - lr: 0.0010 - 177s/epoch - 44ms/step
Epoch 16/200
4003/4003 - 177s - loss: 0.6375 - categorical_accuracy: 0.7770 - val_loss: 0.6413 - val_categorical_accuracy: 0.7763 - lr: 0.0010 - 177s/epoch - 44ms/step
Epoch 17/200
4003/4003 - 177s - loss: 0.6358 - categorical_accuracy: 0.7772 - val_loss: 0.6444 - val_categorical_accuracy: 0.7738 - lr: 0.0010 - 177s/epoch - 44ms/step
Epoch 18/200
4003/4003 - 177s - loss: 0.6351 - categorical_accuracy: 0.7774 - val_loss: 0.6528 - val_categorical_accuracy: 0.7703 - lr: 0.0010 - 177s/epoch - 44ms/step
Epoch 19/200
4003/4003 - 177s - loss: 0.6338 - categorical_accuracy: 0.7777 - val_loss: 0.6708 - val_categorical_accuracy: 0.7639 - lr: 0.0010 - 177s/epoch - 44ms/step
Epoch 20/200
4003/4003 - 177s - loss: 0.6325 - categorical_accuracy: 0.7786 - val_loss: 0.6366 - val_categorical_accuracy: 0.7772 - lr: 0.0010 - 177s/epoch - 44ms/step
Epoch 21/200
4003/4003 - 177s - loss: 0.6317 - categorical_accuracy: 0.7789 - val_loss: 0.6440 - val_categorical_accuracy: 0.7740 - lr: 0.0010 - 177s/epoch - 44ms/step
Epoch 22/200
4003/4003 - 177s - loss: 0.6308 - categorical_accuracy: 0.7793 - val_loss: 0.6384 - val_categorical_accuracy: 0.7762 - lr: 0.0010 - 177s/epoch - 44ms/step
Epoch 23/200
4003/4003 - 177s - loss: 0.6297 - categorical_accuracy: 0.7794 - val_loss: 0.6504 - val_categorical_accuracy: 0.7714 - lr: 0.0010 - 177s/epoch - 44ms/step
Epoch 24/200
4003/4003 - 177s - loss: 0.6291 - categorical_accuracy: 0.7793 - val_loss: 0.6405 - val_categorical_accuracy: 0.7758 - lr: 0.0010 - 177s/epoch - 44ms/step
Epoch 25/200
4003/4003 - 177s - loss: 0.6285 - categorical_accuracy: 0.7800 - val_loss: 0.6433 - val_categorical_accuracy: 0.7743 - lr: 0.0010 - 177s/epoch - 44ms/step
Epoch 26/200
4003/4003 - 177s - loss: 0.6275 - categorical_accuracy: 0.7802 - val_loss: 0.6500 - val_categorical_accuracy: 0.7722 - lr: 0.0010 - 177s/epoch - 44ms/step
Epoch 27/200
4003/4003 - 177s - loss: 0.6270 - categorical_accuracy: 0.7803 - val_loss: 0.6369 - val_categorical_accuracy: 0.7769 - lr: 0.0010 - 177s/epoch - 44ms/step
Epoch 28/200
4003/4003 - 177s - loss: 0.6260 - categorical_accuracy: 0.7805 - val_loss: 0.6486 - val_categorical_accuracy: 0.7714 - lr: 0.0010 - 177s/epoch - 44ms/step
Epoch 29/200
4003/4003 - 177s - loss: 0.6260 - categorical_accuracy: 0.7807 - val_loss: 0.6314 - val_categorical_accuracy: 0.7790 - lr: 0.0010 - 177s/epoch - 44ms/step
Epoch 30/200
4003/4003 - 177s - loss: 0.6251 - categorical_accuracy: 0.7809 - val_loss: 0.6426 - val_categorical_accuracy: 0.7743 - lr: 0.0010 - 177s/epoch - 44ms/step
Epoch 31/200
4003/4003 - 177s - loss: 0.6246 - categorical_accuracy: 0.7813 - val_loss: 0.6515 - val_categorical_accuracy: 0.7699 - lr: 0.0010 - 177s/epoch - 44ms/step
Epoch 32/200
4003/4003 - 177s - loss: 0.6241 - categorical_accuracy: 0.7816 - val_loss: 0.6366 - val_categorical_accuracy: 0.7781 - lr: 0.0010 - 177s/epoch - 44ms/step
Epoch 33/200
4003/4003 - 177s - loss: 0.6230 - categorical_accuracy: 0.7821 - val_loss: 0.6349 - val_categorical_accuracy: 0.7780 - lr: 0.0010 - 177s/epoch - 44ms/step
Epoch 34/200
4003/4003 - 177s - loss: 0.6230 - categorical_accuracy: 0.7819 - val_loss: 0.6345 - val_categorical_accuracy: 0.7792 - lr: 0.0010 - 177s/epoch - 44ms/step
Epoch 35/200
4003/4003 - 177s - loss: 0.6218 - categorical_accuracy: 0.7820 - val_loss: 0.6344 - val_categorical_accuracy: 0.7772 - lr: 0.0010 - 177s/epoch - 44ms/step
Epoch 36/200
4003/4003 - 177s - loss: 0.6215 - categorical_accuracy: 0.7822 - val_loss: 0.6377 - val_categorical_accuracy: 0.7769 - lr: 0.0010 - 177s/epoch - 44ms/step
Epoch 37/200
4003/4003 - 177s - loss: 0.6207 - categorical_accuracy: 0.7824 - val_loss: 0.6535 - val_categorical_accuracy: 0.7702 - lr: 0.0010 - 177s/epoch - 44ms/step
Epoch 38/200
4003/4003 - 177s - loss: 0.6213 - categorical_accuracy: 0.7823 - val_loss: 0.6439 - val_categorical_accuracy: 0.7750 - lr: 0.0010 - 177s/epoch - 44ms/step
Epoch 39/200
4003/4003 - 177s - loss: 0.6202 - categorical_accuracy: 0.7830 - val_loss: 0.6391 - val_categorical_accuracy: 0.7785 - lr: 0.0010 - 177s/epoch - 44ms/step
Epoch 40/200
4003/4003 - 177s - loss: 0.6195 - categorical_accuracy: 0.7832 - val_loss: 0.6341 - val_categorical_accuracy: 0.7784 - lr: 0.0010 - 177s/epoch - 44ms/step
Epoch 41/200
4003/4003 - 177s - loss: 0.6187 - categorical_accuracy: 0.7834 - val_loss: 0.6373 - val_categorical_accuracy: 0.7781 - lr: 0.0010 - 177s/epoch - 44ms/step
Epoch 42/200
4003/4003 - 177s - loss: 0.6193 - categorical_accuracy: 0.7831 - val_loss: 0.6446 - val_categorical_accuracy: 0.7734 - lr: 0.0010 - 177s/epoch - 44ms/step
Epoch 43/200
4003/4003 - 177s - loss: 0.6179 - categorical_accuracy: 0.7841 - val_loss: 0.6387 - val_categorical_accuracy: 0.7766 - lr: 0.0010 - 177s/epoch - 44ms/step
Epoch 44/200
4003/4003 - 177s - loss: 0.6183 - categorical_accuracy: 0.7836 - val_loss: 0.6306 - val_categorical_accuracy: 0.7798 - lr: 0.0010 - 177s/epoch - 44ms/step
Epoch 45/200
4003/4003 - 177s - loss: 0.6177 - categorical_accuracy: 0.7841 - val_loss: 0.6413 - val_categorical_accuracy: 0.7757 - lr: 0.0010 - 177s/epoch - 44ms/step
Epoch 46/200
4003/4003 - 177s - loss: 0.6167 - categorical_accuracy: 0.7847 - val_loss: 0.6481 - val_categorical_accuracy: 0.7723 - lr: 0.0010 - 177s/epoch - 44ms/step
Epoch 47/200
4003/4003 - 177s - loss: 0.6167 - categorical_accuracy: 0.7841 - val_loss: 0.6340 - val_categorical_accuracy: 0.7781 - lr: 0.0010 - 177s/epoch - 44ms/step
Epoch 48/200
4003/4003 - 177s - loss: 0.6165 - categorical_accuracy: 0.7842 - val_loss: 0.6505 - val_categorical_accuracy: 0.7724 - lr: 0.0010 - 177s/epoch - 44ms/step
Epoch 49/200
4003/4003 - 177s - loss: 0.6164 - categorical_accuracy: 0.7842 - val_loss: 0.6449 - val_categorical_accuracy: 0.7740 - lr: 0.0010 - 177s/epoch - 44ms/step
Epoch 50/200
4003/4003 - 177s - loss: 0.6164 - categorical_accuracy: 0.7844 - val_loss: 0.6402 - val_categorical_accuracy: 0.7752 - lr: 0.0010 - 177s/epoch - 44ms/step
Epoch 51/200
4003/4003 - 177s - loss: 0.6156 - categorical_accuracy: 0.7847 - val_loss: 0.6354 - val_categorical_accuracy: 0.7780 - lr: 0.0010 - 177s/epoch - 44ms/step
Epoch 52/200
4003/4003 - 177s - loss: 0.6150 - categorical_accuracy: 0.7850 - val_loss: 0.6377 - val_categorical_accuracy: 0.7767 - lr: 0.0010 - 177s/epoch - 44ms/step
Epoch 53/200
4003/4003 - 177s - loss: 0.6150 - categorical_accuracy: 0.7855 - val_loss: 0.6513 - val_categorical_accuracy: 0.7715 - lr: 0.0010 - 177s/epoch - 44ms/step
Epoch 54/200
4003/4003 - 177s - loss: 0.6142 - categorical_accuracy: 0.7848 - val_loss: 0.6417 - val_categorical_accuracy: 0.7762 - lr: 0.0010 - 177s/epoch - 44ms/step
Epoch 55/200
4003/4003 - 177s - loss: 0.6145 - categorical_accuracy: 0.7849 - val_loss: 0.6487 - val_categorical_accuracy: 0.7725 - lr: 0.0010 - 177s/epoch - 44ms/step
Epoch 56/200
4003/4003 - 177s - loss: 0.6138 - categorical_accuracy: 0.7854 - val_loss: 0.6366 - val_categorical_accuracy: 0.7785 - lr: 0.0010 - 177s/epoch - 44ms/step
Epoch 57/200
4003/4003 - 177s - loss: 0.6134 - categorical_accuracy: 0.7856 - val_loss: 0.6355 - val_categorical_accuracy: 0.7782 - lr: 0.0010 - 177s/epoch - 44ms/step
Epoch 58/200
4003/4003 - 177s - loss: 0.6131 - categorical_accuracy: 0.7857 - val_loss: 0.6352 - val_categorical_accuracy: 0.7773 - lr: 0.0010 - 177s/epoch - 44ms/step
Epoch 59/200
4003/4003 - 177s - loss: 0.6124 - categorical_accuracy: 0.7852 - val_loss: 0.6378 - val_categorical_accuracy: 0.7774 - lr: 0.0010 - 177s/epoch - 44ms/step
Epoch 60/200
4003/4003 - 177s - loss: 0.6063 - categorical_accuracy: 0.7882 - val_loss: 0.6560 - val_categorical_accuracy: 0.7698 - lr: 8.0000e-04 - 177s/epoch - 44ms/step
Epoch 61/200
4003/4003 - 177s - loss: 0.6062 - categorical_accuracy: 0.7878 - val_loss: 0.6374 - val_categorical_accuracy: 0.7790 - lr: 8.0000e-04 - 177s/epoch - 44ms/step
Epoch 62/200
4003/4003 - 177s - loss: 0.6056 - categorical_accuracy: 0.7884 - val_loss: 0.6354 - val_categorical_accuracy: 0.7781 - lr: 8.0000e-04 - 177s/epoch - 44ms/step
Epoch 63/200
4003/4003 - 177s - loss: 0.6049 - categorical_accuracy: 0.7880 - val_loss: 0.6332 - val_categorical_accuracy: 0.7788 - lr: 8.0000e-04 - 177s/epoch - 44ms/step
Epoch 64/200
4003/4003 - 177s - loss: 0.6040 - categorical_accuracy: 0.7884 - val_loss: 0.6358 - val_categorical_accuracy: 0.7794 - lr: 8.0000e-04 - 177s/epoch - 44ms/step
Epoch 65/200
4003/4003 - 178s - loss: 0.6042 - categorical_accuracy: 0.7888 - val_loss: 0.6404 - val_categorical_accuracy: 0.7767 - lr: 8.0000e-04 - 178s/epoch - 45ms/step
Epoch 66/200
4003/4003 - 176s - loss: 0.6040 - categorical_accuracy: 0.7888 - val_loss: 0.6351 - val_categorical_accuracy: 0.7787 - lr: 8.0000e-04 - 176s/epoch - 44ms/step
Epoch 67/200
4003/4003 - 176s - loss: 0.6038 - categorical_accuracy: 0.7885 - val_loss: 0.6379 - val_categorical_accuracy: 0.7773 - lr: 8.0000e-04 - 176s/epoch - 44ms/step
Epoch 68/200
4003/4003 - 176s - loss: 0.6038 - categorical_accuracy: 0.7887 - val_loss: 0.6368 - val_categorical_accuracy: 0.7784 - lr: 8.0000e-04 - 176s/epoch - 44ms/step
Epoch 69/200
4003/4003 - 177s - loss: 0.6030 - categorical_accuracy: 0.7888 - val_loss: 0.6598 - val_categorical_accuracy: 0.7689 - lr: 8.0000e-04 - 177s/epoch - 44ms/step
Epoch 70/200
4003/4003 - 177s - loss: 0.6028 - categorical_accuracy: 0.7890 - val_loss: 0.6524 - val_categorical_accuracy: 0.7721 - lr: 8.0000e-04 - 177s/epoch - 44ms/step
Epoch 71/200
4003/4003 - 176s - loss: 0.6026 - categorical_accuracy: 0.7888 - val_loss: 0.6336 - val_categorical_accuracy: 0.7794 - lr: 8.0000e-04 - 176s/epoch - 44ms/step
Epoch 72/200
4003/4003 - 176s - loss: 0.6024 - categorical_accuracy: 0.7892 - val_loss: 0.6455 - val_categorical_accuracy: 0.7736 - lr: 8.0000e-04 - 176s/epoch - 44ms/step
Epoch 73/200
4003/4003 - 176s - loss: 0.6020 - categorical_accuracy: 0.7895 - val_loss: 0.6410 - val_categorical_accuracy: 0.7775 - lr: 8.0000e-04 - 176s/epoch - 44ms/step
Epoch 74/200
4003/4003 - 177s - loss: 0.6018 - categorical_accuracy: 0.7894 - val_loss: 0.6361 - val_categorical_accuracy: 0.7780 - lr: 8.0000e-04 - 177s/epoch - 44ms/step
[92m
Saved model to: [0m trained_intnets/jedinet_exploration_17
Loss vs epochs plot saved to trained_intnets/jedinet_exploration_17.
Accuracy vs epochs plot saved to trained_intnets/jedinet_exploration_17.
[92m
Plots done! [0m
