[96m
GPU: NVIDIA GeForce GTX 1080 Ti[0m
[92mSaved hyperparameters to json file.[0m
[95m
DATA DETAILS[0m
[95m-----------[0m
data_folder: /work/deodagiu/ki_data/intnet_input
norm: robust
train_events: -1
test_events: 0
pt_min: 2.0
nconstituents: 16
feature_selection: jedinet

----------------
[92mData loading complete:[0m
Training data size: 5.72e+05
Test data size: 0.00e+00
----------------

Shuffling constituents...
[92mShuffled the training data! 🃏
[0m
Instantiating model with the hyperparameters:
effects_nnodes: 75
dynamic_nnodes: 50
abstrac_nnodes: 40
effects_activ: relu
dynamic_activ: relu
abstrac_activ: relu
neffects: 20
ndynamics: 15
l2: 0.005
summation: True
[92mModel compiled and built![0m
[95m

TRAINING THE MODEL 💪[0m

Training parameters
-------------------
[92mOptimiser: 	[0m {'name': 'Adam', 'learning_rate': 0.001, 'decay': 0.0, 'beta_1': 0.9, 'beta_2': 0.999, 'epsilon': 1e-07, 'amsgrad': False}
[92mBatch size: 	[0m 100
[92mLearning rate: 	[0m 0.001
[92mTraining epochs:[0m 200
[92mLoss: 		[0m categorical_crossentropy

Epoch 1/200
4003/4003 - 91s - loss: 1.0350 - categorical_accuracy: 0.6918 - val_loss: 0.8122 - val_categorical_accuracy: 0.7400 - lr: 0.0010 - 91s/epoch - 23ms/step
Epoch 2/200
4003/4003 - 89s - loss: 0.7995 - categorical_accuracy: 0.7383 - val_loss: 0.7810 - val_categorical_accuracy: 0.7383 - lr: 0.0010 - 89s/epoch - 22ms/step
Epoch 3/200
4003/4003 - 90s - loss: 0.7622 - categorical_accuracy: 0.7459 - val_loss: 0.7382 - val_categorical_accuracy: 0.7516 - lr: 0.0010 - 90s/epoch - 22ms/step
Epoch 4/200
4003/4003 - 89s - loss: 0.7344 - categorical_accuracy: 0.7503 - val_loss: 0.7232 - val_categorical_accuracy: 0.7514 - lr: 0.0010 - 89s/epoch - 22ms/step
Epoch 5/200
4003/4003 - 89s - loss: 0.7109 - categorical_accuracy: 0.7551 - val_loss: 0.6979 - val_categorical_accuracy: 0.7570 - lr: 0.0010 - 89s/epoch - 22ms/step
Epoch 6/200
4003/4003 - 90s - loss: 0.6918 - categorical_accuracy: 0.7587 - val_loss: 0.7159 - val_categorical_accuracy: 0.7483 - lr: 0.0010 - 90s/epoch - 23ms/step
Epoch 7/200
4003/4003 - 89s - loss: 0.6839 - categorical_accuracy: 0.7608 - val_loss: 0.6875 - val_categorical_accuracy: 0.7592 - lr: 0.0010 - 89s/epoch - 22ms/step
Epoch 8/200
4003/4003 - 89s - loss: 0.6791 - categorical_accuracy: 0.7629 - val_loss: 0.6700 - val_categorical_accuracy: 0.7656 - lr: 0.0010 - 89s/epoch - 22ms/step
Epoch 9/200
4003/4003 - 89s - loss: 0.6750 - categorical_accuracy: 0.7646 - val_loss: 0.6696 - val_categorical_accuracy: 0.7654 - lr: 0.0010 - 89s/epoch - 22ms/step
Epoch 10/200
4003/4003 - 90s - loss: 0.6716 - categorical_accuracy: 0.7659 - val_loss: 0.6642 - val_categorical_accuracy: 0.7685 - lr: 0.0010 - 90s/epoch - 22ms/step
Epoch 11/200
4003/4003 - 90s - loss: 0.6696 - categorical_accuracy: 0.7666 - val_loss: 0.6670 - val_categorical_accuracy: 0.7664 - lr: 0.0010 - 90s/epoch - 22ms/step
Epoch 12/200
4003/4003 - 90s - loss: 0.6673 - categorical_accuracy: 0.7672 - val_loss: 0.6797 - val_categorical_accuracy: 0.7632 - lr: 0.0010 - 90s/epoch - 22ms/step
Epoch 13/200
4003/4003 - 90s - loss: 0.6659 - categorical_accuracy: 0.7681 - val_loss: 0.6712 - val_categorical_accuracy: 0.7656 - lr: 0.0010 - 90s/epoch - 22ms/step
Epoch 14/200
4003/4003 - 89s - loss: 0.6631 - categorical_accuracy: 0.7687 - val_loss: 0.6550 - val_categorical_accuracy: 0.7713 - lr: 0.0010 - 89s/epoch - 22ms/step
Epoch 15/200
4003/4003 - 90s - loss: 0.6617 - categorical_accuracy: 0.7694 - val_loss: 0.6654 - val_categorical_accuracy: 0.7680 - lr: 0.0010 - 90s/epoch - 22ms/step
Epoch 16/200
4003/4003 - 90s - loss: 0.6603 - categorical_accuracy: 0.7702 - val_loss: 0.6535 - val_categorical_accuracy: 0.7718 - lr: 0.0010 - 90s/epoch - 23ms/step
Epoch 17/200
4003/4003 - 90s - loss: 0.6592 - categorical_accuracy: 0.7706 - val_loss: 0.6592 - val_categorical_accuracy: 0.7699 - lr: 0.0010 - 90s/epoch - 22ms/step
Epoch 18/200
4003/4003 - 89s - loss: 0.6580 - categorical_accuracy: 0.7706 - val_loss: 0.6583 - val_categorical_accuracy: 0.7692 - lr: 0.0010 - 89s/epoch - 22ms/step
Epoch 19/200
4003/4003 - 90s - loss: 0.6575 - categorical_accuracy: 0.7708 - val_loss: 0.6785 - val_categorical_accuracy: 0.7607 - lr: 0.0010 - 90s/epoch - 22ms/step
Epoch 20/200
4003/4003 - 90s - loss: 0.6558 - categorical_accuracy: 0.7717 - val_loss: 0.6486 - val_categorical_accuracy: 0.7734 - lr: 0.0010 - 90s/epoch - 23ms/step
Epoch 21/200
4003/4003 - 89s - loss: 0.6541 - categorical_accuracy: 0.7724 - val_loss: 0.6599 - val_categorical_accuracy: 0.7696 - lr: 0.0010 - 89s/epoch - 22ms/step
Epoch 22/200
4003/4003 - 89s - loss: 0.6539 - categorical_accuracy: 0.7721 - val_loss: 0.6564 - val_categorical_accuracy: 0.7706 - lr: 0.0010 - 89s/epoch - 22ms/step
Epoch 23/200
4003/4003 - 90s - loss: 0.6526 - categorical_accuracy: 0.7729 - val_loss: 0.6649 - val_categorical_accuracy: 0.7683 - lr: 0.0010 - 90s/epoch - 22ms/step
Epoch 24/200
4003/4003 - 89s - loss: 0.6522 - categorical_accuracy: 0.7731 - val_loss: 0.6620 - val_categorical_accuracy: 0.7685 - lr: 0.0010 - 89s/epoch - 22ms/step
Epoch 25/200
4003/4003 - 89s - loss: 0.6514 - categorical_accuracy: 0.7732 - val_loss: 0.6636 - val_categorical_accuracy: 0.7661 - lr: 0.0010 - 89s/epoch - 22ms/step
Epoch 26/200
4003/4003 - 90s - loss: 0.6510 - categorical_accuracy: 0.7735 - val_loss: 0.6607 - val_categorical_accuracy: 0.7689 - lr: 0.0010 - 90s/epoch - 22ms/step
Epoch 27/200
4003/4003 - 90s - loss: 0.6501 - categorical_accuracy: 0.7739 - val_loss: 0.6468 - val_categorical_accuracy: 0.7737 - lr: 0.0010 - 90s/epoch - 22ms/step
Epoch 28/200
4003/4003 - 90s - loss: 0.6492 - categorical_accuracy: 0.7742 - val_loss: 0.6598 - val_categorical_accuracy: 0.7681 - lr: 0.0010 - 90s/epoch - 22ms/step
Epoch 29/200
4003/4003 - 90s - loss: 0.6491 - categorical_accuracy: 0.7745 - val_loss: 0.6487 - val_categorical_accuracy: 0.7737 - lr: 0.0010 - 90s/epoch - 22ms/step
Epoch 30/200
4003/4003 - 90s - loss: 0.6484 - categorical_accuracy: 0.7742 - val_loss: 0.6556 - val_categorical_accuracy: 0.7712 - lr: 0.0010 - 90s/epoch - 22ms/step
Epoch 31/200
4003/4003 - 89s - loss: 0.6479 - categorical_accuracy: 0.7748 - val_loss: 0.6552 - val_categorical_accuracy: 0.7719 - lr: 0.0010 - 89s/epoch - 22ms/step
Epoch 32/200
4003/4003 - 89s - loss: 0.6470 - categorical_accuracy: 0.7748 - val_loss: 0.6471 - val_categorical_accuracy: 0.7750 - lr: 0.0010 - 89s/epoch - 22ms/step
Epoch 33/200
4003/4003 - 89s - loss: 0.6465 - categorical_accuracy: 0.7751 - val_loss: 0.6448 - val_categorical_accuracy: 0.7758 - lr: 0.0010 - 89s/epoch - 22ms/step
Epoch 34/200
4003/4003 - 89s - loss: 0.6458 - categorical_accuracy: 0.7756 - val_loss: 0.6424 - val_categorical_accuracy: 0.7763 - lr: 0.0010 - 89s/epoch - 22ms/step
Epoch 35/200
4003/4003 - 89s - loss: 0.6451 - categorical_accuracy: 0.7756 - val_loss: 0.6457 - val_categorical_accuracy: 0.7746 - lr: 0.0010 - 89s/epoch - 22ms/step
Epoch 36/200
4003/4003 - 89s - loss: 0.6452 - categorical_accuracy: 0.7760 - val_loss: 0.6557 - val_categorical_accuracy: 0.7708 - lr: 0.0010 - 89s/epoch - 22ms/step
Epoch 37/200
4003/4003 - 90s - loss: 0.6439 - categorical_accuracy: 0.7760 - val_loss: 0.6562 - val_categorical_accuracy: 0.7711 - lr: 0.0010 - 90s/epoch - 22ms/step
Epoch 38/200
4003/4003 - 89s - loss: 0.6441 - categorical_accuracy: 0.7760 - val_loss: 0.6548 - val_categorical_accuracy: 0.7721 - lr: 0.0010 - 89s/epoch - 22ms/step
Epoch 39/200
4003/4003 - 89s - loss: 0.6428 - categorical_accuracy: 0.7765 - val_loss: 0.6492 - val_categorical_accuracy: 0.7740 - lr: 0.0010 - 89s/epoch - 22ms/step
Epoch 40/200
4003/4003 - 90s - loss: 0.6427 - categorical_accuracy: 0.7771 - val_loss: 0.6434 - val_categorical_accuracy: 0.7757 - lr: 0.0010 - 90s/epoch - 22ms/step
Epoch 41/200
4003/4003 - 89s - loss: 0.6426 - categorical_accuracy: 0.7767 - val_loss: 0.6436 - val_categorical_accuracy: 0.7766 - lr: 0.0010 - 89s/epoch - 22ms/step
Epoch 42/200
4003/4003 - 90s - loss: 0.6421 - categorical_accuracy: 0.7764 - val_loss: 0.6547 - val_categorical_accuracy: 0.7699 - lr: 0.0010 - 90s/epoch - 22ms/step
Epoch 43/200
4003/4003 - 90s - loss: 0.6412 - categorical_accuracy: 0.7775 - val_loss: 0.6475 - val_categorical_accuracy: 0.7747 - lr: 0.0010 - 90s/epoch - 23ms/step
Epoch 44/200
4003/4003 - 89s - loss: 0.6414 - categorical_accuracy: 0.7775 - val_loss: 0.6404 - val_categorical_accuracy: 0.7765 - lr: 0.0010 - 89s/epoch - 22ms/step
Epoch 45/200
4003/4003 - 89s - loss: 0.6415 - categorical_accuracy: 0.7769 - val_loss: 0.6518 - val_categorical_accuracy: 0.7741 - lr: 0.0010 - 89s/epoch - 22ms/step
Epoch 46/200
4003/4003 - 89s - loss: 0.6403 - categorical_accuracy: 0.7776 - val_loss: 0.6509 - val_categorical_accuracy: 0.7714 - lr: 0.0010 - 89s/epoch - 22ms/step
Epoch 47/200
4003/4003 - 97s - loss: 0.6399 - categorical_accuracy: 0.7770 - val_loss: 0.6471 - val_categorical_accuracy: 0.7738 - lr: 0.0010 - 97s/epoch - 24ms/step
Epoch 48/200
4003/4003 - 89s - loss: 0.6405 - categorical_accuracy: 0.7772 - val_loss: 0.6449 - val_categorical_accuracy: 0.7749 - lr: 0.0010 - 89s/epoch - 22ms/step
Epoch 49/200
4003/4003 - 89s - loss: 0.6394 - categorical_accuracy: 0.7774 - val_loss: 0.6572 - val_categorical_accuracy: 0.7689 - lr: 0.0010 - 89s/epoch - 22ms/step
Epoch 50/200
4003/4003 - 89s - loss: 0.6392 - categorical_accuracy: 0.7775 - val_loss: 0.6434 - val_categorical_accuracy: 0.7747 - lr: 0.0010 - 89s/epoch - 22ms/step
Epoch 51/200
4003/4003 - 89s - loss: 0.6385 - categorical_accuracy: 0.7784 - val_loss: 0.6377 - val_categorical_accuracy: 0.7781 - lr: 0.0010 - 89s/epoch - 22ms/step
Epoch 52/200
4003/4003 - 89s - loss: 0.6381 - categorical_accuracy: 0.7783 - val_loss: 0.6495 - val_categorical_accuracy: 0.7733 - lr: 0.0010 - 89s/epoch - 22ms/step
Epoch 53/200
4003/4003 - 89s - loss: 0.6381 - categorical_accuracy: 0.7784 - val_loss: 0.6871 - val_categorical_accuracy: 0.7574 - lr: 0.0010 - 89s/epoch - 22ms/step
Epoch 54/200
4003/4003 - 89s - loss: 0.6375 - categorical_accuracy: 0.7780 - val_loss: 0.6414 - val_categorical_accuracy: 0.7759 - lr: 0.0010 - 89s/epoch - 22ms/step
Epoch 55/200
4003/4003 - 90s - loss: 0.6376 - categorical_accuracy: 0.7782 - val_loss: 0.6518 - val_categorical_accuracy: 0.7720 - lr: 0.0010 - 90s/epoch - 22ms/step
Epoch 56/200
4003/4003 - 89s - loss: 0.6369 - categorical_accuracy: 0.7788 - val_loss: 0.6386 - val_categorical_accuracy: 0.7769 - lr: 0.0010 - 89s/epoch - 22ms/step
Epoch 57/200
4003/4003 - 90s - loss: 0.6368 - categorical_accuracy: 0.7785 - val_loss: 0.6384 - val_categorical_accuracy: 0.7773 - lr: 0.0010 - 90s/epoch - 22ms/step
Epoch 58/200
4003/4003 - 89s - loss: 0.6363 - categorical_accuracy: 0.7789 - val_loss: 0.6491 - val_categorical_accuracy: 0.7726 - lr: 0.0010 - 89s/epoch - 22ms/step
Epoch 59/200
4003/4003 - 89s - loss: 0.6359 - categorical_accuracy: 0.7790 - val_loss: 0.6408 - val_categorical_accuracy: 0.7768 - lr: 0.0010 - 89s/epoch - 22ms/step
Epoch 60/200
4003/4003 - 89s - loss: 0.6361 - categorical_accuracy: 0.7790 - val_loss: 0.6564 - val_categorical_accuracy: 0.7706 - lr: 0.0010 - 89s/epoch - 22ms/step
Epoch 61/200
4003/4003 - 90s - loss: 0.6358 - categorical_accuracy: 0.7787 - val_loss: 0.6408 - val_categorical_accuracy: 0.7771 - lr: 0.0010 - 90s/epoch - 22ms/step
Epoch 62/200
4003/4003 - 89s - loss: 0.6353 - categorical_accuracy: 0.7794 - val_loss: 0.6503 - val_categorical_accuracy: 0.7723 - lr: 0.0010 - 89s/epoch - 22ms/step
Epoch 63/200
4003/4003 - 89s - loss: 0.6355 - categorical_accuracy: 0.7792 - val_loss: 0.6394 - val_categorical_accuracy: 0.7773 - lr: 0.0010 - 89s/epoch - 22ms/step
Epoch 64/200
4003/4003 - 90s - loss: 0.6347 - categorical_accuracy: 0.7791 - val_loss: 0.6470 - val_categorical_accuracy: 0.7750 - lr: 0.0010 - 90s/epoch - 22ms/step
Epoch 65/200
4003/4003 - 90s - loss: 0.6355 - categorical_accuracy: 0.7789 - val_loss: 0.6424 - val_categorical_accuracy: 0.7753 - lr: 0.0010 - 90s/epoch - 23ms/step
Epoch 66/200
4003/4003 - 90s - loss: 0.6344 - categorical_accuracy: 0.7796 - val_loss: 0.6394 - val_categorical_accuracy: 0.7769 - lr: 0.0010 - 90s/epoch - 22ms/step
Epoch 67/200
4003/4003 - 90s - loss: 0.6297 - categorical_accuracy: 0.7812 - val_loss: 0.6404 - val_categorical_accuracy: 0.7759 - lr: 8.0000e-04 - 90s/epoch - 22ms/step
Epoch 68/200
4003/4003 - 90s - loss: 0.6295 - categorical_accuracy: 0.7808 - val_loss: 0.6381 - val_categorical_accuracy: 0.7770 - lr: 8.0000e-04 - 90s/epoch - 23ms/step
Epoch 69/200
4003/4003 - 90s - loss: 0.6288 - categorical_accuracy: 0.7813 - val_loss: 0.6545 - val_categorical_accuracy: 0.7711 - lr: 8.0000e-04 - 90s/epoch - 22ms/step
Epoch 70/200
4003/4003 - 89s - loss: 0.6285 - categorical_accuracy: 0.7815 - val_loss: 0.6426 - val_categorical_accuracy: 0.7743 - lr: 8.0000e-04 - 89s/epoch - 22ms/step
Epoch 71/200
4003/4003 - 89s - loss: 0.6289 - categorical_accuracy: 0.7815 - val_loss: 0.6409 - val_categorical_accuracy: 0.7768 - lr: 8.0000e-04 - 89s/epoch - 22ms/step
Epoch 72/200
4003/4003 - 89s - loss: 0.6286 - categorical_accuracy: 0.7813 - val_loss: 0.6392 - val_categorical_accuracy: 0.7761 - lr: 8.0000e-04 - 89s/epoch - 22ms/step
Epoch 73/200
4003/4003 - 89s - loss: 0.6281 - categorical_accuracy: 0.7816 - val_loss: 0.6542 - val_categorical_accuracy: 0.7712 - lr: 8.0000e-04 - 89s/epoch - 22ms/step
Epoch 74/200
4003/4003 - 90s - loss: 0.6281 - categorical_accuracy: 0.7820 - val_loss: 0.6333 - val_categorical_accuracy: 0.7786 - lr: 8.0000e-04 - 90s/epoch - 22ms/step
Epoch 75/200
4003/4003 - 89s - loss: 0.6280 - categorical_accuracy: 0.7819 - val_loss: 0.6368 - val_categorical_accuracy: 0.7784 - lr: 8.0000e-04 - 89s/epoch - 22ms/step
Epoch 76/200
4003/4003 - 89s - loss: 0.6276 - categorical_accuracy: 0.7819 - val_loss: 0.6320 - val_categorical_accuracy: 0.7802 - lr: 8.0000e-04 - 89s/epoch - 22ms/step
Epoch 77/200
4003/4003 - 89s - loss: 0.6276 - categorical_accuracy: 0.7818 - val_loss: 0.6354 - val_categorical_accuracy: 0.7788 - lr: 8.0000e-04 - 89s/epoch - 22ms/step
Epoch 78/200
4003/4003 - 90s - loss: 0.6272 - categorical_accuracy: 0.7818 - val_loss: 0.6384 - val_categorical_accuracy: 0.7780 - lr: 8.0000e-04 - 90s/epoch - 22ms/step
Epoch 79/200
4003/4003 - 90s - loss: 0.6271 - categorical_accuracy: 0.7817 - val_loss: 0.6399 - val_categorical_accuracy: 0.7768 - lr: 8.0000e-04 - 90s/epoch - 22ms/step
Epoch 80/200
4003/4003 - 90s - loss: 0.6274 - categorical_accuracy: 0.7819 - val_loss: 0.6368 - val_categorical_accuracy: 0.7776 - lr: 8.0000e-04 - 90s/epoch - 22ms/step
Epoch 81/200
4003/4003 - 90s - loss: 0.6275 - categorical_accuracy: 0.7819 - val_loss: 0.6361 - val_categorical_accuracy: 0.7790 - lr: 8.0000e-04 - 90s/epoch - 23ms/step
Epoch 82/200
4003/4003 - 90s - loss: 0.6268 - categorical_accuracy: 0.7824 - val_loss: 0.6335 - val_categorical_accuracy: 0.7788 - lr: 8.0000e-04 - 90s/epoch - 23ms/step
Epoch 83/200
4003/4003 - 90s - loss: 0.6270 - categorical_accuracy: 0.7821 - val_loss: 0.6341 - val_categorical_accuracy: 0.7787 - lr: 8.0000e-04 - 90s/epoch - 22ms/step
Epoch 84/200
4003/4003 - 90s - loss: 0.6267 - categorical_accuracy: 0.7821 - val_loss: 0.6329 - val_categorical_accuracy: 0.7788 - lr: 8.0000e-04 - 90s/epoch - 22ms/step
Epoch 85/200
4003/4003 - 90s - loss: 0.6264 - categorical_accuracy: 0.7824 - val_loss: 0.6323 - val_categorical_accuracy: 0.7790 - lr: 8.0000e-04 - 90s/epoch - 22ms/step
Epoch 86/200
4003/4003 - 89s - loss: 0.6259 - categorical_accuracy: 0.7825 - val_loss: 0.6343 - val_categorical_accuracy: 0.7787 - lr: 8.0000e-04 - 89s/epoch - 22ms/step
Epoch 87/200
4003/4003 - 90s - loss: 0.6269 - categorical_accuracy: 0.7818 - val_loss: 0.6345 - val_categorical_accuracy: 0.7779 - lr: 8.0000e-04 - 90s/epoch - 22ms/step
Epoch 88/200
4003/4003 - 90s - loss: 0.6261 - categorical_accuracy: 0.7819 - val_loss: 0.6390 - val_categorical_accuracy: 0.7765 - lr: 8.0000e-04 - 90s/epoch - 22ms/step
Epoch 89/200
4003/4003 - 89s - loss: 0.6259 - categorical_accuracy: 0.7823 - val_loss: 0.6409 - val_categorical_accuracy: 0.7767 - lr: 8.0000e-04 - 89s/epoch - 22ms/step
Epoch 90/200
4003/4003 - 90s - loss: 0.6261 - categorical_accuracy: 0.7827 - val_loss: 0.6370 - val_categorical_accuracy: 0.7784 - lr: 8.0000e-04 - 90s/epoch - 22ms/step
Epoch 91/200
4003/4003 - 90s - loss: 0.6256 - categorical_accuracy: 0.7826 - val_loss: 0.6394 - val_categorical_accuracy: 0.7769 - lr: 8.0000e-04 - 90s/epoch - 23ms/step
Epoch 92/200
4003/4003 - 89s - loss: 0.6218 - categorical_accuracy: 0.7837 - val_loss: 0.6355 - val_categorical_accuracy: 0.7783 - lr: 6.4000e-04 - 89s/epoch - 22ms/step
Epoch 93/200
4003/4003 - 90s - loss: 0.6222 - categorical_accuracy: 0.7836 - val_loss: 0.6358 - val_categorical_accuracy: 0.7786 - lr: 6.4000e-04 - 90s/epoch - 22ms/step
Epoch 94/200
4003/4003 - 90s - loss: 0.6214 - categorical_accuracy: 0.7838 - val_loss: 0.6421 - val_categorical_accuracy: 0.7747 - lr: 6.4000e-04 - 90s/epoch - 23ms/step
Epoch 95/200
4003/4003 - 90s - loss: 0.6215 - categorical_accuracy: 0.7843 - val_loss: 0.6340 - val_categorical_accuracy: 0.7792 - lr: 6.4000e-04 - 90s/epoch - 22ms/step
Epoch 96/200
4003/4003 - 89s - loss: 0.6216 - categorical_accuracy: 0.7836 - val_loss: 0.6324 - val_categorical_accuracy: 0.7788 - lr: 6.4000e-04 - 89s/epoch - 22ms/step
Epoch 97/200
4003/4003 - 90s - loss: 0.6213 - categorical_accuracy: 0.7839 - val_loss: 0.6310 - val_categorical_accuracy: 0.7807 - lr: 6.4000e-04 - 90s/epoch - 22ms/step
Epoch 98/200
4003/4003 - 90s - loss: 0.6215 - categorical_accuracy: 0.7841 - val_loss: 0.6469 - val_categorical_accuracy: 0.7717 - lr: 6.4000e-04 - 90s/epoch - 23ms/step
Epoch 99/200
4003/4003 - 90s - loss: 0.6208 - categorical_accuracy: 0.7842 - val_loss: 0.6367 - val_categorical_accuracy: 0.7769 - lr: 6.4000e-04 - 90s/epoch - 22ms/step
Epoch 100/200
4003/4003 - 90s - loss: 0.6212 - categorical_accuracy: 0.7840 - val_loss: 0.6318 - val_categorical_accuracy: 0.7794 - lr: 6.4000e-04 - 90s/epoch - 22ms/step
Epoch 101/200
4003/4003 - 90s - loss: 0.6209 - categorical_accuracy: 0.7840 - val_loss: 0.6401 - val_categorical_accuracy: 0.7761 - lr: 6.4000e-04 - 90s/epoch - 22ms/step
Epoch 102/200
4003/4003 - 90s - loss: 0.6212 - categorical_accuracy: 0.7839 - val_loss: 0.6397 - val_categorical_accuracy: 0.7770 - lr: 6.4000e-04 - 90s/epoch - 22ms/step
Epoch 103/200
4003/4003 - 90s - loss: 0.6209 - categorical_accuracy: 0.7841 - val_loss: 0.6341 - val_categorical_accuracy: 0.7782 - lr: 6.4000e-04 - 90s/epoch - 22ms/step
Epoch 104/200
4003/4003 - 90s - loss: 0.6207 - categorical_accuracy: 0.7843 - val_loss: 0.6319 - val_categorical_accuracy: 0.7796 - lr: 6.4000e-04 - 90s/epoch - 22ms/step
Epoch 105/200
4003/4003 - 90s - loss: 0.6208 - categorical_accuracy: 0.7837 - val_loss: 0.6345 - val_categorical_accuracy: 0.7772 - lr: 6.4000e-04 - 90s/epoch - 23ms/step
Epoch 106/200
4003/4003 - 90s - loss: 0.6206 - categorical_accuracy: 0.7840 - val_loss: 0.6384 - val_categorical_accuracy: 0.7769 - lr: 6.4000e-04 - 90s/epoch - 22ms/step
Epoch 107/200
4003/4003 - 89s - loss: 0.6203 - categorical_accuracy: 0.7841 - val_loss: 0.6329 - val_categorical_accuracy: 0.7796 - lr: 6.4000e-04 - 89s/epoch - 22ms/step
Epoch 108/200
4003/4003 - 90s - loss: 0.6198 - categorical_accuracy: 0.7844 - val_loss: 0.6291 - val_categorical_accuracy: 0.7807 - lr: 6.4000e-04 - 90s/epoch - 22ms/step
Epoch 109/200
4003/4003 - 90s - loss: 0.6201 - categorical_accuracy: 0.7843 - val_loss: 0.6335 - val_categorical_accuracy: 0.7782 - lr: 6.4000e-04 - 90s/epoch - 22ms/step
Epoch 110/200
4003/4003 - 90s - loss: 0.6200 - categorical_accuracy: 0.7842 - val_loss: 0.6342 - val_categorical_accuracy: 0.7784 - lr: 6.4000e-04 - 90s/epoch - 22ms/step
Epoch 111/200
4003/4003 - 90s - loss: 0.6196 - categorical_accuracy: 0.7842 - val_loss: 0.6336 - val_categorical_accuracy: 0.7789 - lr: 6.4000e-04 - 90s/epoch - 22ms/step
Epoch 112/200
4003/4003 - 90s - loss: 0.6202 - categorical_accuracy: 0.7847 - val_loss: 0.6315 - val_categorical_accuracy: 0.7792 - lr: 6.4000e-04 - 90s/epoch - 22ms/step
Epoch 113/200
4003/4003 - 90s - loss: 0.6164 - categorical_accuracy: 0.7851 - val_loss: 0.6331 - val_categorical_accuracy: 0.7787 - lr: 5.1200e-04 - 90s/epoch - 22ms/step
Epoch 114/200
4003/4003 - 92s - loss: 0.6163 - categorical_accuracy: 0.7855 - val_loss: 0.6302 - val_categorical_accuracy: 0.7804 - lr: 5.1200e-04 - 92s/epoch - 23ms/step
Epoch 115/200
4003/4003 - 90s - loss: 0.6164 - categorical_accuracy: 0.7854 - val_loss: 0.6304 - val_categorical_accuracy: 0.7800 - lr: 5.1200e-04 - 90s/epoch - 22ms/step
Epoch 116/200
4003/4003 - 90s - loss: 0.6163 - categorical_accuracy: 0.7854 - val_loss: 0.6304 - val_categorical_accuracy: 0.7799 - lr: 5.1200e-04 - 90s/epoch - 22ms/step
Epoch 117/200
4003/4003 - 90s - loss: 0.6164 - categorical_accuracy: 0.7853 - val_loss: 0.6302 - val_categorical_accuracy: 0.7796 - lr: 5.1200e-04 - 90s/epoch - 22ms/step
Epoch 118/200
4003/4003 - 90s - loss: 0.6160 - categorical_accuracy: 0.7853 - val_loss: 0.6347 - val_categorical_accuracy: 0.7781 - lr: 5.1200e-04 - 90s/epoch - 22ms/step
Epoch 119/200
4003/4003 - 90s - loss: 0.6158 - categorical_accuracy: 0.7857 - val_loss: 0.6348 - val_categorical_accuracy: 0.7779 - lr: 5.1200e-04 - 90s/epoch - 22ms/step
Epoch 120/200
4003/4003 - 90s - loss: 0.6160 - categorical_accuracy: 0.7855 - val_loss: 0.6300 - val_categorical_accuracy: 0.7799 - lr: 5.1200e-04 - 90s/epoch - 22ms/step
Epoch 121/200
4003/4003 - 90s - loss: 0.6161 - categorical_accuracy: 0.7854 - val_loss: 0.6290 - val_categorical_accuracy: 0.7802 - lr: 5.1200e-04 - 90s/epoch - 23ms/step
Epoch 122/200
4003/4003 - 89s - loss: 0.6159 - categorical_accuracy: 0.7856 - val_loss: 0.6368 - val_categorical_accuracy: 0.7784 - lr: 5.1200e-04 - 89s/epoch - 22ms/step
Epoch 123/200
4003/4003 - 90s - loss: 0.6157 - categorical_accuracy: 0.7855 - val_loss: 0.6307 - val_categorical_accuracy: 0.7794 - lr: 5.1200e-04 - 90s/epoch - 23ms/step
Epoch 124/200
4003/4003 - 91s - loss: 0.6155 - categorical_accuracy: 0.7857 - val_loss: 0.6310 - val_categorical_accuracy: 0.7792 - lr: 5.1200e-04 - 91s/epoch - 23ms/step
Epoch 125/200
4003/4003 - 89s - loss: 0.6158 - categorical_accuracy: 0.7857 - val_loss: 0.6338 - val_categorical_accuracy: 0.7789 - lr: 5.1200e-04 - 89s/epoch - 22ms/step
Epoch 126/200
4003/4003 - 90s - loss: 0.6158 - categorical_accuracy: 0.7856 - val_loss: 0.6323 - val_categorical_accuracy: 0.7796 - lr: 5.1200e-04 - 90s/epoch - 22ms/step
Epoch 127/200
4003/4003 - 89s - loss: 0.6157 - categorical_accuracy: 0.7856 - val_loss: 0.6316 - val_categorical_accuracy: 0.7799 - lr: 5.1200e-04 - 89s/epoch - 22ms/step
[92m
Saved model to: [0m trained_intnets/jedinet_exploration_19
Loss vs epochs plot saved to trained_intnets/jedinet_exploration_19.
Accuracy vs epochs plot saved to trained_intnets/jedinet_exploration_19.
[92m
Plots done! [0m
