[96m
GPU: NVIDIA GeForce GTX 1080 Ti[0m
[95m
DATA DETAILS[0m
[95m------------[0m
data_folder: /work/deodagiu/ki_data/intnet_input
norm: nonorm
train_events: -1
test_events: 0
pt_min: 2.0
nconstituents: 16
feature_selection: jedinet

----------------
[92mData loading complete:[0m
Training data size: 5.72e+05
Test data size: 0.00e+00
----------------

Shuffling constituents...
[92mShuffled the training data! 🃏
[0m
Instantiating model with the hyperparameters:
effects_nnodes: 150
dynamic_nnodes: 100
abstrac_nnodes: 50
effects_activ: relu
dynamic_activ: relu
abstrac_activ: relu
ndynamics: 15
neffects: 15
l2: 0.01
summation: True
[92mModel compiled and built![0m
[95m

TRAINING THE MODEL 💪[0m

Training parameters
-------------------
[92mOptimiser: 	[0m {'name': 'Adam', 'learning_rate': 0.0001, 'decay': 0.0, 'beta_1': 0.9, 'beta_2': 0.999, 'epsilon': 1e-07, 'amsgrad': False}
[92mBatch size: 	[0m 100
[92mLearning rate: 	[0m 0.0001
[92mTraining epochs:[0m 100
[92mLoss: 		[0m categorical_crossentropy

Epoch 1/100
4003/4003 - 242s - loss: 5.2305 - categorical_accuracy: 0.3060 - val_loss: 3.7263 - val_categorical_accuracy: 0.3226 - lr: 1.0000e-04 - 242s/epoch - 61ms/step
Epoch 2/100
4003/4003 - 240s - loss: 2.8261 - categorical_accuracy: 0.3271 - val_loss: 2.1019 - val_categorical_accuracy: 0.3308 - lr: 1.0000e-04 - 240s/epoch - 60ms/step
Epoch 3/100
4003/4003 - 240s - loss: 1.7478 - categorical_accuracy: 0.3611 - val_loss: 1.5436 - val_categorical_accuracy: 0.3909 - lr: 1.0000e-04 - 240s/epoch - 60ms/step
Epoch 4/100
4003/4003 - 240s - loss: 1.4153 - categorical_accuracy: 0.4466 - val_loss: 1.3304 - val_categorical_accuracy: 0.4693 - lr: 1.0000e-04 - 240s/epoch - 60ms/step
Epoch 5/100
4003/4003 - 240s - loss: 1.2864 - categorical_accuracy: 0.4963 - val_loss: 1.2503 - val_categorical_accuracy: 0.5066 - lr: 1.0000e-04 - 240s/epoch - 60ms/step
Epoch 6/100
4003/4003 - 240s - loss: 1.2371 - categorical_accuracy: 0.5152 - val_loss: 1.2365 - val_categorical_accuracy: 0.4940 - lr: 1.0000e-04 - 240s/epoch - 60ms/step
Epoch 7/100
4003/4003 - 240s - loss: 1.2098 - categorical_accuracy: 0.5255 - val_loss: 1.1820 - val_categorical_accuracy: 0.5380 - lr: 1.0000e-04 - 240s/epoch - 60ms/step
Epoch 8/100
4003/4003 - 240s - loss: 1.1860 - categorical_accuracy: 0.5343 - val_loss: 1.1584 - val_categorical_accuracy: 0.5465 - lr: 1.0000e-04 - 240s/epoch - 60ms/step
Epoch 9/100
4003/4003 - 240s - loss: 1.1676 - categorical_accuracy: 0.5418 - val_loss: 1.2196 - val_categorical_accuracy: 0.5062 - lr: 1.0000e-04 - 240s/epoch - 60ms/step
Epoch 10/100
4003/4003 - 240s - loss: 1.1463 - categorical_accuracy: 0.5512 - val_loss: 1.1285 - val_categorical_accuracy: 0.5580 - lr: 1.0000e-04 - 240s/epoch - 60ms/step
Epoch 11/100
4003/4003 - 240s - loss: 1.1246 - categorical_accuracy: 0.5596 - val_loss: 1.1033 - val_categorical_accuracy: 0.5719 - lr: 1.0000e-04 - 240s/epoch - 60ms/step
Epoch 12/100
4003/4003 - 240s - loss: 1.1039 - categorical_accuracy: 0.5673 - val_loss: 1.1212 - val_categorical_accuracy: 0.5508 - lr: 1.0000e-04 - 240s/epoch - 60ms/step
Epoch 13/100
4003/4003 - 240s - loss: 1.0927 - categorical_accuracy: 0.5714 - val_loss: 1.0768 - val_categorical_accuracy: 0.5840 - lr: 1.0000e-04 - 240s/epoch - 60ms/step
Epoch 14/100
4003/4003 - 240s - loss: 1.0813 - categorical_accuracy: 0.5758 - val_loss: 1.0544 - val_categorical_accuracy: 0.5903 - lr: 1.0000e-04 - 240s/epoch - 60ms/step
Epoch 15/100
4003/4003 - 241s - loss: 1.0762 - categorical_accuracy: 0.5776 - val_loss: 1.0611 - val_categorical_accuracy: 0.5864 - lr: 1.0000e-04 - 241s/epoch - 60ms/step
Epoch 16/100
4003/4003 - 240s - loss: 1.0687 - categorical_accuracy: 0.5811 - val_loss: 1.0683 - val_categorical_accuracy: 0.5785 - lr: 1.0000e-04 - 240s/epoch - 60ms/step
Epoch 17/100
4003/4003 - 240s - loss: 1.0666 - categorical_accuracy: 0.5816 - val_loss: 1.0482 - val_categorical_accuracy: 0.5893 - lr: 1.0000e-04 - 240s/epoch - 60ms/step
Epoch 18/100
4003/4003 - 240s - loss: 1.0610 - categorical_accuracy: 0.5834 - val_loss: 1.0747 - val_categorical_accuracy: 0.5701 - lr: 1.0000e-04 - 240s/epoch - 60ms/step
Epoch 19/100
4003/4003 - 240s - loss: 1.0577 - categorical_accuracy: 0.5849 - val_loss: 1.1203 - val_categorical_accuracy: 0.5428 - lr: 1.0000e-04 - 240s/epoch - 60ms/step
Epoch 20/100
4003/4003 - 240s - loss: 1.0539 - categorical_accuracy: 0.5864 - val_loss: 1.0464 - val_categorical_accuracy: 0.5862 - lr: 1.0000e-04 - 240s/epoch - 60ms/step
Epoch 21/100
4003/4003 - 240s - loss: 1.0507 - categorical_accuracy: 0.5878 - val_loss: 1.0416 - val_categorical_accuracy: 0.5885 - lr: 1.0000e-04 - 240s/epoch - 60ms/step
Epoch 22/100
4003/4003 - 240s - loss: 1.0474 - categorical_accuracy: 0.5897 - val_loss: 1.0320 - val_categorical_accuracy: 0.6025 - lr: 1.0000e-04 - 240s/epoch - 60ms/step
Epoch 23/100
4003/4003 - 240s - loss: 1.0442 - categorical_accuracy: 0.5912 - val_loss: 1.0427 - val_categorical_accuracy: 0.5932 - lr: 1.0000e-04 - 240s/epoch - 60ms/step
Epoch 24/100
4003/4003 - 240s - loss: 1.0396 - categorical_accuracy: 0.5924 - val_loss: 1.0378 - val_categorical_accuracy: 0.5932 - lr: 1.0000e-04 - 240s/epoch - 60ms/step
Epoch 25/100
4003/4003 - 240s - loss: 1.0377 - categorical_accuracy: 0.5939 - val_loss: 1.0361 - val_categorical_accuracy: 0.5958 - lr: 1.0000e-04 - 240s/epoch - 60ms/step
Epoch 26/100
4003/4003 - 240s - loss: 1.0362 - categorical_accuracy: 0.5947 - val_loss: 1.0318 - val_categorical_accuracy: 0.5987 - lr: 1.0000e-04 - 240s/epoch - 60ms/step
Epoch 27/100
4003/4003 - 240s - loss: 1.0329 - categorical_accuracy: 0.5962 - val_loss: 1.0286 - val_categorical_accuracy: 0.6003 - lr: 1.0000e-04 - 240s/epoch - 60ms/step
Epoch 28/100
4003/4003 - 239s - loss: 1.0301 - categorical_accuracy: 0.5970 - val_loss: 1.0212 - val_categorical_accuracy: 0.6024 - lr: 1.0000e-04 - 239s/epoch - 60ms/step
Epoch 29/100
4003/4003 - 240s - loss: 1.0282 - categorical_accuracy: 0.5983 - val_loss: 1.0121 - val_categorical_accuracy: 0.6079 - lr: 1.0000e-04 - 240s/epoch - 60ms/step
Epoch 30/100
4003/4003 - 240s - loss: 1.0241 - categorical_accuracy: 0.6004 - val_loss: 1.0699 - val_categorical_accuracy: 0.5627 - lr: 1.0000e-04 - 240s/epoch - 60ms/step
Epoch 31/100
4003/4003 - 239s - loss: 1.0207 - categorical_accuracy: 0.6017 - val_loss: 1.0443 - val_categorical_accuracy: 0.5855 - lr: 1.0000e-04 - 239s/epoch - 60ms/step
Epoch 32/100
4003/4003 - 239s - loss: 1.0203 - categorical_accuracy: 0.6021 - val_loss: 1.0034 - val_categorical_accuracy: 0.6119 - lr: 1.0000e-04 - 239s/epoch - 60ms/step
Epoch 33/100
4003/4003 - 239s - loss: 1.0163 - categorical_accuracy: 0.6039 - val_loss: 0.9949 - val_categorical_accuracy: 0.6178 - lr: 1.0000e-04 - 239s/epoch - 60ms/step
Epoch 34/100
4003/4003 - 239s - loss: 1.0139 - categorical_accuracy: 0.6058 - val_loss: 1.0115 - val_categorical_accuracy: 0.6059 - lr: 1.0000e-04 - 239s/epoch - 60ms/step
Epoch 35/100
4003/4003 - 240s - loss: 1.0053 - categorical_accuracy: 0.6091 - val_loss: 0.9979 - val_categorical_accuracy: 0.6105 - lr: 1.0000e-04 - 240s/epoch - 60ms/step
Epoch 36/100
4003/4003 - 240s - loss: 0.9952 - categorical_accuracy: 0.6151 - val_loss: 0.9894 - val_categorical_accuracy: 0.6177 - lr: 1.0000e-04 - 240s/epoch - 60ms/step
Epoch 37/100
4003/4003 - 239s - loss: 0.9874 - categorical_accuracy: 0.6205 - val_loss: 0.9740 - val_categorical_accuracy: 0.6282 - lr: 1.0000e-04 - 239s/epoch - 60ms/step
Epoch 38/100
4003/4003 - 239s - loss: 0.9791 - categorical_accuracy: 0.6250 - val_loss: 0.9858 - val_categorical_accuracy: 0.6193 - lr: 1.0000e-04 - 239s/epoch - 60ms/step
Epoch 39/100
4003/4003 - 240s - loss: 0.9718 - categorical_accuracy: 0.6293 - val_loss: 0.9684 - val_categorical_accuracy: 0.6312 - lr: 1.0000e-04 - 240s/epoch - 60ms/step
Epoch 40/100
4003/4003 - 240s - loss: 0.9654 - categorical_accuracy: 0.6335 - val_loss: 0.9558 - val_categorical_accuracy: 0.6388 - lr: 1.0000e-04 - 240s/epoch - 60ms/step
Epoch 41/100
4003/4003 - 240s - loss: 0.9604 - categorical_accuracy: 0.6361 - val_loss: 0.9742 - val_categorical_accuracy: 0.6319 - lr: 1.0000e-04 - 240s/epoch - 60ms/step
Epoch 42/100
4003/4003 - 240s - loss: 0.9553 - categorical_accuracy: 0.6390 - val_loss: 0.9487 - val_categorical_accuracy: 0.6446 - lr: 1.0000e-04 - 240s/epoch - 60ms/step
Epoch 43/100
4003/4003 - 240s - loss: 0.9518 - categorical_accuracy: 0.6416 - val_loss: 0.9368 - val_categorical_accuracy: 0.6510 - lr: 1.0000e-04 - 240s/epoch - 60ms/step
Epoch 44/100
4003/4003 - 239s - loss: 0.9488 - categorical_accuracy: 0.6433 - val_loss: 0.9334 - val_categorical_accuracy: 0.6517 - lr: 1.0000e-04 - 239s/epoch - 60ms/step
Epoch 45/100
4003/4003 - 240s - loss: 0.9467 - categorical_accuracy: 0.6438 - val_loss: 0.9364 - val_categorical_accuracy: 0.6491 - lr: 1.0000e-04 - 240s/epoch - 60ms/step
Epoch 46/100
4003/4003 - 240s - loss: 0.9434 - categorical_accuracy: 0.6455 - val_loss: 0.9224 - val_categorical_accuracy: 0.6591 - lr: 1.0000e-04 - 240s/epoch - 60ms/step
Epoch 47/100
4003/4003 - 240s - loss: 0.9395 - categorical_accuracy: 0.6480 - val_loss: 0.9542 - val_categorical_accuracy: 0.6355 - lr: 1.0000e-04 - 240s/epoch - 60ms/step
Epoch 48/100
4003/4003 - 240s - loss: 0.9376 - categorical_accuracy: 0.6491 - val_loss: 0.9521 - val_categorical_accuracy: 0.6394 - lr: 1.0000e-04 - 240s/epoch - 60ms/step
Epoch 49/100
4003/4003 - 240s - loss: 0.9351 - categorical_accuracy: 0.6507 - val_loss: 0.9268 - val_categorical_accuracy: 0.6556 - lr: 1.0000e-04 - 240s/epoch - 60ms/step
Epoch 50/100
4003/4003 - 240s - loss: 0.9331 - categorical_accuracy: 0.6511 - val_loss: 0.9396 - val_categorical_accuracy: 0.6513 - lr: 1.0000e-04 - 240s/epoch - 60ms/step
Epoch 51/100
4003/4003 - 240s - loss: 0.9307 - categorical_accuracy: 0.6521 - val_loss: 0.9296 - val_categorical_accuracy: 0.6574 - lr: 1.0000e-04 - 240s/epoch - 60ms/step
Epoch 52/100
4003/4003 - 240s - loss: 0.9276 - categorical_accuracy: 0.6540 - val_loss: 0.9527 - val_categorical_accuracy: 0.6376 - lr: 1.0000e-04 - 240s/epoch - 60ms/step
Epoch 53/100
4003/4003 - 240s - loss: 0.9268 - categorical_accuracy: 0.6543 - val_loss: 0.9189 - val_categorical_accuracy: 0.6601 - lr: 1.0000e-04 - 240s/epoch - 60ms/step
Epoch 54/100
4003/4003 - 240s - loss: 0.9252 - categorical_accuracy: 0.6554 - val_loss: 0.9637 - val_categorical_accuracy: 0.6288 - lr: 1.0000e-04 - 240s/epoch - 60ms/step
Epoch 55/100
4003/4003 - 241s - loss: 0.9237 - categorical_accuracy: 0.6558 - val_loss: 0.9081 - val_categorical_accuracy: 0.6640 - lr: 1.0000e-04 - 241s/epoch - 60ms/step
Epoch 56/100
4003/4003 - 240s - loss: 0.9222 - categorical_accuracy: 0.6565 - val_loss: 0.9191 - val_categorical_accuracy: 0.6573 - lr: 1.0000e-04 - 240s/epoch - 60ms/step
Epoch 57/100
4003/4003 - 240s - loss: 0.9192 - categorical_accuracy: 0.6578 - val_loss: 0.9016 - val_categorical_accuracy: 0.6684 - lr: 1.0000e-04 - 240s/epoch - 60ms/step
Epoch 58/100
4003/4003 - 240s - loss: 0.9155 - categorical_accuracy: 0.6596 - val_loss: 0.9080 - val_categorical_accuracy: 0.6635 - lr: 1.0000e-04 - 240s/epoch - 60ms/step
Epoch 59/100
4003/4003 - 240s - loss: 0.9149 - categorical_accuracy: 0.6600 - val_loss: 0.8955 - val_categorical_accuracy: 0.6715 - lr: 1.0000e-04 - 240s/epoch - 60ms/step
Epoch 60/100
4003/4003 - 240s - loss: 0.9137 - categorical_accuracy: 0.6600 - val_loss: 0.9097 - val_categorical_accuracy: 0.6621 - lr: 1.0000e-04 - 240s/epoch - 60ms/step
Epoch 61/100
4003/4003 - 240s - loss: 0.9098 - categorical_accuracy: 0.6623 - val_loss: 0.9132 - val_categorical_accuracy: 0.6609 - lr: 1.0000e-04 - 240s/epoch - 60ms/step
Epoch 62/100
4003/4003 - 240s - loss: 0.9078 - categorical_accuracy: 0.6628 - val_loss: 0.9038 - val_categorical_accuracy: 0.6668 - lr: 1.0000e-04 - 240s/epoch - 60ms/step
Epoch 63/100
4003/4003 - 240s - loss: 0.9077 - categorical_accuracy: 0.6627 - val_loss: 0.8931 - val_categorical_accuracy: 0.6703 - lr: 1.0000e-04 - 240s/epoch - 60ms/step
Epoch 64/100
4003/4003 - 240s - loss: 0.9048 - categorical_accuracy: 0.6637 - val_loss: 0.8979 - val_categorical_accuracy: 0.6672 - lr: 1.0000e-04 - 240s/epoch - 60ms/step
Epoch 65/100
4003/4003 - 240s - loss: 0.9031 - categorical_accuracy: 0.6645 - val_loss: 0.9187 - val_categorical_accuracy: 0.6541 - lr: 1.0000e-04 - 240s/epoch - 60ms/step
Epoch 66/100
4003/4003 - 240s - loss: 0.9021 - categorical_accuracy: 0.6647 - val_loss: 0.9094 - val_categorical_accuracy: 0.6585 - lr: 1.0000e-04 - 240s/epoch - 60ms/step
Epoch 67/100
4003/4003 - 240s - loss: 0.8999 - categorical_accuracy: 0.6650 - val_loss: 0.8958 - val_categorical_accuracy: 0.6665 - lr: 1.0000e-04 - 240s/epoch - 60ms/step
Epoch 68/100
4003/4003 - 240s - loss: 0.8974 - categorical_accuracy: 0.6665 - val_loss: 0.9028 - val_categorical_accuracy: 0.6635 - lr: 1.0000e-04 - 240s/epoch - 60ms/step
Epoch 69/100
4003/4003 - 240s - loss: 0.8956 - categorical_accuracy: 0.6673 - val_loss: 0.9024 - val_categorical_accuracy: 0.6635 - lr: 1.0000e-04 - 240s/epoch - 60ms/step
[92m
Saved model to: [0m trained_intnets/big_jedinet_effreg
Loss vs epochs plot saved to trained_intnets/big_jedinet_effreg.
Accuracy vs epochs plot saved to trained_intnets/big_jedinet_effreg.
[92m
Plots done! 📊[0m
