[96m
GPU: NVIDIA GeForce GTX 1080 Ti[0m
[92mSaved hyperparameters to json file.[0m
[95m
DATA DETAILS[0m
[95m-----------[0m
data_folder: /work/deodagiu/ki_data/intnet_input
norm: robust
train_events: -1
test_events: 0
pt_min: 2.0
nconstituents: 16
feature_selection: jedinet

----------------
[92mData loading complete:[0m
Training data size: 5.72e+05
Test data size: 0.00e+00
----------------

Shuffling constituents...
[92mShuffled the training data! 🃏
[0m
Instantiating model with the hyperparameters:
effects_nnodes: 100
dynamic_nnodes: 75
abstrac_nnodes: 40
effects_activ: relu
dynamic_activ: relu
abstrac_activ: relu
neffects: 20
ndynamics: 15
l2: 0.001
summation: True
[92mModel compiled and built![0m
[95m

TRAINING THE MODEL 💪[0m

Training parameters
-------------------
[92mOptimiser: 	[0m {'name': 'Adam', 'learning_rate': 0.001, 'decay': 0.0, 'beta_1': 0.9, 'beta_2': 0.999, 'epsilon': 1e-07, 'amsgrad': False}
[92mBatch size: 	[0m 100
[92mLearning rate: 	[0m 0.001
[92mTraining epochs:[0m 100
[92mLoss: 		[0m categorical_crossentropy

Epoch 1/100
4003/4003 - 105s - loss: 0.9436 - categorical_accuracy: 0.6984 - val_loss: 0.7907 - val_categorical_accuracy: 0.7472 - lr: 0.0010 - 105s/epoch - 26ms/step
Epoch 2/100
4003/4003 - 102s - loss: 0.7791 - categorical_accuracy: 0.7431 - val_loss: 0.7525 - val_categorical_accuracy: 0.7481 - lr: 0.0010 - 102s/epoch - 25ms/step
Epoch 3/100
4003/4003 - 102s - loss: 0.7473 - categorical_accuracy: 0.7494 - val_loss: 0.7254 - val_categorical_accuracy: 0.7546 - lr: 0.0010 - 102s/epoch - 25ms/step
Epoch 4/100
4003/4003 - 102s - loss: 0.7303 - categorical_accuracy: 0.7531 - val_loss: 0.7204 - val_categorical_accuracy: 0.7546 - lr: 0.0010 - 102s/epoch - 26ms/step
Epoch 5/100
4003/4003 - 102s - loss: 0.7165 - categorical_accuracy: 0.7576 - val_loss: 0.6996 - val_categorical_accuracy: 0.7608 - lr: 0.0010 - 102s/epoch - 25ms/step
Epoch 6/100
4003/4003 - 102s - loss: 0.7064 - categorical_accuracy: 0.7595 - val_loss: 0.7069 - val_categorical_accuracy: 0.7577 - lr: 0.0010 - 102s/epoch - 26ms/step
Epoch 7/100
4003/4003 - 103s - loss: 0.7007 - categorical_accuracy: 0.7611 - val_loss: 0.7103 - val_categorical_accuracy: 0.7561 - lr: 0.0010 - 103s/epoch - 26ms/step
Epoch 8/100
4003/4003 - 102s - loss: 0.6946 - categorical_accuracy: 0.7629 - val_loss: 0.6830 - val_categorical_accuracy: 0.7656 - lr: 0.0010 - 102s/epoch - 26ms/step
Epoch 9/100
4003/4003 - 102s - loss: 0.6891 - categorical_accuracy: 0.7643 - val_loss: 0.6996 - val_categorical_accuracy: 0.7589 - lr: 0.0010 - 102s/epoch - 26ms/step
Epoch 10/100
4003/4003 - 103s - loss: 0.6836 - categorical_accuracy: 0.7662 - val_loss: 0.6768 - val_categorical_accuracy: 0.7683 - lr: 0.0010 - 103s/epoch - 26ms/step
Epoch 11/100
4003/4003 - 102s - loss: 0.6808 - categorical_accuracy: 0.7671 - val_loss: 0.6672 - val_categorical_accuracy: 0.7713 - lr: 0.0010 - 102s/epoch - 26ms/step
Epoch 12/100
4003/4003 - 102s - loss: 0.6755 - categorical_accuracy: 0.7685 - val_loss: 0.6855 - val_categorical_accuracy: 0.7673 - lr: 0.0010 - 102s/epoch - 25ms/step
Epoch 13/100
4003/4003 - 102s - loss: 0.6737 - categorical_accuracy: 0.7692 - val_loss: 0.6823 - val_categorical_accuracy: 0.7675 - lr: 0.0010 - 102s/epoch - 26ms/step
Epoch 14/100
4003/4003 - 102s - loss: 0.6701 - categorical_accuracy: 0.7697 - val_loss: 0.6611 - val_categorical_accuracy: 0.7723 - lr: 0.0010 - 102s/epoch - 26ms/step
Epoch 15/100
4003/4003 - 102s - loss: 0.6677 - categorical_accuracy: 0.7705 - val_loss: 0.6658 - val_categorical_accuracy: 0.7716 - lr: 0.0010 - 102s/epoch - 26ms/step
Epoch 16/100
4003/4003 - 103s - loss: 0.6659 - categorical_accuracy: 0.7712 - val_loss: 0.6619 - val_categorical_accuracy: 0.7733 - lr: 0.0010 - 103s/epoch - 26ms/step
Epoch 17/100
4003/4003 - 102s - loss: 0.6641 - categorical_accuracy: 0.7719 - val_loss: 0.6579 - val_categorical_accuracy: 0.7729 - lr: 0.0010 - 102s/epoch - 26ms/step
Epoch 18/100
4003/4003 - 102s - loss: 0.6627 - categorical_accuracy: 0.7719 - val_loss: 0.6673 - val_categorical_accuracy: 0.7694 - lr: 0.0010 - 102s/epoch - 26ms/step
Epoch 19/100
4003/4003 - 102s - loss: 0.6600 - categorical_accuracy: 0.7729 - val_loss: 0.6855 - val_categorical_accuracy: 0.7619 - lr: 0.0010 - 102s/epoch - 26ms/step
Epoch 20/100
4003/4003 - 102s - loss: 0.6585 - categorical_accuracy: 0.7732 - val_loss: 0.6544 - val_categorical_accuracy: 0.7739 - lr: 0.0010 - 102s/epoch - 26ms/step
Epoch 21/100
4003/4003 - 102s - loss: 0.6568 - categorical_accuracy: 0.7741 - val_loss: 0.6602 - val_categorical_accuracy: 0.7712 - lr: 0.0010 - 102s/epoch - 26ms/step
Epoch 22/100
4003/4003 - 103s - loss: 0.6546 - categorical_accuracy: 0.7741 - val_loss: 0.6615 - val_categorical_accuracy: 0.7713 - lr: 0.0010 - 103s/epoch - 26ms/step
Epoch 23/100
4003/4003 - 102s - loss: 0.6537 - categorical_accuracy: 0.7745 - val_loss: 0.6615 - val_categorical_accuracy: 0.7717 - lr: 0.0010 - 102s/epoch - 25ms/step
Epoch 24/100
4003/4003 - 102s - loss: 0.6524 - categorical_accuracy: 0.7747 - val_loss: 0.6622 - val_categorical_accuracy: 0.7693 - lr: 0.0010 - 102s/epoch - 25ms/step
Epoch 25/100
4003/4003 - 102s - loss: 0.6509 - categorical_accuracy: 0.7753 - val_loss: 0.6624 - val_categorical_accuracy: 0.7693 - lr: 0.0010 - 102s/epoch - 26ms/step
Epoch 26/100
4003/4003 - 102s - loss: 0.6494 - categorical_accuracy: 0.7758 - val_loss: 0.6497 - val_categorical_accuracy: 0.7748 - lr: 0.0010 - 102s/epoch - 25ms/step
Epoch 27/100
4003/4003 - 102s - loss: 0.6478 - categorical_accuracy: 0.7757 - val_loss: 0.6440 - val_categorical_accuracy: 0.7763 - lr: 0.0010 - 102s/epoch - 25ms/step
Epoch 28/100
4003/4003 - 102s - loss: 0.6462 - categorical_accuracy: 0.7763 - val_loss: 0.6642 - val_categorical_accuracy: 0.7670 - lr: 0.0010 - 102s/epoch - 26ms/step
Epoch 29/100
4003/4003 - 102s - loss: 0.6456 - categorical_accuracy: 0.7764 - val_loss: 0.6446 - val_categorical_accuracy: 0.7758 - lr: 0.0010 - 102s/epoch - 25ms/step
Epoch 30/100
4003/4003 - 102s - loss: 0.6450 - categorical_accuracy: 0.7766 - val_loss: 0.6479 - val_categorical_accuracy: 0.7754 - lr: 0.0010 - 102s/epoch - 25ms/step
Epoch 31/100
4003/4003 - 102s - loss: 0.6444 - categorical_accuracy: 0.7768 - val_loss: 0.6574 - val_categorical_accuracy: 0.7721 - lr: 0.0010 - 102s/epoch - 26ms/step
Epoch 32/100
4003/4003 - 102s - loss: 0.6437 - categorical_accuracy: 0.7771 - val_loss: 0.6445 - val_categorical_accuracy: 0.7767 - lr: 0.0010 - 102s/epoch - 25ms/step
Epoch 33/100
4003/4003 - 102s - loss: 0.6421 - categorical_accuracy: 0.7777 - val_loss: 0.6421 - val_categorical_accuracy: 0.7771 - lr: 0.0010 - 102s/epoch - 25ms/step
Epoch 34/100
4003/4003 - 102s - loss: 0.6417 - categorical_accuracy: 0.7780 - val_loss: 0.6439 - val_categorical_accuracy: 0.7769 - lr: 0.0010 - 102s/epoch - 26ms/step
Epoch 35/100
4003/4003 - 102s - loss: 0.6403 - categorical_accuracy: 0.7788 - val_loss: 0.6391 - val_categorical_accuracy: 0.7784 - lr: 0.0010 - 102s/epoch - 25ms/step
Epoch 36/100
4003/4003 - 102s - loss: 0.6401 - categorical_accuracy: 0.7785 - val_loss: 0.6509 - val_categorical_accuracy: 0.7732 - lr: 0.0010 - 102s/epoch - 25ms/step
Epoch 37/100
4003/4003 - 102s - loss: 0.6397 - categorical_accuracy: 0.7791 - val_loss: 0.6573 - val_categorical_accuracy: 0.7718 - lr: 0.0010 - 102s/epoch - 25ms/step
Epoch 38/100
4003/4003 - 102s - loss: 0.6392 - categorical_accuracy: 0.7790 - val_loss: 0.6462 - val_categorical_accuracy: 0.7760 - lr: 0.0010 - 102s/epoch - 25ms/step
Epoch 39/100
4003/4003 - 102s - loss: 0.6382 - categorical_accuracy: 0.7794 - val_loss: 0.6474 - val_categorical_accuracy: 0.7770 - lr: 0.0010 - 102s/epoch - 25ms/step
Epoch 40/100
4003/4003 - 102s - loss: 0.6377 - categorical_accuracy: 0.7795 - val_loss: 0.6453 - val_categorical_accuracy: 0.7765 - lr: 0.0010 - 102s/epoch - 26ms/step
Epoch 41/100
4003/4003 - 102s - loss: 0.6370 - categorical_accuracy: 0.7799 - val_loss: 0.6424 - val_categorical_accuracy: 0.7767 - lr: 0.0010 - 102s/epoch - 25ms/step
Epoch 42/100
4003/4003 - 102s - loss: 0.6369 - categorical_accuracy: 0.7800 - val_loss: 0.6539 - val_categorical_accuracy: 0.7708 - lr: 0.0010 - 102s/epoch - 25ms/step
Epoch 43/100
4003/4003 - 102s - loss: 0.6364 - categorical_accuracy: 0.7799 - val_loss: 0.6466 - val_categorical_accuracy: 0.7750 - lr: 0.0010 - 102s/epoch - 26ms/step
Epoch 44/100
4003/4003 - 102s - loss: 0.6367 - categorical_accuracy: 0.7794 - val_loss: 0.6402 - val_categorical_accuracy: 0.7779 - lr: 0.0010 - 102s/epoch - 25ms/step
Epoch 45/100
4003/4003 - 102s - loss: 0.6357 - categorical_accuracy: 0.7800 - val_loss: 0.6448 - val_categorical_accuracy: 0.7773 - lr: 0.0010 - 102s/epoch - 26ms/step
[92m
Saved model to: [0m trained_intnets/jedinet_exploration_10
Loss vs epochs plot saved to trained_intnets/jedinet_exploration_10.
Accuracy vs epochs plot saved to trained_intnets/jedinet_exploration_10.
[92m
Plots done! [0m
