[96m
GPU: NVIDIA GeForce GTX 1080 Ti[0m
[92mSaved hyperparameters to json file.[0m
[95m
DATA DETAILS[0m
[95m-----------[0m
data_folder: /work/deodagiu/ki_data/intnet_input
norm: robust
train_events: -1
test_events: 0
pt_min: 2.0
nconstituents: 16
feature_selection: jedinet

----------------
[92mData loading complete:[0m
Training data size: 5.72e+05
Test data size: 0.00e+00
----------------

Shuffling constituents...
[92mShuffled the training data! 🃏
[0m
Instantiating model with the hyperparameters:
effects_nnodes: 150
dynamic_nnodes: 100
abstrac_nnodes: 75
effects_activ: relu
dynamic_activ: relu
abstrac_activ: relu
neffects: 45
ndynamics: 30
l2: 0.1
summation: True
[92mModel compiled and built![0m
[95m

TRAINING THE MODEL 💪[0m

Training parameters
-------------------
[92mOptimiser: 	[0m {'name': 'Adam', 'learning_rate': 0.001, 'decay': 0.0, 'beta_1': 0.9, 'beta_2': 0.999, 'epsilon': 1e-07, 'amsgrad': False}
[92mBatch size: 	[0m 100
[92mLearning rate: 	[0m 0.001
[92mTraining epochs:[0m 200
[92mLoss: 		[0m categorical_crossentropy

Epoch 1/200
4003/4003 - 182s - loss: 1.3842 - categorical_accuracy: 0.6999 - val_loss: 0.7317 - val_categorical_accuracy: 0.7387 - lr: 0.0010 - 182s/epoch - 45ms/step
Epoch 2/200
4003/4003 - 179s - loss: 0.7095 - categorical_accuracy: 0.7487 - val_loss: 0.6925 - val_categorical_accuracy: 0.7558 - lr: 0.0010 - 179s/epoch - 45ms/step
Epoch 3/200
4003/4003 - 179s - loss: 0.6915 - categorical_accuracy: 0.7557 - val_loss: 0.6786 - val_categorical_accuracy: 0.7587 - lr: 0.0010 - 179s/epoch - 45ms/step
Epoch 4/200
4003/4003 - 179s - loss: 0.6792 - categorical_accuracy: 0.7610 - val_loss: 0.6668 - val_categorical_accuracy: 0.7650 - lr: 0.0010 - 179s/epoch - 45ms/step
Epoch 5/200
4003/4003 - 179s - loss: 0.6721 - categorical_accuracy: 0.7640 - val_loss: 0.6680 - val_categorical_accuracy: 0.7643 - lr: 0.0010 - 179s/epoch - 45ms/step
Epoch 6/200
4003/4003 - 179s - loss: 0.6664 - categorical_accuracy: 0.7663 - val_loss: 0.6843 - val_categorical_accuracy: 0.7584 - lr: 0.0010 - 179s/epoch - 45ms/step
Epoch 7/200
4003/4003 - 179s - loss: 0.6611 - categorical_accuracy: 0.7676 - val_loss: 0.6747 - val_categorical_accuracy: 0.7615 - lr: 0.0010 - 179s/epoch - 45ms/step
Epoch 8/200
4003/4003 - 179s - loss: 0.6577 - categorical_accuracy: 0.7693 - val_loss: 0.6498 - val_categorical_accuracy: 0.7713 - lr: 0.0010 - 179s/epoch - 45ms/step
Epoch 9/200
4003/4003 - 179s - loss: 0.6538 - categorical_accuracy: 0.7707 - val_loss: 0.6584 - val_categorical_accuracy: 0.7676 - lr: 0.0010 - 179s/epoch - 45ms/step
Epoch 10/200
4003/4003 - 179s - loss: 0.6502 - categorical_accuracy: 0.7718 - val_loss: 0.6556 - val_categorical_accuracy: 0.7705 - lr: 0.0010 - 179s/epoch - 45ms/step
Epoch 11/200
4003/4003 - 179s - loss: 0.6480 - categorical_accuracy: 0.7729 - val_loss: 0.6447 - val_categorical_accuracy: 0.7737 - lr: 0.0010 - 179s/epoch - 45ms/step
Epoch 12/200
4003/4003 - 179s - loss: 0.6454 - categorical_accuracy: 0.7739 - val_loss: 0.6638 - val_categorical_accuracy: 0.7678 - lr: 0.0010 - 179s/epoch - 45ms/step
Epoch 13/200
4003/4003 - 179s - loss: 0.6440 - categorical_accuracy: 0.7741 - val_loss: 0.6509 - val_categorical_accuracy: 0.7717 - lr: 0.0010 - 179s/epoch - 45ms/step
Epoch 14/200
4003/4003 - 179s - loss: 0.6417 - categorical_accuracy: 0.7748 - val_loss: 0.6381 - val_categorical_accuracy: 0.7754 - lr: 0.0010 - 179s/epoch - 45ms/step
Epoch 15/200
4003/4003 - 179s - loss: 0.6397 - categorical_accuracy: 0.7757 - val_loss: 0.6471 - val_categorical_accuracy: 0.7738 - lr: 0.0010 - 179s/epoch - 45ms/step
Epoch 16/200
4003/4003 - 179s - loss: 0.6390 - categorical_accuracy: 0.7757 - val_loss: 0.6384 - val_categorical_accuracy: 0.7766 - lr: 0.0010 - 179s/epoch - 45ms/step
Epoch 17/200
4003/4003 - 179s - loss: 0.6371 - categorical_accuracy: 0.7770 - val_loss: 0.6395 - val_categorical_accuracy: 0.7753 - lr: 0.0010 - 179s/epoch - 45ms/step
Epoch 18/200
4003/4003 - 179s - loss: 0.6359 - categorical_accuracy: 0.7773 - val_loss: 0.6563 - val_categorical_accuracy: 0.7697 - lr: 0.0010 - 179s/epoch - 45ms/step
Epoch 19/200
4003/4003 - 179s - loss: 0.6345 - categorical_accuracy: 0.7775 - val_loss: 0.6768 - val_categorical_accuracy: 0.7608 - lr: 0.0010 - 179s/epoch - 45ms/step
Epoch 20/200
4003/4003 - 179s - loss: 0.6331 - categorical_accuracy: 0.7783 - val_loss: 0.6404 - val_categorical_accuracy: 0.7759 - lr: 0.0010 - 179s/epoch - 45ms/step
Epoch 21/200
4003/4003 - 179s - loss: 0.6318 - categorical_accuracy: 0.7792 - val_loss: 0.6459 - val_categorical_accuracy: 0.7734 - lr: 0.0010 - 179s/epoch - 45ms/step
Epoch 22/200
4003/4003 - 179s - loss: 0.6314 - categorical_accuracy: 0.7794 - val_loss: 0.6319 - val_categorical_accuracy: 0.7784 - lr: 0.0010 - 179s/epoch - 45ms/step
Epoch 23/200
4003/4003 - 179s - loss: 0.6299 - categorical_accuracy: 0.7796 - val_loss: 0.6572 - val_categorical_accuracy: 0.7684 - lr: 0.0010 - 179s/epoch - 45ms/step
Epoch 24/200
4003/4003 - 179s - loss: 0.6296 - categorical_accuracy: 0.7794 - val_loss: 0.6576 - val_categorical_accuracy: 0.7689 - lr: 0.0010 - 179s/epoch - 45ms/step
Epoch 25/200
4003/4003 - 179s - loss: 0.6285 - categorical_accuracy: 0.7801 - val_loss: 0.6496 - val_categorical_accuracy: 0.7711 - lr: 0.0010 - 179s/epoch - 45ms/step
Epoch 26/200
4003/4003 - 179s - loss: 0.6279 - categorical_accuracy: 0.7801 - val_loss: 0.6410 - val_categorical_accuracy: 0.7756 - lr: 0.0010 - 179s/epoch - 45ms/step
Epoch 27/200
4003/4003 - 179s - loss: 0.6274 - categorical_accuracy: 0.7802 - val_loss: 0.6345 - val_categorical_accuracy: 0.7774 - lr: 0.0010 - 179s/epoch - 45ms/step
Epoch 28/200
4003/4003 - 179s - loss: 0.6261 - categorical_accuracy: 0.7805 - val_loss: 0.6508 - val_categorical_accuracy: 0.7695 - lr: 0.0010 - 179s/epoch - 45ms/step
Epoch 29/200
4003/4003 - 179s - loss: 0.6259 - categorical_accuracy: 0.7814 - val_loss: 0.6313 - val_categorical_accuracy: 0.7790 - lr: 0.0010 - 179s/epoch - 45ms/step
Epoch 30/200
4003/4003 - 179s - loss: 0.6255 - categorical_accuracy: 0.7813 - val_loss: 0.6394 - val_categorical_accuracy: 0.7771 - lr: 0.0010 - 179s/epoch - 45ms/step
Epoch 31/200
4003/4003 - 179s - loss: 0.6252 - categorical_accuracy: 0.7813 - val_loss: 0.6435 - val_categorical_accuracy: 0.7740 - lr: 0.0010 - 179s/epoch - 45ms/step
Epoch 32/200
4003/4003 - 179s - loss: 0.6236 - categorical_accuracy: 0.7816 - val_loss: 0.6441 - val_categorical_accuracy: 0.7755 - lr: 0.0010 - 179s/epoch - 45ms/step
Epoch 33/200
4003/4003 - 179s - loss: 0.6230 - categorical_accuracy: 0.7818 - val_loss: 0.6336 - val_categorical_accuracy: 0.7776 - lr: 0.0010 - 179s/epoch - 45ms/step
Epoch 34/200
4003/4003 - 180s - loss: 0.6232 - categorical_accuracy: 0.7821 - val_loss: 0.6387 - val_categorical_accuracy: 0.7761 - lr: 0.0010 - 180s/epoch - 45ms/step
Epoch 35/200
4003/4003 - 179s - loss: 0.6219 - categorical_accuracy: 0.7821 - val_loss: 0.6340 - val_categorical_accuracy: 0.7777 - lr: 0.0010 - 179s/epoch - 45ms/step
Epoch 36/200
4003/4003 - 179s - loss: 0.6213 - categorical_accuracy: 0.7822 - val_loss: 0.6371 - val_categorical_accuracy: 0.7777 - lr: 0.0010 - 179s/epoch - 45ms/step
Epoch 37/200
4003/4003 - 179s - loss: 0.6202 - categorical_accuracy: 0.7829 - val_loss: 0.6430 - val_categorical_accuracy: 0.7744 - lr: 0.0010 - 179s/epoch - 45ms/step
Epoch 38/200
4003/4003 - 179s - loss: 0.6206 - categorical_accuracy: 0.7830 - val_loss: 0.6398 - val_categorical_accuracy: 0.7764 - lr: 0.0010 - 179s/epoch - 45ms/step
Epoch 39/200
4003/4003 - 179s - loss: 0.6200 - categorical_accuracy: 0.7831 - val_loss: 0.6413 - val_categorical_accuracy: 0.7776 - lr: 0.0010 - 179s/epoch - 45ms/step
Epoch 40/200
4003/4003 - 179s - loss: 0.6193 - categorical_accuracy: 0.7833 - val_loss: 0.6339 - val_categorical_accuracy: 0.7777 - lr: 0.0010 - 179s/epoch - 45ms/step
Epoch 41/200
4003/4003 - 179s - loss: 0.6185 - categorical_accuracy: 0.7833 - val_loss: 0.6303 - val_categorical_accuracy: 0.7798 - lr: 0.0010 - 179s/epoch - 45ms/step
Epoch 42/200
4003/4003 - 179s - loss: 0.6187 - categorical_accuracy: 0.7830 - val_loss: 0.6484 - val_categorical_accuracy: 0.7710 - lr: 0.0010 - 179s/epoch - 45ms/step
Epoch 43/200
4003/4003 - 179s - loss: 0.6177 - categorical_accuracy: 0.7842 - val_loss: 0.6389 - val_categorical_accuracy: 0.7765 - lr: 0.0010 - 179s/epoch - 45ms/step
Epoch 44/200
4003/4003 - 179s - loss: 0.6182 - categorical_accuracy: 0.7835 - val_loss: 0.6326 - val_categorical_accuracy: 0.7785 - lr: 0.0010 - 179s/epoch - 45ms/step
Epoch 45/200
4003/4003 - 179s - loss: 0.6173 - categorical_accuracy: 0.7839 - val_loss: 0.6440 - val_categorical_accuracy: 0.7755 - lr: 0.0010 - 179s/epoch - 45ms/step
Epoch 46/200
4003/4003 - 179s - loss: 0.6164 - categorical_accuracy: 0.7846 - val_loss: 0.6396 - val_categorical_accuracy: 0.7768 - lr: 0.0010 - 179s/epoch - 45ms/step
Epoch 47/200
4003/4003 - 179s - loss: 0.6166 - categorical_accuracy: 0.7842 - val_loss: 0.6537 - val_categorical_accuracy: 0.7702 - lr: 0.0010 - 179s/epoch - 45ms/step
Epoch 48/200
4003/4003 - 179s - loss: 0.6160 - categorical_accuracy: 0.7845 - val_loss: 0.6503 - val_categorical_accuracy: 0.7730 - lr: 0.0010 - 179s/epoch - 45ms/step
Epoch 49/200
4003/4003 - 179s - loss: 0.6154 - categorical_accuracy: 0.7845 - val_loss: 0.6436 - val_categorical_accuracy: 0.7748 - lr: 0.0010 - 179s/epoch - 45ms/step
Epoch 50/200
4003/4003 - 179s - loss: 0.6158 - categorical_accuracy: 0.7841 - val_loss: 0.6357 - val_categorical_accuracy: 0.7774 - lr: 0.0010 - 179s/epoch - 45ms/step
Epoch 51/200
4003/4003 - 179s - loss: 0.6148 - categorical_accuracy: 0.7850 - val_loss: 0.6342 - val_categorical_accuracy: 0.7783 - lr: 0.0010 - 179s/epoch - 45ms/step
Epoch 52/200
4003/4003 - 179s - loss: 0.6141 - categorical_accuracy: 0.7851 - val_loss: 0.6338 - val_categorical_accuracy: 0.7784 - lr: 0.0010 - 179s/epoch - 45ms/step
Epoch 53/200
4003/4003 - 179s - loss: 0.6144 - categorical_accuracy: 0.7845 - val_loss: 0.6437 - val_categorical_accuracy: 0.7746 - lr: 0.0010 - 179s/epoch - 45ms/step
Epoch 54/200
4003/4003 - 178s - loss: 0.6141 - categorical_accuracy: 0.7853 - val_loss: 0.6374 - val_categorical_accuracy: 0.7776 - lr: 0.0010 - 178s/epoch - 45ms/step
Epoch 55/200
4003/4003 - 179s - loss: 0.6138 - categorical_accuracy: 0.7852 - val_loss: 0.6407 - val_categorical_accuracy: 0.7754 - lr: 0.0010 - 179s/epoch - 45ms/step
Epoch 56/200
4003/4003 - 179s - loss: 0.6135 - categorical_accuracy: 0.7854 - val_loss: 0.6366 - val_categorical_accuracy: 0.7782 - lr: 0.0010 - 179s/epoch - 45ms/step
Epoch 57/200
4003/4003 - 178s - loss: 0.6069 - categorical_accuracy: 0.7875 - val_loss: 0.6315 - val_categorical_accuracy: 0.7797 - lr: 8.0000e-04 - 178s/epoch - 45ms/step
Epoch 58/200
4003/4003 - 179s - loss: 0.6059 - categorical_accuracy: 0.7882 - val_loss: 0.6334 - val_categorical_accuracy: 0.7790 - lr: 8.0000e-04 - 179s/epoch - 45ms/step
Epoch 59/200
4003/4003 - 178s - loss: 0.6053 - categorical_accuracy: 0.7883 - val_loss: 0.6363 - val_categorical_accuracy: 0.7784 - lr: 8.0000e-04 - 178s/epoch - 45ms/step
Epoch 60/200
4003/4003 - 179s - loss: 0.6051 - categorical_accuracy: 0.7880 - val_loss: 0.6507 - val_categorical_accuracy: 0.7722 - lr: 8.0000e-04 - 179s/epoch - 45ms/step
Epoch 61/200
4003/4003 - 179s - loss: 0.6051 - categorical_accuracy: 0.7878 - val_loss: 0.6345 - val_categorical_accuracy: 0.7805 - lr: 8.0000e-04 - 179s/epoch - 45ms/step
Epoch 62/200
4003/4003 - 195s - loss: 0.6048 - categorical_accuracy: 0.7885 - val_loss: 0.6364 - val_categorical_accuracy: 0.7778 - lr: 8.0000e-04 - 195s/epoch - 49ms/step
Epoch 63/200
4003/4003 - 179s - loss: 0.6045 - categorical_accuracy: 0.7883 - val_loss: 0.6307 - val_categorical_accuracy: 0.7806 - lr: 8.0000e-04 - 179s/epoch - 45ms/step
Epoch 64/200
4003/4003 - 178s - loss: 0.6033 - categorical_accuracy: 0.7887 - val_loss: 0.6451 - val_categorical_accuracy: 0.7754 - lr: 8.0000e-04 - 178s/epoch - 45ms/step
Epoch 65/200
4003/4003 - 178s - loss: 0.6038 - categorical_accuracy: 0.7883 - val_loss: 0.6390 - val_categorical_accuracy: 0.7766 - lr: 8.0000e-04 - 178s/epoch - 45ms/step
Epoch 66/200
4003/4003 - 178s - loss: 0.6038 - categorical_accuracy: 0.7888 - val_loss: 0.6311 - val_categorical_accuracy: 0.7807 - lr: 8.0000e-04 - 178s/epoch - 45ms/step
Epoch 67/200
4003/4003 - 178s - loss: 0.6033 - categorical_accuracy: 0.7883 - val_loss: 0.6413 - val_categorical_accuracy: 0.7756 - lr: 8.0000e-04 - 178s/epoch - 44ms/step
Epoch 68/200
4003/4003 - 178s - loss: 0.6030 - categorical_accuracy: 0.7890 - val_loss: 0.6380 - val_categorical_accuracy: 0.7779 - lr: 8.0000e-04 - 178s/epoch - 45ms/step
Epoch 69/200
4003/4003 - 178s - loss: 0.6019 - categorical_accuracy: 0.7891 - val_loss: 0.6487 - val_categorical_accuracy: 0.7733 - lr: 8.0000e-04 - 178s/epoch - 44ms/step
Epoch 70/200
4003/4003 - 178s - loss: 0.6023 - categorical_accuracy: 0.7884 - val_loss: 0.6441 - val_categorical_accuracy: 0.7746 - lr: 8.0000e-04 - 178s/epoch - 45ms/step
Epoch 71/200
4003/4003 - 178s - loss: 0.6020 - categorical_accuracy: 0.7890 - val_loss: 0.6369 - val_categorical_accuracy: 0.7785 - lr: 8.0000e-04 - 178s/epoch - 45ms/step
Epoch 72/200
4003/4003 - 178s - loss: 0.6018 - categorical_accuracy: 0.7888 - val_loss: 0.6451 - val_categorical_accuracy: 0.7731 - lr: 8.0000e-04 - 178s/epoch - 44ms/step
Epoch 73/200
4003/4003 - 179s - loss: 0.6012 - categorical_accuracy: 0.7893 - val_loss: 0.6375 - val_categorical_accuracy: 0.7785 - lr: 8.0000e-04 - 179s/epoch - 45ms/step
Epoch 74/200
4003/4003 - 178s - loss: 0.6010 - categorical_accuracy: 0.7895 - val_loss: 0.6342 - val_categorical_accuracy: 0.7793 - lr: 8.0000e-04 - 178s/epoch - 44ms/step
Epoch 75/200
4003/4003 - 178s - loss: 0.6014 - categorical_accuracy: 0.7891 - val_loss: 0.6364 - val_categorical_accuracy: 0.7790 - lr: 8.0000e-04 - 178s/epoch - 45ms/step
Epoch 76/200
4003/4003 - 179s - loss: 0.6008 - categorical_accuracy: 0.7897 - val_loss: 0.6404 - val_categorical_accuracy: 0.7781 - lr: 8.0000e-04 - 179s/epoch - 45ms/step
Epoch 77/200
4003/4003 - 178s - loss: 0.6007 - categorical_accuracy: 0.7894 - val_loss: 0.6366 - val_categorical_accuracy: 0.7791 - lr: 8.0000e-04 - 178s/epoch - 44ms/step
Epoch 78/200
4003/4003 - 178s - loss: 0.6004 - categorical_accuracy: 0.7894 - val_loss: 0.6405 - val_categorical_accuracy: 0.7786 - lr: 8.0000e-04 - 178s/epoch - 45ms/step
Epoch 79/200
4003/4003 - 178s - loss: 0.5996 - categorical_accuracy: 0.7903 - val_loss: 0.6376 - val_categorical_accuracy: 0.7787 - lr: 8.0000e-04 - 178s/epoch - 44ms/step
Epoch 80/200
4003/4003 - 178s - loss: 0.5999 - categorical_accuracy: 0.7896 - val_loss: 0.6367 - val_categorical_accuracy: 0.7778 - lr: 8.0000e-04 - 178s/epoch - 45ms/step
Epoch 81/200
4003/4003 - 179s - loss: 0.6001 - categorical_accuracy: 0.7898 - val_loss: 0.6395 - val_categorical_accuracy: 0.7774 - lr: 8.0000e-04 - 179s/epoch - 45ms/step
Epoch 82/200
4003/4003 - 178s - loss: 0.5940 - categorical_accuracy: 0.7921 - val_loss: 0.6350 - val_categorical_accuracy: 0.7797 - lr: 6.4000e-04 - 178s/epoch - 44ms/step
Epoch 83/200
4003/4003 - 178s - loss: 0.5939 - categorical_accuracy: 0.7919 - val_loss: 0.6356 - val_categorical_accuracy: 0.7790 - lr: 6.4000e-04 - 178s/epoch - 44ms/step
Epoch 84/200
4003/4003 - 178s - loss: 0.5934 - categorical_accuracy: 0.7919 - val_loss: 0.6349 - val_categorical_accuracy: 0.7796 - lr: 6.4000e-04 - 178s/epoch - 44ms/step
Epoch 85/200
4003/4003 - 178s - loss: 0.5931 - categorical_accuracy: 0.7921 - val_loss: 0.6363 - val_categorical_accuracy: 0.7796 - lr: 6.4000e-04 - 178s/epoch - 44ms/step
Epoch 86/200
4003/4003 - 178s - loss: 0.5924 - categorical_accuracy: 0.7924 - val_loss: 0.6387 - val_categorical_accuracy: 0.7782 - lr: 6.4000e-04 - 178s/epoch - 44ms/step
Epoch 87/200
4003/4003 - 178s - loss: 0.5927 - categorical_accuracy: 0.7923 - val_loss: 0.6412 - val_categorical_accuracy: 0.7777 - lr: 6.4000e-04 - 178s/epoch - 44ms/step
Epoch 88/200
4003/4003 - 178s - loss: 0.5925 - categorical_accuracy: 0.7923 - val_loss: 0.6357 - val_categorical_accuracy: 0.7792 - lr: 6.4000e-04 - 178s/epoch - 44ms/step
Epoch 89/200
4003/4003 - 178s - loss: 0.5919 - categorical_accuracy: 0.7923 - val_loss: 0.6418 - val_categorical_accuracy: 0.7770 - lr: 6.4000e-04 - 178s/epoch - 44ms/step
Epoch 90/200
4003/4003 - 178s - loss: 0.5921 - categorical_accuracy: 0.7926 - val_loss: 0.6403 - val_categorical_accuracy: 0.7787 - lr: 6.4000e-04 - 178s/epoch - 45ms/step
Epoch 91/200
4003/4003 - 178s - loss: 0.5921 - categorical_accuracy: 0.7926 - val_loss: 0.6459 - val_categorical_accuracy: 0.7758 - lr: 6.4000e-04 - 178s/epoch - 44ms/step
Epoch 92/200
4003/4003 - 178s - loss: 0.5916 - categorical_accuracy: 0.7923 - val_loss: 0.6390 - val_categorical_accuracy: 0.7781 - lr: 6.4000e-04 - 178s/epoch - 44ms/step
Epoch 93/200
4003/4003 - 178s - loss: 0.5920 - categorical_accuracy: 0.7922 - val_loss: 0.6404 - val_categorical_accuracy: 0.7789 - lr: 6.4000e-04 - 178s/epoch - 44ms/step
Epoch 94/200
4003/4003 - 178s - loss: 0.5910 - categorical_accuracy: 0.7931 - val_loss: 0.6395 - val_categorical_accuracy: 0.7786 - lr: 6.4000e-04 - 178s/epoch - 44ms/step
Epoch 95/200
4003/4003 - 178s - loss: 0.5909 - categorical_accuracy: 0.7928 - val_loss: 0.6406 - val_categorical_accuracy: 0.7792 - lr: 6.4000e-04 - 178s/epoch - 44ms/step
Epoch 96/200
4003/4003 - 178s - loss: 0.5910 - categorical_accuracy: 0.7928 - val_loss: 0.6410 - val_categorical_accuracy: 0.7778 - lr: 6.4000e-04 - 178s/epoch - 44ms/step
[92m
Saved model to: [0m trained_intnets/jedinet_exploration_18
Loss vs epochs plot saved to trained_intnets/jedinet_exploration_18.
Accuracy vs epochs plot saved to trained_intnets/jedinet_exploration_18.
[92m
Plots done! [0m
