[96m
GPU: NVIDIA GeForce GTX 1080 Ti[0m
[92mSaved hyperparameters to json file.[0m
[95m
DATA DEETS[0m
[95m-----------[0m
data_folder: /work/deodagiu/ki_data/intnet_input
norm: robust
train_events: -1
test_events: 0
pt_min: 2.0
nconstituents: 16
feature_selection: jedinet

----------------
[92mData loading complete:[0m
Training data size: 5.72e+05
Test data size: 0.00e+00
----------------

Shuffling constituents...
[92mShuffled the training data! 🃏
[0m
Instantiating model with the hyperparameters:
effects_nnodes: 75
dynamic_nnodes: 50
abstrac_nnodes: 50
effects_activ: relu
dynamic_activ: relu
abstrac_activ: relu
neffects: 20
ndynamics: 15
l2: 0.01
summation: True
[92mModel compiled and built![0m
Model: "dens_intnet"
_________________________________________________________________
 Layer (type)                Output Shape              Param #   
=================================================================
 relational_model (EffectsML  multiple                 15395     
 P)                                                              
                                                                 
 object_model (DynamicsMLP)  multiple                  5420      
                                                                 
 classifier_model (AbstractM  multiple                 3855      
 LP)                                                             
                                                                 
=================================================================
Total params: 24,670
Trainable params: 24,670
Non-trainable params: 0
_________________________________________________________________
[95m

TRAINING THE MODEL 💪[0m

Training parameters
-------------------
[92mOptimiser: 	[0m {'name': 'Adam', 'learning_rate': 0.001, 'decay': 0.0, 'beta_1': 0.9, 'beta_2': 0.999, 'epsilon': 1e-07, 'amsgrad': False}
[92mBatch size: 	[0m 100
[92mLearning rate: 	[0m 0.001
[92mTraining epochs:[0m 200
[92mLoss: 		[0m categorical_crossentropy

Epoch 1/200
4003/4003 - 92s - loss: 1.0747 - categorical_accuracy: 0.6789 - val_loss: 0.7898 - val_categorical_accuracy: 0.7408 - lr: 0.0010 - 92s/epoch - 23ms/step
Epoch 2/200
4003/4003 - 90s - loss: 0.7718 - categorical_accuracy: 0.7382 - val_loss: 0.7553 - val_categorical_accuracy: 0.7352 - lr: 0.0010 - 90s/epoch - 22ms/step
Epoch 3/200
4003/4003 - 90s - loss: 0.7189 - categorical_accuracy: 0.7499 - val_loss: 0.6956 - val_categorical_accuracy: 0.7543 - lr: 0.0010 - 90s/epoch - 22ms/step
Epoch 4/200
4003/4003 - 90s - loss: 0.6930 - categorical_accuracy: 0.7559 - val_loss: 0.6878 - val_categorical_accuracy: 0.7549 - lr: 0.0010 - 90s/epoch - 23ms/step
Epoch 5/200
4003/4003 - 90s - loss: 0.6846 - categorical_accuracy: 0.7588 - val_loss: 0.6854 - val_categorical_accuracy: 0.7597 - lr: 0.0010 - 90s/epoch - 22ms/step
Epoch 6/200
4003/4003 - 90s - loss: 0.6791 - categorical_accuracy: 0.7613 - val_loss: 0.6881 - val_categorical_accuracy: 0.7567 - lr: 0.0010 - 90s/epoch - 22ms/step
Epoch 7/200
4003/4003 - 90s - loss: 0.6747 - categorical_accuracy: 0.7627 - val_loss: 0.6963 - val_categorical_accuracy: 0.7509 - lr: 0.0010 - 90s/epoch - 23ms/step
Epoch 8/200
4003/4003 - 90s - loss: 0.6716 - categorical_accuracy: 0.7636 - val_loss: 0.6662 - val_categorical_accuracy: 0.7655 - lr: 0.0010 - 90s/epoch - 22ms/step
Epoch 9/200
4003/4003 - 90s - loss: 0.6686 - categorical_accuracy: 0.7652 - val_loss: 0.6787 - val_categorical_accuracy: 0.7597 - lr: 0.0010 - 90s/epoch - 22ms/step
Epoch 10/200
4003/4003 - 90s - loss: 0.6658 - categorical_accuracy: 0.7660 - val_loss: 0.6665 - val_categorical_accuracy: 0.7662 - lr: 0.0010 - 90s/epoch - 22ms/step
Epoch 11/200
4003/4003 - 90s - loss: 0.6640 - categorical_accuracy: 0.7671 - val_loss: 0.6694 - val_categorical_accuracy: 0.7652 - lr: 0.0010 - 90s/epoch - 23ms/step
Epoch 12/200
4003/4003 - 90s - loss: 0.6606 - categorical_accuracy: 0.7685 - val_loss: 0.6777 - val_categorical_accuracy: 0.7612 - lr: 0.0010 - 90s/epoch - 22ms/step
Epoch 13/200
4003/4003 - 89s - loss: 0.6592 - categorical_accuracy: 0.7691 - val_loss: 0.6600 - val_categorical_accuracy: 0.7688 - lr: 0.0010 - 89s/epoch - 22ms/step
Epoch 14/200
4003/4003 - 90s - loss: 0.6574 - categorical_accuracy: 0.7690 - val_loss: 0.6491 - val_categorical_accuracy: 0.7718 - lr: 0.0010 - 90s/epoch - 23ms/step
Epoch 15/200
4003/4003 - 89s - loss: 0.6554 - categorical_accuracy: 0.7700 - val_loss: 0.6571 - val_categorical_accuracy: 0.7696 - lr: 0.0010 - 89s/epoch - 22ms/step
Epoch 16/200
4003/4003 - 89s - loss: 0.6542 - categorical_accuracy: 0.7702 - val_loss: 0.6523 - val_categorical_accuracy: 0.7713 - lr: 0.0010 - 89s/epoch - 22ms/step
Epoch 17/200
4003/4003 - 90s - loss: 0.6524 - categorical_accuracy: 0.7715 - val_loss: 0.6471 - val_categorical_accuracy: 0.7722 - lr: 0.0010 - 90s/epoch - 22ms/step
Epoch 18/200
4003/4003 - 89s - loss: 0.6518 - categorical_accuracy: 0.7719 - val_loss: 0.6775 - val_categorical_accuracy: 0.7598 - lr: 0.0010 - 89s/epoch - 22ms/step
Epoch 19/200
4003/4003 - 89s - loss: 0.6500 - categorical_accuracy: 0.7721 - val_loss: 0.6575 - val_categorical_accuracy: 0.7683 - lr: 0.0010 - 89s/epoch - 22ms/step
Epoch 20/200
4003/4003 - 89s - loss: 0.6488 - categorical_accuracy: 0.7724 - val_loss: 0.6471 - val_categorical_accuracy: 0.7732 - lr: 0.0010 - 89s/epoch - 22ms/step
Epoch 21/200
4003/4003 - 90s - loss: 0.6477 - categorical_accuracy: 0.7728 - val_loss: 0.6647 - val_categorical_accuracy: 0.7652 - lr: 0.0010 - 90s/epoch - 22ms/step
Epoch 22/200
4003/4003 - 89s - loss: 0.6464 - categorical_accuracy: 0.7735 - val_loss: 0.6412 - val_categorical_accuracy: 0.7749 - lr: 0.0010 - 89s/epoch - 22ms/step
Epoch 23/200
4003/4003 - 89s - loss: 0.6458 - categorical_accuracy: 0.7735 - val_loss: 0.6660 - val_categorical_accuracy: 0.7653 - lr: 0.0010 - 89s/epoch - 22ms/step
Epoch 24/200
4003/4003 - 90s - loss: 0.6454 - categorical_accuracy: 0.7732 - val_loss: 0.6594 - val_categorical_accuracy: 0.7676 - lr: 0.0010 - 90s/epoch - 22ms/step
Epoch 25/200
4003/4003 - 89s - loss: 0.6441 - categorical_accuracy: 0.7739 - val_loss: 0.6437 - val_categorical_accuracy: 0.7740 - lr: 0.0010 - 89s/epoch - 22ms/step
Epoch 26/200
4003/4003 - 89s - loss: 0.6438 - categorical_accuracy: 0.7745 - val_loss: 0.6501 - val_categorical_accuracy: 0.7706 - lr: 0.0010 - 89s/epoch - 22ms/step
Epoch 27/200
4003/4003 - 90s - loss: 0.6433 - categorical_accuracy: 0.7746 - val_loss: 0.6420 - val_categorical_accuracy: 0.7740 - lr: 0.0010 - 90s/epoch - 22ms/step
Epoch 28/200
4003/4003 - 89s - loss: 0.6417 - categorical_accuracy: 0.7748 - val_loss: 0.6614 - val_categorical_accuracy: 0.7638 - lr: 0.0010 - 89s/epoch - 22ms/step
Epoch 29/200
4003/4003 - 89s - loss: 0.6419 - categorical_accuracy: 0.7754 - val_loss: 0.6419 - val_categorical_accuracy: 0.7747 - lr: 0.0010 - 89s/epoch - 22ms/step
Epoch 30/200
4003/4003 - 89s - loss: 0.6413 - categorical_accuracy: 0.7754 - val_loss: 0.6449 - val_categorical_accuracy: 0.7736 - lr: 0.0010 - 89s/epoch - 22ms/step
Epoch 31/200
4003/4003 - 89s - loss: 0.6408 - categorical_accuracy: 0.7756 - val_loss: 0.6668 - val_categorical_accuracy: 0.7647 - lr: 0.0010 - 89s/epoch - 22ms/step
Epoch 32/200
4003/4003 - 89s - loss: 0.6399 - categorical_accuracy: 0.7760 - val_loss: 0.6423 - val_categorical_accuracy: 0.7761 - lr: 0.0010 - 89s/epoch - 22ms/step
Epoch 33/200
4003/4003 - 89s - loss: 0.6392 - categorical_accuracy: 0.7763 - val_loss: 0.6418 - val_categorical_accuracy: 0.7742 - lr: 0.0010 - 89s/epoch - 22ms/step
Epoch 34/200
4003/4003 - 90s - loss: 0.6390 - categorical_accuracy: 0.7768 - val_loss: 0.6371 - val_categorical_accuracy: 0.7761 - lr: 0.0010 - 90s/epoch - 22ms/step
Epoch 35/200
4003/4003 - 89s - loss: 0.6383 - categorical_accuracy: 0.7765 - val_loss: 0.6384 - val_categorical_accuracy: 0.7751 - lr: 0.0010 - 89s/epoch - 22ms/step
Epoch 36/200
4003/4003 - 89s - loss: 0.6378 - categorical_accuracy: 0.7767 - val_loss: 0.6450 - val_categorical_accuracy: 0.7726 - lr: 0.0010 - 89s/epoch - 22ms/step
Epoch 37/200
4003/4003 - 91s - loss: 0.6370 - categorical_accuracy: 0.7773 - val_loss: 0.6483 - val_categorical_accuracy: 0.7723 - lr: 0.0010 - 91s/epoch - 23ms/step
Epoch 38/200
4003/4003 - 89s - loss: 0.6376 - categorical_accuracy: 0.7771 - val_loss: 0.6478 - val_categorical_accuracy: 0.7730 - lr: 0.0010 - 89s/epoch - 22ms/step
Epoch 39/200
4003/4003 - 89s - loss: 0.6365 - categorical_accuracy: 0.7771 - val_loss: 0.6399 - val_categorical_accuracy: 0.7770 - lr: 0.0010 - 89s/epoch - 22ms/step
Epoch 40/200
4003/4003 - 89s - loss: 0.6360 - categorical_accuracy: 0.7775 - val_loss: 0.6401 - val_categorical_accuracy: 0.7755 - lr: 0.0010 - 89s/epoch - 22ms/step
Epoch 41/200
4003/4003 - 90s - loss: 0.6355 - categorical_accuracy: 0.7780 - val_loss: 0.6365 - val_categorical_accuracy: 0.7770 - lr: 0.0010 - 90s/epoch - 22ms/step
Epoch 42/200
4003/4003 - 89s - loss: 0.6356 - categorical_accuracy: 0.7774 - val_loss: 0.6460 - val_categorical_accuracy: 0.7715 - lr: 0.0010 - 89s/epoch - 22ms/step
Epoch 43/200
4003/4003 - 89s - loss: 0.6347 - categorical_accuracy: 0.7777 - val_loss: 0.6422 - val_categorical_accuracy: 0.7739 - lr: 0.0010 - 89s/epoch - 22ms/step
Epoch 44/200
4003/4003 - 90s - loss: 0.6352 - categorical_accuracy: 0.7776 - val_loss: 0.6414 - val_categorical_accuracy: 0.7755 - lr: 0.0010 - 90s/epoch - 22ms/step
Epoch 45/200
4003/4003 - 89s - loss: 0.6349 - categorical_accuracy: 0.7776 - val_loss: 0.6481 - val_categorical_accuracy: 0.7735 - lr: 0.0010 - 89s/epoch - 22ms/step
Epoch 46/200
4003/4003 - 89s - loss: 0.6336 - categorical_accuracy: 0.7785 - val_loss: 0.6428 - val_categorical_accuracy: 0.7736 - lr: 0.0010 - 89s/epoch - 22ms/step
Epoch 47/200
4003/4003 - 90s - loss: 0.6335 - categorical_accuracy: 0.7783 - val_loss: 0.6444 - val_categorical_accuracy: 0.7734 - lr: 0.0010 - 90s/epoch - 22ms/step
Epoch 48/200
4003/4003 - 89s - loss: 0.6338 - categorical_accuracy: 0.7781 - val_loss: 0.6390 - val_categorical_accuracy: 0.7767 - lr: 0.0010 - 89s/epoch - 22ms/step
Epoch 49/200
4003/4003 - 89s - loss: 0.6327 - categorical_accuracy: 0.7786 - val_loss: 0.6490 - val_categorical_accuracy: 0.7710 - lr: 0.0010 - 89s/epoch - 22ms/step
Epoch 50/200
4003/4003 - 89s - loss: 0.6335 - categorical_accuracy: 0.7782 - val_loss: 0.6438 - val_categorical_accuracy: 0.7728 - lr: 0.0010 - 89s/epoch - 22ms/step
Epoch 51/200
4003/4003 - 90s - loss: 0.6323 - categorical_accuracy: 0.7792 - val_loss: 0.6378 - val_categorical_accuracy: 0.7767 - lr: 0.0010 - 90s/epoch - 22ms/step
Epoch 52/200
4003/4003 - 89s - loss: 0.6322 - categorical_accuracy: 0.7790 - val_loss: 0.6354 - val_categorical_accuracy: 0.7773 - lr: 0.0010 - 89s/epoch - 22ms/step
Epoch 53/200
4003/4003 - 89s - loss: 0.6325 - categorical_accuracy: 0.7790 - val_loss: 0.6662 - val_categorical_accuracy: 0.7643 - lr: 0.0010 - 89s/epoch - 22ms/step
Epoch 54/200
4003/4003 - 90s - loss: 0.6320 - categorical_accuracy: 0.7787 - val_loss: 0.6375 - val_categorical_accuracy: 0.7769 - lr: 0.0010 - 90s/epoch - 22ms/step
Epoch 55/200
4003/4003 - 89s - loss: 0.6318 - categorical_accuracy: 0.7790 - val_loss: 0.6594 - val_categorical_accuracy: 0.7673 - lr: 0.0010 - 89s/epoch - 22ms/step
Epoch 56/200
4003/4003 - 89s - loss: 0.6314 - categorical_accuracy: 0.7794 - val_loss: 0.6337 - val_categorical_accuracy: 0.7787 - lr: 0.0010 - 89s/epoch - 22ms/step
Epoch 57/200
4003/4003 - 90s - loss: 0.6311 - categorical_accuracy: 0.7792 - val_loss: 0.6370 - val_categorical_accuracy: 0.7765 - lr: 0.0010 - 90s/epoch - 22ms/step
Epoch 58/200
4003/4003 - 89s - loss: 0.6309 - categorical_accuracy: 0.7793 - val_loss: 0.6405 - val_categorical_accuracy: 0.7750 - lr: 0.0010 - 89s/epoch - 22ms/step
Epoch 59/200
4003/4003 - 89s - loss: 0.6305 - categorical_accuracy: 0.7792 - val_loss: 0.6318 - val_categorical_accuracy: 0.7782 - lr: 0.0010 - 89s/epoch - 22ms/step
Epoch 60/200
4003/4003 - 89s - loss: 0.6308 - categorical_accuracy: 0.7788 - val_loss: 0.6468 - val_categorical_accuracy: 0.7729 - lr: 0.0010 - 89s/epoch - 22ms/step
Epoch 61/200
4003/4003 - 90s - loss: 0.6307 - categorical_accuracy: 0.7791 - val_loss: 0.6385 - val_categorical_accuracy: 0.7772 - lr: 0.0010 - 90s/epoch - 22ms/step
Epoch 62/200
4003/4003 - 89s - loss: 0.6299 - categorical_accuracy: 0.7796 - val_loss: 0.6437 - val_categorical_accuracy: 0.7742 - lr: 0.0010 - 89s/epoch - 22ms/step
Epoch 63/200
4003/4003 - 89s - loss: 0.6301 - categorical_accuracy: 0.7794 - val_loss: 0.6339 - val_categorical_accuracy: 0.7778 - lr: 0.0010 - 89s/epoch - 22ms/step
Epoch 64/200
4003/4003 - 90s - loss: 0.6292 - categorical_accuracy: 0.7796 - val_loss: 0.6441 - val_categorical_accuracy: 0.7745 - lr: 0.0010 - 90s/epoch - 22ms/step
Epoch 65/200
4003/4003 - 89s - loss: 0.6302 - categorical_accuracy: 0.7793 - val_loss: 0.6410 - val_categorical_accuracy: 0.7745 - lr: 0.0010 - 89s/epoch - 22ms/step
Epoch 66/200
4003/4003 - 89s - loss: 0.6294 - categorical_accuracy: 0.7796 - val_loss: 0.6359 - val_categorical_accuracy: 0.7777 - lr: 0.0010 - 89s/epoch - 22ms/step
Epoch 67/200
4003/4003 - 89s - loss: 0.6293 - categorical_accuracy: 0.7796 - val_loss: 0.6633 - val_categorical_accuracy: 0.7655 - lr: 0.0010 - 89s/epoch - 22ms/step
Epoch 68/200
4003/4003 - 90s - loss: 0.6293 - categorical_accuracy: 0.7800 - val_loss: 0.6368 - val_categorical_accuracy: 0.7772 - lr: 0.0010 - 90s/epoch - 22ms/step
Epoch 69/200
4003/4003 - 89s - loss: 0.6286 - categorical_accuracy: 0.7802 - val_loss: 0.6593 - val_categorical_accuracy: 0.7675 - lr: 0.0010 - 89s/epoch - 22ms/step
Epoch 70/200
4003/4003 - 89s - loss: 0.6282 - categorical_accuracy: 0.7804 - val_loss: 0.6472 - val_categorical_accuracy: 0.7718 - lr: 0.0010 - 89s/epoch - 22ms/step
Epoch 71/200
4003/4003 - 90s - loss: 0.6287 - categorical_accuracy: 0.7801 - val_loss: 0.6437 - val_categorical_accuracy: 0.7743 - lr: 0.0010 - 90s/epoch - 22ms/step
Epoch 72/200
4003/4003 - 89s - loss: 0.6236 - categorical_accuracy: 0.7819 - val_loss: 0.6364 - val_categorical_accuracy: 0.7767 - lr: 8.0000e-04 - 89s/epoch - 22ms/step
Epoch 73/200
4003/4003 - 89s - loss: 0.6237 - categorical_accuracy: 0.7818 - val_loss: 0.6415 - val_categorical_accuracy: 0.7754 - lr: 8.0000e-04 - 89s/epoch - 22ms/step
Epoch 74/200
4003/4003 - 90s - loss: 0.6230 - categorical_accuracy: 0.7820 - val_loss: 0.6325 - val_categorical_accuracy: 0.7784 - lr: 8.0000e-04 - 90s/epoch - 22ms/step
Epoch 75/200
4003/4003 - 89s - loss: 0.6234 - categorical_accuracy: 0.7819 - val_loss: 0.6328 - val_categorical_accuracy: 0.7785 - lr: 8.0000e-04 - 89s/epoch - 22ms/step
Epoch 76/200
4003/4003 - 89s - loss: 0.6225 - categorical_accuracy: 0.7828 - val_loss: 0.6310 - val_categorical_accuracy: 0.7792 - lr: 8.0000e-04 - 89s/epoch - 22ms/step
Epoch 77/200
4003/4003 - 89s - loss: 0.6225 - categorical_accuracy: 0.7825 - val_loss: 0.6342 - val_categorical_accuracy: 0.7783 - lr: 8.0000e-04 - 89s/epoch - 22ms/step
Epoch 78/200
4003/4003 - 90s - loss: 0.6228 - categorical_accuracy: 0.7822 - val_loss: 0.6364 - val_categorical_accuracy: 0.7782 - lr: 8.0000e-04 - 90s/epoch - 22ms/step
Epoch 79/200
4003/4003 - 89s - loss: 0.6221 - categorical_accuracy: 0.7824 - val_loss: 0.6317 - val_categorical_accuracy: 0.7785 - lr: 8.0000e-04 - 89s/epoch - 22ms/step
Epoch 80/200
4003/4003 - 89s - loss: 0.6224 - categorical_accuracy: 0.7823 - val_loss: 0.6315 - val_categorical_accuracy: 0.7788 - lr: 8.0000e-04 - 89s/epoch - 22ms/step
Epoch 81/200
4003/4003 - 90s - loss: 0.6223 - categorical_accuracy: 0.7826 - val_loss: 0.6324 - val_categorical_accuracy: 0.7787 - lr: 8.0000e-04 - 90s/epoch - 22ms/step
Epoch 82/200
4003/4003 - 89s - loss: 0.6221 - categorical_accuracy: 0.7824 - val_loss: 0.6301 - val_categorical_accuracy: 0.7793 - lr: 8.0000e-04 - 89s/epoch - 22ms/step
Epoch 83/200
4003/4003 - 89s - loss: 0.6222 - categorical_accuracy: 0.7824 - val_loss: 0.6309 - val_categorical_accuracy: 0.7792 - lr: 8.0000e-04 - 89s/epoch - 22ms/step
Epoch 84/200
4003/4003 - 90s - loss: 0.6220 - categorical_accuracy: 0.7825 - val_loss: 0.6302 - val_categorical_accuracy: 0.7788 - lr: 8.0000e-04 - 90s/epoch - 22ms/step
Epoch 85/200
4003/4003 - 89s - loss: 0.6213 - categorical_accuracy: 0.7827 - val_loss: 0.6331 - val_categorical_accuracy: 0.7784 - lr: 8.0000e-04 - 89s/epoch - 22ms/step
Epoch 86/200
4003/4003 - 89s - loss: 0.6210 - categorical_accuracy: 0.7831 - val_loss: 0.6352 - val_categorical_accuracy: 0.7774 - lr: 8.0000e-04 - 89s/epoch - 22ms/step
Epoch 87/200
4003/4003 - 89s - loss: 0.6219 - categorical_accuracy: 0.7821 - val_loss: 0.6350 - val_categorical_accuracy: 0.7774 - lr: 8.0000e-04 - 89s/epoch - 22ms/step
Epoch 88/200
4003/4003 - 90s - loss: 0.6215 - categorical_accuracy: 0.7825 - val_loss: 0.6318 - val_categorical_accuracy: 0.7792 - lr: 8.0000e-04 - 90s/epoch - 22ms/step
Epoch 89/200
4003/4003 - 89s - loss: 0.6209 - categorical_accuracy: 0.7828 - val_loss: 0.6345 - val_categorical_accuracy: 0.7782 - lr: 8.0000e-04 - 89s/epoch - 22ms/step
Epoch 90/200
4003/4003 - 89s - loss: 0.6216 - categorical_accuracy: 0.7823 - val_loss: 0.6376 - val_categorical_accuracy: 0.7772 - lr: 8.0000e-04 - 89s/epoch - 22ms/step
Epoch 91/200
4003/4003 - 90s - loss: 0.6210 - categorical_accuracy: 0.7828 - val_loss: 0.6384 - val_categorical_accuracy: 0.7765 - lr: 8.0000e-04 - 90s/epoch - 22ms/step
Epoch 92/200
4003/4003 - 89s - loss: 0.6210 - categorical_accuracy: 0.7827 - val_loss: 0.6359 - val_categorical_accuracy: 0.7779 - lr: 8.0000e-04 - 89s/epoch - 22ms/step
Epoch 93/200
4003/4003 - 89s - loss: 0.6213 - categorical_accuracy: 0.7825 - val_loss: 0.6301 - val_categorical_accuracy: 0.7793 - lr: 8.0000e-04 - 89s/epoch - 22ms/step
Epoch 94/200
4003/4003 - 91s - loss: 0.6209 - categorical_accuracy: 0.7830 - val_loss: 0.6374 - val_categorical_accuracy: 0.7762 - lr: 8.0000e-04 - 91s/epoch - 23ms/step
Epoch 95/200
4003/4003 - 89s - loss: 0.6207 - categorical_accuracy: 0.7830 - val_loss: 0.6402 - val_categorical_accuracy: 0.7770 - lr: 8.0000e-04 - 89s/epoch - 22ms/step
Epoch 96/200
4003/4003 - 89s - loss: 0.6208 - categorical_accuracy: 0.7830 - val_loss: 0.6343 - val_categorical_accuracy: 0.7773 - lr: 8.0000e-04 - 89s/epoch - 22ms/step
Epoch 97/200
4003/4003 - 89s - loss: 0.6205 - categorical_accuracy: 0.7831 - val_loss: 0.6331 - val_categorical_accuracy: 0.7793 - lr: 8.0000e-04 - 89s/epoch - 22ms/step
Epoch 98/200
4003/4003 - 90s - loss: 0.6171 - categorical_accuracy: 0.7842 - val_loss: 0.6428 - val_categorical_accuracy: 0.7727 - lr: 6.4000e-04 - 90s/epoch - 22ms/step
Epoch 99/200
4003/4003 - 89s - loss: 0.6164 - categorical_accuracy: 0.7844 - val_loss: 0.6346 - val_categorical_accuracy: 0.7772 - lr: 6.4000e-04 - 89s/epoch - 22ms/step
Epoch 100/200
4003/4003 - 89s - loss: 0.6166 - categorical_accuracy: 0.7842 - val_loss: 0.6298 - val_categorical_accuracy: 0.7796 - lr: 6.4000e-04 - 89s/epoch - 22ms/step
Epoch 101/200
4003/4003 - 90s - loss: 0.6167 - categorical_accuracy: 0.7845 - val_loss: 0.6356 - val_categorical_accuracy: 0.7775 - lr: 6.4000e-04 - 90s/epoch - 22ms/step
Epoch 102/200
4003/4003 - 90s - loss: 0.6163 - categorical_accuracy: 0.7843 - val_loss: 0.6341 - val_categorical_accuracy: 0.7791 - lr: 6.4000e-04 - 90s/epoch - 22ms/step
Epoch 103/200
4003/4003 - 90s - loss: 0.6162 - categorical_accuracy: 0.7846 - val_loss: 0.6287 - val_categorical_accuracy: 0.7805 - lr: 6.4000e-04 - 90s/epoch - 22ms/step
Epoch 104/200
4003/4003 - 90s - loss: 0.6157 - categorical_accuracy: 0.7846 - val_loss: 0.6274 - val_categorical_accuracy: 0.7803 - lr: 6.4000e-04 - 90s/epoch - 23ms/step
Epoch 105/200
4003/4003 - 90s - loss: 0.6158 - categorical_accuracy: 0.7845 - val_loss: 0.6387 - val_categorical_accuracy: 0.7751 - lr: 6.4000e-04 - 90s/epoch - 22ms/step
Epoch 106/200
4003/4003 - 89s - loss: 0.6159 - categorical_accuracy: 0.7845 - val_loss: 0.6346 - val_categorical_accuracy: 0.7779 - lr: 6.4000e-04 - 89s/epoch - 22ms/step
Epoch 107/200
4003/4003 - 90s - loss: 0.6155 - categorical_accuracy: 0.7845 - val_loss: 0.6354 - val_categorical_accuracy: 0.7776 - lr: 6.4000e-04 - 90s/epoch - 22ms/step
Epoch 108/200
4003/4003 - 90s - loss: 0.6150 - categorical_accuracy: 0.7847 - val_loss: 0.6285 - val_categorical_accuracy: 0.7803 - lr: 6.4000e-04 - 90s/epoch - 22ms/step
Epoch 109/200
4003/4003 - 89s - loss: 0.6156 - categorical_accuracy: 0.7848 - val_loss: 0.6299 - val_categorical_accuracy: 0.7789 - lr: 6.4000e-04 - 89s/epoch - 22ms/step
Epoch 110/200
4003/4003 - 89s - loss: 0.6156 - categorical_accuracy: 0.7844 - val_loss: 0.6279 - val_categorical_accuracy: 0.7804 - lr: 6.4000e-04 - 89s/epoch - 22ms/step
Epoch 111/200
4003/4003 - 90s - loss: 0.6151 - categorical_accuracy: 0.7847 - val_loss: 0.6315 - val_categorical_accuracy: 0.7800 - lr: 6.4000e-04 - 90s/epoch - 22ms/step
Epoch 112/200
4003/4003 - 89s - loss: 0.6152 - categorical_accuracy: 0.7850 - val_loss: 0.6312 - val_categorical_accuracy: 0.7794 - lr: 6.4000e-04 - 89s/epoch - 22ms/step
Epoch 113/200
4003/4003 - 89s - loss: 0.6152 - categorical_accuracy: 0.7848 - val_loss: 0.6325 - val_categorical_accuracy: 0.7782 - lr: 6.4000e-04 - 89s/epoch - 22ms/step
Epoch 114/200
4003/4003 - 89s - loss: 0.6153 - categorical_accuracy: 0.7847 - val_loss: 0.6260 - val_categorical_accuracy: 0.7808 - lr: 6.4000e-04 - 89s/epoch - 22ms/step
Epoch 115/200
4003/4003 - 90s - loss: 0.6153 - categorical_accuracy: 0.7847 - val_loss: 0.6305 - val_categorical_accuracy: 0.7797 - lr: 6.4000e-04 - 90s/epoch - 22ms/step
Epoch 116/200
4003/4003 - 89s - loss: 0.6151 - categorical_accuracy: 0.7846 - val_loss: 0.6305 - val_categorical_accuracy: 0.7792 - lr: 6.4000e-04 - 89s/epoch - 22ms/step
Epoch 117/200
4003/4003 - 89s - loss: 0.6148 - categorical_accuracy: 0.7852 - val_loss: 0.6325 - val_categorical_accuracy: 0.7786 - lr: 6.4000e-04 - 89s/epoch - 22ms/step
Epoch 118/200
4003/4003 - 90s - loss: 0.6146 - categorical_accuracy: 0.7848 - val_loss: 0.6313 - val_categorical_accuracy: 0.7796 - lr: 6.4000e-04 - 90s/epoch - 22ms/step
Epoch 119/200
4003/4003 - 89s - loss: 0.6150 - categorical_accuracy: 0.7849 - val_loss: 0.6364 - val_categorical_accuracy: 0.7779 - lr: 6.4000e-04 - 89s/epoch - 22ms/step
Epoch 120/200
4003/4003 - 89s - loss: 0.6145 - categorical_accuracy: 0.7851 - val_loss: 0.6344 - val_categorical_accuracy: 0.7777 - lr: 6.4000e-04 - 89s/epoch - 22ms/step
Epoch 121/200
4003/4003 - 90s - loss: 0.6146 - categorical_accuracy: 0.7854 - val_loss: 0.6268 - val_categorical_accuracy: 0.7805 - lr: 6.4000e-04 - 90s/epoch - 22ms/step
Epoch 122/200
4003/4003 - 89s - loss: 0.6151 - categorical_accuracy: 0.7847 - val_loss: 0.6322 - val_categorical_accuracy: 0.7795 - lr: 6.4000e-04 - 89s/epoch - 22ms/step
Epoch 123/200
4003/4003 - 89s - loss: 0.6143 - categorical_accuracy: 0.7851 - val_loss: 0.6299 - val_categorical_accuracy: 0.7795 - lr: 6.4000e-04 - 89s/epoch - 22ms/step
Epoch 124/200
4003/4003 - 89s - loss: 0.6141 - categorical_accuracy: 0.7850 - val_loss: 0.6331 - val_categorical_accuracy: 0.7777 - lr: 6.4000e-04 - 89s/epoch - 22ms/step
Epoch 125/200
4003/4003 - 90s - loss: 0.6145 - categorical_accuracy: 0.7848 - val_loss: 0.6339 - val_categorical_accuracy: 0.7786 - lr: 6.4000e-04 - 90s/epoch - 22ms/step
Epoch 126/200
4003/4003 - 89s - loss: 0.6147 - categorical_accuracy: 0.7854 - val_loss: 0.6391 - val_categorical_accuracy: 0.7767 - lr: 6.4000e-04 - 89s/epoch - 22ms/step
Epoch 127/200
4003/4003 - 89s - loss: 0.6144 - categorical_accuracy: 0.7854 - val_loss: 0.6335 - val_categorical_accuracy: 0.7788 - lr: 6.4000e-04 - 89s/epoch - 22ms/step
Epoch 128/200
4003/4003 - 90s - loss: 0.6142 - categorical_accuracy: 0.7851 - val_loss: 0.6316 - val_categorical_accuracy: 0.7786 - lr: 6.4000e-04 - 90s/epoch - 22ms/step
Epoch 129/200
4003/4003 - 89s - loss: 0.6144 - categorical_accuracy: 0.7853 - val_loss: 0.6300 - val_categorical_accuracy: 0.7804 - lr: 6.4000e-04 - 89s/epoch - 22ms/step
Epoch 130/200
4003/4003 - 89s - loss: 0.6108 - categorical_accuracy: 0.7868 - val_loss: 0.6264 - val_categorical_accuracy: 0.7808 - lr: 5.1200e-04 - 89s/epoch - 22ms/step
Epoch 131/200
4003/4003 - 91s - loss: 0.6107 - categorical_accuracy: 0.7863 - val_loss: 0.6291 - val_categorical_accuracy: 0.7802 - lr: 5.1200e-04 - 91s/epoch - 23ms/step
Epoch 132/200
4003/4003 - 89s - loss: 0.6108 - categorical_accuracy: 0.7864 - val_loss: 0.6275 - val_categorical_accuracy: 0.7805 - lr: 5.1200e-04 - 89s/epoch - 22ms/step
Epoch 133/200
4003/4003 - 89s - loss: 0.6107 - categorical_accuracy: 0.7865 - val_loss: 0.6282 - val_categorical_accuracy: 0.7810 - lr: 5.1200e-04 - 89s/epoch - 22ms/step
Epoch 134/200
4003/4003 - 89s - loss: 0.6105 - categorical_accuracy: 0.7866 - val_loss: 0.6538 - val_categorical_accuracy: 0.7698 - lr: 5.1200e-04 - 89s/epoch - 22ms/step
Epoch 135/200
4003/4003 - 90s - loss: 0.6104 - categorical_accuracy: 0.7867 - val_loss: 0.6309 - val_categorical_accuracy: 0.7780 - lr: 5.1200e-04 - 90s/epoch - 22ms/step
Epoch 136/200
4003/4003 - 89s - loss: 0.6105 - categorical_accuracy: 0.7866 - val_loss: 0.6261 - val_categorical_accuracy: 0.7815 - lr: 5.1200e-04 - 89s/epoch - 22ms/step
Epoch 137/200
4003/4003 - 89s - loss: 0.6103 - categorical_accuracy: 0.7864 - val_loss: 0.6274 - val_categorical_accuracy: 0.7799 - lr: 5.1200e-04 - 89s/epoch - 22ms/step
Epoch 138/200
4003/4003 - 90s - loss: 0.6098 - categorical_accuracy: 0.7868 - val_loss: 0.6316 - val_categorical_accuracy: 0.7802 - lr: 5.1200e-04 - 90s/epoch - 22ms/step
Epoch 139/200
4003/4003 - 89s - loss: 0.6101 - categorical_accuracy: 0.7865 - val_loss: 0.6270 - val_categorical_accuracy: 0.7804 - lr: 5.1200e-04 - 89s/epoch - 22ms/step
Epoch 140/200
4003/4003 - 89s - loss: 0.6100 - categorical_accuracy: 0.7863 - val_loss: 0.6296 - val_categorical_accuracy: 0.7802 - lr: 5.1200e-04 - 89s/epoch - 22ms/step
Epoch 141/200
4003/4003 - 90s - loss: 0.6101 - categorical_accuracy: 0.7866 - val_loss: 0.6296 - val_categorical_accuracy: 0.7800 - lr: 5.1200e-04 - 90s/epoch - 22ms/step
Epoch 142/200
4003/4003 - 89s - loss: 0.6097 - categorical_accuracy: 0.7866 - val_loss: 0.6304 - val_categorical_accuracy: 0.7792 - lr: 5.1200e-04 - 89s/epoch - 22ms/step
Epoch 143/200
4003/4003 - 89s - loss: 0.6100 - categorical_accuracy: 0.7868 - val_loss: 0.6304 - val_categorical_accuracy: 0.7796 - lr: 5.1200e-04 - 89s/epoch - 22ms/step
Epoch 144/200
4003/4003 - 89s - loss: 0.6101 - categorical_accuracy: 0.7869 - val_loss: 0.6250 - val_categorical_accuracy: 0.7816 - lr: 5.1200e-04 - 89s/epoch - 22ms/step
Epoch 145/200
4003/4003 - 90s - loss: 0.6100 - categorical_accuracy: 0.7867 - val_loss: 0.6376 - val_categorical_accuracy: 0.7767 - lr: 5.1200e-04 - 90s/epoch - 22ms/step
Epoch 146/200
4003/4003 - 89s - loss: 0.6100 - categorical_accuracy: 0.7865 - val_loss: 0.6347 - val_categorical_accuracy: 0.7776 - lr: 5.1200e-04 - 89s/epoch - 22ms/step
Epoch 147/200
4003/4003 - 89s - loss: 0.6099 - categorical_accuracy: 0.7867 - val_loss: 0.6284 - val_categorical_accuracy: 0.7797 - lr: 5.1200e-04 - 89s/epoch - 22ms/step
Epoch 148/200
4003/4003 - 90s - loss: 0.6098 - categorical_accuracy: 0.7867 - val_loss: 0.6260 - val_categorical_accuracy: 0.7811 - lr: 5.1200e-04 - 90s/epoch - 22ms/step
Epoch 149/200
4003/4003 - 89s - loss: 0.6097 - categorical_accuracy: 0.7866 - val_loss: 0.6300 - val_categorical_accuracy: 0.7788 - lr: 5.1200e-04 - 89s/epoch - 22ms/step
Epoch 150/200
4003/4003 - 89s - loss: 0.6094 - categorical_accuracy: 0.7869 - val_loss: 0.6283 - val_categorical_accuracy: 0.7811 - lr: 5.1200e-04 - 89s/epoch - 22ms/step
Epoch 151/200
4003/4003 - 90s - loss: 0.6096 - categorical_accuracy: 0.7868 - val_loss: 0.6282 - val_categorical_accuracy: 0.7800 - lr: 5.1200e-04 - 90s/epoch - 22ms/step
Epoch 152/200
4003/4003 - 89s - loss: 0.6095 - categorical_accuracy: 0.7868 - val_loss: 0.6274 - val_categorical_accuracy: 0.7803 - lr: 5.1200e-04 - 89s/epoch - 22ms/step
Epoch 153/200
4003/4003 - 89s - loss: 0.6092 - categorical_accuracy: 0.7868 - val_loss: 0.6273 - val_categorical_accuracy: 0.7803 - lr: 5.1200e-04 - 89s/epoch - 22ms/step
Epoch 154/200
4003/4003 - 89s - loss: 0.6093 - categorical_accuracy: 0.7870 - val_loss: 0.6361 - val_categorical_accuracy: 0.7767 - lr: 5.1200e-04 - 89s/epoch - 22ms/step
Epoch 155/200
4003/4003 - 90s - loss: 0.6096 - categorical_accuracy: 0.7868 - val_loss: 0.6284 - val_categorical_accuracy: 0.7810 - lr: 5.1200e-04 - 90s/epoch - 22ms/step
Epoch 156/200
4003/4003 - 89s - loss: 0.6091 - categorical_accuracy: 0.7873 - val_loss: 0.6275 - val_categorical_accuracy: 0.7812 - lr: 5.1200e-04 - 89s/epoch - 22ms/step
Epoch 157/200
4003/4003 - 89s - loss: 0.6092 - categorical_accuracy: 0.7867 - val_loss: 0.6280 - val_categorical_accuracy: 0.7808 - lr: 5.1200e-04 - 89s/epoch - 22ms/step
Epoch 158/200
4003/4003 - 90s - loss: 0.6094 - categorical_accuracy: 0.7867 - val_loss: 0.6267 - val_categorical_accuracy: 0.7811 - lr: 5.1200e-04 - 90s/epoch - 22ms/step
Epoch 159/200
4003/4003 - 89s - loss: 0.6091 - categorical_accuracy: 0.7869 - val_loss: 0.6277 - val_categorical_accuracy: 0.7812 - lr: 5.1200e-04 - 89s/epoch - 22ms/step
Epoch 160/200
4003/4003 - 89s - loss: 0.6066 - categorical_accuracy: 0.7878 - val_loss: 0.6271 - val_categorical_accuracy: 0.7797 - lr: 4.0960e-04 - 89s/epoch - 22ms/step
Epoch 161/200
4003/4003 - 90s - loss: 0.6063 - categorical_accuracy: 0.7877 - val_loss: 0.6270 - val_categorical_accuracy: 0.7813 - lr: 4.0960e-04 - 90s/epoch - 22ms/step
Epoch 162/200
4003/4003 - 89s - loss: 0.6061 - categorical_accuracy: 0.7882 - val_loss: 0.6286 - val_categorical_accuracy: 0.7808 - lr: 4.0960e-04 - 89s/epoch - 22ms/step
Epoch 163/200
4003/4003 - 89s - loss: 0.6063 - categorical_accuracy: 0.7878 - val_loss: 0.6270 - val_categorical_accuracy: 0.7809 - lr: 4.0960e-04 - 89s/epoch - 22ms/step
Epoch 164/200
4003/4003 - 89s - loss: 0.6060 - categorical_accuracy: 0.7880 - val_loss: 0.6295 - val_categorical_accuracy: 0.7796 - lr: 4.0960e-04 - 89s/epoch - 22ms/step
Epoch 165/200
4003/4003 - 90s - loss: 0.6064 - categorical_accuracy: 0.7880 - val_loss: 0.6277 - val_categorical_accuracy: 0.7810 - lr: 4.0960e-04 - 90s/epoch - 22ms/step
Epoch 166/200
4003/4003 - 89s - loss: 0.6062 - categorical_accuracy: 0.7883 - val_loss: 0.6324 - val_categorical_accuracy: 0.7791 - lr: 4.0960e-04 - 89s/epoch - 22ms/step
Epoch 167/200
4003/4003 - 89s - loss: 0.6063 - categorical_accuracy: 0.7882 - val_loss: 0.6266 - val_categorical_accuracy: 0.7812 - lr: 4.0960e-04 - 89s/epoch - 22ms/step
Epoch 168/200
4003/4003 - 90s - loss: 0.6059 - categorical_accuracy: 0.7880 - val_loss: 0.6312 - val_categorical_accuracy: 0.7785 - lr: 4.0960e-04 - 90s/epoch - 22ms/step
Epoch 169/200
4003/4003 - 89s - loss: 0.6062 - categorical_accuracy: 0.7882 - val_loss: 0.6289 - val_categorical_accuracy: 0.7804 - lr: 4.0960e-04 - 89s/epoch - 22ms/step
Epoch 170/200
4003/4003 - 89s - loss: 0.6060 - categorical_accuracy: 0.7882 - val_loss: 0.6278 - val_categorical_accuracy: 0.7812 - lr: 4.0960e-04 - 89s/epoch - 22ms/step
Epoch 171/200
4003/4003 - 89s - loss: 0.6059 - categorical_accuracy: 0.7884 - val_loss: 0.6295 - val_categorical_accuracy: 0.7799 - lr: 4.0960e-04 - 89s/epoch - 22ms/step
Epoch 172/200
4003/4003 - 90s - loss: 0.6058 - categorical_accuracy: 0.7884 - val_loss: 0.6327 - val_categorical_accuracy: 0.7784 - lr: 4.0960e-04 - 90s/epoch - 22ms/step
Epoch 173/200
4003/4003 - 89s - loss: 0.6061 - categorical_accuracy: 0.7881 - val_loss: 0.6289 - val_categorical_accuracy: 0.7799 - lr: 4.0960e-04 - 89s/epoch - 22ms/step
Epoch 174/200
4003/4003 - 89s - loss: 0.6061 - categorical_accuracy: 0.7882 - val_loss: 0.6330 - val_categorical_accuracy: 0.7784 - lr: 4.0960e-04 - 89s/epoch - 22ms/step
[92m
Saved model to: [0m trained_intnets/jedinet_exploration_27
Loss vs epochs plot saved to trained_intnets/jedinet_exploration_27.
Accuracy vs epochs plot saved to trained_intnets/jedinet_exploration_27.
[92m
Plots done! [0m
