[96m
GPU: NVIDIA GeForce GTX 1080 Ti[0m
[92mSaved hyperparameters to json file.[0m
[95m
DATA DETAILS[0m
[95m-----------[0m
data_folder: /work/deodagiu/ki_data/intnet_input
norm: robust
train_events: -1
test_events: 0
pt_min: 2.0
nconstituents: 16
feature_selection: jedinet

----------------
[92mData loading complete:[0m
Training data size: 5.72e+05
Test data size: 0.00e+00
----------------

Shuffling constituents...
[92mShuffled the training data! 🃏
[0m
Instantiating model with the hyperparameters:
effects_nnodes: 125
dynamic_nnodes: 75
abstrac_nnodes: 25
effects_activ: relu
dynamic_activ: relu
abstrac_activ: relu
neffects: 20
ndynamics: 15
l2: 0.001
summation: True
[92mModel compiled and built![0m
[95m

TRAINING THE MODEL 💪[0m

Training parameters
-------------------
[92mOptimiser: 	[0m {'name': 'Adam', 'learning_rate': 0.001, 'decay': 0.0, 'beta_1': 0.9, 'beta_2': 0.999, 'epsilon': 1e-07, 'amsgrad': False}
[92mBatch size: 	[0m 100
[92mLearning rate: 	[0m 0.001
[92mTraining epochs:[0m 100
[92mLoss: 		[0m categorical_crossentropy

Epoch 1/100
4003/4003 - 116s - loss: 0.9748 - categorical_accuracy: 0.6936 - val_loss: 0.7928 - val_categorical_accuracy: 0.7442 - lr: 0.0010 - 116s/epoch - 29ms/step
Epoch 2/100
4003/4003 - 114s - loss: 0.7817 - categorical_accuracy: 0.7425 - val_loss: 0.7585 - val_categorical_accuracy: 0.7450 - lr: 0.0010 - 114s/epoch - 29ms/step
Epoch 3/100
4003/4003 - 114s - loss: 0.7486 - categorical_accuracy: 0.7491 - val_loss: 0.7250 - val_categorical_accuracy: 0.7547 - lr: 0.0010 - 114s/epoch - 29ms/step
Epoch 4/100
4003/4003 - 115s - loss: 0.7305 - categorical_accuracy: 0.7534 - val_loss: 0.7356 - val_categorical_accuracy: 0.7497 - lr: 0.0010 - 115s/epoch - 29ms/step
Epoch 5/100
4003/4003 - 114s - loss: 0.7193 - categorical_accuracy: 0.7566 - val_loss: 0.7036 - val_categorical_accuracy: 0.7619 - lr: 0.0010 - 114s/epoch - 29ms/step
Epoch 6/100
4003/4003 - 114s - loss: 0.7094 - categorical_accuracy: 0.7597 - val_loss: 0.7057 - val_categorical_accuracy: 0.7602 - lr: 0.0010 - 114s/epoch - 29ms/step
Epoch 7/100
4003/4003 - 115s - loss: 0.7026 - categorical_accuracy: 0.7613 - val_loss: 0.6949 - val_categorical_accuracy: 0.7649 - lr: 0.0010 - 115s/epoch - 29ms/step
Epoch 8/100
4003/4003 - 114s - loss: 0.6970 - categorical_accuracy: 0.7627 - val_loss: 0.6850 - val_categorical_accuracy: 0.7658 - lr: 0.0010 - 114s/epoch - 29ms/step
Epoch 9/100
4003/4003 - 115s - loss: 0.6908 - categorical_accuracy: 0.7642 - val_loss: 0.6953 - val_categorical_accuracy: 0.7608 - lr: 0.0010 - 115s/epoch - 29ms/step
Epoch 10/100
4003/4003 - 114s - loss: 0.6871 - categorical_accuracy: 0.7649 - val_loss: 0.6887 - val_categorical_accuracy: 0.7654 - lr: 0.0010 - 114s/epoch - 29ms/step
Epoch 11/100
4003/4003 - 114s - loss: 0.6827 - categorical_accuracy: 0.7672 - val_loss: 0.6775 - val_categorical_accuracy: 0.7673 - lr: 0.0010 - 114s/epoch - 28ms/step
Epoch 12/100
4003/4003 - 114s - loss: 0.6793 - categorical_accuracy: 0.7682 - val_loss: 0.6768 - val_categorical_accuracy: 0.7700 - lr: 0.0010 - 114s/epoch - 29ms/step
Epoch 13/100
4003/4003 - 114s - loss: 0.6770 - categorical_accuracy: 0.7691 - val_loss: 0.6724 - val_categorical_accuracy: 0.7698 - lr: 0.0010 - 114s/epoch - 28ms/step
Epoch 14/100
4003/4003 - 114s - loss: 0.6736 - categorical_accuracy: 0.7694 - val_loss: 0.6659 - val_categorical_accuracy: 0.7722 - lr: 0.0010 - 114s/epoch - 28ms/step
Epoch 15/100
4003/4003 - 114s - loss: 0.6717 - categorical_accuracy: 0.7702 - val_loss: 0.6702 - val_categorical_accuracy: 0.7697 - lr: 0.0010 - 114s/epoch - 29ms/step
Epoch 16/100
4003/4003 - 114s - loss: 0.6697 - categorical_accuracy: 0.7709 - val_loss: 0.6676 - val_categorical_accuracy: 0.7717 - lr: 0.0010 - 114s/epoch - 28ms/step
Epoch 17/100
4003/4003 - 115s - loss: 0.6675 - categorical_accuracy: 0.7715 - val_loss: 0.6611 - val_categorical_accuracy: 0.7735 - lr: 0.0010 - 115s/epoch - 29ms/step
Epoch 18/100
4003/4003 - 114s - loss: 0.6651 - categorical_accuracy: 0.7724 - val_loss: 0.6713 - val_categorical_accuracy: 0.7684 - lr: 0.0010 - 114s/epoch - 28ms/step
Epoch 19/100
4003/4003 - 114s - loss: 0.6633 - categorical_accuracy: 0.7721 - val_loss: 0.6789 - val_categorical_accuracy: 0.7644 - lr: 0.0010 - 114s/epoch - 28ms/step
Epoch 20/100
4003/4003 - 114s - loss: 0.6618 - categorical_accuracy: 0.7727 - val_loss: 0.6570 - val_categorical_accuracy: 0.7731 - lr: 0.0010 - 114s/epoch - 29ms/step
Epoch 21/100
4003/4003 - 114s - loss: 0.6593 - categorical_accuracy: 0.7734 - val_loss: 0.6596 - val_categorical_accuracy: 0.7714 - lr: 0.0010 - 114s/epoch - 28ms/step
Epoch 22/100
4003/4003 - 114s - loss: 0.6581 - categorical_accuracy: 0.7736 - val_loss: 0.6555 - val_categorical_accuracy: 0.7736 - lr: 0.0010 - 114s/epoch - 28ms/step
Epoch 23/100
4003/4003 - 114s - loss: 0.6564 - categorical_accuracy: 0.7741 - val_loss: 0.6647 - val_categorical_accuracy: 0.7699 - lr: 0.0010 - 114s/epoch - 29ms/step
Epoch 24/100
4003/4003 - 114s - loss: 0.6548 - categorical_accuracy: 0.7739 - val_loss: 0.6801 - val_categorical_accuracy: 0.7625 - lr: 0.0010 - 114s/epoch - 28ms/step
Epoch 25/100
4003/4003 - 114s - loss: 0.6534 - categorical_accuracy: 0.7747 - val_loss: 0.6652 - val_categorical_accuracy: 0.7697 - lr: 0.0010 - 114s/epoch - 29ms/step
Epoch 26/100
4003/4003 - 114s - loss: 0.6527 - categorical_accuracy: 0.7746 - val_loss: 0.6548 - val_categorical_accuracy: 0.7729 - lr: 0.0010 - 114s/epoch - 29ms/step
Epoch 27/100
4003/4003 - 114s - loss: 0.6518 - categorical_accuracy: 0.7746 - val_loss: 0.6559 - val_categorical_accuracy: 0.7726 - lr: 0.0010 - 114s/epoch - 29ms/step
Epoch 28/100
4003/4003 - 115s - loss: 0.6494 - categorical_accuracy: 0.7753 - val_loss: 0.6629 - val_categorical_accuracy: 0.7691 - lr: 0.0010 - 115s/epoch - 29ms/step
Epoch 29/100
4003/4003 - 114s - loss: 0.6497 - categorical_accuracy: 0.7752 - val_loss: 0.6541 - val_categorical_accuracy: 0.7727 - lr: 0.0010 - 114s/epoch - 29ms/step
Epoch 30/100
4003/4003 - 114s - loss: 0.6485 - categorical_accuracy: 0.7758 - val_loss: 0.6548 - val_categorical_accuracy: 0.7722 - lr: 0.0010 - 114s/epoch - 29ms/step
Epoch 31/100
4003/4003 - 115s - loss: 0.6480 - categorical_accuracy: 0.7757 - val_loss: 0.6564 - val_categorical_accuracy: 0.7723 - lr: 0.0010 - 115s/epoch - 29ms/step
Epoch 32/100
4003/4003 - 114s - loss: 0.6469 - categorical_accuracy: 0.7760 - val_loss: 0.6487 - val_categorical_accuracy: 0.7764 - lr: 0.0010 - 114s/epoch - 29ms/step
Epoch 33/100
4003/4003 - 115s - loss: 0.6459 - categorical_accuracy: 0.7763 - val_loss: 0.6492 - val_categorical_accuracy: 0.7745 - lr: 0.0010 - 115s/epoch - 29ms/step
Epoch 34/100
4003/4003 - 114s - loss: 0.6451 - categorical_accuracy: 0.7768 - val_loss: 0.6469 - val_categorical_accuracy: 0.7752 - lr: 0.0010 - 114s/epoch - 29ms/step
Epoch 35/100
4003/4003 - 114s - loss: 0.6439 - categorical_accuracy: 0.7771 - val_loss: 0.6450 - val_categorical_accuracy: 0.7755 - lr: 0.0010 - 114s/epoch - 29ms/step
Epoch 36/100
4003/4003 - 115s - loss: 0.6434 - categorical_accuracy: 0.7773 - val_loss: 0.6497 - val_categorical_accuracy: 0.7736 - lr: 0.0010 - 115s/epoch - 29ms/step
Epoch 37/100
4003/4003 - 114s - loss: 0.6427 - categorical_accuracy: 0.7773 - val_loss: 0.6541 - val_categorical_accuracy: 0.7726 - lr: 0.0010 - 114s/epoch - 29ms/step
Epoch 38/100
4003/4003 - 115s - loss: 0.6425 - categorical_accuracy: 0.7778 - val_loss: 0.6497 - val_categorical_accuracy: 0.7754 - lr: 0.0010 - 115s/epoch - 29ms/step
Epoch 39/100
4003/4003 - 114s - loss: 0.6416 - categorical_accuracy: 0.7780 - val_loss: 0.6487 - val_categorical_accuracy: 0.7759 - lr: 0.0010 - 114s/epoch - 29ms/step
Epoch 40/100
4003/4003 - 114s - loss: 0.6413 - categorical_accuracy: 0.7778 - val_loss: 0.6442 - val_categorical_accuracy: 0.7763 - lr: 0.0010 - 114s/epoch - 29ms/step
Epoch 41/100
4003/4003 - 115s - loss: 0.6405 - categorical_accuracy: 0.7777 - val_loss: 0.6450 - val_categorical_accuracy: 0.7760 - lr: 0.0010 - 115s/epoch - 29ms/step
Epoch 42/100
4003/4003 - 114s - loss: 0.6404 - categorical_accuracy: 0.7779 - val_loss: 0.6550 - val_categorical_accuracy: 0.7727 - lr: 0.0010 - 114s/epoch - 29ms/step
[92m
Saved model to: [0m trained_intnets/jedinet_exploration_7
Loss vs epochs plot saved to trained_intnets/jedinet_exploration_7.
Accuracy vs epochs plot saved to trained_intnets/jedinet_exploration_7.
[92m
Plots done! [0m
