[96m
GPU: NVIDIA GeForce GTX 1080 Ti[0m
[95m
DATA DETAILS[0m
[95m------------[0m
data_folder: /work/deodagiu/ki_data/intnet_input
norm: standard
train_events: -1
test_events: 0
pt_min: 2.0
nconstituents: 16
feature_selection: jedinet

----------------
[92mData loading complete:[0m
Training data size: 5.72e+05
Test data size: 0.00e+00
----------------

Shuffling constituents...
[92mShuffled the training data! 🃏
[0m
Instantiating model with the hyperparameters:
effects_nnodes: 150
dynamic_nnodes: 100
abstrac_nnodes: 50
effects_activ: relu
dynamic_activ: relu
abstrac_activ: relu
ndynamics: 15
neffects: 15
l2: 0.01
summation: True
[92mModel compiled and built![0m
[95m

TRAINING THE MODEL 💪[0m

Training parameters
-------------------
[92mOptimiser: 	[0m {'name': 'Adam', 'learning_rate': 0.0001, 'decay': 0.0, 'beta_1': 0.9, 'beta_2': 0.999, 'epsilon': 1e-07, 'amsgrad': False}
[92mBatch size: 	[0m 100
[92mLearning rate: 	[0m 0.0001
[92mTraining epochs:[0m 100
[92mLoss: 		[0m categorical_crossentropy

Epoch 1/100
4003/4003 - 243s - loss: 3.1703 - categorical_accuracy: 0.6482 - val_loss: 1.8932 - val_categorical_accuracy: 0.7149 - lr: 1.0000e-04 - 243s/epoch - 61ms/step
Epoch 2/100
4003/4003 - 241s - loss: 1.5522 - categorical_accuracy: 0.7228 - val_loss: 1.2937 - val_categorical_accuracy: 0.7373 - lr: 1.0000e-04 - 241s/epoch - 60ms/step
Epoch 3/100
4003/4003 - 241s - loss: 1.1778 - categorical_accuracy: 0.7346 - val_loss: 1.0619 - val_categorical_accuracy: 0.7405 - lr: 1.0000e-04 - 241s/epoch - 60ms/step
Epoch 4/100
4003/4003 - 241s - loss: 1.0071 - categorical_accuracy: 0.7404 - val_loss: 0.9597 - val_categorical_accuracy: 0.7386 - lr: 1.0000e-04 - 241s/epoch - 60ms/step
Epoch 5/100
4003/4003 - 241s - loss: 0.9183 - categorical_accuracy: 0.7441 - val_loss: 0.8899 - val_categorical_accuracy: 0.7436 - lr: 1.0000e-04 - 241s/epoch - 60ms/step
Epoch 6/100
4003/4003 - 241s - loss: 0.8645 - categorical_accuracy: 0.7472 - val_loss: 0.8424 - val_categorical_accuracy: 0.7491 - lr: 1.0000e-04 - 241s/epoch - 60ms/step
Epoch 7/100
4003/4003 - 241s - loss: 0.8306 - categorical_accuracy: 0.7494 - val_loss: 0.8123 - val_categorical_accuracy: 0.7516 - lr: 1.0000e-04 - 241s/epoch - 60ms/step
Epoch 8/100
4003/4003 - 241s - loss: 0.8074 - categorical_accuracy: 0.7504 - val_loss: 0.7935 - val_categorical_accuracy: 0.7514 - lr: 1.0000e-04 - 241s/epoch - 60ms/step
Epoch 9/100
4003/4003 - 241s - loss: 0.7897 - categorical_accuracy: 0.7519 - val_loss: 0.7734 - val_categorical_accuracy: 0.7551 - lr: 1.0000e-04 - 241s/epoch - 60ms/step
Epoch 10/100
4003/4003 - 241s - loss: 0.7768 - categorical_accuracy: 0.7529 - val_loss: 0.7656 - val_categorical_accuracy: 0.7545 - lr: 1.0000e-04 - 241s/epoch - 60ms/step
Epoch 11/100
4003/4003 - 241s - loss: 0.7664 - categorical_accuracy: 0.7540 - val_loss: 0.7550 - val_categorical_accuracy: 0.7563 - lr: 1.0000e-04 - 241s/epoch - 60ms/step
Epoch 12/100
4003/4003 - 241s - loss: 0.7563 - categorical_accuracy: 0.7554 - val_loss: 0.7520 - val_categorical_accuracy: 0.7551 - lr: 1.0000e-04 - 241s/epoch - 60ms/step
Epoch 13/100
4003/4003 - 241s - loss: 0.7481 - categorical_accuracy: 0.7567 - val_loss: 0.7400 - val_categorical_accuracy: 0.7586 - lr: 1.0000e-04 - 241s/epoch - 60ms/step
Epoch 14/100
4003/4003 - 241s - loss: 0.7398 - categorical_accuracy: 0.7578 - val_loss: 0.7344 - val_categorical_accuracy: 0.7570 - lr: 1.0000e-04 - 241s/epoch - 60ms/step
Epoch 15/100
4003/4003 - 241s - loss: 0.7328 - categorical_accuracy: 0.7589 - val_loss: 0.7382 - val_categorical_accuracy: 0.7545 - lr: 1.0000e-04 - 241s/epoch - 60ms/step
Epoch 16/100
4003/4003 - 241s - loss: 0.7271 - categorical_accuracy: 0.7594 - val_loss: 0.7208 - val_categorical_accuracy: 0.7599 - lr: 1.0000e-04 - 241s/epoch - 60ms/step
Epoch 17/100
4003/4003 - 241s - loss: 0.7222 - categorical_accuracy: 0.7604 - val_loss: 0.7138 - val_categorical_accuracy: 0.7616 - lr: 1.0000e-04 - 241s/epoch - 60ms/step
Epoch 18/100
4003/4003 - 241s - loss: 0.7175 - categorical_accuracy: 0.7610 - val_loss: 0.7197 - val_categorical_accuracy: 0.7572 - lr: 1.0000e-04 - 241s/epoch - 60ms/step
Epoch 19/100
4003/4003 - 241s - loss: 0.7134 - categorical_accuracy: 0.7619 - val_loss: 0.7302 - val_categorical_accuracy: 0.7528 - lr: 1.0000e-04 - 241s/epoch - 60ms/step
Epoch 20/100
4003/4003 - 241s - loss: 0.7103 - categorical_accuracy: 0.7621 - val_loss: 0.7048 - val_categorical_accuracy: 0.7634 - lr: 1.0000e-04 - 241s/epoch - 60ms/step
Epoch 21/100
4003/4003 - 241s - loss: 0.7068 - categorical_accuracy: 0.7630 - val_loss: 0.7130 - val_categorical_accuracy: 0.7590 - lr: 1.0000e-04 - 241s/epoch - 60ms/step
Epoch 22/100
4003/4003 - 241s - loss: 0.7044 - categorical_accuracy: 0.7638 - val_loss: 0.6988 - val_categorical_accuracy: 0.7647 - lr: 1.0000e-04 - 241s/epoch - 60ms/step
Epoch 23/100
4003/4003 - 241s - loss: 0.7011 - categorical_accuracy: 0.7643 - val_loss: 0.7136 - val_categorical_accuracy: 0.7581 - lr: 1.0000e-04 - 241s/epoch - 60ms/step
Epoch 24/100
4003/4003 - 241s - loss: 0.6993 - categorical_accuracy: 0.7643 - val_loss: 0.7018 - val_categorical_accuracy: 0.7631 - lr: 1.0000e-04 - 241s/epoch - 60ms/step
Epoch 25/100
4003/4003 - 241s - loss: 0.6966 - categorical_accuracy: 0.7655 - val_loss: 0.7010 - val_categorical_accuracy: 0.7628 - lr: 1.0000e-04 - 241s/epoch - 60ms/step
Epoch 26/100
4003/4003 - 241s - loss: 0.6958 - categorical_accuracy: 0.7655 - val_loss: 0.6981 - val_categorical_accuracy: 0.7640 - lr: 1.0000e-04 - 241s/epoch - 60ms/step
Epoch 27/100
4003/4003 - 241s - loss: 0.6928 - categorical_accuracy: 0.7656 - val_loss: 0.6906 - val_categorical_accuracy: 0.7656 - lr: 1.0000e-04 - 241s/epoch - 60ms/step
Epoch 28/100
4003/4003 - 241s - loss: 0.6910 - categorical_accuracy: 0.7658 - val_loss: 0.7103 - val_categorical_accuracy: 0.7550 - lr: 1.0000e-04 - 241s/epoch - 60ms/step
Epoch 29/100
4003/4003 - 242s - loss: 0.6892 - categorical_accuracy: 0.7666 - val_loss: 0.6878 - val_categorical_accuracy: 0.7667 - lr: 1.0000e-04 - 242s/epoch - 60ms/step
Epoch 30/100
4003/4003 - 241s - loss: 0.6868 - categorical_accuracy: 0.7673 - val_loss: 0.6929 - val_categorical_accuracy: 0.7634 - lr: 1.0000e-04 - 241s/epoch - 60ms/step
Epoch 31/100
4003/4003 - 241s - loss: 0.6856 - categorical_accuracy: 0.7676 - val_loss: 0.6947 - val_categorical_accuracy: 0.7626 - lr: 1.0000e-04 - 241s/epoch - 60ms/step
Epoch 32/100
4003/4003 - 241s - loss: 0.6835 - categorical_accuracy: 0.7677 - val_loss: 0.6829 - val_categorical_accuracy: 0.7670 - lr: 1.0000e-04 - 241s/epoch - 60ms/step
Epoch 33/100
4003/4003 - 241s - loss: 0.6822 - categorical_accuracy: 0.7680 - val_loss: 0.6784 - val_categorical_accuracy: 0.7685 - lr: 1.0000e-04 - 241s/epoch - 60ms/step
Epoch 34/100
4003/4003 - 241s - loss: 0.6806 - categorical_accuracy: 0.7684 - val_loss: 0.6844 - val_categorical_accuracy: 0.7657 - lr: 1.0000e-04 - 241s/epoch - 60ms/step
Epoch 35/100
4003/4003 - 241s - loss: 0.6787 - categorical_accuracy: 0.7688 - val_loss: 0.6768 - val_categorical_accuracy: 0.7682 - lr: 1.0000e-04 - 241s/epoch - 60ms/step
Epoch 36/100
4003/4003 - 241s - loss: 0.6771 - categorical_accuracy: 0.7691 - val_loss: 0.6848 - val_categorical_accuracy: 0.7639 - lr: 1.0000e-04 - 241s/epoch - 60ms/step
Epoch 37/100
4003/4003 - 241s - loss: 0.6743 - categorical_accuracy: 0.7696 - val_loss: 0.6764 - val_categorical_accuracy: 0.7678 - lr: 1.0000e-04 - 241s/epoch - 60ms/step
Epoch 38/100
4003/4003 - 241s - loss: 0.6720 - categorical_accuracy: 0.7696 - val_loss: 0.6718 - val_categorical_accuracy: 0.7687 - lr: 1.0000e-04 - 241s/epoch - 60ms/step
Epoch 39/100
4003/4003 - 241s - loss: 0.6689 - categorical_accuracy: 0.7700 - val_loss: 0.6716 - val_categorical_accuracy: 0.7676 - lr: 1.0000e-04 - 241s/epoch - 60ms/step
Epoch 40/100
4003/4003 - 241s - loss: 0.6653 - categorical_accuracy: 0.7707 - val_loss: 0.6708 - val_categorical_accuracy: 0.7662 - lr: 1.0000e-04 - 241s/epoch - 60ms/step
Epoch 41/100
4003/4003 - 241s - loss: 0.6627 - categorical_accuracy: 0.7707 - val_loss: 0.6645 - val_categorical_accuracy: 0.7692 - lr: 1.0000e-04 - 241s/epoch - 60ms/step
Epoch 42/100
4003/4003 - 241s - loss: 0.6616 - categorical_accuracy: 0.7707 - val_loss: 0.6679 - val_categorical_accuracy: 0.7670 - lr: 1.0000e-04 - 241s/epoch - 60ms/step
Epoch 43/100
4003/4003 - 241s - loss: 0.6604 - categorical_accuracy: 0.7712 - val_loss: 0.6710 - val_categorical_accuracy: 0.7654 - lr: 1.0000e-04 - 241s/epoch - 60ms/step
Epoch 44/100
4003/4003 - 241s - loss: 0.6596 - categorical_accuracy: 0.7717 - val_loss: 0.6615 - val_categorical_accuracy: 0.7699 - lr: 1.0000e-04 - 241s/epoch - 60ms/step
Epoch 45/100
4003/4003 - 241s - loss: 0.6584 - categorical_accuracy: 0.7717 - val_loss: 0.6712 - val_categorical_accuracy: 0.7666 - lr: 1.0000e-04 - 241s/epoch - 60ms/step
Epoch 46/100
4003/4003 - 241s - loss: 0.6573 - categorical_accuracy: 0.7724 - val_loss: 0.6612 - val_categorical_accuracy: 0.7696 - lr: 1.0000e-04 - 241s/epoch - 60ms/step
Epoch 47/100
4003/4003 - 241s - loss: 0.6570 - categorical_accuracy: 0.7724 - val_loss: 0.6606 - val_categorical_accuracy: 0.7708 - lr: 1.0000e-04 - 241s/epoch - 60ms/step
Epoch 48/100
4003/4003 - 241s - loss: 0.6563 - categorical_accuracy: 0.7723 - val_loss: 0.6718 - val_categorical_accuracy: 0.7650 - lr: 1.0000e-04 - 241s/epoch - 60ms/step
Epoch 49/100
4003/4003 - 241s - loss: 0.6552 - categorical_accuracy: 0.7731 - val_loss: 0.6643 - val_categorical_accuracy: 0.7679 - lr: 1.0000e-04 - 241s/epoch - 60ms/step
Epoch 50/100
4003/4003 - 241s - loss: 0.6551 - categorical_accuracy: 0.7730 - val_loss: 0.6594 - val_categorical_accuracy: 0.7697 - lr: 1.0000e-04 - 241s/epoch - 60ms/step
Epoch 51/100
4003/4003 - 241s - loss: 0.6542 - categorical_accuracy: 0.7732 - val_loss: 0.6570 - val_categorical_accuracy: 0.7718 - lr: 1.0000e-04 - 241s/epoch - 60ms/step
Epoch 52/100
4003/4003 - 240s - loss: 0.6532 - categorical_accuracy: 0.7735 - val_loss: 0.6577 - val_categorical_accuracy: 0.7709 - lr: 1.0000e-04 - 240s/epoch - 60ms/step
Epoch 53/100
4003/4003 - 241s - loss: 0.6532 - categorical_accuracy: 0.7735 - val_loss: 0.6785 - val_categorical_accuracy: 0.7628 - lr: 1.0000e-04 - 241s/epoch - 60ms/step
Epoch 54/100
4003/4003 - 241s - loss: 0.6524 - categorical_accuracy: 0.7738 - val_loss: 0.6662 - val_categorical_accuracy: 0.7680 - lr: 1.0000e-04 - 241s/epoch - 60ms/step
Epoch 55/100
4003/4003 - 241s - loss: 0.6518 - categorical_accuracy: 0.7741 - val_loss: 0.6642 - val_categorical_accuracy: 0.7682 - lr: 1.0000e-04 - 241s/epoch - 60ms/step
Epoch 56/100
4003/4003 - 241s - loss: 0.6511 - categorical_accuracy: 0.7743 - val_loss: 0.6546 - val_categorical_accuracy: 0.7727 - lr: 1.0000e-04 - 241s/epoch - 60ms/step
Epoch 57/100
4003/4003 - 241s - loss: 0.6503 - categorical_accuracy: 0.7748 - val_loss: 0.6594 - val_categorical_accuracy: 0.7695 - lr: 1.0000e-04 - 241s/epoch - 60ms/step
Epoch 58/100
4003/4003 - 241s - loss: 0.6501 - categorical_accuracy: 0.7746 - val_loss: 0.6558 - val_categorical_accuracy: 0.7717 - lr: 1.0000e-04 - 241s/epoch - 60ms/step
Epoch 59/100
4003/4003 - 241s - loss: 0.6496 - categorical_accuracy: 0.7748 - val_loss: 0.6531 - val_categorical_accuracy: 0.7716 - lr: 1.0000e-04 - 241s/epoch - 60ms/step
Epoch 60/100
4003/4003 - 241s - loss: 0.6492 - categorical_accuracy: 0.7749 - val_loss: 0.6771 - val_categorical_accuracy: 0.7621 - lr: 1.0000e-04 - 241s/epoch - 60ms/step
Epoch 61/100
4003/4003 - 241s - loss: 0.6488 - categorical_accuracy: 0.7750 - val_loss: 0.6536 - val_categorical_accuracy: 0.7723 - lr: 1.0000e-04 - 241s/epoch - 60ms/step
Epoch 62/100
4003/4003 - 241s - loss: 0.6484 - categorical_accuracy: 0.7756 - val_loss: 0.6575 - val_categorical_accuracy: 0.7708 - lr: 1.0000e-04 - 241s/epoch - 60ms/step
Epoch 63/100
4003/4003 - 241s - loss: 0.6476 - categorical_accuracy: 0.7752 - val_loss: 0.6522 - val_categorical_accuracy: 0.7733 - lr: 1.0000e-04 - 241s/epoch - 60ms/step
Epoch 64/100
4003/4003 - 241s - loss: 0.6472 - categorical_accuracy: 0.7752 - val_loss: 0.6632 - val_categorical_accuracy: 0.7689 - lr: 1.0000e-04 - 241s/epoch - 60ms/step
Epoch 65/100
4003/4003 - 241s - loss: 0.6473 - categorical_accuracy: 0.7757 - val_loss: 0.6527 - val_categorical_accuracy: 0.7721 - lr: 1.0000e-04 - 241s/epoch - 60ms/step
Epoch 66/100
4003/4003 - 241s - loss: 0.6466 - categorical_accuracy: 0.7762 - val_loss: 0.6513 - val_categorical_accuracy: 0.7733 - lr: 1.0000e-04 - 241s/epoch - 60ms/step
Epoch 67/100
4003/4003 - 241s - loss: 0.6461 - categorical_accuracy: 0.7759 - val_loss: 0.6732 - val_categorical_accuracy: 0.7634 - lr: 1.0000e-04 - 241s/epoch - 60ms/step
Epoch 68/100
4003/4003 - 240s - loss: 0.6458 - categorical_accuracy: 0.7759 - val_loss: 0.6533 - val_categorical_accuracy: 0.7724 - lr: 1.0000e-04 - 240s/epoch - 60ms/step
Epoch 69/100
4003/4003 - 241s - loss: 0.6452 - categorical_accuracy: 0.7763 - val_loss: 0.6598 - val_categorical_accuracy: 0.7698 - lr: 1.0000e-04 - 241s/epoch - 60ms/step
Epoch 70/100
4003/4003 - 241s - loss: 0.6449 - categorical_accuracy: 0.7760 - val_loss: 0.6613 - val_categorical_accuracy: 0.7680 - lr: 1.0000e-04 - 241s/epoch - 60ms/step
Epoch 71/100
4003/4003 - 241s - loss: 0.6445 - categorical_accuracy: 0.7761 - val_loss: 0.6527 - val_categorical_accuracy: 0.7722 - lr: 1.0000e-04 - 241s/epoch - 60ms/step
Epoch 72/100
4003/4003 - 241s - loss: 0.6442 - categorical_accuracy: 0.7763 - val_loss: 0.6552 - val_categorical_accuracy: 0.7707 - lr: 1.0000e-04 - 241s/epoch - 60ms/step
Epoch 73/100
4003/4003 - 241s - loss: 0.6440 - categorical_accuracy: 0.7763 - val_loss: 0.6549 - val_categorical_accuracy: 0.7713 - lr: 1.0000e-04 - 241s/epoch - 60ms/step
Epoch 74/100
4003/4003 - 241s - loss: 0.6434 - categorical_accuracy: 0.7772 - val_loss: 0.6484 - val_categorical_accuracy: 0.7742 - lr: 1.0000e-04 - 241s/epoch - 60ms/step
Epoch 75/100
4003/4003 - 241s - loss: 0.6429 - categorical_accuracy: 0.7770 - val_loss: 0.6502 - val_categorical_accuracy: 0.7734 - lr: 1.0000e-04 - 241s/epoch - 60ms/step
Epoch 76/100
4003/4003 - 241s - loss: 0.6424 - categorical_accuracy: 0.7769 - val_loss: 0.6483 - val_categorical_accuracy: 0.7746 - lr: 1.0000e-04 - 241s/epoch - 60ms/step
Epoch 77/100
4003/4003 - 241s - loss: 0.6421 - categorical_accuracy: 0.7773 - val_loss: 0.6504 - val_categorical_accuracy: 0.7730 - lr: 1.0000e-04 - 241s/epoch - 60ms/step
Epoch 78/100
4003/4003 - 241s - loss: 0.6417 - categorical_accuracy: 0.7773 - val_loss: 0.6561 - val_categorical_accuracy: 0.7714 - lr: 1.0000e-04 - 241s/epoch - 60ms/step
Epoch 79/100
4003/4003 - 241s - loss: 0.6412 - categorical_accuracy: 0.7775 - val_loss: 0.6470 - val_categorical_accuracy: 0.7747 - lr: 1.0000e-04 - 241s/epoch - 60ms/step
Epoch 80/100
4003/4003 - 241s - loss: 0.6412 - categorical_accuracy: 0.7773 - val_loss: 0.6512 - val_categorical_accuracy: 0.7723 - lr: 1.0000e-04 - 241s/epoch - 60ms/step
Epoch 81/100
4003/4003 - 241s - loss: 0.6412 - categorical_accuracy: 0.7773 - val_loss: 0.6504 - val_categorical_accuracy: 0.7726 - lr: 1.0000e-04 - 241s/epoch - 60ms/step
Epoch 82/100
4003/4003 - 241s - loss: 0.6405 - categorical_accuracy: 0.7781 - val_loss: 0.6479 - val_categorical_accuracy: 0.7748 - lr: 1.0000e-04 - 241s/epoch - 60ms/step
Epoch 83/100
4003/4003 - 241s - loss: 0.6400 - categorical_accuracy: 0.7779 - val_loss: 0.6458 - val_categorical_accuracy: 0.7750 - lr: 1.0000e-04 - 241s/epoch - 60ms/step
Epoch 84/100
4003/4003 - 241s - loss: 0.6400 - categorical_accuracy: 0.7776 - val_loss: 0.6459 - val_categorical_accuracy: 0.7744 - lr: 1.0000e-04 - 241s/epoch - 60ms/step
Epoch 85/100
4003/4003 - 241s - loss: 0.6393 - categorical_accuracy: 0.7779 - val_loss: 0.6453 - val_categorical_accuracy: 0.7756 - lr: 1.0000e-04 - 241s/epoch - 60ms/step
Epoch 86/100
4003/4003 - 241s - loss: 0.6390 - categorical_accuracy: 0.7780 - val_loss: 0.6453 - val_categorical_accuracy: 0.7749 - lr: 1.0000e-04 - 241s/epoch - 60ms/step
Epoch 87/100
4003/4003 - 241s - loss: 0.6395 - categorical_accuracy: 0.7778 - val_loss: 0.6452 - val_categorical_accuracy: 0.7749 - lr: 1.0000e-04 - 241s/epoch - 60ms/step
Epoch 88/100
4003/4003 - 241s - loss: 0.6388 - categorical_accuracy: 0.7781 - val_loss: 0.6481 - val_categorical_accuracy: 0.7727 - lr: 1.0000e-04 - 241s/epoch - 60ms/step
Epoch 89/100
4003/4003 - 241s - loss: 0.6381 - categorical_accuracy: 0.7782 - val_loss: 0.6543 - val_categorical_accuracy: 0.7708 - lr: 1.0000e-04 - 241s/epoch - 60ms/step
Epoch 90/100
4003/4003 - 241s - loss: 0.6385 - categorical_accuracy: 0.7787 - val_loss: 0.6493 - val_categorical_accuracy: 0.7740 - lr: 1.0000e-04 - 241s/epoch - 60ms/step
Epoch 91/100
4003/4003 - 241s - loss: 0.6378 - categorical_accuracy: 0.7786 - val_loss: 0.6469 - val_categorical_accuracy: 0.7739 - lr: 1.0000e-04 - 241s/epoch - 60ms/step
Epoch 92/100
4003/4003 - 241s - loss: 0.6373 - categorical_accuracy: 0.7787 - val_loss: 0.6454 - val_categorical_accuracy: 0.7742 - lr: 1.0000e-04 - 241s/epoch - 60ms/step
Epoch 93/100
4003/4003 - 241s - loss: 0.6375 - categorical_accuracy: 0.7785 - val_loss: 0.6507 - val_categorical_accuracy: 0.7731 - lr: 1.0000e-04 - 241s/epoch - 60ms/step
Epoch 94/100
4003/4003 - 241s - loss: 0.6367 - categorical_accuracy: 0.7788 - val_loss: 0.6604 - val_categorical_accuracy: 0.7685 - lr: 1.0000e-04 - 241s/epoch - 60ms/step
Epoch 95/100
4003/4003 - 241s - loss: 0.6365 - categorical_accuracy: 0.7791 - val_loss: 0.6495 - val_categorical_accuracy: 0.7732 - lr: 1.0000e-04 - 241s/epoch - 60ms/step
[92m
Saved model to: [0m trained_intnets/big_jedinet_standard
Loss vs epochs plot saved to trained_intnets/big_jedinet_standard.
Accuracy vs epochs plot saved to trained_intnets/big_jedinet_standard.
[92m
Plots done! 📊[0m
