[96m
GPU: NVIDIA GeForce GTX 1080 Ti[0m

----------------
[92mData loading complete:[0m
Training data size: 5.72e+05
Test data size: 0.00e+00
----------------

Shuffling constituents...
[92mShuffled the training data! 🃏
[0m
[92mNumber of constituents: 8
[0m
Instantiating model...
[92mModel compiled and built![0m
[95m
TRAINING THE MODEL 💪[0m
==================

Training parameters
-------------------
[92mOptimiser: 	[0m {'name': 'Adam', 'learning_rate': 0.0005, 'decay': 0.0, 'beta_1': 0.9, 'beta_2': 0.999, 'epsilon': 1e-07, 'amsgrad': False}
[92mBatch size: 	[0m 512
[92mTraining epochs:[0m 100
[92mLoss: 		[0m categorical_crossentropy

Epoch 1/100
782/782 - 10s - loss: 1.2593 - categorical_accuracy: 0.4718 - val_loss: 1.1304 - val_categorical_accuracy: 0.5543 - lr: 5.0000e-04 - 10s/epoch - 13ms/step
Epoch 2/100
782/782 - 6s - loss: 1.1053 - categorical_accuracy: 0.5662 - val_loss: 1.0930 - val_categorical_accuracy: 0.5654 - lr: 5.0000e-04 - 6s/epoch - 8ms/step
Epoch 3/100
782/782 - 5s - loss: 1.0741 - categorical_accuracy: 0.5829 - val_loss: 1.0551 - val_categorical_accuracy: 0.5918 - lr: 5.0000e-04 - 5s/epoch - 6ms/step
Epoch 4/100
782/782 - 5s - loss: 1.0608 - categorical_accuracy: 0.5890 - val_loss: 1.0497 - val_categorical_accuracy: 0.5936 - lr: 5.0000e-04 - 5s/epoch - 6ms/step
Epoch 5/100
782/782 - 5s - loss: 1.0480 - categorical_accuracy: 0.5954 - val_loss: 1.0449 - val_categorical_accuracy: 0.5931 - lr: 5.0000e-04 - 5s/epoch - 6ms/step
Epoch 6/100
782/782 - 5s - loss: 1.0433 - categorical_accuracy: 0.5967 - val_loss: 1.0288 - val_categorical_accuracy: 0.6053 - lr: 5.0000e-04 - 5s/epoch - 6ms/step
Epoch 7/100
782/782 - 5s - loss: 1.0368 - categorical_accuracy: 0.6000 - val_loss: 1.0357 - val_categorical_accuracy: 0.5989 - lr: 5.0000e-04 - 5s/epoch - 6ms/step
Epoch 8/100
782/782 - 5s - loss: 1.0308 - categorical_accuracy: 0.6031 - val_loss: 1.0160 - val_categorical_accuracy: 0.6108 - lr: 5.0000e-04 - 5s/epoch - 6ms/step
Epoch 9/100
782/782 - 5s - loss: 1.0269 - categorical_accuracy: 0.6050 - val_loss: 1.0126 - val_categorical_accuracy: 0.6119 - lr: 5.0000e-04 - 5s/epoch - 6ms/step
Epoch 10/100
782/782 - 5s - loss: 1.0222 - categorical_accuracy: 0.6069 - val_loss: 1.0115 - val_categorical_accuracy: 0.6119 - lr: 5.0000e-04 - 5s/epoch - 6ms/step
Epoch 11/100
782/782 - 5s - loss: 1.0196 - categorical_accuracy: 0.6078 - val_loss: 1.0125 - val_categorical_accuracy: 0.6107 - lr: 5.0000e-04 - 5s/epoch - 6ms/step
Epoch 12/100
782/782 - 5s - loss: 1.0159 - categorical_accuracy: 0.6100 - val_loss: 1.0073 - val_categorical_accuracy: 0.6140 - lr: 5.0000e-04 - 5s/epoch - 6ms/step
Epoch 13/100
782/782 - 5s - loss: 1.0135 - categorical_accuracy: 0.6107 - val_loss: 0.9997 - val_categorical_accuracy: 0.6171 - lr: 5.0000e-04 - 5s/epoch - 6ms/step
Epoch 14/100
782/782 - 5s - loss: 1.0104 - categorical_accuracy: 0.6121 - val_loss: 0.9992 - val_categorical_accuracy: 0.6186 - lr: 5.0000e-04 - 5s/epoch - 6ms/step
Epoch 15/100
782/782 - 5s - loss: 1.0062 - categorical_accuracy: 0.6138 - val_loss: 0.9955 - val_categorical_accuracy: 0.6202 - lr: 5.0000e-04 - 5s/epoch - 6ms/step
Epoch 16/100
782/782 - 5s - loss: 1.0036 - categorical_accuracy: 0.6149 - val_loss: 0.9892 - val_categorical_accuracy: 0.6219 - lr: 5.0000e-04 - 5s/epoch - 6ms/step
Epoch 17/100
782/782 - 5s - loss: 1.0028 - categorical_accuracy: 0.6154 - val_loss: 0.9890 - val_categorical_accuracy: 0.6226 - lr: 5.0000e-04 - 5s/epoch - 6ms/step
Epoch 18/100
782/782 - 5s - loss: 1.0001 - categorical_accuracy: 0.6164 - val_loss: 0.9846 - val_categorical_accuracy: 0.6231 - lr: 5.0000e-04 - 5s/epoch - 6ms/step
Epoch 19/100
782/782 - 5s - loss: 0.9962 - categorical_accuracy: 0.6181 - val_loss: 0.9851 - val_categorical_accuracy: 0.6229 - lr: 5.0000e-04 - 5s/epoch - 6ms/step
Epoch 20/100
782/782 - 5s - loss: 0.9941 - categorical_accuracy: 0.6185 - val_loss: 0.9819 - val_categorical_accuracy: 0.6251 - lr: 5.0000e-04 - 5s/epoch - 6ms/step
Epoch 21/100
782/782 - 5s - loss: 0.9938 - categorical_accuracy: 0.6187 - val_loss: 0.9782 - val_categorical_accuracy: 0.6259 - lr: 5.0000e-04 - 5s/epoch - 6ms/step
Epoch 22/100
782/782 - 5s - loss: 0.9920 - categorical_accuracy: 0.6190 - val_loss: 0.9832 - val_categorical_accuracy: 0.6215 - lr: 5.0000e-04 - 5s/epoch - 6ms/step
Epoch 23/100
782/782 - 5s - loss: 0.9911 - categorical_accuracy: 0.6197 - val_loss: 0.9775 - val_categorical_accuracy: 0.6261 - lr: 5.0000e-04 - 5s/epoch - 6ms/step
Epoch 24/100
782/782 - 5s - loss: 0.9894 - categorical_accuracy: 0.6202 - val_loss: 0.9763 - val_categorical_accuracy: 0.6265 - lr: 5.0000e-04 - 5s/epoch - 6ms/step
Epoch 25/100
782/782 - 5s - loss: 0.9876 - categorical_accuracy: 0.6215 - val_loss: 0.9742 - val_categorical_accuracy: 0.6274 - lr: 5.0000e-04 - 5s/epoch - 6ms/step
Epoch 26/100
782/782 - 5s - loss: 0.9842 - categorical_accuracy: 0.6226 - val_loss: 0.9714 - val_categorical_accuracy: 0.6290 - lr: 5.0000e-04 - 5s/epoch - 6ms/step
Epoch 27/100
782/782 - 5s - loss: 0.9844 - categorical_accuracy: 0.6218 - val_loss: 0.9754 - val_categorical_accuracy: 0.6260 - lr: 5.0000e-04 - 5s/epoch - 6ms/step
Epoch 28/100
782/782 - 5s - loss: 0.9837 - categorical_accuracy: 0.6226 - val_loss: 0.9718 - val_categorical_accuracy: 0.6282 - lr: 5.0000e-04 - 5s/epoch - 6ms/step
Epoch 29/100
782/782 - 5s - loss: 0.9800 - categorical_accuracy: 0.6237 - val_loss: 0.9716 - val_categorical_accuracy: 0.6275 - lr: 5.0000e-04 - 5s/epoch - 6ms/step
Epoch 30/100
782/782 - 5s - loss: 0.9817 - categorical_accuracy: 0.6234 - val_loss: 0.9684 - val_categorical_accuracy: 0.6296 - lr: 5.0000e-04 - 5s/epoch - 6ms/step
Epoch 31/100
782/782 - 5s - loss: 0.9785 - categorical_accuracy: 0.6244 - val_loss: 0.9654 - val_categorical_accuracy: 0.6316 - lr: 5.0000e-04 - 5s/epoch - 6ms/step
Epoch 32/100
782/782 - 5s - loss: 0.9777 - categorical_accuracy: 0.6248 - val_loss: 0.9632 - val_categorical_accuracy: 0.6324 - lr: 5.0000e-04 - 5s/epoch - 6ms/step
Epoch 33/100
782/782 - 5s - loss: 0.9751 - categorical_accuracy: 0.6257 - val_loss: 0.9710 - val_categorical_accuracy: 0.6273 - lr: 5.0000e-04 - 5s/epoch - 6ms/step
Epoch 34/100
782/782 - 5s - loss: 0.9759 - categorical_accuracy: 0.6253 - val_loss: 0.9656 - val_categorical_accuracy: 0.6296 - lr: 5.0000e-04 - 5s/epoch - 6ms/step
Epoch 35/100
782/782 - 5s - loss: 0.9755 - categorical_accuracy: 0.6246 - val_loss: 0.9630 - val_categorical_accuracy: 0.6322 - lr: 5.0000e-04 - 5s/epoch - 6ms/step
Epoch 36/100
782/782 - 5s - loss: 0.9745 - categorical_accuracy: 0.6254 - val_loss: 0.9668 - val_categorical_accuracy: 0.6293 - lr: 5.0000e-04 - 5s/epoch - 6ms/step
Epoch 37/100
782/782 - 5s - loss: 0.9729 - categorical_accuracy: 0.6261 - val_loss: 0.9932 - val_categorical_accuracy: 0.6154 - lr: 5.0000e-04 - 5s/epoch - 6ms/step
Epoch 38/100
782/782 - 5s - loss: 0.9735 - categorical_accuracy: 0.6259 - val_loss: 0.9611 - val_categorical_accuracy: 0.6323 - lr: 5.0000e-04 - 5s/epoch - 6ms/step
Epoch 39/100
782/782 - 5s - loss: 0.9708 - categorical_accuracy: 0.6267 - val_loss: 0.9803 - val_categorical_accuracy: 0.6210 - lr: 5.0000e-04 - 5s/epoch - 6ms/step
Epoch 40/100
782/782 - 5s - loss: 0.9715 - categorical_accuracy: 0.6270 - val_loss: 0.9645 - val_categorical_accuracy: 0.6282 - lr: 5.0000e-04 - 5s/epoch - 6ms/step
Epoch 41/100
782/782 - 5s - loss: 0.9675 - categorical_accuracy: 0.6283 - val_loss: 0.9682 - val_categorical_accuracy: 0.6248 - lr: 5.0000e-04 - 5s/epoch - 6ms/step
Epoch 42/100
782/782 - 5s - loss: 0.9685 - categorical_accuracy: 0.6276 - val_loss: 0.9591 - val_categorical_accuracy: 0.6327 - lr: 5.0000e-04 - 5s/epoch - 6ms/step
Epoch 43/100
782/782 - 5s - loss: 0.9667 - categorical_accuracy: 0.6297 - val_loss: 0.9532 - val_categorical_accuracy: 0.6358 - lr: 5.0000e-04 - 5s/epoch - 6ms/step
Epoch 44/100
782/782 - 5s - loss: 0.9687 - categorical_accuracy: 0.6276 - val_loss: 0.9558 - val_categorical_accuracy: 0.6348 - lr: 5.0000e-04 - 5s/epoch - 6ms/step
Epoch 45/100
782/782 - 5s - loss: 0.9641 - categorical_accuracy: 0.6298 - val_loss: 0.9515 - val_categorical_accuracy: 0.6365 - lr: 5.0000e-04 - 5s/epoch - 6ms/step
Epoch 46/100
782/782 - 5s - loss: 0.9645 - categorical_accuracy: 0.6299 - val_loss: 0.9557 - val_categorical_accuracy: 0.6348 - lr: 5.0000e-04 - 5s/epoch - 6ms/step
Epoch 47/100
782/782 - 5s - loss: 0.9630 - categorical_accuracy: 0.6305 - val_loss: 0.9498 - val_categorical_accuracy: 0.6367 - lr: 5.0000e-04 - 5s/epoch - 6ms/step
Epoch 48/100
782/782 - 5s - loss: 0.9657 - categorical_accuracy: 0.6286 - val_loss: 0.9554 - val_categorical_accuracy: 0.6347 - lr: 5.0000e-04 - 5s/epoch - 6ms/step
Epoch 49/100
782/782 - 5s - loss: 0.9621 - categorical_accuracy: 0.6306 - val_loss: 0.9531 - val_categorical_accuracy: 0.6342 - lr: 5.0000e-04 - 5s/epoch - 6ms/step
Epoch 50/100
782/782 - 5s - loss: 0.9624 - categorical_accuracy: 0.6308 - val_loss: 0.9493 - val_categorical_accuracy: 0.6364 - lr: 5.0000e-04 - 5s/epoch - 6ms/step
Epoch 51/100
782/782 - 5s - loss: 0.9618 - categorical_accuracy: 0.6310 - val_loss: 0.9479 - val_categorical_accuracy: 0.6371 - lr: 5.0000e-04 - 5s/epoch - 6ms/step
Epoch 52/100
782/782 - 5s - loss: 0.9610 - categorical_accuracy: 0.6319 - val_loss: 0.9573 - val_categorical_accuracy: 0.6333 - lr: 5.0000e-04 - 5s/epoch - 6ms/step
Epoch 53/100
782/782 - 5s - loss: 0.9595 - categorical_accuracy: 0.6322 - val_loss: 0.9559 - val_categorical_accuracy: 0.6326 - lr: 5.0000e-04 - 5s/epoch - 6ms/step
Epoch 54/100
782/782 - 5s - loss: 0.9598 - categorical_accuracy: 0.6318 - val_loss: 0.9463 - val_categorical_accuracy: 0.6386 - lr: 5.0000e-04 - 5s/epoch - 6ms/step
Epoch 55/100
782/782 - 5s - loss: 0.9596 - categorical_accuracy: 0.6321 - val_loss: 0.9485 - val_categorical_accuracy: 0.6372 - lr: 5.0000e-04 - 5s/epoch - 6ms/step
Epoch 56/100
782/782 - 5s - loss: 0.9609 - categorical_accuracy: 0.6305 - val_loss: 0.9597 - val_categorical_accuracy: 0.6289 - lr: 5.0000e-04 - 5s/epoch - 6ms/step
Epoch 57/100
782/782 - 5s - loss: 0.9572 - categorical_accuracy: 0.6335 - val_loss: 0.9466 - val_categorical_accuracy: 0.6376 - lr: 5.0000e-04 - 5s/epoch - 6ms/step
Epoch 58/100
782/782 - 5s - loss: 0.9559 - categorical_accuracy: 0.6330 - val_loss: 0.9440 - val_categorical_accuracy: 0.6393 - lr: 5.0000e-04 - 5s/epoch - 6ms/step
Epoch 59/100
782/782 - 5s - loss: 0.9562 - categorical_accuracy: 0.6334 - val_loss: 0.9664 - val_categorical_accuracy: 0.6270 - lr: 5.0000e-04 - 5s/epoch - 6ms/step
Epoch 60/100
782/782 - 5s - loss: 0.9555 - categorical_accuracy: 0.6333 - val_loss: 0.9455 - val_categorical_accuracy: 0.6384 - lr: 5.0000e-04 - 5s/epoch - 6ms/step
Epoch 61/100
782/782 - 5s - loss: 0.9543 - categorical_accuracy: 0.6338 - val_loss: 0.9429 - val_categorical_accuracy: 0.6394 - lr: 5.0000e-04 - 5s/epoch - 6ms/step
Epoch 62/100
782/782 - 5s - loss: 0.9532 - categorical_accuracy: 0.6348 - val_loss: 0.9429 - val_categorical_accuracy: 0.6392 - lr: 5.0000e-04 - 5s/epoch - 6ms/step
Epoch 63/100
782/782 - 5s - loss: 0.9553 - categorical_accuracy: 0.6326 - val_loss: 0.9442 - val_categorical_accuracy: 0.6384 - lr: 5.0000e-04 - 5s/epoch - 6ms/step
Epoch 64/100
782/782 - 5s - loss: 0.9546 - categorical_accuracy: 0.6336 - val_loss: 0.9443 - val_categorical_accuracy: 0.6391 - lr: 5.0000e-04 - 5s/epoch - 6ms/step
Epoch 65/100
782/782 - 6s - loss: 0.9538 - categorical_accuracy: 0.6336 - val_loss: 0.9447 - val_categorical_accuracy: 0.6381 - lr: 5.0000e-04 - 6s/epoch - 8ms/step
Epoch 66/100
782/782 - 5s - loss: 0.9538 - categorical_accuracy: 0.6344 - val_loss: 0.9434 - val_categorical_accuracy: 0.6390 - lr: 5.0000e-04 - 5s/epoch - 7ms/step
Epoch 67/100
782/782 - 5s - loss: 0.9522 - categorical_accuracy: 0.6342 - val_loss: 0.9425 - val_categorical_accuracy: 0.6399 - lr: 5.0000e-04 - 5s/epoch - 6ms/step
Epoch 68/100
782/782 - 5s - loss: 0.9512 - categorical_accuracy: 0.6352 - val_loss: 0.9393 - val_categorical_accuracy: 0.6410 - lr: 5.0000e-04 - 5s/epoch - 6ms/step
Epoch 69/100
782/782 - 5s - loss: 0.9512 - categorical_accuracy: 0.6345 - val_loss: 0.9395 - val_categorical_accuracy: 0.6412 - lr: 5.0000e-04 - 5s/epoch - 6ms/step
Epoch 70/100
782/782 - 5s - loss: 0.9540 - categorical_accuracy: 0.6336 - val_loss: 0.9454 - val_categorical_accuracy: 0.6389 - lr: 5.0000e-04 - 5s/epoch - 6ms/step
Epoch 71/100
782/782 - 5s - loss: 0.9518 - categorical_accuracy: 0.6348 - val_loss: 0.9410 - val_categorical_accuracy: 0.6401 - lr: 5.0000e-04 - 5s/epoch - 6ms/step
Epoch 72/100
782/782 - 5s - loss: 0.9502 - categorical_accuracy: 0.6357 - val_loss: 0.9403 - val_categorical_accuracy: 0.6408 - lr: 5.0000e-04 - 5s/epoch - 6ms/step
Epoch 73/100
782/782 - 5s - loss: 0.9500 - categorical_accuracy: 0.6359 - val_loss: 0.9458 - val_categorical_accuracy: 0.6364 - lr: 5.0000e-04 - 5s/epoch - 6ms/step
Epoch 74/100
782/782 - 5s - loss: 0.9493 - categorical_accuracy: 0.6357 - val_loss: 0.9558 - val_categorical_accuracy: 0.6299 - lr: 5.0000e-04 - 5s/epoch - 6ms/step
Epoch 75/100
782/782 - 5s - loss: 0.9503 - categorical_accuracy: 0.6349 - val_loss: 0.9499 - val_categorical_accuracy: 0.6346 - lr: 5.0000e-04 - 5s/epoch - 6ms/step
Epoch 76/100
782/782 - 5s - loss: 0.9509 - categorical_accuracy: 0.6351 - val_loss: 0.9382 - val_categorical_accuracy: 0.6414 - lr: 5.0000e-04 - 5s/epoch - 6ms/step
Epoch 77/100
782/782 - 5s - loss: 0.9495 - categorical_accuracy: 0.6355 - val_loss: 0.9454 - val_categorical_accuracy: 0.6370 - lr: 5.0000e-04 - 5s/epoch - 6ms/step
Epoch 78/100
782/782 - 5s - loss: 0.9488 - categorical_accuracy: 0.6359 - val_loss: 0.9389 - val_categorical_accuracy: 0.6408 - lr: 5.0000e-04 - 5s/epoch - 6ms/step
Epoch 79/100
782/782 - 5s - loss: 0.9473 - categorical_accuracy: 0.6367 - val_loss: 0.9398 - val_categorical_accuracy: 0.6404 - lr: 5.0000e-04 - 5s/epoch - 6ms/step
Epoch 80/100
782/782 - 5s - loss: 0.9511 - categorical_accuracy: 0.6349 - val_loss: 0.9381 - val_categorical_accuracy: 0.6408 - lr: 5.0000e-04 - 5s/epoch - 6ms/step
Epoch 81/100
782/782 - 5s - loss: 0.9478 - categorical_accuracy: 0.6360 - val_loss: 0.9387 - val_categorical_accuracy: 0.6412 - lr: 5.0000e-04 - 5s/epoch - 6ms/step
Epoch 82/100
782/782 - 5s - loss: 0.9472 - categorical_accuracy: 0.6371 - val_loss: 0.9350 - val_categorical_accuracy: 0.6431 - lr: 5.0000e-04 - 5s/epoch - 6ms/step
Epoch 83/100
782/782 - 5s - loss: 0.9485 - categorical_accuracy: 0.6364 - val_loss: 0.9553 - val_categorical_accuracy: 0.6301 - lr: 5.0000e-04 - 5s/epoch - 6ms/step
Epoch 84/100
782/782 - 5s - loss: 0.9462 - categorical_accuracy: 0.6375 - val_loss: 0.9348 - val_categorical_accuracy: 0.6428 - lr: 5.0000e-04 - 5s/epoch - 6ms/step
Epoch 85/100
782/782 - 5s - loss: 0.9477 - categorical_accuracy: 0.6363 - val_loss: 0.9401 - val_categorical_accuracy: 0.6408 - lr: 5.0000e-04 - 5s/epoch - 6ms/step
Epoch 86/100
782/782 - 5s - loss: 0.9475 - categorical_accuracy: 0.6366 - val_loss: 0.9502 - val_categorical_accuracy: 0.6351 - lr: 5.0000e-04 - 5s/epoch - 6ms/step
Epoch 87/100
782/782 - 5s - loss: 0.9450 - categorical_accuracy: 0.6373 - val_loss: 0.9422 - val_categorical_accuracy: 0.6395 - lr: 5.0000e-04 - 5s/epoch - 6ms/step
Epoch 88/100
782/782 - 5s - loss: 0.9455 - categorical_accuracy: 0.6371 - val_loss: 0.9350 - val_categorical_accuracy: 0.6431 - lr: 5.0000e-04 - 5s/epoch - 6ms/step
Epoch 89/100
782/782 - 5s - loss: 0.9455 - categorical_accuracy: 0.6373 - val_loss: 0.9361 - val_categorical_accuracy: 0.6426 - lr: 5.0000e-04 - 5s/epoch - 6ms/step
Epoch 90/100
782/782 - 5s - loss: 0.9447 - categorical_accuracy: 0.6373 - val_loss: 0.9393 - val_categorical_accuracy: 0.6408 - lr: 5.0000e-04 - 5s/epoch - 6ms/step
Epoch 91/100
782/782 - 5s - loss: 0.9443 - categorical_accuracy: 0.6381 - val_loss: 0.9361 - val_categorical_accuracy: 0.6420 - lr: 5.0000e-04 - 5s/epoch - 6ms/step
Epoch 92/100
782/782 - 5s - loss: 0.9447 - categorical_accuracy: 0.6374 - val_loss: 0.9520 - val_categorical_accuracy: 0.6334 - lr: 5.0000e-04 - 5s/epoch - 6ms/step
[95m
SAVING RESULTS[0m
==============
[92m
Saved model to: [0m trained_intnets/perm_variant_3
Loss vs epochs plot saved to trained_intnets/perm_variant_3.
Accuracy vs epochs plot saved to trained_intnets/perm_variant_3.
[92m
Jobs done! 🍰✨[0m
