[96m
GPU: NVIDIA GeForce GTX 1080 Ti[0m
[92mSaved hyperparameters to json file.[0m
[95m
DATA DEETS[0m
[95m-----------[0m
data_folder: /work/deodagiu/ki_data/intnet_input
norm: robust
train_events: -1
test_events: 0
pt_min: 2.0
nconstituents: 16
feature_selection: jedinet

----------------
[92mData loading complete:[0m
Training data size: 5.72e+05
Test data size: 0.00e+00
----------------

Shuffling constituents...
[92mShuffled the training data! 🃏
[0m
Instantiating model with the hyperparameters:
effects_nnodes: 75
dynamic_nnodes: 50
abstrac_nnodes: 50
effects_activ: relu
dynamic_activ: relu
abstrac_activ: relu
neffects: 35
ndynamics: 25
l2: 0.0001
summation: True
[92mModel compiled and built![0m
Model: "dens_intnet"
_________________________________________________________________
 Layer (type)                Output Shape              Param #   
=================================================================
 relational_model (EffectsML  multiple                 16535     
 P)                                                              
                                                                 
 object_model (DynamicsMLP)  multiple                  6935      
                                                                 
 classifier_model (AbstractM  multiple                 4605      
 LP)                                                             
                                                                 
=================================================================
Total params: 28,075
Trainable params: 28,075
Non-trainable params: 0
_________________________________________________________________
[95m

TRAINING THE MODEL 💪[0m

Training parameters
-------------------
[92mOptimiser: 	[0m {'name': 'Adam', 'learning_rate': 0.001, 'decay': 0.0, 'beta_1': 0.9, 'beta_2': 0.999, 'epsilon': 1e-07, 'amsgrad': False}
[92mBatch size: 	[0m 100
[92mLearning rate: 	[0m 0.001
[92mTraining epochs:[0m 200
[92mLoss: 		[0m categorical_crossentropy

Epoch 1/200
4003/4003 - 96s - loss: 0.8488 - categorical_accuracy: 0.6995 - val_loss: 0.7554 - val_categorical_accuracy: 0.7389 - lr: 0.0010 - 96s/epoch - 24ms/step
Epoch 2/200
4003/4003 - 93s - loss: 0.7358 - categorical_accuracy: 0.7470 - val_loss: 0.7116 - val_categorical_accuracy: 0.7560 - lr: 0.0010 - 93s/epoch - 23ms/step
Epoch 3/200
4003/4003 - 93s - loss: 0.7161 - categorical_accuracy: 0.7538 - val_loss: 0.6965 - val_categorical_accuracy: 0.7597 - lr: 0.0010 - 93s/epoch - 23ms/step
Epoch 4/200
4003/4003 - 94s - loss: 0.7042 - categorical_accuracy: 0.7583 - val_loss: 0.7134 - val_categorical_accuracy: 0.7529 - lr: 0.0010 - 94s/epoch - 23ms/step
Epoch 5/200
4003/4003 - 93s - loss: 0.6960 - categorical_accuracy: 0.7612 - val_loss: 0.6842 - val_categorical_accuracy: 0.7633 - lr: 0.0010 - 93s/epoch - 23ms/step
Epoch 6/200
4003/4003 - 93s - loss: 0.6890 - categorical_accuracy: 0.7634 - val_loss: 0.7120 - val_categorical_accuracy: 0.7527 - lr: 0.0010 - 93s/epoch - 23ms/step
Epoch 7/200
4003/4003 - 94s - loss: 0.6847 - categorical_accuracy: 0.7640 - val_loss: 0.7026 - val_categorical_accuracy: 0.7562 - lr: 0.0010 - 94s/epoch - 23ms/step
Epoch 8/200
4003/4003 - 100s - loss: 0.6809 - categorical_accuracy: 0.7661 - val_loss: 0.6798 - val_categorical_accuracy: 0.7665 - lr: 0.0010 - 100s/epoch - 25ms/step
Epoch 9/200
4003/4003 - 94s - loss: 0.6769 - categorical_accuracy: 0.7672 - val_loss: 0.6789 - val_categorical_accuracy: 0.7650 - lr: 0.0010 - 94s/epoch - 23ms/step
Epoch 10/200
4003/4003 - 94s - loss: 0.6737 - categorical_accuracy: 0.7681 - val_loss: 0.6710 - val_categorical_accuracy: 0.7701 - lr: 0.0010 - 94s/epoch - 23ms/step
Epoch 11/200
4003/4003 - 94s - loss: 0.6711 - categorical_accuracy: 0.7697 - val_loss: 0.6735 - val_categorical_accuracy: 0.7678 - lr: 0.0010 - 94s/epoch - 24ms/step
Epoch 12/200
4003/4003 - 94s - loss: 0.6683 - categorical_accuracy: 0.7709 - val_loss: 0.6877 - val_categorical_accuracy: 0.7645 - lr: 0.0010 - 94s/epoch - 23ms/step
Epoch 13/200
4003/4003 - 94s - loss: 0.6674 - categorical_accuracy: 0.7713 - val_loss: 0.6704 - val_categorical_accuracy: 0.7694 - lr: 0.0010 - 94s/epoch - 23ms/step
Epoch 14/200
4003/4003 - 94s - loss: 0.6641 - categorical_accuracy: 0.7717 - val_loss: 0.6661 - val_categorical_accuracy: 0.7704 - lr: 0.0010 - 94s/epoch - 23ms/step
Epoch 15/200
4003/4003 - 94s - loss: 0.6628 - categorical_accuracy: 0.7724 - val_loss: 0.6701 - val_categorical_accuracy: 0.7711 - lr: 0.0010 - 94s/epoch - 23ms/step
Epoch 16/200
4003/4003 - 94s - loss: 0.6613 - categorical_accuracy: 0.7725 - val_loss: 0.6604 - val_categorical_accuracy: 0.7737 - lr: 0.0010 - 94s/epoch - 23ms/step
Epoch 17/200
4003/4003 - 94s - loss: 0.6604 - categorical_accuracy: 0.7731 - val_loss: 0.6559 - val_categorical_accuracy: 0.7738 - lr: 0.0010 - 94s/epoch - 23ms/step
Epoch 18/200
4003/4003 - 94s - loss: 0.6589 - categorical_accuracy: 0.7737 - val_loss: 0.6707 - val_categorical_accuracy: 0.7668 - lr: 0.0010 - 94s/epoch - 23ms/step
Epoch 19/200
4003/4003 - 100s - loss: 0.6580 - categorical_accuracy: 0.7742 - val_loss: 0.6847 - val_categorical_accuracy: 0.7617 - lr: 0.0010 - 100s/epoch - 25ms/step
Epoch 20/200
4003/4003 - 94s - loss: 0.6572 - categorical_accuracy: 0.7739 - val_loss: 0.6661 - val_categorical_accuracy: 0.7704 - lr: 0.0010 - 94s/epoch - 24ms/step
Epoch 21/200
4003/4003 - 94s - loss: 0.6557 - categorical_accuracy: 0.7751 - val_loss: 0.6636 - val_categorical_accuracy: 0.7704 - lr: 0.0010 - 94s/epoch - 23ms/step
Epoch 22/200
4003/4003 - 94s - loss: 0.6543 - categorical_accuracy: 0.7755 - val_loss: 0.6523 - val_categorical_accuracy: 0.7752 - lr: 0.0010 - 94s/epoch - 23ms/step
Epoch 23/200
4003/4003 - 94s - loss: 0.6536 - categorical_accuracy: 0.7754 - val_loss: 0.6882 - val_categorical_accuracy: 0.7615 - lr: 0.0010 - 94s/epoch - 24ms/step
Epoch 24/200
4003/4003 - 94s - loss: 0.6519 - categorical_accuracy: 0.7757 - val_loss: 0.6638 - val_categorical_accuracy: 0.7710 - lr: 0.0010 - 94s/epoch - 23ms/step
Epoch 25/200
4003/4003 - 94s - loss: 0.6517 - categorical_accuracy: 0.7760 - val_loss: 0.6676 - val_categorical_accuracy: 0.7694 - lr: 0.0010 - 94s/epoch - 23ms/step
Epoch 26/200
4003/4003 - 94s - loss: 0.6514 - categorical_accuracy: 0.7763 - val_loss: 0.6609 - val_categorical_accuracy: 0.7725 - lr: 0.0010 - 94s/epoch - 24ms/step
Epoch 27/200
4003/4003 - 94s - loss: 0.6509 - categorical_accuracy: 0.7761 - val_loss: 0.6496 - val_categorical_accuracy: 0.7765 - lr: 0.0010 - 94s/epoch - 23ms/step
Epoch 28/200
4003/4003 - 94s - loss: 0.6493 - categorical_accuracy: 0.7765 - val_loss: 0.6685 - val_categorical_accuracy: 0.7673 - lr: 0.0010 - 94s/epoch - 23ms/step
Epoch 29/200
4003/4003 - 94s - loss: 0.6491 - categorical_accuracy: 0.7770 - val_loss: 0.6464 - val_categorical_accuracy: 0.7781 - lr: 0.0010 - 94s/epoch - 23ms/step
Epoch 30/200
4003/4003 - 94s - loss: 0.6490 - categorical_accuracy: 0.7768 - val_loss: 0.6747 - val_categorical_accuracy: 0.7667 - lr: 0.0010 - 94s/epoch - 24ms/step
Epoch 31/200
4003/4003 - 94s - loss: 0.6481 - categorical_accuracy: 0.7768 - val_loss: 0.6751 - val_categorical_accuracy: 0.7653 - lr: 0.0010 - 94s/epoch - 23ms/step
Epoch 32/200
4003/4003 - 94s - loss: 0.6472 - categorical_accuracy: 0.7778 - val_loss: 0.6563 - val_categorical_accuracy: 0.7753 - lr: 0.0010 - 94s/epoch - 23ms/step
Epoch 33/200
4003/4003 - 94s - loss: 0.6462 - categorical_accuracy: 0.7777 - val_loss: 0.6497 - val_categorical_accuracy: 0.7765 - lr: 0.0010 - 94s/epoch - 24ms/step
Epoch 34/200
4003/4003 - 94s - loss: 0.6457 - categorical_accuracy: 0.7781 - val_loss: 0.6424 - val_categorical_accuracy: 0.7795 - lr: 0.0010 - 94s/epoch - 23ms/step
Epoch 35/200
4003/4003 - 94s - loss: 0.6449 - categorical_accuracy: 0.7782 - val_loss: 0.6531 - val_categorical_accuracy: 0.7744 - lr: 0.0010 - 94s/epoch - 23ms/step
Epoch 36/200
4003/4003 - 94s - loss: 0.6439 - categorical_accuracy: 0.7784 - val_loss: 0.6521 - val_categorical_accuracy: 0.7752 - lr: 0.0010 - 94s/epoch - 23ms/step
Epoch 37/200
4003/4003 - 94s - loss: 0.6440 - categorical_accuracy: 0.7783 - val_loss: 0.6610 - val_categorical_accuracy: 0.7726 - lr: 0.0010 - 94s/epoch - 23ms/step
Epoch 38/200
4003/4003 - 94s - loss: 0.6437 - categorical_accuracy: 0.7787 - val_loss: 0.6509 - val_categorical_accuracy: 0.7769 - lr: 0.0010 - 94s/epoch - 23ms/step
Epoch 39/200
4003/4003 - 94s - loss: 0.6432 - categorical_accuracy: 0.7788 - val_loss: 0.6488 - val_categorical_accuracy: 0.7773 - lr: 0.0010 - 94s/epoch - 24ms/step
Epoch 40/200
4003/4003 - 94s - loss: 0.6430 - categorical_accuracy: 0.7788 - val_loss: 0.6463 - val_categorical_accuracy: 0.7778 - lr: 0.0010 - 94s/epoch - 23ms/step
Epoch 41/200
4003/4003 - 94s - loss: 0.6420 - categorical_accuracy: 0.7793 - val_loss: 0.6536 - val_categorical_accuracy: 0.7748 - lr: 0.0010 - 94s/epoch - 23ms/step
Epoch 42/200
4003/4003 - 94s - loss: 0.6420 - categorical_accuracy: 0.7790 - val_loss: 0.6721 - val_categorical_accuracy: 0.7669 - lr: 0.0010 - 94s/epoch - 23ms/step
Epoch 43/200
4003/4003 - 94s - loss: 0.6413 - categorical_accuracy: 0.7798 - val_loss: 0.6463 - val_categorical_accuracy: 0.7775 - lr: 0.0010 - 94s/epoch - 23ms/step
Epoch 44/200
4003/4003 - 94s - loss: 0.6409 - categorical_accuracy: 0.7799 - val_loss: 0.6540 - val_categorical_accuracy: 0.7743 - lr: 0.0010 - 94s/epoch - 23ms/step
Epoch 45/200
4003/4003 - 94s - loss: 0.6411 - categorical_accuracy: 0.7798 - val_loss: 0.6501 - val_categorical_accuracy: 0.7779 - lr: 0.0010 - 94s/epoch - 23ms/step
Epoch 46/200
4003/4003 - 94s - loss: 0.6403 - categorical_accuracy: 0.7800 - val_loss: 0.6561 - val_categorical_accuracy: 0.7727 - lr: 0.0010 - 94s/epoch - 24ms/step
Epoch 47/200
4003/4003 - 94s - loss: 0.6405 - categorical_accuracy: 0.7796 - val_loss: 0.6451 - val_categorical_accuracy: 0.7776 - lr: 0.0010 - 94s/epoch - 23ms/step
Epoch 48/200
4003/4003 - 94s - loss: 0.6402 - categorical_accuracy: 0.7804 - val_loss: 0.6500 - val_categorical_accuracy: 0.7759 - lr: 0.0010 - 94s/epoch - 24ms/step
Epoch 49/200
4003/4003 - 94s - loss: 0.6399 - categorical_accuracy: 0.7800 - val_loss: 0.7165 - val_categorical_accuracy: 0.7489 - lr: 0.0010 - 94s/epoch - 23ms/step
Epoch 50/200
4003/4003 - 94s - loss: 0.6344 - categorical_accuracy: 0.7817 - val_loss: 0.6464 - val_categorical_accuracy: 0.7777 - lr: 8.0000e-04 - 94s/epoch - 23ms/step
Epoch 51/200
4003/4003 - 94s - loss: 0.6328 - categorical_accuracy: 0.7825 - val_loss: 0.6420 - val_categorical_accuracy: 0.7790 - lr: 8.0000e-04 - 94s/epoch - 23ms/step
Epoch 52/200
4003/4003 - 94s - loss: 0.6323 - categorical_accuracy: 0.7825 - val_loss: 0.6442 - val_categorical_accuracy: 0.7770 - lr: 8.0000e-04 - 94s/epoch - 24ms/step
Epoch 53/200
4003/4003 - 94s - loss: 0.6321 - categorical_accuracy: 0.7828 - val_loss: 0.6764 - val_categorical_accuracy: 0.7651 - lr: 8.0000e-04 - 94s/epoch - 23ms/step
Epoch 54/200
4003/4003 - 94s - loss: 0.6313 - categorical_accuracy: 0.7826 - val_loss: 0.6420 - val_categorical_accuracy: 0.7790 - lr: 8.0000e-04 - 94s/epoch - 23ms/step
Epoch 55/200
4003/4003 - 94s - loss: 0.6313 - categorical_accuracy: 0.7832 - val_loss: 0.6553 - val_categorical_accuracy: 0.7741 - lr: 8.0000e-04 - 94s/epoch - 24ms/step
Epoch 56/200
4003/4003 - 93s - loss: 0.6308 - categorical_accuracy: 0.7831 - val_loss: 0.6449 - val_categorical_accuracy: 0.7781 - lr: 8.0000e-04 - 93s/epoch - 23ms/step
Epoch 57/200
4003/4003 - 94s - loss: 0.6307 - categorical_accuracy: 0.7834 - val_loss: 0.6421 - val_categorical_accuracy: 0.7790 - lr: 8.0000e-04 - 94s/epoch - 23ms/step
Epoch 58/200
4003/4003 - 95s - loss: 0.6305 - categorical_accuracy: 0.7834 - val_loss: 0.6413 - val_categorical_accuracy: 0.7796 - lr: 8.0000e-04 - 95s/epoch - 24ms/step
Epoch 59/200
4003/4003 - 94s - loss: 0.6302 - categorical_accuracy: 0.7830 - val_loss: 0.6406 - val_categorical_accuracy: 0.7805 - lr: 8.0000e-04 - 94s/epoch - 23ms/step
Epoch 60/200
4003/4003 - 94s - loss: 0.6301 - categorical_accuracy: 0.7829 - val_loss: 0.6563 - val_categorical_accuracy: 0.7740 - lr: 8.0000e-04 - 94s/epoch - 23ms/step
Epoch 61/200
4003/4003 - 93s - loss: 0.6304 - categorical_accuracy: 0.7831 - val_loss: 0.6413 - val_categorical_accuracy: 0.7800 - lr: 8.0000e-04 - 93s/epoch - 23ms/step
Epoch 62/200
4003/4003 - 94s - loss: 0.6299 - categorical_accuracy: 0.7838 - val_loss: 0.6493 - val_categorical_accuracy: 0.7770 - lr: 8.0000e-04 - 94s/epoch - 24ms/step
Epoch 63/200
4003/4003 - 94s - loss: 0.6297 - categorical_accuracy: 0.7833 - val_loss: 0.6465 - val_categorical_accuracy: 0.7777 - lr: 8.0000e-04 - 94s/epoch - 23ms/step
Epoch 64/200
4003/4003 - 94s - loss: 0.6291 - categorical_accuracy: 0.7832 - val_loss: 0.6479 - val_categorical_accuracy: 0.7769 - lr: 8.0000e-04 - 94s/epoch - 23ms/step
Epoch 65/200
4003/4003 - 94s - loss: 0.6295 - categorical_accuracy: 0.7833 - val_loss: 0.6555 - val_categorical_accuracy: 0.7735 - lr: 8.0000e-04 - 94s/epoch - 24ms/step
Epoch 66/200
4003/4003 - 94s - loss: 0.6291 - categorical_accuracy: 0.7831 - val_loss: 0.6430 - val_categorical_accuracy: 0.7790 - lr: 8.0000e-04 - 94s/epoch - 23ms/step
Epoch 67/200
4003/4003 - 94s - loss: 0.6292 - categorical_accuracy: 0.7839 - val_loss: 0.6646 - val_categorical_accuracy: 0.7703 - lr: 8.0000e-04 - 94s/epoch - 23ms/step
Epoch 68/200
4003/4003 - 94s - loss: 0.6289 - categorical_accuracy: 0.7833 - val_loss: 0.6427 - val_categorical_accuracy: 0.7791 - lr: 8.0000e-04 - 94s/epoch - 23ms/step
Epoch 69/200
4003/4003 - 93s - loss: 0.6282 - categorical_accuracy: 0.7839 - val_loss: 0.6510 - val_categorical_accuracy: 0.7757 - lr: 8.0000e-04 - 93s/epoch - 23ms/step
Epoch 70/200
4003/4003 - 94s - loss: 0.6285 - categorical_accuracy: 0.7840 - val_loss: 0.6555 - val_categorical_accuracy: 0.7734 - lr: 8.0000e-04 - 94s/epoch - 23ms/step
Epoch 71/200
4003/4003 - 94s - loss: 0.6281 - categorical_accuracy: 0.7839 - val_loss: 0.6480 - val_categorical_accuracy: 0.7765 - lr: 8.0000e-04 - 94s/epoch - 24ms/step
Epoch 72/200
4003/4003 - 94s - loss: 0.6283 - categorical_accuracy: 0.7833 - val_loss: 0.6405 - val_categorical_accuracy: 0.7785 - lr: 8.0000e-04 - 94s/epoch - 23ms/step
Epoch 73/200
4003/4003 - 94s - loss: 0.6276 - categorical_accuracy: 0.7841 - val_loss: 0.6469 - val_categorical_accuracy: 0.7774 - lr: 8.0000e-04 - 94s/epoch - 23ms/step
Epoch 74/200
4003/4003 - 94s - loss: 0.6279 - categorical_accuracy: 0.7842 - val_loss: 0.6374 - val_categorical_accuracy: 0.7797 - lr: 8.0000e-04 - 94s/epoch - 23ms/step
Epoch 75/200
4003/4003 - 94s - loss: 0.6228 - categorical_accuracy: 0.7854 - val_loss: 0.6450 - val_categorical_accuracy: 0.7773 - lr: 6.4000e-04 - 94s/epoch - 23ms/step
Epoch 76/200
4003/4003 - 93s - loss: 0.6216 - categorical_accuracy: 0.7859 - val_loss: 0.6363 - val_categorical_accuracy: 0.7811 - lr: 6.4000e-04 - 93s/epoch - 23ms/step
Epoch 77/200
4003/4003 - 94s - loss: 0.6213 - categorical_accuracy: 0.7862 - val_loss: 0.6401 - val_categorical_accuracy: 0.7809 - lr: 6.4000e-04 - 94s/epoch - 23ms/step
Epoch 78/200
4003/4003 - 94s - loss: 0.6214 - categorical_accuracy: 0.7854 - val_loss: 0.6427 - val_categorical_accuracy: 0.7790 - lr: 6.4000e-04 - 94s/epoch - 23ms/step
Epoch 79/200
4003/4003 - 93s - loss: 0.6206 - categorical_accuracy: 0.7860 - val_loss: 0.6348 - val_categorical_accuracy: 0.7825 - lr: 6.4000e-04 - 93s/epoch - 23ms/step
Epoch 80/200
4003/4003 - 93s - loss: 0.6211 - categorical_accuracy: 0.7860 - val_loss: 0.6368 - val_categorical_accuracy: 0.7810 - lr: 6.4000e-04 - 93s/epoch - 23ms/step
Epoch 81/200
4003/4003 - 94s - loss: 0.6211 - categorical_accuracy: 0.7865 - val_loss: 0.6411 - val_categorical_accuracy: 0.7800 - lr: 6.4000e-04 - 94s/epoch - 24ms/step
Epoch 82/200
4003/4003 - 93s - loss: 0.6208 - categorical_accuracy: 0.7861 - val_loss: 0.6372 - val_categorical_accuracy: 0.7810 - lr: 6.4000e-04 - 93s/epoch - 23ms/step
Epoch 83/200
4003/4003 - 94s - loss: 0.6204 - categorical_accuracy: 0.7865 - val_loss: 0.6380 - val_categorical_accuracy: 0.7796 - lr: 6.4000e-04 - 94s/epoch - 23ms/step
Epoch 84/200
4003/4003 - 94s - loss: 0.6201 - categorical_accuracy: 0.7867 - val_loss: 0.6367 - val_categorical_accuracy: 0.7806 - lr: 6.4000e-04 - 94s/epoch - 23ms/step
Epoch 85/200
4003/4003 - 93s - loss: 0.6201 - categorical_accuracy: 0.7865 - val_loss: 0.6356 - val_categorical_accuracy: 0.7822 - lr: 6.4000e-04 - 93s/epoch - 23ms/step
Epoch 86/200
4003/4003 - 94s - loss: 0.6193 - categorical_accuracy: 0.7871 - val_loss: 0.6406 - val_categorical_accuracy: 0.7806 - lr: 6.4000e-04 - 94s/epoch - 23ms/step
Epoch 87/200
4003/4003 - 94s - loss: 0.6200 - categorical_accuracy: 0.7868 - val_loss: 0.6449 - val_categorical_accuracy: 0.7772 - lr: 6.4000e-04 - 94s/epoch - 24ms/step
Epoch 88/200
4003/4003 - 94s - loss: 0.6197 - categorical_accuracy: 0.7865 - val_loss: 0.6400 - val_categorical_accuracy: 0.7804 - lr: 6.4000e-04 - 94s/epoch - 23ms/step
Epoch 89/200
4003/4003 - 94s - loss: 0.6191 - categorical_accuracy: 0.7867 - val_loss: 0.6408 - val_categorical_accuracy: 0.7801 - lr: 6.4000e-04 - 94s/epoch - 23ms/step
Epoch 90/200
4003/4003 - 95s - loss: 0.6194 - categorical_accuracy: 0.7869 - val_loss: 0.6380 - val_categorical_accuracy: 0.7810 - lr: 6.4000e-04 - 95s/epoch - 24ms/step
Epoch 91/200
4003/4003 - 93s - loss: 0.6192 - categorical_accuracy: 0.7866 - val_loss: 0.6509 - val_categorical_accuracy: 0.7752 - lr: 6.4000e-04 - 93s/epoch - 23ms/step
Epoch 92/200
4003/4003 - 93s - loss: 0.6191 - categorical_accuracy: 0.7870 - val_loss: 0.6469 - val_categorical_accuracy: 0.7768 - lr: 6.4000e-04 - 93s/epoch - 23ms/step
Epoch 93/200
4003/4003 - 93s - loss: 0.6193 - categorical_accuracy: 0.7864 - val_loss: 0.6520 - val_categorical_accuracy: 0.7751 - lr: 6.4000e-04 - 93s/epoch - 23ms/step
Epoch 94/200
4003/4003 - 94s - loss: 0.6186 - categorical_accuracy: 0.7866 - val_loss: 0.6465 - val_categorical_accuracy: 0.7774 - lr: 6.4000e-04 - 94s/epoch - 23ms/step
Epoch 95/200
4003/4003 - 93s - loss: 0.6143 - categorical_accuracy: 0.7884 - val_loss: 0.6381 - val_categorical_accuracy: 0.7811 - lr: 5.1200e-04 - 93s/epoch - 23ms/step
Epoch 96/200
4003/4003 - 94s - loss: 0.6138 - categorical_accuracy: 0.7880 - val_loss: 0.6364 - val_categorical_accuracy: 0.7809 - lr: 5.1200e-04 - 94s/epoch - 23ms/step
Epoch 97/200
4003/4003 - 94s - loss: 0.6137 - categorical_accuracy: 0.7886 - val_loss: 0.6386 - val_categorical_accuracy: 0.7809 - lr: 5.1200e-04 - 94s/epoch - 23ms/step
Epoch 98/200
4003/4003 - 94s - loss: 0.6132 - categorical_accuracy: 0.7887 - val_loss: 0.6511 - val_categorical_accuracy: 0.7736 - lr: 5.1200e-04 - 94s/epoch - 23ms/step
Epoch 99/200
4003/4003 - 94s - loss: 0.6135 - categorical_accuracy: 0.7886 - val_loss: 0.6358 - val_categorical_accuracy: 0.7817 - lr: 5.1200e-04 - 94s/epoch - 23ms/step
Epoch 100/200
4003/4003 - 94s - loss: 0.6136 - categorical_accuracy: 0.7885 - val_loss: 0.6350 - val_categorical_accuracy: 0.7817 - lr: 5.1200e-04 - 94s/epoch - 23ms/step
Epoch 101/200
4003/4003 - 93s - loss: 0.6130 - categorical_accuracy: 0.7885 - val_loss: 0.6394 - val_categorical_accuracy: 0.7795 - lr: 5.1200e-04 - 93s/epoch - 23ms/step
Epoch 102/200
4003/4003 - 94s - loss: 0.6126 - categorical_accuracy: 0.7889 - val_loss: 0.6387 - val_categorical_accuracy: 0.7808 - lr: 5.1200e-04 - 94s/epoch - 23ms/step
Epoch 103/200
4003/4003 - 94s - loss: 0.6130 - categorical_accuracy: 0.7887 - val_loss: 0.6362 - val_categorical_accuracy: 0.7808 - lr: 5.1200e-04 - 94s/epoch - 23ms/step
Epoch 104/200
4003/4003 - 93s - loss: 0.6125 - categorical_accuracy: 0.7890 - val_loss: 0.6374 - val_categorical_accuracy: 0.7809 - lr: 5.1200e-04 - 93s/epoch - 23ms/step
Epoch 105/200
4003/4003 - 93s - loss: 0.6128 - categorical_accuracy: 0.7885 - val_loss: 0.6370 - val_categorical_accuracy: 0.7807 - lr: 5.1200e-04 - 93s/epoch - 23ms/step
Epoch 106/200
4003/4003 - 94s - loss: 0.6124 - categorical_accuracy: 0.7888 - val_loss: 0.6348 - val_categorical_accuracy: 0.7816 - lr: 5.1200e-04 - 94s/epoch - 23ms/step
Epoch 107/200
4003/4003 - 93s - loss: 0.6122 - categorical_accuracy: 0.7890 - val_loss: 0.6402 - val_categorical_accuracy: 0.7800 - lr: 5.1200e-04 - 93s/epoch - 23ms/step
Epoch 108/200
4003/4003 - 94s - loss: 0.6118 - categorical_accuracy: 0.7890 - val_loss: 0.6394 - val_categorical_accuracy: 0.7808 - lr: 5.1200e-04 - 94s/epoch - 23ms/step
Epoch 109/200
4003/4003 - 94s - loss: 0.6121 - categorical_accuracy: 0.7890 - val_loss: 0.6354 - val_categorical_accuracy: 0.7814 - lr: 5.1200e-04 - 94s/epoch - 23ms/step
[92m
Saved model to: [0m trained_intnets/jedinet_exploration_25
Loss vs epochs plot saved to trained_intnets/jedinet_exploration_25.
Accuracy vs epochs plot saved to trained_intnets/jedinet_exploration_25.
[92m
Plots done! [0m
