[96m
GPU: NVIDIA GeForce GTX 1080 Ti[0m

----------------
[92mData loading complete:[0m
Training data size: 5.72e+05
Test data size: 0.00e+00
----------------

Shuffling constituents...
[92mShuffled the training data! 🃏
[0m
[92mNumber of constituents: 8[0m
Instantiating model...
[92mModel compiled and built![0m
[95m
TRAINING THE MODEL 💪[0m
==================

Training parameters
-------------------
[92mOptimiser: 	[0m {'name': 'Adam', 'learning_rate': 0.0005, 'decay': 0.0, 'beta_1': 0.9, 'beta_2': 0.999, 'epsilon': 1e-07, 'amsgrad': False}
[92mBatch size: 	[0m 512
[92mTraining epochs:[0m 100
[92mLoss: 		[0m categorical_crossentropy

Epoch 1/100
782/782 - 9s - loss: 1.1659 - categorical_accuracy: 0.5362 - val_loss: 1.0822 - val_categorical_accuracy: 0.5837 - lr: 5.0000e-04 - 9s/epoch - 12ms/step
Epoch 2/100
782/782 - 4s - loss: 1.0665 - categorical_accuracy: 0.5891 - val_loss: 1.0420 - val_categorical_accuracy: 0.6035 - lr: 5.0000e-04 - 4s/epoch - 5ms/step
Epoch 3/100
782/782 - 4s - loss: 1.0449 - categorical_accuracy: 0.5988 - val_loss: 1.0241 - val_categorical_accuracy: 0.6102 - lr: 5.0000e-04 - 4s/epoch - 5ms/step
Epoch 4/100
782/782 - 4s - loss: 1.0304 - categorical_accuracy: 0.6048 - val_loss: 1.0098 - val_categorical_accuracy: 0.6151 - lr: 5.0000e-04 - 4s/epoch - 5ms/step
Epoch 5/100
782/782 - 4s - loss: 1.0200 - categorical_accuracy: 0.6091 - val_loss: 1.0000 - val_categorical_accuracy: 0.6182 - lr: 5.0000e-04 - 4s/epoch - 5ms/step
Epoch 6/100
782/782 - 4s - loss: 1.0122 - categorical_accuracy: 0.6121 - val_loss: 0.9922 - val_categorical_accuracy: 0.6213 - lr: 5.0000e-04 - 4s/epoch - 5ms/step
Epoch 7/100
782/782 - 4s - loss: 1.0058 - categorical_accuracy: 0.6146 - val_loss: 0.9861 - val_categorical_accuracy: 0.6231 - lr: 5.0000e-04 - 4s/epoch - 5ms/step
Epoch 8/100
782/782 - 4s - loss: 1.0000 - categorical_accuracy: 0.6169 - val_loss: 0.9809 - val_categorical_accuracy: 0.6250 - lr: 5.0000e-04 - 4s/epoch - 5ms/step
Epoch 9/100
782/782 - 4s - loss: 0.9950 - categorical_accuracy: 0.6189 - val_loss: 0.9763 - val_categorical_accuracy: 0.6267 - lr: 5.0000e-04 - 4s/epoch - 5ms/step
Epoch 10/100
782/782 - 4s - loss: 0.9907 - categorical_accuracy: 0.6205 - val_loss: 0.9721 - val_categorical_accuracy: 0.6288 - lr: 5.0000e-04 - 4s/epoch - 5ms/step
Epoch 11/100
782/782 - 4s - loss: 0.9869 - categorical_accuracy: 0.6222 - val_loss: 0.9681 - val_categorical_accuracy: 0.6305 - lr: 5.0000e-04 - 4s/epoch - 5ms/step
Epoch 12/100
782/782 - 4s - loss: 0.9835 - categorical_accuracy: 0.6238 - val_loss: 0.9646 - val_categorical_accuracy: 0.6326 - lr: 5.0000e-04 - 4s/epoch - 5ms/step
Epoch 13/100
782/782 - 4s - loss: 0.9803 - categorical_accuracy: 0.6252 - val_loss: 0.9614 - val_categorical_accuracy: 0.6344 - lr: 5.0000e-04 - 4s/epoch - 5ms/step
Epoch 14/100
782/782 - 4s - loss: 0.9773 - categorical_accuracy: 0.6262 - val_loss: 0.9581 - val_categorical_accuracy: 0.6363 - lr: 5.0000e-04 - 4s/epoch - 5ms/step
Epoch 15/100
782/782 - 4s - loss: 0.9740 - categorical_accuracy: 0.6279 - val_loss: 0.9554 - val_categorical_accuracy: 0.6377 - lr: 5.0000e-04 - 4s/epoch - 6ms/step
Epoch 16/100
782/782 - 4s - loss: 0.9715 - categorical_accuracy: 0.6286 - val_loss: 0.9535 - val_categorical_accuracy: 0.6384 - lr: 5.0000e-04 - 4s/epoch - 5ms/step
Epoch 17/100
782/782 - 4s - loss: 0.9694 - categorical_accuracy: 0.6293 - val_loss: 0.9519 - val_categorical_accuracy: 0.6385 - lr: 5.0000e-04 - 4s/epoch - 5ms/step
Epoch 18/100
782/782 - 4s - loss: 0.9677 - categorical_accuracy: 0.6299 - val_loss: 0.9504 - val_categorical_accuracy: 0.6391 - lr: 5.0000e-04 - 4s/epoch - 5ms/step
Epoch 19/100
782/782 - 4s - loss: 0.9662 - categorical_accuracy: 0.6305 - val_loss: 0.9493 - val_categorical_accuracy: 0.6394 - lr: 5.0000e-04 - 4s/epoch - 5ms/step
Epoch 20/100
782/782 - 4s - loss: 0.9648 - categorical_accuracy: 0.6309 - val_loss: 0.9482 - val_categorical_accuracy: 0.6397 - lr: 5.0000e-04 - 4s/epoch - 5ms/step
Epoch 21/100
782/782 - 4s - loss: 0.9635 - categorical_accuracy: 0.6313 - val_loss: 0.9469 - val_categorical_accuracy: 0.6401 - lr: 5.0000e-04 - 4s/epoch - 6ms/step
Epoch 22/100
782/782 - 4s - loss: 0.9623 - categorical_accuracy: 0.6318 - val_loss: 0.9460 - val_categorical_accuracy: 0.6404 - lr: 5.0000e-04 - 4s/epoch - 6ms/step
Epoch 23/100
782/782 - 4s - loss: 0.9611 - categorical_accuracy: 0.6322 - val_loss: 0.9456 - val_categorical_accuracy: 0.6405 - lr: 5.0000e-04 - 4s/epoch - 6ms/step
Epoch 24/100
782/782 - 6s - loss: 0.9601 - categorical_accuracy: 0.6325 - val_loss: 0.9446 - val_categorical_accuracy: 0.6406 - lr: 5.0000e-04 - 6s/epoch - 8ms/step
Epoch 25/100
782/782 - 4s - loss: 0.9590 - categorical_accuracy: 0.6328 - val_loss: 0.9437 - val_categorical_accuracy: 0.6409 - lr: 5.0000e-04 - 4s/epoch - 6ms/step
Epoch 26/100
782/782 - 4s - loss: 0.9581 - categorical_accuracy: 0.6333 - val_loss: 0.9428 - val_categorical_accuracy: 0.6417 - lr: 5.0000e-04 - 4s/epoch - 6ms/step
Epoch 27/100
782/782 - 4s - loss: 0.9571 - categorical_accuracy: 0.6336 - val_loss: 0.9421 - val_categorical_accuracy: 0.6422 - lr: 5.0000e-04 - 4s/epoch - 6ms/step
Epoch 28/100
782/782 - 4s - loss: 0.9563 - categorical_accuracy: 0.6336 - val_loss: 0.9418 - val_categorical_accuracy: 0.6424 - lr: 5.0000e-04 - 4s/epoch - 6ms/step
Epoch 29/100
782/782 - 4s - loss: 0.9554 - categorical_accuracy: 0.6340 - val_loss: 0.9412 - val_categorical_accuracy: 0.6425 - lr: 5.0000e-04 - 4s/epoch - 6ms/step
Epoch 30/100
782/782 - 4s - loss: 0.9546 - categorical_accuracy: 0.6344 - val_loss: 0.9401 - val_categorical_accuracy: 0.6428 - lr: 5.0000e-04 - 4s/epoch - 6ms/step
Epoch 31/100
782/782 - 4s - loss: 0.9538 - categorical_accuracy: 0.6347 - val_loss: 0.9393 - val_categorical_accuracy: 0.6432 - lr: 5.0000e-04 - 4s/epoch - 6ms/step
Epoch 32/100
782/782 - 4s - loss: 0.9531 - categorical_accuracy: 0.6351 - val_loss: 0.9387 - val_categorical_accuracy: 0.6433 - lr: 5.0000e-04 - 4s/epoch - 6ms/step
Epoch 33/100
782/782 - 4s - loss: 0.9524 - categorical_accuracy: 0.6353 - val_loss: 0.9381 - val_categorical_accuracy: 0.6433 - lr: 5.0000e-04 - 4s/epoch - 6ms/step
Epoch 34/100
782/782 - 4s - loss: 0.9517 - categorical_accuracy: 0.6356 - val_loss: 0.9371 - val_categorical_accuracy: 0.6438 - lr: 5.0000e-04 - 4s/epoch - 6ms/step
Epoch 35/100
782/782 - 4s - loss: 0.9511 - categorical_accuracy: 0.6358 - val_loss: 0.9370 - val_categorical_accuracy: 0.6441 - lr: 5.0000e-04 - 4s/epoch - 6ms/step
Epoch 36/100
782/782 - 4s - loss: 0.9504 - categorical_accuracy: 0.6360 - val_loss: 0.9365 - val_categorical_accuracy: 0.6439 - lr: 5.0000e-04 - 4s/epoch - 6ms/step
Epoch 37/100
782/782 - 4s - loss: 0.9497 - categorical_accuracy: 0.6363 - val_loss: 0.9362 - val_categorical_accuracy: 0.6440 - lr: 5.0000e-04 - 4s/epoch - 6ms/step
Epoch 38/100
782/782 - 4s - loss: 0.9491 - categorical_accuracy: 0.6364 - val_loss: 0.9356 - val_categorical_accuracy: 0.6440 - lr: 5.0000e-04 - 4s/epoch - 6ms/step
Epoch 39/100
782/782 - 4s - loss: 0.9486 - categorical_accuracy: 0.6366 - val_loss: 0.9357 - val_categorical_accuracy: 0.6438 - lr: 5.0000e-04 - 4s/epoch - 6ms/step
Epoch 40/100
782/782 - 4s - loss: 0.9480 - categorical_accuracy: 0.6371 - val_loss: 0.9354 - val_categorical_accuracy: 0.6441 - lr: 5.0000e-04 - 4s/epoch - 6ms/step
Epoch 41/100
782/782 - 5s - loss: 0.9474 - categorical_accuracy: 0.6372 - val_loss: 0.9352 - val_categorical_accuracy: 0.6442 - lr: 5.0000e-04 - 5s/epoch - 6ms/step
Epoch 42/100
782/782 - 4s - loss: 0.9469 - categorical_accuracy: 0.6372 - val_loss: 0.9347 - val_categorical_accuracy: 0.6444 - lr: 5.0000e-04 - 4s/epoch - 6ms/step
Epoch 43/100
782/782 - 4s - loss: 0.9463 - categorical_accuracy: 0.6376 - val_loss: 0.9341 - val_categorical_accuracy: 0.6448 - lr: 5.0000e-04 - 4s/epoch - 6ms/step
Epoch 44/100
782/782 - 4s - loss: 0.9458 - categorical_accuracy: 0.6377 - val_loss: 0.9334 - val_categorical_accuracy: 0.6452 - lr: 5.0000e-04 - 4s/epoch - 6ms/step
Epoch 45/100
782/782 - 4s - loss: 0.9454 - categorical_accuracy: 0.6379 - val_loss: 0.9335 - val_categorical_accuracy: 0.6449 - lr: 5.0000e-04 - 4s/epoch - 6ms/step
Epoch 46/100
782/782 - 4s - loss: 0.9449 - categorical_accuracy: 0.6379 - val_loss: 0.9329 - val_categorical_accuracy: 0.6453 - lr: 5.0000e-04 - 4s/epoch - 6ms/step
Epoch 47/100
782/782 - 5s - loss: 0.9443 - categorical_accuracy: 0.6383 - val_loss: 0.9319 - val_categorical_accuracy: 0.6457 - lr: 5.0000e-04 - 5s/epoch - 6ms/step
Epoch 48/100
782/782 - 4s - loss: 0.9439 - categorical_accuracy: 0.6385 - val_loss: 0.9316 - val_categorical_accuracy: 0.6458 - lr: 5.0000e-04 - 4s/epoch - 6ms/step
Epoch 49/100
782/782 - 4s - loss: 0.9434 - categorical_accuracy: 0.6387 - val_loss: 0.9313 - val_categorical_accuracy: 0.6459 - lr: 5.0000e-04 - 4s/epoch - 6ms/step
Epoch 50/100
782/782 - 4s - loss: 0.9430 - categorical_accuracy: 0.6389 - val_loss: 0.9311 - val_categorical_accuracy: 0.6461 - lr: 5.0000e-04 - 4s/epoch - 6ms/step
Epoch 51/100
782/782 - 4s - loss: 0.9426 - categorical_accuracy: 0.6390 - val_loss: 0.9311 - val_categorical_accuracy: 0.6459 - lr: 5.0000e-04 - 4s/epoch - 6ms/step
Epoch 52/100
782/782 - 4s - loss: 0.9422 - categorical_accuracy: 0.6391 - val_loss: 0.9312 - val_categorical_accuracy: 0.6456 - lr: 5.0000e-04 - 4s/epoch - 6ms/step
Epoch 53/100
782/782 - 4s - loss: 0.9417 - categorical_accuracy: 0.6391 - val_loss: 0.9311 - val_categorical_accuracy: 0.6456 - lr: 5.0000e-04 - 4s/epoch - 6ms/step
Epoch 54/100
782/782 - 4s - loss: 0.9413 - categorical_accuracy: 0.6392 - val_loss: 0.9310 - val_categorical_accuracy: 0.6455 - lr: 5.0000e-04 - 4s/epoch - 6ms/step
Epoch 55/100
782/782 - 4s - loss: 0.9410 - categorical_accuracy: 0.6394 - val_loss: 0.9308 - val_categorical_accuracy: 0.6454 - lr: 5.0000e-04 - 4s/epoch - 6ms/step
Epoch 56/100
782/782 - 4s - loss: 0.9406 - categorical_accuracy: 0.6395 - val_loss: 0.9302 - val_categorical_accuracy: 0.6456 - lr: 5.0000e-04 - 4s/epoch - 6ms/step
Epoch 57/100
782/782 - 4s - loss: 0.9402 - categorical_accuracy: 0.6396 - val_loss: 0.9301 - val_categorical_accuracy: 0.6455 - lr: 5.0000e-04 - 4s/epoch - 6ms/step
Epoch 58/100
782/782 - 4s - loss: 0.9399 - categorical_accuracy: 0.6397 - val_loss: 0.9301 - val_categorical_accuracy: 0.6455 - lr: 5.0000e-04 - 4s/epoch - 6ms/step
Epoch 59/100
782/782 - 4s - loss: 0.9395 - categorical_accuracy: 0.6398 - val_loss: 0.9304 - val_categorical_accuracy: 0.6452 - lr: 5.0000e-04 - 4s/epoch - 6ms/step
Epoch 60/100
782/782 - 4s - loss: 0.9392 - categorical_accuracy: 0.6399 - val_loss: 0.9305 - val_categorical_accuracy: 0.6451 - lr: 5.0000e-04 - 4s/epoch - 6ms/step
[95m
SAVING RESULTS[0m
==============
[92m
Saved model to: [0m trained_intnets/perm_invariant_conv_1
Loss vs epochs plot saved to trained_intnets/perm_invariant_conv_1.
Accuracy vs epochs plot saved to trained_intnets/perm_invariant_conv_1.
[92m
Jobs done! 🍰✨[0m
