[96m
GPU: NVIDIA GeForce GTX 1080 Ti[0m
[95m
DATA DETAILS[0m
[95m------------[0m
data_folder: /work/deodagiu/ki_data/intnet_input
norm: robust
train_events: -1
test_events: 0
pt_min: 2.0
nconstituents: 16
feature_selection: jedinet

----------------
[92mData loading complete:[0m
Training data size: 5.72e+05
Test data size: 0.00e+00
----------------

Shuffling constituents...
[92mShuffled the training data! 🃏
[0m
Instantiating model with the hyperparameters:
effects_nnodes: 150
dynamic_nnodes: 100
abstrac_nnodes: 50
effects_activ: relu
dynamic_activ: relu
abstrac_activ: relu
ndynamics: 15
neffects: 15
l2: 0.01
summation: True
[92mModel compiled and built![0m
[95m

TRAINING THE MODEL 💪[0m

Training parameters
-------------------
[92mOptimiser: 	[0m {'name': 'Adam', 'learning_rate': 0.0001, 'decay': 0.0, 'beta_1': 0.9, 'beta_2': 0.999, 'epsilon': 1e-07, 'amsgrad': False}
[92mBatch size: 	[0m 100
[92mLearning rate: 	[0m 0.0001
[92mTraining epochs:[0m 100
[92mLoss: 		[0m categorical_crossentropy

Epoch 1/100
4003/4003 - 250s - loss: 2.7306 - categorical_accuracy: 0.6411 - val_loss: 1.6569 - val_categorical_accuracy: 0.7045 - lr: 1.0000e-04 - 250s/epoch - 62ms/step
Epoch 2/100
4003/4003 - 249s - loss: 1.4171 - categorical_accuracy: 0.7144 - val_loss: 1.2450 - val_categorical_accuracy: 0.7240 - lr: 1.0000e-04 - 249s/epoch - 62ms/step
Epoch 3/100
4003/4003 - 249s - loss: 1.1499 - categorical_accuracy: 0.7310 - val_loss: 1.0744 - val_categorical_accuracy: 0.7329 - lr: 1.0000e-04 - 249s/epoch - 62ms/step
Epoch 4/100
4003/4003 - 249s - loss: 1.0223 - categorical_accuracy: 0.7373 - val_loss: 0.9845 - val_categorical_accuracy: 0.7371 - lr: 1.0000e-04 - 249s/epoch - 62ms/step
Epoch 5/100
4003/4003 - 249s - loss: 0.9453 - categorical_accuracy: 0.7422 - val_loss: 0.9188 - val_categorical_accuracy: 0.7411 - lr: 1.0000e-04 - 249s/epoch - 62ms/step
Epoch 6/100
4003/4003 - 249s - loss: 0.8928 - categorical_accuracy: 0.7455 - val_loss: 0.8616 - val_categorical_accuracy: 0.7510 - lr: 1.0000e-04 - 249s/epoch - 62ms/step
Epoch 7/100
4003/4003 - 249s - loss: 0.8574 - categorical_accuracy: 0.7476 - val_loss: 0.8306 - val_categorical_accuracy: 0.7543 - lr: 1.0000e-04 - 249s/epoch - 62ms/step
Epoch 8/100
4003/4003 - 248s - loss: 0.8298 - categorical_accuracy: 0.7499 - val_loss: 0.8079 - val_categorical_accuracy: 0.7544 - lr: 1.0000e-04 - 248s/epoch - 62ms/step
Epoch 9/100
4003/4003 - 249s - loss: 0.8088 - categorical_accuracy: 0.7511 - val_loss: 0.7935 - val_categorical_accuracy: 0.7526 - lr: 1.0000e-04 - 249s/epoch - 62ms/step
Epoch 10/100
4003/4003 - 249s - loss: 0.7932 - categorical_accuracy: 0.7524 - val_loss: 0.7758 - val_categorical_accuracy: 0.7562 - lr: 1.0000e-04 - 249s/epoch - 62ms/step
Epoch 11/100
4003/4003 - 248s - loss: 0.7792 - categorical_accuracy: 0.7537 - val_loss: 0.7733 - val_categorical_accuracy: 0.7536 - lr: 1.0000e-04 - 248s/epoch - 62ms/step
Epoch 12/100
4003/4003 - 248s - loss: 0.7681 - categorical_accuracy: 0.7555 - val_loss: 0.7578 - val_categorical_accuracy: 0.7576 - lr: 1.0000e-04 - 248s/epoch - 62ms/step
Epoch 13/100
4003/4003 - 248s - loss: 0.7589 - categorical_accuracy: 0.7560 - val_loss: 0.7600 - val_categorical_accuracy: 0.7539 - lr: 1.0000e-04 - 248s/epoch - 62ms/step
Epoch 14/100
4003/4003 - 248s - loss: 0.7494 - categorical_accuracy: 0.7572 - val_loss: 0.7439 - val_categorical_accuracy: 0.7563 - lr: 1.0000e-04 - 248s/epoch - 62ms/step
Epoch 15/100
4003/4003 - 248s - loss: 0.7423 - categorical_accuracy: 0.7578 - val_loss: 0.7587 - val_categorical_accuracy: 0.7511 - lr: 1.0000e-04 - 248s/epoch - 62ms/step
Epoch 16/100
4003/4003 - 248s - loss: 0.7358 - categorical_accuracy: 0.7584 - val_loss: 0.7272 - val_categorical_accuracy: 0.7597 - lr: 1.0000e-04 - 248s/epoch - 62ms/step
Epoch 17/100
4003/4003 - 248s - loss: 0.7306 - categorical_accuracy: 0.7589 - val_loss: 0.7307 - val_categorical_accuracy: 0.7565 - lr: 1.0000e-04 - 248s/epoch - 62ms/step
Epoch 18/100
4003/4003 - 248s - loss: 0.7245 - categorical_accuracy: 0.7595 - val_loss: 0.7161 - val_categorical_accuracy: 0.7612 - lr: 1.0000e-04 - 248s/epoch - 62ms/step
Epoch 19/100
4003/4003 - 248s - loss: 0.7193 - categorical_accuracy: 0.7606 - val_loss: 0.7223 - val_categorical_accuracy: 0.7565 - lr: 1.0000e-04 - 248s/epoch - 62ms/step
Epoch 20/100
4003/4003 - 248s - loss: 0.7152 - categorical_accuracy: 0.7614 - val_loss: 0.7074 - val_categorical_accuracy: 0.7625 - lr: 1.0000e-04 - 248s/epoch - 62ms/step
Epoch 21/100
4003/4003 - 248s - loss: 0.7104 - categorical_accuracy: 0.7616 - val_loss: 0.7223 - val_categorical_accuracy: 0.7560 - lr: 1.0000e-04 - 248s/epoch - 62ms/step
Epoch 22/100
4003/4003 - 248s - loss: 0.7066 - categorical_accuracy: 0.7625 - val_loss: 0.6974 - val_categorical_accuracy: 0.7650 - lr: 1.0000e-04 - 248s/epoch - 62ms/step
Epoch 23/100
4003/4003 - 248s - loss: 0.7014 - categorical_accuracy: 0.7632 - val_loss: 0.7009 - val_categorical_accuracy: 0.7609 - lr: 1.0000e-04 - 248s/epoch - 62ms/step
Epoch 24/100
4003/4003 - 248s - loss: 0.6964 - categorical_accuracy: 0.7634 - val_loss: 0.6922 - val_categorical_accuracy: 0.7637 - lr: 1.0000e-04 - 248s/epoch - 62ms/step
Epoch 25/100
4003/4003 - 248s - loss: 0.6929 - categorical_accuracy: 0.7639 - val_loss: 0.6916 - val_categorical_accuracy: 0.7641 - lr: 1.0000e-04 - 248s/epoch - 62ms/step
Epoch 26/100
4003/4003 - 248s - loss: 0.6897 - categorical_accuracy: 0.7642 - val_loss: 0.6919 - val_categorical_accuracy: 0.7630 - lr: 1.0000e-04 - 248s/epoch - 62ms/step
Epoch 27/100
4003/4003 - 248s - loss: 0.6853 - categorical_accuracy: 0.7647 - val_loss: 0.6832 - val_categorical_accuracy: 0.7635 - lr: 1.0000e-04 - 248s/epoch - 62ms/step
Epoch 28/100
4003/4003 - 248s - loss: 0.6826 - categorical_accuracy: 0.7650 - val_loss: 0.7018 - val_categorical_accuracy: 0.7539 - lr: 1.0000e-04 - 248s/epoch - 62ms/step
Epoch 29/100
4003/4003 - 248s - loss: 0.6797 - categorical_accuracy: 0.7659 - val_loss: 0.6808 - val_categorical_accuracy: 0.7640 - lr: 1.0000e-04 - 248s/epoch - 62ms/step
Epoch 30/100
4003/4003 - 248s - loss: 0.6763 - categorical_accuracy: 0.7665 - val_loss: 0.6842 - val_categorical_accuracy: 0.7610 - lr: 1.0000e-04 - 248s/epoch - 62ms/step
Epoch 31/100
4003/4003 - 248s - loss: 0.6735 - categorical_accuracy: 0.7665 - val_loss: 0.6728 - val_categorical_accuracy: 0.7657 - lr: 1.0000e-04 - 248s/epoch - 62ms/step
Epoch 32/100
4003/4003 - 248s - loss: 0.6698 - categorical_accuracy: 0.7668 - val_loss: 0.6693 - val_categorical_accuracy: 0.7659 - lr: 1.0000e-04 - 248s/epoch - 62ms/step
Epoch 33/100
4003/4003 - 248s - loss: 0.6652 - categorical_accuracy: 0.7671 - val_loss: 0.6620 - val_categorical_accuracy: 0.7674 - lr: 1.0000e-04 - 248s/epoch - 62ms/step
Epoch 34/100
4003/4003 - 248s - loss: 0.6620 - categorical_accuracy: 0.7680 - val_loss: 0.6643 - val_categorical_accuracy: 0.7655 - lr: 1.0000e-04 - 248s/epoch - 62ms/step
Epoch 35/100
4003/4003 - 248s - loss: 0.6600 - categorical_accuracy: 0.7687 - val_loss: 0.6609 - val_categorical_accuracy: 0.7663 - lr: 1.0000e-04 - 248s/epoch - 62ms/step
Epoch 36/100
4003/4003 - 247s - loss: 0.6593 - categorical_accuracy: 0.7689 - val_loss: 0.6626 - val_categorical_accuracy: 0.7651 - lr: 1.0000e-04 - 247s/epoch - 62ms/step
Epoch 37/100
4003/4003 - 247s - loss: 0.6580 - categorical_accuracy: 0.7691 - val_loss: 0.6632 - val_categorical_accuracy: 0.7672 - lr: 1.0000e-04 - 247s/epoch - 62ms/step
Epoch 38/100
4003/4003 - 247s - loss: 0.6570 - categorical_accuracy: 0.7695 - val_loss: 0.6690 - val_categorical_accuracy: 0.7643 - lr: 1.0000e-04 - 247s/epoch - 62ms/step
Epoch 39/100
4003/4003 - 247s - loss: 0.6563 - categorical_accuracy: 0.7699 - val_loss: 0.6571 - val_categorical_accuracy: 0.7688 - lr: 1.0000e-04 - 247s/epoch - 62ms/step
Epoch 40/100
4003/4003 - 247s - loss: 0.6553 - categorical_accuracy: 0.7705 - val_loss: 0.6584 - val_categorical_accuracy: 0.7680 - lr: 1.0000e-04 - 247s/epoch - 62ms/step
Epoch 41/100
4003/4003 - 247s - loss: 0.6544 - categorical_accuracy: 0.7709 - val_loss: 0.6550 - val_categorical_accuracy: 0.7693 - lr: 1.0000e-04 - 247s/epoch - 62ms/step
Epoch 42/100
4003/4003 - 247s - loss: 0.6542 - categorical_accuracy: 0.7703 - val_loss: 0.6577 - val_categorical_accuracy: 0.7673 - lr: 1.0000e-04 - 247s/epoch - 62ms/step
Epoch 43/100
4003/4003 - 247s - loss: 0.6531 - categorical_accuracy: 0.7710 - val_loss: 0.6578 - val_categorical_accuracy: 0.7677 - lr: 1.0000e-04 - 247s/epoch - 62ms/step
Epoch 44/100
4003/4003 - 248s - loss: 0.6525 - categorical_accuracy: 0.7715 - val_loss: 0.6562 - val_categorical_accuracy: 0.7688 - lr: 1.0000e-04 - 248s/epoch - 62ms/step
Epoch 45/100
4003/4003 - 247s - loss: 0.6515 - categorical_accuracy: 0.7715 - val_loss: 0.6657 - val_categorical_accuracy: 0.7655 - lr: 1.0000e-04 - 247s/epoch - 62ms/step
Epoch 46/100
4003/4003 - 247s - loss: 0.6509 - categorical_accuracy: 0.7722 - val_loss: 0.6564 - val_categorical_accuracy: 0.7680 - lr: 1.0000e-04 - 247s/epoch - 62ms/step
Epoch 47/100
4003/4003 - 247s - loss: 0.6500 - categorical_accuracy: 0.7724 - val_loss: 0.6558 - val_categorical_accuracy: 0.7695 - lr: 1.0000e-04 - 247s/epoch - 62ms/step
Epoch 48/100
4003/4003 - 247s - loss: 0.6496 - categorical_accuracy: 0.7723 - val_loss: 0.6686 - val_categorical_accuracy: 0.7637 - lr: 1.0000e-04 - 247s/epoch - 62ms/step
Epoch 49/100
4003/4003 - 247s - loss: 0.6488 - categorical_accuracy: 0.7723 - val_loss: 0.6566 - val_categorical_accuracy: 0.7692 - lr: 1.0000e-04 - 247s/epoch - 62ms/step
Epoch 50/100
4003/4003 - 247s - loss: 0.6489 - categorical_accuracy: 0.7720 - val_loss: 0.6525 - val_categorical_accuracy: 0.7698 - lr: 1.0000e-04 - 247s/epoch - 62ms/step
Epoch 51/100
4003/4003 - 247s - loss: 0.6479 - categorical_accuracy: 0.7732 - val_loss: 0.6496 - val_categorical_accuracy: 0.7713 - lr: 1.0000e-04 - 247s/epoch - 62ms/step
Epoch 52/100
4003/4003 - 247s - loss: 0.6472 - categorical_accuracy: 0.7735 - val_loss: 0.6556 - val_categorical_accuracy: 0.7694 - lr: 1.0000e-04 - 247s/epoch - 62ms/step
Epoch 53/100
4003/4003 - 247s - loss: 0.6472 - categorical_accuracy: 0.7733 - val_loss: 0.6564 - val_categorical_accuracy: 0.7689 - lr: 1.0000e-04 - 247s/epoch - 62ms/step
Epoch 54/100
4003/4003 - 247s - loss: 0.6462 - categorical_accuracy: 0.7733 - val_loss: 0.6529 - val_categorical_accuracy: 0.7704 - lr: 1.0000e-04 - 247s/epoch - 62ms/step
Epoch 55/100
4003/4003 - 247s - loss: 0.6462 - categorical_accuracy: 0.7737 - val_loss: 0.6550 - val_categorical_accuracy: 0.7686 - lr: 1.0000e-04 - 247s/epoch - 62ms/step
Epoch 56/100
4003/4003 - 247s - loss: 0.6454 - categorical_accuracy: 0.7737 - val_loss: 0.6482 - val_categorical_accuracy: 0.7730 - lr: 1.0000e-04 - 247s/epoch - 62ms/step
Epoch 57/100
4003/4003 - 247s - loss: 0.6449 - categorical_accuracy: 0.7740 - val_loss: 0.6492 - val_categorical_accuracy: 0.7708 - lr: 1.0000e-04 - 247s/epoch - 62ms/step
Epoch 58/100
4003/4003 - 247s - loss: 0.6445 - categorical_accuracy: 0.7744 - val_loss: 0.6479 - val_categorical_accuracy: 0.7719 - lr: 1.0000e-04 - 247s/epoch - 62ms/step
Epoch 59/100
4003/4003 - 247s - loss: 0.6438 - categorical_accuracy: 0.7744 - val_loss: 0.6469 - val_categorical_accuracy: 0.7727 - lr: 1.0000e-04 - 247s/epoch - 62ms/step
Epoch 60/100
4003/4003 - 247s - loss: 0.6436 - categorical_accuracy: 0.7745 - val_loss: 0.6626 - val_categorical_accuracy: 0.7659 - lr: 1.0000e-04 - 247s/epoch - 62ms/step
Epoch 61/100
4003/4003 - 247s - loss: 0.6433 - categorical_accuracy: 0.7751 - val_loss: 0.6477 - val_categorical_accuracy: 0.7733 - lr: 1.0000e-04 - 247s/epoch - 62ms/step
Epoch 62/100
4003/4003 - 247s - loss: 0.6427 - categorical_accuracy: 0.7755 - val_loss: 0.6526 - val_categorical_accuracy: 0.7700 - lr: 1.0000e-04 - 247s/epoch - 62ms/step
Epoch 63/100
4003/4003 - 247s - loss: 0.6424 - categorical_accuracy: 0.7749 - val_loss: 0.6483 - val_categorical_accuracy: 0.7725 - lr: 1.0000e-04 - 247s/epoch - 62ms/step
Epoch 64/100
4003/4003 - 247s - loss: 0.6418 - categorical_accuracy: 0.7751 - val_loss: 0.6491 - val_categorical_accuracy: 0.7728 - lr: 1.0000e-04 - 247s/epoch - 62ms/step
Epoch 65/100
4003/4003 - 247s - loss: 0.6418 - categorical_accuracy: 0.7754 - val_loss: 0.6473 - val_categorical_accuracy: 0.7724 - lr: 1.0000e-04 - 247s/epoch - 62ms/step
Epoch 66/100
4003/4003 - 247s - loss: 0.6413 - categorical_accuracy: 0.7758 - val_loss: 0.6447 - val_categorical_accuracy: 0.7729 - lr: 1.0000e-04 - 247s/epoch - 62ms/step
Epoch 67/100
4003/4003 - 247s - loss: 0.6407 - categorical_accuracy: 0.7758 - val_loss: 0.6624 - val_categorical_accuracy: 0.7657 - lr: 1.0000e-04 - 247s/epoch - 62ms/step
Epoch 68/100
4003/4003 - 247s - loss: 0.6405 - categorical_accuracy: 0.7758 - val_loss: 0.6468 - val_categorical_accuracy: 0.7730 - lr: 1.0000e-04 - 247s/epoch - 62ms/step
Epoch 69/100
4003/4003 - 247s - loss: 0.6398 - categorical_accuracy: 0.7763 - val_loss: 0.6544 - val_categorical_accuracy: 0.7704 - lr: 1.0000e-04 - 247s/epoch - 62ms/step
Epoch 70/100
4003/4003 - 247s - loss: 0.6397 - categorical_accuracy: 0.7762 - val_loss: 0.6619 - val_categorical_accuracy: 0.7663 - lr: 1.0000e-04 - 247s/epoch - 62ms/step
Epoch 71/100
4003/4003 - 247s - loss: 0.6392 - categorical_accuracy: 0.7764 - val_loss: 0.6455 - val_categorical_accuracy: 0.7736 - lr: 1.0000e-04 - 247s/epoch - 62ms/step
Epoch 72/100
4003/4003 - 247s - loss: 0.6394 - categorical_accuracy: 0.7760 - val_loss: 0.6490 - val_categorical_accuracy: 0.7715 - lr: 1.0000e-04 - 247s/epoch - 62ms/step
Epoch 73/100
4003/4003 - 247s - loss: 0.6387 - categorical_accuracy: 0.7767 - val_loss: 0.6504 - val_categorical_accuracy: 0.7719 - lr: 1.0000e-04 - 247s/epoch - 62ms/step
Epoch 74/100
4003/4003 - 247s - loss: 0.6385 - categorical_accuracy: 0.7764 - val_loss: 0.6418 - val_categorical_accuracy: 0.7744 - lr: 1.0000e-04 - 247s/epoch - 62ms/step
Epoch 75/100
4003/4003 - 247s - loss: 0.6381 - categorical_accuracy: 0.7766 - val_loss: 0.6468 - val_categorical_accuracy: 0.7726 - lr: 1.0000e-04 - 247s/epoch - 62ms/step
Epoch 76/100
4003/4003 - 247s - loss: 0.6376 - categorical_accuracy: 0.7769 - val_loss: 0.6422 - val_categorical_accuracy: 0.7748 - lr: 1.0000e-04 - 247s/epoch - 62ms/step
Epoch 77/100
4003/4003 - 247s - loss: 0.6375 - categorical_accuracy: 0.7768 - val_loss: 0.6435 - val_categorical_accuracy: 0.7739 - lr: 1.0000e-04 - 247s/epoch - 62ms/step
Epoch 78/100
4003/4003 - 247s - loss: 0.6368 - categorical_accuracy: 0.7772 - val_loss: 0.6442 - val_categorical_accuracy: 0.7744 - lr: 1.0000e-04 - 247s/epoch - 62ms/step
Epoch 79/100
4003/4003 - 247s - loss: 0.6367 - categorical_accuracy: 0.7774 - val_loss: 0.6432 - val_categorical_accuracy: 0.7738 - lr: 1.0000e-04 - 247s/epoch - 62ms/step
Epoch 80/100
4003/4003 - 247s - loss: 0.6366 - categorical_accuracy: 0.7776 - val_loss: 0.6409 - val_categorical_accuracy: 0.7747 - lr: 1.0000e-04 - 247s/epoch - 62ms/step
Epoch 81/100
4003/4003 - 247s - loss: 0.6362 - categorical_accuracy: 0.7779 - val_loss: 0.6442 - val_categorical_accuracy: 0.7738 - lr: 1.0000e-04 - 247s/epoch - 62ms/step
Epoch 82/100
4003/4003 - 247s - loss: 0.6356 - categorical_accuracy: 0.7776 - val_loss: 0.6413 - val_categorical_accuracy: 0.7754 - lr: 1.0000e-04 - 247s/epoch - 62ms/step
Epoch 83/100
4003/4003 - 247s - loss: 0.6355 - categorical_accuracy: 0.7779 - val_loss: 0.6425 - val_categorical_accuracy: 0.7744 - lr: 1.0000e-04 - 247s/epoch - 62ms/step
Epoch 84/100
4003/4003 - 247s - loss: 0.6354 - categorical_accuracy: 0.7775 - val_loss: 0.6411 - val_categorical_accuracy: 0.7746 - lr: 1.0000e-04 - 247s/epoch - 62ms/step
Epoch 85/100
4003/4003 - 247s - loss: 0.6348 - categorical_accuracy: 0.7780 - val_loss: 0.6398 - val_categorical_accuracy: 0.7755 - lr: 1.0000e-04 - 247s/epoch - 62ms/step
Epoch 86/100
4003/4003 - 247s - loss: 0.6344 - categorical_accuracy: 0.7784 - val_loss: 0.6398 - val_categorical_accuracy: 0.7756 - lr: 1.0000e-04 - 247s/epoch - 62ms/step
Epoch 87/100
4003/4003 - 247s - loss: 0.6348 - categorical_accuracy: 0.7778 - val_loss: 0.6405 - val_categorical_accuracy: 0.7752 - lr: 1.0000e-04 - 247s/epoch - 62ms/step
Epoch 88/100
4003/4003 - 247s - loss: 0.6341 - categorical_accuracy: 0.7782 - val_loss: 0.6420 - val_categorical_accuracy: 0.7741 - lr: 1.0000e-04 - 247s/epoch - 62ms/step
Epoch 89/100
4003/4003 - 247s - loss: 0.6336 - categorical_accuracy: 0.7784 - val_loss: 0.6445 - val_categorical_accuracy: 0.7741 - lr: 1.0000e-04 - 247s/epoch - 62ms/step
Epoch 90/100
4003/4003 - 247s - loss: 0.6340 - categorical_accuracy: 0.7786 - val_loss: 0.6414 - val_categorical_accuracy: 0.7756 - lr: 1.0000e-04 - 247s/epoch - 62ms/step
Epoch 91/100
4003/4003 - 247s - loss: 0.6335 - categorical_accuracy: 0.7789 - val_loss: 0.6432 - val_categorical_accuracy: 0.7739 - lr: 1.0000e-04 - 247s/epoch - 62ms/step
Epoch 92/100
4003/4003 - 247s - loss: 0.6333 - categorical_accuracy: 0.7788 - val_loss: 0.6426 - val_categorical_accuracy: 0.7743 - lr: 1.0000e-04 - 247s/epoch - 62ms/step
Epoch 93/100
4003/4003 - 247s - loss: 0.6332 - categorical_accuracy: 0.7786 - val_loss: 0.6437 - val_categorical_accuracy: 0.7744 - lr: 1.0000e-04 - 247s/epoch - 62ms/step
Epoch 94/100
4003/4003 - 248s - loss: 0.6324 - categorical_accuracy: 0.7787 - val_loss: 0.6507 - val_categorical_accuracy: 0.7707 - lr: 1.0000e-04 - 248s/epoch - 62ms/step
Epoch 95/100
4003/4003 - 248s - loss: 0.6325 - categorical_accuracy: 0.7789 - val_loss: 0.6436 - val_categorical_accuracy: 0.7749 - lr: 1.0000e-04 - 248s/epoch - 62ms/step
Epoch 96/100
4003/4003 - 247s - loss: 0.6323 - categorical_accuracy: 0.7786 - val_loss: 0.6403 - val_categorical_accuracy: 0.7752 - lr: 1.0000e-04 - 247s/epoch - 62ms/step
[92m
Saved model to: [0m trained_intnets/big_jedinet_robust
Loss vs epochs plot saved to trained_intnets/big_jedinet_robust.
Accuracy vs epochs plot saved to trained_intnets/big_jedinet_robust.
[92m
Plots done! 📊[0m
