[96m
GPU: NVIDIA GeForce GTX 1080 Ti[0m
[92mSaved hyperparameters to json file.[0m
[95m
DATA DEETS[0m
[95m-----------[0m
data_folder: /work/deodagiu/ki_data/intnet_input
norm: minmax
train_events: -1
test_events: 0
pt_min: 2.0
nconstituents: 16
feature_selection: jedinet

----------------
[92mData loading complete:[0m
Training data size: 5.72e+05
Test data size: 0.00e+00
----------------

Shuffling constituents...
[92mShuffled the training data! 🃏
[0m
Instantiating model with the hyperparameters:
effects_nnodes: 75
dynamic_nnodes: 50
abstrac_nnodes: 50
effects_activ: relu
dynamic_activ: relu
abstrac_activ: relu
neffects: 35
ndynamics: 20
l2: 0.001
summation: True
[92mModel compiled and built![0m
Model: "dens_intnet"
_________________________________________________________________
 Layer (type)                Output Shape              Param #   
=================================================================
 relational_model (EffectsML  multiple                 16535     
 P)                                                              
                                                                 
 object_model (DynamicsMLP)  multiple                  6935      
                                                                 
 classifier_model (AbstractM  multiple                 4605      
 LP)                                                             
                                                                 
=================================================================
Total params: 28,075
Trainable params: 28,075
Non-trainable params: 0
_________________________________________________________________
[95m

TRAINING THE MODEL 💪[0m

Training parameters
-------------------
[92mOptimiser: 	[0m {'name': 'Adam', 'learning_rate': 0.001, 'decay': 0.0, 'beta_1': 0.9, 'beta_2': 0.999, 'epsilon': 1e-07, 'amsgrad': False}
[92mBatch size: 	[0m 100
[92mLearning rate: 	[0m 0.001
[92mTraining epochs:[0m 1000
[92mLoss: 		[0m <keras.losses.CategoricalCrossentropy object at 0x7f8d292caad0>

Model: "dens_intnet"
_________________________________________________________________
 Layer (type)                Output Shape              Param #   
=================================================================
 relational_model (EffectsML  multiple                 16535     
 P)                                                              
                                                                 
 object_model (DynamicsMLP)  multiple                  6935      
                                                                 
 classifier_model (AbstractM  multiple                 4605      
 LP)                                                             
                                                                 
=================================================================
Total params: 28,075
Trainable params: 28,075
Non-trainable params: 0
_________________________________________________________________
Epoch 1/1000
4003/4003 - 99s - loss: 1.0906 - categorical_accuracy: 0.6269 - val_loss: 0.9474 - val_categorical_accuracy: 0.6889 - lr: 0.0010 - 99s/epoch - 25ms/step
Epoch 2/1000
4003/4003 - 97s - loss: 0.9539 - categorical_accuracy: 0.6804 - val_loss: 0.9963 - val_categorical_accuracy: 0.6500 - lr: 0.0010 - 97s/epoch - 24ms/step
Epoch 3/1000
4003/4003 - 97s - loss: 0.9107 - categorical_accuracy: 0.6944 - val_loss: 0.8858 - val_categorical_accuracy: 0.7020 - lr: 0.0010 - 97s/epoch - 24ms/step
Epoch 4/1000
4003/4003 - 97s - loss: 0.8755 - categorical_accuracy: 0.7047 - val_loss: 0.8325 - val_categorical_accuracy: 0.7199 - lr: 0.0010 - 97s/epoch - 24ms/step
Epoch 5/1000
4003/4003 - 97s - loss: 0.8390 - categorical_accuracy: 0.7149 - val_loss: 0.8198 - val_categorical_accuracy: 0.7208 - lr: 0.0010 - 97s/epoch - 24ms/step
Epoch 6/1000
4003/4003 - 97s - loss: 0.8108 - categorical_accuracy: 0.7247 - val_loss: 0.7876 - val_categorical_accuracy: 0.7342 - lr: 0.0010 - 97s/epoch - 24ms/step
Epoch 7/1000
4003/4003 - 97s - loss: 0.7942 - categorical_accuracy: 0.7291 - val_loss: 0.8048 - val_categorical_accuracy: 0.7270 - lr: 0.0010 - 97s/epoch - 24ms/step
Epoch 8/1000
4003/4003 - 97s - loss: 0.7766 - categorical_accuracy: 0.7349 - val_loss: 0.7453 - val_categorical_accuracy: 0.7481 - lr: 0.0010 - 97s/epoch - 24ms/step
Epoch 9/1000
4003/4003 - 97s - loss: 0.7666 - categorical_accuracy: 0.7376 - val_loss: 1.0000 - val_categorical_accuracy: 0.6335 - lr: 0.0010 - 97s/epoch - 24ms/step
Epoch 10/1000
4003/4003 - 97s - loss: 0.7559 - categorical_accuracy: 0.7403 - val_loss: 0.7323 - val_categorical_accuracy: 0.7514 - lr: 0.0010 - 97s/epoch - 24ms/step
Epoch 11/1000
4003/4003 - 96s - loss: 0.7492 - categorical_accuracy: 0.7425 - val_loss: 0.7521 - val_categorical_accuracy: 0.7421 - lr: 0.0010 - 96s/epoch - 24ms/step
Epoch 12/1000
4003/4003 - 97s - loss: 0.7424 - categorical_accuracy: 0.7447 - val_loss: 0.7335 - val_categorical_accuracy: 0.7482 - lr: 0.0010 - 97s/epoch - 24ms/step
Epoch 13/1000
4003/4003 - 97s - loss: 0.7395 - categorical_accuracy: 0.7453 - val_loss: 0.7193 - val_categorical_accuracy: 0.7549 - lr: 0.0010 - 97s/epoch - 24ms/step
Epoch 14/1000
4003/4003 - 96s - loss: 0.7313 - categorical_accuracy: 0.7475 - val_loss: 0.7444 - val_categorical_accuracy: 0.7375 - lr: 0.0010 - 96s/epoch - 24ms/step
Epoch 15/1000
4003/4003 - 96s - loss: 0.7289 - categorical_accuracy: 0.7486 - val_loss: 0.7204 - val_categorical_accuracy: 0.7519 - lr: 0.0010 - 96s/epoch - 24ms/step
Epoch 16/1000
4003/4003 - 97s - loss: 0.7247 - categorical_accuracy: 0.7487 - val_loss: 0.7110 - val_categorical_accuracy: 0.7545 - lr: 0.0010 - 97s/epoch - 24ms/step
Epoch 17/1000
4003/4003 - 97s - loss: 0.7199 - categorical_accuracy: 0.7502 - val_loss: 0.6944 - val_categorical_accuracy: 0.7599 - lr: 0.0010 - 97s/epoch - 24ms/step
Epoch 18/1000
4003/4003 - 97s - loss: 0.7148 - categorical_accuracy: 0.7517 - val_loss: 0.7185 - val_categorical_accuracy: 0.7485 - lr: 0.0010 - 97s/epoch - 24ms/step
Epoch 19/1000
4003/4003 - 98s - loss: 0.7121 - categorical_accuracy: 0.7524 - val_loss: 0.7337 - val_categorical_accuracy: 0.7417 - lr: 0.0010 - 98s/epoch - 25ms/step
Epoch 20/1000
4003/4003 - 97s - loss: 0.7094 - categorical_accuracy: 0.7533 - val_loss: 0.7025 - val_categorical_accuracy: 0.7546 - lr: 0.0010 - 97s/epoch - 24ms/step
Epoch 21/1000
4003/4003 - 97s - loss: 0.7068 - categorical_accuracy: 0.7536 - val_loss: 0.6951 - val_categorical_accuracy: 0.7584 - lr: 0.0010 - 97s/epoch - 24ms/step
Epoch 22/1000
4003/4003 - 98s - loss: 0.7043 - categorical_accuracy: 0.7542 - val_loss: 0.6883 - val_categorical_accuracy: 0.7619 - lr: 0.0010 - 98s/epoch - 24ms/step
Epoch 23/1000
4003/4003 - 97s - loss: 0.7013 - categorical_accuracy: 0.7556 - val_loss: 0.7056 - val_categorical_accuracy: 0.7535 - lr: 0.0010 - 97s/epoch - 24ms/step
Epoch 24/1000
4003/4003 - 97s - loss: 0.6967 - categorical_accuracy: 0.7571 - val_loss: 0.7056 - val_categorical_accuracy: 0.7517 - lr: 0.0010 - 97s/epoch - 24ms/step
Epoch 25/1000
4003/4003 - 97s - loss: 0.6930 - categorical_accuracy: 0.7574 - val_loss: 0.6864 - val_categorical_accuracy: 0.7587 - lr: 0.0010 - 97s/epoch - 24ms/step
Epoch 26/1000
4003/4003 - 97s - loss: 0.6904 - categorical_accuracy: 0.7586 - val_loss: 0.6802 - val_categorical_accuracy: 0.7617 - lr: 0.0010 - 97s/epoch - 24ms/step
Epoch 27/1000
4003/4003 - 97s - loss: 0.6870 - categorical_accuracy: 0.7585 - val_loss: 0.6891 - val_categorical_accuracy: 0.7566 - lr: 0.0010 - 97s/epoch - 24ms/step
Epoch 28/1000
4003/4003 - 96s - loss: 0.6846 - categorical_accuracy: 0.7596 - val_loss: 0.6814 - val_categorical_accuracy: 0.7582 - lr: 0.0010 - 96s/epoch - 24ms/step
Epoch 29/1000
4003/4003 - 97s - loss: 0.6833 - categorical_accuracy: 0.7595 - val_loss: 0.6754 - val_categorical_accuracy: 0.7626 - lr: 0.0010 - 97s/epoch - 24ms/step
Epoch 30/1000
4003/4003 - 97s - loss: 0.6812 - categorical_accuracy: 0.7601 - val_loss: 0.6906 - val_categorical_accuracy: 0.7547 - lr: 0.0010 - 97s/epoch - 24ms/step
Epoch 31/1000
4003/4003 - 97s - loss: 0.6795 - categorical_accuracy: 0.7605 - val_loss: 0.6836 - val_categorical_accuracy: 0.7572 - lr: 0.0010 - 97s/epoch - 24ms/step
Epoch 32/1000
4003/4003 - 97s - loss: 0.6763 - categorical_accuracy: 0.7616 - val_loss: 0.6792 - val_categorical_accuracy: 0.7612 - lr: 0.0010 - 97s/epoch - 24ms/step
Epoch 33/1000
4003/4003 - 97s - loss: 0.6764 - categorical_accuracy: 0.7618 - val_loss: 0.6677 - val_categorical_accuracy: 0.7628 - lr: 0.0010 - 97s/epoch - 24ms/step
Epoch 34/1000
4003/4003 - 97s - loss: 0.6748 - categorical_accuracy: 0.7618 - val_loss: 0.6621 - val_categorical_accuracy: 0.7651 - lr: 0.0010 - 97s/epoch - 24ms/step
Epoch 35/1000
4003/4003 - 97s - loss: 0.6725 - categorical_accuracy: 0.7628 - val_loss: 0.6638 - val_categorical_accuracy: 0.7653 - lr: 0.0010 - 97s/epoch - 24ms/step
Epoch 36/1000
4003/4003 - 97s - loss: 0.6714 - categorical_accuracy: 0.7639 - val_loss: 0.6609 - val_categorical_accuracy: 0.7667 - lr: 0.0010 - 97s/epoch - 24ms/step
Epoch 37/1000
4003/4003 - 97s - loss: 0.6701 - categorical_accuracy: 0.7641 - val_loss: 0.6789 - val_categorical_accuracy: 0.7599 - lr: 0.0010 - 97s/epoch - 24ms/step
Epoch 38/1000
4003/4003 - 97s - loss: 0.6697 - categorical_accuracy: 0.7647 - val_loss: 0.6857 - val_categorical_accuracy: 0.7577 - lr: 0.0010 - 97s/epoch - 24ms/step
Epoch 39/1000
4003/4003 - 97s - loss: 0.6685 - categorical_accuracy: 0.7646 - val_loss: 0.6706 - val_categorical_accuracy: 0.7636 - lr: 0.0010 - 97s/epoch - 24ms/step
Epoch 40/1000
4003/4003 - 97s - loss: 0.6673 - categorical_accuracy: 0.7651 - val_loss: 0.6569 - val_categorical_accuracy: 0.7684 - lr: 0.0010 - 97s/epoch - 24ms/step
Epoch 41/1000
4003/4003 - 97s - loss: 0.6671 - categorical_accuracy: 0.7657 - val_loss: 0.6593 - val_categorical_accuracy: 0.7682 - lr: 0.0010 - 97s/epoch - 24ms/step
Epoch 42/1000
4003/4003 - 97s - loss: 0.6650 - categorical_accuracy: 0.7663 - val_loss: 0.6565 - val_categorical_accuracy: 0.7684 - lr: 0.0010 - 97s/epoch - 24ms/step
Epoch 43/1000
4003/4003 - 97s - loss: 0.6643 - categorical_accuracy: 0.7662 - val_loss: 0.6807 - val_categorical_accuracy: 0.7586 - lr: 0.0010 - 97s/epoch - 24ms/step
Epoch 44/1000
4003/4003 - 98s - loss: 0.6642 - categorical_accuracy: 0.7667 - val_loss: 0.6645 - val_categorical_accuracy: 0.7655 - lr: 0.0010 - 98s/epoch - 24ms/step
Epoch 45/1000
4003/4003 - 97s - loss: 0.6621 - categorical_accuracy: 0.7673 - val_loss: 0.6854 - val_categorical_accuracy: 0.7589 - lr: 0.0010 - 97s/epoch - 24ms/step
Epoch 46/1000
4003/4003 - 97s - loss: 0.6610 - categorical_accuracy: 0.7677 - val_loss: 0.6609 - val_categorical_accuracy: 0.7666 - lr: 0.0010 - 97s/epoch - 24ms/step
Epoch 47/1000
4003/4003 - 98s - loss: 0.6607 - categorical_accuracy: 0.7679 - val_loss: 0.6600 - val_categorical_accuracy: 0.7674 - lr: 0.0010 - 98s/epoch - 24ms/step
Epoch 48/1000
4003/4003 - 97s - loss: 0.6587 - categorical_accuracy: 0.7687 - val_loss: 0.6833 - val_categorical_accuracy: 0.7587 - lr: 0.0010 - 97s/epoch - 24ms/step
Epoch 49/1000
4003/4003 - 97s - loss: 0.6584 - categorical_accuracy: 0.7687 - val_loss: 0.6516 - val_categorical_accuracy: 0.7715 - lr: 0.0010 - 97s/epoch - 24ms/step
Epoch 50/1000
4003/4003 - 98s - loss: 0.6585 - categorical_accuracy: 0.7690 - val_loss: 0.6549 - val_categorical_accuracy: 0.7694 - lr: 0.0010 - 98s/epoch - 24ms/step
Epoch 51/1000
4003/4003 - 97s - loss: 0.6568 - categorical_accuracy: 0.7697 - val_loss: 0.6518 - val_categorical_accuracy: 0.7719 - lr: 0.0010 - 97s/epoch - 24ms/step
Epoch 52/1000
4003/4003 - 97s - loss: 0.6569 - categorical_accuracy: 0.7696 - val_loss: 0.6593 - val_categorical_accuracy: 0.7683 - lr: 0.0010 - 97s/epoch - 24ms/step
Epoch 53/1000
4003/4003 - 98s - loss: 0.6566 - categorical_accuracy: 0.7699 - val_loss: 0.6697 - val_categorical_accuracy: 0.7633 - lr: 0.0010 - 98s/epoch - 24ms/step
Epoch 54/1000
4003/4003 - 97s - loss: 0.6549 - categorical_accuracy: 0.7706 - val_loss: 0.6542 - val_categorical_accuracy: 0.7706 - lr: 0.0010 - 97s/epoch - 24ms/step
Epoch 55/1000
4003/4003 - 98s - loss: 0.6548 - categorical_accuracy: 0.7698 - val_loss: 0.6571 - val_categorical_accuracy: 0.7692 - lr: 0.0010 - 98s/epoch - 24ms/step
Epoch 56/1000
4003/4003 - 98s - loss: 0.6541 - categorical_accuracy: 0.7706 - val_loss: 0.6593 - val_categorical_accuracy: 0.7689 - lr: 0.0010 - 98s/epoch - 25ms/step
Epoch 57/1000
4003/4003 - 97s - loss: 0.6542 - categorical_accuracy: 0.7704 - val_loss: 0.6494 - val_categorical_accuracy: 0.7725 - lr: 0.0010 - 97s/epoch - 24ms/step
Epoch 58/1000
4003/4003 - 97s - loss: 0.6535 - categorical_accuracy: 0.7710 - val_loss: 0.6646 - val_categorical_accuracy: 0.7659 - lr: 0.0010 - 97s/epoch - 24ms/step
Epoch 59/1000
4003/4003 - 98s - loss: 0.6529 - categorical_accuracy: 0.7712 - val_loss: 0.6450 - val_categorical_accuracy: 0.7734 - lr: 0.0010 - 98s/epoch - 24ms/step
Epoch 60/1000
4003/4003 - 97s - loss: 0.6531 - categorical_accuracy: 0.7710 - val_loss: 0.6566 - val_categorical_accuracy: 0.7692 - lr: 0.0010 - 97s/epoch - 24ms/step
Epoch 61/1000
4003/4003 - 97s - loss: 0.6525 - categorical_accuracy: 0.7711 - val_loss: 0.6552 - val_categorical_accuracy: 0.7707 - lr: 0.0010 - 97s/epoch - 24ms/step
Epoch 62/1000
4003/4003 - 97s - loss: 0.6526 - categorical_accuracy: 0.7715 - val_loss: 0.6502 - val_categorical_accuracy: 0.7724 - lr: 0.0010 - 97s/epoch - 24ms/step
Epoch 63/1000
4003/4003 - 97s - loss: 0.6525 - categorical_accuracy: 0.7714 - val_loss: 0.6629 - val_categorical_accuracy: 0.7649 - lr: 0.0010 - 97s/epoch - 24ms/step
Epoch 64/1000
4003/4003 - 97s - loss: 0.6504 - categorical_accuracy: 0.7716 - val_loss: 0.6554 - val_categorical_accuracy: 0.7698 - lr: 0.0010 - 97s/epoch - 24ms/step
Epoch 65/1000
4003/4003 - 97s - loss: 0.6513 - categorical_accuracy: 0.7717 - val_loss: 0.6539 - val_categorical_accuracy: 0.7699 - lr: 0.0010 - 97s/epoch - 24ms/step
Epoch 66/1000
4003/4003 - 98s - loss: 0.6515 - categorical_accuracy: 0.7717 - val_loss: 0.6698 - val_categorical_accuracy: 0.7619 - lr: 0.0010 - 98s/epoch - 24ms/step
Epoch 67/1000
4003/4003 - 97s - loss: 0.6500 - categorical_accuracy: 0.7727 - val_loss: 0.6635 - val_categorical_accuracy: 0.7665 - lr: 0.0010 - 97s/epoch - 24ms/step
Epoch 68/1000
4003/4003 - 97s - loss: 0.6496 - categorical_accuracy: 0.7723 - val_loss: 0.6683 - val_categorical_accuracy: 0.7643 - lr: 0.0010 - 97s/epoch - 24ms/step
Epoch 69/1000
4003/4003 - 97s - loss: 0.6483 - categorical_accuracy: 0.7730 - val_loss: 0.6594 - val_categorical_accuracy: 0.7662 - lr: 0.0010 - 97s/epoch - 24ms/step
Epoch 70/1000
4003/4003 - 97s - loss: 0.6484 - categorical_accuracy: 0.7724 - val_loss: 0.6428 - val_categorical_accuracy: 0.7747 - lr: 0.0010 - 97s/epoch - 24ms/step
Epoch 71/1000
4003/4003 - 97s - loss: 0.6482 - categorical_accuracy: 0.7726 - val_loss: 0.6561 - val_categorical_accuracy: 0.7699 - lr: 0.0010 - 97s/epoch - 24ms/step
Epoch 72/1000
4003/4003 - 97s - loss: 0.6482 - categorical_accuracy: 0.7727 - val_loss: 0.6529 - val_categorical_accuracy: 0.7696 - lr: 0.0010 - 97s/epoch - 24ms/step
Epoch 73/1000
4003/4003 - 98s - loss: 0.6475 - categorical_accuracy: 0.7729 - val_loss: 0.6611 - val_categorical_accuracy: 0.7688 - lr: 0.0010 - 98s/epoch - 24ms/step
Epoch 74/1000
4003/4003 - 97s - loss: 0.6475 - categorical_accuracy: 0.7731 - val_loss: 0.6476 - val_categorical_accuracy: 0.7729 - lr: 0.0010 - 97s/epoch - 24ms/step
Epoch 75/1000
4003/4003 - 98s - loss: 0.6469 - categorical_accuracy: 0.7733 - val_loss: 0.6473 - val_categorical_accuracy: 0.7726 - lr: 0.0010 - 98s/epoch - 24ms/step
Epoch 76/1000
4003/4003 - 97s - loss: 0.6462 - categorical_accuracy: 0.7735 - val_loss: 0.6467 - val_categorical_accuracy: 0.7738 - lr: 0.0010 - 97s/epoch - 24ms/step
Epoch 77/1000
4003/4003 - 97s - loss: 0.6466 - categorical_accuracy: 0.7737 - val_loss: 0.6480 - val_categorical_accuracy: 0.7723 - lr: 0.0010 - 97s/epoch - 24ms/step
Epoch 78/1000
4003/4003 - 98s - loss: 0.6460 - categorical_accuracy: 0.7735 - val_loss: 0.6660 - val_categorical_accuracy: 0.7658 - lr: 0.0010 - 98s/epoch - 24ms/step
Epoch 79/1000
4003/4003 - 97s - loss: 0.6457 - categorical_accuracy: 0.7739 - val_loss: 0.6563 - val_categorical_accuracy: 0.7695 - lr: 0.0010 - 97s/epoch - 24ms/step
Epoch 80/1000
4003/4003 - 97s - loss: 0.6466 - categorical_accuracy: 0.7735 - val_loss: 0.6471 - val_categorical_accuracy: 0.7724 - lr: 0.0010 - 97s/epoch - 24ms/step
Epoch 81/1000
4003/4003 - 98s - loss: 0.6451 - categorical_accuracy: 0.7740 - val_loss: 0.6670 - val_categorical_accuracy: 0.7654 - lr: 0.0010 - 98s/epoch - 24ms/step
Epoch 82/1000
4003/4003 - 98s - loss: 0.6446 - categorical_accuracy: 0.7738 - val_loss: 0.6426 - val_categorical_accuracy: 0.7749 - lr: 0.0010 - 98s/epoch - 24ms/step
Epoch 83/1000
4003/4003 - 98s - loss: 0.6442 - categorical_accuracy: 0.7744 - val_loss: 0.6500 - val_categorical_accuracy: 0.7719 - lr: 0.0010 - 98s/epoch - 24ms/step
Epoch 84/1000
4003/4003 - 97s - loss: 0.6439 - categorical_accuracy: 0.7745 - val_loss: 0.6540 - val_categorical_accuracy: 0.7692 - lr: 0.0010 - 97s/epoch - 24ms/step
Epoch 85/1000
4003/4003 - 97s - loss: 0.6438 - categorical_accuracy: 0.7743 - val_loss: 0.6401 - val_categorical_accuracy: 0.7753 - lr: 0.0010 - 97s/epoch - 24ms/step
Epoch 86/1000
4003/4003 - 97s - loss: 0.6440 - categorical_accuracy: 0.7745 - val_loss: 0.6620 - val_categorical_accuracy: 0.7672 - lr: 0.0010 - 97s/epoch - 24ms/step
Epoch 87/1000
4003/4003 - 97s - loss: 0.6436 - categorical_accuracy: 0.7741 - val_loss: 0.6414 - val_categorical_accuracy: 0.7748 - lr: 0.0010 - 97s/epoch - 24ms/step
Epoch 88/1000
4003/4003 - 97s - loss: 0.6437 - categorical_accuracy: 0.7742 - val_loss: 0.6516 - val_categorical_accuracy: 0.7707 - lr: 0.0010 - 97s/epoch - 24ms/step
Epoch 89/1000
4003/4003 - 97s - loss: 0.6434 - categorical_accuracy: 0.7749 - val_loss: 0.6520 - val_categorical_accuracy: 0.7712 - lr: 0.0010 - 97s/epoch - 24ms/step
Epoch 90/1000
4003/4003 - 97s - loss: 0.6435 - categorical_accuracy: 0.7745 - val_loss: 0.6546 - val_categorical_accuracy: 0.7705 - lr: 0.0010 - 97s/epoch - 24ms/step
Epoch 91/1000
4003/4003 - 97s - loss: 0.6426 - categorical_accuracy: 0.7750 - val_loss: 0.6631 - val_categorical_accuracy: 0.7670 - lr: 0.0010 - 97s/epoch - 24ms/step
Epoch 92/1000
4003/4003 - 97s - loss: 0.6431 - categorical_accuracy: 0.7746 - val_loss: 0.6435 - val_categorical_accuracy: 0.7749 - lr: 0.0010 - 97s/epoch - 24ms/step
Epoch 93/1000
4003/4003 - 100s - loss: 0.6422 - categorical_accuracy: 0.7750 - val_loss: 0.6438 - val_categorical_accuracy: 0.7743 - lr: 0.0010 - 100s/epoch - 25ms/step
Epoch 94/1000
4003/4003 - 97s - loss: 0.6420 - categorical_accuracy: 0.7752 - val_loss: 0.6457 - val_categorical_accuracy: 0.7736 - lr: 0.0010 - 97s/epoch - 24ms/step
Epoch 95/1000
4003/4003 - 97s - loss: 0.6414 - categorical_accuracy: 0.7755 - val_loss: 0.6538 - val_categorical_accuracy: 0.7707 - lr: 0.0010 - 97s/epoch - 24ms/step
Epoch 96/1000
4003/4003 - 98s - loss: 0.6416 - categorical_accuracy: 0.7754 - val_loss: 0.6636 - val_categorical_accuracy: 0.7654 - lr: 0.0010 - 98s/epoch - 24ms/step
Epoch 97/1000
4003/4003 - 97s - loss: 0.6412 - categorical_accuracy: 0.7757 - val_loss: 0.6527 - val_categorical_accuracy: 0.7712 - lr: 0.0010 - 97s/epoch - 24ms/step
Epoch 98/1000
4003/4003 - 98s - loss: 0.6412 - categorical_accuracy: 0.7757 - val_loss: 0.6497 - val_categorical_accuracy: 0.7704 - lr: 0.0010 - 98s/epoch - 24ms/step
Epoch 99/1000
4003/4003 - 98s - loss: 0.6402 - categorical_accuracy: 0.7757 - val_loss: 0.6465 - val_categorical_accuracy: 0.7731 - lr: 0.0010 - 98s/epoch - 24ms/step
Epoch 100/1000
4003/4003 - 98s - loss: 0.6405 - categorical_accuracy: 0.7758 - val_loss: 0.6486 - val_categorical_accuracy: 0.7722 - lr: 0.0010 - 98s/epoch - 24ms/step
Epoch 101/1000
4003/4003 - 98s - loss: 0.6358 - categorical_accuracy: 0.7775 - val_loss: 0.6346 - val_categorical_accuracy: 0.7768 - lr: 8.0000e-04 - 98s/epoch - 24ms/step
Epoch 102/1000
4003/4003 - 97s - loss: 0.6358 - categorical_accuracy: 0.7772 - val_loss: 0.6471 - val_categorical_accuracy: 0.7737 - lr: 8.0000e-04 - 97s/epoch - 24ms/step
Epoch 103/1000
4003/4003 - 97s - loss: 0.6353 - categorical_accuracy: 0.7777 - val_loss: 0.6440 - val_categorical_accuracy: 0.7733 - lr: 8.0000e-04 - 97s/epoch - 24ms/step
Epoch 104/1000
4003/4003 - 97s - loss: 0.6353 - categorical_accuracy: 0.7777 - val_loss: 0.6535 - val_categorical_accuracy: 0.7705 - lr: 8.0000e-04 - 97s/epoch - 24ms/step
Epoch 105/1000
4003/4003 - 97s - loss: 0.6351 - categorical_accuracy: 0.7779 - val_loss: 0.6456 - val_categorical_accuracy: 0.7726 - lr: 8.0000e-04 - 97s/epoch - 24ms/step
Epoch 106/1000
4003/4003 - 97s - loss: 0.6341 - categorical_accuracy: 0.7779 - val_loss: 0.6365 - val_categorical_accuracy: 0.7777 - lr: 8.0000e-04 - 97s/epoch - 24ms/step
Epoch 107/1000
4003/4003 - 98s - loss: 0.6339 - categorical_accuracy: 0.7780 - val_loss: 0.6690 - val_categorical_accuracy: 0.7663 - lr: 8.0000e-04 - 98s/epoch - 24ms/step
Epoch 108/1000
4003/4003 - 97s - loss: 0.6332 - categorical_accuracy: 0.7782 - val_loss: 0.6393 - val_categorical_accuracy: 0.7754 - lr: 8.0000e-04 - 97s/epoch - 24ms/step
Epoch 109/1000
4003/4003 - 98s - loss: 0.6338 - categorical_accuracy: 0.7781 - val_loss: 0.6623 - val_categorical_accuracy: 0.7646 - lr: 8.0000e-04 - 98s/epoch - 24ms/step
Epoch 110/1000
4003/4003 - 97s - loss: 0.6340 - categorical_accuracy: 0.7780 - val_loss: 0.6371 - val_categorical_accuracy: 0.7769 - lr: 8.0000e-04 - 97s/epoch - 24ms/step
Epoch 111/1000
4003/4003 - 98s - loss: 0.6329 - categorical_accuracy: 0.7788 - val_loss: 0.6417 - val_categorical_accuracy: 0.7759 - lr: 8.0000e-04 - 98s/epoch - 24ms/step
Epoch 112/1000
4003/4003 - 97s - loss: 0.6335 - categorical_accuracy: 0.7787 - val_loss: 0.6374 - val_categorical_accuracy: 0.7760 - lr: 8.0000e-04 - 97s/epoch - 24ms/step
Epoch 113/1000
4003/4003 - 97s - loss: 0.6335 - categorical_accuracy: 0.7780 - val_loss: 0.6359 - val_categorical_accuracy: 0.7765 - lr: 8.0000e-04 - 97s/epoch - 24ms/step
Epoch 114/1000
4003/4003 - 97s - loss: 0.6338 - categorical_accuracy: 0.7779 - val_loss: 0.6492 - val_categorical_accuracy: 0.7701 - lr: 8.0000e-04 - 97s/epoch - 24ms/step
Epoch 115/1000
4003/4003 - 97s - loss: 0.6333 - categorical_accuracy: 0.7787 - val_loss: 0.6652 - val_categorical_accuracy: 0.7658 - lr: 8.0000e-04 - 97s/epoch - 24ms/step
Epoch 116/1000
4003/4003 - 98s - loss: 0.6320 - categorical_accuracy: 0.7786 - val_loss: 0.6384 - val_categorical_accuracy: 0.7763 - lr: 8.0000e-04 - 98s/epoch - 24ms/step
Epoch 117/1000
4003/4003 - 97s - loss: 0.6320 - categorical_accuracy: 0.7788 - val_loss: 0.6468 - val_categorical_accuracy: 0.7733 - lr: 8.0000e-04 - 97s/epoch - 24ms/step
Epoch 118/1000
4003/4003 - 97s - loss: 0.6326 - categorical_accuracy: 0.7789 - val_loss: 0.6376 - val_categorical_accuracy: 0.7768 - lr: 8.0000e-04 - 97s/epoch - 24ms/step
Epoch 119/1000
4003/4003 - 97s - loss: 0.6330 - categorical_accuracy: 0.7786 - val_loss: 0.6405 - val_categorical_accuracy: 0.7760 - lr: 8.0000e-04 - 97s/epoch - 24ms/step
Epoch 120/1000
4003/4003 - 97s - loss: 0.6324 - categorical_accuracy: 0.7789 - val_loss: 0.6511 - val_categorical_accuracy: 0.7711 - lr: 8.0000e-04 - 97s/epoch - 24ms/step
Epoch 121/1000
4003/4003 - 97s - loss: 0.6327 - categorical_accuracy: 0.7785 - val_loss: 0.6393 - val_categorical_accuracy: 0.7770 - lr: 8.0000e-04 - 97s/epoch - 24ms/step
Epoch 122/1000
4003/4003 - 97s - loss: 0.6282 - categorical_accuracy: 0.7799 - val_loss: 0.6478 - val_categorical_accuracy: 0.7727 - lr: 6.4000e-04 - 97s/epoch - 24ms/step
Epoch 123/1000
4003/4003 - 97s - loss: 0.6271 - categorical_accuracy: 0.7808 - val_loss: 0.6382 - val_categorical_accuracy: 0.7763 - lr: 6.4000e-04 - 97s/epoch - 24ms/step
Epoch 124/1000
4003/4003 - 97s - loss: 0.6274 - categorical_accuracy: 0.7807 - val_loss: 0.6398 - val_categorical_accuracy: 0.7751 - lr: 6.4000e-04 - 97s/epoch - 24ms/step
Epoch 125/1000
4003/4003 - 97s - loss: 0.6278 - categorical_accuracy: 0.7800 - val_loss: 0.6444 - val_categorical_accuracy: 0.7749 - lr: 6.4000e-04 - 97s/epoch - 24ms/step
Epoch 126/1000
4003/4003 - 97s - loss: 0.6272 - categorical_accuracy: 0.7808 - val_loss: 0.6402 - val_categorical_accuracy: 0.7759 - lr: 6.4000e-04 - 97s/epoch - 24ms/step
Epoch 127/1000
4003/4003 - 97s - loss: 0.6269 - categorical_accuracy: 0.7806 - val_loss: 0.6414 - val_categorical_accuracy: 0.7749 - lr: 6.4000e-04 - 97s/epoch - 24ms/step
Epoch 128/1000
4003/4003 - 98s - loss: 0.6264 - categorical_accuracy: 0.7808 - val_loss: 0.6363 - val_categorical_accuracy: 0.7778 - lr: 6.4000e-04 - 98s/epoch - 24ms/step
Epoch 129/1000
4003/4003 - 97s - loss: 0.6271 - categorical_accuracy: 0.7804 - val_loss: 0.6364 - val_categorical_accuracy: 0.7774 - lr: 6.4000e-04 - 97s/epoch - 24ms/step
Epoch 130/1000
4003/4003 - 97s - loss: 0.6266 - categorical_accuracy: 0.7811 - val_loss: 0.6368 - val_categorical_accuracy: 0.7774 - lr: 6.4000e-04 - 97s/epoch - 24ms/step
Epoch 131/1000
4003/4003 - 97s - loss: 0.6266 - categorical_accuracy: 0.7809 - val_loss: 0.6356 - val_categorical_accuracy: 0.7779 - lr: 6.4000e-04 - 97s/epoch - 24ms/step
Epoch 132/1000
4003/4003 - 97s - loss: 0.6261 - categorical_accuracy: 0.7811 - val_loss: 0.6429 - val_categorical_accuracy: 0.7746 - lr: 6.4000e-04 - 97s/epoch - 24ms/step
Epoch 133/1000
4003/4003 - 98s - loss: 0.6264 - categorical_accuracy: 0.7810 - val_loss: 0.6411 - val_categorical_accuracy: 0.7742 - lr: 6.4000e-04 - 98s/epoch - 24ms/step
Epoch 134/1000
4003/4003 - 97s - loss: 0.6261 - categorical_accuracy: 0.7809 - val_loss: 0.6373 - val_categorical_accuracy: 0.7765 - lr: 6.4000e-04 - 97s/epoch - 24ms/step
Epoch 135/1000
4003/4003 - 97s - loss: 0.6265 - categorical_accuracy: 0.7808 - val_loss: 0.6441 - val_categorical_accuracy: 0.7737 - lr: 6.4000e-04 - 97s/epoch - 24ms/step
Epoch 136/1000
4003/4003 - 98s - loss: 0.6263 - categorical_accuracy: 0.7810 - val_loss: 0.6331 - val_categorical_accuracy: 0.7779 - lr: 6.4000e-04 - 98s/epoch - 24ms/step
Epoch 137/1000
4003/4003 - 97s - loss: 0.6262 - categorical_accuracy: 0.7807 - val_loss: 0.6332 - val_categorical_accuracy: 0.7780 - lr: 6.4000e-04 - 97s/epoch - 24ms/step
Epoch 138/1000
4003/4003 - 97s - loss: 0.6253 - categorical_accuracy: 0.7812 - val_loss: 0.6379 - val_categorical_accuracy: 0.7767 - lr: 6.4000e-04 - 97s/epoch - 24ms/step
Epoch 139/1000
4003/4003 - 97s - loss: 0.6257 - categorical_accuracy: 0.7815 - val_loss: 0.6397 - val_categorical_accuracy: 0.7760 - lr: 6.4000e-04 - 97s/epoch - 24ms/step
Epoch 140/1000
4003/4003 - 98s - loss: 0.6255 - categorical_accuracy: 0.7813 - val_loss: 0.6305 - val_categorical_accuracy: 0.7785 - lr: 6.4000e-04 - 98s/epoch - 24ms/step
Epoch 141/1000
4003/4003 - 97s - loss: 0.6255 - categorical_accuracy: 0.7809 - val_loss: 0.6413 - val_categorical_accuracy: 0.7760 - lr: 6.4000e-04 - 97s/epoch - 24ms/step
Epoch 142/1000
4003/4003 - 97s - loss: 0.6253 - categorical_accuracy: 0.7812 - val_loss: 0.6293 - val_categorical_accuracy: 0.7794 - lr: 6.4000e-04 - 97s/epoch - 24ms/step
Epoch 143/1000
4003/4003 - 98s - loss: 0.6256 - categorical_accuracy: 0.7814 - val_loss: 0.6327 - val_categorical_accuracy: 0.7776 - lr: 6.4000e-04 - 98s/epoch - 24ms/step
Epoch 144/1000
4003/4003 - 97s - loss: 0.6253 - categorical_accuracy: 0.7812 - val_loss: 0.6342 - val_categorical_accuracy: 0.7776 - lr: 6.4000e-04 - 97s/epoch - 24ms/step
Epoch 145/1000
4003/4003 - 98s - loss: 0.6253 - categorical_accuracy: 0.7810 - val_loss: 0.6423 - val_categorical_accuracy: 0.7760 - lr: 6.4000e-04 - 98s/epoch - 24ms/step
Epoch 146/1000
4003/4003 - 98s - loss: 0.6257 - categorical_accuracy: 0.7811 - val_loss: 0.6357 - val_categorical_accuracy: 0.7767 - lr: 6.4000e-04 - 98s/epoch - 24ms/step
Epoch 147/1000
4003/4003 - 98s - loss: 0.6260 - categorical_accuracy: 0.7811 - val_loss: 0.6336 - val_categorical_accuracy: 0.7771 - lr: 6.4000e-04 - 98s/epoch - 24ms/step
Epoch 148/1000
4003/4003 - 97s - loss: 0.6246 - categorical_accuracy: 0.7815 - val_loss: 0.6321 - val_categorical_accuracy: 0.7782 - lr: 6.4000e-04 - 97s/epoch - 24ms/step
Epoch 149/1000
4003/4003 - 98s - loss: 0.6253 - categorical_accuracy: 0.7812 - val_loss: 0.6351 - val_categorical_accuracy: 0.7771 - lr: 6.4000e-04 - 98s/epoch - 24ms/step
Epoch 150/1000
4003/4003 - 97s - loss: 0.6246 - categorical_accuracy: 0.7814 - val_loss: 0.6318 - val_categorical_accuracy: 0.7792 - lr: 6.4000e-04 - 97s/epoch - 24ms/step
Epoch 151/1000
4003/4003 - 97s - loss: 0.6247 - categorical_accuracy: 0.7810 - val_loss: 0.6394 - val_categorical_accuracy: 0.7753 - lr: 6.4000e-04 - 97s/epoch - 24ms/step
Epoch 152/1000
4003/4003 - 98s - loss: 0.6244 - categorical_accuracy: 0.7816 - val_loss: 0.6421 - val_categorical_accuracy: 0.7730 - lr: 6.4000e-04 - 98s/epoch - 24ms/step
Epoch 153/1000
4003/4003 - 98s - loss: 0.6245 - categorical_accuracy: 0.7815 - val_loss: 0.6320 - val_categorical_accuracy: 0.7787 - lr: 6.4000e-04 - 98s/epoch - 24ms/step
Epoch 154/1000
4003/4003 - 97s - loss: 0.6243 - categorical_accuracy: 0.7817 - val_loss: 0.6346 - val_categorical_accuracy: 0.7776 - lr: 6.4000e-04 - 97s/epoch - 24ms/step
Epoch 155/1000
4003/4003 - 97s - loss: 0.6246 - categorical_accuracy: 0.7814 - val_loss: 0.6344 - val_categorical_accuracy: 0.7772 - lr: 6.4000e-04 - 97s/epoch - 24ms/step
Epoch 156/1000
4003/4003 - 97s - loss: 0.6244 - categorical_accuracy: 0.7819 - val_loss: 0.6331 - val_categorical_accuracy: 0.7784 - lr: 6.4000e-04 - 97s/epoch - 24ms/step
Epoch 157/1000
4003/4003 - 97s - loss: 0.6241 - categorical_accuracy: 0.7818 - val_loss: 0.6478 - val_categorical_accuracy: 0.7718 - lr: 6.4000e-04 - 97s/epoch - 24ms/step
Epoch 158/1000
4003/4003 - 98s - loss: 0.6206 - categorical_accuracy: 0.7829 - val_loss: 0.6279 - val_categorical_accuracy: 0.7802 - lr: 5.1200e-04 - 98s/epoch - 24ms/step
Epoch 159/1000
4003/4003 - 97s - loss: 0.6205 - categorical_accuracy: 0.7829 - val_loss: 0.6310 - val_categorical_accuracy: 0.7792 - lr: 5.1200e-04 - 97s/epoch - 24ms/step
Epoch 160/1000
4003/4003 - 97s - loss: 0.6202 - categorical_accuracy: 0.7833 - val_loss: 0.6316 - val_categorical_accuracy: 0.7785 - lr: 5.1200e-04 - 97s/epoch - 24ms/step
Epoch 161/1000
4003/4003 - 97s - loss: 0.6204 - categorical_accuracy: 0.7831 - val_loss: 0.6349 - val_categorical_accuracy: 0.7776 - lr: 5.1200e-04 - 97s/epoch - 24ms/step
Epoch 162/1000
4003/4003 - 97s - loss: 0.6205 - categorical_accuracy: 0.7831 - val_loss: 0.6343 - val_categorical_accuracy: 0.7779 - lr: 5.1200e-04 - 97s/epoch - 24ms/step
Epoch 163/1000
4003/4003 - 97s - loss: 0.6205 - categorical_accuracy: 0.7829 - val_loss: 0.6351 - val_categorical_accuracy: 0.7772 - lr: 5.1200e-04 - 97s/epoch - 24ms/step
Epoch 164/1000
4003/4003 - 98s - loss: 0.6196 - categorical_accuracy: 0.7833 - val_loss: 0.6318 - val_categorical_accuracy: 0.7793 - lr: 5.1200e-04 - 98s/epoch - 24ms/step
Epoch 165/1000
4003/4003 - 97s - loss: 0.6205 - categorical_accuracy: 0.7830 - val_loss: 0.6343 - val_categorical_accuracy: 0.7783 - lr: 5.1200e-04 - 97s/epoch - 24ms/step
Epoch 166/1000
4003/4003 - 97s - loss: 0.6200 - categorical_accuracy: 0.7830 - val_loss: 0.6328 - val_categorical_accuracy: 0.7788 - lr: 5.1200e-04 - 97s/epoch - 24ms/step
Epoch 167/1000
4003/4003 - 97s - loss: 0.6200 - categorical_accuracy: 0.7831 - val_loss: 0.6335 - val_categorical_accuracy: 0.7785 - lr: 5.1200e-04 - 97s/epoch - 24ms/step
Epoch 168/1000
4003/4003 - 97s - loss: 0.6197 - categorical_accuracy: 0.7827 - val_loss: 0.6381 - val_categorical_accuracy: 0.7767 - lr: 5.1200e-04 - 97s/epoch - 24ms/step
Epoch 169/1000
4003/4003 - 97s - loss: 0.6196 - categorical_accuracy: 0.7836 - val_loss: 0.6373 - val_categorical_accuracy: 0.7766 - lr: 5.1200e-04 - 97s/epoch - 24ms/step
Epoch 170/1000
4003/4003 - 98s - loss: 0.6202 - categorical_accuracy: 0.7826 - val_loss: 0.6306 - val_categorical_accuracy: 0.7782 - lr: 5.1200e-04 - 98s/epoch - 24ms/step
Epoch 171/1000
4003/4003 - 97s - loss: 0.6197 - categorical_accuracy: 0.7828 - val_loss: 0.6304 - val_categorical_accuracy: 0.7794 - lr: 5.1200e-04 - 97s/epoch - 24ms/step
Epoch 172/1000
4003/4003 - 97s - loss: 0.6197 - categorical_accuracy: 0.7834 - val_loss: 0.6363 - val_categorical_accuracy: 0.7767 - lr: 5.1200e-04 - 97s/epoch - 24ms/step
Epoch 173/1000
4003/4003 - 98s - loss: 0.6201 - categorical_accuracy: 0.7828 - val_loss: 0.6345 - val_categorical_accuracy: 0.7772 - lr: 5.1200e-04 - 98s/epoch - 24ms/step
Epoch 174/1000
4003/4003 - 97s - loss: 0.6166 - categorical_accuracy: 0.7842 - val_loss: 0.6364 - val_categorical_accuracy: 0.7777 - lr: 4.0960e-04 - 97s/epoch - 24ms/step
Epoch 175/1000
4003/4003 - 97s - loss: 0.6163 - categorical_accuracy: 0.7845 - val_loss: 0.6372 - val_categorical_accuracy: 0.7771 - lr: 4.0960e-04 - 97s/epoch - 24ms/step
Epoch 176/1000
4003/4003 - 97s - loss: 0.6163 - categorical_accuracy: 0.7846 - val_loss: 0.6283 - val_categorical_accuracy: 0.7800 - lr: 4.0960e-04 - 97s/epoch - 24ms/step
Epoch 177/1000
4003/4003 - 97s - loss: 0.6162 - categorical_accuracy: 0.7841 - val_loss: 0.6407 - val_categorical_accuracy: 0.7739 - lr: 4.0960e-04 - 97s/epoch - 24ms/step
Epoch 178/1000
4003/4003 - 97s - loss: 0.6165 - categorical_accuracy: 0.7845 - val_loss: 0.6411 - val_categorical_accuracy: 0.7746 - lr: 4.0960e-04 - 97s/epoch - 24ms/step
Epoch 179/1000
4003/4003 - 97s - loss: 0.6160 - categorical_accuracy: 0.7844 - val_loss: 0.6378 - val_categorical_accuracy: 0.7765 - lr: 4.0960e-04 - 97s/epoch - 24ms/step
Epoch 180/1000
4003/4003 - 98s - loss: 0.6161 - categorical_accuracy: 0.7847 - val_loss: 0.6363 - val_categorical_accuracy: 0.7765 - lr: 4.0960e-04 - 98s/epoch - 24ms/step
Epoch 181/1000
4003/4003 - 97s - loss: 0.6162 - categorical_accuracy: 0.7844 - val_loss: 0.6315 - val_categorical_accuracy: 0.7793 - lr: 4.0960e-04 - 97s/epoch - 24ms/step
Epoch 182/1000
4003/4003 - 97s - loss: 0.6160 - categorical_accuracy: 0.7847 - val_loss: 0.6330 - val_categorical_accuracy: 0.7777 - lr: 4.0960e-04 - 97s/epoch - 24ms/step
Epoch 183/1000
4003/4003 - 97s - loss: 0.6160 - categorical_accuracy: 0.7847 - val_loss: 0.6320 - val_categorical_accuracy: 0.7789 - lr: 4.0960e-04 - 97s/epoch - 24ms/step
[92m
Saved model to: [0m trained_intnets/intnet_16const_minmax
Loss vs epochs plot saved to trained_intnets/intnet_16const_minmax.
Accuracy vs epochs plot saved to trained_intnets/intnet_16const_minmax.
[92m
Plots done! [0m
