[96m
GPU: NVIDIA GeForce GTX 1080 Ti[0m
[95m
DATA DETAILS[0m
[95m-----------[0m
data_folder: /work/deodagiu/ki_data/intnet_input
norm: nonorm
train_events: -1
test_events: 0
pt_min: 2.0
nconstituents: 16
feature_selection: jedinet

----------------
[92mData loading complete:[0m
Training data size: 5.72e+05
Test data size: 0.00e+00
----------------

Shuffling constituents...
[92mShuffled the training data! 🃏
[0m
Instantiating model with the hyperparameters:
effects_nnodes: 50
dynamic_nnodes: 50
abstrac_nnodes: 50
effects_activ: relu
dynamic_activ: relu
abstrac_activ: selu
neffects: 14
ndynamics: 12
l2: 0.01
summation: True
[92mModel compiled and built![0m
[95m

TRAINING THE MODEL 💪[0m

Training parameters
-------------------
[92mOptimiser: 	[0m {'name': 'Adam', 'learning_rate': 0.0001, 'decay': 0.0, 'beta_1': 0.9, 'beta_2': 0.999, 'epsilon': 1e-07, 'amsgrad': False}
[92mBatch size: 	[0m 100
[92mLearning rate: 	[0m 0.0001
[92mTraining epochs:[0m 100
[92mLoss: 		[0m categorical_crossentropy

Epoch 1/100
4003/4003 - 37s - loss: 4.8158 - categorical_accuracy: 0.2660 - val_loss: 1.5311 - val_categorical_accuracy: 0.3071 - lr: 1.0000e-04 - 37s/epoch - 9ms/step
Epoch 2/100
4003/4003 - 34s - loss: 1.5010 - categorical_accuracy: 0.3243 - val_loss: 1.4741 - val_categorical_accuracy: 0.3344 - lr: 1.0000e-04 - 34s/epoch - 9ms/step
Epoch 3/100
4003/4003 - 35s - loss: 1.4408 - categorical_accuracy: 0.3714 - val_loss: 1.3957 - val_categorical_accuracy: 0.3976 - lr: 1.0000e-04 - 35s/epoch - 9ms/step
Epoch 4/100
4003/4003 - 35s - loss: 1.3516 - categorical_accuracy: 0.4258 - val_loss: 1.3183 - val_categorical_accuracy: 0.4347 - lr: 1.0000e-04 - 35s/epoch - 9ms/step
Epoch 5/100
4003/4003 - 35s - loss: 1.2584 - categorical_accuracy: 0.4755 - val_loss: 1.2173 - val_categorical_accuracy: 0.4891 - lr: 1.0000e-04 - 35s/epoch - 9ms/step
Epoch 6/100
4003/4003 - 35s - loss: 1.2034 - categorical_accuracy: 0.5041 - val_loss: 1.1767 - val_categorical_accuracy: 0.5083 - lr: 1.0000e-04 - 35s/epoch - 9ms/step
Epoch 7/100
4003/4003 - 35s - loss: 1.1694 - categorical_accuracy: 0.5232 - val_loss: 1.1515 - val_categorical_accuracy: 0.5318 - lr: 1.0000e-04 - 35s/epoch - 9ms/step
Epoch 8/100
4003/4003 - 35s - loss: 1.1428 - categorical_accuracy: 0.5367 - val_loss: 1.1164 - val_categorical_accuracy: 0.5482 - lr: 1.0000e-04 - 35s/epoch - 9ms/step
Epoch 9/100
4003/4003 - 35s - loss: 1.1234 - categorical_accuracy: 0.5465 - val_loss: 1.1080 - val_categorical_accuracy: 0.5553 - lr: 1.0000e-04 - 35s/epoch - 9ms/step
Epoch 10/100
4003/4003 - 35s - loss: 1.1088 - categorical_accuracy: 0.5542 - val_loss: 1.1048 - val_categorical_accuracy: 0.5578 - lr: 1.0000e-04 - 35s/epoch - 9ms/step
Epoch 11/100
4003/4003 - 35s - loss: 1.0962 - categorical_accuracy: 0.5601 - val_loss: 1.0806 - val_categorical_accuracy: 0.5689 - lr: 1.0000e-04 - 35s/epoch - 9ms/step
Epoch 12/100
4003/4003 - 35s - loss: 1.0837 - categorical_accuracy: 0.5665 - val_loss: 1.1097 - val_categorical_accuracy: 0.5453 - lr: 1.0000e-04 - 35s/epoch - 9ms/step
Epoch 13/100
4003/4003 - 35s - loss: 1.0741 - categorical_accuracy: 0.5710 - val_loss: 1.0676 - val_categorical_accuracy: 0.5727 - lr: 1.0000e-04 - 35s/epoch - 9ms/step
Epoch 14/100
4003/4003 - 35s - loss: 1.0637 - categorical_accuracy: 0.5759 - val_loss: 1.0462 - val_categorical_accuracy: 0.5821 - lr: 1.0000e-04 - 35s/epoch - 9ms/step
Epoch 15/100
4003/4003 - 35s - loss: 1.0573 - categorical_accuracy: 0.5796 - val_loss: 1.0683 - val_categorical_accuracy: 0.5720 - lr: 1.0000e-04 - 35s/epoch - 9ms/step
Epoch 16/100
4003/4003 - 35s - loss: 1.0499 - categorical_accuracy: 0.5822 - val_loss: 1.0410 - val_categorical_accuracy: 0.5847 - lr: 1.0000e-04 - 35s/epoch - 9ms/step
Epoch 17/100
4003/4003 - 35s - loss: 1.0436 - categorical_accuracy: 0.5852 - val_loss: 1.0305 - val_categorical_accuracy: 0.5907 - lr: 1.0000e-04 - 35s/epoch - 9ms/step
Epoch 18/100
4003/4003 - 35s - loss: 1.0385 - categorical_accuracy: 0.5875 - val_loss: 1.0256 - val_categorical_accuracy: 0.5959 - lr: 1.0000e-04 - 35s/epoch - 9ms/step
Epoch 19/100
4003/4003 - 35s - loss: 1.0348 - categorical_accuracy: 0.5890 - val_loss: 1.0433 - val_categorical_accuracy: 0.5832 - lr: 1.0000e-04 - 35s/epoch - 9ms/step
Epoch 20/100
4003/4003 - 35s - loss: 1.0290 - categorical_accuracy: 0.5929 - val_loss: 1.0084 - val_categorical_accuracy: 0.6023 - lr: 1.0000e-04 - 35s/epoch - 9ms/step
Epoch 21/100
4003/4003 - 36s - loss: 1.0269 - categorical_accuracy: 0.5928 - val_loss: 1.0379 - val_categorical_accuracy: 0.5855 - lr: 1.0000e-04 - 36s/epoch - 9ms/step
Epoch 22/100
4003/4003 - 35s - loss: 1.0209 - categorical_accuracy: 0.5964 - val_loss: 1.0047 - val_categorical_accuracy: 0.6066 - lr: 1.0000e-04 - 35s/epoch - 9ms/step
Epoch 23/100
4003/4003 - 35s - loss: 1.0172 - categorical_accuracy: 0.5981 - val_loss: 1.0108 - val_categorical_accuracy: 0.6008 - lr: 1.0000e-04 - 35s/epoch - 9ms/step
Epoch 24/100
4003/4003 - 35s - loss: 1.0123 - categorical_accuracy: 0.6007 - val_loss: 1.0183 - val_categorical_accuracy: 0.5917 - lr: 1.0000e-04 - 35s/epoch - 9ms/step
Epoch 25/100
4003/4003 - 35s - loss: 1.0080 - categorical_accuracy: 0.6031 - val_loss: 0.9968 - val_categorical_accuracy: 0.6100 - lr: 1.0000e-04 - 35s/epoch - 9ms/step
Epoch 26/100
4003/4003 - 35s - loss: 1.0054 - categorical_accuracy: 0.6039 - val_loss: 1.0160 - val_categorical_accuracy: 0.5931 - lr: 1.0000e-04 - 35s/epoch - 9ms/step
Epoch 27/100
4003/4003 - 38s - loss: 1.0001 - categorical_accuracy: 0.6065 - val_loss: 0.9904 - val_categorical_accuracy: 0.6153 - lr: 1.0000e-04 - 38s/epoch - 9ms/step
Epoch 28/100
4003/4003 - 35s - loss: 0.9967 - categorical_accuracy: 0.6082 - val_loss: 1.0044 - val_categorical_accuracy: 0.6043 - lr: 1.0000e-04 - 35s/epoch - 9ms/step
Epoch 29/100
4003/4003 - 35s - loss: 0.9936 - categorical_accuracy: 0.6101 - val_loss: 0.9836 - val_categorical_accuracy: 0.6159 - lr: 1.0000e-04 - 35s/epoch - 9ms/step
Epoch 30/100
4003/4003 - 35s - loss: 0.9899 - categorical_accuracy: 0.6120 - val_loss: 1.0199 - val_categorical_accuracy: 0.5902 - lr: 1.0000e-04 - 35s/epoch - 9ms/step
Epoch 31/100
4003/4003 - 35s - loss: 0.9866 - categorical_accuracy: 0.6136 - val_loss: 0.9788 - val_categorical_accuracy: 0.6164 - lr: 1.0000e-04 - 35s/epoch - 9ms/step
Epoch 32/100
4003/4003 - 35s - loss: 0.9824 - categorical_accuracy: 0.6161 - val_loss: 0.9660 - val_categorical_accuracy: 0.6251 - lr: 1.0000e-04 - 35s/epoch - 9ms/step
Epoch 33/100
4003/4003 - 35s - loss: 0.9800 - categorical_accuracy: 0.6176 - val_loss: 0.9669 - val_categorical_accuracy: 0.6249 - lr: 1.0000e-04 - 35s/epoch - 9ms/step
Epoch 34/100
4003/4003 - 35s - loss: 0.9765 - categorical_accuracy: 0.6198 - val_loss: 0.9637 - val_categorical_accuracy: 0.6283 - lr: 1.0000e-04 - 35s/epoch - 9ms/step
Epoch 35/100
4003/4003 - 35s - loss: 0.9744 - categorical_accuracy: 0.6206 - val_loss: 0.9634 - val_categorical_accuracy: 0.6261 - lr: 1.0000e-04 - 35s/epoch - 9ms/step
Epoch 36/100
4003/4003 - 35s - loss: 0.9704 - categorical_accuracy: 0.6225 - val_loss: 0.9671 - val_categorical_accuracy: 0.6242 - lr: 1.0000e-04 - 35s/epoch - 9ms/step
Epoch 37/100
4003/4003 - 35s - loss: 0.9676 - categorical_accuracy: 0.6248 - val_loss: 0.9709 - val_categorical_accuracy: 0.6226 - lr: 1.0000e-04 - 35s/epoch - 9ms/step
Epoch 38/100
4003/4003 - 35s - loss: 0.9644 - categorical_accuracy: 0.6264 - val_loss: 0.9642 - val_categorical_accuracy: 0.6252 - lr: 1.0000e-04 - 35s/epoch - 9ms/step
Epoch 39/100
4003/4003 - 35s - loss: 0.9596 - categorical_accuracy: 0.6286 - val_loss: 0.9802 - val_categorical_accuracy: 0.6127 - lr: 1.0000e-04 - 35s/epoch - 9ms/step
Epoch 40/100
4003/4003 - 35s - loss: 0.9581 - categorical_accuracy: 0.6302 - val_loss: 0.9458 - val_categorical_accuracy: 0.6374 - lr: 1.0000e-04 - 35s/epoch - 9ms/step
Epoch 41/100
4003/4003 - 35s - loss: 0.9566 - categorical_accuracy: 0.6309 - val_loss: 0.9569 - val_categorical_accuracy: 0.6334 - lr: 1.0000e-04 - 35s/epoch - 9ms/step
Epoch 42/100
4003/4003 - 35s - loss: 0.9522 - categorical_accuracy: 0.6329 - val_loss: 0.9639 - val_categorical_accuracy: 0.6270 - lr: 1.0000e-04 - 35s/epoch - 9ms/step
Epoch 43/100
4003/4003 - 35s - loss: 0.9509 - categorical_accuracy: 0.6335 - val_loss: 0.9426 - val_categorical_accuracy: 0.6395 - lr: 1.0000e-04 - 35s/epoch - 9ms/step
Epoch 44/100
4003/4003 - 35s - loss: 0.9484 - categorical_accuracy: 0.6352 - val_loss: 0.9428 - val_categorical_accuracy: 0.6390 - lr: 1.0000e-04 - 35s/epoch - 9ms/step
Epoch 45/100
4003/4003 - 35s - loss: 0.9472 - categorical_accuracy: 0.6355 - val_loss: 0.9395 - val_categorical_accuracy: 0.6400 - lr: 1.0000e-04 - 35s/epoch - 9ms/step
Epoch 46/100
4003/4003 - 35s - loss: 0.9443 - categorical_accuracy: 0.6376 - val_loss: 0.9794 - val_categorical_accuracy: 0.6097 - lr: 1.0000e-04 - 35s/epoch - 9ms/step
Epoch 47/100
4003/4003 - 36s - loss: 0.9404 - categorical_accuracy: 0.6401 - val_loss: 0.9395 - val_categorical_accuracy: 0.6383 - lr: 1.0000e-04 - 36s/epoch - 9ms/step
Epoch 48/100
4003/4003 - 35s - loss: 0.9404 - categorical_accuracy: 0.6393 - val_loss: 0.9525 - val_categorical_accuracy: 0.6316 - lr: 1.0000e-04 - 35s/epoch - 9ms/step
Epoch 49/100
4003/4003 - 35s - loss: 0.9372 - categorical_accuracy: 0.6417 - val_loss: 0.9211 - val_categorical_accuracy: 0.6519 - lr: 1.0000e-04 - 35s/epoch - 9ms/step
Epoch 50/100
4003/4003 - 35s - loss: 0.9354 - categorical_accuracy: 0.6426 - val_loss: 0.9523 - val_categorical_accuracy: 0.6349 - lr: 1.0000e-04 - 35s/epoch - 9ms/step
Epoch 51/100
4003/4003 - 35s - loss: 0.9316 - categorical_accuracy: 0.6450 - val_loss: 0.9240 - val_categorical_accuracy: 0.6488 - lr: 1.0000e-04 - 35s/epoch - 9ms/step
Epoch 52/100
4003/4003 - 35s - loss: 0.9302 - categorical_accuracy: 0.6456 - val_loss: 0.9183 - val_categorical_accuracy: 0.6510 - lr: 1.0000e-04 - 35s/epoch - 9ms/step
Epoch 53/100
4003/4003 - 35s - loss: 0.9284 - categorical_accuracy: 0.6468 - val_loss: 0.9599 - val_categorical_accuracy: 0.6220 - lr: 1.0000e-04 - 35s/epoch - 9ms/step
Epoch 54/100
4003/4003 - 35s - loss: 0.9257 - categorical_accuracy: 0.6481 - val_loss: 0.9368 - val_categorical_accuracy: 0.6399 - lr: 1.0000e-04 - 35s/epoch - 9ms/step
Epoch 55/100
4003/4003 - 37s - loss: 0.9250 - categorical_accuracy: 0.6475 - val_loss: 0.9417 - val_categorical_accuracy: 0.6375 - lr: 1.0000e-04 - 37s/epoch - 9ms/step
Epoch 56/100
4003/4003 - 35s - loss: 0.9220 - categorical_accuracy: 0.6500 - val_loss: 0.9318 - val_categorical_accuracy: 0.6416 - lr: 1.0000e-04 - 35s/epoch - 9ms/step
Epoch 57/100
4003/4003 - 35s - loss: 0.9207 - categorical_accuracy: 0.6508 - val_loss: 0.9044 - val_categorical_accuracy: 0.6611 - lr: 1.0000e-04 - 35s/epoch - 9ms/step
Epoch 58/100
4003/4003 - 35s - loss: 0.9188 - categorical_accuracy: 0.6516 - val_loss: 0.9119 - val_categorical_accuracy: 0.6549 - lr: 1.0000e-04 - 35s/epoch - 9ms/step
Epoch 59/100
4003/4003 - 35s - loss: 0.9166 - categorical_accuracy: 0.6527 - val_loss: 0.9052 - val_categorical_accuracy: 0.6588 - lr: 1.0000e-04 - 35s/epoch - 9ms/step
Epoch 60/100
4003/4003 - 35s - loss: 0.9148 - categorical_accuracy: 0.6533 - val_loss: 0.9003 - val_categorical_accuracy: 0.6619 - lr: 1.0000e-04 - 35s/epoch - 9ms/step
Epoch 61/100
4003/4003 - 35s - loss: 0.9124 - categorical_accuracy: 0.6552 - val_loss: 0.9127 - val_categorical_accuracy: 0.6533 - lr: 1.0000e-04 - 35s/epoch - 9ms/step
Epoch 62/100
4003/4003 - 35s - loss: 0.9107 - categorical_accuracy: 0.6558 - val_loss: 0.9037 - val_categorical_accuracy: 0.6593 - lr: 1.0000e-04 - 35s/epoch - 9ms/step
Epoch 63/100
4003/4003 - 35s - loss: 0.9107 - categorical_accuracy: 0.6556 - val_loss: 0.8996 - val_categorical_accuracy: 0.6623 - lr: 1.0000e-04 - 35s/epoch - 9ms/step
Epoch 64/100
4003/4003 - 36s - loss: 0.9079 - categorical_accuracy: 0.6573 - val_loss: 0.9193 - val_categorical_accuracy: 0.6498 - lr: 1.0000e-04 - 36s/epoch - 9ms/step
Epoch 65/100
4003/4003 - 35s - loss: 0.9074 - categorical_accuracy: 0.6572 - val_loss: 0.9354 - val_categorical_accuracy: 0.6387 - lr: 1.0000e-04 - 35s/epoch - 9ms/step
Epoch 66/100
4003/4003 - 35s - loss: 0.9061 - categorical_accuracy: 0.6579 - val_loss: 0.9208 - val_categorical_accuracy: 0.6469 - lr: 1.0000e-04 - 35s/epoch - 9ms/step
Epoch 67/100
4003/4003 - 35s - loss: 0.9034 - categorical_accuracy: 0.6587 - val_loss: 0.8928 - val_categorical_accuracy: 0.6654 - lr: 1.0000e-04 - 35s/epoch - 9ms/step
Epoch 68/100
4003/4003 - 35s - loss: 0.9017 - categorical_accuracy: 0.6596 - val_loss: 0.9006 - val_categorical_accuracy: 0.6600 - lr: 1.0000e-04 - 35s/epoch - 9ms/step
Epoch 69/100
4003/4003 - 35s - loss: 0.9018 - categorical_accuracy: 0.6594 - val_loss: 0.8961 - val_categorical_accuracy: 0.6605 - lr: 1.0000e-04 - 35s/epoch - 9ms/step
Epoch 70/100
4003/4003 - 35s - loss: 0.9000 - categorical_accuracy: 0.6607 - val_loss: 0.9265 - val_categorical_accuracy: 0.6403 - lr: 1.0000e-04 - 35s/epoch - 9ms/step
Epoch 71/100
4003/4003 - 35s - loss: 0.8973 - categorical_accuracy: 0.6624 - val_loss: 0.8956 - val_categorical_accuracy: 0.6632 - lr: 1.0000e-04 - 35s/epoch - 9ms/step
Epoch 72/100
4003/4003 - 35s - loss: 0.8976 - categorical_accuracy: 0.6617 - val_loss: 0.8887 - val_categorical_accuracy: 0.6689 - lr: 1.0000e-04 - 35s/epoch - 9ms/step
Epoch 73/100
4003/4003 - 35s - loss: 0.8953 - categorical_accuracy: 0.6627 - val_loss: 0.8815 - val_categorical_accuracy: 0.6703 - lr: 1.0000e-04 - 35s/epoch - 9ms/step
Epoch 74/100
4003/4003 - 35s - loss: 0.8949 - categorical_accuracy: 0.6634 - val_loss: 0.9135 - val_categorical_accuracy: 0.6532 - lr: 1.0000e-04 - 35s/epoch - 9ms/step
Epoch 75/100
4003/4003 - 35s - loss: 0.8943 - categorical_accuracy: 0.6636 - val_loss: 0.9274 - val_categorical_accuracy: 0.6420 - lr: 1.0000e-04 - 35s/epoch - 9ms/step
Epoch 76/100
4003/4003 - 34s - loss: 0.8930 - categorical_accuracy: 0.6639 - val_loss: 0.8934 - val_categorical_accuracy: 0.6664 - lr: 1.0000e-04 - 34s/epoch - 9ms/step
Epoch 77/100
4003/4003 - 34s - loss: 0.8919 - categorical_accuracy: 0.6646 - val_loss: 0.8885 - val_categorical_accuracy: 0.6664 - lr: 1.0000e-04 - 34s/epoch - 9ms/step
Epoch 78/100
4003/4003 - 34s - loss: 0.8890 - categorical_accuracy: 0.6664 - val_loss: 0.9047 - val_categorical_accuracy: 0.6553 - lr: 1.0000e-04 - 34s/epoch - 9ms/step
Epoch 79/100
4003/4003 - 34s - loss: 0.8886 - categorical_accuracy: 0.6662 - val_loss: 0.8946 - val_categorical_accuracy: 0.6604 - lr: 1.0000e-04 - 34s/epoch - 9ms/step
Epoch 80/100
4003/4003 - 34s - loss: 0.8884 - categorical_accuracy: 0.6665 - val_loss: 0.8900 - val_categorical_accuracy: 0.6669 - lr: 1.0000e-04 - 34s/epoch - 9ms/step
Epoch 81/100
4003/4003 - 35s - loss: 0.8881 - categorical_accuracy: 0.6663 - val_loss: 0.8847 - val_categorical_accuracy: 0.6684 - lr: 1.0000e-04 - 35s/epoch - 9ms/step
Epoch 82/100
4003/4003 - 34s - loss: 0.8864 - categorical_accuracy: 0.6672 - val_loss: 0.8811 - val_categorical_accuracy: 0.6718 - lr: 1.0000e-04 - 34s/epoch - 9ms/step
Epoch 83/100
4003/4003 - 34s - loss: 0.8842 - categorical_accuracy: 0.6689 - val_loss: 0.8910 - val_categorical_accuracy: 0.6639 - lr: 1.0000e-04 - 34s/epoch - 8ms/step
Epoch 84/100
4003/4003 - 34s - loss: 0.8836 - categorical_accuracy: 0.6690 - val_loss: 0.8761 - val_categorical_accuracy: 0.6716 - lr: 1.0000e-04 - 34s/epoch - 8ms/step
Epoch 85/100
4003/4003 - 34s - loss: 0.8829 - categorical_accuracy: 0.6690 - val_loss: 0.8716 - val_categorical_accuracy: 0.6742 - lr: 1.0000e-04 - 34s/epoch - 8ms/step
Epoch 86/100
4003/4003 - 34s - loss: 0.8807 - categorical_accuracy: 0.6700 - val_loss: 0.8787 - val_categorical_accuracy: 0.6704 - lr: 1.0000e-04 - 34s/epoch - 8ms/step
Epoch 87/100
4003/4003 - 34s - loss: 0.8815 - categorical_accuracy: 0.6701 - val_loss: 0.8701 - val_categorical_accuracy: 0.6750 - lr: 1.0000e-04 - 34s/epoch - 8ms/step
Epoch 88/100
4003/4003 - 34s - loss: 0.8798 - categorical_accuracy: 0.6704 - val_loss: 0.9214 - val_categorical_accuracy: 0.6437 - lr: 1.0000e-04 - 34s/epoch - 8ms/step
Epoch 89/100
4003/4003 - 34s - loss: 0.8785 - categorical_accuracy: 0.6713 - val_loss: 0.8709 - val_categorical_accuracy: 0.6756 - lr: 1.0000e-04 - 34s/epoch - 8ms/step
Epoch 90/100
4003/4003 - 35s - loss: 0.8773 - categorical_accuracy: 0.6716 - val_loss: 0.8673 - val_categorical_accuracy: 0.6768 - lr: 1.0000e-04 - 35s/epoch - 9ms/step
Epoch 91/100
4003/4003 - 34s - loss: 0.8749 - categorical_accuracy: 0.6733 - val_loss: 0.8668 - val_categorical_accuracy: 0.6779 - lr: 1.0000e-04 - 34s/epoch - 8ms/step
Epoch 92/100
4003/4003 - 34s - loss: 0.8768 - categorical_accuracy: 0.6718 - val_loss: 0.8889 - val_categorical_accuracy: 0.6642 - lr: 1.0000e-04 - 34s/epoch - 8ms/step
Epoch 93/100
4003/4003 - 34s - loss: 0.8750 - categorical_accuracy: 0.6725 - val_loss: 0.8740 - val_categorical_accuracy: 0.6730 - lr: 1.0000e-04 - 34s/epoch - 8ms/step
Epoch 94/100
4003/4003 - 34s - loss: 0.8732 - categorical_accuracy: 0.6738 - val_loss: 0.8662 - val_categorical_accuracy: 0.6772 - lr: 1.0000e-04 - 34s/epoch - 8ms/step
Epoch 95/100
4003/4003 - 34s - loss: 0.8713 - categorical_accuracy: 0.6748 - val_loss: 0.8613 - val_categorical_accuracy: 0.6792 - lr: 1.0000e-04 - 34s/epoch - 8ms/step
Epoch 96/100
4003/4003 - 34s - loss: 0.8715 - categorical_accuracy: 0.6742 - val_loss: 0.8743 - val_categorical_accuracy: 0.6736 - lr: 1.0000e-04 - 34s/epoch - 8ms/step
Epoch 97/100
4003/4003 - 34s - loss: 0.8710 - categorical_accuracy: 0.6748 - val_loss: 0.8678 - val_categorical_accuracy: 0.6752 - lr: 1.0000e-04 - 34s/epoch - 8ms/step
Epoch 98/100
4003/4003 - 34s - loss: 0.8709 - categorical_accuracy: 0.6749 - val_loss: 0.8778 - val_categorical_accuracy: 0.6725 - lr: 1.0000e-04 - 34s/epoch - 8ms/step
Epoch 99/100
4003/4003 - 35s - loss: 0.8671 - categorical_accuracy: 0.6767 - val_loss: 0.8646 - val_categorical_accuracy: 0.6774 - lr: 1.0000e-04 - 35s/epoch - 9ms/step
Epoch 100/100
4003/4003 - 34s - loss: 0.8679 - categorical_accuracy: 0.6764 - val_loss: 0.8696 - val_categorical_accuracy: 0.6738 - lr: 1.0000e-04 - 34s/epoch - 8ms/step
[92m
Saved model to: [0m trained_intnets/jedinet_reproduce_lrdecay
Loss vs epochs plot saved to trained_intnets/jedinet_reproduce_lrdecay.
Accuracy vs epochs plot saved to trained_intnets/jedinet_reproduce_lrdecay.
[92m
Plots done! 📊[0m
