[96m
GPU: NVIDIA GeForce GTX 1080 Ti[0m
[92mSaved hyperparameters to json file.[0m
[95m
DATA DETAILS[0m
[95m-----------[0m
data_folder: /work/deodagiu/ki_data/intnet_input
norm: robust
train_events: -1
test_events: 0
pt_min: 2.0
nconstituents: 16
feature_selection: jedinet

----------------
[92mData loading complete:[0m
Training data size: 5.72e+05
Test data size: 0.00e+00
----------------

Shuffling constituents...
[92mShuffled the training data! 🃏
[0m
Instantiating model with the hyperparameters:
effects_nnodes: 125
dynamic_nnodes: 75
abstrac_nnodes: 40
effects_activ: relu
dynamic_activ: relu
abstrac_activ: relu
neffects: 20
ndynamics: 15
l2: 0.001
summation: True
[92mModel compiled and built![0m
[95m

TRAINING THE MODEL 💪[0m

Training parameters
-------------------
[92mOptimiser: 	[0m {'name': 'Adam', 'learning_rate': 0.001, 'decay': 0.0, 'beta_1': 0.9, 'beta_2': 0.999, 'epsilon': 1e-07, 'amsgrad': False}
[92mBatch size: 	[0m 100
[92mLearning rate: 	[0m 0.001
[92mTraining epochs:[0m 100
[92mLoss: 		[0m categorical_crossentropy

Epoch 1/100
4003/4003 - 118s - loss: 0.9455 - categorical_accuracy: 0.6976 - val_loss: 0.8088 - val_categorical_accuracy: 0.7344 - lr: 0.0010 - 118s/epoch - 29ms/step
Epoch 2/100
4003/4003 - 115s - loss: 0.7739 - categorical_accuracy: 0.7429 - val_loss: 0.7393 - val_categorical_accuracy: 0.7531 - lr: 0.0010 - 115s/epoch - 29ms/step
Epoch 3/100
4003/4003 - 115s - loss: 0.7454 - categorical_accuracy: 0.7487 - val_loss: 0.7170 - val_categorical_accuracy: 0.7568 - lr: 0.0010 - 115s/epoch - 29ms/step
Epoch 4/100
4003/4003 - 115s - loss: 0.7290 - categorical_accuracy: 0.7529 - val_loss: 0.7196 - val_categorical_accuracy: 0.7553 - lr: 0.0010 - 115s/epoch - 29ms/step
Epoch 5/100
4003/4003 - 115s - loss: 0.7184 - categorical_accuracy: 0.7562 - val_loss: 0.7063 - val_categorical_accuracy: 0.7594 - lr: 0.0010 - 115s/epoch - 29ms/step
Epoch 6/100
4003/4003 - 115s - loss: 0.7094 - categorical_accuracy: 0.7587 - val_loss: 0.7047 - val_categorical_accuracy: 0.7597 - lr: 0.0010 - 115s/epoch - 29ms/step
Epoch 7/100
4003/4003 - 115s - loss: 0.7033 - categorical_accuracy: 0.7603 - val_loss: 0.7064 - val_categorical_accuracy: 0.7579 - lr: 0.0010 - 115s/epoch - 29ms/step
Epoch 8/100
4003/4003 - 116s - loss: 0.6980 - categorical_accuracy: 0.7617 - val_loss: 0.6907 - val_categorical_accuracy: 0.7639 - lr: 0.0010 - 116s/epoch - 29ms/step
Epoch 9/100
4003/4003 - 115s - loss: 0.6921 - categorical_accuracy: 0.7634 - val_loss: 0.6874 - val_categorical_accuracy: 0.7640 - lr: 0.0010 - 115s/epoch - 29ms/step
Epoch 10/100
4003/4003 - 115s - loss: 0.6885 - categorical_accuracy: 0.7643 - val_loss: 0.6968 - val_categorical_accuracy: 0.7608 - lr: 0.0010 - 115s/epoch - 29ms/step
Epoch 11/100
4003/4003 - 115s - loss: 0.6848 - categorical_accuracy: 0.7655 - val_loss: 0.6781 - val_categorical_accuracy: 0.7677 - lr: 0.0010 - 115s/epoch - 29ms/step
Epoch 12/100
4003/4003 - 116s - loss: 0.6815 - categorical_accuracy: 0.7667 - val_loss: 0.6862 - val_categorical_accuracy: 0.7646 - lr: 0.0010 - 116s/epoch - 29ms/step
Epoch 13/100
4003/4003 - 115s - loss: 0.6798 - categorical_accuracy: 0.7672 - val_loss: 0.6924 - val_categorical_accuracy: 0.7615 - lr: 0.0010 - 115s/epoch - 29ms/step
Epoch 14/100
4003/4003 - 115s - loss: 0.6769 - categorical_accuracy: 0.7681 - val_loss: 0.6741 - val_categorical_accuracy: 0.7675 - lr: 0.0010 - 115s/epoch - 29ms/step
Epoch 15/100
4003/4003 - 115s - loss: 0.6745 - categorical_accuracy: 0.7685 - val_loss: 0.6779 - val_categorical_accuracy: 0.7674 - lr: 0.0010 - 115s/epoch - 29ms/step
Epoch 16/100
4003/4003 - 116s - loss: 0.6720 - categorical_accuracy: 0.7693 - val_loss: 0.6657 - val_categorical_accuracy: 0.7713 - lr: 0.0010 - 116s/epoch - 29ms/step
Epoch 17/100
4003/4003 - 116s - loss: 0.6709 - categorical_accuracy: 0.7700 - val_loss: 0.6747 - val_categorical_accuracy: 0.7666 - lr: 0.0010 - 116s/epoch - 29ms/step
Epoch 18/100
4003/4003 - 115s - loss: 0.6694 - categorical_accuracy: 0.7702 - val_loss: 0.6915 - val_categorical_accuracy: 0.7589 - lr: 0.0010 - 115s/epoch - 29ms/step
Epoch 19/100
4003/4003 - 115s - loss: 0.6668 - categorical_accuracy: 0.7709 - val_loss: 0.6968 - val_categorical_accuracy: 0.7579 - lr: 0.0010 - 115s/epoch - 29ms/step
Epoch 20/100
4003/4003 - 115s - loss: 0.6650 - categorical_accuracy: 0.7713 - val_loss: 0.6660 - val_categorical_accuracy: 0.7709 - lr: 0.0010 - 115s/epoch - 29ms/step
Epoch 21/100
4003/4003 - 115s - loss: 0.6632 - categorical_accuracy: 0.7725 - val_loss: 0.6822 - val_categorical_accuracy: 0.7631 - lr: 0.0010 - 115s/epoch - 29ms/step
Epoch 22/100
4003/4003 - 116s - loss: 0.6617 - categorical_accuracy: 0.7729 - val_loss: 0.6622 - val_categorical_accuracy: 0.7715 - lr: 0.0010 - 116s/epoch - 29ms/step
Epoch 23/100
4003/4003 - 115s - loss: 0.6605 - categorical_accuracy: 0.7729 - val_loss: 0.6715 - val_categorical_accuracy: 0.7679 - lr: 0.0010 - 115s/epoch - 29ms/step
Epoch 24/100
4003/4003 - 115s - loss: 0.6592 - categorical_accuracy: 0.7732 - val_loss: 0.6741 - val_categorical_accuracy: 0.7673 - lr: 0.0010 - 115s/epoch - 29ms/step
Epoch 25/100
4003/4003 - 115s - loss: 0.6582 - categorical_accuracy: 0.7733 - val_loss: 0.6644 - val_categorical_accuracy: 0.7707 - lr: 0.0010 - 115s/epoch - 29ms/step
Epoch 26/100
4003/4003 - 115s - loss: 0.6575 - categorical_accuracy: 0.7740 - val_loss: 0.6654 - val_categorical_accuracy: 0.7695 - lr: 0.0010 - 115s/epoch - 29ms/step
Epoch 27/100
4003/4003 - 115s - loss: 0.6570 - categorical_accuracy: 0.7736 - val_loss: 0.6591 - val_categorical_accuracy: 0.7723 - lr: 0.0010 - 115s/epoch - 29ms/step
Epoch 28/100
4003/4003 - 115s - loss: 0.6556 - categorical_accuracy: 0.7738 - val_loss: 0.6741 - val_categorical_accuracy: 0.7658 - lr: 0.0010 - 115s/epoch - 29ms/step
Epoch 29/100
4003/4003 - 115s - loss: 0.6553 - categorical_accuracy: 0.7743 - val_loss: 0.6560 - val_categorical_accuracy: 0.7731 - lr: 0.0010 - 115s/epoch - 29ms/step
Epoch 30/100
4003/4003 - 115s - loss: 0.6537 - categorical_accuracy: 0.7748 - val_loss: 0.6672 - val_categorical_accuracy: 0.7693 - lr: 0.0010 - 115s/epoch - 29ms/step
Epoch 31/100
4003/4003 - 116s - loss: 0.6526 - categorical_accuracy: 0.7753 - val_loss: 0.6619 - val_categorical_accuracy: 0.7709 - lr: 0.0010 - 116s/epoch - 29ms/step
Epoch 32/100
4003/4003 - 116s - loss: 0.6513 - categorical_accuracy: 0.7749 - val_loss: 0.6561 - val_categorical_accuracy: 0.7737 - lr: 0.0010 - 116s/epoch - 29ms/step
Epoch 33/100
4003/4003 - 115s - loss: 0.6497 - categorical_accuracy: 0.7763 - val_loss: 0.6503 - val_categorical_accuracy: 0.7755 - lr: 0.0010 - 115s/epoch - 29ms/step
Epoch 34/100
4003/4003 - 115s - loss: 0.6487 - categorical_accuracy: 0.7761 - val_loss: 0.6491 - val_categorical_accuracy: 0.7748 - lr: 0.0010 - 115s/epoch - 29ms/step
Epoch 35/100
4003/4003 - 115s - loss: 0.6471 - categorical_accuracy: 0.7764 - val_loss: 0.6492 - val_categorical_accuracy: 0.7748 - lr: 0.0010 - 115s/epoch - 29ms/step
Epoch 36/100
4003/4003 - 115s - loss: 0.6456 - categorical_accuracy: 0.7765 - val_loss: 0.6536 - val_categorical_accuracy: 0.7728 - lr: 0.0010 - 115s/epoch - 29ms/step
Epoch 37/100
4003/4003 - 115s - loss: 0.6450 - categorical_accuracy: 0.7765 - val_loss: 0.6517 - val_categorical_accuracy: 0.7725 - lr: 0.0010 - 115s/epoch - 29ms/step
Epoch 38/100
4003/4003 - 115s - loss: 0.6436 - categorical_accuracy: 0.7771 - val_loss: 0.6578 - val_categorical_accuracy: 0.7718 - lr: 0.0010 - 115s/epoch - 29ms/step
Epoch 39/100
4003/4003 - 115s - loss: 0.6432 - categorical_accuracy: 0.7774 - val_loss: 0.6513 - val_categorical_accuracy: 0.7746 - lr: 0.0010 - 115s/epoch - 29ms/step
Epoch 40/100
4003/4003 - 117s - loss: 0.6425 - categorical_accuracy: 0.7776 - val_loss: 0.6489 - val_categorical_accuracy: 0.7735 - lr: 0.0010 - 117s/epoch - 29ms/step
Epoch 41/100
4003/4003 - 117s - loss: 0.6417 - categorical_accuracy: 0.7780 - val_loss: 0.6492 - val_categorical_accuracy: 0.7743 - lr: 0.0010 - 117s/epoch - 29ms/step
Epoch 42/100
4003/4003 - 118s - loss: 0.6410 - categorical_accuracy: 0.7777 - val_loss: 0.6579 - val_categorical_accuracy: 0.7699 - lr: 0.0010 - 118s/epoch - 29ms/step
Epoch 43/100
4003/4003 - 117s - loss: 0.6396 - categorical_accuracy: 0.7785 - val_loss: 0.6543 - val_categorical_accuracy: 0.7714 - lr: 0.0010 - 117s/epoch - 29ms/step
[92m
Saved model to: [0m trained_intnets/jedinet_exploration_11
Loss vs epochs plot saved to trained_intnets/jedinet_exploration_11.
Accuracy vs epochs plot saved to trained_intnets/jedinet_exploration_11.
[92m
Plots done! [0m
