[96m
GPU: NVIDIA GeForce GTX 1080 Ti[0m
[92mSaved hyperparameters to json file.[0m
[95m
DATA DETAILS[0m
[95m-----------[0m
data_folder: /work/deodagiu/ki_data/intnet_input
norm: robust
train_events: -1
test_events: 0
pt_min: 2.0
nconstituents: 16
feature_selection: jedinet

----------------
[92mData loading complete:[0m
Training data size: 5.72e+05
Test data size: 0.00e+00
----------------

Shuffling constituents...
[92mShuffled the training data! 🃏
[0m
Instantiating model with the hyperparameters:
effects_nnodes: 100
dynamic_nnodes: 50
abstrac_nnodes: 25
effects_activ: relu
dynamic_activ: relu
abstrac_activ: relu
neffects: 25
ndynamics: 15
l2: 0.001
summation: True
[92mModel compiled and built![0m
[95m

TRAINING THE MODEL 💪[0m

Training parameters
-------------------
[92mOptimiser: 	[0m {'name': 'Adam', 'learning_rate': 0.001, 'decay': 0.0, 'beta_1': 0.9, 'beta_2': 0.999, 'epsilon': 1e-07, 'amsgrad': False}
[92mBatch size: 	[0m 100
[92mLearning rate: 	[0m 0.001
[92mTraining epochs:[0m 200
[92mLoss: 		[0m categorical_crossentropy

Epoch 1/200
4003/4003 - 103s - loss: 0.9557 - categorical_accuracy: 0.6986 - val_loss: 0.8345 - val_categorical_accuracy: 0.7243 - lr: 0.0010 - 103s/epoch - 26ms/step
Epoch 2/200
4003/4003 - 100s - loss: 0.7869 - categorical_accuracy: 0.7411 - val_loss: 0.7583 - val_categorical_accuracy: 0.7480 - lr: 0.0010 - 100s/epoch - 25ms/step
Epoch 3/200
4003/4003 - 100s - loss: 0.7553 - categorical_accuracy: 0.7477 - val_loss: 0.7298 - val_categorical_accuracy: 0.7545 - lr: 0.0010 - 100s/epoch - 25ms/step
Epoch 4/200
4003/4003 - 100s - loss: 0.7381 - categorical_accuracy: 0.7513 - val_loss: 0.7279 - val_categorical_accuracy: 0.7548 - lr: 0.0010 - 100s/epoch - 25ms/step
Epoch 5/200
4003/4003 - 100s - loss: 0.7270 - categorical_accuracy: 0.7541 - val_loss: 0.7131 - val_categorical_accuracy: 0.7587 - lr: 0.0010 - 100s/epoch - 25ms/step
Epoch 6/200
4003/4003 - 100s - loss: 0.7182 - categorical_accuracy: 0.7560 - val_loss: 0.7100 - val_categorical_accuracy: 0.7584 - lr: 0.0010 - 100s/epoch - 25ms/step
Epoch 7/200
4003/4003 - 101s - loss: 0.7130 - categorical_accuracy: 0.7576 - val_loss: 0.7087 - val_categorical_accuracy: 0.7599 - lr: 0.0010 - 101s/epoch - 25ms/step
Epoch 8/200
4003/4003 - 100s - loss: 0.7069 - categorical_accuracy: 0.7593 - val_loss: 0.6982 - val_categorical_accuracy: 0.7608 - lr: 0.0010 - 100s/epoch - 25ms/step
Epoch 9/200
4003/4003 - 100s - loss: 0.7022 - categorical_accuracy: 0.7606 - val_loss: 0.7023 - val_categorical_accuracy: 0.7575 - lr: 0.0010 - 100s/epoch - 25ms/step
Epoch 10/200
4003/4003 - 100s - loss: 0.6984 - categorical_accuracy: 0.7616 - val_loss: 0.6963 - val_categorical_accuracy: 0.7622 - lr: 0.0010 - 100s/epoch - 25ms/step
Epoch 11/200
4003/4003 - 100s - loss: 0.6948 - categorical_accuracy: 0.7628 - val_loss: 0.6879 - val_categorical_accuracy: 0.7661 - lr: 0.0010 - 100s/epoch - 25ms/step
Epoch 12/200
4003/4003 - 100s - loss: 0.6921 - categorical_accuracy: 0.7638 - val_loss: 0.7057 - val_categorical_accuracy: 0.7594 - lr: 0.0010 - 100s/epoch - 25ms/step
Epoch 13/200
4003/4003 - 100s - loss: 0.6895 - categorical_accuracy: 0.7649 - val_loss: 0.6836 - val_categorical_accuracy: 0.7673 - lr: 0.0010 - 100s/epoch - 25ms/step
Epoch 14/200
4003/4003 - 100s - loss: 0.6866 - categorical_accuracy: 0.7651 - val_loss: 0.6875 - val_categorical_accuracy: 0.7633 - lr: 0.0010 - 100s/epoch - 25ms/step
Epoch 15/200
4003/4003 - 100s - loss: 0.6837 - categorical_accuracy: 0.7665 - val_loss: 0.6909 - val_categorical_accuracy: 0.7635 - lr: 0.0010 - 100s/epoch - 25ms/step
Epoch 16/200
4003/4003 - 101s - loss: 0.6823 - categorical_accuracy: 0.7670 - val_loss: 0.6759 - val_categorical_accuracy: 0.7693 - lr: 0.0010 - 101s/epoch - 25ms/step
Epoch 17/200
4003/4003 - 100s - loss: 0.6799 - categorical_accuracy: 0.7674 - val_loss: 0.6717 - val_categorical_accuracy: 0.7695 - lr: 0.0010 - 100s/epoch - 25ms/step
Epoch 18/200
4003/4003 - 100s - loss: 0.6776 - categorical_accuracy: 0.7680 - val_loss: 0.6881 - val_categorical_accuracy: 0.7628 - lr: 0.0010 - 100s/epoch - 25ms/step
Epoch 19/200
4003/4003 - 101s - loss: 0.6765 - categorical_accuracy: 0.7682 - val_loss: 0.6761 - val_categorical_accuracy: 0.7671 - lr: 0.0010 - 101s/epoch - 25ms/step
Epoch 20/200
4003/4003 - 100s - loss: 0.6742 - categorical_accuracy: 0.7690 - val_loss: 0.6806 - val_categorical_accuracy: 0.7666 - lr: 0.0010 - 100s/epoch - 25ms/step
Epoch 21/200
4003/4003 - 100s - loss: 0.6731 - categorical_accuracy: 0.7696 - val_loss: 0.6786 - val_categorical_accuracy: 0.7670 - lr: 0.0010 - 100s/epoch - 25ms/step
Epoch 22/200
4003/4003 - 101s - loss: 0.6715 - categorical_accuracy: 0.7696 - val_loss: 0.6682 - val_categorical_accuracy: 0.7696 - lr: 0.0010 - 101s/epoch - 25ms/step
Epoch 23/200
4003/4003 - 100s - loss: 0.6692 - categorical_accuracy: 0.7706 - val_loss: 0.6670 - val_categorical_accuracy: 0.7710 - lr: 0.0010 - 100s/epoch - 25ms/step
Epoch 24/200
4003/4003 - 100s - loss: 0.6682 - categorical_accuracy: 0.7709 - val_loss: 0.6754 - val_categorical_accuracy: 0.7674 - lr: 0.0010 - 100s/epoch - 25ms/step
Epoch 25/200
4003/4003 - 101s - loss: 0.6668 - categorical_accuracy: 0.7712 - val_loss: 0.6681 - val_categorical_accuracy: 0.7704 - lr: 0.0010 - 101s/epoch - 25ms/step
Epoch 26/200
4003/4003 - 100s - loss: 0.6661 - categorical_accuracy: 0.7714 - val_loss: 0.6719 - val_categorical_accuracy: 0.7693 - lr: 0.0010 - 100s/epoch - 25ms/step
Epoch 27/200
4003/4003 - 100s - loss: 0.6650 - categorical_accuracy: 0.7721 - val_loss: 0.6555 - val_categorical_accuracy: 0.7751 - lr: 0.0010 - 100s/epoch - 25ms/step
Epoch 28/200
4003/4003 - 101s - loss: 0.6628 - categorical_accuracy: 0.7723 - val_loss: 0.6724 - val_categorical_accuracy: 0.7674 - lr: 0.0010 - 101s/epoch - 25ms/step
Epoch 29/200
4003/4003 - 100s - loss: 0.6631 - categorical_accuracy: 0.7724 - val_loss: 0.6574 - val_categorical_accuracy: 0.7738 - lr: 0.0010 - 100s/epoch - 25ms/step
Epoch 30/200
4003/4003 - 100s - loss: 0.6617 - categorical_accuracy: 0.7723 - val_loss: 0.6693 - val_categorical_accuracy: 0.7683 - lr: 0.0010 - 100s/epoch - 25ms/step
Epoch 31/200
4003/4003 - 101s - loss: 0.6604 - categorical_accuracy: 0.7729 - val_loss: 0.6617 - val_categorical_accuracy: 0.7719 - lr: 0.0010 - 101s/epoch - 25ms/step
Epoch 32/200
4003/4003 - 100s - loss: 0.6584 - categorical_accuracy: 0.7731 - val_loss: 0.6656 - val_categorical_accuracy: 0.7703 - lr: 0.0010 - 100s/epoch - 25ms/step
Epoch 33/200
4003/4003 - 100s - loss: 0.6574 - categorical_accuracy: 0.7734 - val_loss: 0.6564 - val_categorical_accuracy: 0.7732 - lr: 0.0010 - 100s/epoch - 25ms/step
Epoch 34/200
4003/4003 - 101s - loss: 0.6553 - categorical_accuracy: 0.7739 - val_loss: 0.6552 - val_categorical_accuracy: 0.7738 - lr: 0.0010 - 101s/epoch - 25ms/step
Epoch 35/200
4003/4003 - 100s - loss: 0.6535 - categorical_accuracy: 0.7744 - val_loss: 0.6555 - val_categorical_accuracy: 0.7728 - lr: 0.0010 - 100s/epoch - 25ms/step
Epoch 36/200
4003/4003 - 100s - loss: 0.6517 - categorical_accuracy: 0.7750 - val_loss: 0.6614 - val_categorical_accuracy: 0.7699 - lr: 0.0010 - 100s/epoch - 25ms/step
Epoch 37/200
4003/4003 - 101s - loss: 0.6505 - categorical_accuracy: 0.7751 - val_loss: 0.6571 - val_categorical_accuracy: 0.7723 - lr: 0.0010 - 101s/epoch - 25ms/step
Epoch 38/200
4003/4003 - 100s - loss: 0.6446 - categorical_accuracy: 0.7770 - val_loss: 0.6488 - val_categorical_accuracy: 0.7755 - lr: 8.0000e-04 - 100s/epoch - 25ms/step
Epoch 39/200
4003/4003 - 100s - loss: 0.6434 - categorical_accuracy: 0.7779 - val_loss: 0.6460 - val_categorical_accuracy: 0.7766 - lr: 8.0000e-04 - 100s/epoch - 25ms/step
Epoch 40/200
4003/4003 - 101s - loss: 0.6424 - categorical_accuracy: 0.7781 - val_loss: 0.6453 - val_categorical_accuracy: 0.7757 - lr: 8.0000e-04 - 101s/epoch - 25ms/step
Epoch 41/200
4003/4003 - 100s - loss: 0.6421 - categorical_accuracy: 0.7778 - val_loss: 0.6446 - val_categorical_accuracy: 0.7762 - lr: 8.0000e-04 - 100s/epoch - 25ms/step
Epoch 42/200
4003/4003 - 100s - loss: 0.6420 - categorical_accuracy: 0.7778 - val_loss: 0.6601 - val_categorical_accuracy: 0.7690 - lr: 8.0000e-04 - 100s/epoch - 25ms/step
Epoch 43/200
4003/4003 - 101s - loss: 0.6412 - categorical_accuracy: 0.7785 - val_loss: 0.6473 - val_categorical_accuracy: 0.7752 - lr: 8.0000e-04 - 101s/epoch - 25ms/step
Epoch 44/200
4003/4003 - 100s - loss: 0.6412 - categorical_accuracy: 0.7778 - val_loss: 0.6405 - val_categorical_accuracy: 0.7781 - lr: 8.0000e-04 - 100s/epoch - 25ms/step
Epoch 45/200
4003/4003 - 100s - loss: 0.6403 - categorical_accuracy: 0.7783 - val_loss: 0.6481 - val_categorical_accuracy: 0.7746 - lr: 8.0000e-04 - 100s/epoch - 25ms/step
Epoch 46/200
4003/4003 - 101s - loss: 0.6399 - categorical_accuracy: 0.7789 - val_loss: 0.6489 - val_categorical_accuracy: 0.7734 - lr: 8.0000e-04 - 101s/epoch - 25ms/step
Epoch 47/200
4003/4003 - 100s - loss: 0.6394 - categorical_accuracy: 0.7787 - val_loss: 0.6412 - val_categorical_accuracy: 0.7775 - lr: 8.0000e-04 - 100s/epoch - 25ms/step
Epoch 48/200
4003/4003 - 100s - loss: 0.6393 - categorical_accuracy: 0.7788 - val_loss: 0.6570 - val_categorical_accuracy: 0.7709 - lr: 8.0000e-04 - 100s/epoch - 25ms/step
Epoch 49/200
4003/4003 - 101s - loss: 0.6386 - categorical_accuracy: 0.7788 - val_loss: 0.6423 - val_categorical_accuracy: 0.7770 - lr: 8.0000e-04 - 101s/epoch - 25ms/step
Epoch 50/200
4003/4003 - 100s - loss: 0.6384 - categorical_accuracy: 0.7785 - val_loss: 0.6484 - val_categorical_accuracy: 0.7735 - lr: 8.0000e-04 - 100s/epoch - 25ms/step
Epoch 51/200
4003/4003 - 100s - loss: 0.6377 - categorical_accuracy: 0.7793 - val_loss: 0.6448 - val_categorical_accuracy: 0.7759 - lr: 8.0000e-04 - 100s/epoch - 25ms/step
Epoch 52/200
4003/4003 - 101s - loss: 0.6372 - categorical_accuracy: 0.7794 - val_loss: 0.6416 - val_categorical_accuracy: 0.7770 - lr: 8.0000e-04 - 101s/epoch - 25ms/step
Epoch 53/200
4003/4003 - 100s - loss: 0.6377 - categorical_accuracy: 0.7794 - val_loss: 0.6533 - val_categorical_accuracy: 0.7729 - lr: 8.0000e-04 - 100s/epoch - 25ms/step
Epoch 54/200
4003/4003 - 100s - loss: 0.6369 - categorical_accuracy: 0.7792 - val_loss: 0.6458 - val_categorical_accuracy: 0.7752 - lr: 8.0000e-04 - 100s/epoch - 25ms/step
Epoch 55/200
4003/4003 - 101s - loss: 0.6328 - categorical_accuracy: 0.7813 - val_loss: 0.6426 - val_categorical_accuracy: 0.7761 - lr: 6.4000e-04 - 101s/epoch - 25ms/step
Epoch 56/200
4003/4003 - 100s - loss: 0.6322 - categorical_accuracy: 0.7810 - val_loss: 0.6368 - val_categorical_accuracy: 0.7792 - lr: 6.4000e-04 - 100s/epoch - 25ms/step
Epoch 57/200
4003/4003 - 100s - loss: 0.6319 - categorical_accuracy: 0.7815 - val_loss: 0.6373 - val_categorical_accuracy: 0.7778 - lr: 6.4000e-04 - 100s/epoch - 25ms/step
Epoch 58/200
4003/4003 - 101s - loss: 0.6312 - categorical_accuracy: 0.7817 - val_loss: 0.6397 - val_categorical_accuracy: 0.7769 - lr: 6.4000e-04 - 101s/epoch - 25ms/step
Epoch 59/200
4003/4003 - 100s - loss: 0.6313 - categorical_accuracy: 0.7815 - val_loss: 0.6378 - val_categorical_accuracy: 0.7787 - lr: 6.4000e-04 - 100s/epoch - 25ms/step
Epoch 60/200
4003/4003 - 100s - loss: 0.6311 - categorical_accuracy: 0.7815 - val_loss: 0.6603 - val_categorical_accuracy: 0.7683 - lr: 6.4000e-04 - 100s/epoch - 25ms/step
Epoch 61/200
4003/4003 - 101s - loss: 0.6312 - categorical_accuracy: 0.7813 - val_loss: 0.6378 - val_categorical_accuracy: 0.7796 - lr: 6.4000e-04 - 101s/epoch - 25ms/step
Epoch 62/200
4003/4003 - 100s - loss: 0.6308 - categorical_accuracy: 0.7814 - val_loss: 0.6408 - val_categorical_accuracy: 0.7777 - lr: 6.4000e-04 - 100s/epoch - 25ms/step
Epoch 63/200
4003/4003 - 100s - loss: 0.6304 - categorical_accuracy: 0.7819 - val_loss: 0.6399 - val_categorical_accuracy: 0.7781 - lr: 6.4000e-04 - 100s/epoch - 25ms/step
Epoch 64/200
4003/4003 - 101s - loss: 0.6302 - categorical_accuracy: 0.7821 - val_loss: 0.6416 - val_categorical_accuracy: 0.7774 - lr: 6.4000e-04 - 101s/epoch - 25ms/step
Epoch 65/200
4003/4003 - 100s - loss: 0.6308 - categorical_accuracy: 0.7816 - val_loss: 0.6426 - val_categorical_accuracy: 0.7760 - lr: 6.4000e-04 - 100s/epoch - 25ms/step
Epoch 66/200
4003/4003 - 100s - loss: 0.6303 - categorical_accuracy: 0.7820 - val_loss: 0.6400 - val_categorical_accuracy: 0.7776 - lr: 6.4000e-04 - 100s/epoch - 25ms/step
Epoch 67/200
4003/4003 - 101s - loss: 0.6300 - categorical_accuracy: 0.7821 - val_loss: 0.6429 - val_categorical_accuracy: 0.7762 - lr: 6.4000e-04 - 101s/epoch - 25ms/step
Epoch 68/200
4003/4003 - 100s - loss: 0.6303 - categorical_accuracy: 0.7816 - val_loss: 0.6393 - val_categorical_accuracy: 0.7783 - lr: 6.4000e-04 - 100s/epoch - 25ms/step
Epoch 69/200
4003/4003 - 100s - loss: 0.6295 - categorical_accuracy: 0.7819 - val_loss: 0.6517 - val_categorical_accuracy: 0.7727 - lr: 6.4000e-04 - 100s/epoch - 25ms/step
Epoch 70/200
4003/4003 - 101s - loss: 0.6297 - categorical_accuracy: 0.7821 - val_loss: 0.6448 - val_categorical_accuracy: 0.7748 - lr: 6.4000e-04 - 101s/epoch - 25ms/step
Epoch 71/200
4003/4003 - 100s - loss: 0.6294 - categorical_accuracy: 0.7822 - val_loss: 0.6431 - val_categorical_accuracy: 0.7776 - lr: 6.4000e-04 - 100s/epoch - 25ms/step
Epoch 72/200
4003/4003 - 100s - loss: 0.6261 - categorical_accuracy: 0.7833 - val_loss: 0.6394 - val_categorical_accuracy: 0.7769 - lr: 5.1200e-04 - 100s/epoch - 25ms/step
Epoch 73/200
4003/4003 - 101s - loss: 0.6256 - categorical_accuracy: 0.7834 - val_loss: 0.6382 - val_categorical_accuracy: 0.7792 - lr: 5.1200e-04 - 101s/epoch - 25ms/step
Epoch 74/200
4003/4003 - 100s - loss: 0.6251 - categorical_accuracy: 0.7839 - val_loss: 0.6360 - val_categorical_accuracy: 0.7788 - lr: 5.1200e-04 - 100s/epoch - 25ms/step
Epoch 75/200
4003/4003 - 100s - loss: 0.6249 - categorical_accuracy: 0.7836 - val_loss: 0.6356 - val_categorical_accuracy: 0.7799 - lr: 5.1200e-04 - 100s/epoch - 25ms/step
Epoch 76/200
4003/4003 - 101s - loss: 0.6251 - categorical_accuracy: 0.7838 - val_loss: 0.6342 - val_categorical_accuracy: 0.7802 - lr: 5.1200e-04 - 101s/epoch - 25ms/step
Epoch 77/200
4003/4003 - 100s - loss: 0.6247 - categorical_accuracy: 0.7836 - val_loss: 0.6341 - val_categorical_accuracy: 0.7800 - lr: 5.1200e-04 - 100s/epoch - 25ms/step
Epoch 78/200
4003/4003 - 100s - loss: 0.6243 - categorical_accuracy: 0.7839 - val_loss: 0.6389 - val_categorical_accuracy: 0.7785 - lr: 5.1200e-04 - 100s/epoch - 25ms/step
Epoch 79/200
4003/4003 - 101s - loss: 0.6241 - categorical_accuracy: 0.7842 - val_loss: 0.6323 - val_categorical_accuracy: 0.7807 - lr: 5.1200e-04 - 101s/epoch - 25ms/step
Epoch 80/200
4003/4003 - 100s - loss: 0.6241 - categorical_accuracy: 0.7840 - val_loss: 0.6353 - val_categorical_accuracy: 0.7787 - lr: 5.1200e-04 - 100s/epoch - 25ms/step
Epoch 81/200
4003/4003 - 100s - loss: 0.6242 - categorical_accuracy: 0.7839 - val_loss: 0.6361 - val_categorical_accuracy: 0.7797 - lr: 5.1200e-04 - 100s/epoch - 25ms/step
Epoch 82/200
4003/4003 - 101s - loss: 0.6240 - categorical_accuracy: 0.7841 - val_loss: 0.6337 - val_categorical_accuracy: 0.7793 - lr: 5.1200e-04 - 101s/epoch - 25ms/step
Epoch 83/200
4003/4003 - 100s - loss: 0.6239 - categorical_accuracy: 0.7839 - val_loss: 0.6335 - val_categorical_accuracy: 0.7803 - lr: 5.1200e-04 - 100s/epoch - 25ms/step
Epoch 84/200
4003/4003 - 100s - loss: 0.6241 - categorical_accuracy: 0.7839 - val_loss: 0.6326 - val_categorical_accuracy: 0.7799 - lr: 5.1200e-04 - 100s/epoch - 25ms/step
Epoch 85/200
4003/4003 - 101s - loss: 0.6238 - categorical_accuracy: 0.7839 - val_loss: 0.6333 - val_categorical_accuracy: 0.7808 - lr: 5.1200e-04 - 101s/epoch - 25ms/step
Epoch 86/200
4003/4003 - 100s - loss: 0.6232 - categorical_accuracy: 0.7841 - val_loss: 0.6332 - val_categorical_accuracy: 0.7802 - lr: 5.1200e-04 - 100s/epoch - 25ms/step
Epoch 87/200
4003/4003 - 100s - loss: 0.6240 - categorical_accuracy: 0.7838 - val_loss: 0.6364 - val_categorical_accuracy: 0.7786 - lr: 5.1200e-04 - 100s/epoch - 25ms/step
Epoch 88/200
4003/4003 - 101s - loss: 0.6234 - categorical_accuracy: 0.7842 - val_loss: 0.6325 - val_categorical_accuracy: 0.7805 - lr: 5.1200e-04 - 101s/epoch - 25ms/step
Epoch 89/200
4003/4003 - 100s - loss: 0.6230 - categorical_accuracy: 0.7841 - val_loss: 0.6371 - val_categorical_accuracy: 0.7777 - lr: 5.1200e-04 - 100s/epoch - 25ms/step
Epoch 90/200
4003/4003 - 100s - loss: 0.6202 - categorical_accuracy: 0.7855 - val_loss: 0.6343 - val_categorical_accuracy: 0.7798 - lr: 4.0960e-04 - 100s/epoch - 25ms/step
Epoch 91/200
4003/4003 - 101s - loss: 0.6200 - categorical_accuracy: 0.7854 - val_loss: 0.6342 - val_categorical_accuracy: 0.7793 - lr: 4.0960e-04 - 101s/epoch - 25ms/step
Epoch 92/200
4003/4003 - 100s - loss: 0.6203 - categorical_accuracy: 0.7853 - val_loss: 0.6311 - val_categorical_accuracy: 0.7813 - lr: 4.0960e-04 - 100s/epoch - 25ms/step
Epoch 93/200
4003/4003 - 100s - loss: 0.6199 - categorical_accuracy: 0.7855 - val_loss: 0.6357 - val_categorical_accuracy: 0.7796 - lr: 4.0960e-04 - 100s/epoch - 25ms/step
Epoch 94/200
4003/4003 - 101s - loss: 0.6196 - categorical_accuracy: 0.7852 - val_loss: 0.6383 - val_categorical_accuracy: 0.7777 - lr: 4.0960e-04 - 101s/epoch - 25ms/step
Epoch 95/200
4003/4003 - 100s - loss: 0.6198 - categorical_accuracy: 0.7857 - val_loss: 0.6320 - val_categorical_accuracy: 0.7813 - lr: 4.0960e-04 - 100s/epoch - 25ms/step
Epoch 96/200
4003/4003 - 100s - loss: 0.6197 - categorical_accuracy: 0.7853 - val_loss: 0.6332 - val_categorical_accuracy: 0.7797 - lr: 4.0960e-04 - 100s/epoch - 25ms/step
Epoch 97/200
4003/4003 - 101s - loss: 0.6195 - categorical_accuracy: 0.7853 - val_loss: 0.6308 - val_categorical_accuracy: 0.7809 - lr: 4.0960e-04 - 101s/epoch - 25ms/step
Epoch 98/200
4003/4003 - 100s - loss: 0.6195 - categorical_accuracy: 0.7853 - val_loss: 0.6414 - val_categorical_accuracy: 0.7765 - lr: 4.0960e-04 - 100s/epoch - 25ms/step
Epoch 99/200
4003/4003 - 100s - loss: 0.6189 - categorical_accuracy: 0.7859 - val_loss: 0.6332 - val_categorical_accuracy: 0.7803 - lr: 4.0960e-04 - 100s/epoch - 25ms/step
Epoch 100/200
4003/4003 - 101s - loss: 0.6195 - categorical_accuracy: 0.7855 - val_loss: 0.6305 - val_categorical_accuracy: 0.7810 - lr: 4.0960e-04 - 101s/epoch - 25ms/step
Epoch 101/200
4003/4003 - 100s - loss: 0.6193 - categorical_accuracy: 0.7856 - val_loss: 0.6389 - val_categorical_accuracy: 0.7778 - lr: 4.0960e-04 - 100s/epoch - 25ms/step
Epoch 102/200
4003/4003 - 100s - loss: 0.6192 - categorical_accuracy: 0.7857 - val_loss: 0.6333 - val_categorical_accuracy: 0.7800 - lr: 4.0960e-04 - 100s/epoch - 25ms/step
Epoch 103/200
4003/4003 - 101s - loss: 0.6165 - categorical_accuracy: 0.7865 - val_loss: 0.6308 - val_categorical_accuracy: 0.7812 - lr: 3.2768e-04 - 101s/epoch - 25ms/step
Epoch 104/200
4003/4003 - 100s - loss: 0.6162 - categorical_accuracy: 0.7868 - val_loss: 0.6297 - val_categorical_accuracy: 0.7814 - lr: 3.2768e-04 - 100s/epoch - 25ms/step
Epoch 105/200
4003/4003 - 100s - loss: 0.6161 - categorical_accuracy: 0.7868 - val_loss: 0.6331 - val_categorical_accuracy: 0.7799 - lr: 3.2768e-04 - 100s/epoch - 25ms/step
Epoch 106/200
4003/4003 - 101s - loss: 0.6159 - categorical_accuracy: 0.7869 - val_loss: 0.6344 - val_categorical_accuracy: 0.7798 - lr: 3.2768e-04 - 101s/epoch - 25ms/step
Epoch 107/200
4003/4003 - 100s - loss: 0.6160 - categorical_accuracy: 0.7870 - val_loss: 0.6303 - val_categorical_accuracy: 0.7821 - lr: 3.2768e-04 - 100s/epoch - 25ms/step
Epoch 108/200
4003/4003 - 100s - loss: 0.6156 - categorical_accuracy: 0.7869 - val_loss: 0.6310 - val_categorical_accuracy: 0.7804 - lr: 3.2768e-04 - 100s/epoch - 25ms/step
Epoch 109/200
4003/4003 - 101s - loss: 0.6159 - categorical_accuracy: 0.7873 - val_loss: 0.6315 - val_categorical_accuracy: 0.7803 - lr: 3.2768e-04 - 101s/epoch - 25ms/step
Epoch 110/200
4003/4003 - 100s - loss: 0.6159 - categorical_accuracy: 0.7869 - val_loss: 0.6301 - val_categorical_accuracy: 0.7816 - lr: 3.2768e-04 - 100s/epoch - 25ms/step
Epoch 111/200
4003/4003 - 101s - loss: 0.6156 - categorical_accuracy: 0.7870 - val_loss: 0.6363 - val_categorical_accuracy: 0.7796 - lr: 3.2768e-04 - 101s/epoch - 25ms/step
Epoch 112/200
4003/4003 - 101s - loss: 0.6155 - categorical_accuracy: 0.7868 - val_loss: 0.6311 - val_categorical_accuracy: 0.7811 - lr: 3.2768e-04 - 101s/epoch - 25ms/step
Epoch 113/200
4003/4003 - 100s - loss: 0.6154 - categorical_accuracy: 0.7873 - val_loss: 0.6300 - val_categorical_accuracy: 0.7812 - lr: 3.2768e-04 - 100s/epoch - 25ms/step
Epoch 114/200
4003/4003 - 101s - loss: 0.6154 - categorical_accuracy: 0.7870 - val_loss: 0.6328 - val_categorical_accuracy: 0.7798 - lr: 3.2768e-04 - 101s/epoch - 25ms/step
Epoch 115/200
4003/4003 - 101s - loss: 0.6158 - categorical_accuracy: 0.7871 - val_loss: 0.6314 - val_categorical_accuracy: 0.7810 - lr: 3.2768e-04 - 101s/epoch - 25ms/step
Epoch 116/200
4003/4003 - 100s - loss: 0.6152 - categorical_accuracy: 0.7872 - val_loss: 0.6325 - val_categorical_accuracy: 0.7805 - lr: 3.2768e-04 - 100s/epoch - 25ms/step
Epoch 117/200
4003/4003 - 101s - loss: 0.6154 - categorical_accuracy: 0.7869 - val_loss: 0.6319 - val_categorical_accuracy: 0.7808 - lr: 3.2768e-04 - 101s/epoch - 25ms/step
Epoch 118/200
4003/4003 - 100s - loss: 0.6130 - categorical_accuracy: 0.7878 - val_loss: 0.6296 - val_categorical_accuracy: 0.7812 - lr: 2.6214e-04 - 100s/epoch - 25ms/step
Epoch 119/200
4003/4003 - 100s - loss: 0.6131 - categorical_accuracy: 0.7882 - val_loss: 0.6325 - val_categorical_accuracy: 0.7798 - lr: 2.6214e-04 - 100s/epoch - 25ms/step
Epoch 120/200
4003/4003 - 101s - loss: 0.6129 - categorical_accuracy: 0.7880 - val_loss: 0.6289 - val_categorical_accuracy: 0.7813 - lr: 2.6214e-04 - 101s/epoch - 25ms/step
Epoch 121/200
4003/4003 - 100s - loss: 0.6127 - categorical_accuracy: 0.7877 - val_loss: 0.6284 - val_categorical_accuracy: 0.7819 - lr: 2.6214e-04 - 100s/epoch - 25ms/step
Epoch 122/200
4003/4003 - 100s - loss: 0.6129 - categorical_accuracy: 0.7878 - val_loss: 0.6300 - val_categorical_accuracy: 0.7815 - lr: 2.6214e-04 - 100s/epoch - 25ms/step
Epoch 123/200
4003/4003 - 101s - loss: 0.6128 - categorical_accuracy: 0.7878 - val_loss: 0.6297 - val_categorical_accuracy: 0.7816 - lr: 2.6214e-04 - 101s/epoch - 25ms/step
Epoch 124/200
4003/4003 - 100s - loss: 0.6127 - categorical_accuracy: 0.7881 - val_loss: 0.6284 - val_categorical_accuracy: 0.7821 - lr: 2.6214e-04 - 100s/epoch - 25ms/step
Epoch 125/200
4003/4003 - 100s - loss: 0.6127 - categorical_accuracy: 0.7881 - val_loss: 0.6413 - val_categorical_accuracy: 0.7773 - lr: 2.6214e-04 - 100s/epoch - 25ms/step
Epoch 126/200
4003/4003 - 101s - loss: 0.6128 - categorical_accuracy: 0.7879 - val_loss: 0.6314 - val_categorical_accuracy: 0.7808 - lr: 2.6214e-04 - 101s/epoch - 25ms/step
Epoch 127/200
4003/4003 - 100s - loss: 0.6124 - categorical_accuracy: 0.7881 - val_loss: 0.6291 - val_categorical_accuracy: 0.7821 - lr: 2.6214e-04 - 100s/epoch - 25ms/step
Epoch 128/200
4003/4003 - 100s - loss: 0.6110 - categorical_accuracy: 0.7881 - val_loss: 0.6271 - val_categorical_accuracy: 0.7822 - lr: 2.0972e-04 - 100s/epoch - 25ms/step
Epoch 129/200
4003/4003 - 101s - loss: 0.6107 - categorical_accuracy: 0.7887 - val_loss: 0.6281 - val_categorical_accuracy: 0.7811 - lr: 2.0972e-04 - 101s/epoch - 25ms/step
Epoch 130/200
4003/4003 - 100s - loss: 0.6106 - categorical_accuracy: 0.7886 - val_loss: 0.6273 - val_categorical_accuracy: 0.7821 - lr: 2.0972e-04 - 100s/epoch - 25ms/step
Epoch 131/200
4003/4003 - 100s - loss: 0.6105 - categorical_accuracy: 0.7889 - val_loss: 0.6286 - val_categorical_accuracy: 0.7819 - lr: 2.0972e-04 - 100s/epoch - 25ms/step
Epoch 132/200
4003/4003 - 101s - loss: 0.6107 - categorical_accuracy: 0.7887 - val_loss: 0.6299 - val_categorical_accuracy: 0.7816 - lr: 2.0972e-04 - 101s/epoch - 25ms/step
Epoch 133/200
4003/4003 - 100s - loss: 0.6107 - categorical_accuracy: 0.7885 - val_loss: 0.6302 - val_categorical_accuracy: 0.7809 - lr: 2.0972e-04 - 100s/epoch - 25ms/step
Epoch 134/200
4003/4003 - 100s - loss: 0.6104 - categorical_accuracy: 0.7886 - val_loss: 0.6301 - val_categorical_accuracy: 0.7812 - lr: 2.0972e-04 - 100s/epoch - 25ms/step
Epoch 135/200
4003/4003 - 101s - loss: 0.6104 - categorical_accuracy: 0.7892 - val_loss: 0.6285 - val_categorical_accuracy: 0.7812 - lr: 2.0972e-04 - 101s/epoch - 25ms/step
Epoch 136/200
4003/4003 - 100s - loss: 0.6104 - categorical_accuracy: 0.7884 - val_loss: 0.6283 - val_categorical_accuracy: 0.7820 - lr: 2.0972e-04 - 100s/epoch - 25ms/step
Epoch 137/200
4003/4003 - 100s - loss: 0.6106 - categorical_accuracy: 0.7887 - val_loss: 0.6282 - val_categorical_accuracy: 0.7818 - lr: 2.0972e-04 - 100s/epoch - 25ms/step
Epoch 138/200
4003/4003 - 101s - loss: 0.6102 - categorical_accuracy: 0.7887 - val_loss: 0.6283 - val_categorical_accuracy: 0.7819 - lr: 2.0972e-04 - 101s/epoch - 25ms/step
Epoch 139/200
4003/4003 - 100s - loss: 0.6087 - categorical_accuracy: 0.7894 - val_loss: 0.6274 - val_categorical_accuracy: 0.7822 - lr: 1.6777e-04 - 100s/epoch - 25ms/step
Epoch 140/200
4003/4003 - 99s - loss: 0.6087 - categorical_accuracy: 0.7892 - val_loss: 0.6284 - val_categorical_accuracy: 0.7817 - lr: 1.6777e-04 - 99s/epoch - 25ms/step
Epoch 141/200
4003/4003 - 100s - loss: 0.6086 - categorical_accuracy: 0.7894 - val_loss: 0.6285 - val_categorical_accuracy: 0.7823 - lr: 1.6777e-04 - 100s/epoch - 25ms/step
Epoch 142/200
4003/4003 - 99s - loss: 0.6086 - categorical_accuracy: 0.7894 - val_loss: 0.6281 - val_categorical_accuracy: 0.7824 - lr: 1.6777e-04 - 99s/epoch - 25ms/step
Epoch 143/200
4003/4003 - 99s - loss: 0.6086 - categorical_accuracy: 0.7893 - val_loss: 0.6267 - val_categorical_accuracy: 0.7816 - lr: 1.6777e-04 - 99s/epoch - 25ms/step
Epoch 144/200
4003/4003 - 100s - loss: 0.6086 - categorical_accuracy: 0.7891 - val_loss: 0.6278 - val_categorical_accuracy: 0.7823 - lr: 1.6777e-04 - 100s/epoch - 25ms/step
Epoch 145/200
4003/4003 - 99s - loss: 0.6085 - categorical_accuracy: 0.7892 - val_loss: 0.6291 - val_categorical_accuracy: 0.7813 - lr: 1.6777e-04 - 99s/epoch - 25ms/step
Epoch 146/200
4003/4003 - 99s - loss: 0.6084 - categorical_accuracy: 0.7895 - val_loss: 0.6298 - val_categorical_accuracy: 0.7817 - lr: 1.6777e-04 - 99s/epoch - 25ms/step
Epoch 147/200
4003/4003 - 100s - loss: 0.6084 - categorical_accuracy: 0.7896 - val_loss: 0.6272 - val_categorical_accuracy: 0.7817 - lr: 1.6777e-04 - 100s/epoch - 25ms/step
Epoch 148/200
4003/4003 - 99s - loss: 0.6084 - categorical_accuracy: 0.7893 - val_loss: 0.6286 - val_categorical_accuracy: 0.7820 - lr: 1.6777e-04 - 99s/epoch - 25ms/step
Epoch 149/200
4003/4003 - 99s - loss: 0.6083 - categorical_accuracy: 0.7894 - val_loss: 0.6290 - val_categorical_accuracy: 0.7819 - lr: 1.6777e-04 - 99s/epoch - 25ms/step
Epoch 150/200
4003/4003 - 100s - loss: 0.6083 - categorical_accuracy: 0.7893 - val_loss: 0.6281 - val_categorical_accuracy: 0.7823 - lr: 1.6777e-04 - 100s/epoch - 25ms/step
Epoch 151/200
4003/4003 - 99s - loss: 0.6082 - categorical_accuracy: 0.7893 - val_loss: 0.6271 - val_categorical_accuracy: 0.7815 - lr: 1.6777e-04 - 99s/epoch - 25ms/step
Epoch 152/200
4003/4003 - 99s - loss: 0.6084 - categorical_accuracy: 0.7893 - val_loss: 0.6283 - val_categorical_accuracy: 0.7816 - lr: 1.6777e-04 - 99s/epoch - 25ms/step
Epoch 153/200
4003/4003 - 100s - loss: 0.6072 - categorical_accuracy: 0.7898 - val_loss: 0.6272 - val_categorical_accuracy: 0.7822 - lr: 1.3422e-04 - 100s/epoch - 25ms/step
Epoch 154/200
4003/4003 - 99s - loss: 0.6070 - categorical_accuracy: 0.7898 - val_loss: 0.6275 - val_categorical_accuracy: 0.7820 - lr: 1.3422e-04 - 99s/epoch - 25ms/step
Epoch 155/200
4003/4003 - 99s - loss: 0.6072 - categorical_accuracy: 0.7900 - val_loss: 0.6281 - val_categorical_accuracy: 0.7822 - lr: 1.3422e-04 - 99s/epoch - 25ms/step
Epoch 156/200
4003/4003 - 100s - loss: 0.6068 - categorical_accuracy: 0.7900 - val_loss: 0.6274 - val_categorical_accuracy: 0.7823 - lr: 1.3422e-04 - 100s/epoch - 25ms/step
Epoch 157/200
4003/4003 - 99s - loss: 0.6070 - categorical_accuracy: 0.7899 - val_loss: 0.6275 - val_categorical_accuracy: 0.7821 - lr: 1.3422e-04 - 99s/epoch - 25ms/step
Epoch 158/200
4003/4003 - 99s - loss: 0.6069 - categorical_accuracy: 0.7897 - val_loss: 0.6281 - val_categorical_accuracy: 0.7820 - lr: 1.3422e-04 - 99s/epoch - 25ms/step
Epoch 159/200
4003/4003 - 100s - loss: 0.6067 - categorical_accuracy: 0.7899 - val_loss: 0.6265 - val_categorical_accuracy: 0.7824 - lr: 1.3422e-04 - 100s/epoch - 25ms/step
Epoch 160/200
4003/4003 - 99s - loss: 0.6066 - categorical_accuracy: 0.7903 - val_loss: 0.6273 - val_categorical_accuracy: 0.7818 - lr: 1.3422e-04 - 99s/epoch - 25ms/step
Epoch 161/200
4003/4003 - 99s - loss: 0.6069 - categorical_accuracy: 0.7900 - val_loss: 0.6282 - val_categorical_accuracy: 0.7818 - lr: 1.3422e-04 - 99s/epoch - 25ms/step
Epoch 162/200
4003/4003 - 99s - loss: 0.6069 - categorical_accuracy: 0.7900 - val_loss: 0.6310 - val_categorical_accuracy: 0.7813 - lr: 1.3422e-04 - 99s/epoch - 25ms/step
Epoch 163/200
4003/4003 - 100s - loss: 0.6058 - categorical_accuracy: 0.7901 - val_loss: 0.6279 - val_categorical_accuracy: 0.7818 - lr: 1.0737e-04 - 100s/epoch - 25ms/step
Epoch 164/200
4003/4003 - 99s - loss: 0.6057 - categorical_accuracy: 0.7905 - val_loss: 0.6264 - val_categorical_accuracy: 0.7822 - lr: 1.0737e-04 - 99s/epoch - 25ms/step
Epoch 165/200
4003/4003 - 99s - loss: 0.6059 - categorical_accuracy: 0.7903 - val_loss: 0.6266 - val_categorical_accuracy: 0.7825 - lr: 1.0737e-04 - 99s/epoch - 25ms/step
Epoch 166/200
4003/4003 - 100s - loss: 0.6057 - categorical_accuracy: 0.7902 - val_loss: 0.6276 - val_categorical_accuracy: 0.7817 - lr: 1.0737e-04 - 100s/epoch - 25ms/step
Epoch 167/200
4003/4003 - 99s - loss: 0.6058 - categorical_accuracy: 0.7902 - val_loss: 0.6271 - val_categorical_accuracy: 0.7823 - lr: 1.0737e-04 - 99s/epoch - 25ms/step
Epoch 168/200
4003/4003 - 99s - loss: 0.6056 - categorical_accuracy: 0.7902 - val_loss: 0.6263 - val_categorical_accuracy: 0.7826 - lr: 1.0737e-04 - 99s/epoch - 25ms/step
Epoch 169/200
4003/4003 - 100s - loss: 0.6055 - categorical_accuracy: 0.7906 - val_loss: 0.6267 - val_categorical_accuracy: 0.7822 - lr: 1.0737e-04 - 100s/epoch - 25ms/step
Epoch 170/200
4003/4003 - 99s - loss: 0.6056 - categorical_accuracy: 0.7904 - val_loss: 0.6278 - val_categorical_accuracy: 0.7820 - lr: 1.0737e-04 - 99s/epoch - 25ms/step
Epoch 171/200
4003/4003 - 99s - loss: 0.6056 - categorical_accuracy: 0.7903 - val_loss: 0.6270 - val_categorical_accuracy: 0.7822 - lr: 1.0737e-04 - 99s/epoch - 25ms/step
Epoch 172/200
4003/4003 - 100s - loss: 0.6055 - categorical_accuracy: 0.7904 - val_loss: 0.6274 - val_categorical_accuracy: 0.7821 - lr: 1.0737e-04 - 100s/epoch - 25ms/step
Epoch 173/200
4003/4003 - 99s - loss: 0.6055 - categorical_accuracy: 0.7904 - val_loss: 0.6267 - val_categorical_accuracy: 0.7824 - lr: 1.0737e-04 - 99s/epoch - 25ms/step
Epoch 174/200
4003/4003 - 99s - loss: 0.6057 - categorical_accuracy: 0.7901 - val_loss: 0.6262 - val_categorical_accuracy: 0.7826 - lr: 1.0737e-04 - 99s/epoch - 25ms/step
Epoch 175/200
4003/4003 - 100s - loss: 0.6054 - categorical_accuracy: 0.7904 - val_loss: 0.6273 - val_categorical_accuracy: 0.7821 - lr: 1.0737e-04 - 100s/epoch - 25ms/step
Epoch 176/200
4003/4003 - 99s - loss: 0.6052 - categorical_accuracy: 0.7907 - val_loss: 0.6273 - val_categorical_accuracy: 0.7822 - lr: 1.0737e-04 - 99s/epoch - 25ms/step
Epoch 177/200
4003/4003 - 99s - loss: 0.6053 - categorical_accuracy: 0.7903 - val_loss: 0.6261 - val_categorical_accuracy: 0.7828 - lr: 1.0737e-04 - 99s/epoch - 25ms/step
Epoch 178/200
4003/4003 - 100s - loss: 0.6055 - categorical_accuracy: 0.7905 - val_loss: 0.6262 - val_categorical_accuracy: 0.7830 - lr: 1.0737e-04 - 100s/epoch - 25ms/step
Epoch 179/200
4003/4003 - 99s - loss: 0.6053 - categorical_accuracy: 0.7905 - val_loss: 0.6280 - val_categorical_accuracy: 0.7818 - lr: 1.0737e-04 - 99s/epoch - 25ms/step
Epoch 180/200
4003/4003 - 99s - loss: 0.6052 - categorical_accuracy: 0.7904 - val_loss: 0.6318 - val_categorical_accuracy: 0.7800 - lr: 1.0737e-04 - 99s/epoch - 25ms/step
Epoch 181/200
4003/4003 - 100s - loss: 0.6051 - categorical_accuracy: 0.7905 - val_loss: 0.6258 - val_categorical_accuracy: 0.7829 - lr: 1.0737e-04 - 100s/epoch - 25ms/step
Epoch 182/200
4003/4003 - 99s - loss: 0.6052 - categorical_accuracy: 0.7908 - val_loss: 0.6277 - val_categorical_accuracy: 0.7822 - lr: 1.0737e-04 - 99s/epoch - 25ms/step
Epoch 183/200
4003/4003 - 99s - loss: 0.6053 - categorical_accuracy: 0.7908 - val_loss: 0.6269 - val_categorical_accuracy: 0.7821 - lr: 1.0737e-04 - 99s/epoch - 25ms/step
Epoch 184/200
4003/4003 - 100s - loss: 0.6052 - categorical_accuracy: 0.7906 - val_loss: 0.6265 - val_categorical_accuracy: 0.7823 - lr: 1.0737e-04 - 100s/epoch - 25ms/step
Epoch 185/200
4003/4003 - 99s - loss: 0.6052 - categorical_accuracy: 0.7905 - val_loss: 0.6283 - val_categorical_accuracy: 0.7823 - lr: 1.0737e-04 - 99s/epoch - 25ms/step
Epoch 186/200
4003/4003 - 99s - loss: 0.6051 - categorical_accuracy: 0.7906 - val_loss: 0.6270 - val_categorical_accuracy: 0.7828 - lr: 1.0737e-04 - 99s/epoch - 25ms/step
Epoch 187/200
4003/4003 - 100s - loss: 0.6051 - categorical_accuracy: 0.7906 - val_loss: 0.6261 - val_categorical_accuracy: 0.7831 - lr: 1.0737e-04 - 100s/epoch - 25ms/step
Epoch 188/200
4003/4003 - 99s - loss: 0.6051 - categorical_accuracy: 0.7907 - val_loss: 0.6264 - val_categorical_accuracy: 0.7829 - lr: 1.0737e-04 - 99s/epoch - 25ms/step
Epoch 189/200
4003/4003 - 99s - loss: 0.6052 - categorical_accuracy: 0.7905 - val_loss: 0.6290 - val_categorical_accuracy: 0.7816 - lr: 1.0737e-04 - 99s/epoch - 25ms/step
Epoch 190/200
4003/4003 - 100s - loss: 0.6049 - categorical_accuracy: 0.7906 - val_loss: 0.6278 - val_categorical_accuracy: 0.7819 - lr: 1.0737e-04 - 100s/epoch - 25ms/step
Epoch 191/200
4003/4003 - 99s - loss: 0.6049 - categorical_accuracy: 0.7908 - val_loss: 0.6260 - val_categorical_accuracy: 0.7827 - lr: 1.0737e-04 - 99s/epoch - 25ms/step
Epoch 192/200
4003/4003 - 99s - loss: 0.6049 - categorical_accuracy: 0.7904 - val_loss: 0.6270 - val_categorical_accuracy: 0.7823 - lr: 1.0737e-04 - 99s/epoch - 25ms/step
Epoch 193/200
4003/4003 - 100s - loss: 0.6048 - categorical_accuracy: 0.7906 - val_loss: 0.6271 - val_categorical_accuracy: 0.7823 - lr: 1.0737e-04 - 100s/epoch - 25ms/step
Epoch 194/200
4003/4003 - 99s - loss: 0.6050 - categorical_accuracy: 0.7905 - val_loss: 0.6272 - val_categorical_accuracy: 0.7819 - lr: 1.0737e-04 - 99s/epoch - 25ms/step
Epoch 195/200
4003/4003 - 99s - loss: 0.6050 - categorical_accuracy: 0.7907 - val_loss: 0.6269 - val_categorical_accuracy: 0.7823 - lr: 1.0737e-04 - 99s/epoch - 25ms/step
Epoch 196/200
4003/4003 - 99s - loss: 0.6049 - categorical_accuracy: 0.7904 - val_loss: 0.6265 - val_categorical_accuracy: 0.7827 - lr: 1.0737e-04 - 99s/epoch - 25ms/step
Epoch 197/200
4003/4003 - 99s - loss: 0.6049 - categorical_accuracy: 0.7905 - val_loss: 0.6268 - val_categorical_accuracy: 0.7827 - lr: 1.0737e-04 - 99s/epoch - 25ms/step
Epoch 198/200
4003/4003 - 99s - loss: 0.6045 - categorical_accuracy: 0.7904 - val_loss: 0.6281 - val_categorical_accuracy: 0.7816 - lr: 1.0000e-04 - 99s/epoch - 25ms/step
Epoch 199/200
4003/4003 - 100s - loss: 0.6045 - categorical_accuracy: 0.7906 - val_loss: 0.6264 - val_categorical_accuracy: 0.7821 - lr: 1.0000e-04 - 100s/epoch - 25ms/step
Epoch 200/200
4003/4003 - 99s - loss: 0.6046 - categorical_accuracy: 0.7905 - val_loss: 0.6272 - val_categorical_accuracy: 0.7819 - lr: 1.0000e-04 - 99s/epoch - 25ms/step
[92m
Saved model to: [0m trained_intnets/jedinet_exploration_11
Loss vs epochs plot saved to trained_intnets/jedinet_exploration_11.
Accuracy vs epochs plot saved to trained_intnets/jedinet_exploration_11.
[92m
Plots done! [0m
