[96m
GPU: NVIDIA GeForce GTX 1080 Ti[0m

----------------
[92mData loading complete:[0m
Training data size: 5.72e+05
Test data size: 0.00e+00
----------------

Shuffling constituents...
[92mShuffled the training data! 🃏
[0m
[92mNumber of constituents: 8[0m
Instantiating model...
[92mModel compiled and built![0m
[95m
TRAINING THE MODEL 💪[0m
==================
Epoch 1/100
782/782 - 9s - loss: 1.1629 - categorical_accuracy: 0.5388 - val_loss: 1.0905 - val_categorical_accuracy: 0.5786 - lr: 5.0000e-04 - 9s/epoch - 12ms/step
Epoch 2/100
782/782 - 4s - loss: 1.0665 - categorical_accuracy: 0.5884 - val_loss: 1.0450 - val_categorical_accuracy: 0.5942 - lr: 5.0000e-04 - 4s/epoch - 6ms/step
Epoch 3/100
782/782 - 4s - loss: 1.0442 - categorical_accuracy: 0.5975 - val_loss: 1.0263 - val_categorical_accuracy: 0.6067 - lr: 5.0000e-04 - 4s/epoch - 6ms/step
Epoch 4/100
782/782 - 4s - loss: 1.0341 - categorical_accuracy: 0.6007 - val_loss: 1.0339 - val_categorical_accuracy: 0.5919 - lr: 5.0000e-04 - 4s/epoch - 6ms/step
Epoch 5/100
782/782 - 4s - loss: 1.0167 - categorical_accuracy: 0.6084 - val_loss: 1.0158 - val_categorical_accuracy: 0.6032 - lr: 5.0000e-04 - 4s/epoch - 6ms/step
Epoch 6/100
782/782 - 5s - loss: 1.0090 - categorical_accuracy: 0.6116 - val_loss: 0.9896 - val_categorical_accuracy: 0.6222 - lr: 5.0000e-04 - 5s/epoch - 6ms/step
Epoch 7/100
782/782 - 5s - loss: 1.0018 - categorical_accuracy: 0.6149 - val_loss: 0.9991 - val_categorical_accuracy: 0.6148 - lr: 5.0000e-04 - 5s/epoch - 6ms/step
Epoch 8/100
782/782 - 4s - loss: 0.9938 - categorical_accuracy: 0.6191 - val_loss: 0.9746 - val_categorical_accuracy: 0.6270 - lr: 5.0000e-04 - 4s/epoch - 6ms/step
Epoch 9/100
782/782 - 4s - loss: 0.9872 - categorical_accuracy: 0.6217 - val_loss: 0.9689 - val_categorical_accuracy: 0.6305 - lr: 5.0000e-04 - 4s/epoch - 6ms/step
Epoch 10/100
782/782 - 5s - loss: 0.9851 - categorical_accuracy: 0.6226 - val_loss: 0.9673 - val_categorical_accuracy: 0.6323 - lr: 5.0000e-04 - 5s/epoch - 6ms/step
Epoch 11/100
782/782 - 5s - loss: 0.9818 - categorical_accuracy: 0.6233 - val_loss: 0.9632 - val_categorical_accuracy: 0.6341 - lr: 5.0000e-04 - 5s/epoch - 6ms/step
Epoch 12/100
782/782 - 4s - loss: 0.9780 - categorical_accuracy: 0.6252 - val_loss: 0.9692 - val_categorical_accuracy: 0.6308 - lr: 5.0000e-04 - 4s/epoch - 6ms/step
Epoch 13/100
782/782 - 4s - loss: 0.9756 - categorical_accuracy: 0.6265 - val_loss: 0.9704 - val_categorical_accuracy: 0.6284 - lr: 5.0000e-04 - 4s/epoch - 6ms/step
Epoch 14/100
782/782 - 5s - loss: 0.9716 - categorical_accuracy: 0.6283 - val_loss: 0.9611 - val_categorical_accuracy: 0.6345 - lr: 5.0000e-04 - 5s/epoch - 6ms/step
Epoch 15/100
782/782 - 5s - loss: 0.9699 - categorical_accuracy: 0.6293 - val_loss: 0.9637 - val_categorical_accuracy: 0.6324 - lr: 5.0000e-04 - 5s/epoch - 6ms/step
Epoch 16/100
782/782 - 5s - loss: 0.9678 - categorical_accuracy: 0.6292 - val_loss: 0.9552 - val_categorical_accuracy: 0.6359 - lr: 5.0000e-04 - 5s/epoch - 6ms/step
Epoch 17/100
782/782 - 5s - loss: 0.9676 - categorical_accuracy: 0.6300 - val_loss: 0.9601 - val_categorical_accuracy: 0.6330 - lr: 5.0000e-04 - 5s/epoch - 6ms/step
Epoch 18/100
782/782 - 4s - loss: 0.9652 - categorical_accuracy: 0.6303 - val_loss: 0.9510 - val_categorical_accuracy: 0.6389 - lr: 5.0000e-04 - 4s/epoch - 6ms/step
Epoch 19/100
782/782 - 4s - loss: 0.9622 - categorical_accuracy: 0.6318 - val_loss: 0.9597 - val_categorical_accuracy: 0.6333 - lr: 5.0000e-04 - 4s/epoch - 6ms/step
Epoch 20/100
782/782 - 5s - loss: 0.9618 - categorical_accuracy: 0.6318 - val_loss: 0.9518 - val_categorical_accuracy: 0.6372 - lr: 5.0000e-04 - 5s/epoch - 6ms/step
Epoch 21/100
782/782 - 5s - loss: 0.9620 - categorical_accuracy: 0.6314 - val_loss: 0.9445 - val_categorical_accuracy: 0.6415 - lr: 5.0000e-04 - 5s/epoch - 6ms/step
Epoch 22/100
782/782 - 5s - loss: 0.9615 - categorical_accuracy: 0.6315 - val_loss: 0.9531 - val_categorical_accuracy: 0.6339 - lr: 5.0000e-04 - 5s/epoch - 6ms/step
Epoch 23/100
782/782 - 5s - loss: 0.9608 - categorical_accuracy: 0.6312 - val_loss: 0.9432 - val_categorical_accuracy: 0.6405 - lr: 5.0000e-04 - 5s/epoch - 6ms/step
Epoch 24/100
782/782 - 4s - loss: 0.9589 - categorical_accuracy: 0.6329 - val_loss: 0.9456 - val_categorical_accuracy: 0.6375 - lr: 5.0000e-04 - 4s/epoch - 6ms/step
Epoch 25/100
782/782 - 5s - loss: 0.9589 - categorical_accuracy: 0.6324 - val_loss: 0.9458 - val_categorical_accuracy: 0.6393 - lr: 5.0000e-04 - 5s/epoch - 6ms/step
Epoch 26/100
782/782 - 4s - loss: 0.9557 - categorical_accuracy: 0.6336 - val_loss: 0.9390 - val_categorical_accuracy: 0.6439 - lr: 5.0000e-04 - 4s/epoch - 6ms/step
Epoch 27/100
782/782 - 4s - loss: 0.9568 - categorical_accuracy: 0.6331 - val_loss: 0.9401 - val_categorical_accuracy: 0.6424 - lr: 5.0000e-04 - 4s/epoch - 6ms/step
Epoch 28/100
782/782 - 4s - loss: 0.9566 - categorical_accuracy: 0.6330 - val_loss: 0.9429 - val_categorical_accuracy: 0.6417 - lr: 5.0000e-04 - 4s/epoch - 6ms/step
Epoch 29/100
782/782 - 5s - loss: 0.9531 - categorical_accuracy: 0.6354 - val_loss: 0.9414 - val_categorical_accuracy: 0.6411 - lr: 5.0000e-04 - 5s/epoch - 7ms/step
Epoch 30/100
782/782 - 5s - loss: 0.9560 - categorical_accuracy: 0.6331 - val_loss: 0.9396 - val_categorical_accuracy: 0.6428 - lr: 5.0000e-04 - 5s/epoch - 6ms/step
Epoch 31/100
782/782 - 4s - loss: 0.9526 - categorical_accuracy: 0.6344 - val_loss: 0.9355 - val_categorical_accuracy: 0.6446 - lr: 5.0000e-04 - 4s/epoch - 6ms/step
Epoch 32/100
782/782 - 5s - loss: 0.9517 - categorical_accuracy: 0.6354 - val_loss: 0.9362 - val_categorical_accuracy: 0.6445 - lr: 5.0000e-04 - 5s/epoch - 6ms/step
Epoch 33/100
782/782 - 4s - loss: 0.9498 - categorical_accuracy: 0.6358 - val_loss: 0.9479 - val_categorical_accuracy: 0.6373 - lr: 5.0000e-04 - 4s/epoch - 6ms/step
Epoch 34/100
782/782 - 5s - loss: 0.9512 - categorical_accuracy: 0.6352 - val_loss: 0.9432 - val_categorical_accuracy: 0.6392 - lr: 5.0000e-04 - 5s/epoch - 6ms/step
Epoch 35/100
782/782 - 4s - loss: 0.9516 - categorical_accuracy: 0.6346 - val_loss: 0.9367 - val_categorical_accuracy: 0.6437 - lr: 5.0000e-04 - 4s/epoch - 6ms/step
Epoch 36/100
782/782 - 4s - loss: 0.9501 - categorical_accuracy: 0.6357 - val_loss: 0.9373 - val_categorical_accuracy: 0.6430 - lr: 5.0000e-04 - 4s/epoch - 6ms/step
Epoch 37/100
782/782 - 5s - loss: 0.9494 - categorical_accuracy: 0.6363 - val_loss: 0.9504 - val_categorical_accuracy: 0.6351 - lr: 5.0000e-04 - 5s/epoch - 6ms/step
Epoch 38/100
782/782 - 4s - loss: 0.9497 - categorical_accuracy: 0.6363 - val_loss: 0.9410 - val_categorical_accuracy: 0.6413 - lr: 5.0000e-04 - 4s/epoch - 6ms/step
Epoch 39/100
782/782 - 5s - loss: 0.9490 - categorical_accuracy: 0.6365 - val_loss: 0.9512 - val_categorical_accuracy: 0.6345 - lr: 5.0000e-04 - 5s/epoch - 6ms/step
Epoch 40/100
782/782 - 4s - loss: 0.9492 - categorical_accuracy: 0.6362 - val_loss: 0.9353 - val_categorical_accuracy: 0.6424 - lr: 5.0000e-04 - 4s/epoch - 6ms/step
Epoch 41/100
782/782 - 5s - loss: 0.9452 - categorical_accuracy: 0.6378 - val_loss: 0.9411 - val_categorical_accuracy: 0.6375 - lr: 5.0000e-04 - 5s/epoch - 6ms/step
[95m
SAVING RESULTS[0m
==============
[92m
Saved model to: [0m trained_intnets/perm_invariant_conv_2
Loss vs epochs plot saved to trained_intnets/perm_invariant_conv_2.
Accuracy vs epochs plot saved to trained_intnets/perm_invariant_conv_2.
[92m
Jobs done! 🍰✨[0m
