[96m
GPU: NVIDIA GeForce GTX 1080 Ti[0m

----------------
[92mData loading complete:[0m
Training data size: 5.72e+05
Test data size: 0.00e+00
----------------

Shuffling constituents...
[92mShuffled the training data! 🃏
[0m
[92mNumber of constituents: 8[0m
Instantiating model...
[92mModel compiled and built![0m
[95m
TRAINING THE MODEL 💪[0m
==================
Epoch 1/100
782/782 - 9s - loss: 1.2021 - categorical_accuracy: 0.5081 - val_loss: 1.0939 - val_categorical_accuracy: 0.5758 - lr: 5.0000e-04 - 9s/epoch - 12ms/step
Epoch 2/100
782/782 - 4s - loss: 1.0670 - categorical_accuracy: 0.5894 - val_loss: 1.0542 - val_categorical_accuracy: 0.5919 - lr: 5.0000e-04 - 4s/epoch - 5ms/step
Epoch 3/100
782/782 - 4s - loss: 1.0373 - categorical_accuracy: 0.6037 - val_loss: 1.0151 - val_categorical_accuracy: 0.6173 - lr: 5.0000e-04 - 4s/epoch - 5ms/step
Epoch 4/100
782/782 - 4s - loss: 1.0216 - categorical_accuracy: 0.6098 - val_loss: 1.0045 - val_categorical_accuracy: 0.6187 - lr: 5.0000e-04 - 4s/epoch - 5ms/step
Epoch 5/100
782/782 - 4s - loss: 1.0065 - categorical_accuracy: 0.6165 - val_loss: 1.0070 - val_categorical_accuracy: 0.6122 - lr: 5.0000e-04 - 4s/epoch - 5ms/step
Epoch 6/100
782/782 - 5s - loss: 1.0007 - categorical_accuracy: 0.6188 - val_loss: 0.9821 - val_categorical_accuracy: 0.6290 - lr: 5.0000e-04 - 5s/epoch - 6ms/step
Epoch 7/100
782/782 - 4s - loss: 0.9949 - categorical_accuracy: 0.6212 - val_loss: 0.9905 - val_categorical_accuracy: 0.6231 - lr: 5.0000e-04 - 4s/epoch - 5ms/step
Epoch 8/100
782/782 - 4s - loss: 0.9886 - categorical_accuracy: 0.6236 - val_loss: 0.9739 - val_categorical_accuracy: 0.6323 - lr: 5.0000e-04 - 4s/epoch - 5ms/step
Epoch 9/100
782/782 - 4s - loss: 0.9840 - categorical_accuracy: 0.6260 - val_loss: 0.9675 - val_categorical_accuracy: 0.6346 - lr: 5.0000e-04 - 4s/epoch - 5ms/step
Epoch 10/100
782/782 - 4s - loss: 0.9802 - categorical_accuracy: 0.6266 - val_loss: 0.9631 - val_categorical_accuracy: 0.6362 - lr: 5.0000e-04 - 4s/epoch - 5ms/step
Epoch 11/100
782/782 - 4s - loss: 0.9784 - categorical_accuracy: 0.6265 - val_loss: 0.9659 - val_categorical_accuracy: 0.6340 - lr: 5.0000e-04 - 4s/epoch - 5ms/step
Epoch 12/100
782/782 - 4s - loss: 0.9735 - categorical_accuracy: 0.6293 - val_loss: 0.9727 - val_categorical_accuracy: 0.6298 - lr: 5.0000e-04 - 4s/epoch - 5ms/step
Epoch 13/100
782/782 - 4s - loss: 0.9724 - categorical_accuracy: 0.6293 - val_loss: 0.9617 - val_categorical_accuracy: 0.6357 - lr: 5.0000e-04 - 4s/epoch - 5ms/step
Epoch 14/100
782/782 - 4s - loss: 0.9703 - categorical_accuracy: 0.6294 - val_loss: 0.9603 - val_categorical_accuracy: 0.6361 - lr: 5.0000e-04 - 4s/epoch - 5ms/step
Epoch 15/100
782/782 - 4s - loss: 0.9667 - categorical_accuracy: 0.6315 - val_loss: 0.9542 - val_categorical_accuracy: 0.6387 - lr: 5.0000e-04 - 4s/epoch - 5ms/step
Epoch 16/100
782/782 - 4s - loss: 0.9652 - categorical_accuracy: 0.6317 - val_loss: 0.9508 - val_categorical_accuracy: 0.6403 - lr: 5.0000e-04 - 4s/epoch - 5ms/step
Epoch 17/100
782/782 - 4s - loss: 0.9646 - categorical_accuracy: 0.6320 - val_loss: 0.9512 - val_categorical_accuracy: 0.6399 - lr: 5.0000e-04 - 4s/epoch - 5ms/step
Epoch 18/100
782/782 - 4s - loss: 0.9622 - categorical_accuracy: 0.6326 - val_loss: 0.9482 - val_categorical_accuracy: 0.6410 - lr: 5.0000e-04 - 4s/epoch - 5ms/step
Epoch 19/100
782/782 - 4s - loss: 0.9590 - categorical_accuracy: 0.6341 - val_loss: 0.9482 - val_categorical_accuracy: 0.6414 - lr: 5.0000e-04 - 4s/epoch - 5ms/step
Epoch 20/100
782/782 - 4s - loss: 0.9589 - categorical_accuracy: 0.6340 - val_loss: 0.9471 - val_categorical_accuracy: 0.6411 - lr: 5.0000e-04 - 4s/epoch - 5ms/step
Epoch 21/100
782/782 - 4s - loss: 0.9581 - categorical_accuracy: 0.6340 - val_loss: 0.9463 - val_categorical_accuracy: 0.6407 - lr: 5.0000e-04 - 4s/epoch - 5ms/step
Epoch 22/100
782/782 - 4s - loss: 0.9574 - categorical_accuracy: 0.6344 - val_loss: 0.9436 - val_categorical_accuracy: 0.6420 - lr: 5.0000e-04 - 4s/epoch - 5ms/step
Epoch 23/100
782/782 - 4s - loss: 0.9574 - categorical_accuracy: 0.6339 - val_loss: 0.9435 - val_categorical_accuracy: 0.6415 - lr: 5.0000e-04 - 4s/epoch - 5ms/step
Epoch 24/100
782/782 - 4s - loss: 0.9553 - categorical_accuracy: 0.6353 - val_loss: 0.9400 - val_categorical_accuracy: 0.6435 - lr: 5.0000e-04 - 4s/epoch - 5ms/step
Epoch 25/100
782/782 - 4s - loss: 0.9546 - categorical_accuracy: 0.6350 - val_loss: 0.9429 - val_categorical_accuracy: 0.6419 - lr: 5.0000e-04 - 4s/epoch - 5ms/step
Epoch 26/100
782/782 - 4s - loss: 0.9517 - categorical_accuracy: 0.6365 - val_loss: 0.9417 - val_categorical_accuracy: 0.6426 - lr: 5.0000e-04 - 4s/epoch - 5ms/step
Epoch 27/100
782/782 - 4s - loss: 0.9521 - categorical_accuracy: 0.6360 - val_loss: 0.9423 - val_categorical_accuracy: 0.6412 - lr: 5.0000e-04 - 4s/epoch - 5ms/step
Epoch 28/100
782/782 - 4s - loss: 0.9521 - categorical_accuracy: 0.6358 - val_loss: 0.9388 - val_categorical_accuracy: 0.6438 - lr: 5.0000e-04 - 4s/epoch - 5ms/step
Epoch 29/100
782/782 - 4s - loss: 0.9490 - categorical_accuracy: 0.6368 - val_loss: 0.9455 - val_categorical_accuracy: 0.6392 - lr: 5.0000e-04 - 4s/epoch - 5ms/step
Epoch 30/100
782/782 - 4s - loss: 0.9505 - categorical_accuracy: 0.6363 - val_loss: 0.9422 - val_categorical_accuracy: 0.6423 - lr: 5.0000e-04 - 4s/epoch - 5ms/step
Epoch 31/100
782/782 - 4s - loss: 0.9486 - categorical_accuracy: 0.6368 - val_loss: 0.9336 - val_categorical_accuracy: 0.6464 - lr: 5.0000e-04 - 4s/epoch - 5ms/step
Epoch 32/100
782/782 - 4s - loss: 0.9463 - categorical_accuracy: 0.6383 - val_loss: 0.9328 - val_categorical_accuracy: 0.6460 - lr: 5.0000e-04 - 4s/epoch - 5ms/step
Epoch 33/100
782/782 - 4s - loss: 0.9447 - categorical_accuracy: 0.6383 - val_loss: 0.9472 - val_categorical_accuracy: 0.6377 - lr: 5.0000e-04 - 4s/epoch - 5ms/step
Epoch 34/100
782/782 - 4s - loss: 0.9460 - categorical_accuracy: 0.6382 - val_loss: 0.9348 - val_categorical_accuracy: 0.6454 - lr: 5.0000e-04 - 4s/epoch - 5ms/step
Epoch 35/100
782/782 - 4s - loss: 0.9466 - categorical_accuracy: 0.6374 - val_loss: 0.9329 - val_categorical_accuracy: 0.6462 - lr: 5.0000e-04 - 4s/epoch - 5ms/step
Epoch 36/100
782/782 - 4s - loss: 0.9444 - categorical_accuracy: 0.6388 - val_loss: 0.9407 - val_categorical_accuracy: 0.6411 - lr: 5.0000e-04 - 4s/epoch - 5ms/step
Epoch 37/100
782/782 - 4s - loss: 0.9439 - categorical_accuracy: 0.6388 - val_loss: 0.9442 - val_categorical_accuracy: 0.6396 - lr: 5.0000e-04 - 4s/epoch - 5ms/step
Epoch 38/100
782/782 - 4s - loss: 0.9439 - categorical_accuracy: 0.6385 - val_loss: 0.9324 - val_categorical_accuracy: 0.6462 - lr: 5.0000e-04 - 4s/epoch - 5ms/step
Epoch 39/100
782/782 - 4s - loss: 0.9434 - categorical_accuracy: 0.6388 - val_loss: 0.9484 - val_categorical_accuracy: 0.6359 - lr: 5.0000e-04 - 4s/epoch - 6ms/step
Epoch 40/100
782/782 - 5s - loss: 0.9436 - categorical_accuracy: 0.6386 - val_loss: 0.9284 - val_categorical_accuracy: 0.6464 - lr: 5.0000e-04 - 5s/epoch - 6ms/step
Epoch 41/100
782/782 - 5s - loss: 0.9403 - categorical_accuracy: 0.6401 - val_loss: 0.9403 - val_categorical_accuracy: 0.6393 - lr: 5.0000e-04 - 5s/epoch - 6ms/step
[95m
SAVING RESULTS[0m
==============
[92m
Saved model to: [0m trained_intnets/perm_invariant_conv_2
Loss vs epochs plot saved to trained_intnets/perm_invariant_conv_2.
Accuracy vs epochs plot saved to trained_intnets/perm_invariant_conv_2.
[92m
Jobs done! 🍰✨[0m
