[96m
GPU: NVIDIA GeForce GTX 1080 Ti[0m

----------------
[92mData loading complete:[0m
Training data size: 5.72e+05
Test data size: 0.00e+00
----------------

Shuffling constituents...
[92mShuffled the training data! 🃏
[0m
[92mNumber of constituents: 8[0m
Instantiating model...
[92mModel compiled and built![0m
[95m
TRAINING THE MODEL 💪[0m
==================

Training parameters
-------------------
[92mOptimiser: 	[0m {'name': 'Adam', 'learning_rate': 0.0005, 'decay': 0.0, 'beta_1': 0.9, 'beta_2': 0.999, 'epsilon': 1e-07, 'amsgrad': False}
[92mBatch size: 	[0m 512
[92mTraining epochs:[0m 100
[92mLoss: 		[0m categorical_crossentropy

Epoch 1/100
782/782 - 8s - loss: 1.1659 - categorical_accuracy: 0.5363 - val_loss: 1.0832 - val_categorical_accuracy: 0.5831 - lr: 5.0000e-04 - 8s/epoch - 10ms/step
Epoch 2/100
782/782 - 4s - loss: 1.0667 - categorical_accuracy: 0.5892 - val_loss: 1.0424 - val_categorical_accuracy: 0.6032 - lr: 5.0000e-04 - 4s/epoch - 5ms/step
Epoch 3/100
782/782 - 4s - loss: 1.0453 - categorical_accuracy: 0.5988 - val_loss: 1.0252 - val_categorical_accuracy: 0.6096 - lr: 5.0000e-04 - 4s/epoch - 6ms/step
Epoch 4/100
782/782 - 4s - loss: 1.0315 - categorical_accuracy: 0.6046 - val_loss: 1.0109 - val_categorical_accuracy: 0.6151 - lr: 5.0000e-04 - 4s/epoch - 5ms/step
Epoch 5/100
782/782 - 4s - loss: 1.0209 - categorical_accuracy: 0.6090 - val_loss: 1.0013 - val_categorical_accuracy: 0.6182 - lr: 5.0000e-04 - 4s/epoch - 5ms/step
Epoch 6/100
782/782 - 4s - loss: 1.0132 - categorical_accuracy: 0.6119 - val_loss: 0.9931 - val_categorical_accuracy: 0.6211 - lr: 5.0000e-04 - 4s/epoch - 5ms/step
Epoch 7/100
782/782 - 4s - loss: 1.0066 - categorical_accuracy: 0.6144 - val_loss: 0.9867 - val_categorical_accuracy: 0.6235 - lr: 5.0000e-04 - 4s/epoch - 5ms/step
Epoch 8/100
782/782 - 4s - loss: 1.0007 - categorical_accuracy: 0.6166 - val_loss: 0.9808 - val_categorical_accuracy: 0.6253 - lr: 5.0000e-04 - 4s/epoch - 5ms/step
Epoch 9/100
782/782 - 4s - loss: 0.9954 - categorical_accuracy: 0.6190 - val_loss: 0.9762 - val_categorical_accuracy: 0.6275 - lr: 5.0000e-04 - 4s/epoch - 5ms/step
Epoch 10/100
782/782 - 4s - loss: 0.9909 - categorical_accuracy: 0.6209 - val_loss: 0.9721 - val_categorical_accuracy: 0.6294 - lr: 5.0000e-04 - 4s/epoch - 5ms/step
Epoch 11/100
782/782 - 4s - loss: 0.9870 - categorical_accuracy: 0.6225 - val_loss: 0.9680 - val_categorical_accuracy: 0.6318 - lr: 5.0000e-04 - 4s/epoch - 5ms/step
Epoch 12/100
782/782 - 4s - loss: 0.9833 - categorical_accuracy: 0.6244 - val_loss: 0.9646 - val_categorical_accuracy: 0.6335 - lr: 5.0000e-04 - 4s/epoch - 5ms/step
Epoch 13/100
782/782 - 4s - loss: 0.9802 - categorical_accuracy: 0.6257 - val_loss: 0.9616 - val_categorical_accuracy: 0.6352 - lr: 5.0000e-04 - 4s/epoch - 5ms/step
Epoch 14/100
782/782 - 4s - loss: 0.9776 - categorical_accuracy: 0.6266 - val_loss: 0.9591 - val_categorical_accuracy: 0.6369 - lr: 5.0000e-04 - 4s/epoch - 5ms/step
Epoch 15/100
782/782 - 4s - loss: 0.9753 - categorical_accuracy: 0.6274 - val_loss: 0.9566 - val_categorical_accuracy: 0.6377 - lr: 5.0000e-04 - 4s/epoch - 5ms/step
Epoch 16/100
782/782 - 4s - loss: 0.9731 - categorical_accuracy: 0.6281 - val_loss: 0.9546 - val_categorical_accuracy: 0.6384 - lr: 5.0000e-04 - 4s/epoch - 5ms/step
Epoch 17/100
782/782 - 4s - loss: 0.9712 - categorical_accuracy: 0.6291 - val_loss: 0.9531 - val_categorical_accuracy: 0.6388 - lr: 5.0000e-04 - 4s/epoch - 5ms/step
Epoch 18/100
782/782 - 4s - loss: 0.9695 - categorical_accuracy: 0.6298 - val_loss: 0.9519 - val_categorical_accuracy: 0.6394 - lr: 5.0000e-04 - 4s/epoch - 5ms/step
Epoch 19/100
782/782 - 5s - loss: 0.9679 - categorical_accuracy: 0.6304 - val_loss: 0.9504 - val_categorical_accuracy: 0.6398 - lr: 5.0000e-04 - 5s/epoch - 6ms/step
Epoch 20/100
782/782 - 7s - loss: 0.9664 - categorical_accuracy: 0.6310 - val_loss: 0.9489 - val_categorical_accuracy: 0.6402 - lr: 5.0000e-04 - 7s/epoch - 8ms/step
Epoch 21/100
782/782 - 4s - loss: 0.9650 - categorical_accuracy: 0.6315 - val_loss: 0.9478 - val_categorical_accuracy: 0.6404 - lr: 5.0000e-04 - 4s/epoch - 6ms/step
Epoch 22/100
782/782 - 4s - loss: 0.9639 - categorical_accuracy: 0.6317 - val_loss: 0.9474 - val_categorical_accuracy: 0.6401 - lr: 5.0000e-04 - 4s/epoch - 5ms/step
Epoch 23/100
782/782 - 4s - loss: 0.9627 - categorical_accuracy: 0.6322 - val_loss: 0.9464 - val_categorical_accuracy: 0.6403 - lr: 5.0000e-04 - 4s/epoch - 5ms/step
Epoch 24/100
782/782 - 4s - loss: 0.9616 - categorical_accuracy: 0.6325 - val_loss: 0.9457 - val_categorical_accuracy: 0.6406 - lr: 5.0000e-04 - 4s/epoch - 5ms/step
Epoch 25/100
782/782 - 4s - loss: 0.9605 - categorical_accuracy: 0.6328 - val_loss: 0.9446 - val_categorical_accuracy: 0.6410 - lr: 5.0000e-04 - 4s/epoch - 5ms/step
Epoch 26/100
782/782 - 4s - loss: 0.9595 - categorical_accuracy: 0.6330 - val_loss: 0.9441 - val_categorical_accuracy: 0.6410 - lr: 5.0000e-04 - 4s/epoch - 5ms/step
Epoch 27/100
782/782 - 4s - loss: 0.9584 - categorical_accuracy: 0.6334 - val_loss: 0.9431 - val_categorical_accuracy: 0.6415 - lr: 5.0000e-04 - 4s/epoch - 5ms/step
Epoch 28/100
782/782 - 4s - loss: 0.9575 - categorical_accuracy: 0.6337 - val_loss: 0.9418 - val_categorical_accuracy: 0.6422 - lr: 5.0000e-04 - 4s/epoch - 5ms/step
Epoch 29/100
782/782 - 4s - loss: 0.9564 - categorical_accuracy: 0.6340 - val_loss: 0.9408 - val_categorical_accuracy: 0.6426 - lr: 5.0000e-04 - 4s/epoch - 5ms/step
Epoch 30/100
782/782 - 4s - loss: 0.9556 - categorical_accuracy: 0.6342 - val_loss: 0.9402 - val_categorical_accuracy: 0.6427 - lr: 5.0000e-04 - 4s/epoch - 5ms/step
Epoch 31/100
782/782 - 4s - loss: 0.9547 - categorical_accuracy: 0.6345 - val_loss: 0.9396 - val_categorical_accuracy: 0.6429 - lr: 5.0000e-04 - 4s/epoch - 5ms/step
Epoch 32/100
782/782 - 4s - loss: 0.9538 - categorical_accuracy: 0.6348 - val_loss: 0.9391 - val_categorical_accuracy: 0.6432 - lr: 5.0000e-04 - 4s/epoch - 5ms/step
Epoch 33/100
782/782 - 4s - loss: 0.9530 - categorical_accuracy: 0.6350 - val_loss: 0.9383 - val_categorical_accuracy: 0.6434 - lr: 5.0000e-04 - 4s/epoch - 5ms/step
Epoch 34/100
782/782 - 4s - loss: 0.9523 - categorical_accuracy: 0.6352 - val_loss: 0.9374 - val_categorical_accuracy: 0.6438 - lr: 5.0000e-04 - 4s/epoch - 5ms/step
Epoch 35/100
782/782 - 4s - loss: 0.9517 - categorical_accuracy: 0.6357 - val_loss: 0.9366 - val_categorical_accuracy: 0.6444 - lr: 5.0000e-04 - 4s/epoch - 5ms/step
Epoch 36/100
782/782 - 4s - loss: 0.9510 - categorical_accuracy: 0.6361 - val_loss: 0.9360 - val_categorical_accuracy: 0.6449 - lr: 5.0000e-04 - 4s/epoch - 5ms/step
Epoch 37/100
782/782 - 4s - loss: 0.9503 - categorical_accuracy: 0.6362 - val_loss: 0.9355 - val_categorical_accuracy: 0.6450 - lr: 5.0000e-04 - 4s/epoch - 5ms/step
Epoch 38/100
782/782 - 4s - loss: 0.9497 - categorical_accuracy: 0.6364 - val_loss: 0.9358 - val_categorical_accuracy: 0.6447 - lr: 5.0000e-04 - 4s/epoch - 5ms/step
Epoch 39/100
782/782 - 4s - loss: 0.9491 - categorical_accuracy: 0.6366 - val_loss: 0.9352 - val_categorical_accuracy: 0.6450 - lr: 5.0000e-04 - 4s/epoch - 5ms/step
Epoch 40/100
782/782 - 4s - loss: 0.9485 - categorical_accuracy: 0.6369 - val_loss: 0.9343 - val_categorical_accuracy: 0.6454 - lr: 5.0000e-04 - 4s/epoch - 5ms/step
Epoch 41/100
782/782 - 4s - loss: 0.9479 - categorical_accuracy: 0.6372 - val_loss: 0.9338 - val_categorical_accuracy: 0.6457 - lr: 5.0000e-04 - 4s/epoch - 5ms/step
Epoch 42/100
782/782 - 5s - loss: 0.9474 - categorical_accuracy: 0.6376 - val_loss: 0.9332 - val_categorical_accuracy: 0.6457 - lr: 5.0000e-04 - 5s/epoch - 6ms/step
Epoch 43/100
782/782 - 4s - loss: 0.9469 - categorical_accuracy: 0.6378 - val_loss: 0.9332 - val_categorical_accuracy: 0.6456 - lr: 5.0000e-04 - 4s/epoch - 6ms/step
Epoch 44/100
782/782 - 4s - loss: 0.9464 - categorical_accuracy: 0.6379 - val_loss: 0.9324 - val_categorical_accuracy: 0.6460 - lr: 5.0000e-04 - 4s/epoch - 5ms/step
Epoch 45/100
782/782 - 4s - loss: 0.9459 - categorical_accuracy: 0.6382 - val_loss: 0.9318 - val_categorical_accuracy: 0.6461 - lr: 5.0000e-04 - 4s/epoch - 5ms/step
Epoch 46/100
782/782 - 5s - loss: 0.9454 - categorical_accuracy: 0.6383 - val_loss: 0.9314 - val_categorical_accuracy: 0.6462 - lr: 5.0000e-04 - 5s/epoch - 7ms/step
Epoch 47/100
782/782 - 4s - loss: 0.9449 - categorical_accuracy: 0.6385 - val_loss: 0.9311 - val_categorical_accuracy: 0.6465 - lr: 5.0000e-04 - 4s/epoch - 5ms/step
Epoch 48/100
782/782 - 4s - loss: 0.9445 - categorical_accuracy: 0.6385 - val_loss: 0.9311 - val_categorical_accuracy: 0.6463 - lr: 5.0000e-04 - 4s/epoch - 5ms/step
Epoch 49/100
782/782 - 4s - loss: 0.9441 - categorical_accuracy: 0.6386 - val_loss: 0.9312 - val_categorical_accuracy: 0.6462 - lr: 5.0000e-04 - 4s/epoch - 5ms/step
Epoch 50/100
782/782 - 4s - loss: 0.9436 - categorical_accuracy: 0.6388 - val_loss: 0.9306 - val_categorical_accuracy: 0.6465 - lr: 5.0000e-04 - 4s/epoch - 5ms/step
Epoch 51/100
782/782 - 4s - loss: 0.9432 - categorical_accuracy: 0.6389 - val_loss: 0.9302 - val_categorical_accuracy: 0.6465 - lr: 5.0000e-04 - 4s/epoch - 5ms/step
Epoch 52/100
782/782 - 4s - loss: 0.9428 - categorical_accuracy: 0.6389 - val_loss: 0.9297 - val_categorical_accuracy: 0.6469 - lr: 5.0000e-04 - 4s/epoch - 5ms/step
Epoch 53/100
782/782 - 4s - loss: 0.9423 - categorical_accuracy: 0.6392 - val_loss: 0.9296 - val_categorical_accuracy: 0.6470 - lr: 5.0000e-04 - 4s/epoch - 5ms/step
Epoch 54/100
782/782 - 4s - loss: 0.9419 - categorical_accuracy: 0.6394 - val_loss: 0.9296 - val_categorical_accuracy: 0.6469 - lr: 5.0000e-04 - 4s/epoch - 5ms/step
Epoch 55/100
782/782 - 4s - loss: 0.9415 - categorical_accuracy: 0.6395 - val_loss: 0.9295 - val_categorical_accuracy: 0.6472 - lr: 5.0000e-04 - 4s/epoch - 5ms/step
Epoch 56/100
782/782 - 4s - loss: 0.9411 - categorical_accuracy: 0.6395 - val_loss: 0.9292 - val_categorical_accuracy: 0.6473 - lr: 5.0000e-04 - 4s/epoch - 5ms/step
Epoch 57/100
782/782 - 4s - loss: 0.9408 - categorical_accuracy: 0.6397 - val_loss: 0.9292 - val_categorical_accuracy: 0.6472 - lr: 5.0000e-04 - 4s/epoch - 5ms/step
Epoch 58/100
782/782 - 4s - loss: 0.9404 - categorical_accuracy: 0.6397 - val_loss: 0.9289 - val_categorical_accuracy: 0.6471 - lr: 5.0000e-04 - 4s/epoch - 5ms/step
Epoch 59/100
782/782 - 4s - loss: 0.9400 - categorical_accuracy: 0.6398 - val_loss: 0.9288 - val_categorical_accuracy: 0.6471 - lr: 5.0000e-04 - 4s/epoch - 5ms/step
Epoch 60/100
782/782 - 4s - loss: 0.9396 - categorical_accuracy: 0.6400 - val_loss: 0.9286 - val_categorical_accuracy: 0.6473 - lr: 5.0000e-04 - 4s/epoch - 5ms/step
Epoch 61/100
782/782 - 4s - loss: 0.9392 - categorical_accuracy: 0.6402 - val_loss: 0.9285 - val_categorical_accuracy: 0.6471 - lr: 5.0000e-04 - 4s/epoch - 5ms/step
Epoch 62/100
782/782 - 4s - loss: 0.9389 - categorical_accuracy: 0.6403 - val_loss: 0.9283 - val_categorical_accuracy: 0.6472 - lr: 5.0000e-04 - 4s/epoch - 5ms/step
Epoch 63/100
782/782 - 4s - loss: 0.9385 - categorical_accuracy: 0.6404 - val_loss: 0.9282 - val_categorical_accuracy: 0.6473 - lr: 5.0000e-04 - 4s/epoch - 5ms/step
Epoch 64/100
782/782 - 4s - loss: 0.9382 - categorical_accuracy: 0.6406 - val_loss: 0.9284 - val_categorical_accuracy: 0.6472 - lr: 5.0000e-04 - 4s/epoch - 5ms/step
Epoch 65/100
782/782 - 4s - loss: 0.9379 - categorical_accuracy: 0.6406 - val_loss: 0.9283 - val_categorical_accuracy: 0.6471 - lr: 5.0000e-04 - 4s/epoch - 5ms/step
Epoch 66/100
782/782 - 4s - loss: 0.9375 - categorical_accuracy: 0.6407 - val_loss: 0.9281 - val_categorical_accuracy: 0.6470 - lr: 5.0000e-04 - 4s/epoch - 5ms/step
Epoch 67/100
782/782 - 4s - loss: 0.9372 - categorical_accuracy: 0.6409 - val_loss: 0.9277 - val_categorical_accuracy: 0.6471 - lr: 5.0000e-04 - 4s/epoch - 5ms/step
Epoch 68/100
782/782 - 5s - loss: 0.9369 - categorical_accuracy: 0.6410 - val_loss: 0.9268 - val_categorical_accuracy: 0.6477 - lr: 5.0000e-04 - 5s/epoch - 6ms/step
Epoch 69/100
782/782 - 4s - loss: 0.9366 - categorical_accuracy: 0.6411 - val_loss: 0.9272 - val_categorical_accuracy: 0.6475 - lr: 5.0000e-04 - 4s/epoch - 6ms/step
Epoch 70/100
782/782 - 4s - loss: 0.9362 - categorical_accuracy: 0.6413 - val_loss: 0.9268 - val_categorical_accuracy: 0.6475 - lr: 5.0000e-04 - 4s/epoch - 5ms/step
Epoch 71/100
782/782 - 4s - loss: 0.9359 - categorical_accuracy: 0.6415 - val_loss: 0.9262 - val_categorical_accuracy: 0.6479 - lr: 5.0000e-04 - 4s/epoch - 6ms/step
Epoch 72/100
782/782 - 5s - loss: 0.9357 - categorical_accuracy: 0.6416 - val_loss: 0.9258 - val_categorical_accuracy: 0.6481 - lr: 5.0000e-04 - 5s/epoch - 7ms/step
Epoch 73/100
782/782 - 4s - loss: 0.9353 - categorical_accuracy: 0.6417 - val_loss: 0.9258 - val_categorical_accuracy: 0.6480 - lr: 5.0000e-04 - 4s/epoch - 5ms/step
Epoch 74/100
782/782 - 4s - loss: 0.9351 - categorical_accuracy: 0.6420 - val_loss: 0.9257 - val_categorical_accuracy: 0.6479 - lr: 5.0000e-04 - 4s/epoch - 5ms/step
Epoch 75/100
782/782 - 4s - loss: 0.9348 - categorical_accuracy: 0.6421 - val_loss: 0.9251 - val_categorical_accuracy: 0.6482 - lr: 5.0000e-04 - 4s/epoch - 5ms/step
Epoch 76/100
782/782 - 4s - loss: 0.9345 - categorical_accuracy: 0.6424 - val_loss: 0.9248 - val_categorical_accuracy: 0.6481 - lr: 5.0000e-04 - 4s/epoch - 5ms/step
Epoch 77/100
782/782 - 4s - loss: 0.9343 - categorical_accuracy: 0.6423 - val_loss: 0.9247 - val_categorical_accuracy: 0.6482 - lr: 5.0000e-04 - 4s/epoch - 5ms/step
Epoch 78/100
782/782 - 4s - loss: 0.9340 - categorical_accuracy: 0.6425 - val_loss: 0.9243 - val_categorical_accuracy: 0.6484 - lr: 5.0000e-04 - 4s/epoch - 5ms/step
Epoch 79/100
782/782 - 4s - loss: 0.9337 - categorical_accuracy: 0.6427 - val_loss: 0.9241 - val_categorical_accuracy: 0.6483 - lr: 5.0000e-04 - 4s/epoch - 5ms/step
Epoch 80/100
782/782 - 4s - loss: 0.9335 - categorical_accuracy: 0.6427 - val_loss: 0.9242 - val_categorical_accuracy: 0.6482 - lr: 5.0000e-04 - 4s/epoch - 5ms/step
Epoch 81/100
782/782 - 4s - loss: 0.9333 - categorical_accuracy: 0.6428 - val_loss: 0.9243 - val_categorical_accuracy: 0.6479 - lr: 5.0000e-04 - 4s/epoch - 5ms/step
Epoch 82/100
782/782 - 4s - loss: 0.9330 - categorical_accuracy: 0.6428 - val_loss: 0.9238 - val_categorical_accuracy: 0.6485 - lr: 5.0000e-04 - 4s/epoch - 5ms/step
Epoch 83/100
782/782 - 4s - loss: 0.9327 - categorical_accuracy: 0.6430 - val_loss: 0.9231 - val_categorical_accuracy: 0.6490 - lr: 5.0000e-04 - 4s/epoch - 5ms/step
Epoch 84/100
782/782 - 4s - loss: 0.9325 - categorical_accuracy: 0.6430 - val_loss: 0.9231 - val_categorical_accuracy: 0.6490 - lr: 5.0000e-04 - 4s/epoch - 5ms/step
Epoch 85/100
782/782 - 4s - loss: 0.9323 - categorical_accuracy: 0.6431 - val_loss: 0.9226 - val_categorical_accuracy: 0.6489 - lr: 5.0000e-04 - 4s/epoch - 5ms/step
Epoch 86/100
782/782 - 4s - loss: 0.9320 - categorical_accuracy: 0.6431 - val_loss: 0.9226 - val_categorical_accuracy: 0.6488 - lr: 5.0000e-04 - 4s/epoch - 5ms/step
Epoch 87/100
782/782 - 4s - loss: 0.9318 - categorical_accuracy: 0.6431 - val_loss: 0.9222 - val_categorical_accuracy: 0.6489 - lr: 5.0000e-04 - 4s/epoch - 5ms/step
Epoch 88/100
782/782 - 4s - loss: 0.9315 - categorical_accuracy: 0.6431 - val_loss: 0.9219 - val_categorical_accuracy: 0.6490 - lr: 5.0000e-04 - 4s/epoch - 5ms/step
Epoch 89/100
782/782 - 4s - loss: 0.9313 - categorical_accuracy: 0.6432 - val_loss: 0.9213 - val_categorical_accuracy: 0.6492 - lr: 5.0000e-04 - 4s/epoch - 5ms/step
Epoch 90/100
782/782 - 4s - loss: 0.9310 - categorical_accuracy: 0.6435 - val_loss: 0.9210 - val_categorical_accuracy: 0.6492 - lr: 5.0000e-04 - 4s/epoch - 5ms/step
Epoch 91/100
782/782 - 4s - loss: 0.9308 - categorical_accuracy: 0.6434 - val_loss: 0.9208 - val_categorical_accuracy: 0.6495 - lr: 5.0000e-04 - 4s/epoch - 5ms/step
Epoch 92/100
782/782 - 5s - loss: 0.9306 - categorical_accuracy: 0.6435 - val_loss: 0.9210 - val_categorical_accuracy: 0.6496 - lr: 5.0000e-04 - 5s/epoch - 6ms/step
Epoch 93/100
782/782 - 4s - loss: 0.9303 - categorical_accuracy: 0.6435 - val_loss: 0.9209 - val_categorical_accuracy: 0.6495 - lr: 5.0000e-04 - 4s/epoch - 5ms/step
Epoch 94/100
782/782 - 5s - loss: 0.9300 - categorical_accuracy: 0.6437 - val_loss: 0.9210 - val_categorical_accuracy: 0.6492 - lr: 5.0000e-04 - 5s/epoch - 6ms/step
Epoch 95/100
782/782 - 4s - loss: 0.9298 - categorical_accuracy: 0.6438 - val_loss: 0.9202 - val_categorical_accuracy: 0.6498 - lr: 5.0000e-04 - 4s/epoch - 5ms/step
Epoch 96/100
782/782 - 4s - loss: 0.9296 - categorical_accuracy: 0.6439 - val_loss: 0.9209 - val_categorical_accuracy: 0.6491 - lr: 5.0000e-04 - 4s/epoch - 5ms/step
Epoch 97/100
782/782 - 4s - loss: 0.9294 - categorical_accuracy: 0.6440 - val_loss: 0.9201 - val_categorical_accuracy: 0.6496 - lr: 5.0000e-04 - 4s/epoch - 5ms/step
Epoch 98/100
782/782 - 6s - loss: 0.9291 - categorical_accuracy: 0.6440 - val_loss: 0.9212 - val_categorical_accuracy: 0.6487 - lr: 5.0000e-04 - 6s/epoch - 8ms/step
Epoch 99/100
782/782 - 5s - loss: 0.9289 - categorical_accuracy: 0.6440 - val_loss: 0.9203 - val_categorical_accuracy: 0.6492 - lr: 5.0000e-04 - 5s/epoch - 6ms/step
Epoch 100/100
782/782 - 4s - loss: 0.9287 - categorical_accuracy: 0.6441 - val_loss: 0.9200 - val_categorical_accuracy: 0.6494 - lr: 5.0000e-04 - 4s/epoch - 5ms/step
[95m
SAVING RESULTS[0m
==============
[92m
Saved model to: [0m trained_intnets/perm_invariant_conv_2
Loss vs epochs plot saved to trained_intnets/perm_invariant_conv_2.
Accuracy vs epochs plot saved to trained_intnets/perm_invariant_conv_2.
[92m
Jobs done! 🍰✨[0m
