[96m
GPU: NVIDIA GeForce GTX 1080 Ti[0m

----------------
[92mData loading complete:[0m
Training data size: 5.72e+05
Test data size: 0.00e+00
----------------

Shuffling constituents...
[92mShuffled the training data! 🃏
[0m
[92mNumber of constituents: 8[0m
Instantiating model...
[92mModel compiled and built![0m
[95m
TRAINING THE MODEL 💪[0m
==================

Training parameters
-------------------
[92mOptimiser: 	[0m {'name': 'Adam', 'learning_rate': 0.0005, 'decay': 0.0, 'beta_1': 0.9, 'beta_2': 0.999, 'epsilon': 1e-07, 'amsgrad': False}
[92mBatch size: 	[0m 512
[92mTraining epochs:[0m 100
[92mLoss: 		[0m categorical_crossentropy

Epoch 1/100
782/782 - 10s - loss: 1.1865 - categorical_accuracy: 0.5212 - val_loss: 1.0857 - val_categorical_accuracy: 0.5818 - lr: 5.0000e-04 - 10s/epoch - 13ms/step
Epoch 2/100
782/782 - 5s - loss: 1.0681 - categorical_accuracy: 0.5867 - val_loss: 1.0458 - val_categorical_accuracy: 0.6001 - lr: 5.0000e-04 - 5s/epoch - 7ms/step
Epoch 3/100
782/782 - 5s - loss: 1.0461 - categorical_accuracy: 0.5958 - val_loss: 1.0286 - val_categorical_accuracy: 0.6057 - lr: 5.0000e-04 - 5s/epoch - 7ms/step
Epoch 4/100
782/782 - 5s - loss: 1.0324 - categorical_accuracy: 0.6009 - val_loss: 1.0153 - val_categorical_accuracy: 0.6103 - lr: 5.0000e-04 - 5s/epoch - 7ms/step
Epoch 5/100
782/782 - 5s - loss: 1.0218 - categorical_accuracy: 0.6049 - val_loss: 1.0054 - val_categorical_accuracy: 0.6140 - lr: 5.0000e-04 - 5s/epoch - 7ms/step
Epoch 6/100
782/782 - 5s - loss: 1.0133 - categorical_accuracy: 0.6086 - val_loss: 0.9978 - val_categorical_accuracy: 0.6167 - lr: 5.0000e-04 - 5s/epoch - 7ms/step
Epoch 7/100
782/782 - 5s - loss: 1.0055 - categorical_accuracy: 0.6119 - val_loss: 0.9907 - val_categorical_accuracy: 0.6198 - lr: 5.0000e-04 - 5s/epoch - 7ms/step
Epoch 8/100
782/782 - 5s - loss: 0.9985 - categorical_accuracy: 0.6155 - val_loss: 0.9856 - val_categorical_accuracy: 0.6223 - lr: 5.0000e-04 - 5s/epoch - 7ms/step
Epoch 9/100
782/782 - 5s - loss: 0.9934 - categorical_accuracy: 0.6178 - val_loss: 0.9816 - val_categorical_accuracy: 0.6239 - lr: 5.0000e-04 - 5s/epoch - 7ms/step
Epoch 10/100
782/782 - 5s - loss: 0.9895 - categorical_accuracy: 0.6195 - val_loss: 0.9783 - val_categorical_accuracy: 0.6251 - lr: 5.0000e-04 - 5s/epoch - 7ms/step
Epoch 11/100
782/782 - 5s - loss: 0.9862 - categorical_accuracy: 0.6209 - val_loss: 0.9744 - val_categorical_accuracy: 0.6274 - lr: 5.0000e-04 - 5s/epoch - 7ms/step
Epoch 12/100
782/782 - 5s - loss: 0.9834 - categorical_accuracy: 0.6222 - val_loss: 0.9722 - val_categorical_accuracy: 0.6284 - lr: 5.0000e-04 - 5s/epoch - 7ms/step
Epoch 13/100
782/782 - 5s - loss: 0.9807 - categorical_accuracy: 0.6235 - val_loss: 0.9690 - val_categorical_accuracy: 0.6302 - lr: 5.0000e-04 - 5s/epoch - 7ms/step
Epoch 14/100
782/782 - 5s - loss: 0.9784 - categorical_accuracy: 0.6245 - val_loss: 0.9668 - val_categorical_accuracy: 0.6309 - lr: 5.0000e-04 - 5s/epoch - 7ms/step
Epoch 15/100
782/782 - 5s - loss: 0.9762 - categorical_accuracy: 0.6255 - val_loss: 0.9647 - val_categorical_accuracy: 0.6316 - lr: 5.0000e-04 - 5s/epoch - 7ms/step
Epoch 16/100
782/782 - 5s - loss: 0.9743 - categorical_accuracy: 0.6263 - val_loss: 0.9632 - val_categorical_accuracy: 0.6322 - lr: 5.0000e-04 - 5s/epoch - 7ms/step
Epoch 17/100
782/782 - 5s - loss: 0.9725 - categorical_accuracy: 0.6267 - val_loss: 0.9613 - val_categorical_accuracy: 0.6329 - lr: 5.0000e-04 - 5s/epoch - 7ms/step
Epoch 18/100
782/782 - 5s - loss: 0.9707 - categorical_accuracy: 0.6275 - val_loss: 0.9595 - val_categorical_accuracy: 0.6338 - lr: 5.0000e-04 - 5s/epoch - 7ms/step
Epoch 19/100
782/782 - 5s - loss: 0.9693 - categorical_accuracy: 0.6281 - val_loss: 0.9581 - val_categorical_accuracy: 0.6346 - lr: 5.0000e-04 - 5s/epoch - 7ms/step
Epoch 20/100
782/782 - 5s - loss: 0.9678 - categorical_accuracy: 0.6287 - val_loss: 0.9572 - val_categorical_accuracy: 0.6349 - lr: 5.0000e-04 - 5s/epoch - 7ms/step
Epoch 21/100
782/782 - 5s - loss: 0.9666 - categorical_accuracy: 0.6292 - val_loss: 0.9559 - val_categorical_accuracy: 0.6354 - lr: 5.0000e-04 - 5s/epoch - 7ms/step
Epoch 22/100
782/782 - 5s - loss: 0.9653 - categorical_accuracy: 0.6298 - val_loss: 0.9547 - val_categorical_accuracy: 0.6359 - lr: 5.0000e-04 - 5s/epoch - 7ms/step
Epoch 23/100
782/782 - 5s - loss: 0.9642 - categorical_accuracy: 0.6303 - val_loss: 0.9535 - val_categorical_accuracy: 0.6366 - lr: 5.0000e-04 - 5s/epoch - 7ms/step
Epoch 24/100
782/782 - 5s - loss: 0.9631 - categorical_accuracy: 0.6308 - val_loss: 0.9524 - val_categorical_accuracy: 0.6369 - lr: 5.0000e-04 - 5s/epoch - 7ms/step
Epoch 25/100
782/782 - 5s - loss: 0.9621 - categorical_accuracy: 0.6311 - val_loss: 0.9516 - val_categorical_accuracy: 0.6369 - lr: 5.0000e-04 - 5s/epoch - 7ms/step
Epoch 26/100
782/782 - 5s - loss: 0.9611 - categorical_accuracy: 0.6317 - val_loss: 0.9507 - val_categorical_accuracy: 0.6373 - lr: 5.0000e-04 - 5s/epoch - 7ms/step
Epoch 27/100
782/782 - 5s - loss: 0.9602 - categorical_accuracy: 0.6319 - val_loss: 0.9502 - val_categorical_accuracy: 0.6375 - lr: 5.0000e-04 - 5s/epoch - 7ms/step
Epoch 28/100
782/782 - 5s - loss: 0.9593 - categorical_accuracy: 0.6324 - val_loss: 0.9495 - val_categorical_accuracy: 0.6377 - lr: 5.0000e-04 - 5s/epoch - 7ms/step
Epoch 29/100
782/782 - 5s - loss: 0.9584 - categorical_accuracy: 0.6328 - val_loss: 0.9484 - val_categorical_accuracy: 0.6382 - lr: 5.0000e-04 - 5s/epoch - 7ms/step
Epoch 30/100
782/782 - 5s - loss: 0.9577 - categorical_accuracy: 0.6331 - val_loss: 0.9474 - val_categorical_accuracy: 0.6386 - lr: 5.0000e-04 - 5s/epoch - 7ms/step
Epoch 31/100
782/782 - 5s - loss: 0.9569 - categorical_accuracy: 0.6333 - val_loss: 0.9470 - val_categorical_accuracy: 0.6383 - lr: 5.0000e-04 - 5s/epoch - 7ms/step
Epoch 32/100
782/782 - 5s - loss: 0.9562 - categorical_accuracy: 0.6334 - val_loss: 0.9461 - val_categorical_accuracy: 0.6389 - lr: 5.0000e-04 - 5s/epoch - 7ms/step
Epoch 33/100
782/782 - 5s - loss: 0.9554 - categorical_accuracy: 0.6338 - val_loss: 0.9456 - val_categorical_accuracy: 0.6393 - lr: 5.0000e-04 - 5s/epoch - 7ms/step
Epoch 34/100
782/782 - 5s - loss: 0.9547 - categorical_accuracy: 0.6342 - val_loss: 0.9455 - val_categorical_accuracy: 0.6390 - lr: 5.0000e-04 - 5s/epoch - 7ms/step
Epoch 35/100
782/782 - 5s - loss: 0.9540 - categorical_accuracy: 0.6346 - val_loss: 0.9454 - val_categorical_accuracy: 0.6389 - lr: 5.0000e-04 - 5s/epoch - 7ms/step
Epoch 36/100
782/782 - 5s - loss: 0.9533 - categorical_accuracy: 0.6349 - val_loss: 0.9450 - val_categorical_accuracy: 0.6391 - lr: 5.0000e-04 - 5s/epoch - 7ms/step
Epoch 37/100
782/782 - 6s - loss: 0.9527 - categorical_accuracy: 0.6351 - val_loss: 0.9444 - val_categorical_accuracy: 0.6392 - lr: 5.0000e-04 - 6s/epoch - 8ms/step
Epoch 38/100
782/782 - 5s - loss: 0.9520 - categorical_accuracy: 0.6352 - val_loss: 0.9441 - val_categorical_accuracy: 0.6390 - lr: 5.0000e-04 - 5s/epoch - 7ms/step
Epoch 39/100
782/782 - 5s - loss: 0.9513 - categorical_accuracy: 0.6356 - val_loss: 0.9439 - val_categorical_accuracy: 0.6390 - lr: 5.0000e-04 - 5s/epoch - 7ms/step
Epoch 40/100
782/782 - 5s - loss: 0.9508 - categorical_accuracy: 0.6358 - val_loss: 0.9429 - val_categorical_accuracy: 0.6397 - lr: 5.0000e-04 - 5s/epoch - 7ms/step
Epoch 41/100
782/782 - 5s - loss: 0.9502 - categorical_accuracy: 0.6360 - val_loss: 0.9425 - val_categorical_accuracy: 0.6396 - lr: 5.0000e-04 - 5s/epoch - 7ms/step
Epoch 42/100
782/782 - 5s - loss: 0.9495 - categorical_accuracy: 0.6362 - val_loss: 0.9427 - val_categorical_accuracy: 0.6395 - lr: 5.0000e-04 - 5s/epoch - 7ms/step
Epoch 43/100
782/782 - 5s - loss: 0.9490 - categorical_accuracy: 0.6365 - val_loss: 0.9425 - val_categorical_accuracy: 0.6394 - lr: 5.0000e-04 - 5s/epoch - 7ms/step
Epoch 44/100
782/782 - 5s - loss: 0.9485 - categorical_accuracy: 0.6367 - val_loss: 0.9416 - val_categorical_accuracy: 0.6398 - lr: 5.0000e-04 - 5s/epoch - 7ms/step
Epoch 45/100
782/782 - 5s - loss: 0.9479 - categorical_accuracy: 0.6370 - val_loss: 0.9409 - val_categorical_accuracy: 0.6399 - lr: 5.0000e-04 - 5s/epoch - 7ms/step
Epoch 46/100
782/782 - 5s - loss: 0.9474 - categorical_accuracy: 0.6372 - val_loss: 0.9410 - val_categorical_accuracy: 0.6396 - lr: 5.0000e-04 - 5s/epoch - 7ms/step
Epoch 47/100
782/782 - 5s - loss: 0.9469 - categorical_accuracy: 0.6373 - val_loss: 0.9399 - val_categorical_accuracy: 0.6400 - lr: 5.0000e-04 - 5s/epoch - 7ms/step
Epoch 48/100
782/782 - 5s - loss: 0.9463 - categorical_accuracy: 0.6373 - val_loss: 0.9391 - val_categorical_accuracy: 0.6401 - lr: 5.0000e-04 - 5s/epoch - 7ms/step
Epoch 49/100
782/782 - 5s - loss: 0.9458 - categorical_accuracy: 0.6376 - val_loss: 0.9387 - val_categorical_accuracy: 0.6403 - lr: 5.0000e-04 - 5s/epoch - 7ms/step
Epoch 50/100
782/782 - 5s - loss: 0.9453 - categorical_accuracy: 0.6376 - val_loss: 0.9387 - val_categorical_accuracy: 0.6403 - lr: 5.0000e-04 - 5s/epoch - 7ms/step
Epoch 51/100
782/782 - 5s - loss: 0.9448 - categorical_accuracy: 0.6378 - val_loss: 0.9383 - val_categorical_accuracy: 0.6405 - lr: 5.0000e-04 - 5s/epoch - 7ms/step
Epoch 52/100
782/782 - 5s - loss: 0.9444 - categorical_accuracy: 0.6380 - val_loss: 0.9379 - val_categorical_accuracy: 0.6409 - lr: 5.0000e-04 - 5s/epoch - 7ms/step
Epoch 53/100
782/782 - 5s - loss: 0.9439 - categorical_accuracy: 0.6381 - val_loss: 0.9371 - val_categorical_accuracy: 0.6414 - lr: 5.0000e-04 - 5s/epoch - 7ms/step
Epoch 54/100
782/782 - 5s - loss: 0.9434 - categorical_accuracy: 0.6383 - val_loss: 0.9365 - val_categorical_accuracy: 0.6416 - lr: 5.0000e-04 - 5s/epoch - 7ms/step
Epoch 55/100
782/782 - 5s - loss: 0.9430 - categorical_accuracy: 0.6386 - val_loss: 0.9360 - val_categorical_accuracy: 0.6419 - lr: 5.0000e-04 - 5s/epoch - 7ms/step
Epoch 56/100
782/782 - 6s - loss: 0.9426 - categorical_accuracy: 0.6387 - val_loss: 0.9356 - val_categorical_accuracy: 0.6421 - lr: 5.0000e-04 - 6s/epoch - 7ms/step
Epoch 57/100
782/782 - 7s - loss: 0.9421 - categorical_accuracy: 0.6390 - val_loss: 0.9359 - val_categorical_accuracy: 0.6415 - lr: 5.0000e-04 - 7s/epoch - 8ms/step
Epoch 58/100
782/782 - 6s - loss: 0.9417 - categorical_accuracy: 0.6392 - val_loss: 0.9349 - val_categorical_accuracy: 0.6420 - lr: 5.0000e-04 - 6s/epoch - 7ms/step
Epoch 59/100
782/782 - 6s - loss: 0.9413 - categorical_accuracy: 0.6394 - val_loss: 0.9344 - val_categorical_accuracy: 0.6421 - lr: 5.0000e-04 - 6s/epoch - 7ms/step
Epoch 60/100
782/782 - 6s - loss: 0.9408 - categorical_accuracy: 0.6394 - val_loss: 0.9341 - val_categorical_accuracy: 0.6426 - lr: 5.0000e-04 - 6s/epoch - 7ms/step
Epoch 61/100
782/782 - 6s - loss: 0.9404 - categorical_accuracy: 0.6395 - val_loss: 0.9335 - val_categorical_accuracy: 0.6425 - lr: 5.0000e-04 - 6s/epoch - 7ms/step
Epoch 62/100
782/782 - 6s - loss: 0.9399 - categorical_accuracy: 0.6397 - val_loss: 0.9337 - val_categorical_accuracy: 0.6422 - lr: 5.0000e-04 - 6s/epoch - 7ms/step
Epoch 63/100
782/782 - 6s - loss: 0.9395 - categorical_accuracy: 0.6400 - val_loss: 0.9329 - val_categorical_accuracy: 0.6427 - lr: 5.0000e-04 - 6s/epoch - 7ms/step
Epoch 64/100
782/782 - 6s - loss: 0.9391 - categorical_accuracy: 0.6402 - val_loss: 0.9330 - val_categorical_accuracy: 0.6426 - lr: 5.0000e-04 - 6s/epoch - 7ms/step
Epoch 65/100
782/782 - 6s - loss: 0.9387 - categorical_accuracy: 0.6403 - val_loss: 0.9321 - val_categorical_accuracy: 0.6432 - lr: 5.0000e-04 - 6s/epoch - 7ms/step
Epoch 66/100
782/782 - 6s - loss: 0.9383 - categorical_accuracy: 0.6405 - val_loss: 0.9324 - val_categorical_accuracy: 0.6430 - lr: 5.0000e-04 - 6s/epoch - 7ms/step
Epoch 67/100
782/782 - 6s - loss: 0.9380 - categorical_accuracy: 0.6407 - val_loss: 0.9325 - val_categorical_accuracy: 0.6433 - lr: 5.0000e-04 - 6s/epoch - 7ms/step
Epoch 68/100
782/782 - 6s - loss: 0.9377 - categorical_accuracy: 0.6408 - val_loss: 0.9323 - val_categorical_accuracy: 0.6432 - lr: 5.0000e-04 - 6s/epoch - 7ms/step
Epoch 69/100
782/782 - 6s - loss: 0.9374 - categorical_accuracy: 0.6407 - val_loss: 0.9316 - val_categorical_accuracy: 0.6437 - lr: 5.0000e-04 - 6s/epoch - 7ms/step
Epoch 70/100
782/782 - 6s - loss: 0.9371 - categorical_accuracy: 0.6410 - val_loss: 0.9320 - val_categorical_accuracy: 0.6436 - lr: 5.0000e-04 - 6s/epoch - 8ms/step
Epoch 71/100
782/782 - 6s - loss: 0.9368 - categorical_accuracy: 0.6411 - val_loss: 0.9316 - val_categorical_accuracy: 0.6437 - lr: 5.0000e-04 - 6s/epoch - 7ms/step
Epoch 72/100
782/782 - 6s - loss: 0.9366 - categorical_accuracy: 0.6413 - val_loss: 0.9313 - val_categorical_accuracy: 0.6439 - lr: 5.0000e-04 - 6s/epoch - 7ms/step
Epoch 73/100
782/782 - 6s - loss: 0.9363 - categorical_accuracy: 0.6414 - val_loss: 0.9305 - val_categorical_accuracy: 0.6444 - lr: 5.0000e-04 - 6s/epoch - 7ms/step
Epoch 74/100
782/782 - 6s - loss: 0.9361 - categorical_accuracy: 0.6415 - val_loss: 0.9302 - val_categorical_accuracy: 0.6445 - lr: 5.0000e-04 - 6s/epoch - 7ms/step
Epoch 75/100
782/782 - 6s - loss: 0.9358 - categorical_accuracy: 0.6415 - val_loss: 0.9301 - val_categorical_accuracy: 0.6445 - lr: 5.0000e-04 - 6s/epoch - 7ms/step
Epoch 76/100
782/782 - 6s - loss: 0.9355 - categorical_accuracy: 0.6416 - val_loss: 0.9294 - val_categorical_accuracy: 0.6450 - lr: 5.0000e-04 - 6s/epoch - 7ms/step
Epoch 77/100
782/782 - 6s - loss: 0.9353 - categorical_accuracy: 0.6418 - val_loss: 0.9293 - val_categorical_accuracy: 0.6448 - lr: 5.0000e-04 - 6s/epoch - 7ms/step
Epoch 78/100
782/782 - 6s - loss: 0.9351 - categorical_accuracy: 0.6417 - val_loss: 0.9291 - val_categorical_accuracy: 0.6450 - lr: 5.0000e-04 - 6s/epoch - 7ms/step
Epoch 79/100
782/782 - 6s - loss: 0.9349 - categorical_accuracy: 0.6420 - val_loss: 0.9292 - val_categorical_accuracy: 0.6449 - lr: 5.0000e-04 - 6s/epoch - 7ms/step
Epoch 80/100
782/782 - 6s - loss: 0.9346 - categorical_accuracy: 0.6421 - val_loss: 0.9293 - val_categorical_accuracy: 0.6447 - lr: 5.0000e-04 - 6s/epoch - 7ms/step
Epoch 81/100
782/782 - 6s - loss: 0.9344 - categorical_accuracy: 0.6422 - val_loss: 0.9286 - val_categorical_accuracy: 0.6451 - lr: 5.0000e-04 - 6s/epoch - 7ms/step
Epoch 82/100
782/782 - 6s - loss: 0.9342 - categorical_accuracy: 0.6424 - val_loss: 0.9284 - val_categorical_accuracy: 0.6453 - lr: 5.0000e-04 - 6s/epoch - 7ms/step
Epoch 83/100
782/782 - 6s - loss: 0.9340 - categorical_accuracy: 0.6425 - val_loss: 0.9277 - val_categorical_accuracy: 0.6456 - lr: 5.0000e-04 - 6s/epoch - 7ms/step
Epoch 84/100
782/782 - 6s - loss: 0.9337 - categorical_accuracy: 0.6426 - val_loss: 0.9274 - val_categorical_accuracy: 0.6459 - lr: 5.0000e-04 - 6s/epoch - 7ms/step
Epoch 85/100
782/782 - 6s - loss: 0.9335 - categorical_accuracy: 0.6426 - val_loss: 0.9278 - val_categorical_accuracy: 0.6457 - lr: 5.0000e-04 - 6s/epoch - 7ms/step
Epoch 86/100
782/782 - 6s - loss: 0.9333 - categorical_accuracy: 0.6428 - val_loss: 0.9276 - val_categorical_accuracy: 0.6458 - lr: 5.0000e-04 - 6s/epoch - 7ms/step
Epoch 87/100
782/782 - 6s - loss: 0.9331 - categorical_accuracy: 0.6429 - val_loss: 0.9271 - val_categorical_accuracy: 0.6462 - lr: 5.0000e-04 - 6s/epoch - 7ms/step
Epoch 88/100
782/782 - 6s - loss: 0.9330 - categorical_accuracy: 0.6429 - val_loss: 0.9269 - val_categorical_accuracy: 0.6464 - lr: 5.0000e-04 - 6s/epoch - 7ms/step
Epoch 89/100
782/782 - 6s - loss: 0.9327 - categorical_accuracy: 0.6430 - val_loss: 0.9265 - val_categorical_accuracy: 0.6466 - lr: 5.0000e-04 - 6s/epoch - 7ms/step
Epoch 90/100
782/782 - 5s - loss: 0.9325 - categorical_accuracy: 0.6430 - val_loss: 0.9258 - val_categorical_accuracy: 0.6469 - lr: 5.0000e-04 - 5s/epoch - 7ms/step
Epoch 91/100
782/782 - 7s - loss: 0.9323 - categorical_accuracy: 0.6431 - val_loss: 0.9261 - val_categorical_accuracy: 0.6467 - lr: 5.0000e-04 - 7s/epoch - 8ms/step
Epoch 92/100
782/782 - 6s - loss: 0.9321 - categorical_accuracy: 0.6429 - val_loss: 0.9257 - val_categorical_accuracy: 0.6470 - lr: 5.0000e-04 - 6s/epoch - 7ms/step
Epoch 93/100
782/782 - 6s - loss: 0.9320 - categorical_accuracy: 0.6431 - val_loss: 0.9256 - val_categorical_accuracy: 0.6471 - lr: 5.0000e-04 - 6s/epoch - 8ms/step
Epoch 94/100
782/782 - 6s - loss: 0.9318 - categorical_accuracy: 0.6430 - val_loss: 0.9256 - val_categorical_accuracy: 0.6469 - lr: 5.0000e-04 - 6s/epoch - 8ms/step
Epoch 95/100
782/782 - 7s - loss: 0.9315 - categorical_accuracy: 0.6431 - val_loss: 0.9260 - val_categorical_accuracy: 0.6467 - lr: 5.0000e-04 - 7s/epoch - 8ms/step
Epoch 96/100
782/782 - 8s - loss: 0.9314 - categorical_accuracy: 0.6431 - val_loss: 0.9253 - val_categorical_accuracy: 0.6469 - lr: 5.0000e-04 - 8s/epoch - 10ms/step
Epoch 97/100
782/782 - 6s - loss: 0.9312 - categorical_accuracy: 0.6432 - val_loss: 0.9253 - val_categorical_accuracy: 0.6468 - lr: 5.0000e-04 - 6s/epoch - 8ms/step
Epoch 98/100
782/782 - 6s - loss: 0.9310 - categorical_accuracy: 0.6434 - val_loss: 0.9251 - val_categorical_accuracy: 0.6466 - lr: 5.0000e-04 - 6s/epoch - 8ms/step
Epoch 99/100
782/782 - 6s - loss: 0.9309 - categorical_accuracy: 0.6434 - val_loss: 0.9256 - val_categorical_accuracy: 0.6466 - lr: 5.0000e-04 - 6s/epoch - 7ms/step
Epoch 100/100
782/782 - 6s - loss: 0.9307 - categorical_accuracy: 0.6435 - val_loss: 0.9252 - val_categorical_accuracy: 0.6469 - lr: 5.0000e-04 - 6s/epoch - 7ms/step
[95m
SAVING RESULTS[0m
==============
[92m
Saved model to: [0m trained_intnets/perm_invariant_conv_2
Loss vs epochs plot saved to trained_intnets/perm_invariant_conv_2.
Accuracy vs epochs plot saved to trained_intnets/perm_invariant_conv_2.
[92m
Jobs done! 🍰✨[0m
