[96m
GPU: NVIDIA GeForce GTX 1080 Ti[0m

----------------
[92mData loading complete:[0m
Training data size: 5.72e+05
Test data size: 0.00e+00
----------------

Shuffling constituents...
[92mShuffled the training data! 🃏
[0m
[92mNumber of constituents: 8[0m
Instantiating model...
[92mModel compiled and built![0m
[95m
TRAINING THE MODEL 💪[0m
==================

Training parameters
-------------------
[92mOptimiser: 	[0m {'name': 'Adam', 'learning_rate': 0.0005, 'decay': 0.0, 'beta_1': 0.9, 'beta_2': 0.999, 'epsilon': 1e-07, 'amsgrad': False}
[92mBatch size: 	[0m 512
[92mTraining epochs:[0m 100
[92mLoss: 		[0m categorical_crossentropy

Epoch 1/100
782/782 - 9s - loss: 1.1659 - categorical_accuracy: 0.5363 - val_loss: 1.0826 - val_categorical_accuracy: 0.5834 - lr: 5.0000e-04 - 9s/epoch - 12ms/step
Epoch 2/100
782/782 - 4s - loss: 1.0667 - categorical_accuracy: 0.5889 - val_loss: 1.0422 - val_categorical_accuracy: 0.6032 - lr: 5.0000e-04 - 4s/epoch - 5ms/step
Epoch 3/100
782/782 - 4s - loss: 1.0452 - categorical_accuracy: 0.5986 - val_loss: 1.0243 - val_categorical_accuracy: 0.6097 - lr: 5.0000e-04 - 4s/epoch - 5ms/step
Epoch 4/100
782/782 - 4s - loss: 1.0306 - categorical_accuracy: 0.6047 - val_loss: 1.0099 - val_categorical_accuracy: 0.6150 - lr: 5.0000e-04 - 4s/epoch - 5ms/step
Epoch 5/100
782/782 - 4s - loss: 1.0199 - categorical_accuracy: 0.6091 - val_loss: 0.9998 - val_categorical_accuracy: 0.6185 - lr: 5.0000e-04 - 4s/epoch - 5ms/step
Epoch 6/100
782/782 - 4s - loss: 1.0120 - categorical_accuracy: 0.6122 - val_loss: 0.9920 - val_categorical_accuracy: 0.6215 - lr: 5.0000e-04 - 4s/epoch - 5ms/step
Epoch 7/100
782/782 - 4s - loss: 1.0055 - categorical_accuracy: 0.6149 - val_loss: 0.9856 - val_categorical_accuracy: 0.6234 - lr: 5.0000e-04 - 4s/epoch - 5ms/step
Epoch 8/100
782/782 - 5s - loss: 0.9994 - categorical_accuracy: 0.6170 - val_loss: 0.9799 - val_categorical_accuracy: 0.6255 - lr: 5.0000e-04 - 5s/epoch - 6ms/step
Epoch 9/100
782/782 - 4s - loss: 0.9941 - categorical_accuracy: 0.6195 - val_loss: 0.9749 - val_categorical_accuracy: 0.6281 - lr: 5.0000e-04 - 4s/epoch - 5ms/step
Epoch 10/100
782/782 - 4s - loss: 0.9896 - categorical_accuracy: 0.6212 - val_loss: 0.9708 - val_categorical_accuracy: 0.6304 - lr: 5.0000e-04 - 4s/epoch - 5ms/step
Epoch 11/100
782/782 - 4s - loss: 0.9855 - categorical_accuracy: 0.6233 - val_loss: 0.9669 - val_categorical_accuracy: 0.6327 - lr: 5.0000e-04 - 4s/epoch - 5ms/step
Epoch 12/100
782/782 - 4s - loss: 0.9820 - categorical_accuracy: 0.6251 - val_loss: 0.9637 - val_categorical_accuracy: 0.6346 - lr: 5.0000e-04 - 4s/epoch - 5ms/step
Epoch 13/100
782/782 - 4s - loss: 0.9789 - categorical_accuracy: 0.6260 - val_loss: 0.9608 - val_categorical_accuracy: 0.6355 - lr: 5.0000e-04 - 4s/epoch - 5ms/step
Epoch 14/100
782/782 - 4s - loss: 0.9763 - categorical_accuracy: 0.6269 - val_loss: 0.9584 - val_categorical_accuracy: 0.6364 - lr: 5.0000e-04 - 4s/epoch - 5ms/step
Epoch 15/100
782/782 - 4s - loss: 0.9741 - categorical_accuracy: 0.6278 - val_loss: 0.9560 - val_categorical_accuracy: 0.6376 - lr: 5.0000e-04 - 4s/epoch - 5ms/step
Epoch 16/100
782/782 - 4s - loss: 0.9717 - categorical_accuracy: 0.6291 - val_loss: 0.9540 - val_categorical_accuracy: 0.6385 - lr: 5.0000e-04 - 4s/epoch - 5ms/step
Epoch 17/100
782/782 - 4s - loss: 0.9695 - categorical_accuracy: 0.6298 - val_loss: 0.9527 - val_categorical_accuracy: 0.6389 - lr: 5.0000e-04 - 4s/epoch - 5ms/step
Epoch 18/100
782/782 - 4s - loss: 0.9678 - categorical_accuracy: 0.6304 - val_loss: 0.9510 - val_categorical_accuracy: 0.6396 - lr: 5.0000e-04 - 4s/epoch - 5ms/step
Epoch 19/100
782/782 - 4s - loss: 0.9663 - categorical_accuracy: 0.6309 - val_loss: 0.9499 - val_categorical_accuracy: 0.6397 - lr: 5.0000e-04 - 4s/epoch - 5ms/step
Epoch 20/100
782/782 - 4s - loss: 0.9649 - categorical_accuracy: 0.6312 - val_loss: 0.9488 - val_categorical_accuracy: 0.6401 - lr: 5.0000e-04 - 4s/epoch - 5ms/step
Epoch 21/100
782/782 - 5s - loss: 0.9636 - categorical_accuracy: 0.6317 - val_loss: 0.9477 - val_categorical_accuracy: 0.6403 - lr: 5.0000e-04 - 5s/epoch - 6ms/step
Epoch 22/100
782/782 - 5s - loss: 0.9625 - categorical_accuracy: 0.6320 - val_loss: 0.9470 - val_categorical_accuracy: 0.6404 - lr: 5.0000e-04 - 5s/epoch - 6ms/step
Epoch 23/100
782/782 - 6s - loss: 0.9615 - categorical_accuracy: 0.6323 - val_loss: 0.9463 - val_categorical_accuracy: 0.6403 - lr: 5.0000e-04 - 6s/epoch - 7ms/step
Epoch 24/100
782/782 - 4s - loss: 0.9603 - categorical_accuracy: 0.6327 - val_loss: 0.9455 - val_categorical_accuracy: 0.6408 - lr: 5.0000e-04 - 4s/epoch - 5ms/step
Epoch 25/100
782/782 - 4s - loss: 0.9594 - categorical_accuracy: 0.6330 - val_loss: 0.9447 - val_categorical_accuracy: 0.6413 - lr: 5.0000e-04 - 4s/epoch - 5ms/step
Epoch 26/100
782/782 - 4s - loss: 0.9585 - categorical_accuracy: 0.6332 - val_loss: 0.9437 - val_categorical_accuracy: 0.6415 - lr: 5.0000e-04 - 4s/epoch - 5ms/step
Epoch 27/100
782/782 - 4s - loss: 0.9577 - categorical_accuracy: 0.6334 - val_loss: 0.9429 - val_categorical_accuracy: 0.6420 - lr: 5.0000e-04 - 4s/epoch - 5ms/step
Epoch 28/100
782/782 - 4s - loss: 0.9569 - categorical_accuracy: 0.6338 - val_loss: 0.9423 - val_categorical_accuracy: 0.6422 - lr: 5.0000e-04 - 4s/epoch - 5ms/step
Epoch 29/100
782/782 - 4s - loss: 0.9560 - categorical_accuracy: 0.6340 - val_loss: 0.9419 - val_categorical_accuracy: 0.6421 - lr: 5.0000e-04 - 4s/epoch - 5ms/step
Epoch 30/100
782/782 - 4s - loss: 0.9552 - categorical_accuracy: 0.6343 - val_loss: 0.9413 - val_categorical_accuracy: 0.6421 - lr: 5.0000e-04 - 4s/epoch - 5ms/step
Epoch 31/100
782/782 - 4s - loss: 0.9545 - categorical_accuracy: 0.6346 - val_loss: 0.9409 - val_categorical_accuracy: 0.6423 - lr: 5.0000e-04 - 4s/epoch - 5ms/step
Epoch 32/100
782/782 - 4s - loss: 0.9537 - categorical_accuracy: 0.6351 - val_loss: 0.9401 - val_categorical_accuracy: 0.6425 - lr: 5.0000e-04 - 4s/epoch - 5ms/step
Epoch 33/100
782/782 - 4s - loss: 0.9530 - categorical_accuracy: 0.6353 - val_loss: 0.9399 - val_categorical_accuracy: 0.6427 - lr: 5.0000e-04 - 4s/epoch - 5ms/step
Epoch 34/100
782/782 - 4s - loss: 0.9522 - categorical_accuracy: 0.6355 - val_loss: 0.9392 - val_categorical_accuracy: 0.6427 - lr: 5.0000e-04 - 4s/epoch - 5ms/step
Epoch 35/100
782/782 - 4s - loss: 0.9515 - categorical_accuracy: 0.6357 - val_loss: 0.9387 - val_categorical_accuracy: 0.6429 - lr: 5.0000e-04 - 4s/epoch - 5ms/step
Epoch 36/100
782/782 - 4s - loss: 0.9509 - categorical_accuracy: 0.6359 - val_loss: 0.9384 - val_categorical_accuracy: 0.6430 - lr: 5.0000e-04 - 4s/epoch - 5ms/step
Epoch 37/100
782/782 - 4s - loss: 0.9503 - categorical_accuracy: 0.6360 - val_loss: 0.9381 - val_categorical_accuracy: 0.6428 - lr: 5.0000e-04 - 4s/epoch - 5ms/step
Epoch 38/100
782/782 - 4s - loss: 0.9497 - categorical_accuracy: 0.6362 - val_loss: 0.9370 - val_categorical_accuracy: 0.6435 - lr: 5.0000e-04 - 4s/epoch - 5ms/step
Epoch 39/100
782/782 - 4s - loss: 0.9491 - categorical_accuracy: 0.6362 - val_loss: 0.9368 - val_categorical_accuracy: 0.6434 - lr: 5.0000e-04 - 4s/epoch - 5ms/step
Epoch 40/100
782/782 - 4s - loss: 0.9486 - categorical_accuracy: 0.6365 - val_loss: 0.9368 - val_categorical_accuracy: 0.6435 - lr: 5.0000e-04 - 4s/epoch - 5ms/step
Epoch 41/100
782/782 - 4s - loss: 0.9481 - categorical_accuracy: 0.6365 - val_loss: 0.9365 - val_categorical_accuracy: 0.6437 - lr: 5.0000e-04 - 4s/epoch - 5ms/step
Epoch 42/100
782/782 - 4s - loss: 0.9476 - categorical_accuracy: 0.6368 - val_loss: 0.9357 - val_categorical_accuracy: 0.6442 - lr: 5.0000e-04 - 4s/epoch - 5ms/step
Epoch 43/100
782/782 - 4s - loss: 0.9471 - categorical_accuracy: 0.6369 - val_loss: 0.9358 - val_categorical_accuracy: 0.6442 - lr: 5.0000e-04 - 4s/epoch - 5ms/step
Epoch 44/100
782/782 - 4s - loss: 0.9465 - categorical_accuracy: 0.6371 - val_loss: 0.9353 - val_categorical_accuracy: 0.6442 - lr: 5.0000e-04 - 4s/epoch - 5ms/step
Epoch 45/100
782/782 - 4s - loss: 0.9460 - categorical_accuracy: 0.6373 - val_loss: 0.9350 - val_categorical_accuracy: 0.6441 - lr: 5.0000e-04 - 4s/epoch - 5ms/step
Epoch 46/100
782/782 - 4s - loss: 0.9455 - categorical_accuracy: 0.6374 - val_loss: 0.9343 - val_categorical_accuracy: 0.6445 - lr: 5.0000e-04 - 4s/epoch - 5ms/step
Epoch 47/100
782/782 - 4s - loss: 0.9451 - categorical_accuracy: 0.6377 - val_loss: 0.9337 - val_categorical_accuracy: 0.6447 - lr: 5.0000e-04 - 4s/epoch - 6ms/step
Epoch 48/100
782/782 - 4s - loss: 0.9446 - categorical_accuracy: 0.6378 - val_loss: 0.9337 - val_categorical_accuracy: 0.6446 - lr: 5.0000e-04 - 4s/epoch - 5ms/step
Epoch 49/100
782/782 - 4s - loss: 0.9441 - categorical_accuracy: 0.6381 - val_loss: 0.9333 - val_categorical_accuracy: 0.6450 - lr: 5.0000e-04 - 4s/epoch - 5ms/step
Epoch 50/100
782/782 - 4s - loss: 0.9437 - categorical_accuracy: 0.6385 - val_loss: 0.9329 - val_categorical_accuracy: 0.6449 - lr: 5.0000e-04 - 4s/epoch - 5ms/step
Epoch 51/100
782/782 - 4s - loss: 0.9433 - categorical_accuracy: 0.6385 - val_loss: 0.9328 - val_categorical_accuracy: 0.6451 - lr: 5.0000e-04 - 4s/epoch - 6ms/step
Epoch 52/100
782/782 - 4s - loss: 0.9429 - categorical_accuracy: 0.6388 - val_loss: 0.9324 - val_categorical_accuracy: 0.6452 - lr: 5.0000e-04 - 4s/epoch - 6ms/step
Epoch 53/100
782/782 - 4s - loss: 0.9426 - categorical_accuracy: 0.6388 - val_loss: 0.9315 - val_categorical_accuracy: 0.6456 - lr: 5.0000e-04 - 4s/epoch - 6ms/step
Epoch 54/100
782/782 - 4s - loss: 0.9423 - categorical_accuracy: 0.6390 - val_loss: 0.9319 - val_categorical_accuracy: 0.6453 - lr: 5.0000e-04 - 4s/epoch - 6ms/step
Epoch 55/100
782/782 - 4s - loss: 0.9419 - categorical_accuracy: 0.6391 - val_loss: 0.9317 - val_categorical_accuracy: 0.6455 - lr: 5.0000e-04 - 4s/epoch - 6ms/step
Epoch 56/100
782/782 - 4s - loss: 0.9416 - categorical_accuracy: 0.6392 - val_loss: 0.9317 - val_categorical_accuracy: 0.6454 - lr: 5.0000e-04 - 4s/epoch - 6ms/step
Epoch 57/100
782/782 - 4s - loss: 0.9413 - categorical_accuracy: 0.6393 - val_loss: 0.9314 - val_categorical_accuracy: 0.6457 - lr: 5.0000e-04 - 4s/epoch - 6ms/step
Epoch 58/100
782/782 - 4s - loss: 0.9409 - categorical_accuracy: 0.6394 - val_loss: 0.9318 - val_categorical_accuracy: 0.6453 - lr: 5.0000e-04 - 4s/epoch - 6ms/step
Epoch 59/100
782/782 - 4s - loss: 0.9406 - categorical_accuracy: 0.6395 - val_loss: 0.9316 - val_categorical_accuracy: 0.6453 - lr: 5.0000e-04 - 4s/epoch - 6ms/step
Epoch 60/100
782/782 - 4s - loss: 0.9402 - categorical_accuracy: 0.6394 - val_loss: 0.9314 - val_categorical_accuracy: 0.6455 - lr: 5.0000e-04 - 4s/epoch - 6ms/step
Epoch 61/100
782/782 - 4s - loss: 0.9399 - categorical_accuracy: 0.6395 - val_loss: 0.9305 - val_categorical_accuracy: 0.6461 - lr: 5.0000e-04 - 4s/epoch - 6ms/step
Epoch 62/100
782/782 - 4s - loss: 0.9395 - categorical_accuracy: 0.6398 - val_loss: 0.9302 - val_categorical_accuracy: 0.6462 - lr: 5.0000e-04 - 4s/epoch - 6ms/step
Epoch 63/100
782/782 - 4s - loss: 0.9392 - categorical_accuracy: 0.6399 - val_loss: 0.9302 - val_categorical_accuracy: 0.6462 - lr: 5.0000e-04 - 4s/epoch - 6ms/step
Epoch 64/100
782/782 - 4s - loss: 0.9389 - categorical_accuracy: 0.6402 - val_loss: 0.9301 - val_categorical_accuracy: 0.6462 - lr: 5.0000e-04 - 4s/epoch - 6ms/step
Epoch 65/100
782/782 - 4s - loss: 0.9386 - categorical_accuracy: 0.6402 - val_loss: 0.9296 - val_categorical_accuracy: 0.6462 - lr: 5.0000e-04 - 4s/epoch - 6ms/step
Epoch 66/100
782/782 - 4s - loss: 0.9383 - categorical_accuracy: 0.6403 - val_loss: 0.9297 - val_categorical_accuracy: 0.6461 - lr: 5.0000e-04 - 4s/epoch - 6ms/step
Epoch 67/100
782/782 - 4s - loss: 0.9380 - categorical_accuracy: 0.6404 - val_loss: 0.9294 - val_categorical_accuracy: 0.6462 - lr: 5.0000e-04 - 4s/epoch - 6ms/step
Epoch 68/100
782/782 - 4s - loss: 0.9377 - categorical_accuracy: 0.6406 - val_loss: 0.9299 - val_categorical_accuracy: 0.6458 - lr: 5.0000e-04 - 4s/epoch - 6ms/step
Epoch 69/100
782/782 - 4s - loss: 0.9374 - categorical_accuracy: 0.6406 - val_loss: 0.9298 - val_categorical_accuracy: 0.6457 - lr: 5.0000e-04 - 4s/epoch - 6ms/step
Epoch 70/100
782/782 - 4s - loss: 0.9371 - categorical_accuracy: 0.6407 - val_loss: 0.9295 - val_categorical_accuracy: 0.6460 - lr: 5.0000e-04 - 4s/epoch - 6ms/step
Epoch 71/100
782/782 - 4s - loss: 0.9367 - categorical_accuracy: 0.6409 - val_loss: 0.9292 - val_categorical_accuracy: 0.6460 - lr: 5.0000e-04 - 4s/epoch - 6ms/step
Epoch 72/100
782/782 - 4s - loss: 0.9365 - categorical_accuracy: 0.6409 - val_loss: 0.9295 - val_categorical_accuracy: 0.6457 - lr: 5.0000e-04 - 4s/epoch - 6ms/step
Epoch 73/100
782/782 - 4s - loss: 0.9300 - categorical_accuracy: 0.6443 - val_loss: 0.9195 - val_categorical_accuracy: 0.6512 - lr: 1.0000e-04 - 4s/epoch - 6ms/step
Epoch 74/100
782/782 - 4s - loss: 0.9297 - categorical_accuracy: 0.6443 - val_loss: 0.9194 - val_categorical_accuracy: 0.6510 - lr: 1.0000e-04 - 4s/epoch - 6ms/step
Epoch 75/100
782/782 - 4s - loss: 0.9296 - categorical_accuracy: 0.6442 - val_loss: 0.9193 - val_categorical_accuracy: 0.6510 - lr: 1.0000e-04 - 4s/epoch - 6ms/step
Epoch 76/100
782/782 - 4s - loss: 0.9295 - categorical_accuracy: 0.6443 - val_loss: 0.9191 - val_categorical_accuracy: 0.6509 - lr: 1.0000e-04 - 4s/epoch - 6ms/step
Epoch 77/100
782/782 - 4s - loss: 0.9294 - categorical_accuracy: 0.6443 - val_loss: 0.9190 - val_categorical_accuracy: 0.6507 - lr: 1.0000e-04 - 4s/epoch - 6ms/step
Epoch 78/100
782/782 - 6s - loss: 0.9293 - categorical_accuracy: 0.6444 - val_loss: 0.9189 - val_categorical_accuracy: 0.6509 - lr: 1.0000e-04 - 6s/epoch - 7ms/step
Epoch 79/100
782/782 - 4s - loss: 0.9292 - categorical_accuracy: 0.6444 - val_loss: 0.9188 - val_categorical_accuracy: 0.6510 - lr: 1.0000e-04 - 4s/epoch - 6ms/step
Epoch 80/100
782/782 - 4s - loss: 0.9291 - categorical_accuracy: 0.6444 - val_loss: 0.9188 - val_categorical_accuracy: 0.6510 - lr: 1.0000e-04 - 4s/epoch - 6ms/step
Epoch 81/100
782/782 - 4s - loss: 0.9290 - categorical_accuracy: 0.6445 - val_loss: 0.9187 - val_categorical_accuracy: 0.6509 - lr: 1.0000e-04 - 4s/epoch - 6ms/step
Epoch 82/100
782/782 - 5s - loss: 0.9289 - categorical_accuracy: 0.6445 - val_loss: 0.9187 - val_categorical_accuracy: 0.6510 - lr: 1.0000e-04 - 5s/epoch - 6ms/step
Epoch 83/100
782/782 - 6s - loss: 0.9288 - categorical_accuracy: 0.6445 - val_loss: 0.9186 - val_categorical_accuracy: 0.6510 - lr: 1.0000e-04 - 6s/epoch - 8ms/step
[95m
SAVING RESULTS[0m
==============
[92m
Saved model to: [0m trained_intnets/perm_invariant_conv_2
Loss vs epochs plot saved to trained_intnets/perm_invariant_conv_2.
Accuracy vs epochs plot saved to trained_intnets/perm_invariant_conv_2.
[92m
Jobs done! 🍰✨[0m
