[96m
GPU: NVIDIA GeForce GTX 1080 Ti[0m

----------------
[92mData loading complete:[0m
Training data size: 5.72e+05
Test data size: 0.00e+00
----------------

Shuffling constituents...
[92mShuffled the training data! 🃏
[0m
[92mNumber of constituents: 8[0m
Instantiating model...
[92mModel compiled and built![0m
[95m
TRAINING THE MODEL 💪[0m
==================
Epoch 1/100
782/782 - 8s - loss: 1.1629 - categorical_accuracy: 0.5387 - val_loss: 1.0893 - val_categorical_accuracy: 0.5796 - lr: 5.0000e-04 - 8s/epoch - 10ms/step
Epoch 2/100
782/782 - 4s - loss: 1.0660 - categorical_accuracy: 0.5882 - val_loss: 1.0441 - val_categorical_accuracy: 0.5943 - lr: 5.0000e-04 - 4s/epoch - 5ms/step
Epoch 3/100
782/782 - 4s - loss: 1.0434 - categorical_accuracy: 0.5974 - val_loss: 1.0253 - val_categorical_accuracy: 0.6059 - lr: 5.0000e-04 - 4s/epoch - 5ms/step
Epoch 4/100
782/782 - 4s - loss: 1.0329 - categorical_accuracy: 0.6011 - val_loss: 1.0340 - val_categorical_accuracy: 0.5918 - lr: 5.0000e-04 - 4s/epoch - 5ms/step
Epoch 5/100
782/782 - 4s - loss: 1.0154 - categorical_accuracy: 0.6087 - val_loss: 1.0168 - val_categorical_accuracy: 0.6024 - lr: 5.0000e-04 - 4s/epoch - 5ms/step
Epoch 6/100
782/782 - 6s - loss: 1.0076 - categorical_accuracy: 0.6118 - val_loss: 0.9879 - val_categorical_accuracy: 0.6231 - lr: 5.0000e-04 - 6s/epoch - 8ms/step
Epoch 7/100
782/782 - 4s - loss: 1.0009 - categorical_accuracy: 0.6153 - val_loss: 0.9967 - val_categorical_accuracy: 0.6165 - lr: 5.0000e-04 - 4s/epoch - 5ms/step
Epoch 8/100
782/782 - 4s - loss: 0.9934 - categorical_accuracy: 0.6188 - val_loss: 0.9746 - val_categorical_accuracy: 0.6266 - lr: 5.0000e-04 - 4s/epoch - 5ms/step
Epoch 9/100
782/782 - 4s - loss: 0.9874 - categorical_accuracy: 0.6215 - val_loss: 0.9690 - val_categorical_accuracy: 0.6309 - lr: 5.0000e-04 - 4s/epoch - 5ms/step
Epoch 10/100
782/782 - 4s - loss: 0.9852 - categorical_accuracy: 0.6222 - val_loss: 0.9669 - val_categorical_accuracy: 0.6318 - lr: 5.0000e-04 - 4s/epoch - 5ms/step
Epoch 11/100
782/782 - 4s - loss: 0.9821 - categorical_accuracy: 0.6238 - val_loss: 0.9641 - val_categorical_accuracy: 0.6343 - lr: 5.0000e-04 - 4s/epoch - 5ms/step
Epoch 12/100
782/782 - 4s - loss: 0.9785 - categorical_accuracy: 0.6248 - val_loss: 0.9697 - val_categorical_accuracy: 0.6302 - lr: 5.0000e-04 - 4s/epoch - 5ms/step
Epoch 13/100
782/782 - 4s - loss: 0.9760 - categorical_accuracy: 0.6263 - val_loss: 0.9727 - val_categorical_accuracy: 0.6270 - lr: 5.0000e-04 - 4s/epoch - 5ms/step
Epoch 14/100
782/782 - 4s - loss: 0.9718 - categorical_accuracy: 0.6280 - val_loss: 0.9632 - val_categorical_accuracy: 0.6329 - lr: 5.0000e-04 - 4s/epoch - 5ms/step
Epoch 15/100
782/782 - 4s - loss: 0.9705 - categorical_accuracy: 0.6292 - val_loss: 0.9668 - val_categorical_accuracy: 0.6306 - lr: 5.0000e-04 - 4s/epoch - 5ms/step
Epoch 16/100
782/782 - 4s - loss: 0.9681 - categorical_accuracy: 0.6290 - val_loss: 0.9566 - val_categorical_accuracy: 0.6352 - lr: 5.0000e-04 - 4s/epoch - 5ms/step
Epoch 17/100
782/782 - 4s - loss: 0.9676 - categorical_accuracy: 0.6293 - val_loss: 0.9578 - val_categorical_accuracy: 0.6351 - lr: 5.0000e-04 - 4s/epoch - 5ms/step
Epoch 18/100
782/782 - 4s - loss: 0.9650 - categorical_accuracy: 0.6304 - val_loss: 0.9512 - val_categorical_accuracy: 0.6388 - lr: 5.0000e-04 - 4s/epoch - 5ms/step
Epoch 19/100
782/782 - 4s - loss: 0.9618 - categorical_accuracy: 0.6317 - val_loss: 0.9585 - val_categorical_accuracy: 0.6342 - lr: 5.0000e-04 - 4s/epoch - 5ms/step
Epoch 20/100
782/782 - 4s - loss: 0.9616 - categorical_accuracy: 0.6320 - val_loss: 0.9520 - val_categorical_accuracy: 0.6374 - lr: 5.0000e-04 - 4s/epoch - 5ms/step
Epoch 21/100
782/782 - 4s - loss: 0.9618 - categorical_accuracy: 0.6311 - val_loss: 0.9454 - val_categorical_accuracy: 0.6406 - lr: 5.0000e-04 - 4s/epoch - 5ms/step
Epoch 22/100
782/782 - 4s - loss: 0.9610 - categorical_accuracy: 0.6320 - val_loss: 0.9486 - val_categorical_accuracy: 0.6369 - lr: 5.0000e-04 - 4s/epoch - 5ms/step
Epoch 23/100
782/782 - 4s - loss: 0.9608 - categorical_accuracy: 0.6310 - val_loss: 0.9439 - val_categorical_accuracy: 0.6409 - lr: 5.0000e-04 - 4s/epoch - 5ms/step
Epoch 24/100
782/782 - 4s - loss: 0.9583 - categorical_accuracy: 0.6331 - val_loss: 0.9465 - val_categorical_accuracy: 0.6365 - lr: 5.0000e-04 - 4s/epoch - 5ms/step
Epoch 25/100
782/782 - 4s - loss: 0.9585 - categorical_accuracy: 0.6330 - val_loss: 0.9438 - val_categorical_accuracy: 0.6399 - lr: 5.0000e-04 - 4s/epoch - 5ms/step
Epoch 26/100
782/782 - 4s - loss: 0.9554 - categorical_accuracy: 0.6343 - val_loss: 0.9396 - val_categorical_accuracy: 0.6425 - lr: 5.0000e-04 - 4s/epoch - 5ms/step
Epoch 27/100
782/782 - 4s - loss: 0.9570 - categorical_accuracy: 0.6331 - val_loss: 0.9396 - val_categorical_accuracy: 0.6426 - lr: 5.0000e-04 - 4s/epoch - 5ms/step
Epoch 28/100
782/782 - 4s - loss: 0.9563 - categorical_accuracy: 0.6332 - val_loss: 0.9419 - val_categorical_accuracy: 0.6426 - lr: 5.0000e-04 - 4s/epoch - 5ms/step
Epoch 29/100
782/782 - 4s - loss: 0.9533 - categorical_accuracy: 0.6349 - val_loss: 0.9416 - val_categorical_accuracy: 0.6403 - lr: 5.0000e-04 - 4s/epoch - 5ms/step
Epoch 30/100
782/782 - 4s - loss: 0.9559 - categorical_accuracy: 0.6334 - val_loss: 0.9413 - val_categorical_accuracy: 0.6422 - lr: 5.0000e-04 - 4s/epoch - 5ms/step
Epoch 31/100
782/782 - 4s - loss: 0.9527 - categorical_accuracy: 0.6346 - val_loss: 0.9352 - val_categorical_accuracy: 0.6449 - lr: 5.0000e-04 - 4s/epoch - 5ms/step
Epoch 32/100
782/782 - 4s - loss: 0.9518 - categorical_accuracy: 0.6351 - val_loss: 0.9354 - val_categorical_accuracy: 0.6444 - lr: 5.0000e-04 - 4s/epoch - 5ms/step
Epoch 33/100
782/782 - 4s - loss: 0.9503 - categorical_accuracy: 0.6355 - val_loss: 0.9484 - val_categorical_accuracy: 0.6372 - lr: 5.0000e-04 - 4s/epoch - 5ms/step
Epoch 34/100
782/782 - 4s - loss: 0.9515 - categorical_accuracy: 0.6349 - val_loss: 0.9414 - val_categorical_accuracy: 0.6398 - lr: 5.0000e-04 - 4s/epoch - 5ms/step
Epoch 35/100
782/782 - 4s - loss: 0.9523 - categorical_accuracy: 0.6343 - val_loss: 0.9368 - val_categorical_accuracy: 0.6448 - lr: 5.0000e-04 - 4s/epoch - 5ms/step
Epoch 36/100
782/782 - 4s - loss: 0.9506 - categorical_accuracy: 0.6353 - val_loss: 0.9409 - val_categorical_accuracy: 0.6411 - lr: 5.0000e-04 - 4s/epoch - 5ms/step
Epoch 37/100
782/782 - 4s - loss: 0.9500 - categorical_accuracy: 0.6359 - val_loss: 0.9514 - val_categorical_accuracy: 0.6349 - lr: 5.0000e-04 - 4s/epoch - 5ms/step
Epoch 38/100
782/782 - 4s - loss: 0.9505 - categorical_accuracy: 0.6354 - val_loss: 0.9410 - val_categorical_accuracy: 0.6418 - lr: 5.0000e-04 - 4s/epoch - 5ms/step
Epoch 39/100
782/782 - 4s - loss: 0.9497 - categorical_accuracy: 0.6358 - val_loss: 0.9558 - val_categorical_accuracy: 0.6332 - lr: 5.0000e-04 - 4s/epoch - 5ms/step
Epoch 40/100
782/782 - 5s - loss: 0.9499 - categorical_accuracy: 0.6360 - val_loss: 0.9346 - val_categorical_accuracy: 0.6428 - lr: 5.0000e-04 - 5s/epoch - 6ms/step
Epoch 41/100
782/782 - 4s - loss: 0.9457 - categorical_accuracy: 0.6376 - val_loss: 0.9404 - val_categorical_accuracy: 0.6383 - lr: 5.0000e-04 - 4s/epoch - 5ms/step
[95m
SAVING RESULTS[0m
==============
[92m
Saved model to: [0m trained_intnets/perm_invariant_conv_2
Loss vs epochs plot saved to trained_intnets/perm_invariant_conv_2.
Accuracy vs epochs plot saved to trained_intnets/perm_invariant_conv_2.
[92m
Jobs done! 🍰✨[0m
