[96m
GPU: NVIDIA GeForce GTX 1080 Ti[0m

----------------
[92mData loading complete:[0m
Training data size: 5.72e+05
Test data size: 0.00e+00
----------------

Shuffling constituents...
[92mShuffled the training data! 🃏
[0m
[92mNumber of constituents: 8
[0m
Instantiating model...
[92mModel compiled and built![0m
[95m
TRAINING THE MODEL 💪[0m
==================

Training parameters
-------------------
[92mOptimiser: 	[0m {'name': 'Adam', 'learning_rate': 0.0005, 'decay': 0.0, 'beta_1': 0.9, 'beta_2': 0.999, 'epsilon': 1e-07, 'amsgrad': False}
[92mBatch size: 	[0m 512
[92mTraining epochs:[0m 100
[92mLoss: 		[0m categorical_crossentropy

Epoch 1/100
782/782 - 8s - loss: 1.1629 - categorical_accuracy: 0.5388 - val_loss: 1.0903 - val_categorical_accuracy: 0.5788 - lr: 5.0000e-04 - 8s/epoch - 11ms/step
Epoch 2/100
782/782 - 5s - loss: 1.0662 - categorical_accuracy: 0.5883 - val_loss: 1.0444 - val_categorical_accuracy: 0.5942 - lr: 5.0000e-04 - 5s/epoch - 6ms/step
Epoch 3/100
782/782 - 4s - loss: 1.0437 - categorical_accuracy: 0.5975 - val_loss: 1.0260 - val_categorical_accuracy: 0.6059 - lr: 5.0000e-04 - 4s/epoch - 6ms/step
Epoch 4/100
782/782 - 4s - loss: 1.0337 - categorical_accuracy: 0.6009 - val_loss: 1.0359 - val_categorical_accuracy: 0.5907 - lr: 5.0000e-04 - 4s/epoch - 5ms/step
Epoch 5/100
782/782 - 4s - loss: 1.0164 - categorical_accuracy: 0.6085 - val_loss: 1.0143 - val_categorical_accuracy: 0.6042 - lr: 5.0000e-04 - 4s/epoch - 5ms/step
Epoch 6/100
782/782 - 5s - loss: 1.0089 - categorical_accuracy: 0.6113 - val_loss: 0.9891 - val_categorical_accuracy: 0.6224 - lr: 5.0000e-04 - 5s/epoch - 6ms/step
Epoch 7/100
782/782 - 5s - loss: 1.0018 - categorical_accuracy: 0.6148 - val_loss: 0.9984 - val_categorical_accuracy: 0.6154 - lr: 5.0000e-04 - 5s/epoch - 6ms/step
Epoch 8/100
782/782 - 5s - loss: 0.9942 - categorical_accuracy: 0.6185 - val_loss: 0.9758 - val_categorical_accuracy: 0.6255 - lr: 5.0000e-04 - 5s/epoch - 6ms/step
Epoch 9/100
782/782 - 5s - loss: 0.9877 - categorical_accuracy: 0.6214 - val_loss: 0.9694 - val_categorical_accuracy: 0.6306 - lr: 5.0000e-04 - 5s/epoch - 6ms/step
Epoch 10/100
782/782 - 5s - loss: 0.9851 - categorical_accuracy: 0.6219 - val_loss: 0.9672 - val_categorical_accuracy: 0.6318 - lr: 5.0000e-04 - 5s/epoch - 6ms/step
Epoch 11/100
782/782 - 5s - loss: 0.9820 - categorical_accuracy: 0.6232 - val_loss: 0.9636 - val_categorical_accuracy: 0.6337 - lr: 5.0000e-04 - 5s/epoch - 6ms/step
Epoch 12/100
782/782 - 5s - loss: 0.9782 - categorical_accuracy: 0.6248 - val_loss: 0.9694 - val_categorical_accuracy: 0.6299 - lr: 5.0000e-04 - 5s/epoch - 6ms/step
Epoch 13/100
782/782 - 5s - loss: 0.9758 - categorical_accuracy: 0.6260 - val_loss: 0.9708 - val_categorical_accuracy: 0.6279 - lr: 5.0000e-04 - 5s/epoch - 6ms/step
Epoch 14/100
782/782 - 4s - loss: 0.9713 - categorical_accuracy: 0.6284 - val_loss: 0.9628 - val_categorical_accuracy: 0.6333 - lr: 5.0000e-04 - 4s/epoch - 6ms/step
Epoch 15/100
782/782 - 4s - loss: 0.9704 - categorical_accuracy: 0.6287 - val_loss: 0.9637 - val_categorical_accuracy: 0.6324 - lr: 5.0000e-04 - 4s/epoch - 5ms/step
Epoch 16/100
782/782 - 4s - loss: 0.9680 - categorical_accuracy: 0.6290 - val_loss: 0.9567 - val_categorical_accuracy: 0.6346 - lr: 5.0000e-04 - 4s/epoch - 5ms/step
Epoch 17/100
782/782 - 5s - loss: 0.9677 - categorical_accuracy: 0.6293 - val_loss: 0.9572 - val_categorical_accuracy: 0.6351 - lr: 5.0000e-04 - 5s/epoch - 6ms/step
Epoch 18/100
782/782 - 4s - loss: 0.9653 - categorical_accuracy: 0.6301 - val_loss: 0.9517 - val_categorical_accuracy: 0.6384 - lr: 5.0000e-04 - 4s/epoch - 6ms/step
Epoch 19/100
782/782 - 4s - loss: 0.9616 - categorical_accuracy: 0.6319 - val_loss: 0.9570 - val_categorical_accuracy: 0.6350 - lr: 5.0000e-04 - 4s/epoch - 5ms/step
Epoch 20/100
782/782 - 5s - loss: 0.9615 - categorical_accuracy: 0.6322 - val_loss: 0.9516 - val_categorical_accuracy: 0.6367 - lr: 5.0000e-04 - 5s/epoch - 6ms/step
Epoch 21/100
782/782 - 5s - loss: 0.9614 - categorical_accuracy: 0.6316 - val_loss: 0.9453 - val_categorical_accuracy: 0.6411 - lr: 5.0000e-04 - 5s/epoch - 6ms/step
Epoch 22/100
782/782 - 5s - loss: 0.9608 - categorical_accuracy: 0.6319 - val_loss: 0.9503 - val_categorical_accuracy: 0.6361 - lr: 5.0000e-04 - 5s/epoch - 6ms/step
Epoch 23/100
782/782 - 5s - loss: 0.9604 - categorical_accuracy: 0.6313 - val_loss: 0.9431 - val_categorical_accuracy: 0.6411 - lr: 5.0000e-04 - 5s/epoch - 6ms/step
Epoch 24/100
782/782 - 4s - loss: 0.9580 - categorical_accuracy: 0.6331 - val_loss: 0.9465 - val_categorical_accuracy: 0.6362 - lr: 5.0000e-04 - 4s/epoch - 5ms/step
Epoch 25/100
782/782 - 4s - loss: 0.9581 - categorical_accuracy: 0.6331 - val_loss: 0.9420 - val_categorical_accuracy: 0.6416 - lr: 5.0000e-04 - 4s/epoch - 5ms/step
Epoch 26/100
782/782 - 4s - loss: 0.9550 - categorical_accuracy: 0.6342 - val_loss: 0.9393 - val_categorical_accuracy: 0.6430 - lr: 5.0000e-04 - 4s/epoch - 6ms/step
Epoch 27/100
782/782 - 5s - loss: 0.9562 - categorical_accuracy: 0.6333 - val_loss: 0.9392 - val_categorical_accuracy: 0.6432 - lr: 5.0000e-04 - 5s/epoch - 6ms/step
Epoch 28/100
782/782 - 5s - loss: 0.9560 - categorical_accuracy: 0.6332 - val_loss: 0.9424 - val_categorical_accuracy: 0.6422 - lr: 5.0000e-04 - 5s/epoch - 6ms/step
Epoch 29/100
782/782 - 5s - loss: 0.9526 - categorical_accuracy: 0.6354 - val_loss: 0.9419 - val_categorical_accuracy: 0.6402 - lr: 5.0000e-04 - 5s/epoch - 6ms/step
Epoch 30/100
782/782 - 4s - loss: 0.9551 - categorical_accuracy: 0.6337 - val_loss: 0.9397 - val_categorical_accuracy: 0.6425 - lr: 5.0000e-04 - 4s/epoch - 5ms/step
Epoch 31/100
782/782 - 4s - loss: 0.9522 - categorical_accuracy: 0.6347 - val_loss: 0.9347 - val_categorical_accuracy: 0.6450 - lr: 5.0000e-04 - 4s/epoch - 6ms/step
Epoch 32/100
782/782 - 4s - loss: 0.9509 - categorical_accuracy: 0.6353 - val_loss: 0.9341 - val_categorical_accuracy: 0.6446 - lr: 5.0000e-04 - 4s/epoch - 6ms/step
Epoch 33/100
782/782 - 5s - loss: 0.9495 - categorical_accuracy: 0.6361 - val_loss: 0.9473 - val_categorical_accuracy: 0.6382 - lr: 5.0000e-04 - 5s/epoch - 6ms/step
Epoch 34/100
782/782 - 5s - loss: 0.9505 - categorical_accuracy: 0.6352 - val_loss: 0.9409 - val_categorical_accuracy: 0.6412 - lr: 5.0000e-04 - 5s/epoch - 6ms/step
Epoch 35/100
782/782 - 5s - loss: 0.9514 - categorical_accuracy: 0.6347 - val_loss: 0.9353 - val_categorical_accuracy: 0.6453 - lr: 5.0000e-04 - 5s/epoch - 6ms/step
Epoch 36/100
782/782 - 5s - loss: 0.9499 - categorical_accuracy: 0.6356 - val_loss: 0.9383 - val_categorical_accuracy: 0.6425 - lr: 5.0000e-04 - 5s/epoch - 6ms/step
Epoch 37/100
782/782 - 5s - loss: 0.9487 - categorical_accuracy: 0.6363 - val_loss: 0.9506 - val_categorical_accuracy: 0.6356 - lr: 5.0000e-04 - 5s/epoch - 6ms/step
Epoch 38/100
782/782 - 5s - loss: 0.9493 - categorical_accuracy: 0.6363 - val_loss: 0.9372 - val_categorical_accuracy: 0.6432 - lr: 5.0000e-04 - 5s/epoch - 6ms/step
Epoch 39/100
782/782 - 5s - loss: 0.9485 - categorical_accuracy: 0.6366 - val_loss: 0.9547 - val_categorical_accuracy: 0.6339 - lr: 5.0000e-04 - 5s/epoch - 6ms/step
Epoch 40/100
782/782 - 5s - loss: 0.9485 - categorical_accuracy: 0.6367 - val_loss: 0.9345 - val_categorical_accuracy: 0.6423 - lr: 5.0000e-04 - 5s/epoch - 6ms/step
Epoch 41/100
782/782 - 5s - loss: 0.9446 - categorical_accuracy: 0.6380 - val_loss: 0.9399 - val_categorical_accuracy: 0.6377 - lr: 5.0000e-04 - 5s/epoch - 6ms/step
Epoch 42/100
782/782 - 4s - loss: 0.9464 - categorical_accuracy: 0.6369 - val_loss: 0.9303 - val_categorical_accuracy: 0.6450 - lr: 5.0000e-04 - 4s/epoch - 6ms/step
Epoch 43/100
782/782 - 4s - loss: 0.9452 - categorical_accuracy: 0.6379 - val_loss: 0.9290 - val_categorical_accuracy: 0.6445 - lr: 5.0000e-04 - 4s/epoch - 6ms/step
Epoch 44/100
782/782 - 5s - loss: 0.9474 - categorical_accuracy: 0.6364 - val_loss: 0.9276 - val_categorical_accuracy: 0.6473 - lr: 5.0000e-04 - 5s/epoch - 6ms/step
Epoch 45/100
782/782 - 5s - loss: 0.9431 - categorical_accuracy: 0.6386 - val_loss: 0.9268 - val_categorical_accuracy: 0.6477 - lr: 5.0000e-04 - 5s/epoch - 6ms/step
Epoch 46/100
782/782 - 5s - loss: 0.9441 - categorical_accuracy: 0.6386 - val_loss: 0.9296 - val_categorical_accuracy: 0.6463 - lr: 5.0000e-04 - 5s/epoch - 6ms/step
Epoch 47/100
782/782 - 5s - loss: 0.9429 - categorical_accuracy: 0.6388 - val_loss: 0.9277 - val_categorical_accuracy: 0.6454 - lr: 5.0000e-04 - 5s/epoch - 6ms/step
Epoch 48/100
782/782 - 5s - loss: 0.9457 - categorical_accuracy: 0.6369 - val_loss: 0.9318 - val_categorical_accuracy: 0.6448 - lr: 5.0000e-04 - 5s/epoch - 6ms/step
Epoch 49/100
782/782 - 5s - loss: 0.9428 - categorical_accuracy: 0.6386 - val_loss: 0.9351 - val_categorical_accuracy: 0.6405 - lr: 5.0000e-04 - 5s/epoch - 6ms/step
Epoch 50/100
782/782 - 5s - loss: 0.9440 - categorical_accuracy: 0.6379 - val_loss: 0.9296 - val_categorical_accuracy: 0.6445 - lr: 5.0000e-04 - 5s/epoch - 6ms/step
Epoch 51/100
782/782 - 5s - loss: 0.9423 - categorical_accuracy: 0.6388 - val_loss: 0.9242 - val_categorical_accuracy: 0.6485 - lr: 5.0000e-04 - 5s/epoch - 6ms/step
Epoch 52/100
782/782 - 5s - loss: 0.9425 - categorical_accuracy: 0.6384 - val_loss: 0.9315 - val_categorical_accuracy: 0.6455 - lr: 5.0000e-04 - 5s/epoch - 6ms/step
Epoch 53/100
782/782 - 5s - loss: 0.9404 - categorical_accuracy: 0.6394 - val_loss: 0.9365 - val_categorical_accuracy: 0.6428 - lr: 5.0000e-04 - 5s/epoch - 6ms/step
Epoch 54/100
782/782 - 5s - loss: 0.9418 - categorical_accuracy: 0.6388 - val_loss: 0.9252 - val_categorical_accuracy: 0.6478 - lr: 5.0000e-04 - 5s/epoch - 6ms/step
Epoch 55/100
782/782 - 5s - loss: 0.9409 - categorical_accuracy: 0.6393 - val_loss: 0.9277 - val_categorical_accuracy: 0.6464 - lr: 5.0000e-04 - 5s/epoch - 6ms/step
Epoch 56/100
782/782 - 5s - loss: 0.9414 - categorical_accuracy: 0.6392 - val_loss: 0.9303 - val_categorical_accuracy: 0.6447 - lr: 5.0000e-04 - 5s/epoch - 6ms/step
Epoch 57/100
782/782 - 5s - loss: 0.9396 - categorical_accuracy: 0.6401 - val_loss: 0.9278 - val_categorical_accuracy: 0.6463 - lr: 5.0000e-04 - 5s/epoch - 6ms/step
Epoch 58/100
782/782 - 5s - loss: 0.9383 - categorical_accuracy: 0.6400 - val_loss: 0.9233 - val_categorical_accuracy: 0.6478 - lr: 5.0000e-04 - 5s/epoch - 6ms/step
Epoch 59/100
782/782 - 5s - loss: 0.9388 - categorical_accuracy: 0.6394 - val_loss: 0.9433 - val_categorical_accuracy: 0.6388 - lr: 5.0000e-04 - 5s/epoch - 6ms/step
Epoch 60/100
782/782 - 5s - loss: 0.9388 - categorical_accuracy: 0.6395 - val_loss: 0.9302 - val_categorical_accuracy: 0.6457 - lr: 5.0000e-04 - 5s/epoch - 6ms/step
Epoch 61/100
782/782 - 4s - loss: 0.9368 - categorical_accuracy: 0.6410 - val_loss: 0.9225 - val_categorical_accuracy: 0.6490 - lr: 5.0000e-04 - 4s/epoch - 6ms/step
Epoch 62/100
782/782 - 5s - loss: 0.9375 - categorical_accuracy: 0.6407 - val_loss: 0.9240 - val_categorical_accuracy: 0.6470 - lr: 5.0000e-04 - 5s/epoch - 6ms/step
Epoch 63/100
782/782 - 5s - loss: 0.9382 - categorical_accuracy: 0.6398 - val_loss: 0.9268 - val_categorical_accuracy: 0.6466 - lr: 5.0000e-04 - 5s/epoch - 6ms/step
Epoch 64/100
782/782 - 5s - loss: 0.9383 - categorical_accuracy: 0.6404 - val_loss: 0.9238 - val_categorical_accuracy: 0.6493 - lr: 5.0000e-04 - 5s/epoch - 6ms/step
Epoch 65/100
782/782 - 4s - loss: 0.9375 - categorical_accuracy: 0.6408 - val_loss: 0.9220 - val_categorical_accuracy: 0.6485 - lr: 5.0000e-04 - 4s/epoch - 6ms/step
Epoch 66/100
782/782 - 5s - loss: 0.9374 - categorical_accuracy: 0.6408 - val_loss: 0.9208 - val_categorical_accuracy: 0.6496 - lr: 5.0000e-04 - 5s/epoch - 6ms/step
Epoch 67/100
782/782 - 5s - loss: 0.9361 - categorical_accuracy: 0.6406 - val_loss: 0.9233 - val_categorical_accuracy: 0.6487 - lr: 5.0000e-04 - 5s/epoch - 6ms/step
Epoch 68/100
782/782 - 5s - loss: 0.9362 - categorical_accuracy: 0.6407 - val_loss: 0.9225 - val_categorical_accuracy: 0.6493 - lr: 5.0000e-04 - 5s/epoch - 6ms/step
Epoch 69/100
782/782 - 4s - loss: 0.9354 - categorical_accuracy: 0.6416 - val_loss: 0.9214 - val_categorical_accuracy: 0.6494 - lr: 5.0000e-04 - 4s/epoch - 6ms/step
Epoch 70/100
782/782 - 5s - loss: 0.9379 - categorical_accuracy: 0.6401 - val_loss: 0.9251 - val_categorical_accuracy: 0.6484 - lr: 5.0000e-04 - 5s/epoch - 6ms/step
Epoch 71/100
782/782 - 5s - loss: 0.9357 - categorical_accuracy: 0.6415 - val_loss: 0.9206 - val_categorical_accuracy: 0.6494 - lr: 5.0000e-04 - 5s/epoch - 6ms/step
Epoch 72/100
782/782 - 5s - loss: 0.9349 - categorical_accuracy: 0.6412 - val_loss: 0.9220 - val_categorical_accuracy: 0.6488 - lr: 5.0000e-04 - 5s/epoch - 6ms/step
Epoch 73/100
782/782 - 5s - loss: 0.9346 - categorical_accuracy: 0.6416 - val_loss: 0.9203 - val_categorical_accuracy: 0.6491 - lr: 5.0000e-04 - 5s/epoch - 6ms/step
Epoch 74/100
782/782 - 5s - loss: 0.9342 - categorical_accuracy: 0.6420 - val_loss: 0.9433 - val_categorical_accuracy: 0.6338 - lr: 5.0000e-04 - 5s/epoch - 6ms/step
Epoch 75/100
782/782 - 5s - loss: 0.9352 - categorical_accuracy: 0.6408 - val_loss: 0.9318 - val_categorical_accuracy: 0.6434 - lr: 5.0000e-04 - 5s/epoch - 6ms/step
Epoch 76/100
782/782 - 4s - loss: 0.9360 - categorical_accuracy: 0.6409 - val_loss: 0.9213 - val_categorical_accuracy: 0.6490 - lr: 5.0000e-04 - 4s/epoch - 5ms/step
[95m
SAVING RESULTS[0m
==============
[92m
Saved model to: [0m trained_intnets/perm_invariant_conv_2
Loss vs epochs plot saved to trained_intnets/perm_invariant_conv_2.
Accuracy vs epochs plot saved to trained_intnets/perm_invariant_conv_2.
[92m
Jobs done! 🍰✨[0m
