[96m
GPU: NVIDIA GeForce GTX 1080 Ti[0m
[92mSaved hyperparameters to json file.[0m
[95m
DATA DEETS[0m
[95m-----------[0m
data_folder: /work/deodagiu/ki_data/intnet_input
norm: robust
train_events: -1
test_events: 0
pt_min: 2.0
nconstituents: 16
feature_selection: jedinet

----------------
[92mData loading complete:[0m
Training data size: 5.72e+05
Test data size: 0.00e+00
----------------

Shuffling constituents...
[92mShuffled the training data! 🃏
[0m
Importing the teacher network model...
Instantiating the student network model...
Making the distiller...
[95m
TEACHING THE STUDENT 💪[0m
====================

Training Parameters
-------------------
[92mOptimiser: 		[0m {'name': 'Adam', 'learning_rate': 0.001, 'decay': 0.0, 'beta_1': 0.9, 'beta_2': 0.999, 'epsilon': 1e-07, 'amsgrad': False}
[92mBatch size: 		[0m 512
[92mTraining epochs:	[0m 500
[92mLoss student: 		[0m <function softmax_cross_entropy_with_logits_v2 at 0x7efe6137a560>
[92mLoss distill: 		[0m <keras.losses.KLDivergence object at 0x7efd706d8640>

Epoch 1/500
782/782 - 26s - categorical_accuracy: 0.5998 - student_loss: 1.0804 - distillation_loss: 2.0351 - loss: 1.0804 - val_categorical_accuracy: 0.6318 - val_student_loss: 0.5025 - lr: 0.0010 - 26s/epoch - 33ms/step
Epoch 2/500
782/782 - 24s - categorical_accuracy: 0.6445 - student_loss: 0.8719 - distillation_loss: 2.0532 - loss: 0.8719 - val_categorical_accuracy: 0.6535 - val_student_loss: 0.5034 - lr: 0.0010 - 24s/epoch - 31ms/step
Epoch 3/500
782/782 - 24s - categorical_accuracy: 0.6639 - student_loss: 0.8470 - distillation_loss: 2.2753 - loss: 0.8470 - val_categorical_accuracy: 0.6686 - val_student_loss: 0.4505 - lr: 0.0010 - 24s/epoch - 30ms/step
Epoch 4/500
782/782 - 24s - categorical_accuracy: 0.6772 - student_loss: 0.8781 - distillation_loss: 2.3822 - loss: 0.8781 - val_categorical_accuracy: 0.6805 - val_student_loss: 0.5175 - lr: 0.0010 - 24s/epoch - 31ms/step
Epoch 5/500
782/782 - 24s - categorical_accuracy: 0.6878 - student_loss: 0.7336 - distillation_loss: 2.3141 - loss: 0.7336 - val_categorical_accuracy: 0.6870 - val_student_loss: 0.4480 - lr: 0.0010 - 24s/epoch - 31ms/step
Epoch 6/500
782/782 - 24s - categorical_accuracy: 0.6946 - student_loss: 0.8093 - distillation_loss: 2.2682 - loss: 0.8093 - val_categorical_accuracy: 0.6970 - val_student_loss: 0.4851 - lr: 0.0010 - 24s/epoch - 31ms/step
Epoch 7/500
782/782 - 24s - categorical_accuracy: 0.6997 - student_loss: 0.7998 - distillation_loss: 2.6063 - loss: 0.7998 - val_categorical_accuracy: 0.6984 - val_student_loss: 0.3943 - lr: 0.0010 - 24s/epoch - 30ms/step
Epoch 8/500
782/782 - 24s - categorical_accuracy: 0.7037 - student_loss: 0.8733 - distillation_loss: 2.2593 - loss: 0.8733 - val_categorical_accuracy: 0.7012 - val_student_loss: 0.4719 - lr: 0.0010 - 24s/epoch - 30ms/step
Epoch 9/500
782/782 - 24s - categorical_accuracy: 0.7068 - student_loss: 0.7132 - distillation_loss: 2.5028 - loss: 0.7132 - val_categorical_accuracy: 0.7045 - val_student_loss: 0.4118 - lr: 0.0010 - 24s/epoch - 31ms/step
Epoch 10/500
782/782 - 25s - categorical_accuracy: 0.7111 - student_loss: 0.7969 - distillation_loss: 2.4000 - loss: 0.7969 - val_categorical_accuracy: 0.7091 - val_student_loss: 0.4157 - lr: 0.0010 - 25s/epoch - 32ms/step
Epoch 11/500
782/782 - 24s - categorical_accuracy: 0.7141 - student_loss: 0.8406 - distillation_loss: 2.2036 - loss: 0.8406 - val_categorical_accuracy: 0.7109 - val_student_loss: 0.4667 - lr: 0.0010 - 24s/epoch - 30ms/step
Epoch 12/500
782/782 - 24s - categorical_accuracy: 0.7169 - student_loss: 0.7755 - distillation_loss: 2.4630 - loss: 0.7755 - val_categorical_accuracy: 0.7135 - val_student_loss: 0.4338 - lr: 0.0010 - 24s/epoch - 30ms/step
Epoch 13/500
782/782 - 24s - categorical_accuracy: 0.7197 - student_loss: 0.7410 - distillation_loss: 2.5151 - loss: 0.7410 - val_categorical_accuracy: 0.7149 - val_student_loss: 0.4201 - lr: 0.0010 - 24s/epoch - 30ms/step
Epoch 14/500
782/782 - 24s - categorical_accuracy: 0.7227 - student_loss: 0.8757 - distillation_loss: 2.3732 - loss: 0.8757 - val_categorical_accuracy: 0.7173 - val_student_loss: 0.5046 - lr: 0.0010 - 24s/epoch - 30ms/step
Epoch 15/500
782/782 - 24s - categorical_accuracy: 0.7257 - student_loss: 0.7913 - distillation_loss: 2.4567 - loss: 0.7913 - val_categorical_accuracy: 0.7189 - val_student_loss: 0.4469 - lr: 0.0010 - 24s/epoch - 31ms/step
Epoch 16/500
782/782 - 24s - categorical_accuracy: 0.7276 - student_loss: 0.7592 - distillation_loss: 2.3276 - loss: 0.7592 - val_categorical_accuracy: 0.7206 - val_student_loss: 0.4087 - lr: 0.0010 - 24s/epoch - 30ms/step
Epoch 17/500
782/782 - 24s - categorical_accuracy: 0.7295 - student_loss: 0.6362 - distillation_loss: 2.4233 - loss: 0.6362 - val_categorical_accuracy: 0.7230 - val_student_loss: 0.4265 - lr: 0.0010 - 24s/epoch - 30ms/step
Epoch 18/500
782/782 - 24s - categorical_accuracy: 0.7314 - student_loss: 0.7300 - distillation_loss: 2.6894 - loss: 0.7300 - val_categorical_accuracy: 0.7239 - val_student_loss: 0.6118 - lr: 0.0010 - 24s/epoch - 30ms/step
Epoch 19/500
782/782 - 24s - categorical_accuracy: 0.7333 - student_loss: 0.8049 - distillation_loss: 2.5208 - loss: 0.8049 - val_categorical_accuracy: 0.7251 - val_student_loss: 0.4685 - lr: 0.0010 - 24s/epoch - 30ms/step
Epoch 20/500
782/782 - 24s - categorical_accuracy: 0.7354 - student_loss: 0.6193 - distillation_loss: 2.4084 - loss: 0.6193 - val_categorical_accuracy: 0.7272 - val_student_loss: 0.5521 - lr: 0.0010 - 24s/epoch - 30ms/step
Epoch 21/500
782/782 - 24s - categorical_accuracy: 0.7366 - student_loss: 0.6539 - distillation_loss: 2.4469 - loss: 0.6539 - val_categorical_accuracy: 0.7233 - val_student_loss: 0.5832 - lr: 0.0010 - 24s/epoch - 31ms/step
Epoch 22/500
782/782 - 24s - categorical_accuracy: 0.7383 - student_loss: 0.6838 - distillation_loss: 2.5512 - loss: 0.6838 - val_categorical_accuracy: 0.7289 - val_student_loss: 0.4808 - lr: 0.0010 - 24s/epoch - 30ms/step
Epoch 23/500
782/782 - 25s - categorical_accuracy: 0.7394 - student_loss: 0.8031 - distillation_loss: 2.4179 - loss: 0.8031 - val_categorical_accuracy: 0.7287 - val_student_loss: 0.4986 - lr: 0.0010 - 25s/epoch - 31ms/step
Epoch 24/500
782/782 - 24s - categorical_accuracy: 0.7409 - student_loss: 0.7644 - distillation_loss: 2.5204 - loss: 0.7644 - val_categorical_accuracy: 0.7302 - val_student_loss: 0.5483 - lr: 0.0010 - 24s/epoch - 30ms/step
Epoch 25/500
782/782 - 24s - categorical_accuracy: 0.7418 - student_loss: 0.6988 - distillation_loss: 2.6099 - loss: 0.6988 - val_categorical_accuracy: 0.7311 - val_student_loss: 0.5558 - lr: 0.0010 - 24s/epoch - 30ms/step
Epoch 26/500
782/782 - 24s - categorical_accuracy: 0.7426 - student_loss: 0.7783 - distillation_loss: 2.5614 - loss: 0.7783 - val_categorical_accuracy: 0.7330 - val_student_loss: 0.4986 - lr: 0.0010 - 24s/epoch - 31ms/step
Epoch 27/500
782/782 - 24s - categorical_accuracy: 0.7445 - student_loss: 0.7036 - distillation_loss: 2.4463 - loss: 0.7036 - val_categorical_accuracy: 0.7323 - val_student_loss: 0.4518 - lr: 0.0010 - 24s/epoch - 30ms/step
Epoch 28/500
782/782 - 24s - categorical_accuracy: 0.7455 - student_loss: 0.7334 - distillation_loss: 2.5383 - loss: 0.7334 - val_categorical_accuracy: 0.7302 - val_student_loss: 0.7074 - lr: 0.0010 - 24s/epoch - 30ms/step
Epoch 29/500
782/782 - 24s - categorical_accuracy: 0.7464 - student_loss: 0.6771 - distillation_loss: 2.6983 - loss: 0.6771 - val_categorical_accuracy: 0.7337 - val_student_loss: 0.5743 - lr: 0.0010 - 24s/epoch - 31ms/step
Epoch 30/500
782/782 - 24s - categorical_accuracy: 0.7467 - student_loss: 0.6918 - distillation_loss: 2.5111 - loss: 0.6918 - val_categorical_accuracy: 0.7352 - val_student_loss: 0.4417 - lr: 0.0010 - 24s/epoch - 30ms/step
Epoch 31/500
782/782 - 24s - categorical_accuracy: 0.7473 - student_loss: 0.6944 - distillation_loss: 2.4678 - loss: 0.6944 - val_categorical_accuracy: 0.7320 - val_student_loss: 0.5800 - lr: 0.0010 - 24s/epoch - 30ms/step
Epoch 32/500
782/782 - 24s - categorical_accuracy: 0.7484 - student_loss: 0.6526 - distillation_loss: 2.6067 - loss: 0.6526 - val_categorical_accuracy: 0.7363 - val_student_loss: 0.5341 - lr: 0.0010 - 24s/epoch - 31ms/step
Epoch 33/500
782/782 - 24s - categorical_accuracy: 0.7492 - student_loss: 0.7026 - distillation_loss: 2.6449 - loss: 0.7026 - val_categorical_accuracy: 0.7364 - val_student_loss: 0.5596 - lr: 0.0010 - 24s/epoch - 30ms/step
Epoch 34/500
782/782 - 24s - categorical_accuracy: 0.7493 - student_loss: 0.7526 - distillation_loss: 2.7810 - loss: 0.7526 - val_categorical_accuracy: 0.7350 - val_student_loss: 0.5436 - lr: 0.0010 - 24s/epoch - 31ms/step
Epoch 35/500
782/782 - 24s - categorical_accuracy: 0.7499 - student_loss: 0.6893 - distillation_loss: 2.5143 - loss: 0.6893 - val_categorical_accuracy: 0.7351 - val_student_loss: 0.6058 - lr: 0.0010 - 24s/epoch - 31ms/step
Epoch 36/500
782/782 - 25s - categorical_accuracy: 0.7510 - student_loss: 0.6654 - distillation_loss: 2.6944 - loss: 0.6654 - val_categorical_accuracy: 0.7356 - val_student_loss: 0.5866 - lr: 0.0010 - 25s/epoch - 31ms/step
Epoch 37/500
782/782 - 24s - categorical_accuracy: 0.7512 - student_loss: 0.7193 - distillation_loss: 2.6191 - loss: 0.7193 - val_categorical_accuracy: 0.7363 - val_student_loss: 0.7282 - lr: 0.0010 - 24s/epoch - 30ms/step
Epoch 38/500
782/782 - 24s - categorical_accuracy: 0.7516 - student_loss: 0.6284 - distillation_loss: 2.4274 - loss: 0.6284 - val_categorical_accuracy: 0.7375 - val_student_loss: 0.5094 - lr: 0.0010 - 24s/epoch - 30ms/step
Epoch 39/500
782/782 - 24s - categorical_accuracy: 0.7523 - student_loss: 0.6692 - distillation_loss: 2.5435 - loss: 0.6692 - val_categorical_accuracy: 0.7357 - val_student_loss: 0.4527 - lr: 0.0010 - 24s/epoch - 31ms/step
Epoch 40/500
782/782 - 24s - categorical_accuracy: 0.7525 - student_loss: 0.7404 - distillation_loss: 2.7280 - loss: 0.7404 - val_categorical_accuracy: 0.7362 - val_student_loss: 0.4762 - lr: 0.0010 - 24s/epoch - 31ms/step
Epoch 41/500
782/782 - 24s - categorical_accuracy: 0.7534 - student_loss: 0.7544 - distillation_loss: 2.7792 - loss: 0.7544 - val_categorical_accuracy: 0.7377 - val_student_loss: 0.4893 - lr: 0.0010 - 24s/epoch - 31ms/step
Epoch 42/500
782/782 - 24s - categorical_accuracy: 0.7539 - student_loss: 0.5889 - distillation_loss: 2.7154 - loss: 0.5889 - val_categorical_accuracy: 0.7369 - val_student_loss: 0.5658 - lr: 0.0010 - 24s/epoch - 31ms/step
Epoch 43/500
782/782 - 24s - categorical_accuracy: 0.7542 - student_loss: 0.6799 - distillation_loss: 2.7114 - loss: 0.6799 - val_categorical_accuracy: 0.7374 - val_student_loss: 0.4926 - lr: 0.0010 - 24s/epoch - 31ms/step
Epoch 44/500
782/782 - 24s - categorical_accuracy: 0.7545 - student_loss: 0.6541 - distillation_loss: 2.4539 - loss: 0.6541 - val_categorical_accuracy: 0.7378 - val_student_loss: 0.5728 - lr: 0.0010 - 24s/epoch - 30ms/step
Epoch 45/500
782/782 - 24s - categorical_accuracy: 0.7547 - student_loss: 0.7189 - distillation_loss: 2.5727 - loss: 0.7189 - val_categorical_accuracy: 0.7362 - val_student_loss: 0.5403 - lr: 0.0010 - 24s/epoch - 31ms/step
Epoch 46/500
782/782 - 24s - categorical_accuracy: 0.7554 - student_loss: 0.7131 - distillation_loss: 2.5959 - loss: 0.7131 - val_categorical_accuracy: 0.7344 - val_student_loss: 0.6471 - lr: 0.0010 - 24s/epoch - 31ms/step
Epoch 47/500
782/782 - 25s - categorical_accuracy: 0.7557 - student_loss: 0.7062 - distillation_loss: 2.6430 - loss: 0.7062 - val_categorical_accuracy: 0.7384 - val_student_loss: 0.4704 - lr: 0.0010 - 25s/epoch - 32ms/step
Epoch 48/500
782/782 - 25s - categorical_accuracy: 0.7562 - student_loss: 0.5806 - distillation_loss: 2.6894 - loss: 0.5806 - val_categorical_accuracy: 0.7379 - val_student_loss: 0.6154 - lr: 0.0010 - 25s/epoch - 32ms/step
Epoch 49/500
782/782 - 26s - categorical_accuracy: 0.7570 - student_loss: 0.7163 - distillation_loss: 2.6753 - loss: 0.7163 - val_categorical_accuracy: 0.7378 - val_student_loss: 0.4400 - lr: 0.0010 - 26s/epoch - 33ms/step
Epoch 50/500
782/782 - 26s - categorical_accuracy: 0.7568 - student_loss: 0.7545 - distillation_loss: 2.5266 - loss: 0.7545 - val_categorical_accuracy: 0.7375 - val_student_loss: 0.6262 - lr: 0.0010 - 26s/epoch - 33ms/step
Epoch 51/500
782/782 - 26s - categorical_accuracy: 0.7570 - student_loss: 0.7156 - distillation_loss: 2.3858 - loss: 0.7156 - val_categorical_accuracy: 0.7384 - val_student_loss: 0.5903 - lr: 0.0010 - 26s/epoch - 33ms/step
Epoch 52/500
782/782 - 26s - categorical_accuracy: 0.7578 - student_loss: 0.6663 - distillation_loss: 2.8368 - loss: 0.6663 - val_categorical_accuracy: 0.7385 - val_student_loss: 0.5321 - lr: 0.0010 - 26s/epoch - 33ms/step
Epoch 53/500
782/782 - 26s - categorical_accuracy: 0.7583 - student_loss: 0.7204 - distillation_loss: 2.5072 - loss: 0.7204 - val_categorical_accuracy: 0.7385 - val_student_loss: 0.4780 - lr: 0.0010 - 26s/epoch - 33ms/step
Epoch 54/500
782/782 - 26s - categorical_accuracy: 0.7581 - student_loss: 0.6982 - distillation_loss: 2.6253 - loss: 0.6982 - val_categorical_accuracy: 0.7369 - val_student_loss: 0.4440 - lr: 0.0010 - 26s/epoch - 33ms/step
Epoch 55/500
782/782 - 25s - categorical_accuracy: 0.7587 - student_loss: 0.5863 - distillation_loss: 2.6536 - loss: 0.5863 - val_categorical_accuracy: 0.7385 - val_student_loss: 0.4737 - lr: 0.0010 - 25s/epoch - 31ms/step
Epoch 56/500
782/782 - 24s - categorical_accuracy: 0.7588 - student_loss: 0.7127 - distillation_loss: 2.5274 - loss: 0.7127 - val_categorical_accuracy: 0.7382 - val_student_loss: 0.4239 - lr: 0.0010 - 24s/epoch - 30ms/step
Epoch 57/500
782/782 - 24s - categorical_accuracy: 0.7588 - student_loss: 0.7055 - distillation_loss: 2.9546 - loss: 0.7055 - val_categorical_accuracy: 0.7372 - val_student_loss: 0.5641 - lr: 0.0010 - 24s/epoch - 30ms/step
Epoch 58/500
782/782 - 24s - categorical_accuracy: 0.7590 - student_loss: 0.8089 - distillation_loss: 2.6035 - loss: 0.8089 - val_categorical_accuracy: 0.7376 - val_student_loss: 0.6472 - lr: 0.0010 - 24s/epoch - 30ms/step
Epoch 59/500
782/782 - 24s - categorical_accuracy: 0.7591 - student_loss: 0.7220 - distillation_loss: 2.7644 - loss: 0.7220 - val_categorical_accuracy: 0.7396 - val_student_loss: 0.4778 - lr: 0.0010 - 24s/epoch - 30ms/step
Epoch 60/500
782/782 - 25s - categorical_accuracy: 0.7596 - student_loss: 0.7368 - distillation_loss: 2.6777 - loss: 0.7368 - val_categorical_accuracy: 0.7386 - val_student_loss: 0.4225 - lr: 0.0010 - 25s/epoch - 31ms/step
Epoch 61/500
782/782 - 24s - categorical_accuracy: 0.7599 - student_loss: 0.6675 - distillation_loss: 2.7185 - loss: 0.6675 - val_categorical_accuracy: 0.7372 - val_student_loss: 0.3964 - lr: 0.0010 - 24s/epoch - 30ms/step
Epoch 62/500
782/782 - 24s - categorical_accuracy: 0.7602 - student_loss: 0.6474 - distillation_loss: 2.5978 - loss: 0.6474 - val_categorical_accuracy: 0.7383 - val_student_loss: 0.5720 - lr: 0.0010 - 24s/epoch - 31ms/step
Epoch 63/500
782/782 - 24s - categorical_accuracy: 0.7603 - student_loss: 0.7915 - distillation_loss: 2.8435 - loss: 0.7915 - val_categorical_accuracy: 0.7381 - val_student_loss: 0.4325 - lr: 0.0010 - 24s/epoch - 31ms/step
Epoch 64/500
782/782 - 24s - categorical_accuracy: 0.7606 - student_loss: 0.6265 - distillation_loss: 2.7015 - loss: 0.6265 - val_categorical_accuracy: 0.7376 - val_student_loss: 0.5676 - lr: 0.0010 - 24s/epoch - 30ms/step
Epoch 65/500
782/782 - 24s - categorical_accuracy: 0.7604 - student_loss: 0.6273 - distillation_loss: 2.8116 - loss: 0.6273 - val_categorical_accuracy: 0.7383 - val_student_loss: 0.4174 - lr: 0.0010 - 24s/epoch - 31ms/step
Epoch 66/500
782/782 - 24s - categorical_accuracy: 0.7612 - student_loss: 0.6820 - distillation_loss: 2.8482 - loss: 0.6820 - val_categorical_accuracy: 0.7384 - val_student_loss: 0.5913 - lr: 0.0010 - 24s/epoch - 31ms/step
Epoch 67/500
782/782 - 24s - categorical_accuracy: 0.7617 - student_loss: 0.5709 - distillation_loss: 2.5474 - loss: 0.5709 - val_categorical_accuracy: 0.7352 - val_student_loss: 0.4661 - lr: 0.0010 - 24s/epoch - 30ms/step
Epoch 68/500
782/782 - 24s - categorical_accuracy: 0.7618 - student_loss: 0.6989 - distillation_loss: 2.5958 - loss: 0.6989 - val_categorical_accuracy: 0.7337 - val_student_loss: 0.5363 - lr: 0.0010 - 24s/epoch - 30ms/step
Epoch 69/500
782/782 - 24s - categorical_accuracy: 0.7621 - student_loss: 0.5875 - distillation_loss: 2.6169 - loss: 0.5875 - val_categorical_accuracy: 0.7372 - val_student_loss: 0.7335 - lr: 0.0010 - 24s/epoch - 30ms/step
Epoch 70/500
782/782 - 24s - categorical_accuracy: 0.7613 - student_loss: 0.6983 - distillation_loss: 2.8515 - loss: 0.6983 - val_categorical_accuracy: 0.7368 - val_student_loss: 0.4622 - lr: 0.0010 - 24s/epoch - 31ms/step
Epoch 71/500
782/782 - 24s - categorical_accuracy: 0.7624 - student_loss: 0.6579 - distillation_loss: 2.6647 - loss: 0.6579 - val_categorical_accuracy: 0.7376 - val_student_loss: 0.4657 - lr: 0.0010 - 24s/epoch - 31ms/step
Epoch 72/500
782/782 - 26s - categorical_accuracy: 0.7627 - student_loss: 0.6051 - distillation_loss: 2.6448 - loss: 0.6051 - val_categorical_accuracy: 0.7372 - val_student_loss: 0.4322 - lr: 0.0010 - 26s/epoch - 33ms/step
Epoch 73/500
782/782 - 24s - categorical_accuracy: 0.7628 - student_loss: 0.7030 - distillation_loss: 2.6647 - loss: 0.7030 - val_categorical_accuracy: 0.7375 - val_student_loss: 0.6136 - lr: 0.0010 - 24s/epoch - 31ms/step
Epoch 74/500
782/782 - 24s - categorical_accuracy: 0.7629 - student_loss: 0.6580 - distillation_loss: 2.6720 - loss: 0.6580 - val_categorical_accuracy: 0.7373 - val_student_loss: 0.5992 - lr: 0.0010 - 24s/epoch - 30ms/step
Epoch 75/500
782/782 - 25s - categorical_accuracy: 0.7631 - student_loss: 0.7314 - distillation_loss: 2.5741 - loss: 0.7314 - val_categorical_accuracy: 0.7364 - val_student_loss: 0.5445 - lr: 0.0010 - 25s/epoch - 32ms/step
Epoch 76/500
782/782 - 24s - categorical_accuracy: 0.7628 - student_loss: 0.6672 - distillation_loss: 2.6687 - loss: 0.6672 - val_categorical_accuracy: 0.7386 - val_student_loss: 0.4583 - lr: 0.0010 - 24s/epoch - 31ms/step
Epoch 77/500
782/782 - 25s - categorical_accuracy: 0.7632 - student_loss: 0.6853 - distillation_loss: 2.6714 - loss: 0.6853 - val_categorical_accuracy: 0.7379 - val_student_loss: 0.5448 - lr: 0.0010 - 25s/epoch - 32ms/step
Epoch 78/500
782/782 - 26s - categorical_accuracy: 0.7643 - student_loss: 0.6687 - distillation_loss: 2.9035 - loss: 0.6687 - val_categorical_accuracy: 0.7379 - val_student_loss: 0.5851 - lr: 0.0010 - 26s/epoch - 33ms/step
Epoch 79/500
782/782 - 26s - categorical_accuracy: 0.7643 - student_loss: 0.6419 - distillation_loss: 2.6245 - loss: 0.6419 - val_categorical_accuracy: 0.7369 - val_student_loss: 0.6250 - lr: 0.0010 - 26s/epoch - 33ms/step
Epoch 80/500
782/782 - 26s - categorical_accuracy: 0.7635 - student_loss: 0.7177 - distillation_loss: 2.8023 - loss: 0.7177 - val_categorical_accuracy: 0.7371 - val_student_loss: 0.4833 - lr: 0.0010 - 26s/epoch - 33ms/step
Epoch 81/500
782/782 - 26s - categorical_accuracy: 0.7639 - student_loss: 0.6397 - distillation_loss: 2.7049 - loss: 0.6397 - val_categorical_accuracy: 0.7366 - val_student_loss: 0.5475 - lr: 0.0010 - 26s/epoch - 33ms/step
Epoch 82/500
782/782 - 26s - categorical_accuracy: 0.7638 - student_loss: 0.6631 - distillation_loss: 2.6899 - loss: 0.6631 - val_categorical_accuracy: 0.7362 - val_student_loss: 0.5790 - lr: 0.0010 - 26s/epoch - 33ms/step
Epoch 83/500
782/782 - 26s - categorical_accuracy: 0.7635 - student_loss: 0.6832 - distillation_loss: 2.7191 - loss: 0.6832 - val_categorical_accuracy: 0.7384 - val_student_loss: 0.4499 - lr: 0.0010 - 26s/epoch - 33ms/step
Epoch 84/500
782/782 - 26s - categorical_accuracy: 0.7644 - student_loss: 0.6835 - distillation_loss: 2.7456 - loss: 0.6835 - val_categorical_accuracy: 0.7363 - val_student_loss: 0.4143 - lr: 0.0010 - 26s/epoch - 33ms/step
Epoch 85/500
782/782 - 26s - categorical_accuracy: 0.7641 - student_loss: 0.6955 - distillation_loss: 2.7019 - loss: 0.6955 - val_categorical_accuracy: 0.7373 - val_student_loss: 0.4586 - lr: 0.0010 - 26s/epoch - 33ms/step
Epoch 86/500
782/782 - 26s - categorical_accuracy: 0.7648 - student_loss: 0.6449 - distillation_loss: 2.8299 - loss: 0.6449 - val_categorical_accuracy: 0.7375 - val_student_loss: 0.5079 - lr: 0.0010 - 26s/epoch - 33ms/step
Epoch 87/500
782/782 - 26s - categorical_accuracy: 0.7651 - student_loss: 0.6922 - distillation_loss: 2.7972 - loss: 0.6922 - val_categorical_accuracy: 0.7355 - val_student_loss: 0.6070 - lr: 0.0010 - 26s/epoch - 33ms/step
Epoch 88/500
782/782 - 26s - categorical_accuracy: 0.7649 - student_loss: 0.6217 - distillation_loss: 2.9568 - loss: 0.6217 - val_categorical_accuracy: 0.7377 - val_student_loss: 0.6817 - lr: 0.0010 - 26s/epoch - 33ms/step
Epoch 89/500
782/782 - 26s - categorical_accuracy: 0.7646 - student_loss: 0.7499 - distillation_loss: 2.4505 - loss: 0.7499 - val_categorical_accuracy: 0.7390 - val_student_loss: 0.4558 - lr: 0.0010 - 26s/epoch - 33ms/step
Epoch 90/500
782/782 - 26s - categorical_accuracy: 0.7653 - student_loss: 0.6539 - distillation_loss: 2.8781 - loss: 0.6539 - val_categorical_accuracy: 0.7379 - val_student_loss: 0.5888 - lr: 0.0010 - 26s/epoch - 33ms/step
Epoch 91/500
782/782 - 26s - categorical_accuracy: 0.7651 - student_loss: 0.5923 - distillation_loss: 2.6137 - loss: 0.5923 - val_categorical_accuracy: 0.7388 - val_student_loss: 0.5087 - lr: 0.0010 - 26s/epoch - 33ms/step
Epoch 92/500
782/782 - 26s - categorical_accuracy: 0.7656 - student_loss: 0.6400 - distillation_loss: 2.6459 - loss: 0.6400 - val_categorical_accuracy: 0.7371 - val_student_loss: 0.4105 - lr: 0.0010 - 26s/epoch - 33ms/step
Epoch 93/500
782/782 - 26s - categorical_accuracy: 0.7657 - student_loss: 0.6869 - distillation_loss: 2.5621 - loss: 0.6869 - val_categorical_accuracy: 0.7373 - val_student_loss: 0.6639 - lr: 0.0010 - 26s/epoch - 33ms/step
Epoch 94/500
782/782 - 26s - categorical_accuracy: 0.7652 - student_loss: 0.6101 - distillation_loss: 2.8269 - loss: 0.6101 - val_categorical_accuracy: 0.7386 - val_student_loss: 0.5790 - lr: 0.0010 - 26s/epoch - 33ms/step
Epoch 95/500
782/782 - 26s - categorical_accuracy: 0.7666 - student_loss: 0.6663 - distillation_loss: 2.7798 - loss: 0.6663 - val_categorical_accuracy: 0.7352 - val_student_loss: 0.4625 - lr: 0.0010 - 26s/epoch - 33ms/step
Epoch 96/500
782/782 - 26s - categorical_accuracy: 0.7656 - student_loss: 0.7648 - distillation_loss: 2.6479 - loss: 0.7648 - val_categorical_accuracy: 0.7382 - val_student_loss: 0.5758 - lr: 0.0010 - 26s/epoch - 33ms/step
Epoch 97/500
782/782 - 26s - categorical_accuracy: 0.7664 - student_loss: 0.6783 - distillation_loss: 2.6855 - loss: 0.6783 - val_categorical_accuracy: 0.7367 - val_student_loss: 0.5334 - lr: 0.0010 - 26s/epoch - 33ms/step
Epoch 98/500
782/782 - 26s - categorical_accuracy: 0.7670 - student_loss: 0.8042 - distillation_loss: 2.6554 - loss: 0.8042 - val_categorical_accuracy: 0.7361 - val_student_loss: 0.4086 - lr: 0.0010 - 26s/epoch - 33ms/step
Epoch 99/500
782/782 - 26s - categorical_accuracy: 0.7666 - student_loss: 0.6532 - distillation_loss: 2.7685 - loss: 0.6532 - val_categorical_accuracy: 0.7372 - val_student_loss: 0.5051 - lr: 0.0010 - 26s/epoch - 33ms/step
Epoch 100/500
782/782 - 25s - categorical_accuracy: 0.7686 - student_loss: 0.6594 - distillation_loss: 2.6759 - loss: 0.6594 - val_categorical_accuracy: 0.7363 - val_student_loss: 0.6106 - lr: 8.0000e-04 - 25s/epoch - 32ms/step
Epoch 101/500
782/782 - 24s - categorical_accuracy: 0.7686 - student_loss: 0.7359 - distillation_loss: 2.8878 - loss: 0.7359 - val_categorical_accuracy: 0.7378 - val_student_loss: 0.5324 - lr: 8.0000e-04 - 24s/epoch - 31ms/step
Epoch 102/500
782/782 - 24s - categorical_accuracy: 0.7687 - student_loss: 0.6066 - distillation_loss: 2.6535 - loss: 0.6066 - val_categorical_accuracy: 0.7383 - val_student_loss: 0.5720 - lr: 8.0000e-04 - 24s/epoch - 31ms/step
Epoch 103/500
782/782 - 24s - categorical_accuracy: 0.7690 - student_loss: 0.7766 - distillation_loss: 2.8921 - loss: 0.7766 - val_categorical_accuracy: 0.7373 - val_student_loss: 0.4782 - lr: 8.0000e-04 - 24s/epoch - 31ms/step
Epoch 104/500
782/782 - 24s - categorical_accuracy: 0.7691 - student_loss: 0.6289 - distillation_loss: 2.8679 - loss: 0.6289 - val_categorical_accuracy: 0.7380 - val_student_loss: 0.5319 - lr: 8.0000e-04 - 24s/epoch - 30ms/step
Epoch 105/500
782/782 - 24s - categorical_accuracy: 0.7694 - student_loss: 0.7642 - distillation_loss: 2.8509 - loss: 0.7642 - val_categorical_accuracy: 0.7382 - val_student_loss: 0.4986 - lr: 8.0000e-04 - 24s/epoch - 30ms/step
Epoch 106/500
782/782 - 24s - categorical_accuracy: 0.7696 - student_loss: 0.7014 - distillation_loss: 2.7715 - loss: 0.7014 - val_categorical_accuracy: 0.7379 - val_student_loss: 0.4475 - lr: 8.0000e-04 - 24s/epoch - 30ms/step
Epoch 107/500
782/782 - 24s - categorical_accuracy: 0.7697 - student_loss: 0.6981 - distillation_loss: 2.7378 - loss: 0.6981 - val_categorical_accuracy: 0.7377 - val_student_loss: 0.4900 - lr: 8.0000e-04 - 24s/epoch - 31ms/step
Epoch 108/500
782/782 - 25s - categorical_accuracy: 0.7698 - student_loss: 0.5628 - distillation_loss: 2.7866 - loss: 0.5628 - val_categorical_accuracy: 0.7366 - val_student_loss: 0.4955 - lr: 8.0000e-04 - 25s/epoch - 32ms/step
Epoch 109/500
782/782 - 24s - categorical_accuracy: 0.7699 - student_loss: 0.5853 - distillation_loss: 2.6600 - loss: 0.5853 - val_categorical_accuracy: 0.7348 - val_student_loss: 0.5914 - lr: 8.0000e-04 - 24s/epoch - 30ms/step
[92mSaving student model to: [0m trained_students/jedinet_dnn_b512_no_dropout
Loss vs epochs plot saved to trained_students/jedinet_dnn_b512_no_dropout.
Accuracy vs epochs plot saved to trained_students/jedinet_dnn_b512_no_dropout.
[92m
Plots done! [0m
