[96m
GPU: NVIDIA GeForce GTX 1080 Ti[0m
[92mSaved hyperparameters to json file.[0m
[95m
DATA DETAILS[0m
[95m-----------[0m
data_folder: /work/deodagiu/ki_data/intnet_input
norm: minmax
train_events: -1
test_events: 0
pt_min: 2.0
nconstituents: 16
feature_selection: jedinet

----------------
[92mData loading complete:[0m
Training data size: 5.72e+05
Test data size: 0.00e+00
----------------

Shuffling constituents...
[92mShuffled the training data! 🃏
[0m
Instantiating model with the hyperparameters:
effects_nnodes: 100
dynamic_nnodes: 50
abstrac_nnodes: 25
effects_activ: relu
dynamic_activ: relu
abstrac_activ: relu
neffects: 25
ndynamics: 15
l2: 0.001
summation: True
[92mModel compiled and built![0m
[95m

TRAINING THE MODEL 💪[0m

Training parameters
-------------------
[92mOptimiser: 	[0m {'name': 'Adam', 'learning_rate': 0.001, 'decay': 0.0, 'beta_1': 0.9, 'beta_2': 0.999, 'epsilon': 1e-07, 'amsgrad': False}
[92mBatch size: 	[0m 100
[92mLearning rate: 	[0m 0.001
[92mTraining epochs:[0m 200
[92mLoss: 		[0m categorical_crossentropy

Epoch 1/200
4003/4003 - 104s - loss: 1.1158 - categorical_accuracy: 0.6133 - val_loss: 0.9657 - val_categorical_accuracy: 0.6790 - lr: 0.0010 - 104s/epoch - 26ms/step
Epoch 2/200
4003/4003 - 102s - loss: 0.9499 - categorical_accuracy: 0.6809 - val_loss: 0.9373 - val_categorical_accuracy: 0.6785 - lr: 0.0010 - 102s/epoch - 25ms/step
Epoch 3/200
4003/4003 - 102s - loss: 0.8888 - categorical_accuracy: 0.6994 - val_loss: 0.8632 - val_categorical_accuracy: 0.7034 - lr: 0.0010 - 102s/epoch - 25ms/step
Epoch 4/200
4003/4003 - 102s - loss: 0.8432 - categorical_accuracy: 0.7130 - val_loss: 0.7976 - val_categorical_accuracy: 0.7310 - lr: 0.0010 - 102s/epoch - 25ms/step
Epoch 5/200
4003/4003 - 101s - loss: 0.8253 - categorical_accuracy: 0.7178 - val_loss: 0.8053 - val_categorical_accuracy: 0.7283 - lr: 0.0010 - 101s/epoch - 25ms/step
Epoch 6/200
4003/4003 - 102s - loss: 0.8081 - categorical_accuracy: 0.7240 - val_loss: 0.7853 - val_categorical_accuracy: 0.7328 - lr: 0.0010 - 102s/epoch - 25ms/step
Epoch 7/200
4003/4003 - 102s - loss: 0.7961 - categorical_accuracy: 0.7275 - val_loss: 0.8270 - val_categorical_accuracy: 0.7202 - lr: 0.0010 - 102s/epoch - 25ms/step
Epoch 8/200
4003/4003 - 101s - loss: 0.7881 - categorical_accuracy: 0.7300 - val_loss: 0.7480 - val_categorical_accuracy: 0.7474 - lr: 0.0010 - 101s/epoch - 25ms/step
Epoch 9/200
4003/4003 - 101s - loss: 0.7790 - categorical_accuracy: 0.7333 - val_loss: 0.8293 - val_categorical_accuracy: 0.7028 - lr: 0.0010 - 101s/epoch - 25ms/step
Epoch 10/200
4003/4003 - 102s - loss: 0.7699 - categorical_accuracy: 0.7360 - val_loss: 0.7600 - val_categorical_accuracy: 0.7421 - lr: 0.0010 - 102s/epoch - 25ms/step
Epoch 11/200
4003/4003 - 101s - loss: 0.7633 - categorical_accuracy: 0.7373 - val_loss: 0.7352 - val_categorical_accuracy: 0.7491 - lr: 0.0010 - 101s/epoch - 25ms/step
Epoch 12/200
4003/4003 - 102s - loss: 0.7554 - categorical_accuracy: 0.7404 - val_loss: 0.7621 - val_categorical_accuracy: 0.7353 - lr: 0.0010 - 102s/epoch - 25ms/step
Epoch 13/200
4003/4003 - 102s - loss: 0.7495 - categorical_accuracy: 0.7419 - val_loss: 0.7529 - val_categorical_accuracy: 0.7396 - lr: 0.0010 - 102s/epoch - 25ms/step
Epoch 14/200
4003/4003 - 101s - loss: 0.7435 - categorical_accuracy: 0.7437 - val_loss: 0.7372 - val_categorical_accuracy: 0.7464 - lr: 0.0010 - 101s/epoch - 25ms/step
Epoch 15/200
4003/4003 - 102s - loss: 0.7402 - categorical_accuracy: 0.7444 - val_loss: 0.7865 - val_categorical_accuracy: 0.7228 - lr: 0.0010 - 102s/epoch - 25ms/step
Epoch 16/200
4003/4003 - 102s - loss: 0.7378 - categorical_accuracy: 0.7445 - val_loss: 0.7327 - val_categorical_accuracy: 0.7448 - lr: 0.0010 - 102s/epoch - 25ms/step
Epoch 17/200
4003/4003 - 101s - loss: 0.7303 - categorical_accuracy: 0.7475 - val_loss: 0.7179 - val_categorical_accuracy: 0.7511 - lr: 0.0010 - 101s/epoch - 25ms/step
Epoch 18/200
4003/4003 - 101s - loss: 0.7228 - categorical_accuracy: 0.7502 - val_loss: 0.7116 - val_categorical_accuracy: 0.7532 - lr: 0.0010 - 101s/epoch - 25ms/step
Epoch 19/200
4003/4003 - 102s - loss: 0.7171 - categorical_accuracy: 0.7507 - val_loss: 0.7568 - val_categorical_accuracy: 0.7332 - lr: 0.0010 - 102s/epoch - 25ms/step
Epoch 20/200
4003/4003 - 101s - loss: 0.7134 - categorical_accuracy: 0.7521 - val_loss: 0.6980 - val_categorical_accuracy: 0.7570 - lr: 0.0010 - 101s/epoch - 25ms/step
Epoch 21/200
4003/4003 - 102s - loss: 0.7081 - categorical_accuracy: 0.7530 - val_loss: 0.7072 - val_categorical_accuracy: 0.7542 - lr: 0.0010 - 102s/epoch - 25ms/step
Epoch 22/200
4003/4003 - 102s - loss: 0.7065 - categorical_accuracy: 0.7525 - val_loss: 0.6931 - val_categorical_accuracy: 0.7586 - lr: 0.0010 - 102s/epoch - 25ms/step
Epoch 23/200
4003/4003 - 102s - loss: 0.7046 - categorical_accuracy: 0.7534 - val_loss: 0.6924 - val_categorical_accuracy: 0.7575 - lr: 0.0010 - 102s/epoch - 25ms/step
Epoch 24/200
4003/4003 - 101s - loss: 0.7002 - categorical_accuracy: 0.7548 - val_loss: 0.6909 - val_categorical_accuracy: 0.7579 - lr: 0.0010 - 101s/epoch - 25ms/step
Epoch 25/200
4003/4003 - 102s - loss: 0.6975 - categorical_accuracy: 0.7559 - val_loss: 0.6784 - val_categorical_accuracy: 0.7631 - lr: 0.0010 - 102s/epoch - 25ms/step
Epoch 26/200
4003/4003 - 102s - loss: 0.6981 - categorical_accuracy: 0.7553 - val_loss: 0.7018 - val_categorical_accuracy: 0.7531 - lr: 0.0010 - 102s/epoch - 25ms/step
Epoch 27/200
4003/4003 - 101s - loss: 0.6962 - categorical_accuracy: 0.7558 - val_loss: 0.6765 - val_categorical_accuracy: 0.7629 - lr: 0.0010 - 101s/epoch - 25ms/step
Epoch 28/200
4003/4003 - 102s - loss: 0.6936 - categorical_accuracy: 0.7569 - val_loss: 0.6847 - val_categorical_accuracy: 0.7603 - lr: 0.0010 - 102s/epoch - 25ms/step
Epoch 29/200
4003/4003 - 101s - loss: 0.6930 - categorical_accuracy: 0.7570 - val_loss: 0.6896 - val_categorical_accuracy: 0.7581 - lr: 0.0010 - 101s/epoch - 25ms/step
Epoch 30/200
4003/4003 - 102s - loss: 0.6914 - categorical_accuracy: 0.7579 - val_loss: 0.7155 - val_categorical_accuracy: 0.7454 - lr: 0.0010 - 102s/epoch - 25ms/step
Epoch 31/200
4003/4003 - 101s - loss: 0.6904 - categorical_accuracy: 0.7577 - val_loss: 0.7332 - val_categorical_accuracy: 0.7389 - lr: 0.0010 - 101s/epoch - 25ms/step
Epoch 32/200
4003/4003 - 101s - loss: 0.6883 - categorical_accuracy: 0.7585 - val_loss: 0.7209 - val_categorical_accuracy: 0.7421 - lr: 0.0010 - 101s/epoch - 25ms/step
Epoch 33/200
4003/4003 - 102s - loss: 0.6892 - categorical_accuracy: 0.7579 - val_loss: 0.6732 - val_categorical_accuracy: 0.7629 - lr: 0.0010 - 102s/epoch - 25ms/step
Epoch 34/200
4003/4003 - 101s - loss: 0.6870 - categorical_accuracy: 0.7584 - val_loss: 0.6947 - val_categorical_accuracy: 0.7527 - lr: 0.0010 - 101s/epoch - 25ms/step
Epoch 35/200
4003/4003 - 101s - loss: 0.6852 - categorical_accuracy: 0.7590 - val_loss: 0.6737 - val_categorical_accuracy: 0.7627 - lr: 0.0010 - 101s/epoch - 25ms/step
Epoch 36/200
4003/4003 - 102s - loss: 0.6786 - categorical_accuracy: 0.7614 - val_loss: 0.6697 - val_categorical_accuracy: 0.7653 - lr: 8.0000e-04 - 102s/epoch - 25ms/step
Epoch 37/200
4003/4003 - 101s - loss: 0.6781 - categorical_accuracy: 0.7624 - val_loss: 0.6962 - val_categorical_accuracy: 0.7528 - lr: 8.0000e-04 - 101s/epoch - 25ms/step
Epoch 38/200
4003/4003 - 101s - loss: 0.6772 - categorical_accuracy: 0.7624 - val_loss: 0.7115 - val_categorical_accuracy: 0.7485 - lr: 8.0000e-04 - 101s/epoch - 25ms/step
Epoch 39/200
4003/4003 - 102s - loss: 0.6764 - categorical_accuracy: 0.7624 - val_loss: 0.6745 - val_categorical_accuracy: 0.7638 - lr: 8.0000e-04 - 102s/epoch - 26ms/step
Epoch 40/200
4003/4003 - 101s - loss: 0.6758 - categorical_accuracy: 0.7631 - val_loss: 0.6706 - val_categorical_accuracy: 0.7636 - lr: 8.0000e-04 - 101s/epoch - 25ms/step
Epoch 41/200
4003/4003 - 102s - loss: 0.6758 - categorical_accuracy: 0.7629 - val_loss: 0.6706 - val_categorical_accuracy: 0.7643 - lr: 8.0000e-04 - 102s/epoch - 25ms/step
Epoch 42/200
4003/4003 - 102s - loss: 0.6750 - categorical_accuracy: 0.7631 - val_loss: 0.6699 - val_categorical_accuracy: 0.7651 - lr: 8.0000e-04 - 102s/epoch - 25ms/step
Epoch 43/200
4003/4003 - 101s - loss: 0.6746 - categorical_accuracy: 0.7632 - val_loss: 0.6874 - val_categorical_accuracy: 0.7576 - lr: 8.0000e-04 - 101s/epoch - 25ms/step
Epoch 44/200
4003/4003 - 102s - loss: 0.6751 - categorical_accuracy: 0.7633 - val_loss: 0.7182 - val_categorical_accuracy: 0.7422 - lr: 8.0000e-04 - 102s/epoch - 25ms/step
Epoch 45/200
4003/4003 - 102s - loss: 0.6733 - categorical_accuracy: 0.7641 - val_loss: 0.7332 - val_categorical_accuracy: 0.7391 - lr: 8.0000e-04 - 102s/epoch - 25ms/step
Epoch 46/200
4003/4003 - 101s - loss: 0.6730 - categorical_accuracy: 0.7639 - val_loss: 0.6635 - val_categorical_accuracy: 0.7669 - lr: 8.0000e-04 - 101s/epoch - 25ms/step
Epoch 47/200
4003/4003 - 102s - loss: 0.6725 - categorical_accuracy: 0.7638 - val_loss: 0.6711 - val_categorical_accuracy: 0.7637 - lr: 8.0000e-04 - 102s/epoch - 25ms/step
Epoch 48/200
4003/4003 - 102s - loss: 0.6722 - categorical_accuracy: 0.7643 - val_loss: 0.6745 - val_categorical_accuracy: 0.7622 - lr: 8.0000e-04 - 102s/epoch - 25ms/step
Epoch 49/200
4003/4003 - 102s - loss: 0.6719 - categorical_accuracy: 0.7641 - val_loss: 0.6723 - val_categorical_accuracy: 0.7643 - lr: 8.0000e-04 - 102s/epoch - 25ms/step
Epoch 50/200
4003/4003 - 101s - loss: 0.6722 - categorical_accuracy: 0.7640 - val_loss: 0.6670 - val_categorical_accuracy: 0.7644 - lr: 8.0000e-04 - 101s/epoch - 25ms/step
Epoch 51/200
4003/4003 - 102s - loss: 0.6704 - categorical_accuracy: 0.7646 - val_loss: 0.6701 - val_categorical_accuracy: 0.7658 - lr: 8.0000e-04 - 102s/epoch - 25ms/step
Epoch 52/200
4003/4003 - 102s - loss: 0.6705 - categorical_accuracy: 0.7645 - val_loss: 0.6709 - val_categorical_accuracy: 0.7644 - lr: 8.0000e-04 - 102s/epoch - 25ms/step
Epoch 53/200
4003/4003 - 102s - loss: 0.6703 - categorical_accuracy: 0.7651 - val_loss: 0.6709 - val_categorical_accuracy: 0.7645 - lr: 8.0000e-04 - 102s/epoch - 25ms/step
Epoch 54/200
4003/4003 - 102s - loss: 0.6703 - categorical_accuracy: 0.7646 - val_loss: 0.6690 - val_categorical_accuracy: 0.7645 - lr: 8.0000e-04 - 102s/epoch - 25ms/step
Epoch 55/200
4003/4003 - 102s - loss: 0.6700 - categorical_accuracy: 0.7650 - val_loss: 0.6674 - val_categorical_accuracy: 0.7649 - lr: 8.0000e-04 - 102s/epoch - 25ms/step
Epoch 56/200
4003/4003 - 102s - loss: 0.6700 - categorical_accuracy: 0.7653 - val_loss: 0.6621 - val_categorical_accuracy: 0.7677 - lr: 8.0000e-04 - 102s/epoch - 25ms/step
Epoch 57/200
4003/4003 - 102s - loss: 0.6692 - categorical_accuracy: 0.7649 - val_loss: 0.6583 - val_categorical_accuracy: 0.7691 - lr: 8.0000e-04 - 102s/epoch - 25ms/step
Epoch 58/200
4003/4003 - 101s - loss: 0.6681 - categorical_accuracy: 0.7658 - val_loss: 0.6679 - val_categorical_accuracy: 0.7648 - lr: 8.0000e-04 - 101s/epoch - 25ms/step
Epoch 59/200
4003/4003 - 102s - loss: 0.6682 - categorical_accuracy: 0.7661 - val_loss: 0.6613 - val_categorical_accuracy: 0.7677 - lr: 8.0000e-04 - 102s/epoch - 25ms/step
Epoch 60/200
4003/4003 - 102s - loss: 0.6683 - categorical_accuracy: 0.7660 - val_loss: 0.6742 - val_categorical_accuracy: 0.7625 - lr: 8.0000e-04 - 102s/epoch - 26ms/step
Epoch 61/200
4003/4003 - 102s - loss: 0.6678 - categorical_accuracy: 0.7659 - val_loss: 0.6894 - val_categorical_accuracy: 0.7565 - lr: 8.0000e-04 - 102s/epoch - 25ms/step
Epoch 62/200
4003/4003 - 102s - loss: 0.6684 - categorical_accuracy: 0.7659 - val_loss: 0.6645 - val_categorical_accuracy: 0.7674 - lr: 8.0000e-04 - 102s/epoch - 25ms/step
Epoch 63/200
4003/4003 - 102s - loss: 0.6670 - categorical_accuracy: 0.7664 - val_loss: 0.6710 - val_categorical_accuracy: 0.7642 - lr: 8.0000e-04 - 102s/epoch - 25ms/step
Epoch 64/200
4003/4003 - 102s - loss: 0.6675 - categorical_accuracy: 0.7661 - val_loss: 0.6647 - val_categorical_accuracy: 0.7676 - lr: 8.0000e-04 - 102s/epoch - 25ms/step
Epoch 65/200
4003/4003 - 102s - loss: 0.6671 - categorical_accuracy: 0.7664 - val_loss: 0.6826 - val_categorical_accuracy: 0.7599 - lr: 8.0000e-04 - 102s/epoch - 25ms/step
Epoch 66/200
4003/4003 - 102s - loss: 0.6666 - categorical_accuracy: 0.7668 - val_loss: 0.7000 - val_categorical_accuracy: 0.7517 - lr: 8.0000e-04 - 102s/epoch - 25ms/step
Epoch 67/200
4003/4003 - 101s - loss: 0.6657 - categorical_accuracy: 0.7670 - val_loss: 0.6699 - val_categorical_accuracy: 0.7639 - lr: 8.0000e-04 - 101s/epoch - 25ms/step
Epoch 68/200
4003/4003 - 102s - loss: 0.6614 - categorical_accuracy: 0.7686 - val_loss: 0.6640 - val_categorical_accuracy: 0.7684 - lr: 6.4000e-04 - 102s/epoch - 25ms/step
Epoch 69/200
4003/4003 - 102s - loss: 0.6602 - categorical_accuracy: 0.7687 - val_loss: 0.6684 - val_categorical_accuracy: 0.7647 - lr: 6.4000e-04 - 102s/epoch - 25ms/step
Epoch 70/200
4003/4003 - 102s - loss: 0.6601 - categorical_accuracy: 0.7690 - val_loss: 0.6642 - val_categorical_accuracy: 0.7662 - lr: 6.4000e-04 - 102s/epoch - 25ms/step
Epoch 71/200
4003/4003 - 102s - loss: 0.6600 - categorical_accuracy: 0.7689 - val_loss: 0.7046 - val_categorical_accuracy: 0.7551 - lr: 6.4000e-04 - 102s/epoch - 25ms/step
Epoch 72/200
4003/4003 - 102s - loss: 0.6601 - categorical_accuracy: 0.7691 - val_loss: 0.6621 - val_categorical_accuracy: 0.7673 - lr: 6.4000e-04 - 102s/epoch - 25ms/step
Epoch 73/200
4003/4003 - 101s - loss: 0.6607 - categorical_accuracy: 0.7686 - val_loss: 0.6655 - val_categorical_accuracy: 0.7672 - lr: 6.4000e-04 - 101s/epoch - 25ms/step
Epoch 74/200
4003/4003 - 101s - loss: 0.6594 - categorical_accuracy: 0.7692 - val_loss: 0.6846 - val_categorical_accuracy: 0.7578 - lr: 6.4000e-04 - 101s/epoch - 25ms/step
Epoch 75/200
4003/4003 - 102s - loss: 0.6594 - categorical_accuracy: 0.7694 - val_loss: 0.6658 - val_categorical_accuracy: 0.7662 - lr: 6.4000e-04 - 102s/epoch - 26ms/step
Epoch 76/200
4003/4003 - 102s - loss: 0.6587 - categorical_accuracy: 0.7694 - val_loss: 0.6537 - val_categorical_accuracy: 0.7709 - lr: 6.4000e-04 - 102s/epoch - 25ms/step
Epoch 77/200
4003/4003 - 101s - loss: 0.6599 - categorical_accuracy: 0.7689 - val_loss: 0.6543 - val_categorical_accuracy: 0.7717 - lr: 6.4000e-04 - 101s/epoch - 25ms/step
Epoch 78/200
4003/4003 - 102s - loss: 0.6591 - categorical_accuracy: 0.7693 - val_loss: 0.6697 - val_categorical_accuracy: 0.7658 - lr: 6.4000e-04 - 102s/epoch - 26ms/step
Epoch 79/200
4003/4003 - 102s - loss: 0.6588 - categorical_accuracy: 0.7690 - val_loss: 0.6831 - val_categorical_accuracy: 0.7587 - lr: 6.4000e-04 - 102s/epoch - 25ms/step
Epoch 80/200
4003/4003 - 102s - loss: 0.6592 - categorical_accuracy: 0.7691 - val_loss: 0.6589 - val_categorical_accuracy: 0.7682 - lr: 6.4000e-04 - 102s/epoch - 25ms/step
Epoch 81/200
4003/4003 - 102s - loss: 0.6590 - categorical_accuracy: 0.7694 - val_loss: 0.6572 - val_categorical_accuracy: 0.7699 - lr: 6.4000e-04 - 102s/epoch - 25ms/step
Epoch 82/200
4003/4003 - 102s - loss: 0.6579 - categorical_accuracy: 0.7699 - val_loss: 0.6598 - val_categorical_accuracy: 0.7684 - lr: 6.4000e-04 - 102s/epoch - 25ms/step
Epoch 83/200
4003/4003 - 101s - loss: 0.6582 - categorical_accuracy: 0.7700 - val_loss: 0.6544 - val_categorical_accuracy: 0.7710 - lr: 6.4000e-04 - 101s/epoch - 25ms/step
Epoch 84/200
4003/4003 - 102s - loss: 0.6585 - categorical_accuracy: 0.7697 - val_loss: 0.6740 - val_categorical_accuracy: 0.7620 - lr: 6.4000e-04 - 102s/epoch - 25ms/step
Epoch 85/200
4003/4003 - 101s - loss: 0.6575 - categorical_accuracy: 0.7704 - val_loss: 0.6524 - val_categorical_accuracy: 0.7726 - lr: 6.4000e-04 - 101s/epoch - 25ms/step
Epoch 86/200
4003/4003 - 102s - loss: 0.6580 - categorical_accuracy: 0.7699 - val_loss: 0.6623 - val_categorical_accuracy: 0.7674 - lr: 6.4000e-04 - 102s/epoch - 25ms/step
Epoch 87/200
4003/4003 - 102s - loss: 0.6578 - categorical_accuracy: 0.7700 - val_loss: 0.6572 - val_categorical_accuracy: 0.7692 - lr: 6.4000e-04 - 102s/epoch - 25ms/step
Epoch 88/200
4003/4003 - 102s - loss: 0.6580 - categorical_accuracy: 0.7696 - val_loss: 0.6603 - val_categorical_accuracy: 0.7681 - lr: 6.4000e-04 - 102s/epoch - 25ms/step
Epoch 89/200
4003/4003 - 102s - loss: 0.6571 - categorical_accuracy: 0.7700 - val_loss: 0.6699 - val_categorical_accuracy: 0.7648 - lr: 6.4000e-04 - 102s/epoch - 25ms/step
Epoch 90/200
4003/4003 - 102s - loss: 0.6569 - categorical_accuracy: 0.7703 - val_loss: 0.6581 - val_categorical_accuracy: 0.7700 - lr: 6.4000e-04 - 102s/epoch - 25ms/step
Epoch 91/200
4003/4003 - 102s - loss: 0.6565 - categorical_accuracy: 0.7701 - val_loss: 0.6664 - val_categorical_accuracy: 0.7658 - lr: 6.4000e-04 - 102s/epoch - 25ms/step
Epoch 92/200
4003/4003 - 102s - loss: 0.6570 - categorical_accuracy: 0.7703 - val_loss: 0.6647 - val_categorical_accuracy: 0.7667 - lr: 6.4000e-04 - 102s/epoch - 26ms/step
Epoch 93/200
4003/4003 - 102s - loss: 0.6578 - categorical_accuracy: 0.7697 - val_loss: 0.6591 - val_categorical_accuracy: 0.7688 - lr: 6.4000e-04 - 102s/epoch - 25ms/step
Epoch 94/200
4003/4003 - 102s - loss: 0.6570 - categorical_accuracy: 0.7706 - val_loss: 0.6610 - val_categorical_accuracy: 0.7687 - lr: 6.4000e-04 - 102s/epoch - 25ms/step
Epoch 95/200
4003/4003 - 102s - loss: 0.6565 - categorical_accuracy: 0.7701 - val_loss: 0.6638 - val_categorical_accuracy: 0.7669 - lr: 6.4000e-04 - 102s/epoch - 26ms/step
Epoch 96/200
4003/4003 - 102s - loss: 0.6528 - categorical_accuracy: 0.7722 - val_loss: 0.6687 - val_categorical_accuracy: 0.7644 - lr: 5.1200e-04 - 102s/epoch - 25ms/step
Epoch 97/200
4003/4003 - 102s - loss: 0.6524 - categorical_accuracy: 0.7722 - val_loss: 0.6649 - val_categorical_accuracy: 0.7675 - lr: 5.1200e-04 - 102s/epoch - 25ms/step
Epoch 98/200
4003/4003 - 102s - loss: 0.6524 - categorical_accuracy: 0.7719 - val_loss: 0.6828 - val_categorical_accuracy: 0.7573 - lr: 5.1200e-04 - 102s/epoch - 25ms/step
Epoch 99/200
4003/4003 - 101s - loss: 0.6524 - categorical_accuracy: 0.7719 - val_loss: 0.6570 - val_categorical_accuracy: 0.7692 - lr: 5.1200e-04 - 101s/epoch - 25ms/step
Epoch 100/200
4003/4003 - 102s - loss: 0.6520 - categorical_accuracy: 0.7723 - val_loss: 0.6608 - val_categorical_accuracy: 0.7681 - lr: 5.1200e-04 - 102s/epoch - 25ms/step
Epoch 101/200
4003/4003 - 102s - loss: 0.6521 - categorical_accuracy: 0.7722 - val_loss: 0.6790 - val_categorical_accuracy: 0.7596 - lr: 5.1200e-04 - 102s/epoch - 25ms/step
Epoch 102/200
4003/4003 - 101s - loss: 0.6522 - categorical_accuracy: 0.7719 - val_loss: 0.6538 - val_categorical_accuracy: 0.7719 - lr: 5.1200e-04 - 101s/epoch - 25ms/step
Epoch 103/200
4003/4003 - 101s - loss: 0.6515 - categorical_accuracy: 0.7725 - val_loss: 0.6631 - val_categorical_accuracy: 0.7674 - lr: 5.1200e-04 - 101s/epoch - 25ms/step
Epoch 104/200
4003/4003 - 102s - loss: 0.6511 - categorical_accuracy: 0.7727 - val_loss: 0.6524 - val_categorical_accuracy: 0.7713 - lr: 5.1200e-04 - 102s/epoch - 25ms/step
Epoch 105/200
4003/4003 - 102s - loss: 0.6513 - categorical_accuracy: 0.7728 - val_loss: 0.6574 - val_categorical_accuracy: 0.7690 - lr: 5.1200e-04 - 102s/epoch - 25ms/step
Epoch 106/200
4003/4003 - 102s - loss: 0.6475 - categorical_accuracy: 0.7737 - val_loss: 0.6566 - val_categorical_accuracy: 0.7690 - lr: 4.0960e-04 - 102s/epoch - 25ms/step
Epoch 107/200
4003/4003 - 102s - loss: 0.6477 - categorical_accuracy: 0.7737 - val_loss: 0.6495 - val_categorical_accuracy: 0.7723 - lr: 4.0960e-04 - 102s/epoch - 25ms/step
Epoch 108/200
4003/4003 - 102s - loss: 0.6468 - categorical_accuracy: 0.7742 - val_loss: 0.6491 - val_categorical_accuracy: 0.7728 - lr: 4.0960e-04 - 102s/epoch - 25ms/step
Epoch 109/200
4003/4003 - 102s - loss: 0.6472 - categorical_accuracy: 0.7739 - val_loss: 0.6505 - val_categorical_accuracy: 0.7726 - lr: 4.0960e-04 - 102s/epoch - 25ms/step
Epoch 110/200
4003/4003 - 102s - loss: 0.6472 - categorical_accuracy: 0.7737 - val_loss: 0.6530 - val_categorical_accuracy: 0.7714 - lr: 4.0960e-04 - 102s/epoch - 26ms/step
Epoch 111/200
4003/4003 - 102s - loss: 0.6468 - categorical_accuracy: 0.7741 - val_loss: 0.6500 - val_categorical_accuracy: 0.7730 - lr: 4.0960e-04 - 102s/epoch - 25ms/step
Epoch 112/200
4003/4003 - 102s - loss: 0.6471 - categorical_accuracy: 0.7744 - val_loss: 0.6578 - val_categorical_accuracy: 0.7691 - lr: 4.0960e-04 - 102s/epoch - 25ms/step
Epoch 113/200
4003/4003 - 102s - loss: 0.6467 - categorical_accuracy: 0.7741 - val_loss: 0.6488 - val_categorical_accuracy: 0.7727 - lr: 4.0960e-04 - 102s/epoch - 25ms/step
Epoch 114/200
4003/4003 - 102s - loss: 0.6464 - categorical_accuracy: 0.7745 - val_loss: 0.6493 - val_categorical_accuracy: 0.7725 - lr: 4.0960e-04 - 102s/epoch - 25ms/step
Epoch 115/200
4003/4003 - 102s - loss: 0.6469 - categorical_accuracy: 0.7743 - val_loss: 0.6595 - val_categorical_accuracy: 0.7674 - lr: 4.0960e-04 - 102s/epoch - 25ms/step
Epoch 116/200
4003/4003 - 102s - loss: 0.6464 - categorical_accuracy: 0.7746 - val_loss: 0.6507 - val_categorical_accuracy: 0.7726 - lr: 4.0960e-04 - 102s/epoch - 26ms/step
Epoch 117/200
4003/4003 - 102s - loss: 0.6458 - categorical_accuracy: 0.7746 - val_loss: 0.6519 - val_categorical_accuracy: 0.7714 - lr: 4.0960e-04 - 102s/epoch - 25ms/step
Epoch 118/200
4003/4003 - 102s - loss: 0.6459 - categorical_accuracy: 0.7746 - val_loss: 0.6677 - val_categorical_accuracy: 0.7668 - lr: 4.0960e-04 - 102s/epoch - 25ms/step
Epoch 119/200
4003/4003 - 102s - loss: 0.6463 - categorical_accuracy: 0.7744 - val_loss: 0.6481 - val_categorical_accuracy: 0.7730 - lr: 4.0960e-04 - 102s/epoch - 25ms/step
Epoch 120/200
4003/4003 - 102s - loss: 0.6457 - categorical_accuracy: 0.7746 - val_loss: 0.6462 - val_categorical_accuracy: 0.7741 - lr: 4.0960e-04 - 102s/epoch - 25ms/step
Epoch 121/200
4003/4003 - 102s - loss: 0.6455 - categorical_accuracy: 0.7743 - val_loss: 0.6625 - val_categorical_accuracy: 0.7670 - lr: 4.0960e-04 - 102s/epoch - 25ms/step
Epoch 122/200
4003/4003 - 102s - loss: 0.6461 - categorical_accuracy: 0.7746 - val_loss: 0.6495 - val_categorical_accuracy: 0.7729 - lr: 4.0960e-04 - 102s/epoch - 26ms/step
Epoch 123/200
4003/4003 - 102s - loss: 0.6458 - categorical_accuracy: 0.7743 - val_loss: 0.6599 - val_categorical_accuracy: 0.7683 - lr: 4.0960e-04 - 102s/epoch - 25ms/step
Epoch 124/200
4003/4003 - 102s - loss: 0.6458 - categorical_accuracy: 0.7746 - val_loss: 0.6491 - val_categorical_accuracy: 0.7736 - lr: 4.0960e-04 - 102s/epoch - 25ms/step
Epoch 125/200
4003/4003 - 102s - loss: 0.6461 - categorical_accuracy: 0.7743 - val_loss: 0.6505 - val_categorical_accuracy: 0.7716 - lr: 4.0960e-04 - 102s/epoch - 25ms/step
Epoch 126/200
4003/4003 - 102s - loss: 0.6455 - categorical_accuracy: 0.7746 - val_loss: 0.6534 - val_categorical_accuracy: 0.7705 - lr: 4.0960e-04 - 102s/epoch - 25ms/step
Epoch 127/200
4003/4003 - 102s - loss: 0.6459 - categorical_accuracy: 0.7741 - val_loss: 0.6458 - val_categorical_accuracy: 0.7743 - lr: 4.0960e-04 - 102s/epoch - 25ms/step
Epoch 128/200
4003/4003 - 102s - loss: 0.6456 - categorical_accuracy: 0.7748 - val_loss: 0.6484 - val_categorical_accuracy: 0.7732 - lr: 4.0960e-04 - 102s/epoch - 25ms/step
Epoch 129/200
4003/4003 - 102s - loss: 0.6454 - categorical_accuracy: 0.7744 - val_loss: 0.6489 - val_categorical_accuracy: 0.7730 - lr: 4.0960e-04 - 102s/epoch - 25ms/step
Epoch 130/200
4003/4003 - 102s - loss: 0.6449 - categorical_accuracy: 0.7748 - val_loss: 0.6440 - val_categorical_accuracy: 0.7745 - lr: 4.0960e-04 - 102s/epoch - 25ms/step
Epoch 131/200
4003/4003 - 102s - loss: 0.6449 - categorical_accuracy: 0.7751 - val_loss: 0.6494 - val_categorical_accuracy: 0.7729 - lr: 4.0960e-04 - 102s/epoch - 26ms/step
Epoch 132/200
4003/4003 - 102s - loss: 0.6445 - categorical_accuracy: 0.7750 - val_loss: 0.6597 - val_categorical_accuracy: 0.7705 - lr: 4.0960e-04 - 102s/epoch - 25ms/step
Epoch 133/200
4003/4003 - 102s - loss: 0.6456 - categorical_accuracy: 0.7745 - val_loss: 0.6531 - val_categorical_accuracy: 0.7712 - lr: 4.0960e-04 - 102s/epoch - 25ms/step
Epoch 134/200
4003/4003 - 102s - loss: 0.6441 - categorical_accuracy: 0.7750 - val_loss: 0.6537 - val_categorical_accuracy: 0.7707 - lr: 4.0960e-04 - 102s/epoch - 26ms/step
Epoch 135/200
4003/4003 - 102s - loss: 0.6445 - categorical_accuracy: 0.7754 - val_loss: 0.6501 - val_categorical_accuracy: 0.7721 - lr: 4.0960e-04 - 102s/epoch - 25ms/step
Epoch 136/200
4003/4003 - 102s - loss: 0.6446 - categorical_accuracy: 0.7748 - val_loss: 0.6506 - val_categorical_accuracy: 0.7722 - lr: 4.0960e-04 - 102s/epoch - 25ms/step
Epoch 137/200
4003/4003 - 102s - loss: 0.6442 - categorical_accuracy: 0.7750 - val_loss: 0.6473 - val_categorical_accuracy: 0.7738 - lr: 4.0960e-04 - 102s/epoch - 26ms/step
Epoch 138/200
4003/4003 - 101s - loss: 0.6439 - categorical_accuracy: 0.7751 - val_loss: 0.6518 - val_categorical_accuracy: 0.7716 - lr: 4.0960e-04 - 101s/epoch - 25ms/step
Epoch 139/200
4003/4003 - 101s - loss: 0.6442 - categorical_accuracy: 0.7751 - val_loss: 0.6505 - val_categorical_accuracy: 0.7720 - lr: 4.0960e-04 - 101s/epoch - 25ms/step
Epoch 140/200
4003/4003 - 102s - loss: 0.6434 - categorical_accuracy: 0.7755 - val_loss: 0.6588 - val_categorical_accuracy: 0.7696 - lr: 4.0960e-04 - 102s/epoch - 25ms/step
Epoch 141/200
4003/4003 - 101s - loss: 0.6416 - categorical_accuracy: 0.7761 - val_loss: 0.6439 - val_categorical_accuracy: 0.7751 - lr: 3.2768e-04 - 101s/epoch - 25ms/step
Epoch 142/200
4003/4003 - 101s - loss: 0.6412 - categorical_accuracy: 0.7764 - val_loss: 0.6480 - val_categorical_accuracy: 0.7731 - lr: 3.2768e-04 - 101s/epoch - 25ms/step
Epoch 143/200
4003/4003 - 102s - loss: 0.6410 - categorical_accuracy: 0.7765 - val_loss: 0.6442 - val_categorical_accuracy: 0.7744 - lr: 3.2768e-04 - 102s/epoch - 25ms/step
Epoch 144/200
4003/4003 - 101s - loss: 0.6412 - categorical_accuracy: 0.7765 - val_loss: 0.6449 - val_categorical_accuracy: 0.7739 - lr: 3.2768e-04 - 101s/epoch - 25ms/step
Epoch 145/200
4003/4003 - 102s - loss: 0.6413 - categorical_accuracy: 0.7762 - val_loss: 0.6658 - val_categorical_accuracy: 0.7667 - lr: 3.2768e-04 - 102s/epoch - 25ms/step
Epoch 146/200
4003/4003 - 101s - loss: 0.6412 - categorical_accuracy: 0.7763 - val_loss: 0.6497 - val_categorical_accuracy: 0.7735 - lr: 3.2768e-04 - 101s/epoch - 25ms/step
Epoch 147/200
4003/4003 - 101s - loss: 0.6413 - categorical_accuracy: 0.7760 - val_loss: 0.6442 - val_categorical_accuracy: 0.7745 - lr: 3.2768e-04 - 101s/epoch - 25ms/step
Epoch 148/200
4003/4003 - 102s - loss: 0.6412 - categorical_accuracy: 0.7764 - val_loss: 0.6460 - val_categorical_accuracy: 0.7734 - lr: 3.2768e-04 - 102s/epoch - 26ms/step
Epoch 149/200
4003/4003 - 101s - loss: 0.6409 - categorical_accuracy: 0.7763 - val_loss: 0.6479 - val_categorical_accuracy: 0.7736 - lr: 3.2768e-04 - 101s/epoch - 25ms/step
Epoch 150/200
4003/4003 - 101s - loss: 0.6405 - categorical_accuracy: 0.7765 - val_loss: 0.6450 - val_categorical_accuracy: 0.7746 - lr: 3.2768e-04 - 101s/epoch - 25ms/step
Epoch 151/200
4003/4003 - 102s - loss: 0.6405 - categorical_accuracy: 0.7766 - val_loss: 0.6442 - val_categorical_accuracy: 0.7741 - lr: 3.2768e-04 - 102s/epoch - 25ms/step
Epoch 152/200
4003/4003 - 101s - loss: 0.6386 - categorical_accuracy: 0.7773 - val_loss: 0.6431 - val_categorical_accuracy: 0.7746 - lr: 2.6214e-04 - 101s/epoch - 25ms/step
Epoch 153/200
4003/4003 - 101s - loss: 0.6382 - categorical_accuracy: 0.7779 - val_loss: 0.6460 - val_categorical_accuracy: 0.7742 - lr: 2.6214e-04 - 101s/epoch - 25ms/step
Epoch 154/200
4003/4003 - 103s - loss: 0.6381 - categorical_accuracy: 0.7780 - val_loss: 0.6499 - val_categorical_accuracy: 0.7730 - lr: 2.6214e-04 - 103s/epoch - 26ms/step
Epoch 155/200
4003/4003 - 101s - loss: 0.6382 - categorical_accuracy: 0.7774 - val_loss: 0.6454 - val_categorical_accuracy: 0.7744 - lr: 2.6214e-04 - 101s/epoch - 25ms/step
Epoch 156/200
4003/4003 - 101s - loss: 0.6381 - categorical_accuracy: 0.7775 - val_loss: 0.6461 - val_categorical_accuracy: 0.7734 - lr: 2.6214e-04 - 101s/epoch - 25ms/step
Epoch 157/200
4003/4003 - 101s - loss: 0.6380 - categorical_accuracy: 0.7776 - val_loss: 0.6460 - val_categorical_accuracy: 0.7736 - lr: 2.6214e-04 - 101s/epoch - 25ms/step
Epoch 158/200
4003/4003 - 101s - loss: 0.6381 - categorical_accuracy: 0.7775 - val_loss: 0.6414 - val_categorical_accuracy: 0.7757 - lr: 2.6214e-04 - 101s/epoch - 25ms/step
Epoch 159/200
4003/4003 - 101s - loss: 0.6378 - categorical_accuracy: 0.7775 - val_loss: 0.6439 - val_categorical_accuracy: 0.7752 - lr: 2.6214e-04 - 101s/epoch - 25ms/step
Epoch 160/200
4003/4003 - 101s - loss: 0.6383 - categorical_accuracy: 0.7774 - val_loss: 0.6464 - val_categorical_accuracy: 0.7733 - lr: 2.6214e-04 - 101s/epoch - 25ms/step
Epoch 161/200
4003/4003 - 101s - loss: 0.6377 - categorical_accuracy: 0.7776 - val_loss: 0.6414 - val_categorical_accuracy: 0.7754 - lr: 2.6214e-04 - 101s/epoch - 25ms/step
Epoch 162/200
4003/4003 - 101s - loss: 0.6378 - categorical_accuracy: 0.7772 - val_loss: 0.6451 - val_categorical_accuracy: 0.7740 - lr: 2.6214e-04 - 101s/epoch - 25ms/step
Epoch 163/200
4003/4003 - 102s - loss: 0.6379 - categorical_accuracy: 0.7773 - val_loss: 0.6468 - val_categorical_accuracy: 0.7727 - lr: 2.6214e-04 - 102s/epoch - 25ms/step
Epoch 164/200
4003/4003 - 101s - loss: 0.6374 - categorical_accuracy: 0.7777 - val_loss: 0.6458 - val_categorical_accuracy: 0.7738 - lr: 2.6214e-04 - 101s/epoch - 25ms/step
Epoch 165/200
4003/4003 - 101s - loss: 0.6379 - categorical_accuracy: 0.7775 - val_loss: 0.6412 - val_categorical_accuracy: 0.7757 - lr: 2.6214e-04 - 101s/epoch - 25ms/step
Epoch 166/200
4003/4003 - 101s - loss: 0.6374 - categorical_accuracy: 0.7777 - val_loss: 0.6525 - val_categorical_accuracy: 0.7726 - lr: 2.6214e-04 - 101s/epoch - 25ms/step
Epoch 167/200
4003/4003 - 101s - loss: 0.6374 - categorical_accuracy: 0.7780 - val_loss: 0.6454 - val_categorical_accuracy: 0.7735 - lr: 2.6214e-04 - 101s/epoch - 25ms/step
Epoch 168/200
4003/4003 - 101s - loss: 0.6374 - categorical_accuracy: 0.7779 - val_loss: 0.6512 - val_categorical_accuracy: 0.7721 - lr: 2.6214e-04 - 101s/epoch - 25ms/step
Epoch 169/200
4003/4003 - 102s - loss: 0.6357 - categorical_accuracy: 0.7787 - val_loss: 0.6469 - val_categorical_accuracy: 0.7735 - lr: 2.0972e-04 - 102s/epoch - 25ms/step
Epoch 170/200
4003/4003 - 101s - loss: 0.6358 - categorical_accuracy: 0.7782 - val_loss: 0.6437 - val_categorical_accuracy: 0.7750 - lr: 2.0972e-04 - 101s/epoch - 25ms/step
Epoch 171/200
4003/4003 - 101s - loss: 0.6356 - categorical_accuracy: 0.7787 - val_loss: 0.6463 - val_categorical_accuracy: 0.7744 - lr: 2.0972e-04 - 101s/epoch - 25ms/step
Epoch 172/200
4003/4003 - 101s - loss: 0.6357 - categorical_accuracy: 0.7788 - val_loss: 0.6436 - val_categorical_accuracy: 0.7751 - lr: 2.0972e-04 - 101s/epoch - 25ms/step
Epoch 173/200
4003/4003 - 101s - loss: 0.6356 - categorical_accuracy: 0.7786 - val_loss: 0.6439 - val_categorical_accuracy: 0.7743 - lr: 2.0972e-04 - 101s/epoch - 25ms/step
Epoch 174/200
4003/4003 - 101s - loss: 0.6354 - categorical_accuracy: 0.7786 - val_loss: 0.6462 - val_categorical_accuracy: 0.7739 - lr: 2.0972e-04 - 101s/epoch - 25ms/step
Epoch 175/200
4003/4003 - 101s - loss: 0.6352 - categorical_accuracy: 0.7788 - val_loss: 0.6432 - val_categorical_accuracy: 0.7750 - lr: 2.0972e-04 - 101s/epoch - 25ms/step
Epoch 176/200
4003/4003 - 101s - loss: 0.6352 - categorical_accuracy: 0.7787 - val_loss: 0.6446 - val_categorical_accuracy: 0.7753 - lr: 2.0972e-04 - 101s/epoch - 25ms/step
Epoch 177/200
4003/4003 - 101s - loss: 0.6352 - categorical_accuracy: 0.7786 - val_loss: 0.6486 - val_categorical_accuracy: 0.7721 - lr: 2.0972e-04 - 101s/epoch - 25ms/step
Epoch 178/200
4003/4003 - 101s - loss: 0.6352 - categorical_accuracy: 0.7786 - val_loss: 0.6452 - val_categorical_accuracy: 0.7742 - lr: 2.0972e-04 - 101s/epoch - 25ms/step
Epoch 179/200
4003/4003 - 101s - loss: 0.6337 - categorical_accuracy: 0.7792 - val_loss: 0.6407 - val_categorical_accuracy: 0.7756 - lr: 1.6777e-04 - 101s/epoch - 25ms/step
Epoch 180/200
4003/4003 - 101s - loss: 0.6335 - categorical_accuracy: 0.7792 - val_loss: 0.6505 - val_categorical_accuracy: 0.7719 - lr: 1.6777e-04 - 101s/epoch - 25ms/step
Epoch 181/200
4003/4003 - 101s - loss: 0.6334 - categorical_accuracy: 0.7793 - val_loss: 0.6390 - val_categorical_accuracy: 0.7768 - lr: 1.6777e-04 - 101s/epoch - 25ms/step
Epoch 182/200
4003/4003 - 101s - loss: 0.6333 - categorical_accuracy: 0.7793 - val_loss: 0.6419 - val_categorical_accuracy: 0.7753 - lr: 1.6777e-04 - 101s/epoch - 25ms/step
Epoch 183/200
4003/4003 - 101s - loss: 0.6333 - categorical_accuracy: 0.7796 - val_loss: 0.6396 - val_categorical_accuracy: 0.7756 - lr: 1.6777e-04 - 101s/epoch - 25ms/step
Epoch 184/200
4003/4003 - 101s - loss: 0.6336 - categorical_accuracy: 0.7793 - val_loss: 0.6407 - val_categorical_accuracy: 0.7759 - lr: 1.6777e-04 - 101s/epoch - 25ms/step
Epoch 185/200
4003/4003 - 101s - loss: 0.6332 - categorical_accuracy: 0.7794 - val_loss: 0.6437 - val_categorical_accuracy: 0.7752 - lr: 1.6777e-04 - 101s/epoch - 25ms/step
Epoch 186/200
4003/4003 - 101s - loss: 0.6334 - categorical_accuracy: 0.7793 - val_loss: 0.6468 - val_categorical_accuracy: 0.7735 - lr: 1.6777e-04 - 101s/epoch - 25ms/step
Epoch 187/200
4003/4003 - 102s - loss: 0.6333 - categorical_accuracy: 0.7791 - val_loss: 0.6404 - val_categorical_accuracy: 0.7761 - lr: 1.6777e-04 - 102s/epoch - 25ms/step
Epoch 188/200
4003/4003 - 101s - loss: 0.6333 - categorical_accuracy: 0.7795 - val_loss: 0.6410 - val_categorical_accuracy: 0.7759 - lr: 1.6777e-04 - 101s/epoch - 25ms/step
Epoch 189/200
4003/4003 - 101s - loss: 0.6333 - categorical_accuracy: 0.7794 - val_loss: 0.6437 - val_categorical_accuracy: 0.7743 - lr: 1.6777e-04 - 101s/epoch - 25ms/step
Epoch 190/200
4003/4003 - 101s - loss: 0.6332 - categorical_accuracy: 0.7791 - val_loss: 0.6462 - val_categorical_accuracy: 0.7745 - lr: 1.6777e-04 - 101s/epoch - 25ms/step
Epoch 191/200
4003/4003 - 101s - loss: 0.6333 - categorical_accuracy: 0.7794 - val_loss: 0.6415 - val_categorical_accuracy: 0.7753 - lr: 1.6777e-04 - 101s/epoch - 25ms/step
Epoch 192/200
4003/4003 - 101s - loss: 0.6318 - categorical_accuracy: 0.7799 - val_loss: 0.6406 - val_categorical_accuracy: 0.7759 - lr: 1.3422e-04 - 101s/epoch - 25ms/step
Epoch 193/200
4003/4003 - 101s - loss: 0.6318 - categorical_accuracy: 0.7798 - val_loss: 0.6398 - val_categorical_accuracy: 0.7767 - lr: 1.3422e-04 - 101s/epoch - 25ms/step
Epoch 194/200
4003/4003 - 101s - loss: 0.6320 - categorical_accuracy: 0.7798 - val_loss: 0.6416 - val_categorical_accuracy: 0.7754 - lr: 1.3422e-04 - 101s/epoch - 25ms/step
Epoch 195/200
4003/4003 - 101s - loss: 0.6316 - categorical_accuracy: 0.7800 - val_loss: 0.6400 - val_categorical_accuracy: 0.7757 - lr: 1.3422e-04 - 101s/epoch - 25ms/step
Epoch 196/200
4003/4003 - 101s - loss: 0.6320 - categorical_accuracy: 0.7796 - val_loss: 0.6398 - val_categorical_accuracy: 0.7762 - lr: 1.3422e-04 - 101s/epoch - 25ms/step
Epoch 197/200
4003/4003 - 101s - loss: 0.6317 - categorical_accuracy: 0.7799 - val_loss: 0.6418 - val_categorical_accuracy: 0.7757 - lr: 1.3422e-04 - 101s/epoch - 25ms/step
Epoch 198/200
4003/4003 - 101s - loss: 0.6315 - categorical_accuracy: 0.7799 - val_loss: 0.6391 - val_categorical_accuracy: 0.7766 - lr: 1.3422e-04 - 101s/epoch - 25ms/step
Epoch 199/200
4003/4003 - 101s - loss: 0.6316 - categorical_accuracy: 0.7800 - val_loss: 0.6466 - val_categorical_accuracy: 0.7735 - lr: 1.3422e-04 - 101s/epoch - 25ms/step
Epoch 200/200
4003/4003 - 101s - loss: 0.6316 - categorical_accuracy: 0.7800 - val_loss: 0.6419 - val_categorical_accuracy: 0.7756 - lr: 1.3422e-04 - 101s/epoch - 25ms/step
[92m
Saved model to: [0m trained_intnets/jedinet_exploration_12
Loss vs epochs plot saved to trained_intnets/jedinet_exploration_12.
Accuracy vs epochs plot saved to trained_intnets/jedinet_exploration_12.
[92m
Plots done! [0m
