[96m
GPU: NVIDIA GeForce GTX 1080 Ti[0m

----------------
[92mData loading complete:[0m
Training data size: 5.72e+05
Test data size: 0.00e+00
----------------

Shuffling constituents...
[92mShuffled the training data! 🃏
[0m
[92mNumber of constituents: 8[0m
Instantiating model...
[92mModel compiled and built![0m
[95m
TRAINING THE MODEL 💪[0m
==================

Training parameters
-------------------
[92mOptimiser: 	[0m {'name': 'Adam', 'learning_rate': 0.0005, 'decay': 0.0, 'beta_1': 0.9, 'beta_2': 0.999, 'epsilon': 1e-07, 'amsgrad': False}
[92mBatch size: 	[0m 512
[92mTraining epochs:[0m 100
[92mLoss: 		[0m categorical_crossentropy

Epoch 1/100
782/782 - 10s - loss: 1.2387 - categorical_accuracy: 0.4909 - val_loss: 1.0785 - val_categorical_accuracy: 0.5878 - lr: 5.0000e-04 - 10s/epoch - 13ms/step
Epoch 2/100
782/782 - 5s - loss: 1.0602 - categorical_accuracy: 0.5917 - val_loss: 1.0387 - val_categorical_accuracy: 0.6048 - lr: 5.0000e-04 - 5s/epoch - 7ms/step
Epoch 3/100
782/782 - 5s - loss: 1.0373 - categorical_accuracy: 0.6020 - val_loss: 1.0226 - val_categorical_accuracy: 0.6112 - lr: 5.0000e-04 - 5s/epoch - 7ms/step
Epoch 4/100
782/782 - 5s - loss: 1.0245 - categorical_accuracy: 0.6077 - val_loss: 1.0123 - val_categorical_accuracy: 0.6144 - lr: 5.0000e-04 - 5s/epoch - 7ms/step
Epoch 5/100
782/782 - 5s - loss: 1.0156 - categorical_accuracy: 0.6109 - val_loss: 1.0058 - val_categorical_accuracy: 0.6151 - lr: 5.0000e-04 - 5s/epoch - 7ms/step
Epoch 6/100
782/782 - 5s - loss: 1.0090 - categorical_accuracy: 0.6131 - val_loss: 1.0005 - val_categorical_accuracy: 0.6165 - lr: 5.0000e-04 - 5s/epoch - 7ms/step
Epoch 7/100
782/782 - 5s - loss: 1.0040 - categorical_accuracy: 0.6145 - val_loss: 0.9956 - val_categorical_accuracy: 0.6177 - lr: 5.0000e-04 - 5s/epoch - 7ms/step
Epoch 8/100
782/782 - 5s - loss: 0.9999 - categorical_accuracy: 0.6163 - val_loss: 0.9917 - val_categorical_accuracy: 0.6191 - lr: 5.0000e-04 - 5s/epoch - 7ms/step
Epoch 9/100
782/782 - 5s - loss: 0.9964 - categorical_accuracy: 0.6174 - val_loss: 0.9892 - val_categorical_accuracy: 0.6196 - lr: 5.0000e-04 - 5s/epoch - 7ms/step
Epoch 10/100
782/782 - 5s - loss: 0.9932 - categorical_accuracy: 0.6184 - val_loss: 0.9856 - val_categorical_accuracy: 0.6212 - lr: 5.0000e-04 - 5s/epoch - 7ms/step
Epoch 11/100
782/782 - 5s - loss: 0.9905 - categorical_accuracy: 0.6195 - val_loss: 0.9825 - val_categorical_accuracy: 0.6222 - lr: 5.0000e-04 - 5s/epoch - 7ms/step
Epoch 12/100
782/782 - 5s - loss: 0.9880 - categorical_accuracy: 0.6204 - val_loss: 0.9805 - val_categorical_accuracy: 0.6225 - lr: 5.0000e-04 - 5s/epoch - 7ms/step
Epoch 13/100
782/782 - 5s - loss: 0.9856 - categorical_accuracy: 0.6212 - val_loss: 0.9787 - val_categorical_accuracy: 0.6233 - lr: 5.0000e-04 - 5s/epoch - 7ms/step
Epoch 14/100
782/782 - 6s - loss: 0.9834 - categorical_accuracy: 0.6221 - val_loss: 0.9773 - val_categorical_accuracy: 0.6234 - lr: 5.0000e-04 - 6s/epoch - 7ms/step
Epoch 15/100
782/782 - 8s - loss: 0.9814 - categorical_accuracy: 0.6229 - val_loss: 0.9757 - val_categorical_accuracy: 0.6242 - lr: 5.0000e-04 - 8s/epoch - 11ms/step
Epoch 16/100
782/782 - 6s - loss: 0.9795 - categorical_accuracy: 0.6235 - val_loss: 0.9742 - val_categorical_accuracy: 0.6245 - lr: 5.0000e-04 - 6s/epoch - 7ms/step
Epoch 17/100
782/782 - 5s - loss: 0.9777 - categorical_accuracy: 0.6242 - val_loss: 0.9718 - val_categorical_accuracy: 0.6257 - lr: 5.0000e-04 - 5s/epoch - 7ms/step
Epoch 18/100
782/782 - 5s - loss: 0.9760 - categorical_accuracy: 0.6247 - val_loss: 0.9705 - val_categorical_accuracy: 0.6259 - lr: 5.0000e-04 - 5s/epoch - 7ms/step
Epoch 19/100
782/782 - 5s - loss: 0.9743 - categorical_accuracy: 0.6253 - val_loss: 0.9687 - val_categorical_accuracy: 0.6265 - lr: 5.0000e-04 - 5s/epoch - 7ms/step
Epoch 20/100
782/782 - 5s - loss: 0.9726 - categorical_accuracy: 0.6258 - val_loss: 0.9682 - val_categorical_accuracy: 0.6259 - lr: 5.0000e-04 - 5s/epoch - 7ms/step
Epoch 21/100
782/782 - 5s - loss: 0.9709 - categorical_accuracy: 0.6264 - val_loss: 0.9666 - val_categorical_accuracy: 0.6265 - lr: 5.0000e-04 - 5s/epoch - 7ms/step
Epoch 22/100
782/782 - 5s - loss: 0.9693 - categorical_accuracy: 0.6270 - val_loss: 0.9646 - val_categorical_accuracy: 0.6273 - lr: 5.0000e-04 - 5s/epoch - 7ms/step
Epoch 23/100
782/782 - 5s - loss: 0.9679 - categorical_accuracy: 0.6276 - val_loss: 0.9637 - val_categorical_accuracy: 0.6278 - lr: 5.0000e-04 - 5s/epoch - 7ms/step
Epoch 24/100
782/782 - 5s - loss: 0.9665 - categorical_accuracy: 0.6280 - val_loss: 0.9618 - val_categorical_accuracy: 0.6284 - lr: 5.0000e-04 - 5s/epoch - 7ms/step
Epoch 25/100
782/782 - 5s - loss: 0.9652 - categorical_accuracy: 0.6284 - val_loss: 0.9608 - val_categorical_accuracy: 0.6290 - lr: 5.0000e-04 - 5s/epoch - 7ms/step
Epoch 26/100
782/782 - 5s - loss: 0.9639 - categorical_accuracy: 0.6290 - val_loss: 0.9596 - val_categorical_accuracy: 0.6298 - lr: 5.0000e-04 - 5s/epoch - 6ms/step
Epoch 27/100
782/782 - 5s - loss: 0.9627 - categorical_accuracy: 0.6296 - val_loss: 0.9585 - val_categorical_accuracy: 0.6303 - lr: 5.0000e-04 - 5s/epoch - 6ms/step
Epoch 28/100
782/782 - 5s - loss: 0.9616 - categorical_accuracy: 0.6300 - val_loss: 0.9578 - val_categorical_accuracy: 0.6307 - lr: 5.0000e-04 - 5s/epoch - 7ms/step
Epoch 29/100
782/782 - 5s - loss: 0.9606 - categorical_accuracy: 0.6304 - val_loss: 0.9571 - val_categorical_accuracy: 0.6310 - lr: 5.0000e-04 - 5s/epoch - 7ms/step
Epoch 30/100
782/782 - 5s - loss: 0.9596 - categorical_accuracy: 0.6309 - val_loss: 0.9556 - val_categorical_accuracy: 0.6317 - lr: 5.0000e-04 - 5s/epoch - 7ms/step
Epoch 31/100
782/782 - 5s - loss: 0.9587 - categorical_accuracy: 0.6313 - val_loss: 0.9541 - val_categorical_accuracy: 0.6324 - lr: 5.0000e-04 - 5s/epoch - 7ms/step
Epoch 32/100
782/782 - 6s - loss: 0.9578 - categorical_accuracy: 0.6318 - val_loss: 0.9530 - val_categorical_accuracy: 0.6330 - lr: 5.0000e-04 - 6s/epoch - 7ms/step
Epoch 33/100
782/782 - 5s - loss: 0.9569 - categorical_accuracy: 0.6320 - val_loss: 0.9524 - val_categorical_accuracy: 0.6333 - lr: 5.0000e-04 - 5s/epoch - 7ms/step
Epoch 34/100
782/782 - 7s - loss: 0.9561 - categorical_accuracy: 0.6322 - val_loss: 0.9519 - val_categorical_accuracy: 0.6338 - lr: 5.0000e-04 - 7s/epoch - 8ms/step
Epoch 35/100
782/782 - 5s - loss: 0.9553 - categorical_accuracy: 0.6327 - val_loss: 0.9507 - val_categorical_accuracy: 0.6341 - lr: 5.0000e-04 - 5s/epoch - 7ms/step
Epoch 36/100
782/782 - 5s - loss: 0.9544 - categorical_accuracy: 0.6330 - val_loss: 0.9496 - val_categorical_accuracy: 0.6346 - lr: 5.0000e-04 - 5s/epoch - 7ms/step
Epoch 37/100
782/782 - 5s - loss: 0.9537 - categorical_accuracy: 0.6334 - val_loss: 0.9495 - val_categorical_accuracy: 0.6347 - lr: 5.0000e-04 - 5s/epoch - 7ms/step
Epoch 38/100
782/782 - 5s - loss: 0.9530 - categorical_accuracy: 0.6338 - val_loss: 0.9487 - val_categorical_accuracy: 0.6351 - lr: 5.0000e-04 - 5s/epoch - 7ms/step
Epoch 39/100
782/782 - 5s - loss: 0.9523 - categorical_accuracy: 0.6341 - val_loss: 0.9484 - val_categorical_accuracy: 0.6351 - lr: 5.0000e-04 - 5s/epoch - 7ms/step
Epoch 40/100
782/782 - 5s - loss: 0.9516 - categorical_accuracy: 0.6343 - val_loss: 0.9477 - val_categorical_accuracy: 0.6356 - lr: 5.0000e-04 - 5s/epoch - 7ms/step
Epoch 41/100
782/782 - 5s - loss: 0.9509 - categorical_accuracy: 0.6345 - val_loss: 0.9473 - val_categorical_accuracy: 0.6356 - lr: 5.0000e-04 - 5s/epoch - 7ms/step
Epoch 42/100
782/782 - 5s - loss: 0.9503 - categorical_accuracy: 0.6347 - val_loss: 0.9459 - val_categorical_accuracy: 0.6364 - lr: 5.0000e-04 - 5s/epoch - 7ms/step
Epoch 43/100
782/782 - 5s - loss: 0.9496 - categorical_accuracy: 0.6349 - val_loss: 0.9450 - val_categorical_accuracy: 0.6369 - lr: 5.0000e-04 - 5s/epoch - 7ms/step
Epoch 44/100
782/782 - 5s - loss: 0.9491 - categorical_accuracy: 0.6352 - val_loss: 0.9445 - val_categorical_accuracy: 0.6371 - lr: 5.0000e-04 - 5s/epoch - 7ms/step
Epoch 45/100
782/782 - 5s - loss: 0.9485 - categorical_accuracy: 0.6354 - val_loss: 0.9439 - val_categorical_accuracy: 0.6376 - lr: 5.0000e-04 - 5s/epoch - 7ms/step
Epoch 46/100
782/782 - 5s - loss: 0.9479 - categorical_accuracy: 0.6356 - val_loss: 0.9430 - val_categorical_accuracy: 0.6381 - lr: 5.0000e-04 - 5s/epoch - 7ms/step
Epoch 47/100
782/782 - 5s - loss: 0.9475 - categorical_accuracy: 0.6358 - val_loss: 0.9430 - val_categorical_accuracy: 0.6379 - lr: 5.0000e-04 - 5s/epoch - 7ms/step
Epoch 48/100
782/782 - 5s - loss: 0.9470 - categorical_accuracy: 0.6361 - val_loss: 0.9427 - val_categorical_accuracy: 0.6380 - lr: 5.0000e-04 - 5s/epoch - 7ms/step
Epoch 49/100
782/782 - 5s - loss: 0.9465 - categorical_accuracy: 0.6363 - val_loss: 0.9421 - val_categorical_accuracy: 0.6386 - lr: 5.0000e-04 - 5s/epoch - 7ms/step
Epoch 50/100
782/782 - 5s - loss: 0.9460 - categorical_accuracy: 0.6365 - val_loss: 0.9417 - val_categorical_accuracy: 0.6388 - lr: 5.0000e-04 - 5s/epoch - 7ms/step
Epoch 51/100
782/782 - 5s - loss: 0.9456 - categorical_accuracy: 0.6367 - val_loss: 0.9417 - val_categorical_accuracy: 0.6386 - lr: 5.0000e-04 - 5s/epoch - 7ms/step
Epoch 52/100
782/782 - 5s - loss: 0.9451 - categorical_accuracy: 0.6369 - val_loss: 0.9414 - val_categorical_accuracy: 0.6387 - lr: 5.0000e-04 - 5s/epoch - 7ms/step
Epoch 53/100
782/782 - 5s - loss: 0.9447 - categorical_accuracy: 0.6370 - val_loss: 0.9410 - val_categorical_accuracy: 0.6391 - lr: 5.0000e-04 - 5s/epoch - 7ms/step
Epoch 54/100
782/782 - 5s - loss: 0.9443 - categorical_accuracy: 0.6372 - val_loss: 0.9412 - val_categorical_accuracy: 0.6388 - lr: 5.0000e-04 - 5s/epoch - 7ms/step
Epoch 55/100
782/782 - 6s - loss: 0.9440 - categorical_accuracy: 0.6374 - val_loss: 0.9411 - val_categorical_accuracy: 0.6390 - lr: 5.0000e-04 - 6s/epoch - 7ms/step
Epoch 56/100
782/782 - 6s - loss: 0.9436 - categorical_accuracy: 0.6374 - val_loss: 0.9407 - val_categorical_accuracy: 0.6393 - lr: 5.0000e-04 - 6s/epoch - 7ms/step
Epoch 57/100
782/782 - 7s - loss: 0.9433 - categorical_accuracy: 0.6376 - val_loss: 0.9402 - val_categorical_accuracy: 0.6395 - lr: 5.0000e-04 - 7s/epoch - 9ms/step
Epoch 58/100
782/782 - 6s - loss: 0.9429 - categorical_accuracy: 0.6377 - val_loss: 0.9400 - val_categorical_accuracy: 0.6395 - lr: 5.0000e-04 - 6s/epoch - 7ms/step
Epoch 59/100
782/782 - 6s - loss: 0.9425 - categorical_accuracy: 0.6379 - val_loss: 0.9396 - val_categorical_accuracy: 0.6397 - lr: 5.0000e-04 - 6s/epoch - 7ms/step
Epoch 60/100
782/782 - 6s - loss: 0.9422 - categorical_accuracy: 0.6381 - val_loss: 0.9393 - val_categorical_accuracy: 0.6398 - lr: 5.0000e-04 - 6s/epoch - 7ms/step
Epoch 61/100
782/782 - 6s - loss: 0.9419 - categorical_accuracy: 0.6384 - val_loss: 0.9389 - val_categorical_accuracy: 0.6399 - lr: 5.0000e-04 - 6s/epoch - 7ms/step
Epoch 62/100
782/782 - 6s - loss: 0.9416 - categorical_accuracy: 0.6386 - val_loss: 0.9387 - val_categorical_accuracy: 0.6401 - lr: 5.0000e-04 - 6s/epoch - 7ms/step
Epoch 63/100
782/782 - 6s - loss: 0.9413 - categorical_accuracy: 0.6387 - val_loss: 0.9391 - val_categorical_accuracy: 0.6396 - lr: 5.0000e-04 - 6s/epoch - 7ms/step
Epoch 64/100
782/782 - 6s - loss: 0.9409 - categorical_accuracy: 0.6389 - val_loss: 0.9387 - val_categorical_accuracy: 0.6400 - lr: 5.0000e-04 - 6s/epoch - 7ms/step
Epoch 65/100
782/782 - 5s - loss: 0.9406 - categorical_accuracy: 0.6389 - val_loss: 0.9383 - val_categorical_accuracy: 0.6403 - lr: 5.0000e-04 - 5s/epoch - 7ms/step
Epoch 66/100
782/782 - 6s - loss: 0.9403 - categorical_accuracy: 0.6389 - val_loss: 0.9377 - val_categorical_accuracy: 0.6407 - lr: 5.0000e-04 - 6s/epoch - 7ms/step
Epoch 67/100
782/782 - 6s - loss: 0.9400 - categorical_accuracy: 0.6390 - val_loss: 0.9373 - val_categorical_accuracy: 0.6411 - lr: 5.0000e-04 - 6s/epoch - 7ms/step
Epoch 68/100
782/782 - 6s - loss: 0.9397 - categorical_accuracy: 0.6392 - val_loss: 0.9375 - val_categorical_accuracy: 0.6409 - lr: 5.0000e-04 - 6s/epoch - 7ms/step
Epoch 69/100
782/782 - 6s - loss: 0.9395 - categorical_accuracy: 0.6394 - val_loss: 0.9372 - val_categorical_accuracy: 0.6411 - lr: 5.0000e-04 - 6s/epoch - 7ms/step
Epoch 70/100
782/782 - 5s - loss: 0.9392 - categorical_accuracy: 0.6393 - val_loss: 0.9373 - val_categorical_accuracy: 0.6407 - lr: 5.0000e-04 - 5s/epoch - 7ms/step
Epoch 71/100
782/782 - 6s - loss: 0.9390 - categorical_accuracy: 0.6394 - val_loss: 0.9370 - val_categorical_accuracy: 0.6411 - lr: 5.0000e-04 - 6s/epoch - 7ms/step
Epoch 72/100
782/782 - 6s - loss: 0.9387 - categorical_accuracy: 0.6395 - val_loss: 0.9373 - val_categorical_accuracy: 0.6410 - lr: 5.0000e-04 - 6s/epoch - 7ms/step
Epoch 73/100
782/782 - 6s - loss: 0.9384 - categorical_accuracy: 0.6394 - val_loss: 0.9365 - val_categorical_accuracy: 0.6415 - lr: 5.0000e-04 - 6s/epoch - 7ms/step
Epoch 74/100
782/782 - 6s - loss: 0.9382 - categorical_accuracy: 0.6396 - val_loss: 0.9364 - val_categorical_accuracy: 0.6417 - lr: 5.0000e-04 - 6s/epoch - 7ms/step
Epoch 75/100
782/782 - 6s - loss: 0.9380 - categorical_accuracy: 0.6397 - val_loss: 0.9357 - val_categorical_accuracy: 0.6420 - lr: 5.0000e-04 - 6s/epoch - 7ms/step
Epoch 76/100
782/782 - 6s - loss: 0.9377 - categorical_accuracy: 0.6399 - val_loss: 0.9354 - val_categorical_accuracy: 0.6419 - lr: 5.0000e-04 - 6s/epoch - 7ms/step
Epoch 77/100
782/782 - 6s - loss: 0.9376 - categorical_accuracy: 0.6399 - val_loss: 0.9350 - val_categorical_accuracy: 0.6421 - lr: 5.0000e-04 - 6s/epoch - 7ms/step
Epoch 78/100
782/782 - 6s - loss: 0.9373 - categorical_accuracy: 0.6399 - val_loss: 0.9348 - val_categorical_accuracy: 0.6424 - lr: 5.0000e-04 - 6s/epoch - 7ms/step
Epoch 79/100
782/782 - 6s - loss: 0.9371 - categorical_accuracy: 0.6399 - val_loss: 0.9347 - val_categorical_accuracy: 0.6422 - lr: 5.0000e-04 - 6s/epoch - 7ms/step
Epoch 80/100
782/782 - 6s - loss: 0.9369 - categorical_accuracy: 0.6401 - val_loss: 0.9344 - val_categorical_accuracy: 0.6423 - lr: 5.0000e-04 - 6s/epoch - 7ms/step
Epoch 81/100
782/782 - 6s - loss: 0.9367 - categorical_accuracy: 0.6402 - val_loss: 0.9341 - val_categorical_accuracy: 0.6426 - lr: 5.0000e-04 - 6s/epoch - 7ms/step
Epoch 82/100
782/782 - 6s - loss: 0.9364 - categorical_accuracy: 0.6402 - val_loss: 0.9338 - val_categorical_accuracy: 0.6428 - lr: 5.0000e-04 - 6s/epoch - 7ms/step
Epoch 83/100
782/782 - 6s - loss: 0.9362 - categorical_accuracy: 0.6403 - val_loss: 0.9340 - val_categorical_accuracy: 0.6426 - lr: 5.0000e-04 - 6s/epoch - 7ms/step
Epoch 84/100
782/782 - 6s - loss: 0.9360 - categorical_accuracy: 0.6404 - val_loss: 0.9337 - val_categorical_accuracy: 0.6426 - lr: 5.0000e-04 - 6s/epoch - 7ms/step
Epoch 85/100
782/782 - 6s - loss: 0.9358 - categorical_accuracy: 0.6405 - val_loss: 0.9336 - val_categorical_accuracy: 0.6427 - lr: 5.0000e-04 - 6s/epoch - 7ms/step
Epoch 86/100
782/782 - 6s - loss: 0.9356 - categorical_accuracy: 0.6408 - val_loss: 0.9333 - val_categorical_accuracy: 0.6430 - lr: 5.0000e-04 - 6s/epoch - 7ms/step
Epoch 87/100
782/782 - 6s - loss: 0.9354 - categorical_accuracy: 0.6408 - val_loss: 0.9332 - val_categorical_accuracy: 0.6430 - lr: 5.0000e-04 - 6s/epoch - 7ms/step
Epoch 88/100
782/782 - 6s - loss: 0.9352 - categorical_accuracy: 0.6409 - val_loss: 0.9330 - val_categorical_accuracy: 0.6432 - lr: 5.0000e-04 - 6s/epoch - 7ms/step
Epoch 89/100
782/782 - 6s - loss: 0.9350 - categorical_accuracy: 0.6409 - val_loss: 0.9328 - val_categorical_accuracy: 0.6435 - lr: 5.0000e-04 - 6s/epoch - 7ms/step
Epoch 90/100
782/782 - 5s - loss: 0.9348 - categorical_accuracy: 0.6410 - val_loss: 0.9326 - val_categorical_accuracy: 0.6435 - lr: 5.0000e-04 - 5s/epoch - 7ms/step
Epoch 91/100
782/782 - 5s - loss: 0.9347 - categorical_accuracy: 0.6411 - val_loss: 0.9324 - val_categorical_accuracy: 0.6436 - lr: 5.0000e-04 - 5s/epoch - 7ms/step
Epoch 92/100
782/782 - 5s - loss: 0.9345 - categorical_accuracy: 0.6411 - val_loss: 0.9325 - val_categorical_accuracy: 0.6439 - lr: 5.0000e-04 - 5s/epoch - 7ms/step
Epoch 93/100
782/782 - 5s - loss: 0.9343 - categorical_accuracy: 0.6412 - val_loss: 0.9324 - val_categorical_accuracy: 0.6437 - lr: 5.0000e-04 - 5s/epoch - 7ms/step
Epoch 94/100
782/782 - 5s - loss: 0.9341 - categorical_accuracy: 0.6414 - val_loss: 0.9326 - val_categorical_accuracy: 0.6437 - lr: 5.0000e-04 - 5s/epoch - 7ms/step
Epoch 95/100
782/782 - 5s - loss: 0.9339 - categorical_accuracy: 0.6414 - val_loss: 0.9325 - val_categorical_accuracy: 0.6437 - lr: 5.0000e-04 - 5s/epoch - 7ms/step
Epoch 96/100
782/782 - 5s - loss: 0.9338 - categorical_accuracy: 0.6414 - val_loss: 0.9329 - val_categorical_accuracy: 0.6435 - lr: 5.0000e-04 - 5s/epoch - 7ms/step
Epoch 97/100
782/782 - 5s - loss: 0.9336 - categorical_accuracy: 0.6415 - val_loss: 0.9327 - val_categorical_accuracy: 0.6436 - lr: 5.0000e-04 - 5s/epoch - 7ms/step
Epoch 98/100
782/782 - 5s - loss: 0.9334 - categorical_accuracy: 0.6415 - val_loss: 0.9325 - val_categorical_accuracy: 0.6436 - lr: 5.0000e-04 - 5s/epoch - 7ms/step
Epoch 99/100
782/782 - 5s - loss: 0.9333 - categorical_accuracy: 0.6417 - val_loss: 0.9323 - val_categorical_accuracy: 0.6436 - lr: 5.0000e-04 - 5s/epoch - 7ms/step
Epoch 100/100
782/782 - 5s - loss: 0.9331 - categorical_accuracy: 0.6417 - val_loss: 0.9325 - val_categorical_accuracy: 0.6436 - lr: 5.0000e-04 - 5s/epoch - 7ms/step
[95m
SAVING RESULTS[0m
==============
[92m
Saved model to: [0m trained_intnets/perm_variant_conv_5
Loss vs epochs plot saved to trained_intnets/perm_variant_conv_5.
Accuracy vs epochs plot saved to trained_intnets/perm_variant_conv_5.
[92m
Jobs done! 🍰✨[0m
