[96m
GPU: NVIDIA GeForce GTX 1080 Ti[0m

----------------
[92mData loading complete:[0m
Training data size: 5.72e+05
Test data size: 0.00e+00
----------------

Shuffling constituents...
[92mShuffled the training data! 🃏
[0m
[92mNumber of constituents: 8[0m
Instantiating model...
[92mModel compiled and built![0m
[95m
TRAINING THE MODEL 💪[0m
==================
Epoch 1/100
782/782 - 8s - loss: 1.1987 - categorical_accuracy: 0.5109 - val_loss: 1.0811 - val_categorical_accuracy: 0.5848 - lr: 5.0000e-04 - 8s/epoch - 10ms/step
Epoch 2/100
782/782 - 4s - loss: 1.0561 - categorical_accuracy: 0.5953 - val_loss: 1.0435 - val_categorical_accuracy: 0.5965 - lr: 5.0000e-04 - 4s/epoch - 6ms/step
Epoch 3/100
782/782 - 4s - loss: 1.0323 - categorical_accuracy: 0.6051 - val_loss: 1.0113 - val_categorical_accuracy: 0.6177 - lr: 5.0000e-04 - 4s/epoch - 6ms/step
Epoch 4/100
782/782 - 4s - loss: 1.0222 - categorical_accuracy: 0.6098 - val_loss: 1.0044 - val_categorical_accuracy: 0.6199 - lr: 5.0000e-04 - 4s/epoch - 6ms/step
Epoch 5/100
782/782 - 4s - loss: 1.0090 - categorical_accuracy: 0.6157 - val_loss: 1.0087 - val_categorical_accuracy: 0.6105 - lr: 5.0000e-04 - 4s/epoch - 5ms/step
Epoch 6/100
782/782 - 4s - loss: 1.0031 - categorical_accuracy: 0.6171 - val_loss: 0.9846 - val_categorical_accuracy: 0.6265 - lr: 5.0000e-04 - 4s/epoch - 5ms/step
Epoch 7/100
782/782 - 4s - loss: 0.9974 - categorical_accuracy: 0.6188 - val_loss: 0.9950 - val_categorical_accuracy: 0.6194 - lr: 5.0000e-04 - 4s/epoch - 5ms/step
Epoch 8/100
782/782 - 4s - loss: 0.9916 - categorical_accuracy: 0.6210 - val_loss: 0.9761 - val_categorical_accuracy: 0.6283 - lr: 5.0000e-04 - 4s/epoch - 5ms/step
Epoch 9/100
782/782 - 4s - loss: 0.9874 - categorical_accuracy: 0.6228 - val_loss: 0.9710 - val_categorical_accuracy: 0.6302 - lr: 5.0000e-04 - 4s/epoch - 5ms/step
Epoch 10/100
782/782 - 4s - loss: 0.9847 - categorical_accuracy: 0.6235 - val_loss: 0.9688 - val_categorical_accuracy: 0.6318 - lr: 5.0000e-04 - 4s/epoch - 5ms/step
Epoch 11/100
782/782 - 4s - loss: 0.9831 - categorical_accuracy: 0.6232 - val_loss: 0.9739 - val_categorical_accuracy: 0.6283 - lr: 5.0000e-04 - 4s/epoch - 5ms/step
Epoch 12/100
782/782 - 4s - loss: 0.9781 - categorical_accuracy: 0.6251 - val_loss: 0.9735 - val_categorical_accuracy: 0.6274 - lr: 5.0000e-04 - 4s/epoch - 5ms/step
Epoch 13/100
782/782 - 4s - loss: 0.9771 - categorical_accuracy: 0.6256 - val_loss: 0.9626 - val_categorical_accuracy: 0.6329 - lr: 5.0000e-04 - 4s/epoch - 5ms/step
Epoch 14/100
782/782 - 4s - loss: 0.9746 - categorical_accuracy: 0.6267 - val_loss: 0.9654 - val_categorical_accuracy: 0.6318 - lr: 5.0000e-04 - 4s/epoch - 5ms/step
Epoch 15/100
782/782 - 4s - loss: 0.9715 - categorical_accuracy: 0.6276 - val_loss: 0.9578 - val_categorical_accuracy: 0.6351 - lr: 5.0000e-04 - 4s/epoch - 5ms/step
Epoch 16/100
782/782 - 4s - loss: 0.9702 - categorical_accuracy: 0.6279 - val_loss: 0.9546 - val_categorical_accuracy: 0.6369 - lr: 5.0000e-04 - 4s/epoch - 5ms/step
Epoch 17/100
782/782 - 4s - loss: 0.9694 - categorical_accuracy: 0.6284 - val_loss: 0.9553 - val_categorical_accuracy: 0.6359 - lr: 5.0000e-04 - 4s/epoch - 5ms/step
Epoch 18/100
782/782 - 4s - loss: 0.9674 - categorical_accuracy: 0.6294 - val_loss: 0.9529 - val_categorical_accuracy: 0.6366 - lr: 5.0000e-04 - 4s/epoch - 5ms/step
Epoch 19/100
782/782 - 4s - loss: 0.9643 - categorical_accuracy: 0.6307 - val_loss: 0.9548 - val_categorical_accuracy: 0.6369 - lr: 5.0000e-04 - 4s/epoch - 5ms/step
Epoch 20/100
782/782 - 4s - loss: 0.9640 - categorical_accuracy: 0.6305 - val_loss: 0.9520 - val_categorical_accuracy: 0.6376 - lr: 5.0000e-04 - 4s/epoch - 5ms/step
Epoch 21/100
782/782 - 4s - loss: 0.9629 - categorical_accuracy: 0.6306 - val_loss: 0.9508 - val_categorical_accuracy: 0.6375 - lr: 5.0000e-04 - 4s/epoch - 5ms/step
Epoch 22/100
782/782 - 5s - loss: 0.9624 - categorical_accuracy: 0.6311 - val_loss: 0.9519 - val_categorical_accuracy: 0.6376 - lr: 5.0000e-04 - 5s/epoch - 6ms/step
Epoch 23/100
782/782 - 4s - loss: 0.9622 - categorical_accuracy: 0.6309 - val_loss: 0.9481 - val_categorical_accuracy: 0.6380 - lr: 5.0000e-04 - 4s/epoch - 5ms/step
Epoch 24/100
782/782 - 4s - loss: 0.9604 - categorical_accuracy: 0.6317 - val_loss: 0.9455 - val_categorical_accuracy: 0.6394 - lr: 5.0000e-04 - 4s/epoch - 6ms/step
Epoch 25/100
782/782 - 4s - loss: 0.9591 - categorical_accuracy: 0.6322 - val_loss: 0.9462 - val_categorical_accuracy: 0.6398 - lr: 5.0000e-04 - 4s/epoch - 5ms/step
Epoch 26/100
782/782 - 4s - loss: 0.9570 - categorical_accuracy: 0.6331 - val_loss: 0.9456 - val_categorical_accuracy: 0.6392 - lr: 5.0000e-04 - 4s/epoch - 5ms/step
Epoch 27/100
782/782 - 4s - loss: 0.9564 - categorical_accuracy: 0.6336 - val_loss: 0.9442 - val_categorical_accuracy: 0.6403 - lr: 5.0000e-04 - 4s/epoch - 5ms/step
Epoch 28/100
782/782 - 4s - loss: 0.9561 - categorical_accuracy: 0.6334 - val_loss: 0.9441 - val_categorical_accuracy: 0.6393 - lr: 5.0000e-04 - 4s/epoch - 5ms/step
Epoch 29/100
782/782 - 4s - loss: 0.9533 - categorical_accuracy: 0.6347 - val_loss: 0.9506 - val_categorical_accuracy: 0.6362 - lr: 5.0000e-04 - 4s/epoch - 5ms/step
Epoch 30/100
782/782 - 4s - loss: 0.9543 - categorical_accuracy: 0.6342 - val_loss: 0.9442 - val_categorical_accuracy: 0.6407 - lr: 5.0000e-04 - 4s/epoch - 5ms/step
Epoch 31/100
782/782 - 4s - loss: 0.9521 - categorical_accuracy: 0.6349 - val_loss: 0.9389 - val_categorical_accuracy: 0.6421 - lr: 5.0000e-04 - 4s/epoch - 5ms/step
Epoch 32/100
782/782 - 4s - loss: 0.9507 - categorical_accuracy: 0.6357 - val_loss: 0.9357 - val_categorical_accuracy: 0.6429 - lr: 5.0000e-04 - 4s/epoch - 5ms/step
Epoch 33/100
782/782 - 4s - loss: 0.9484 - categorical_accuracy: 0.6364 - val_loss: 0.9464 - val_categorical_accuracy: 0.6372 - lr: 5.0000e-04 - 4s/epoch - 5ms/step
Epoch 34/100
782/782 - 4s - loss: 0.9500 - categorical_accuracy: 0.6360 - val_loss: 0.9391 - val_categorical_accuracy: 0.6428 - lr: 5.0000e-04 - 4s/epoch - 5ms/step
Epoch 35/100
782/782 - 4s - loss: 0.9495 - categorical_accuracy: 0.6362 - val_loss: 0.9342 - val_categorical_accuracy: 0.6445 - lr: 5.0000e-04 - 4s/epoch - 5ms/step
Epoch 36/100
782/782 - 4s - loss: 0.9484 - categorical_accuracy: 0.6367 - val_loss: 0.9456 - val_categorical_accuracy: 0.6381 - lr: 5.0000e-04 - 4s/epoch - 5ms/step
Epoch 37/100
782/782 - 4s - loss: 0.9471 - categorical_accuracy: 0.6373 - val_loss: 0.9505 - val_categorical_accuracy: 0.6364 - lr: 5.0000e-04 - 4s/epoch - 5ms/step
Epoch 38/100
782/782 - 4s - loss: 0.9475 - categorical_accuracy: 0.6373 - val_loss: 0.9369 - val_categorical_accuracy: 0.6437 - lr: 5.0000e-04 - 4s/epoch - 5ms/step
Epoch 39/100
782/782 - 4s - loss: 0.9465 - categorical_accuracy: 0.6374 - val_loss: 0.9467 - val_categorical_accuracy: 0.6362 - lr: 5.0000e-04 - 4s/epoch - 5ms/step
Epoch 40/100
782/782 - 4s - loss: 0.9465 - categorical_accuracy: 0.6373 - val_loss: 0.9348 - val_categorical_accuracy: 0.6452 - lr: 5.0000e-04 - 4s/epoch - 5ms/step
Epoch 41/100
782/782 - 4s - loss: 0.9438 - categorical_accuracy: 0.6387 - val_loss: 0.9396 - val_categorical_accuracy: 0.6398 - lr: 5.0000e-04 - 4s/epoch - 5ms/step
Epoch 42/100
782/782 - 4s - loss: 0.9443 - categorical_accuracy: 0.6385 - val_loss: 0.9372 - val_categorical_accuracy: 0.6422 - lr: 5.0000e-04 - 4s/epoch - 5ms/step
Epoch 43/100
782/782 - 4s - loss: 0.9435 - categorical_accuracy: 0.6389 - val_loss: 0.9311 - val_categorical_accuracy: 0.6454 - lr: 5.0000e-04 - 4s/epoch - 5ms/step
Epoch 44/100
782/782 - 4s - loss: 0.9442 - categorical_accuracy: 0.6387 - val_loss: 0.9297 - val_categorical_accuracy: 0.6463 - lr: 5.0000e-04 - 4s/epoch - 5ms/step
Epoch 45/100
782/782 - 4s - loss: 0.9404 - categorical_accuracy: 0.6403 - val_loss: 0.9285 - val_categorical_accuracy: 0.6475 - lr: 5.0000e-04 - 4s/epoch - 5ms/step
Epoch 46/100
782/782 - 4s - loss: 0.9408 - categorical_accuracy: 0.6400 - val_loss: 0.9338 - val_categorical_accuracy: 0.6444 - lr: 5.0000e-04 - 4s/epoch - 6ms/step
Epoch 47/100
782/782 - 4s - loss: 0.9405 - categorical_accuracy: 0.6402 - val_loss: 0.9281 - val_categorical_accuracy: 0.6459 - lr: 5.0000e-04 - 4s/epoch - 5ms/step
Epoch 48/100
782/782 - 4s - loss: 0.9425 - categorical_accuracy: 0.6390 - val_loss: 0.9366 - val_categorical_accuracy: 0.6413 - lr: 5.0000e-04 - 4s/epoch - 5ms/step
Epoch 49/100
782/782 - 4s - loss: 0.9405 - categorical_accuracy: 0.6398 - val_loss: 0.9354 - val_categorical_accuracy: 0.6425 - lr: 5.0000e-04 - 4s/epoch - 5ms/step
Epoch 50/100
782/782 - 4s - loss: 0.9408 - categorical_accuracy: 0.6398 - val_loss: 0.9274 - val_categorical_accuracy: 0.6469 - lr: 5.0000e-04 - 4s/epoch - 5ms/step
Epoch 51/100
782/782 - 4s - loss: 0.9393 - categorical_accuracy: 0.6406 - val_loss: 0.9261 - val_categorical_accuracy: 0.6486 - lr: 5.0000e-04 - 4s/epoch - 5ms/step
Epoch 52/100
782/782 - 4s - loss: 0.9398 - categorical_accuracy: 0.6402 - val_loss: 0.9281 - val_categorical_accuracy: 0.6472 - lr: 5.0000e-04 - 4s/epoch - 5ms/step
Epoch 53/100
782/782 - 4s - loss: 0.9371 - categorical_accuracy: 0.6421 - val_loss: 0.9444 - val_categorical_accuracy: 0.6383 - lr: 5.0000e-04 - 4s/epoch - 5ms/step
Epoch 54/100
782/782 - 4s - loss: 0.9395 - categorical_accuracy: 0.6402 - val_loss: 0.9259 - val_categorical_accuracy: 0.6477 - lr: 5.0000e-04 - 4s/epoch - 5ms/step
Epoch 55/100
782/782 - 4s - loss: 0.9382 - categorical_accuracy: 0.6414 - val_loss: 0.9272 - val_categorical_accuracy: 0.6479 - lr: 5.0000e-04 - 4s/epoch - 5ms/step
Epoch 56/100
782/782 - 4s - loss: 0.9385 - categorical_accuracy: 0.6413 - val_loss: 0.9332 - val_categorical_accuracy: 0.6440 - lr: 5.0000e-04 - 4s/epoch - 5ms/step
Epoch 57/100
782/782 - 4s - loss: 0.9366 - categorical_accuracy: 0.6423 - val_loss: 0.9249 - val_categorical_accuracy: 0.6481 - lr: 5.0000e-04 - 4s/epoch - 5ms/step
Epoch 58/100
782/782 - 4s - loss: 0.9355 - categorical_accuracy: 0.6423 - val_loss: 0.9246 - val_categorical_accuracy: 0.6482 - lr: 5.0000e-04 - 4s/epoch - 5ms/step
Epoch 59/100
782/782 - 4s - loss: 0.9364 - categorical_accuracy: 0.6415 - val_loss: 0.9468 - val_categorical_accuracy: 0.6354 - lr: 5.0000e-04 - 4s/epoch - 5ms/step
Epoch 60/100
782/782 - 4s - loss: 0.9362 - categorical_accuracy: 0.6417 - val_loss: 0.9308 - val_categorical_accuracy: 0.6453 - lr: 5.0000e-04 - 4s/epoch - 5ms/step
Epoch 61/100
782/782 - 4s - loss: 0.9336 - categorical_accuracy: 0.6428 - val_loss: 0.9231 - val_categorical_accuracy: 0.6481 - lr: 5.0000e-04 - 4s/epoch - 5ms/step
[95m
SAVING RESULTS[0m
==============
[92m
Saved model to: [0m trained_intnets/perm_variant_conv_5
Loss vs epochs plot saved to trained_intnets/perm_variant_conv_5.
Accuracy vs epochs plot saved to trained_intnets/perm_variant_conv_5.
[92m
Jobs done! 🍰✨[0m
