[96m
GPU: NVIDIA GeForce GTX 1080 Ti[0m

----------------
[92mData loading complete:[0m
Training data size: 5.72e+05
Test data size: 0.00e+00
----------------

Shuffling constituents...
[92mShuffled the training data! 🃏
[0m
[92mNumber of constituents: 8[0m
Instantiating model...
[92mModel compiled and built![0m
[95m
TRAINING THE MODEL 💪[0m
==================

Training parameters
-------------------
[92mOptimiser: 	[0m {'name': 'Adam', 'learning_rate': 0.0005, 'decay': 0.0, 'beta_1': 0.9, 'beta_2': 0.999, 'epsilon': 1e-07, 'amsgrad': False}
[92mBatch size: 	[0m 512
[92mTraining epochs:[0m 100
[92mLoss: 		[0m categorical_crossentropy

Epoch 1/100
782/782 - 9s - loss: 1.1659 - categorical_accuracy: 0.5361 - val_loss: 1.0824 - val_categorical_accuracy: 0.5836 - lr: 5.0000e-04 - 9s/epoch - 11ms/step
Epoch 2/100
782/782 - 4s - loss: 1.0665 - categorical_accuracy: 0.5891 - val_loss: 1.0423 - val_categorical_accuracy: 0.6037 - lr: 5.0000e-04 - 4s/epoch - 5ms/step
Epoch 3/100
782/782 - 4s - loss: 1.0451 - categorical_accuracy: 0.5988 - val_loss: 1.0243 - val_categorical_accuracy: 0.6098 - lr: 5.0000e-04 - 4s/epoch - 5ms/step
Epoch 4/100
782/782 - 4s - loss: 1.0309 - categorical_accuracy: 0.6045 - val_loss: 1.0104 - val_categorical_accuracy: 0.6152 - lr: 5.0000e-04 - 4s/epoch - 5ms/step
Epoch 5/100
782/782 - 4s - loss: 1.0205 - categorical_accuracy: 0.6089 - val_loss: 1.0006 - val_categorical_accuracy: 0.6183 - lr: 5.0000e-04 - 4s/epoch - 5ms/step
Epoch 6/100
782/782 - 4s - loss: 1.0129 - categorical_accuracy: 0.6121 - val_loss: 0.9931 - val_categorical_accuracy: 0.6210 - lr: 5.0000e-04 - 4s/epoch - 5ms/step
Epoch 7/100
782/782 - 4s - loss: 1.0066 - categorical_accuracy: 0.6144 - val_loss: 0.9869 - val_categorical_accuracy: 0.6230 - lr: 5.0000e-04 - 4s/epoch - 5ms/step
Epoch 8/100
782/782 - 4s - loss: 1.0008 - categorical_accuracy: 0.6166 - val_loss: 0.9816 - val_categorical_accuracy: 0.6251 - lr: 5.0000e-04 - 4s/epoch - 5ms/step
Epoch 9/100
782/782 - 4s - loss: 0.9956 - categorical_accuracy: 0.6187 - val_loss: 0.9768 - val_categorical_accuracy: 0.6267 - lr: 5.0000e-04 - 4s/epoch - 5ms/step
Epoch 10/100
782/782 - 4s - loss: 0.9910 - categorical_accuracy: 0.6206 - val_loss: 0.9722 - val_categorical_accuracy: 0.6290 - lr: 5.0000e-04 - 4s/epoch - 5ms/step
Epoch 11/100
782/782 - 4s - loss: 0.9872 - categorical_accuracy: 0.6222 - val_loss: 0.9678 - val_categorical_accuracy: 0.6316 - lr: 5.0000e-04 - 4s/epoch - 5ms/step
Epoch 12/100
782/782 - 4s - loss: 0.9834 - categorical_accuracy: 0.6238 - val_loss: 0.9640 - val_categorical_accuracy: 0.6334 - lr: 5.0000e-04 - 4s/epoch - 5ms/step
Epoch 13/100
782/782 - 6s - loss: 0.9803 - categorical_accuracy: 0.6256 - val_loss: 0.9610 - val_categorical_accuracy: 0.6352 - lr: 5.0000e-04 - 6s/epoch - 8ms/step
Epoch 14/100
782/782 - 4s - loss: 0.9776 - categorical_accuracy: 0.6265 - val_loss: 0.9586 - val_categorical_accuracy: 0.6367 - lr: 5.0000e-04 - 4s/epoch - 6ms/step
Epoch 15/100
782/782 - 4s - loss: 0.9753 - categorical_accuracy: 0.6273 - val_loss: 0.9565 - val_categorical_accuracy: 0.6378 - lr: 5.0000e-04 - 4s/epoch - 5ms/step
Epoch 16/100
782/782 - 4s - loss: 0.9732 - categorical_accuracy: 0.6281 - val_loss: 0.9548 - val_categorical_accuracy: 0.6381 - lr: 5.0000e-04 - 4s/epoch - 5ms/step
Epoch 17/100
782/782 - 4s - loss: 0.9713 - categorical_accuracy: 0.6286 - val_loss: 0.9534 - val_categorical_accuracy: 0.6388 - lr: 5.0000e-04 - 4s/epoch - 5ms/step
Epoch 18/100
782/782 - 4s - loss: 0.9695 - categorical_accuracy: 0.6292 - val_loss: 0.9521 - val_categorical_accuracy: 0.6392 - lr: 5.0000e-04 - 4s/epoch - 5ms/step
Epoch 19/100
782/782 - 4s - loss: 0.9681 - categorical_accuracy: 0.6298 - val_loss: 0.9510 - val_categorical_accuracy: 0.6395 - lr: 5.0000e-04 - 4s/epoch - 5ms/step
Epoch 20/100
782/782 - 4s - loss: 0.9667 - categorical_accuracy: 0.6304 - val_loss: 0.9498 - val_categorical_accuracy: 0.6398 - lr: 5.0000e-04 - 4s/epoch - 5ms/step
Epoch 21/100
782/782 - 4s - loss: 0.9654 - categorical_accuracy: 0.6310 - val_loss: 0.9488 - val_categorical_accuracy: 0.6397 - lr: 5.0000e-04 - 4s/epoch - 5ms/step
Epoch 22/100
782/782 - 4s - loss: 0.9642 - categorical_accuracy: 0.6313 - val_loss: 0.9476 - val_categorical_accuracy: 0.6402 - lr: 5.0000e-04 - 4s/epoch - 5ms/step
Epoch 23/100
782/782 - 4s - loss: 0.9631 - categorical_accuracy: 0.6317 - val_loss: 0.9468 - val_categorical_accuracy: 0.6404 - lr: 5.0000e-04 - 4s/epoch - 5ms/step
Epoch 24/100
782/782 - 4s - loss: 0.9620 - categorical_accuracy: 0.6321 - val_loss: 0.9459 - val_categorical_accuracy: 0.6406 - lr: 5.0000e-04 - 4s/epoch - 5ms/step
Epoch 25/100
782/782 - 4s - loss: 0.9611 - categorical_accuracy: 0.6324 - val_loss: 0.9454 - val_categorical_accuracy: 0.6407 - lr: 5.0000e-04 - 4s/epoch - 5ms/step
Epoch 26/100
782/782 - 4s - loss: 0.9602 - categorical_accuracy: 0.6326 - val_loss: 0.9449 - val_categorical_accuracy: 0.6409 - lr: 5.0000e-04 - 4s/epoch - 5ms/step
Epoch 27/100
782/782 - 4s - loss: 0.9593 - categorical_accuracy: 0.6329 - val_loss: 0.9443 - val_categorical_accuracy: 0.6410 - lr: 5.0000e-04 - 4s/epoch - 5ms/step
Epoch 28/100
782/782 - 4s - loss: 0.9584 - categorical_accuracy: 0.6331 - val_loss: 0.9433 - val_categorical_accuracy: 0.6414 - lr: 5.0000e-04 - 4s/epoch - 5ms/step
Epoch 29/100
782/782 - 4s - loss: 0.9576 - categorical_accuracy: 0.6335 - val_loss: 0.9428 - val_categorical_accuracy: 0.6413 - lr: 5.0000e-04 - 4s/epoch - 5ms/step
Epoch 30/100
782/782 - 4s - loss: 0.9568 - categorical_accuracy: 0.6339 - val_loss: 0.9418 - val_categorical_accuracy: 0.6418 - lr: 5.0000e-04 - 4s/epoch - 5ms/step
Epoch 31/100
782/782 - 4s - loss: 0.9560 - categorical_accuracy: 0.6340 - val_loss: 0.9414 - val_categorical_accuracy: 0.6419 - lr: 5.0000e-04 - 4s/epoch - 5ms/step
Epoch 32/100
782/782 - 4s - loss: 0.9553 - categorical_accuracy: 0.6342 - val_loss: 0.9408 - val_categorical_accuracy: 0.6420 - lr: 5.0000e-04 - 4s/epoch - 5ms/step
Epoch 33/100
782/782 - 4s - loss: 0.9545 - categorical_accuracy: 0.6346 - val_loss: 0.9403 - val_categorical_accuracy: 0.6420 - lr: 5.0000e-04 - 4s/epoch - 5ms/step
Epoch 34/100
782/782 - 4s - loss: 0.9539 - categorical_accuracy: 0.6347 - val_loss: 0.9397 - val_categorical_accuracy: 0.6424 - lr: 5.0000e-04 - 4s/epoch - 5ms/step
Epoch 35/100
782/782 - 4s - loss: 0.9532 - categorical_accuracy: 0.6351 - val_loss: 0.9397 - val_categorical_accuracy: 0.6423 - lr: 5.0000e-04 - 4s/epoch - 5ms/step
Epoch 36/100
782/782 - 4s - loss: 0.9525 - categorical_accuracy: 0.6352 - val_loss: 0.9394 - val_categorical_accuracy: 0.6421 - lr: 5.0000e-04 - 4s/epoch - 5ms/step
Epoch 37/100
782/782 - 4s - loss: 0.9518 - categorical_accuracy: 0.6355 - val_loss: 0.9389 - val_categorical_accuracy: 0.6423 - lr: 5.0000e-04 - 4s/epoch - 5ms/step
Epoch 38/100
782/782 - 4s - loss: 0.9511 - categorical_accuracy: 0.6357 - val_loss: 0.9384 - val_categorical_accuracy: 0.6424 - lr: 5.0000e-04 - 4s/epoch - 5ms/step
Epoch 39/100
782/782 - 4s - loss: 0.9502 - categorical_accuracy: 0.6361 - val_loss: 0.9377 - val_categorical_accuracy: 0.6430 - lr: 5.0000e-04 - 4s/epoch - 5ms/step
Epoch 40/100
782/782 - 4s - loss: 0.9496 - categorical_accuracy: 0.6363 - val_loss: 0.9368 - val_categorical_accuracy: 0.6437 - lr: 5.0000e-04 - 4s/epoch - 5ms/step
Epoch 41/100
782/782 - 4s - loss: 0.9490 - categorical_accuracy: 0.6366 - val_loss: 0.9363 - val_categorical_accuracy: 0.6441 - lr: 5.0000e-04 - 4s/epoch - 5ms/step
Epoch 42/100
782/782 - 4s - loss: 0.9484 - categorical_accuracy: 0.6369 - val_loss: 0.9354 - val_categorical_accuracy: 0.6446 - lr: 5.0000e-04 - 4s/epoch - 5ms/step
Epoch 43/100
782/782 - 4s - loss: 0.9477 - categorical_accuracy: 0.6370 - val_loss: 0.9350 - val_categorical_accuracy: 0.6448 - lr: 5.0000e-04 - 4s/epoch - 5ms/step
Epoch 44/100
782/782 - 4s - loss: 0.9472 - categorical_accuracy: 0.6372 - val_loss: 0.9347 - val_categorical_accuracy: 0.6445 - lr: 5.0000e-04 - 4s/epoch - 5ms/step
Epoch 45/100
782/782 - 4s - loss: 0.9467 - categorical_accuracy: 0.6374 - val_loss: 0.9347 - val_categorical_accuracy: 0.6446 - lr: 5.0000e-04 - 4s/epoch - 5ms/step
Epoch 46/100
782/782 - 4s - loss: 0.9462 - categorical_accuracy: 0.6376 - val_loss: 0.9345 - val_categorical_accuracy: 0.6446 - lr: 5.0000e-04 - 4s/epoch - 5ms/step
Epoch 47/100
782/782 - 4s - loss: 0.9457 - categorical_accuracy: 0.6379 - val_loss: 0.9343 - val_categorical_accuracy: 0.6446 - lr: 5.0000e-04 - 4s/epoch - 5ms/step
Epoch 48/100
782/782 - 4s - loss: 0.9452 - categorical_accuracy: 0.6380 - val_loss: 0.9333 - val_categorical_accuracy: 0.6450 - lr: 5.0000e-04 - 4s/epoch - 5ms/step
Epoch 49/100
782/782 - 4s - loss: 0.9447 - categorical_accuracy: 0.6383 - val_loss: 0.9330 - val_categorical_accuracy: 0.6449 - lr: 5.0000e-04 - 4s/epoch - 5ms/step
Epoch 50/100
782/782 - 4s - loss: 0.9441 - categorical_accuracy: 0.6386 - val_loss: 0.9331 - val_categorical_accuracy: 0.6447 - lr: 5.0000e-04 - 4s/epoch - 5ms/step
Epoch 51/100
782/782 - 4s - loss: 0.9437 - categorical_accuracy: 0.6387 - val_loss: 0.9325 - val_categorical_accuracy: 0.6450 - lr: 5.0000e-04 - 4s/epoch - 5ms/step
Epoch 52/100
782/782 - 4s - loss: 0.9433 - categorical_accuracy: 0.6389 - val_loss: 0.9318 - val_categorical_accuracy: 0.6454 - lr: 5.0000e-04 - 4s/epoch - 5ms/step
Epoch 53/100
782/782 - 4s - loss: 0.9427 - categorical_accuracy: 0.6390 - val_loss: 0.9321 - val_categorical_accuracy: 0.6449 - lr: 5.0000e-04 - 4s/epoch - 5ms/step
Epoch 54/100
782/782 - 4s - loss: 0.9424 - categorical_accuracy: 0.6392 - val_loss: 0.9316 - val_categorical_accuracy: 0.6455 - lr: 5.0000e-04 - 4s/epoch - 5ms/step
Epoch 55/100
782/782 - 4s - loss: 0.9420 - categorical_accuracy: 0.6393 - val_loss: 0.9315 - val_categorical_accuracy: 0.6456 - lr: 5.0000e-04 - 4s/epoch - 5ms/step
Epoch 56/100
782/782 - 4s - loss: 0.9416 - categorical_accuracy: 0.6394 - val_loss: 0.9314 - val_categorical_accuracy: 0.6457 - lr: 5.0000e-04 - 4s/epoch - 5ms/step
Epoch 57/100
782/782 - 4s - loss: 0.9411 - categorical_accuracy: 0.6398 - val_loss: 0.9311 - val_categorical_accuracy: 0.6457 - lr: 5.0000e-04 - 4s/epoch - 5ms/step
Epoch 58/100
782/782 - 4s - loss: 0.9407 - categorical_accuracy: 0.6398 - val_loss: 0.9306 - val_categorical_accuracy: 0.6457 - lr: 5.0000e-04 - 4s/epoch - 5ms/step
Epoch 59/100
782/782 - 4s - loss: 0.9404 - categorical_accuracy: 0.6398 - val_loss: 0.9302 - val_categorical_accuracy: 0.6459 - lr: 5.0000e-04 - 4s/epoch - 5ms/step
Epoch 60/100
782/782 - 4s - loss: 0.9399 - categorical_accuracy: 0.6398 - val_loss: 0.9293 - val_categorical_accuracy: 0.6463 - lr: 5.0000e-04 - 4s/epoch - 5ms/step
Epoch 61/100
782/782 - 4s - loss: 0.9396 - categorical_accuracy: 0.6401 - val_loss: 0.9297 - val_categorical_accuracy: 0.6461 - lr: 5.0000e-04 - 4s/epoch - 5ms/step
Epoch 62/100
782/782 - 4s - loss: 0.9391 - categorical_accuracy: 0.6402 - val_loss: 0.9295 - val_categorical_accuracy: 0.6463 - lr: 5.0000e-04 - 4s/epoch - 5ms/step
Epoch 63/100
782/782 - 4s - loss: 0.9388 - categorical_accuracy: 0.6404 - val_loss: 0.9292 - val_categorical_accuracy: 0.6463 - lr: 5.0000e-04 - 4s/epoch - 5ms/step
Epoch 64/100
782/782 - 4s - loss: 0.9385 - categorical_accuracy: 0.6404 - val_loss: 0.9292 - val_categorical_accuracy: 0.6463 - lr: 5.0000e-04 - 4s/epoch - 5ms/step
Epoch 65/100
782/782 - 4s - loss: 0.9381 - categorical_accuracy: 0.6407 - val_loss: 0.9284 - val_categorical_accuracy: 0.6466 - lr: 5.0000e-04 - 4s/epoch - 5ms/step
Epoch 66/100
782/782 - 4s - loss: 0.9377 - categorical_accuracy: 0.6408 - val_loss: 0.9283 - val_categorical_accuracy: 0.6466 - lr: 5.0000e-04 - 4s/epoch - 5ms/step
Epoch 67/100
782/782 - 4s - loss: 0.9374 - categorical_accuracy: 0.6409 - val_loss: 0.9279 - val_categorical_accuracy: 0.6467 - lr: 5.0000e-04 - 4s/epoch - 5ms/step
Epoch 68/100
782/782 - 4s - loss: 0.9370 - categorical_accuracy: 0.6410 - val_loss: 0.9277 - val_categorical_accuracy: 0.6468 - lr: 5.0000e-04 - 4s/epoch - 5ms/step
Epoch 69/100
782/782 - 4s - loss: 0.9367 - categorical_accuracy: 0.6411 - val_loss: 0.9274 - val_categorical_accuracy: 0.6466 - lr: 5.0000e-04 - 4s/epoch - 5ms/step
Epoch 70/100
782/782 - 4s - loss: 0.9364 - categorical_accuracy: 0.6414 - val_loss: 0.9270 - val_categorical_accuracy: 0.6471 - lr: 5.0000e-04 - 4s/epoch - 5ms/step
Epoch 71/100
782/782 - 4s - loss: 0.9361 - categorical_accuracy: 0.6416 - val_loss: 0.9271 - val_categorical_accuracy: 0.6469 - lr: 5.0000e-04 - 4s/epoch - 5ms/step
Epoch 72/100
782/782 - 4s - loss: 0.9358 - categorical_accuracy: 0.6418 - val_loss: 0.9265 - val_categorical_accuracy: 0.6473 - lr: 5.0000e-04 - 4s/epoch - 5ms/step
Epoch 73/100
782/782 - 4s - loss: 0.9355 - categorical_accuracy: 0.6419 - val_loss: 0.9270 - val_categorical_accuracy: 0.6470 - lr: 5.0000e-04 - 4s/epoch - 5ms/step
Epoch 74/100
782/782 - 4s - loss: 0.9352 - categorical_accuracy: 0.6420 - val_loss: 0.9268 - val_categorical_accuracy: 0.6470 - lr: 5.0000e-04 - 4s/epoch - 5ms/step
Epoch 75/100
782/782 - 4s - loss: 0.9348 - categorical_accuracy: 0.6422 - val_loss: 0.9267 - val_categorical_accuracy: 0.6469 - lr: 5.0000e-04 - 4s/epoch - 5ms/step
Epoch 76/100
782/782 - 4s - loss: 0.9346 - categorical_accuracy: 0.6424 - val_loss: 0.9270 - val_categorical_accuracy: 0.6467 - lr: 5.0000e-04 - 4s/epoch - 5ms/step
Epoch 77/100
782/782 - 4s - loss: 0.9342 - categorical_accuracy: 0.6424 - val_loss: 0.9268 - val_categorical_accuracy: 0.6467 - lr: 5.0000e-04 - 4s/epoch - 5ms/step
Epoch 78/100
782/782 - 4s - loss: 0.9339 - categorical_accuracy: 0.6425 - val_loss: 0.9267 - val_categorical_accuracy: 0.6469 - lr: 5.0000e-04 - 4s/epoch - 5ms/step
Epoch 79/100
782/782 - 4s - loss: 0.9337 - categorical_accuracy: 0.6428 - val_loss: 0.9271 - val_categorical_accuracy: 0.6465 - lr: 5.0000e-04 - 4s/epoch - 5ms/step
Epoch 80/100
782/782 - 4s - loss: 0.9334 - categorical_accuracy: 0.6429 - val_loss: 0.9272 - val_categorical_accuracy: 0.6463 - lr: 5.0000e-04 - 4s/epoch - 5ms/step
Epoch 81/100
782/782 - 4s - loss: 0.9332 - categorical_accuracy: 0.6429 - val_loss: 0.9269 - val_categorical_accuracy: 0.6463 - lr: 5.0000e-04 - 4s/epoch - 5ms/step
Epoch 82/100
782/782 - 4s - loss: 0.9329 - categorical_accuracy: 0.6430 - val_loss: 0.9268 - val_categorical_accuracy: 0.6462 - lr: 5.0000e-04 - 4s/epoch - 5ms/step
[95m
SAVING RESULTS[0m
==============
[92m
Saved model to: [0m trained_intnets/perm_variant_conv_5
Loss vs epochs plot saved to trained_intnets/perm_variant_conv_5.
Accuracy vs epochs plot saved to trained_intnets/perm_variant_conv_5.
[92m
Jobs done! 🍰✨[0m
