[96m
GPU: NVIDIA GeForce GTX 1080 Ti[0m

----------------
[92mData loading complete:[0m
Training data size: 5.72e+05
Test data size: 0.00e+00
----------------

Shuffling constituents...
[92mShuffled the training data! 🃏
[0m
[92mNumber of constituents: 8[0m
Instantiating model...
[92mModel compiled and built![0m
[95m
TRAINING THE MODEL 💪[0m
==================

Training parameters
-------------------
[92mOptimiser: 	[0m {'name': 'Adam', 'learning_rate': 0.0005, 'decay': 0.0, 'beta_1': 0.9, 'beta_2': 0.999, 'epsilon': 1e-07, 'amsgrad': False}
[92mBatch size: 	[0m 512
[92mTraining epochs:[0m 100
[92mLoss: 		[0m categorical_crossentropy

Epoch 1/100
782/782 - 8s - loss: 1.2053 - categorical_accuracy: 0.5082 - val_loss: 1.0857 - val_categorical_accuracy: 0.5842 - lr: 5.0000e-04 - 8s/epoch - 10ms/step
Epoch 2/100
782/782 - 4s - loss: 1.0674 - categorical_accuracy: 0.5898 - val_loss: 1.0441 - val_categorical_accuracy: 0.6037 - lr: 5.0000e-04 - 4s/epoch - 6ms/step
Epoch 3/100
782/782 - 4s - loss: 1.0434 - categorical_accuracy: 0.5993 - val_loss: 1.0251 - val_categorical_accuracy: 0.6099 - lr: 5.0000e-04 - 4s/epoch - 5ms/step
Epoch 4/100
782/782 - 4s - loss: 1.0279 - categorical_accuracy: 0.6053 - val_loss: 1.0114 - val_categorical_accuracy: 0.6141 - lr: 5.0000e-04 - 4s/epoch - 6ms/step
Epoch 5/100
782/782 - 4s - loss: 1.0158 - categorical_accuracy: 0.6104 - val_loss: 1.0001 - val_categorical_accuracy: 0.6193 - lr: 5.0000e-04 - 4s/epoch - 6ms/step
Epoch 6/100
782/782 - 4s - loss: 1.0058 - categorical_accuracy: 0.6142 - val_loss: 0.9910 - val_categorical_accuracy: 0.6222 - lr: 5.0000e-04 - 4s/epoch - 5ms/step
Epoch 7/100
782/782 - 4s - loss: 0.9982 - categorical_accuracy: 0.6173 - val_loss: 0.9858 - val_categorical_accuracy: 0.6242 - lr: 5.0000e-04 - 4s/epoch - 5ms/step
Epoch 8/100
782/782 - 4s - loss: 0.9926 - categorical_accuracy: 0.6195 - val_loss: 0.9818 - val_categorical_accuracy: 0.6253 - lr: 5.0000e-04 - 4s/epoch - 5ms/step
Epoch 9/100
782/782 - 4s - loss: 0.9882 - categorical_accuracy: 0.6212 - val_loss: 0.9779 - val_categorical_accuracy: 0.6270 - lr: 5.0000e-04 - 4s/epoch - 6ms/step
Epoch 10/100
782/782 - 4s - loss: 0.9846 - categorical_accuracy: 0.6228 - val_loss: 0.9758 - val_categorical_accuracy: 0.6270 - lr: 5.0000e-04 - 4s/epoch - 5ms/step
Epoch 11/100
782/782 - 4s - loss: 0.9812 - categorical_accuracy: 0.6238 - val_loss: 0.9725 - val_categorical_accuracy: 0.6282 - lr: 5.0000e-04 - 4s/epoch - 5ms/step
Epoch 12/100
782/782 - 4s - loss: 0.9781 - categorical_accuracy: 0.6251 - val_loss: 0.9704 - val_categorical_accuracy: 0.6290 - lr: 5.0000e-04 - 4s/epoch - 6ms/step
Epoch 13/100
782/782 - 4s - loss: 0.9756 - categorical_accuracy: 0.6262 - val_loss: 0.9696 - val_categorical_accuracy: 0.6290 - lr: 5.0000e-04 - 4s/epoch - 5ms/step
Epoch 14/100
782/782 - 4s - loss: 0.9733 - categorical_accuracy: 0.6270 - val_loss: 0.9687 - val_categorical_accuracy: 0.6291 - lr: 5.0000e-04 - 4s/epoch - 6ms/step
Epoch 15/100
782/782 - 4s - loss: 0.9713 - categorical_accuracy: 0.6278 - val_loss: 0.9685 - val_categorical_accuracy: 0.6290 - lr: 5.0000e-04 - 4s/epoch - 5ms/step
Epoch 16/100
782/782 - 4s - loss: 0.9694 - categorical_accuracy: 0.6286 - val_loss: 0.9657 - val_categorical_accuracy: 0.6301 - lr: 5.0000e-04 - 4s/epoch - 5ms/step
Epoch 17/100
782/782 - 5s - loss: 0.9678 - categorical_accuracy: 0.6292 - val_loss: 0.9644 - val_categorical_accuracy: 0.6304 - lr: 5.0000e-04 - 5s/epoch - 6ms/step
Epoch 18/100
782/782 - 5s - loss: 0.9662 - categorical_accuracy: 0.6299 - val_loss: 0.9639 - val_categorical_accuracy: 0.6303 - lr: 5.0000e-04 - 5s/epoch - 6ms/step
Epoch 19/100
782/782 - 6s - loss: 0.9648 - categorical_accuracy: 0.6304 - val_loss: 0.9623 - val_categorical_accuracy: 0.6312 - lr: 5.0000e-04 - 6s/epoch - 7ms/step
Epoch 20/100
782/782 - 4s - loss: 0.9634 - categorical_accuracy: 0.6309 - val_loss: 0.9621 - val_categorical_accuracy: 0.6312 - lr: 5.0000e-04 - 4s/epoch - 5ms/step
Epoch 21/100
782/782 - 4s - loss: 0.9620 - categorical_accuracy: 0.6315 - val_loss: 0.9604 - val_categorical_accuracy: 0.6318 - lr: 5.0000e-04 - 4s/epoch - 6ms/step
Epoch 22/100
782/782 - 4s - loss: 0.9606 - categorical_accuracy: 0.6320 - val_loss: 0.9594 - val_categorical_accuracy: 0.6320 - lr: 5.0000e-04 - 4s/epoch - 5ms/step
Epoch 23/100
782/782 - 4s - loss: 0.9595 - categorical_accuracy: 0.6325 - val_loss: 0.9585 - val_categorical_accuracy: 0.6323 - lr: 5.0000e-04 - 4s/epoch - 5ms/step
Epoch 24/100
782/782 - 4s - loss: 0.9583 - categorical_accuracy: 0.6326 - val_loss: 0.9583 - val_categorical_accuracy: 0.6322 - lr: 5.0000e-04 - 4s/epoch - 5ms/step
Epoch 25/100
782/782 - 4s - loss: 0.9572 - categorical_accuracy: 0.6333 - val_loss: 0.9574 - val_categorical_accuracy: 0.6324 - lr: 5.0000e-04 - 4s/epoch - 5ms/step
Epoch 26/100
782/782 - 4s - loss: 0.9562 - categorical_accuracy: 0.6337 - val_loss: 0.9580 - val_categorical_accuracy: 0.6320 - lr: 5.0000e-04 - 4s/epoch - 5ms/step
Epoch 27/100
782/782 - 4s - loss: 0.9551 - categorical_accuracy: 0.6342 - val_loss: 0.9582 - val_categorical_accuracy: 0.6317 - lr: 5.0000e-04 - 4s/epoch - 5ms/step
Epoch 28/100
782/782 - 4s - loss: 0.9542 - categorical_accuracy: 0.6346 - val_loss: 0.9578 - val_categorical_accuracy: 0.6316 - lr: 5.0000e-04 - 4s/epoch - 5ms/step
Epoch 29/100
782/782 - 4s - loss: 0.9532 - categorical_accuracy: 0.6349 - val_loss: 0.9570 - val_categorical_accuracy: 0.6319 - lr: 5.0000e-04 - 4s/epoch - 5ms/step
Epoch 30/100
782/782 - 4s - loss: 0.9523 - categorical_accuracy: 0.6352 - val_loss: 0.9564 - val_categorical_accuracy: 0.6321 - lr: 5.0000e-04 - 4s/epoch - 5ms/step
Epoch 31/100
782/782 - 4s - loss: 0.9513 - categorical_accuracy: 0.6357 - val_loss: 0.9543 - val_categorical_accuracy: 0.6330 - lr: 5.0000e-04 - 4s/epoch - 5ms/step
Epoch 32/100
782/782 - 4s - loss: 0.9504 - categorical_accuracy: 0.6360 - val_loss: 0.9522 - val_categorical_accuracy: 0.6340 - lr: 5.0000e-04 - 4s/epoch - 5ms/step
Epoch 33/100
782/782 - 4s - loss: 0.9496 - categorical_accuracy: 0.6366 - val_loss: 0.9514 - val_categorical_accuracy: 0.6347 - lr: 5.0000e-04 - 4s/epoch - 5ms/step
Epoch 34/100
782/782 - 4s - loss: 0.9489 - categorical_accuracy: 0.6368 - val_loss: 0.9502 - val_categorical_accuracy: 0.6352 - lr: 5.0000e-04 - 4s/epoch - 5ms/step
Epoch 35/100
782/782 - 4s - loss: 0.9481 - categorical_accuracy: 0.6372 - val_loss: 0.9492 - val_categorical_accuracy: 0.6357 - lr: 5.0000e-04 - 4s/epoch - 5ms/step
Epoch 36/100
782/782 - 4s - loss: 0.9474 - categorical_accuracy: 0.6373 - val_loss: 0.9485 - val_categorical_accuracy: 0.6360 - lr: 5.0000e-04 - 4s/epoch - 6ms/step
Epoch 37/100
782/782 - 4s - loss: 0.9468 - categorical_accuracy: 0.6376 - val_loss: 0.9474 - val_categorical_accuracy: 0.6363 - lr: 5.0000e-04 - 4s/epoch - 5ms/step
Epoch 38/100
782/782 - 4s - loss: 0.9461 - categorical_accuracy: 0.6381 - val_loss: 0.9473 - val_categorical_accuracy: 0.6362 - lr: 5.0000e-04 - 4s/epoch - 6ms/step
Epoch 39/100
782/782 - 4s - loss: 0.9455 - categorical_accuracy: 0.6382 - val_loss: 0.9465 - val_categorical_accuracy: 0.6368 - lr: 5.0000e-04 - 4s/epoch - 6ms/step
Epoch 40/100
782/782 - 4s - loss: 0.9449 - categorical_accuracy: 0.6384 - val_loss: 0.9457 - val_categorical_accuracy: 0.6374 - lr: 5.0000e-04 - 4s/epoch - 6ms/step
Epoch 41/100
782/782 - 4s - loss: 0.9443 - categorical_accuracy: 0.6385 - val_loss: 0.9453 - val_categorical_accuracy: 0.6374 - lr: 5.0000e-04 - 4s/epoch - 6ms/step
Epoch 42/100
782/782 - 4s - loss: 0.9438 - categorical_accuracy: 0.6387 - val_loss: 0.9446 - val_categorical_accuracy: 0.6378 - lr: 5.0000e-04 - 4s/epoch - 5ms/step
Epoch 43/100
782/782 - 4s - loss: 0.9433 - categorical_accuracy: 0.6389 - val_loss: 0.9442 - val_categorical_accuracy: 0.6378 - lr: 5.0000e-04 - 4s/epoch - 5ms/step
Epoch 44/100
782/782 - 5s - loss: 0.9428 - categorical_accuracy: 0.6391 - val_loss: 0.9437 - val_categorical_accuracy: 0.6380 - lr: 5.0000e-04 - 5s/epoch - 7ms/step
Epoch 45/100
782/782 - 4s - loss: 0.9423 - categorical_accuracy: 0.6395 - val_loss: 0.9436 - val_categorical_accuracy: 0.6382 - lr: 5.0000e-04 - 4s/epoch - 6ms/step
Epoch 46/100
782/782 - 4s - loss: 0.9418 - categorical_accuracy: 0.6394 - val_loss: 0.9432 - val_categorical_accuracy: 0.6381 - lr: 5.0000e-04 - 4s/epoch - 5ms/step
Epoch 47/100
782/782 - 4s - loss: 0.9413 - categorical_accuracy: 0.6397 - val_loss: 0.9427 - val_categorical_accuracy: 0.6382 - lr: 5.0000e-04 - 4s/epoch - 5ms/step
Epoch 48/100
782/782 - 4s - loss: 0.9408 - categorical_accuracy: 0.6399 - val_loss: 0.9418 - val_categorical_accuracy: 0.6390 - lr: 5.0000e-04 - 4s/epoch - 5ms/step
Epoch 49/100
782/782 - 4s - loss: 0.9404 - categorical_accuracy: 0.6402 - val_loss: 0.9416 - val_categorical_accuracy: 0.6388 - lr: 5.0000e-04 - 4s/epoch - 5ms/step
Epoch 50/100
782/782 - 4s - loss: 0.9399 - categorical_accuracy: 0.6404 - val_loss: 0.9410 - val_categorical_accuracy: 0.6392 - lr: 5.0000e-04 - 4s/epoch - 5ms/step
Epoch 51/100
782/782 - 4s - loss: 0.9395 - categorical_accuracy: 0.6405 - val_loss: 0.9402 - val_categorical_accuracy: 0.6393 - lr: 5.0000e-04 - 4s/epoch - 5ms/step
Epoch 52/100
782/782 - 4s - loss: 0.9390 - categorical_accuracy: 0.6407 - val_loss: 0.9400 - val_categorical_accuracy: 0.6394 - lr: 5.0000e-04 - 4s/epoch - 5ms/step
Epoch 53/100
782/782 - 4s - loss: 0.9386 - categorical_accuracy: 0.6409 - val_loss: 0.9399 - val_categorical_accuracy: 0.6396 - lr: 5.0000e-04 - 4s/epoch - 5ms/step
Epoch 54/100
782/782 - 4s - loss: 0.9382 - categorical_accuracy: 0.6411 - val_loss: 0.9393 - val_categorical_accuracy: 0.6400 - lr: 5.0000e-04 - 4s/epoch - 5ms/step
Epoch 55/100
782/782 - 4s - loss: 0.9378 - categorical_accuracy: 0.6413 - val_loss: 0.9384 - val_categorical_accuracy: 0.6403 - lr: 5.0000e-04 - 4s/epoch - 5ms/step
Epoch 56/100
782/782 - 4s - loss: 0.9374 - categorical_accuracy: 0.6415 - val_loss: 0.9390 - val_categorical_accuracy: 0.6400 - lr: 5.0000e-04 - 4s/epoch - 5ms/step
Epoch 57/100
782/782 - 4s - loss: 0.9371 - categorical_accuracy: 0.6417 - val_loss: 0.9393 - val_categorical_accuracy: 0.6397 - lr: 5.0000e-04 - 4s/epoch - 5ms/step
Epoch 58/100
782/782 - 4s - loss: 0.9367 - categorical_accuracy: 0.6417 - val_loss: 0.9383 - val_categorical_accuracy: 0.6400 - lr: 5.0000e-04 - 4s/epoch - 5ms/step
Epoch 59/100
782/782 - 4s - loss: 0.9364 - categorical_accuracy: 0.6418 - val_loss: 0.9375 - val_categorical_accuracy: 0.6406 - lr: 5.0000e-04 - 4s/epoch - 5ms/step
Epoch 60/100
782/782 - 4s - loss: 0.9360 - categorical_accuracy: 0.6419 - val_loss: 0.9375 - val_categorical_accuracy: 0.6406 - lr: 5.0000e-04 - 4s/epoch - 5ms/step
Epoch 61/100
782/782 - 4s - loss: 0.9357 - categorical_accuracy: 0.6421 - val_loss: 0.9366 - val_categorical_accuracy: 0.6411 - lr: 5.0000e-04 - 4s/epoch - 5ms/step
Epoch 62/100
782/782 - 4s - loss: 0.9354 - categorical_accuracy: 0.6421 - val_loss: 0.9365 - val_categorical_accuracy: 0.6410 - lr: 5.0000e-04 - 4s/epoch - 6ms/step
Epoch 63/100
782/782 - 4s - loss: 0.9351 - categorical_accuracy: 0.6424 - val_loss: 0.9365 - val_categorical_accuracy: 0.6413 - lr: 5.0000e-04 - 4s/epoch - 6ms/step
Epoch 64/100
782/782 - 4s - loss: 0.9347 - categorical_accuracy: 0.6424 - val_loss: 0.9358 - val_categorical_accuracy: 0.6415 - lr: 5.0000e-04 - 4s/epoch - 5ms/step
Epoch 65/100
782/782 - 4s - loss: 0.9344 - categorical_accuracy: 0.6424 - val_loss: 0.9356 - val_categorical_accuracy: 0.6415 - lr: 5.0000e-04 - 4s/epoch - 5ms/step
Epoch 66/100
782/782 - 4s - loss: 0.9341 - categorical_accuracy: 0.6426 - val_loss: 0.9353 - val_categorical_accuracy: 0.6417 - lr: 5.0000e-04 - 4s/epoch - 5ms/step
Epoch 67/100
782/782 - 4s - loss: 0.9338 - categorical_accuracy: 0.6426 - val_loss: 0.9361 - val_categorical_accuracy: 0.6413 - lr: 5.0000e-04 - 4s/epoch - 5ms/step
Epoch 68/100
782/782 - 4s - loss: 0.9335 - categorical_accuracy: 0.6429 - val_loss: 0.9346 - val_categorical_accuracy: 0.6423 - lr: 5.0000e-04 - 4s/epoch - 5ms/step
Epoch 69/100
782/782 - 4s - loss: 0.9332 - categorical_accuracy: 0.6427 - val_loss: 0.9349 - val_categorical_accuracy: 0.6420 - lr: 5.0000e-04 - 4s/epoch - 5ms/step
Epoch 70/100
782/782 - 4s - loss: 0.9330 - categorical_accuracy: 0.6429 - val_loss: 0.9346 - val_categorical_accuracy: 0.6420 - lr: 5.0000e-04 - 4s/epoch - 5ms/step
Epoch 71/100
782/782 - 4s - loss: 0.9327 - categorical_accuracy: 0.6429 - val_loss: 0.9345 - val_categorical_accuracy: 0.6422 - lr: 5.0000e-04 - 4s/epoch - 5ms/step
Epoch 72/100
782/782 - 4s - loss: 0.9325 - categorical_accuracy: 0.6431 - val_loss: 0.9343 - val_categorical_accuracy: 0.6422 - lr: 5.0000e-04 - 4s/epoch - 5ms/step
Epoch 73/100
782/782 - 4s - loss: 0.9322 - categorical_accuracy: 0.6431 - val_loss: 0.9342 - val_categorical_accuracy: 0.6420 - lr: 5.0000e-04 - 4s/epoch - 5ms/step
Epoch 74/100
782/782 - 4s - loss: 0.9320 - categorical_accuracy: 0.6430 - val_loss: 0.9334 - val_categorical_accuracy: 0.6425 - lr: 5.0000e-04 - 4s/epoch - 6ms/step
Epoch 75/100
782/782 - 4s - loss: 0.9317 - categorical_accuracy: 0.6431 - val_loss: 0.9328 - val_categorical_accuracy: 0.6430 - lr: 5.0000e-04 - 4s/epoch - 5ms/step
Epoch 76/100
782/782 - 5s - loss: 0.9315 - categorical_accuracy: 0.6431 - val_loss: 0.9322 - val_categorical_accuracy: 0.6434 - lr: 5.0000e-04 - 5s/epoch - 7ms/step
Epoch 77/100
782/782 - 4s - loss: 0.9312 - categorical_accuracy: 0.6434 - val_loss: 0.9319 - val_categorical_accuracy: 0.6435 - lr: 5.0000e-04 - 4s/epoch - 5ms/step
Epoch 78/100
782/782 - 4s - loss: 0.9310 - categorical_accuracy: 0.6435 - val_loss: 0.9317 - val_categorical_accuracy: 0.6435 - lr: 5.0000e-04 - 4s/epoch - 5ms/step
Epoch 79/100
782/782 - 4s - loss: 0.9307 - categorical_accuracy: 0.6438 - val_loss: 0.9318 - val_categorical_accuracy: 0.6435 - lr: 5.0000e-04 - 4s/epoch - 5ms/step
Epoch 80/100
782/782 - 4s - loss: 0.9305 - categorical_accuracy: 0.6442 - val_loss: 0.9311 - val_categorical_accuracy: 0.6436 - lr: 5.0000e-04 - 4s/epoch - 5ms/step
Epoch 81/100
782/782 - 4s - loss: 0.9302 - categorical_accuracy: 0.6441 - val_loss: 0.9307 - val_categorical_accuracy: 0.6439 - lr: 5.0000e-04 - 4s/epoch - 5ms/step
Epoch 82/100
782/782 - 4s - loss: 0.9300 - categorical_accuracy: 0.6442 - val_loss: 0.9301 - val_categorical_accuracy: 0.6442 - lr: 5.0000e-04 - 4s/epoch - 5ms/step
Epoch 83/100
782/782 - 4s - loss: 0.9297 - categorical_accuracy: 0.6444 - val_loss: 0.9303 - val_categorical_accuracy: 0.6442 - lr: 5.0000e-04 - 4s/epoch - 6ms/step
Epoch 84/100
782/782 - 4s - loss: 0.9295 - categorical_accuracy: 0.6444 - val_loss: 0.9300 - val_categorical_accuracy: 0.6444 - lr: 5.0000e-04 - 4s/epoch - 5ms/step
Epoch 85/100
782/782 - 4s - loss: 0.9293 - categorical_accuracy: 0.6445 - val_loss: 0.9303 - val_categorical_accuracy: 0.6441 - lr: 5.0000e-04 - 4s/epoch - 5ms/step
Epoch 86/100
782/782 - 4s - loss: 0.9291 - categorical_accuracy: 0.6446 - val_loss: 0.9302 - val_categorical_accuracy: 0.6443 - lr: 5.0000e-04 - 4s/epoch - 5ms/step
Epoch 87/100
782/782 - 4s - loss: 0.9289 - categorical_accuracy: 0.6447 - val_loss: 0.9299 - val_categorical_accuracy: 0.6445 - lr: 5.0000e-04 - 4s/epoch - 5ms/step
Epoch 88/100
782/782 - 4s - loss: 0.9287 - categorical_accuracy: 0.6447 - val_loss: 0.9297 - val_categorical_accuracy: 0.6445 - lr: 5.0000e-04 - 4s/epoch - 5ms/step
Epoch 89/100
782/782 - 4s - loss: 0.9285 - categorical_accuracy: 0.6448 - val_loss: 0.9292 - val_categorical_accuracy: 0.6448 - lr: 5.0000e-04 - 4s/epoch - 5ms/step
Epoch 90/100
782/782 - 4s - loss: 0.9283 - categorical_accuracy: 0.6450 - val_loss: 0.9290 - val_categorical_accuracy: 0.6450 - lr: 5.0000e-04 - 4s/epoch - 5ms/step
Epoch 91/100
782/782 - 4s - loss: 0.9281 - categorical_accuracy: 0.6450 - val_loss: 0.9292 - val_categorical_accuracy: 0.6445 - lr: 5.0000e-04 - 4s/epoch - 5ms/step
Epoch 92/100
782/782 - 4s - loss: 0.9280 - categorical_accuracy: 0.6450 - val_loss: 0.9294 - val_categorical_accuracy: 0.6444 - lr: 5.0000e-04 - 4s/epoch - 5ms/step
Epoch 93/100
782/782 - 4s - loss: 0.9278 - categorical_accuracy: 0.6450 - val_loss: 0.9290 - val_categorical_accuracy: 0.6447 - lr: 5.0000e-04 - 4s/epoch - 5ms/step
Epoch 94/100
782/782 - 4s - loss: 0.9276 - categorical_accuracy: 0.6451 - val_loss: 0.9291 - val_categorical_accuracy: 0.6447 - lr: 5.0000e-04 - 4s/epoch - 5ms/step
Epoch 95/100
782/782 - 4s - loss: 0.9275 - categorical_accuracy: 0.6453 - val_loss: 0.9293 - val_categorical_accuracy: 0.6446 - lr: 5.0000e-04 - 4s/epoch - 5ms/step
Epoch 96/100
782/782 - 4s - loss: 0.9273 - categorical_accuracy: 0.6453 - val_loss: 0.9289 - val_categorical_accuracy: 0.6448 - lr: 5.0000e-04 - 4s/epoch - 5ms/step
Epoch 97/100
782/782 - 4s - loss: 0.9271 - categorical_accuracy: 0.6453 - val_loss: 0.9291 - val_categorical_accuracy: 0.6447 - lr: 5.0000e-04 - 4s/epoch - 5ms/step
Epoch 98/100
782/782 - 4s - loss: 0.9269 - categorical_accuracy: 0.6453 - val_loss: 0.9287 - val_categorical_accuracy: 0.6449 - lr: 5.0000e-04 - 4s/epoch - 5ms/step
Epoch 99/100
782/782 - 4s - loss: 0.9268 - categorical_accuracy: 0.6454 - val_loss: 0.9290 - val_categorical_accuracy: 0.6447 - lr: 5.0000e-04 - 4s/epoch - 5ms/step
Epoch 100/100
782/782 - 4s - loss: 0.9267 - categorical_accuracy: 0.6456 - val_loss: 0.9292 - val_categorical_accuracy: 0.6448 - lr: 5.0000e-04 - 4s/epoch - 5ms/step
[95m
SAVING RESULTS[0m
==============
[92m
Saved model to: [0m trained_intnets/perm_variant_conv_5
Loss vs epochs plot saved to trained_intnets/perm_variant_conv_5.
Accuracy vs epochs plot saved to trained_intnets/perm_variant_conv_5.
[92m
Jobs done! 🍰✨[0m
