[96m
GPU: NVIDIA GeForce GTX 1080 Ti[0m

----------------
[92mData loading complete:[0m
Training data size: 5.72e+05
Test data size: 0.00e+00
----------------

Shuffling constituents...
[92mShuffled the training data! 🃏
[0m
[92mNumber of constituents: 8[0m
Instantiating model...
[92mModel compiled and built![0m
[95m
TRAINING THE MODEL 💪[0m
==================

Training parameters
-------------------
[92mOptimiser: 	[0m {'name': 'Adam', 'learning_rate': 0.0005, 'decay': 0.0, 'beta_1': 0.9, 'beta_2': 0.999, 'epsilon': 1e-07, 'amsgrad': False}
[92mBatch size: 	[0m 512
[92mTraining epochs:[0m 100
[92mLoss: 		[0m categorical_crossentropy

Epoch 1/100
782/782 - 8s - loss: 1.2057 - categorical_accuracy: 0.5080 - val_loss: 1.0856 - val_categorical_accuracy: 0.5842 - lr: 5.0000e-04 - 8s/epoch - 10ms/step
Epoch 2/100
782/782 - 5s - loss: 1.0672 - categorical_accuracy: 0.5898 - val_loss: 1.0438 - val_categorical_accuracy: 0.6040 - lr: 5.0000e-04 - 5s/epoch - 6ms/step
Epoch 3/100
782/782 - 5s - loss: 1.0432 - categorical_accuracy: 0.5996 - val_loss: 1.0248 - val_categorical_accuracy: 0.6101 - lr: 5.0000e-04 - 5s/epoch - 6ms/step
Epoch 4/100
782/782 - 5s - loss: 1.0280 - categorical_accuracy: 0.6054 - val_loss: 1.0116 - val_categorical_accuracy: 0.6144 - lr: 5.0000e-04 - 5s/epoch - 6ms/step
Epoch 5/100
782/782 - 5s - loss: 1.0167 - categorical_accuracy: 0.6107 - val_loss: 1.0025 - val_categorical_accuracy: 0.6188 - lr: 5.0000e-04 - 5s/epoch - 6ms/step
Epoch 6/100
782/782 - 5s - loss: 1.0077 - categorical_accuracy: 0.6147 - val_loss: 0.9952 - val_categorical_accuracy: 0.6219 - lr: 5.0000e-04 - 5s/epoch - 6ms/step
Epoch 7/100
782/782 - 5s - loss: 1.0009 - categorical_accuracy: 0.6172 - val_loss: 0.9903 - val_categorical_accuracy: 0.6229 - lr: 5.0000e-04 - 5s/epoch - 6ms/step
Epoch 8/100
782/782 - 5s - loss: 0.9954 - categorical_accuracy: 0.6194 - val_loss: 0.9862 - val_categorical_accuracy: 0.6240 - lr: 5.0000e-04 - 5s/epoch - 6ms/step
Epoch 9/100
782/782 - 5s - loss: 0.9908 - categorical_accuracy: 0.6210 - val_loss: 0.9819 - val_categorical_accuracy: 0.6253 - lr: 5.0000e-04 - 5s/epoch - 6ms/step
Epoch 10/100
782/782 - 5s - loss: 0.9867 - categorical_accuracy: 0.6224 - val_loss: 0.9783 - val_categorical_accuracy: 0.6265 - lr: 5.0000e-04 - 5s/epoch - 6ms/step
Epoch 11/100
782/782 - 5s - loss: 0.9830 - categorical_accuracy: 0.6239 - val_loss: 0.9746 - val_categorical_accuracy: 0.6279 - lr: 5.0000e-04 - 5s/epoch - 6ms/step
Epoch 12/100
782/782 - 4s - loss: 0.9796 - categorical_accuracy: 0.6249 - val_loss: 0.9715 - val_categorical_accuracy: 0.6292 - lr: 5.0000e-04 - 4s/epoch - 6ms/step
Epoch 13/100
782/782 - 4s - loss: 0.9765 - categorical_accuracy: 0.6260 - val_loss: 0.9689 - val_categorical_accuracy: 0.6303 - lr: 5.0000e-04 - 4s/epoch - 6ms/step
Epoch 14/100
782/782 - 5s - loss: 0.9739 - categorical_accuracy: 0.6271 - val_loss: 0.9668 - val_categorical_accuracy: 0.6314 - lr: 5.0000e-04 - 5s/epoch - 6ms/step
Epoch 15/100
782/782 - 4s - loss: 0.9716 - categorical_accuracy: 0.6282 - val_loss: 0.9652 - val_categorical_accuracy: 0.6318 - lr: 5.0000e-04 - 4s/epoch - 6ms/step
Epoch 16/100
782/782 - 4s - loss: 0.9696 - categorical_accuracy: 0.6289 - val_loss: 0.9634 - val_categorical_accuracy: 0.6320 - lr: 5.0000e-04 - 4s/epoch - 6ms/step
Epoch 17/100
782/782 - 5s - loss: 0.9677 - categorical_accuracy: 0.6296 - val_loss: 0.9616 - val_categorical_accuracy: 0.6328 - lr: 5.0000e-04 - 5s/epoch - 7ms/step
Epoch 18/100
782/782 - 5s - loss: 0.9660 - categorical_accuracy: 0.6303 - val_loss: 0.9604 - val_categorical_accuracy: 0.6332 - lr: 5.0000e-04 - 5s/epoch - 7ms/step
Epoch 19/100
782/782 - 6s - loss: 0.9644 - categorical_accuracy: 0.6307 - val_loss: 0.9587 - val_categorical_accuracy: 0.6334 - lr: 5.0000e-04 - 6s/epoch - 7ms/step
Epoch 20/100
782/782 - 5s - loss: 0.9629 - categorical_accuracy: 0.6313 - val_loss: 0.9574 - val_categorical_accuracy: 0.6334 - lr: 5.0000e-04 - 5s/epoch - 6ms/step
Epoch 21/100
782/782 - 5s - loss: 0.9615 - categorical_accuracy: 0.6319 - val_loss: 0.9563 - val_categorical_accuracy: 0.6338 - lr: 5.0000e-04 - 5s/epoch - 6ms/step
Epoch 22/100
782/782 - 5s - loss: 0.9601 - categorical_accuracy: 0.6325 - val_loss: 0.9556 - val_categorical_accuracy: 0.6336 - lr: 5.0000e-04 - 5s/epoch - 6ms/step
Epoch 23/100
782/782 - 5s - loss: 0.9588 - categorical_accuracy: 0.6329 - val_loss: 0.9538 - val_categorical_accuracy: 0.6346 - lr: 5.0000e-04 - 5s/epoch - 6ms/step
Epoch 24/100
782/782 - 5s - loss: 0.9575 - categorical_accuracy: 0.6334 - val_loss: 0.9521 - val_categorical_accuracy: 0.6354 - lr: 5.0000e-04 - 5s/epoch - 6ms/step
Epoch 25/100
782/782 - 5s - loss: 0.9563 - categorical_accuracy: 0.6339 - val_loss: 0.9514 - val_categorical_accuracy: 0.6358 - lr: 5.0000e-04 - 5s/epoch - 6ms/step
Epoch 26/100
782/782 - 5s - loss: 0.9552 - categorical_accuracy: 0.6343 - val_loss: 0.9507 - val_categorical_accuracy: 0.6357 - lr: 5.0000e-04 - 5s/epoch - 6ms/step
Epoch 27/100
782/782 - 5s - loss: 0.9542 - categorical_accuracy: 0.6350 - val_loss: 0.9501 - val_categorical_accuracy: 0.6359 - lr: 5.0000e-04 - 5s/epoch - 6ms/step
Epoch 28/100
782/782 - 5s - loss: 0.9531 - categorical_accuracy: 0.6352 - val_loss: 0.9499 - val_categorical_accuracy: 0.6360 - lr: 5.0000e-04 - 5s/epoch - 6ms/step
Epoch 29/100
782/782 - 5s - loss: 0.9521 - categorical_accuracy: 0.6358 - val_loss: 0.9488 - val_categorical_accuracy: 0.6365 - lr: 5.0000e-04 - 5s/epoch - 6ms/step
Epoch 30/100
782/782 - 5s - loss: 0.9512 - categorical_accuracy: 0.6361 - val_loss: 0.9477 - val_categorical_accuracy: 0.6370 - lr: 5.0000e-04 - 5s/epoch - 7ms/step
Epoch 31/100
782/782 - 5s - loss: 0.9503 - categorical_accuracy: 0.6364 - val_loss: 0.9470 - val_categorical_accuracy: 0.6372 - lr: 5.0000e-04 - 5s/epoch - 7ms/step
Epoch 32/100
782/782 - 6s - loss: 0.9495 - categorical_accuracy: 0.6367 - val_loss: 0.9463 - val_categorical_accuracy: 0.6373 - lr: 5.0000e-04 - 6s/epoch - 7ms/step
Epoch 33/100
782/782 - 6s - loss: 0.9486 - categorical_accuracy: 0.6370 - val_loss: 0.9456 - val_categorical_accuracy: 0.6377 - lr: 5.0000e-04 - 6s/epoch - 7ms/step
Epoch 34/100
782/782 - 6s - loss: 0.9479 - categorical_accuracy: 0.6373 - val_loss: 0.9453 - val_categorical_accuracy: 0.6376 - lr: 5.0000e-04 - 6s/epoch - 7ms/step
Epoch 35/100
782/782 - 6s - loss: 0.9471 - categorical_accuracy: 0.6376 - val_loss: 0.9445 - val_categorical_accuracy: 0.6379 - lr: 5.0000e-04 - 6s/epoch - 7ms/step
Epoch 36/100
782/782 - 6s - loss: 0.9464 - categorical_accuracy: 0.6379 - val_loss: 0.9434 - val_categorical_accuracy: 0.6384 - lr: 5.0000e-04 - 6s/epoch - 7ms/step
Epoch 37/100
782/782 - 6s - loss: 0.9457 - categorical_accuracy: 0.6383 - val_loss: 0.9430 - val_categorical_accuracy: 0.6383 - lr: 5.0000e-04 - 6s/epoch - 8ms/step
Epoch 38/100
782/782 - 5s - loss: 0.9451 - categorical_accuracy: 0.6384 - val_loss: 0.9425 - val_categorical_accuracy: 0.6385 - lr: 5.0000e-04 - 5s/epoch - 7ms/step
Epoch 39/100
782/782 - 5s - loss: 0.9445 - categorical_accuracy: 0.6388 - val_loss: 0.9420 - val_categorical_accuracy: 0.6387 - lr: 5.0000e-04 - 5s/epoch - 7ms/step
Epoch 40/100
782/782 - 5s - loss: 0.9439 - categorical_accuracy: 0.6387 - val_loss: 0.9411 - val_categorical_accuracy: 0.6393 - lr: 5.0000e-04 - 5s/epoch - 7ms/step
Epoch 41/100
782/782 - 5s - loss: 0.9433 - categorical_accuracy: 0.6389 - val_loss: 0.9401 - val_categorical_accuracy: 0.6397 - lr: 5.0000e-04 - 5s/epoch - 7ms/step
Epoch 42/100
782/782 - 5s - loss: 0.9427 - categorical_accuracy: 0.6393 - val_loss: 0.9400 - val_categorical_accuracy: 0.6397 - lr: 5.0000e-04 - 5s/epoch - 7ms/step
Epoch 43/100
782/782 - 5s - loss: 0.9422 - categorical_accuracy: 0.6395 - val_loss: 0.9395 - val_categorical_accuracy: 0.6400 - lr: 5.0000e-04 - 5s/epoch - 7ms/step
Epoch 44/100
782/782 - 5s - loss: 0.9416 - categorical_accuracy: 0.6397 - val_loss: 0.9385 - val_categorical_accuracy: 0.6406 - lr: 5.0000e-04 - 5s/epoch - 7ms/step
Epoch 45/100
782/782 - 6s - loss: 0.9411 - categorical_accuracy: 0.6400 - val_loss: 0.9381 - val_categorical_accuracy: 0.6410 - lr: 5.0000e-04 - 6s/epoch - 7ms/step
Epoch 46/100
782/782 - 6s - loss: 0.9406 - categorical_accuracy: 0.6400 - val_loss: 0.9374 - val_categorical_accuracy: 0.6411 - lr: 5.0000e-04 - 6s/epoch - 7ms/step
Epoch 47/100
782/782 - 5s - loss: 0.9401 - categorical_accuracy: 0.6401 - val_loss: 0.9373 - val_categorical_accuracy: 0.6411 - lr: 5.0000e-04 - 5s/epoch - 7ms/step
Epoch 48/100
782/782 - 6s - loss: 0.9396 - categorical_accuracy: 0.6402 - val_loss: 0.9370 - val_categorical_accuracy: 0.6412 - lr: 5.0000e-04 - 6s/epoch - 7ms/step
Epoch 49/100
782/782 - 5s - loss: 0.9391 - categorical_accuracy: 0.6406 - val_loss: 0.9367 - val_categorical_accuracy: 0.6412 - lr: 5.0000e-04 - 5s/epoch - 7ms/step
Epoch 50/100
782/782 - 5s - loss: 0.9386 - categorical_accuracy: 0.6408 - val_loss: 0.9368 - val_categorical_accuracy: 0.6413 - lr: 5.0000e-04 - 5s/epoch - 7ms/step
Epoch 51/100
782/782 - 6s - loss: 0.9382 - categorical_accuracy: 0.6408 - val_loss: 0.9369 - val_categorical_accuracy: 0.6413 - lr: 5.0000e-04 - 6s/epoch - 8ms/step
Epoch 52/100
782/782 - 5s - loss: 0.9378 - categorical_accuracy: 0.6411 - val_loss: 0.9368 - val_categorical_accuracy: 0.6414 - lr: 5.0000e-04 - 5s/epoch - 7ms/step
Epoch 53/100
782/782 - 5s - loss: 0.9374 - categorical_accuracy: 0.6414 - val_loss: 0.9358 - val_categorical_accuracy: 0.6416 - lr: 5.0000e-04 - 5s/epoch - 7ms/step
Epoch 54/100
782/782 - 6s - loss: 0.9370 - categorical_accuracy: 0.6416 - val_loss: 0.9352 - val_categorical_accuracy: 0.6417 - lr: 5.0000e-04 - 6s/epoch - 7ms/step
Epoch 55/100
782/782 - 6s - loss: 0.9366 - categorical_accuracy: 0.6419 - val_loss: 0.9347 - val_categorical_accuracy: 0.6419 - lr: 5.0000e-04 - 6s/epoch - 7ms/step
Epoch 56/100
782/782 - 6s - loss: 0.9362 - categorical_accuracy: 0.6421 - val_loss: 0.9346 - val_categorical_accuracy: 0.6421 - lr: 5.0000e-04 - 6s/epoch - 8ms/step
Epoch 57/100
782/782 - 6s - loss: 0.9358 - categorical_accuracy: 0.6421 - val_loss: 0.9343 - val_categorical_accuracy: 0.6423 - lr: 5.0000e-04 - 6s/epoch - 7ms/step
Epoch 58/100
782/782 - 6s - loss: 0.9355 - categorical_accuracy: 0.6423 - val_loss: 0.9338 - val_categorical_accuracy: 0.6426 - lr: 5.0000e-04 - 6s/epoch - 7ms/step
Epoch 59/100
782/782 - 6s - loss: 0.9351 - categorical_accuracy: 0.6423 - val_loss: 0.9335 - val_categorical_accuracy: 0.6426 - lr: 5.0000e-04 - 6s/epoch - 8ms/step
Epoch 60/100
782/782 - 6s - loss: 0.9347 - categorical_accuracy: 0.6423 - val_loss: 0.9331 - val_categorical_accuracy: 0.6431 - lr: 5.0000e-04 - 6s/epoch - 8ms/step
Epoch 61/100
782/782 - 6s - loss: 0.9344 - categorical_accuracy: 0.6425 - val_loss: 0.9330 - val_categorical_accuracy: 0.6429 - lr: 5.0000e-04 - 6s/epoch - 7ms/step
Epoch 62/100
782/782 - 6s - loss: 0.9340 - categorical_accuracy: 0.6426 - val_loss: 0.9324 - val_categorical_accuracy: 0.6432 - lr: 5.0000e-04 - 6s/epoch - 7ms/step
Epoch 63/100
782/782 - 6s - loss: 0.9337 - categorical_accuracy: 0.6427 - val_loss: 0.9324 - val_categorical_accuracy: 0.6432 - lr: 5.0000e-04 - 6s/epoch - 7ms/step
Epoch 64/100
782/782 - 6s - loss: 0.9334 - categorical_accuracy: 0.6430 - val_loss: 0.9317 - val_categorical_accuracy: 0.6436 - lr: 5.0000e-04 - 6s/epoch - 7ms/step
Epoch 65/100
782/782 - 6s - loss: 0.9331 - categorical_accuracy: 0.6431 - val_loss: 0.9317 - val_categorical_accuracy: 0.6433 - lr: 5.0000e-04 - 6s/epoch - 7ms/step
Epoch 66/100
782/782 - 6s - loss: 0.9327 - categorical_accuracy: 0.6432 - val_loss: 0.9314 - val_categorical_accuracy: 0.6434 - lr: 5.0000e-04 - 6s/epoch - 8ms/step
Epoch 67/100
782/782 - 6s - loss: 0.9325 - categorical_accuracy: 0.6432 - val_loss: 0.9315 - val_categorical_accuracy: 0.6435 - lr: 5.0000e-04 - 6s/epoch - 7ms/step
Epoch 68/100
782/782 - 6s - loss: 0.9322 - categorical_accuracy: 0.6432 - val_loss: 0.9309 - val_categorical_accuracy: 0.6438 - lr: 5.0000e-04 - 6s/epoch - 7ms/step
Epoch 69/100
782/782 - 6s - loss: 0.9319 - categorical_accuracy: 0.6434 - val_loss: 0.9312 - val_categorical_accuracy: 0.6437 - lr: 5.0000e-04 - 6s/epoch - 7ms/step
Epoch 70/100
782/782 - 6s - loss: 0.9316 - categorical_accuracy: 0.6435 - val_loss: 0.9306 - val_categorical_accuracy: 0.6444 - lr: 5.0000e-04 - 6s/epoch - 7ms/step
Epoch 71/100
782/782 - 6s - loss: 0.9313 - categorical_accuracy: 0.6435 - val_loss: 0.9299 - val_categorical_accuracy: 0.6448 - lr: 5.0000e-04 - 6s/epoch - 8ms/step
Epoch 72/100
782/782 - 6s - loss: 0.9310 - categorical_accuracy: 0.6438 - val_loss: 0.9295 - val_categorical_accuracy: 0.6451 - lr: 5.0000e-04 - 6s/epoch - 7ms/step
Epoch 73/100
782/782 - 6s - loss: 0.9307 - categorical_accuracy: 0.6437 - val_loss: 0.9294 - val_categorical_accuracy: 0.6453 - lr: 5.0000e-04 - 6s/epoch - 7ms/step
Epoch 74/100
782/782 - 6s - loss: 0.9305 - categorical_accuracy: 0.6439 - val_loss: 0.9290 - val_categorical_accuracy: 0.6455 - lr: 5.0000e-04 - 6s/epoch - 7ms/step
Epoch 75/100
782/782 - 6s - loss: 0.9302 - categorical_accuracy: 0.6440 - val_loss: 0.9288 - val_categorical_accuracy: 0.6457 - lr: 5.0000e-04 - 6s/epoch - 7ms/step
Epoch 76/100
782/782 - 6s - loss: 0.9300 - categorical_accuracy: 0.6442 - val_loss: 0.9291 - val_categorical_accuracy: 0.6456 - lr: 5.0000e-04 - 6s/epoch - 7ms/step
Epoch 77/100
782/782 - 6s - loss: 0.9297 - categorical_accuracy: 0.6442 - val_loss: 0.9286 - val_categorical_accuracy: 0.6456 - lr: 5.0000e-04 - 6s/epoch - 8ms/step
Epoch 78/100
782/782 - 6s - loss: 0.9295 - categorical_accuracy: 0.6443 - val_loss: 0.9283 - val_categorical_accuracy: 0.6457 - lr: 5.0000e-04 - 6s/epoch - 7ms/step
Epoch 79/100
782/782 - 6s - loss: 0.9292 - categorical_accuracy: 0.6445 - val_loss: 0.9278 - val_categorical_accuracy: 0.6460 - lr: 5.0000e-04 - 6s/epoch - 7ms/step
Epoch 80/100
782/782 - 6s - loss: 0.9290 - categorical_accuracy: 0.6445 - val_loss: 0.9275 - val_categorical_accuracy: 0.6462 - lr: 5.0000e-04 - 6s/epoch - 7ms/step
Epoch 81/100
782/782 - 6s - loss: 0.9287 - categorical_accuracy: 0.6447 - val_loss: 0.9276 - val_categorical_accuracy: 0.6461 - lr: 5.0000e-04 - 6s/epoch - 7ms/step
Epoch 82/100
782/782 - 6s - loss: 0.9286 - categorical_accuracy: 0.6448 - val_loss: 0.9275 - val_categorical_accuracy: 0.6463 - lr: 5.0000e-04 - 6s/epoch - 7ms/step
Epoch 83/100
782/782 - 6s - loss: 0.9283 - categorical_accuracy: 0.6449 - val_loss: 0.9271 - val_categorical_accuracy: 0.6462 - lr: 5.0000e-04 - 6s/epoch - 7ms/step
Epoch 84/100
782/782 - 6s - loss: 0.9281 - categorical_accuracy: 0.6449 - val_loss: 0.9274 - val_categorical_accuracy: 0.6460 - lr: 5.0000e-04 - 6s/epoch - 7ms/step
Epoch 85/100
782/782 - 6s - loss: 0.9279 - categorical_accuracy: 0.6449 - val_loss: 0.9275 - val_categorical_accuracy: 0.6459 - lr: 5.0000e-04 - 6s/epoch - 7ms/step
Epoch 86/100
782/782 - 6s - loss: 0.9277 - categorical_accuracy: 0.6450 - val_loss: 0.9275 - val_categorical_accuracy: 0.6457 - lr: 5.0000e-04 - 6s/epoch - 7ms/step
Epoch 87/100
782/782 - 6s - loss: 0.9274 - categorical_accuracy: 0.6450 - val_loss: 0.9274 - val_categorical_accuracy: 0.6459 - lr: 5.0000e-04 - 6s/epoch - 8ms/step
Epoch 88/100
782/782 - 6s - loss: 0.9273 - categorical_accuracy: 0.6451 - val_loss: 0.9275 - val_categorical_accuracy: 0.6458 - lr: 5.0000e-04 - 6s/epoch - 7ms/step
Epoch 89/100
782/782 - 6s - loss: 0.9270 - categorical_accuracy: 0.6452 - val_loss: 0.9275 - val_categorical_accuracy: 0.6458 - lr: 5.0000e-04 - 6s/epoch - 7ms/step
Epoch 90/100
782/782 - 6s - loss: 0.9268 - categorical_accuracy: 0.6453 - val_loss: 0.9269 - val_categorical_accuracy: 0.6460 - lr: 5.0000e-04 - 6s/epoch - 7ms/step
Epoch 91/100
782/782 - 6s - loss: 0.9211 - categorical_accuracy: 0.6479 - val_loss: 0.9158 - val_categorical_accuracy: 0.6519 - lr: 1.0000e-04 - 6s/epoch - 7ms/step
Epoch 92/100
782/782 - 6s - loss: 0.9207 - categorical_accuracy: 0.6482 - val_loss: 0.9156 - val_categorical_accuracy: 0.6520 - lr: 1.0000e-04 - 6s/epoch - 7ms/step
Epoch 93/100
782/782 - 6s - loss: 0.9206 - categorical_accuracy: 0.6483 - val_loss: 0.9155 - val_categorical_accuracy: 0.6520 - lr: 1.0000e-04 - 6s/epoch - 7ms/step
Epoch 94/100
782/782 - 6s - loss: 0.9205 - categorical_accuracy: 0.6484 - val_loss: 0.9154 - val_categorical_accuracy: 0.6521 - lr: 1.0000e-04 - 6s/epoch - 7ms/step
Epoch 95/100
782/782 - 6s - loss: 0.9205 - categorical_accuracy: 0.6485 - val_loss: 0.9154 - val_categorical_accuracy: 0.6521 - lr: 1.0000e-04 - 6s/epoch - 7ms/step
Epoch 96/100
782/782 - 5s - loss: 0.9204 - categorical_accuracy: 0.6485 - val_loss: 0.9153 - val_categorical_accuracy: 0.6522 - lr: 1.0000e-04 - 5s/epoch - 7ms/step
Epoch 97/100
782/782 - 6s - loss: 0.9203 - categorical_accuracy: 0.6485 - val_loss: 0.9153 - val_categorical_accuracy: 0.6522 - lr: 1.0000e-04 - 6s/epoch - 7ms/step
Epoch 98/100
782/782 - 6s - loss: 0.9202 - categorical_accuracy: 0.6485 - val_loss: 0.9152 - val_categorical_accuracy: 0.6523 - lr: 1.0000e-04 - 6s/epoch - 7ms/step
Epoch 99/100
782/782 - 5s - loss: 0.9202 - categorical_accuracy: 0.6485 - val_loss: 0.9152 - val_categorical_accuracy: 0.6522 - lr: 1.0000e-04 - 5s/epoch - 7ms/step
Epoch 100/100
782/782 - 6s - loss: 0.9201 - categorical_accuracy: 0.6485 - val_loss: 0.9152 - val_categorical_accuracy: 0.6523 - lr: 1.0000e-04 - 6s/epoch - 7ms/step
[95m
SAVING RESULTS[0m
==============
[92m
Saved model to: [0m trained_intnets/perm_variant_conv_5
Loss vs epochs plot saved to trained_intnets/perm_variant_conv_5.
Accuracy vs epochs plot saved to trained_intnets/perm_variant_conv_5.
[92m
Jobs done! 🍰✨[0m
