[96m
GPU: NVIDIA GeForce GTX 1080 Ti[0m

----------------
[92mData loading complete:[0m
Training data size: 5.72e+05
Test data size: 0.00e+00
----------------

Shuffling constituents...
[92mShuffled the training data! 🃏
[0m
[92mNumber of constituents: 8
[0m
Instantiating model...
[92mModel compiled and built![0m
[95m
TRAINING THE MODEL 💪[0m
==================

Training parameters
-------------------
[92mOptimiser: 	[0m {'name': 'Adam', 'learning_rate': 0.0005, 'decay': 0.0, 'beta_1': 0.9, 'beta_2': 0.999, 'epsilon': 1e-07, 'amsgrad': False}
[92mBatch size: 	[0m 512
[92mTraining epochs:[0m 100
[92mLoss: 		[0m categorical_crossentropy

Epoch 1/100
782/782 - 8s - loss: 1.1984 - categorical_accuracy: 0.5110 - val_loss: 1.0803 - val_categorical_accuracy: 0.5852 - lr: 5.0000e-04 - 8s/epoch - 11ms/step
Epoch 2/100
782/782 - 5s - loss: 1.0553 - categorical_accuracy: 0.5955 - val_loss: 1.0427 - val_categorical_accuracy: 0.5964 - lr: 5.0000e-04 - 5s/epoch - 6ms/step
Epoch 3/100
782/782 - 4s - loss: 1.0316 - categorical_accuracy: 0.6055 - val_loss: 1.0105 - val_categorical_accuracy: 0.6179 - lr: 5.0000e-04 - 4s/epoch - 6ms/step
Epoch 4/100
782/782 - 4s - loss: 1.0216 - categorical_accuracy: 0.6100 - val_loss: 1.0034 - val_categorical_accuracy: 0.6205 - lr: 5.0000e-04 - 4s/epoch - 6ms/step
Epoch 5/100
782/782 - 4s - loss: 1.0086 - categorical_accuracy: 0.6157 - val_loss: 1.0086 - val_categorical_accuracy: 0.6113 - lr: 5.0000e-04 - 4s/epoch - 6ms/step
Epoch 6/100
782/782 - 4s - loss: 1.0035 - categorical_accuracy: 0.6170 - val_loss: 0.9856 - val_categorical_accuracy: 0.6266 - lr: 5.0000e-04 - 4s/epoch - 6ms/step
Epoch 7/100
782/782 - 5s - loss: 0.9981 - categorical_accuracy: 0.6186 - val_loss: 0.9930 - val_categorical_accuracy: 0.6209 - lr: 5.0000e-04 - 5s/epoch - 6ms/step
Epoch 8/100
782/782 - 4s - loss: 0.9923 - categorical_accuracy: 0.6211 - val_loss: 0.9776 - val_categorical_accuracy: 0.6275 - lr: 5.0000e-04 - 4s/epoch - 5ms/step
Epoch 9/100
782/782 - 4s - loss: 0.9880 - categorical_accuracy: 0.6224 - val_loss: 0.9709 - val_categorical_accuracy: 0.6304 - lr: 5.0000e-04 - 4s/epoch - 5ms/step
Epoch 10/100
782/782 - 4s - loss: 0.9845 - categorical_accuracy: 0.6231 - val_loss: 0.9686 - val_categorical_accuracy: 0.6317 - lr: 5.0000e-04 - 4s/epoch - 5ms/step
Epoch 11/100
782/782 - 4s - loss: 0.9830 - categorical_accuracy: 0.6231 - val_loss: 0.9725 - val_categorical_accuracy: 0.6279 - lr: 5.0000e-04 - 4s/epoch - 5ms/step
Epoch 12/100
782/782 - 4s - loss: 0.9779 - categorical_accuracy: 0.6252 - val_loss: 0.9757 - val_categorical_accuracy: 0.6262 - lr: 5.0000e-04 - 4s/epoch - 5ms/step
Epoch 13/100
782/782 - 4s - loss: 0.9769 - categorical_accuracy: 0.6255 - val_loss: 0.9622 - val_categorical_accuracy: 0.6329 - lr: 5.0000e-04 - 4s/epoch - 5ms/step
Epoch 14/100
782/782 - 4s - loss: 0.9743 - categorical_accuracy: 0.6269 - val_loss: 0.9650 - val_categorical_accuracy: 0.6315 - lr: 5.0000e-04 - 4s/epoch - 5ms/step
Epoch 15/100
782/782 - 4s - loss: 0.9713 - categorical_accuracy: 0.6274 - val_loss: 0.9569 - val_categorical_accuracy: 0.6356 - lr: 5.0000e-04 - 4s/epoch - 5ms/step
Epoch 16/100
782/782 - 4s - loss: 0.9701 - categorical_accuracy: 0.6278 - val_loss: 0.9540 - val_categorical_accuracy: 0.6370 - lr: 5.0000e-04 - 4s/epoch - 5ms/step
Epoch 17/100
782/782 - 4s - loss: 0.9695 - categorical_accuracy: 0.6281 - val_loss: 0.9551 - val_categorical_accuracy: 0.6363 - lr: 5.0000e-04 - 4s/epoch - 6ms/step
Epoch 18/100
782/782 - 4s - loss: 0.9674 - categorical_accuracy: 0.6291 - val_loss: 0.9534 - val_categorical_accuracy: 0.6360 - lr: 5.0000e-04 - 4s/epoch - 5ms/step
Epoch 19/100
782/782 - 4s - loss: 0.9642 - categorical_accuracy: 0.6307 - val_loss: 0.9561 - val_categorical_accuracy: 0.6357 - lr: 5.0000e-04 - 4s/epoch - 5ms/step
Epoch 20/100
782/782 - 4s - loss: 0.9641 - categorical_accuracy: 0.6301 - val_loss: 0.9522 - val_categorical_accuracy: 0.6370 - lr: 5.0000e-04 - 4s/epoch - 5ms/step
Epoch 21/100
782/782 - 4s - loss: 0.9628 - categorical_accuracy: 0.6309 - val_loss: 0.9492 - val_categorical_accuracy: 0.6379 - lr: 5.0000e-04 - 4s/epoch - 5ms/step
Epoch 22/100
782/782 - 4s - loss: 0.9625 - categorical_accuracy: 0.6311 - val_loss: 0.9508 - val_categorical_accuracy: 0.6382 - lr: 5.0000e-04 - 4s/epoch - 5ms/step
Epoch 23/100
782/782 - 4s - loss: 0.9624 - categorical_accuracy: 0.6303 - val_loss: 0.9481 - val_categorical_accuracy: 0.6382 - lr: 5.0000e-04 - 4s/epoch - 5ms/step
Epoch 24/100
782/782 - 4s - loss: 0.9606 - categorical_accuracy: 0.6313 - val_loss: 0.9453 - val_categorical_accuracy: 0.6390 - lr: 5.0000e-04 - 4s/epoch - 5ms/step
Epoch 25/100
782/782 - 4s - loss: 0.9596 - categorical_accuracy: 0.6314 - val_loss: 0.9456 - val_categorical_accuracy: 0.6399 - lr: 5.0000e-04 - 4s/epoch - 5ms/step
Epoch 26/100
782/782 - 4s - loss: 0.9570 - categorical_accuracy: 0.6330 - val_loss: 0.9467 - val_categorical_accuracy: 0.6388 - lr: 5.0000e-04 - 4s/epoch - 5ms/step
Epoch 27/100
782/782 - 4s - loss: 0.9567 - categorical_accuracy: 0.6333 - val_loss: 0.9449 - val_categorical_accuracy: 0.6404 - lr: 5.0000e-04 - 4s/epoch - 5ms/step
Epoch 28/100
782/782 - 4s - loss: 0.9566 - categorical_accuracy: 0.6329 - val_loss: 0.9439 - val_categorical_accuracy: 0.6399 - lr: 5.0000e-04 - 4s/epoch - 5ms/step
Epoch 29/100
782/782 - 4s - loss: 0.9536 - categorical_accuracy: 0.6343 - val_loss: 0.9520 - val_categorical_accuracy: 0.6356 - lr: 5.0000e-04 - 4s/epoch - 5ms/step
Epoch 30/100
782/782 - 4s - loss: 0.9549 - categorical_accuracy: 0.6336 - val_loss: 0.9448 - val_categorical_accuracy: 0.6401 - lr: 5.0000e-04 - 4s/epoch - 5ms/step
Epoch 31/100
782/782 - 4s - loss: 0.9524 - categorical_accuracy: 0.6343 - val_loss: 0.9387 - val_categorical_accuracy: 0.6423 - lr: 5.0000e-04 - 4s/epoch - 5ms/step
Epoch 32/100
782/782 - 4s - loss: 0.9511 - categorical_accuracy: 0.6351 - val_loss: 0.9368 - val_categorical_accuracy: 0.6433 - lr: 5.0000e-04 - 4s/epoch - 5ms/step
Epoch 33/100
782/782 - 4s - loss: 0.9490 - categorical_accuracy: 0.6359 - val_loss: 0.9467 - val_categorical_accuracy: 0.6368 - lr: 5.0000e-04 - 4s/epoch - 5ms/step
Epoch 34/100
782/782 - 4s - loss: 0.9504 - categorical_accuracy: 0.6356 - val_loss: 0.9411 - val_categorical_accuracy: 0.6412 - lr: 5.0000e-04 - 4s/epoch - 5ms/step
Epoch 35/100
782/782 - 4s - loss: 0.9501 - categorical_accuracy: 0.6357 - val_loss: 0.9350 - val_categorical_accuracy: 0.6441 - lr: 5.0000e-04 - 4s/epoch - 5ms/step
Epoch 36/100
782/782 - 4s - loss: 0.9485 - categorical_accuracy: 0.6362 - val_loss: 0.9428 - val_categorical_accuracy: 0.6397 - lr: 5.0000e-04 - 4s/epoch - 5ms/step
Epoch 37/100
782/782 - 4s - loss: 0.9477 - categorical_accuracy: 0.6367 - val_loss: 0.9490 - val_categorical_accuracy: 0.6363 - lr: 5.0000e-04 - 4s/epoch - 5ms/step
Epoch 38/100
782/782 - 4s - loss: 0.9480 - categorical_accuracy: 0.6361 - val_loss: 0.9362 - val_categorical_accuracy: 0.6435 - lr: 5.0000e-04 - 4s/epoch - 5ms/step
Epoch 39/100
782/782 - 4s - loss: 0.9468 - categorical_accuracy: 0.6371 - val_loss: 0.9450 - val_categorical_accuracy: 0.6383 - lr: 5.0000e-04 - 4s/epoch - 5ms/step
Epoch 40/100
782/782 - 4s - loss: 0.9467 - categorical_accuracy: 0.6373 - val_loss: 0.9331 - val_categorical_accuracy: 0.6456 - lr: 5.0000e-04 - 4s/epoch - 5ms/step
Epoch 41/100
782/782 - 4s - loss: 0.9440 - categorical_accuracy: 0.6383 - val_loss: 0.9434 - val_categorical_accuracy: 0.6383 - lr: 5.0000e-04 - 4s/epoch - 5ms/step
Epoch 42/100
782/782 - 4s - loss: 0.9443 - categorical_accuracy: 0.6381 - val_loss: 0.9354 - val_categorical_accuracy: 0.6424 - lr: 5.0000e-04 - 4s/epoch - 5ms/step
Epoch 43/100
782/782 - 4s - loss: 0.9434 - categorical_accuracy: 0.6387 - val_loss: 0.9306 - val_categorical_accuracy: 0.6448 - lr: 5.0000e-04 - 4s/epoch - 5ms/step
Epoch 44/100
782/782 - 4s - loss: 0.9446 - categorical_accuracy: 0.6376 - val_loss: 0.9286 - val_categorical_accuracy: 0.6464 - lr: 5.0000e-04 - 4s/epoch - 5ms/step
Epoch 45/100
782/782 - 4s - loss: 0.9408 - categorical_accuracy: 0.6396 - val_loss: 0.9285 - val_categorical_accuracy: 0.6471 - lr: 5.0000e-04 - 4s/epoch - 5ms/step
Epoch 46/100
782/782 - 4s - loss: 0.9410 - categorical_accuracy: 0.6396 - val_loss: 0.9327 - val_categorical_accuracy: 0.6446 - lr: 5.0000e-04 - 4s/epoch - 5ms/step
Epoch 47/100
782/782 - 4s - loss: 0.9403 - categorical_accuracy: 0.6401 - val_loss: 0.9273 - val_categorical_accuracy: 0.6463 - lr: 5.0000e-04 - 4s/epoch - 5ms/step
Epoch 48/100
782/782 - 4s - loss: 0.9426 - categorical_accuracy: 0.6390 - val_loss: 0.9342 - val_categorical_accuracy: 0.6428 - lr: 5.0000e-04 - 4s/epoch - 5ms/step
Epoch 49/100
782/782 - 4s - loss: 0.9405 - categorical_accuracy: 0.6396 - val_loss: 0.9394 - val_categorical_accuracy: 0.6383 - lr: 5.0000e-04 - 4s/epoch - 5ms/step
Epoch 50/100
782/782 - 4s - loss: 0.9406 - categorical_accuracy: 0.6400 - val_loss: 0.9264 - val_categorical_accuracy: 0.6474 - lr: 5.0000e-04 - 4s/epoch - 5ms/step
Epoch 51/100
782/782 - 4s - loss: 0.9391 - categorical_accuracy: 0.6409 - val_loss: 0.9255 - val_categorical_accuracy: 0.6484 - lr: 5.0000e-04 - 4s/epoch - 5ms/step
Epoch 52/100
782/782 - 4s - loss: 0.9393 - categorical_accuracy: 0.6403 - val_loss: 0.9289 - val_categorical_accuracy: 0.6463 - lr: 5.0000e-04 - 4s/epoch - 5ms/step
Epoch 53/100
782/782 - 7s - loss: 0.9369 - categorical_accuracy: 0.6411 - val_loss: 0.9441 - val_categorical_accuracy: 0.6387 - lr: 5.0000e-04 - 7s/epoch - 9ms/step
Epoch 54/100
782/782 - 4s - loss: 0.9388 - categorical_accuracy: 0.6400 - val_loss: 0.9252 - val_categorical_accuracy: 0.6479 - lr: 5.0000e-04 - 4s/epoch - 5ms/step
Epoch 55/100
782/782 - 5s - loss: 0.9376 - categorical_accuracy: 0.6418 - val_loss: 0.9281 - val_categorical_accuracy: 0.6460 - lr: 5.0000e-04 - 5s/epoch - 6ms/step
Epoch 56/100
782/782 - 5s - loss: 0.9379 - categorical_accuracy: 0.6407 - val_loss: 0.9318 - val_categorical_accuracy: 0.6436 - lr: 5.0000e-04 - 5s/epoch - 6ms/step
Epoch 57/100
782/782 - 5s - loss: 0.9360 - categorical_accuracy: 0.6423 - val_loss: 0.9240 - val_categorical_accuracy: 0.6477 - lr: 5.0000e-04 - 5s/epoch - 7ms/step
Epoch 58/100
782/782 - 4s - loss: 0.9346 - categorical_accuracy: 0.6427 - val_loss: 0.9234 - val_categorical_accuracy: 0.6485 - lr: 5.0000e-04 - 4s/epoch - 6ms/step
Epoch 59/100
782/782 - 4s - loss: 0.9356 - categorical_accuracy: 0.6416 - val_loss: 0.9449 - val_categorical_accuracy: 0.6366 - lr: 5.0000e-04 - 4s/epoch - 5ms/step
Epoch 60/100
782/782 - 4s - loss: 0.9353 - categorical_accuracy: 0.6417 - val_loss: 0.9290 - val_categorical_accuracy: 0.6458 - lr: 5.0000e-04 - 4s/epoch - 5ms/step
Epoch 61/100
782/782 - 4s - loss: 0.9327 - categorical_accuracy: 0.6430 - val_loss: 0.9226 - val_categorical_accuracy: 0.6487 - lr: 5.0000e-04 - 4s/epoch - 5ms/step
Epoch 62/100
782/782 - 4s - loss: 0.9338 - categorical_accuracy: 0.6429 - val_loss: 0.9231 - val_categorical_accuracy: 0.6485 - lr: 5.0000e-04 - 4s/epoch - 6ms/step
Epoch 63/100
782/782 - 4s - loss: 0.9348 - categorical_accuracy: 0.6418 - val_loss: 0.9289 - val_categorical_accuracy: 0.6453 - lr: 5.0000e-04 - 4s/epoch - 5ms/step
Epoch 64/100
782/782 - 4s - loss: 0.9343 - categorical_accuracy: 0.6426 - val_loss: 0.9215 - val_categorical_accuracy: 0.6498 - lr: 5.0000e-04 - 4s/epoch - 6ms/step
Epoch 65/100
782/782 - 4s - loss: 0.9337 - categorical_accuracy: 0.6430 - val_loss: 0.9231 - val_categorical_accuracy: 0.6481 - lr: 5.0000e-04 - 4s/epoch - 5ms/step
Epoch 66/100
782/782 - 4s - loss: 0.9338 - categorical_accuracy: 0.6425 - val_loss: 0.9232 - val_categorical_accuracy: 0.6481 - lr: 5.0000e-04 - 4s/epoch - 6ms/step
Epoch 67/100
782/782 - 4s - loss: 0.9320 - categorical_accuracy: 0.6435 - val_loss: 0.9225 - val_categorical_accuracy: 0.6485 - lr: 5.0000e-04 - 4s/epoch - 5ms/step
Epoch 68/100
782/782 - 4s - loss: 0.9323 - categorical_accuracy: 0.6428 - val_loss: 0.9205 - val_categorical_accuracy: 0.6499 - lr: 5.0000e-04 - 4s/epoch - 5ms/step
Epoch 69/100
782/782 - 4s - loss: 0.9313 - categorical_accuracy: 0.6438 - val_loss: 0.9249 - val_categorical_accuracy: 0.6469 - lr: 5.0000e-04 - 4s/epoch - 6ms/step
Epoch 70/100
782/782 - 5s - loss: 0.9341 - categorical_accuracy: 0.6423 - val_loss: 0.9220 - val_categorical_accuracy: 0.6491 - lr: 5.0000e-04 - 5s/epoch - 6ms/step
Epoch 71/100
782/782 - 4s - loss: 0.9319 - categorical_accuracy: 0.6433 - val_loss: 0.9219 - val_categorical_accuracy: 0.6498 - lr: 5.0000e-04 - 4s/epoch - 5ms/step
Epoch 72/100
782/782 - 5s - loss: 0.9307 - categorical_accuracy: 0.6440 - val_loss: 0.9249 - val_categorical_accuracy: 0.6468 - lr: 5.0000e-04 - 5s/epoch - 6ms/step
Epoch 73/100
782/782 - 6s - loss: 0.9317 - categorical_accuracy: 0.6435 - val_loss: 0.9218 - val_categorical_accuracy: 0.6491 - lr: 5.0000e-04 - 6s/epoch - 7ms/step
Epoch 74/100
782/782 - 6s - loss: 0.9304 - categorical_accuracy: 0.6440 - val_loss: 0.9456 - val_categorical_accuracy: 0.6332 - lr: 5.0000e-04 - 6s/epoch - 8ms/step
Epoch 75/100
782/782 - 6s - loss: 0.9229 - categorical_accuracy: 0.6474 - val_loss: 0.9153 - val_categorical_accuracy: 0.6525 - lr: 1.0000e-04 - 6s/epoch - 8ms/step
Epoch 76/100
782/782 - 8s - loss: 0.9235 - categorical_accuracy: 0.6469 - val_loss: 0.9157 - val_categorical_accuracy: 0.6521 - lr: 1.0000e-04 - 8s/epoch - 10ms/step
Epoch 77/100
782/782 - 5s - loss: 0.9236 - categorical_accuracy: 0.6473 - val_loss: 0.9155 - val_categorical_accuracy: 0.6524 - lr: 1.0000e-04 - 5s/epoch - 7ms/step
Epoch 78/100
782/782 - 5s - loss: 0.9232 - categorical_accuracy: 0.6476 - val_loss: 0.9156 - val_categorical_accuracy: 0.6523 - lr: 1.0000e-04 - 5s/epoch - 7ms/step
Epoch 79/100
782/782 - 5s - loss: 0.9220 - categorical_accuracy: 0.6483 - val_loss: 0.9156 - val_categorical_accuracy: 0.6523 - lr: 1.0000e-04 - 5s/epoch - 6ms/step
Epoch 80/100
782/782 - 6s - loss: 0.9233 - categorical_accuracy: 0.6471 - val_loss: 0.9155 - val_categorical_accuracy: 0.6520 - lr: 1.0000e-04 - 6s/epoch - 7ms/step
Epoch 81/100
782/782 - 6s - loss: 0.9226 - categorical_accuracy: 0.6474 - val_loss: 0.9154 - val_categorical_accuracy: 0.6520 - lr: 1.0000e-04 - 6s/epoch - 7ms/step
Epoch 82/100
782/782 - 6s - loss: 0.9231 - categorical_accuracy: 0.6478 - val_loss: 0.9157 - val_categorical_accuracy: 0.6516 - lr: 1.0000e-04 - 6s/epoch - 7ms/step
Epoch 83/100
782/782 - 6s - loss: 0.9224 - categorical_accuracy: 0.6479 - val_loss: 0.9157 - val_categorical_accuracy: 0.6518 - lr: 1.0000e-04 - 6s/epoch - 8ms/step
Epoch 84/100
782/782 - 6s - loss: 0.9226 - categorical_accuracy: 0.6477 - val_loss: 0.9157 - val_categorical_accuracy: 0.6521 - lr: 1.0000e-04 - 6s/epoch - 8ms/step
Epoch 85/100
782/782 - 6s - loss: 0.9217 - categorical_accuracy: 0.6481 - val_loss: 0.9149 - val_categorical_accuracy: 0.6518 - lr: 1.0000e-04 - 6s/epoch - 7ms/step
[95m
SAVING RESULTS[0m
==============
[92m
Saved model to: [0m trained_intnets/perm_variant_conv_5
Loss vs epochs plot saved to trained_intnets/perm_variant_conv_5.
Accuracy vs epochs plot saved to trained_intnets/perm_variant_conv_5.
[92m
Jobs done! 🍰✨[0m
