[96m
GPU: NVIDIA GeForce GTX 1080 Ti[0m
[95m
DATA DETAILS[0m
[95m------------[0m
data_folder: /work/deodagiu/ki_data/intnet_input
norm: nonorm
train_events: -1
test_events: 0
pt_min: 2.0
nconstituents: 16
feature_selection: jedinet

----------------
[92mData loading complete:[0m
Training data size: 5.72e+05
Test data size: 0.00e+00
----------------

Shuffling constituents...
[92mShuffled the training data! 🃏
[0m
Instantiating model with the hyperparameters:
effects_nnodes: 150
dynamic_nnodes: 100
abstrac_nnodes: 50
effects_activ: relu
dynamic_activ: relu
abstrac_activ: relu
ndynamics: 15
neffects: 15
l2: 0.01
summation: True
[92mModel compiled and built![0m
[95m

TRAINING THE MODEL 💪[0m

Training parameters
-------------------
[92mOptimiser: 	[0m {'name': 'Adam', 'learning_rate': 0.0001, 'decay': 0.0, 'beta_1': 0.9, 'beta_2': 0.999, 'epsilon': 1e-07, 'amsgrad': False}
[92mBatch size: 	[0m 100
[92mLearning rate: 	[0m 0.0001
[92mTraining epochs:[0m 100
[92mLoss: 		[0m categorical_crossentropy

Epoch 1/100
4003/4003 - 240s - loss: 6.9751 - categorical_accuracy: 0.3046 - val_loss: 4.9588 - val_categorical_accuracy: 0.3206 - lr: 1.0000e-04 - 240s/epoch - 60ms/step
Epoch 2/100
4003/4003 - 237s - loss: 3.7058 - categorical_accuracy: 0.3244 - val_loss: 2.6628 - val_categorical_accuracy: 0.3269 - lr: 1.0000e-04 - 237s/epoch - 59ms/step
Epoch 3/100
4003/4003 - 239s - loss: 2.1086 - categorical_accuracy: 0.3510 - val_loss: 1.7507 - val_categorical_accuracy: 0.3916 - lr: 1.0000e-04 - 239s/epoch - 60ms/step
Epoch 4/100
4003/4003 - 239s - loss: 1.6640 - categorical_accuracy: 0.3945 - val_loss: 1.5944 - val_categorical_accuracy: 0.4047 - lr: 1.0000e-04 - 239s/epoch - 60ms/step
Epoch 5/100
4003/4003 - 240s - loss: 1.5773 - categorical_accuracy: 0.3979 - val_loss: 1.5442 - val_categorical_accuracy: 0.4041 - lr: 1.0000e-04 - 240s/epoch - 60ms/step
Epoch 6/100
4003/4003 - 238s - loss: 1.5377 - categorical_accuracy: 0.3996 - val_loss: 1.5186 - val_categorical_accuracy: 0.4003 - lr: 1.0000e-04 - 238s/epoch - 60ms/step
Epoch 7/100
4003/4003 - 238s - loss: 1.5114 - categorical_accuracy: 0.4001 - val_loss: 1.5050 - val_categorical_accuracy: 0.3966 - lr: 1.0000e-04 - 238s/epoch - 60ms/step
Epoch 8/100
4003/4003 - 238s - loss: 1.4924 - categorical_accuracy: 0.4018 - val_loss: 1.4783 - val_categorical_accuracy: 0.4065 - lr: 1.0000e-04 - 238s/epoch - 60ms/step
Epoch 9/100
4003/4003 - 238s - loss: 1.4787 - categorical_accuracy: 0.4026 - val_loss: 1.4653 - val_categorical_accuracy: 0.4074 - lr: 1.0000e-04 - 238s/epoch - 60ms/step
Epoch 10/100
4003/4003 - 238s - loss: 1.4685 - categorical_accuracy: 0.4038 - val_loss: 1.4583 - val_categorical_accuracy: 0.4083 - lr: 1.0000e-04 - 238s/epoch - 60ms/step
Epoch 11/100
4003/4003 - 238s - loss: 1.4606 - categorical_accuracy: 0.4037 - val_loss: 1.4545 - val_categorical_accuracy: 0.4068 - lr: 1.0000e-04 - 238s/epoch - 59ms/step
Epoch 12/100
4003/4003 - 238s - loss: 1.4543 - categorical_accuracy: 0.4046 - val_loss: 1.4441 - val_categorical_accuracy: 0.4091 - lr: 1.0000e-04 - 238s/epoch - 60ms/step
Epoch 13/100
4003/4003 - 238s - loss: 1.4488 - categorical_accuracy: 0.4056 - val_loss: 1.4403 - val_categorical_accuracy: 0.4109 - lr: 1.0000e-04 - 238s/epoch - 60ms/step
Epoch 14/100
4003/4003 - 238s - loss: 1.4449 - categorical_accuracy: 0.4066 - val_loss: 1.4376 - val_categorical_accuracy: 0.4091 - lr: 1.0000e-04 - 238s/epoch - 60ms/step
Epoch 15/100
4003/4003 - 239s - loss: 1.4411 - categorical_accuracy: 0.4075 - val_loss: 1.4346 - val_categorical_accuracy: 0.4115 - lr: 1.0000e-04 - 239s/epoch - 60ms/step
Epoch 16/100
4003/4003 - 238s - loss: 1.4384 - categorical_accuracy: 0.4071 - val_loss: 1.4308 - val_categorical_accuracy: 0.4077 - lr: 1.0000e-04 - 238s/epoch - 60ms/step
Epoch 17/100
4003/4003 - 238s - loss: 1.4357 - categorical_accuracy: 0.4078 - val_loss: 1.4299 - val_categorical_accuracy: 0.4084 - lr: 1.0000e-04 - 238s/epoch - 60ms/step
Epoch 18/100
4003/4003 - 238s - loss: 1.4339 - categorical_accuracy: 0.4074 - val_loss: 1.4284 - val_categorical_accuracy: 0.4110 - lr: 1.0000e-04 - 238s/epoch - 60ms/step
Epoch 19/100
4003/4003 - 238s - loss: 1.4323 - categorical_accuracy: 0.4077 - val_loss: 1.4304 - val_categorical_accuracy: 0.4076 - lr: 1.0000e-04 - 238s/epoch - 60ms/step
Epoch 20/100
4003/4003 - 239s - loss: 1.4308 - categorical_accuracy: 0.4081 - val_loss: 1.4247 - val_categorical_accuracy: 0.4105 - lr: 1.0000e-04 - 239s/epoch - 60ms/step
Epoch 21/100
4003/4003 - 238s - loss: 1.4293 - categorical_accuracy: 0.4087 - val_loss: 1.4285 - val_categorical_accuracy: 0.4087 - lr: 1.0000e-04 - 238s/epoch - 60ms/step
Epoch 22/100
4003/4003 - 238s - loss: 1.4287 - categorical_accuracy: 0.4079 - val_loss: 1.4265 - val_categorical_accuracy: 0.4108 - lr: 1.0000e-04 - 238s/epoch - 60ms/step
Epoch 23/100
4003/4003 - 238s - loss: 1.4274 - categorical_accuracy: 0.4091 - val_loss: 1.4239 - val_categorical_accuracy: 0.4092 - lr: 1.0000e-04 - 238s/epoch - 60ms/step
Epoch 24/100
4003/4003 - 239s - loss: 1.4263 - categorical_accuracy: 0.4092 - val_loss: 1.4209 - val_categorical_accuracy: 0.4134 - lr: 1.0000e-04 - 239s/epoch - 60ms/step
Epoch 25/100
4003/4003 - 239s - loss: 1.4259 - categorical_accuracy: 0.4092 - val_loss: 1.4238 - val_categorical_accuracy: 0.4121 - lr: 1.0000e-04 - 239s/epoch - 60ms/step
Epoch 26/100
4003/4003 - 239s - loss: 1.4251 - categorical_accuracy: 0.4098 - val_loss: 1.4225 - val_categorical_accuracy: 0.4118 - lr: 1.0000e-04 - 239s/epoch - 60ms/step
Epoch 27/100
4003/4003 - 239s - loss: 1.4244 - categorical_accuracy: 0.4097 - val_loss: 1.4197 - val_categorical_accuracy: 0.4104 - lr: 1.0000e-04 - 239s/epoch - 60ms/step
Epoch 28/100
4003/4003 - 238s - loss: 1.4237 - categorical_accuracy: 0.4100 - val_loss: 1.4179 - val_categorical_accuracy: 0.4121 - lr: 1.0000e-04 - 238s/epoch - 60ms/step
Epoch 29/100
4003/4003 - 239s - loss: 1.4232 - categorical_accuracy: 0.4093 - val_loss: 1.4182 - val_categorical_accuracy: 0.4113 - lr: 1.0000e-04 - 239s/epoch - 60ms/step
Epoch 30/100
4003/4003 - 239s - loss: 1.4225 - categorical_accuracy: 0.4105 - val_loss: 1.4202 - val_categorical_accuracy: 0.4116 - lr: 1.0000e-04 - 239s/epoch - 60ms/step
Epoch 31/100
4003/4003 - 239s - loss: 1.4220 - categorical_accuracy: 0.4101 - val_loss: 1.4156 - val_categorical_accuracy: 0.4134 - lr: 1.0000e-04 - 239s/epoch - 60ms/step
Epoch 32/100
4003/4003 - 239s - loss: 1.4213 - categorical_accuracy: 0.4102 - val_loss: 1.4157 - val_categorical_accuracy: 0.4122 - lr: 1.0000e-04 - 239s/epoch - 60ms/step
Epoch 33/100
4003/4003 - 239s - loss: 1.4207 - categorical_accuracy: 0.4106 - val_loss: 1.4155 - val_categorical_accuracy: 0.4130 - lr: 1.0000e-04 - 239s/epoch - 60ms/step
Epoch 34/100
4003/4003 - 239s - loss: 1.4205 - categorical_accuracy: 0.4103 - val_loss: 1.4205 - val_categorical_accuracy: 0.4111 - lr: 1.0000e-04 - 239s/epoch - 60ms/step
Epoch 35/100
4003/4003 - 239s - loss: 1.4200 - categorical_accuracy: 0.4103 - val_loss: 1.4144 - val_categorical_accuracy: 0.4141 - lr: 1.0000e-04 - 239s/epoch - 60ms/step
Epoch 36/100
4003/4003 - 239s - loss: 1.4193 - categorical_accuracy: 0.4107 - val_loss: 1.4137 - val_categorical_accuracy: 0.4142 - lr: 1.0000e-04 - 239s/epoch - 60ms/step
Epoch 37/100
4003/4003 - 239s - loss: 1.4193 - categorical_accuracy: 0.4107 - val_loss: 1.4163 - val_categorical_accuracy: 0.4122 - lr: 1.0000e-04 - 239s/epoch - 60ms/step
Epoch 38/100
4003/4003 - 239s - loss: 1.4193 - categorical_accuracy: 0.4099 - val_loss: 1.4146 - val_categorical_accuracy: 0.4131 - lr: 1.0000e-04 - 239s/epoch - 60ms/step
Epoch 39/100
4003/4003 - 239s - loss: 1.4185 - categorical_accuracy: 0.4111 - val_loss: 1.4158 - val_categorical_accuracy: 0.4137 - lr: 1.0000e-04 - 239s/epoch - 60ms/step
Epoch 40/100
4003/4003 - 239s - loss: 1.4184 - categorical_accuracy: 0.4114 - val_loss: 1.4146 - val_categorical_accuracy: 0.4117 - lr: 1.0000e-04 - 239s/epoch - 60ms/step
Epoch 41/100
4003/4003 - 238s - loss: 1.4183 - categorical_accuracy: 0.4109 - val_loss: 1.4139 - val_categorical_accuracy: 0.4129 - lr: 1.0000e-04 - 238s/epoch - 60ms/step
Epoch 42/100
4003/4003 - 238s - loss: 1.4178 - categorical_accuracy: 0.4113 - val_loss: 1.4147 - val_categorical_accuracy: 0.4129 - lr: 1.0000e-04 - 238s/epoch - 60ms/step
Epoch 43/100
4003/4003 - 238s - loss: 1.4178 - categorical_accuracy: 0.4108 - val_loss: 1.4128 - val_categorical_accuracy: 0.4135 - lr: 1.0000e-04 - 238s/epoch - 60ms/step
Epoch 44/100
4003/4003 - 239s - loss: 1.4175 - categorical_accuracy: 0.4111 - val_loss: 1.4123 - val_categorical_accuracy: 0.4141 - lr: 1.0000e-04 - 239s/epoch - 60ms/step
Epoch 45/100
4003/4003 - 238s - loss: 1.4173 - categorical_accuracy: 0.4112 - val_loss: 1.4124 - val_categorical_accuracy: 0.4138 - lr: 1.0000e-04 - 238s/epoch - 60ms/step
Epoch 46/100
4003/4003 - 238s - loss: 1.4168 - categorical_accuracy: 0.4112 - val_loss: 1.4121 - val_categorical_accuracy: 0.4139 - lr: 1.0000e-04 - 238s/epoch - 60ms/step
[92m
Saved model to: [0m trained_intnets/big_jedinet_allreg
Loss vs epochs plot saved to trained_intnets/big_jedinet_allreg.
Accuracy vs epochs plot saved to trained_intnets/big_jedinet_allreg.
[92m
Plots done! 📊[0m
