[96m
GPU: NVIDIA GeForce GTX 1080 Ti[0m
[95m
DATA DETAILS[0m
[95m-----------[0m
data_folder: /work/deodagiu/ki_data/intnet_input
norm: robust
train_events: -1
test_events: 0
pt_min: 2.0
nconstituents: 16
feature_selection: jedinet

----------------
[92mData loading complete:[0m
Training data size: 5.72e+05
Test data size: 0.00e+00
----------------

Shuffling constituents...
[92mShuffled the training data! 🃏
[0m
Instantiating model with the hyperparameters:
effects_nnodes: 100
dynamic_nnodes: 75
abstrac_nnodes: 25
effects_activ: relu
dynamic_activ: relu
abstrac_activ: relu
neffects: 18
ndynamics: 14
l2: 0.05
summation: True
[92mModel compiled and built![0m
[95m

TRAINING THE MODEL 💪[0m

Training parameters
-------------------
[92mOptimiser: 	[0m {'name': 'Adam', 'learning_rate': 0.0001, 'decay': 0.0, 'beta_1': 0.9, 'beta_2': 0.999, 'epsilon': 1e-07, 'amsgrad': False}
[92mBatch size: 	[0m 100
[92mLearning rate: 	[0m 0.0001
[92mTraining epochs:[0m 100
[92mLoss: 		[0m categorical_crossentropy

Epoch 1/100
4003/4003 - 105s - loss: 4.1030 - categorical_accuracy: 0.5901 - val_loss: 1.3077 - val_categorical_accuracy: 0.6511 - lr: 1.0000e-04 - 105s/epoch - 26ms/step
Epoch 2/100
4003/4003 - 103s - loss: 1.1086 - categorical_accuracy: 0.6644 - val_loss: 0.9862 - val_categorical_accuracy: 0.6834 - lr: 1.0000e-04 - 103s/epoch - 26ms/step
Epoch 3/100
4003/4003 - 103s - loss: 0.9320 - categorical_accuracy: 0.6959 - val_loss: 0.8939 - val_categorical_accuracy: 0.6996 - lr: 1.0000e-04 - 103s/epoch - 26ms/step
Epoch 4/100
4003/4003 - 102s - loss: 0.8632 - categorical_accuracy: 0.7128 - val_loss: 0.8431 - val_categorical_accuracy: 0.7164 - lr: 1.0000e-04 - 102s/epoch - 26ms/step
Epoch 5/100
4003/4003 - 102s - loss: 0.8250 - categorical_accuracy: 0.7217 - val_loss: 0.8103 - val_categorical_accuracy: 0.7238 - lr: 1.0000e-04 - 102s/epoch - 26ms/step
Epoch 6/100
4003/4003 - 102s - loss: 0.7954 - categorical_accuracy: 0.7292 - val_loss: 0.7758 - val_categorical_accuracy: 0.7342 - lr: 1.0000e-04 - 102s/epoch - 26ms/step
Epoch 7/100
4003/4003 - 102s - loss: 0.7680 - categorical_accuracy: 0.7348 - val_loss: 0.7555 - val_categorical_accuracy: 0.7402 - lr: 1.0000e-04 - 102s/epoch - 26ms/step
Epoch 8/100
4003/4003 - 102s - loss: 0.7455 - categorical_accuracy: 0.7404 - val_loss: 0.7372 - val_categorical_accuracy: 0.7398 - lr: 1.0000e-04 - 102s/epoch - 26ms/step
Epoch 9/100
4003/4003 - 102s - loss: 0.7325 - categorical_accuracy: 0.7438 - val_loss: 0.7208 - val_categorical_accuracy: 0.7461 - lr: 1.0000e-04 - 102s/epoch - 26ms/step
Epoch 10/100
4003/4003 - 102s - loss: 0.7244 - categorical_accuracy: 0.7472 - val_loss: 0.7173 - val_categorical_accuracy: 0.7465 - lr: 1.0000e-04 - 102s/epoch - 26ms/step
Epoch 11/100
4003/4003 - 102s - loss: 0.7177 - categorical_accuracy: 0.7487 - val_loss: 0.7153 - val_categorical_accuracy: 0.7481 - lr: 1.0000e-04 - 102s/epoch - 26ms/step
Epoch 12/100
4003/4003 - 103s - loss: 0.7113 - categorical_accuracy: 0.7511 - val_loss: 0.7170 - val_categorical_accuracy: 0.7459 - lr: 1.0000e-04 - 103s/epoch - 26ms/step
Epoch 13/100
4003/4003 - 102s - loss: 0.7066 - categorical_accuracy: 0.7526 - val_loss: 0.6988 - val_categorical_accuracy: 0.7545 - lr: 1.0000e-04 - 102s/epoch - 26ms/step
Epoch 14/100
4003/4003 - 102s - loss: 0.7022 - categorical_accuracy: 0.7541 - val_loss: 0.6949 - val_categorical_accuracy: 0.7551 - lr: 1.0000e-04 - 102s/epoch - 26ms/step
Epoch 15/100
4003/4003 - 103s - loss: 0.6987 - categorical_accuracy: 0.7555 - val_loss: 0.6964 - val_categorical_accuracy: 0.7548 - lr: 1.0000e-04 - 103s/epoch - 26ms/step
Epoch 16/100
4003/4003 - 102s - loss: 0.6964 - categorical_accuracy: 0.7561 - val_loss: 0.6927 - val_categorical_accuracy: 0.7566 - lr: 1.0000e-04 - 102s/epoch - 26ms/step
Epoch 17/100
4003/4003 - 102s - loss: 0.6945 - categorical_accuracy: 0.7569 - val_loss: 0.6905 - val_categorical_accuracy: 0.7569 - lr: 1.0000e-04 - 102s/epoch - 26ms/step
Epoch 18/100
4003/4003 - 103s - loss: 0.6921 - categorical_accuracy: 0.7576 - val_loss: 0.6892 - val_categorical_accuracy: 0.7573 - lr: 1.0000e-04 - 103s/epoch - 26ms/step
Epoch 19/100
4003/4003 - 102s - loss: 0.6900 - categorical_accuracy: 0.7583 - val_loss: 0.6908 - val_categorical_accuracy: 0.7561 - lr: 1.0000e-04 - 102s/epoch - 26ms/step
Epoch 20/100
4003/4003 - 102s - loss: 0.6882 - categorical_accuracy: 0.7589 - val_loss: 0.6854 - val_categorical_accuracy: 0.7592 - lr: 1.0000e-04 - 102s/epoch - 26ms/step
Epoch 21/100
4003/4003 - 103s - loss: 0.6858 - categorical_accuracy: 0.7602 - val_loss: 0.6934 - val_categorical_accuracy: 0.7547 - lr: 1.0000e-04 - 103s/epoch - 26ms/step
Epoch 22/100
4003/4003 - 102s - loss: 0.6851 - categorical_accuracy: 0.7604 - val_loss: 0.6801 - val_categorical_accuracy: 0.7612 - lr: 1.0000e-04 - 102s/epoch - 26ms/step
Epoch 23/100
4003/4003 - 103s - loss: 0.6833 - categorical_accuracy: 0.7611 - val_loss: 0.6883 - val_categorical_accuracy: 0.7562 - lr: 1.0000e-04 - 103s/epoch - 26ms/step
Epoch 24/100
4003/4003 - 103s - loss: 0.6822 - categorical_accuracy: 0.7613 - val_loss: 0.6838 - val_categorical_accuracy: 0.7597 - lr: 1.0000e-04 - 103s/epoch - 26ms/step
Epoch 25/100
4003/4003 - 102s - loss: 0.6809 - categorical_accuracy: 0.7614 - val_loss: 0.6904 - val_categorical_accuracy: 0.7571 - lr: 1.0000e-04 - 102s/epoch - 26ms/step
Epoch 26/100
4003/4003 - 103s - loss: 0.6799 - categorical_accuracy: 0.7622 - val_loss: 0.6776 - val_categorical_accuracy: 0.7621 - lr: 1.0000e-04 - 103s/epoch - 26ms/step
Epoch 27/100
4003/4003 - 103s - loss: 0.6790 - categorical_accuracy: 0.7623 - val_loss: 0.6773 - val_categorical_accuracy: 0.7613 - lr: 1.0000e-04 - 103s/epoch - 26ms/step
Epoch 28/100
4003/4003 - 102s - loss: 0.6778 - categorical_accuracy: 0.7630 - val_loss: 0.6836 - val_categorical_accuracy: 0.7596 - lr: 1.0000e-04 - 102s/epoch - 26ms/step
Epoch 29/100
4003/4003 - 103s - loss: 0.6770 - categorical_accuracy: 0.7633 - val_loss: 0.6727 - val_categorical_accuracy: 0.7639 - lr: 1.0000e-04 - 103s/epoch - 26ms/step
Epoch 30/100
4003/4003 - 103s - loss: 0.6761 - categorical_accuracy: 0.7635 - val_loss: 0.6745 - val_categorical_accuracy: 0.7627 - lr: 1.0000e-04 - 103s/epoch - 26ms/step
Epoch 31/100
4003/4003 - 103s - loss: 0.6754 - categorical_accuracy: 0.7634 - val_loss: 0.6738 - val_categorical_accuracy: 0.7639 - lr: 1.0000e-04 - 103s/epoch - 26ms/step
Epoch 32/100
4003/4003 - 103s - loss: 0.6740 - categorical_accuracy: 0.7644 - val_loss: 0.6730 - val_categorical_accuracy: 0.7642 - lr: 1.0000e-04 - 103s/epoch - 26ms/step
Epoch 33/100
4003/4003 - 102s - loss: 0.6734 - categorical_accuracy: 0.7646 - val_loss: 0.6692 - val_categorical_accuracy: 0.7647 - lr: 1.0000e-04 - 102s/epoch - 26ms/step
Epoch 34/100
4003/4003 - 103s - loss: 0.6726 - categorical_accuracy: 0.7643 - val_loss: 0.6782 - val_categorical_accuracy: 0.7611 - lr: 1.0000e-04 - 103s/epoch - 26ms/step
Epoch 35/100
4003/4003 - 103s - loss: 0.6719 - categorical_accuracy: 0.7649 - val_loss: 0.6700 - val_categorical_accuracy: 0.7645 - lr: 1.0000e-04 - 103s/epoch - 26ms/step
Epoch 36/100
4003/4003 - 102s - loss: 0.6712 - categorical_accuracy: 0.7651 - val_loss: 0.6818 - val_categorical_accuracy: 0.7602 - lr: 1.0000e-04 - 102s/epoch - 26ms/step
Epoch 37/100
4003/4003 - 103s - loss: 0.6701 - categorical_accuracy: 0.7655 - val_loss: 0.6740 - val_categorical_accuracy: 0.7641 - lr: 1.0000e-04 - 103s/epoch - 26ms/step
Epoch 38/100
4003/4003 - 103s - loss: 0.6699 - categorical_accuracy: 0.7657 - val_loss: 0.6722 - val_categorical_accuracy: 0.7639 - lr: 1.0000e-04 - 103s/epoch - 26ms/step
Epoch 39/100
4003/4003 - 103s - loss: 0.6691 - categorical_accuracy: 0.7664 - val_loss: 0.6684 - val_categorical_accuracy: 0.7655 - lr: 1.0000e-04 - 103s/epoch - 26ms/step
Epoch 40/100
4003/4003 - 103s - loss: 0.6685 - categorical_accuracy: 0.7663 - val_loss: 0.6768 - val_categorical_accuracy: 0.7609 - lr: 1.0000e-04 - 103s/epoch - 26ms/step
Epoch 41/100
4003/4003 - 103s - loss: 0.6677 - categorical_accuracy: 0.7671 - val_loss: 0.6666 - val_categorical_accuracy: 0.7658 - lr: 1.0000e-04 - 103s/epoch - 26ms/step
Epoch 42/100
4003/4003 - 103s - loss: 0.6675 - categorical_accuracy: 0.7665 - val_loss: 0.6730 - val_categorical_accuracy: 0.7628 - lr: 1.0000e-04 - 103s/epoch - 26ms/step
Epoch 43/100
4003/4003 - 103s - loss: 0.6667 - categorical_accuracy: 0.7668 - val_loss: 0.6724 - val_categorical_accuracy: 0.7639 - lr: 1.0000e-04 - 103s/epoch - 26ms/step
Epoch 44/100
4003/4003 - 103s - loss: 0.6662 - categorical_accuracy: 0.7673 - val_loss: 0.6671 - val_categorical_accuracy: 0.7657 - lr: 1.0000e-04 - 103s/epoch - 26ms/step
Epoch 45/100
4003/4003 - 102s - loss: 0.6658 - categorical_accuracy: 0.7671 - val_loss: 0.6840 - val_categorical_accuracy: 0.7591 - lr: 1.0000e-04 - 102s/epoch - 26ms/step
Epoch 46/100
4003/4003 - 103s - loss: 0.6652 - categorical_accuracy: 0.7675 - val_loss: 0.6665 - val_categorical_accuracy: 0.7654 - lr: 1.0000e-04 - 103s/epoch - 26ms/step
Epoch 47/100
4003/4003 - 103s - loss: 0.6647 - categorical_accuracy: 0.7674 - val_loss: 0.6697 - val_categorical_accuracy: 0.7653 - lr: 1.0000e-04 - 103s/epoch - 26ms/step
Epoch 48/100
4003/4003 - 102s - loss: 0.6642 - categorical_accuracy: 0.7677 - val_loss: 0.6781 - val_categorical_accuracy: 0.7602 - lr: 1.0000e-04 - 102s/epoch - 26ms/step
Epoch 49/100
4003/4003 - 102s - loss: 0.6634 - categorical_accuracy: 0.7681 - val_loss: 0.6657 - val_categorical_accuracy: 0.7661 - lr: 1.0000e-04 - 102s/epoch - 25ms/step
Epoch 50/100
4003/4003 - 102s - loss: 0.6633 - categorical_accuracy: 0.7680 - val_loss: 0.6617 - val_categorical_accuracy: 0.7671 - lr: 1.0000e-04 - 102s/epoch - 26ms/step
Epoch 51/100
4003/4003 - 102s - loss: 0.6628 - categorical_accuracy: 0.7685 - val_loss: 0.6620 - val_categorical_accuracy: 0.7674 - lr: 1.0000e-04 - 102s/epoch - 25ms/step
Epoch 52/100
4003/4003 - 102s - loss: 0.6621 - categorical_accuracy: 0.7687 - val_loss: 0.6629 - val_categorical_accuracy: 0.7672 - lr: 1.0000e-04 - 102s/epoch - 26ms/step
Epoch 53/100
4003/4003 - 103s - loss: 0.6621 - categorical_accuracy: 0.7688 - val_loss: 0.6738 - val_categorical_accuracy: 0.7631 - lr: 1.0000e-04 - 103s/epoch - 26ms/step
Epoch 54/100
4003/4003 - 102s - loss: 0.6617 - categorical_accuracy: 0.7686 - val_loss: 0.6667 - val_categorical_accuracy: 0.7653 - lr: 1.0000e-04 - 102s/epoch - 26ms/step
Epoch 55/100
4003/4003 - 103s - loss: 0.6614 - categorical_accuracy: 0.7685 - val_loss: 0.6657 - val_categorical_accuracy: 0.7656 - lr: 1.0000e-04 - 103s/epoch - 26ms/step
Epoch 56/100
4003/4003 - 103s - loss: 0.6610 - categorical_accuracy: 0.7687 - val_loss: 0.6594 - val_categorical_accuracy: 0.7685 - lr: 1.0000e-04 - 103s/epoch - 26ms/step
Epoch 57/100
4003/4003 - 102s - loss: 0.6604 - categorical_accuracy: 0.7692 - val_loss: 0.6643 - val_categorical_accuracy: 0.7661 - lr: 1.0000e-04 - 102s/epoch - 26ms/step
Epoch 58/100
4003/4003 - 102s - loss: 0.6602 - categorical_accuracy: 0.7693 - val_loss: 0.6627 - val_categorical_accuracy: 0.7665 - lr: 1.0000e-04 - 102s/epoch - 26ms/step
Epoch 59/100
4003/4003 - 102s - loss: 0.6596 - categorical_accuracy: 0.7696 - val_loss: 0.6587 - val_categorical_accuracy: 0.7685 - lr: 1.0000e-04 - 102s/epoch - 26ms/step
Epoch 60/100
4003/4003 - 102s - loss: 0.6595 - categorical_accuracy: 0.7693 - val_loss: 0.6697 - val_categorical_accuracy: 0.7639 - lr: 1.0000e-04 - 102s/epoch - 26ms/step
Epoch 61/100
4003/4003 - 102s - loss: 0.6594 - categorical_accuracy: 0.7696 - val_loss: 0.6607 - val_categorical_accuracy: 0.7683 - lr: 1.0000e-04 - 102s/epoch - 26ms/step
Epoch 62/100
4003/4003 - 102s - loss: 0.6590 - categorical_accuracy: 0.7703 - val_loss: 0.6619 - val_categorical_accuracy: 0.7669 - lr: 1.0000e-04 - 102s/epoch - 26ms/step
Epoch 63/100
4003/4003 - 102s - loss: 0.6585 - categorical_accuracy: 0.7697 - val_loss: 0.6604 - val_categorical_accuracy: 0.7681 - lr: 1.0000e-04 - 102s/epoch - 26ms/step
Epoch 64/100
4003/4003 - 102s - loss: 0.6579 - categorical_accuracy: 0.7698 - val_loss: 0.6623 - val_categorical_accuracy: 0.7675 - lr: 1.0000e-04 - 102s/epoch - 26ms/step
Epoch 65/100
4003/4003 - 103s - loss: 0.6580 - categorical_accuracy: 0.7703 - val_loss: 0.6617 - val_categorical_accuracy: 0.7677 - lr: 1.0000e-04 - 103s/epoch - 26ms/step
Epoch 66/100
4003/4003 - 102s - loss: 0.6578 - categorical_accuracy: 0.7704 - val_loss: 0.6595 - val_categorical_accuracy: 0.7679 - lr: 1.0000e-04 - 102s/epoch - 26ms/step
Epoch 67/100
4003/4003 - 103s - loss: 0.6573 - categorical_accuracy: 0.7702 - val_loss: 0.6642 - val_categorical_accuracy: 0.7664 - lr: 1.0000e-04 - 103s/epoch - 26ms/step
Epoch 68/100
4003/4003 - 102s - loss: 0.6575 - categorical_accuracy: 0.7703 - val_loss: 0.6578 - val_categorical_accuracy: 0.7688 - lr: 1.0000e-04 - 102s/epoch - 26ms/step
Epoch 69/100
4003/4003 - 102s - loss: 0.6566 - categorical_accuracy: 0.7702 - val_loss: 0.6663 - val_categorical_accuracy: 0.7666 - lr: 1.0000e-04 - 102s/epoch - 26ms/step
Epoch 70/100
4003/4003 - 104s - loss: 0.6565 - categorical_accuracy: 0.7705 - val_loss: 0.6671 - val_categorical_accuracy: 0.7653 - lr: 1.0000e-04 - 104s/epoch - 26ms/step
Epoch 71/100
4003/4003 - 102s - loss: 0.6562 - categorical_accuracy: 0.7708 - val_loss: 0.6598 - val_categorical_accuracy: 0.7680 - lr: 1.0000e-04 - 102s/epoch - 25ms/step
Epoch 72/100
4003/4003 - 102s - loss: 0.6561 - categorical_accuracy: 0.7705 - val_loss: 0.6616 - val_categorical_accuracy: 0.7665 - lr: 1.0000e-04 - 102s/epoch - 25ms/step
Epoch 73/100
4003/4003 - 103s - loss: 0.6560 - categorical_accuracy: 0.7706 - val_loss: 0.6569 - val_categorical_accuracy: 0.7692 - lr: 1.0000e-04 - 103s/epoch - 26ms/step
Epoch 74/100
4003/4003 - 102s - loss: 0.6559 - categorical_accuracy: 0.7711 - val_loss: 0.6569 - val_categorical_accuracy: 0.7694 - lr: 1.0000e-04 - 102s/epoch - 26ms/step
Epoch 75/100
4003/4003 - 102s - loss: 0.6555 - categorical_accuracy: 0.7709 - val_loss: 0.6591 - val_categorical_accuracy: 0.7689 - lr: 1.0000e-04 - 102s/epoch - 26ms/step
Epoch 76/100
4003/4003 - 103s - loss: 0.6552 - categorical_accuracy: 0.7708 - val_loss: 0.6555 - val_categorical_accuracy: 0.7698 - lr: 1.0000e-04 - 103s/epoch - 26ms/step
Epoch 77/100
4003/4003 - 102s - loss: 0.6551 - categorical_accuracy: 0.7710 - val_loss: 0.6605 - val_categorical_accuracy: 0.7683 - lr: 1.0000e-04 - 102s/epoch - 25ms/step
Epoch 78/100
4003/4003 - 102s - loss: 0.6546 - categorical_accuracy: 0.7712 - val_loss: 0.6590 - val_categorical_accuracy: 0.7689 - lr: 1.0000e-04 - 102s/epoch - 25ms/step
Epoch 79/100
4003/4003 - 103s - loss: 0.6544 - categorical_accuracy: 0.7714 - val_loss: 0.6555 - val_categorical_accuracy: 0.7704 - lr: 1.0000e-04 - 103s/epoch - 26ms/step
Epoch 80/100
4003/4003 - 102s - loss: 0.6545 - categorical_accuracy: 0.7710 - val_loss: 0.6554 - val_categorical_accuracy: 0.7695 - lr: 1.0000e-04 - 102s/epoch - 25ms/step
Epoch 81/100
4003/4003 - 102s - loss: 0.6542 - categorical_accuracy: 0.7715 - val_loss: 0.6573 - val_categorical_accuracy: 0.7686 - lr: 1.0000e-04 - 102s/epoch - 26ms/step
Epoch 82/100
4003/4003 - 102s - loss: 0.6536 - categorical_accuracy: 0.7716 - val_loss: 0.6546 - val_categorical_accuracy: 0.7701 - lr: 1.0000e-04 - 102s/epoch - 26ms/step
Epoch 83/100
4003/4003 - 102s - loss: 0.6537 - categorical_accuracy: 0.7715 - val_loss: 0.6593 - val_categorical_accuracy: 0.7686 - lr: 1.0000e-04 - 102s/epoch - 25ms/step
Epoch 84/100
4003/4003 - 102s - loss: 0.6536 - categorical_accuracy: 0.7713 - val_loss: 0.6551 - val_categorical_accuracy: 0.7697 - lr: 1.0000e-04 - 102s/epoch - 25ms/step
Epoch 85/100
4003/4003 - 103s - loss: 0.6533 - categorical_accuracy: 0.7718 - val_loss: 0.6546 - val_categorical_accuracy: 0.7705 - lr: 1.0000e-04 - 103s/epoch - 26ms/step
Epoch 86/100
4003/4003 - 102s - loss: 0.6531 - categorical_accuracy: 0.7719 - val_loss: 0.6561 - val_categorical_accuracy: 0.7695 - lr: 1.0000e-04 - 102s/epoch - 26ms/step
Epoch 87/100
4003/4003 - 102s - loss: 0.6530 - categorical_accuracy: 0.7718 - val_loss: 0.6551 - val_categorical_accuracy: 0.7698 - lr: 1.0000e-04 - 102s/epoch - 25ms/step
Epoch 88/100
4003/4003 - 102s - loss: 0.6527 - categorical_accuracy: 0.7720 - val_loss: 0.6563 - val_categorical_accuracy: 0.7694 - lr: 1.0000e-04 - 102s/epoch - 26ms/step
Epoch 89/100
4003/4003 - 102s - loss: 0.6525 - categorical_accuracy: 0.7722 - val_loss: 0.6604 - val_categorical_accuracy: 0.7682 - lr: 1.0000e-04 - 102s/epoch - 25ms/step
Epoch 90/100
4003/4003 - 102s - loss: 0.6524 - categorical_accuracy: 0.7723 - val_loss: 0.6568 - val_categorical_accuracy: 0.7695 - lr: 1.0000e-04 - 102s/epoch - 25ms/step
Epoch 91/100
4003/4003 - 102s - loss: 0.6521 - categorical_accuracy: 0.7724 - val_loss: 0.6639 - val_categorical_accuracy: 0.7663 - lr: 1.0000e-04 - 102s/epoch - 26ms/step
Epoch 92/100
4003/4003 - 102s - loss: 0.6518 - categorical_accuracy: 0.7723 - val_loss: 0.6540 - val_categorical_accuracy: 0.7703 - lr: 1.0000e-04 - 102s/epoch - 25ms/step
Epoch 93/100
4003/4003 - 102s - loss: 0.6519 - categorical_accuracy: 0.7721 - val_loss: 0.6576 - val_categorical_accuracy: 0.7694 - lr: 1.0000e-04 - 102s/epoch - 25ms/step
Epoch 94/100
4003/4003 - 103s - loss: 0.6515 - categorical_accuracy: 0.7724 - val_loss: 0.6573 - val_categorical_accuracy: 0.7692 - lr: 1.0000e-04 - 103s/epoch - 26ms/step
Epoch 95/100
4003/4003 - 102s - loss: 0.6516 - categorical_accuracy: 0.7727 - val_loss: 0.6569 - val_categorical_accuracy: 0.7691 - lr: 1.0000e-04 - 102s/epoch - 26ms/step
[92m
Saved model to: [0m trained_intnets/jedinet_exploration_2
Loss vs epochs plot saved to trained_intnets/jedinet_exploration_2.
Accuracy vs epochs plot saved to trained_intnets/jedinet_exploration_2.
[92m
Plots done! 📊[0m
