[96m
GPU: NVIDIA GeForce GTX 1080 Ti[0m
[95m
DATA DETAILS[0m
[95m-----------[0m
data_folder: /work/deodagiu/ki_data/intnet_input
norm: standard
train_events: -1
test_events: 0
pt_min: 2.0
nconstituents: 16
feature_selection: jedinet

----------------
[92mData loading complete:[0m
Training data size: 5.72e+05
Test data size: 0.00e+00
----------------

Shuffling constituents...
[92mShuffled the training data! 🃏
[0m
Instantiating model with the hyperparameters:
effects_nnodes: 50
dynamic_nnodes: 50
abstrac_nnodes: 50
effects_activ: relu
dynamic_activ: relu
abstrac_activ: selu
neffects: 14
ndynamics: 12
l2: 0.01
summation: True
[92mModel compiled and built![0m
[95m

TRAINING THE MODEL 💪[0m

Training parameters
-------------------
[92mOptimiser: 	[0m {'name': 'Adam', 'learning_rate': 0.0001, 'decay': 0.0, 'beta_1': 0.9, 'beta_2': 0.999, 'epsilon': 1e-07, 'amsgrad': False}
[92mBatch size: 	[0m 100
[92mLearning rate: 	[0m 0.0001
[92mTraining epochs:[0m 100
[92mLoss: 		[0m categorical_crossentropy

Epoch 1/100
4003/4003 - 37s - loss: 1.1620 - categorical_accuracy: 0.5519 - val_loss: 0.9931 - val_categorical_accuracy: 0.6282 - lr: 1.0000e-04 - 37s/epoch - 9ms/step
Epoch 2/100
4003/4003 - 35s - loss: 0.9470 - categorical_accuracy: 0.6535 - val_loss: 0.9058 - val_categorical_accuracy: 0.6748 - lr: 1.0000e-04 - 35s/epoch - 9ms/step
Epoch 3/100
4003/4003 - 35s - loss: 0.8753 - categorical_accuracy: 0.6873 - val_loss: 0.8379 - val_categorical_accuracy: 0.7003 - lr: 1.0000e-04 - 35s/epoch - 9ms/step
Epoch 4/100
4003/4003 - 35s - loss: 0.8227 - categorical_accuracy: 0.7071 - val_loss: 0.7915 - val_categorical_accuracy: 0.7185 - lr: 1.0000e-04 - 35s/epoch - 9ms/step
Epoch 5/100
4003/4003 - 35s - loss: 0.7828 - categorical_accuracy: 0.7223 - val_loss: 0.7646 - val_categorical_accuracy: 0.7288 - lr: 1.0000e-04 - 35s/epoch - 9ms/step
Epoch 6/100
4003/4003 - 35s - loss: 0.7581 - categorical_accuracy: 0.7324 - val_loss: 0.7461 - val_categorical_accuracy: 0.7353 - lr: 1.0000e-04 - 35s/epoch - 9ms/step
Epoch 7/100
4003/4003 - 36s - loss: 0.7420 - categorical_accuracy: 0.7381 - val_loss: 0.7344 - val_categorical_accuracy: 0.7413 - lr: 1.0000e-04 - 36s/epoch - 9ms/step
Epoch 8/100
4003/4003 - 35s - loss: 0.7303 - categorical_accuracy: 0.7425 - val_loss: 0.7229 - val_categorical_accuracy: 0.7446 - lr: 1.0000e-04 - 35s/epoch - 9ms/step
Epoch 9/100
4003/4003 - 35s - loss: 0.7214 - categorical_accuracy: 0.7460 - val_loss: 0.7150 - val_categorical_accuracy: 0.7470 - lr: 1.0000e-04 - 35s/epoch - 9ms/step
Epoch 10/100
4003/4003 - 35s - loss: 0.7144 - categorical_accuracy: 0.7488 - val_loss: 0.7148 - val_categorical_accuracy: 0.7477 - lr: 1.0000e-04 - 35s/epoch - 9ms/step
Epoch 11/100
4003/4003 - 36s - loss: 0.7090 - categorical_accuracy: 0.7505 - val_loss: 0.7060 - val_categorical_accuracy: 0.7514 - lr: 1.0000e-04 - 36s/epoch - 9ms/step
Epoch 12/100
4003/4003 - 35s - loss: 0.7038 - categorical_accuracy: 0.7532 - val_loss: 0.7099 - val_categorical_accuracy: 0.7501 - lr: 1.0000e-04 - 35s/epoch - 9ms/step
Epoch 13/100
4003/4003 - 35s - loss: 0.7006 - categorical_accuracy: 0.7540 - val_loss: 0.7007 - val_categorical_accuracy: 0.7541 - lr: 1.0000e-04 - 35s/epoch - 9ms/step
Epoch 14/100
4003/4003 - 35s - loss: 0.6964 - categorical_accuracy: 0.7556 - val_loss: 0.6990 - val_categorical_accuracy: 0.7529 - lr: 1.0000e-04 - 35s/epoch - 9ms/step
Epoch 15/100
4003/4003 - 37s - loss: 0.6931 - categorical_accuracy: 0.7568 - val_loss: 0.6896 - val_categorical_accuracy: 0.7574 - lr: 1.0000e-04 - 37s/epoch - 9ms/step
Epoch 16/100
4003/4003 - 35s - loss: 0.6906 - categorical_accuracy: 0.7576 - val_loss: 0.6868 - val_categorical_accuracy: 0.7580 - lr: 1.0000e-04 - 35s/epoch - 9ms/step
Epoch 17/100
4003/4003 - 35s - loss: 0.6878 - categorical_accuracy: 0.7589 - val_loss: 0.6899 - val_categorical_accuracy: 0.7564 - lr: 1.0000e-04 - 35s/epoch - 9ms/step
Epoch 18/100
4003/4003 - 35s - loss: 0.6856 - categorical_accuracy: 0.7596 - val_loss: 0.6888 - val_categorical_accuracy: 0.7567 - lr: 1.0000e-04 - 35s/epoch - 9ms/step
Epoch 19/100
4003/4003 - 35s - loss: 0.6835 - categorical_accuracy: 0.7604 - val_loss: 0.6854 - val_categorical_accuracy: 0.7589 - lr: 1.0000e-04 - 35s/epoch - 9ms/step
Epoch 20/100
4003/4003 - 35s - loss: 0.6818 - categorical_accuracy: 0.7608 - val_loss: 0.6897 - val_categorical_accuracy: 0.7568 - lr: 1.0000e-04 - 35s/epoch - 9ms/step
Epoch 21/100
4003/4003 - 35s - loss: 0.6795 - categorical_accuracy: 0.7618 - val_loss: 0.6908 - val_categorical_accuracy: 0.7553 - lr: 1.0000e-04 - 35s/epoch - 9ms/step
Epoch 22/100
4003/4003 - 35s - loss: 0.6778 - categorical_accuracy: 0.7624 - val_loss: 0.6772 - val_categorical_accuracy: 0.7618 - lr: 1.0000e-04 - 35s/epoch - 9ms/step
Epoch 23/100
4003/4003 - 35s - loss: 0.6760 - categorical_accuracy: 0.7633 - val_loss: 0.6788 - val_categorical_accuracy: 0.7611 - lr: 1.0000e-04 - 35s/epoch - 9ms/step
Epoch 24/100
4003/4003 - 36s - loss: 0.6748 - categorical_accuracy: 0.7632 - val_loss: 0.6790 - val_categorical_accuracy: 0.7608 - lr: 1.0000e-04 - 36s/epoch - 9ms/step
Epoch 25/100
4003/4003 - 35s - loss: 0.6734 - categorical_accuracy: 0.7641 - val_loss: 0.6791 - val_categorical_accuracy: 0.7613 - lr: 1.0000e-04 - 35s/epoch - 9ms/step
Epoch 26/100
4003/4003 - 35s - loss: 0.6723 - categorical_accuracy: 0.7646 - val_loss: 0.6733 - val_categorical_accuracy: 0.7631 - lr: 1.0000e-04 - 35s/epoch - 9ms/step
Epoch 27/100
4003/4003 - 35s - loss: 0.6711 - categorical_accuracy: 0.7643 - val_loss: 0.6712 - val_categorical_accuracy: 0.7637 - lr: 1.0000e-04 - 35s/epoch - 9ms/step
Epoch 28/100
4003/4003 - 35s - loss: 0.6692 - categorical_accuracy: 0.7652 - val_loss: 0.6741 - val_categorical_accuracy: 0.7623 - lr: 1.0000e-04 - 35s/epoch - 9ms/step
Epoch 29/100
4003/4003 - 35s - loss: 0.6685 - categorical_accuracy: 0.7661 - val_loss: 0.6688 - val_categorical_accuracy: 0.7643 - lr: 1.0000e-04 - 35s/epoch - 9ms/step
Epoch 30/100
4003/4003 - 35s - loss: 0.6673 - categorical_accuracy: 0.7664 - val_loss: 0.6706 - val_categorical_accuracy: 0.7633 - lr: 1.0000e-04 - 35s/epoch - 9ms/step
Epoch 31/100
4003/4003 - 35s - loss: 0.6661 - categorical_accuracy: 0.7665 - val_loss: 0.6703 - val_categorical_accuracy: 0.7637 - lr: 1.0000e-04 - 35s/epoch - 9ms/step
Epoch 32/100
4003/4003 - 36s - loss: 0.6651 - categorical_accuracy: 0.7668 - val_loss: 0.6674 - val_categorical_accuracy: 0.7650 - lr: 1.0000e-04 - 36s/epoch - 9ms/step
Epoch 33/100
4003/4003 - 35s - loss: 0.6642 - categorical_accuracy: 0.7675 - val_loss: 0.6650 - val_categorical_accuracy: 0.7654 - lr: 1.0000e-04 - 35s/epoch - 9ms/step
Epoch 34/100
4003/4003 - 35s - loss: 0.6633 - categorical_accuracy: 0.7677 - val_loss: 0.6690 - val_categorical_accuracy: 0.7644 - lr: 1.0000e-04 - 35s/epoch - 9ms/step
Epoch 35/100
4003/4003 - 35s - loss: 0.6624 - categorical_accuracy: 0.7680 - val_loss: 0.6643 - val_categorical_accuracy: 0.7664 - lr: 1.0000e-04 - 35s/epoch - 9ms/step
Epoch 36/100
4003/4003 - 35s - loss: 0.6615 - categorical_accuracy: 0.7683 - val_loss: 0.6664 - val_categorical_accuracy: 0.7648 - lr: 1.0000e-04 - 35s/epoch - 9ms/step
Epoch 37/100
4003/4003 - 35s - loss: 0.6605 - categorical_accuracy: 0.7684 - val_loss: 0.6675 - val_categorical_accuracy: 0.7649 - lr: 1.0000e-04 - 35s/epoch - 9ms/step
Epoch 38/100
4003/4003 - 35s - loss: 0.6599 - categorical_accuracy: 0.7685 - val_loss: 0.6628 - val_categorical_accuracy: 0.7670 - lr: 1.0000e-04 - 35s/epoch - 9ms/step
Epoch 39/100
4003/4003 - 35s - loss: 0.6592 - categorical_accuracy: 0.7688 - val_loss: 0.6680 - val_categorical_accuracy: 0.7656 - lr: 1.0000e-04 - 35s/epoch - 9ms/step
Epoch 40/100
4003/4003 - 35s - loss: 0.6583 - categorical_accuracy: 0.7695 - val_loss: 0.6618 - val_categorical_accuracy: 0.7666 - lr: 1.0000e-04 - 35s/epoch - 9ms/step
Epoch 41/100
4003/4003 - 36s - loss: 0.6574 - categorical_accuracy: 0.7697 - val_loss: 0.6620 - val_categorical_accuracy: 0.7666 - lr: 1.0000e-04 - 36s/epoch - 9ms/step
Epoch 42/100
4003/4003 - 35s - loss: 0.6569 - categorical_accuracy: 0.7702 - val_loss: 0.6643 - val_categorical_accuracy: 0.7666 - lr: 1.0000e-04 - 35s/epoch - 9ms/step
Epoch 43/100
4003/4003 - 35s - loss: 0.6566 - categorical_accuracy: 0.7698 - val_loss: 0.6676 - val_categorical_accuracy: 0.7643 - lr: 1.0000e-04 - 35s/epoch - 9ms/step
Epoch 44/100
4003/4003 - 35s - loss: 0.6559 - categorical_accuracy: 0.7698 - val_loss: 0.6587 - val_categorical_accuracy: 0.7679 - lr: 1.0000e-04 - 35s/epoch - 9ms/step
Epoch 45/100
4003/4003 - 35s - loss: 0.6550 - categorical_accuracy: 0.7702 - val_loss: 0.6713 - val_categorical_accuracy: 0.7644 - lr: 1.0000e-04 - 35s/epoch - 9ms/step
Epoch 46/100
4003/4003 - 35s - loss: 0.6542 - categorical_accuracy: 0.7709 - val_loss: 0.6602 - val_categorical_accuracy: 0.7679 - lr: 1.0000e-04 - 35s/epoch - 9ms/step
Epoch 47/100
4003/4003 - 35s - loss: 0.6537 - categorical_accuracy: 0.7708 - val_loss: 0.6666 - val_categorical_accuracy: 0.7657 - lr: 1.0000e-04 - 35s/epoch - 9ms/step
Epoch 48/100
4003/4003 - 35s - loss: 0.6535 - categorical_accuracy: 0.7705 - val_loss: 0.6769 - val_categorical_accuracy: 0.7605 - lr: 1.0000e-04 - 35s/epoch - 9ms/step
Epoch 49/100
4003/4003 - 36s - loss: 0.6525 - categorical_accuracy: 0.7713 - val_loss: 0.6612 - val_categorical_accuracy: 0.7667 - lr: 1.0000e-04 - 36s/epoch - 9ms/step
Epoch 50/100
4003/4003 - 35s - loss: 0.6524 - categorical_accuracy: 0.7710 - val_loss: 0.6571 - val_categorical_accuracy: 0.7687 - lr: 1.0000e-04 - 35s/epoch - 9ms/step
Epoch 51/100
4003/4003 - 35s - loss: 0.6516 - categorical_accuracy: 0.7718 - val_loss: 0.6607 - val_categorical_accuracy: 0.7675 - lr: 1.0000e-04 - 35s/epoch - 9ms/step
Epoch 52/100
4003/4003 - 35s - loss: 0.6509 - categorical_accuracy: 0.7721 - val_loss: 0.6554 - val_categorical_accuracy: 0.7695 - lr: 1.0000e-04 - 35s/epoch - 9ms/step
Epoch 53/100
4003/4003 - 35s - loss: 0.6510 - categorical_accuracy: 0.7721 - val_loss: 0.6641 - val_categorical_accuracy: 0.7652 - lr: 1.0000e-04 - 35s/epoch - 9ms/step
Epoch 54/100
4003/4003 - 35s - loss: 0.6500 - categorical_accuracy: 0.7723 - val_loss: 0.6617 - val_categorical_accuracy: 0.7672 - lr: 1.0000e-04 - 35s/epoch - 9ms/step
Epoch 55/100
4003/4003 - 35s - loss: 0.6496 - categorical_accuracy: 0.7724 - val_loss: 0.6558 - val_categorical_accuracy: 0.7689 - lr: 1.0000e-04 - 35s/epoch - 9ms/step
Epoch 56/100
4003/4003 - 35s - loss: 0.6494 - categorical_accuracy: 0.7725 - val_loss: 0.6562 - val_categorical_accuracy: 0.7701 - lr: 1.0000e-04 - 35s/epoch - 9ms/step
Epoch 57/100
4003/4003 - 35s - loss: 0.6489 - categorical_accuracy: 0.7729 - val_loss: 0.6575 - val_categorical_accuracy: 0.7682 - lr: 1.0000e-04 - 35s/epoch - 9ms/step
Epoch 58/100
4003/4003 - 36s - loss: 0.6484 - categorical_accuracy: 0.7731 - val_loss: 0.6539 - val_categorical_accuracy: 0.7698 - lr: 1.0000e-04 - 36s/epoch - 9ms/step
Epoch 59/100
4003/4003 - 35s - loss: 0.6478 - categorical_accuracy: 0.7730 - val_loss: 0.6500 - val_categorical_accuracy: 0.7716 - lr: 1.0000e-04 - 35s/epoch - 9ms/step
Epoch 60/100
4003/4003 - 35s - loss: 0.6474 - categorical_accuracy: 0.7733 - val_loss: 0.6610 - val_categorical_accuracy: 0.7676 - lr: 1.0000e-04 - 35s/epoch - 9ms/step
Epoch 61/100
4003/4003 - 35s - loss: 0.6469 - categorical_accuracy: 0.7735 - val_loss: 0.6548 - val_categorical_accuracy: 0.7704 - lr: 1.0000e-04 - 35s/epoch - 9ms/step
Epoch 62/100
4003/4003 - 35s - loss: 0.6460 - categorical_accuracy: 0.7740 - val_loss: 0.6557 - val_categorical_accuracy: 0.7688 - lr: 1.0000e-04 - 35s/epoch - 9ms/step
Epoch 63/100
4003/4003 - 35s - loss: 0.6461 - categorical_accuracy: 0.7741 - val_loss: 0.6524 - val_categorical_accuracy: 0.7708 - lr: 1.0000e-04 - 35s/epoch - 9ms/step
Epoch 64/100
4003/4003 - 35s - loss: 0.6451 - categorical_accuracy: 0.7741 - val_loss: 0.6529 - val_categorical_accuracy: 0.7704 - lr: 1.0000e-04 - 35s/epoch - 9ms/step
Epoch 65/100
4003/4003 - 35s - loss: 0.6452 - categorical_accuracy: 0.7745 - val_loss: 0.6516 - val_categorical_accuracy: 0.7704 - lr: 1.0000e-04 - 35s/epoch - 9ms/step
Epoch 66/100
4003/4003 - 36s - loss: 0.6448 - categorical_accuracy: 0.7748 - val_loss: 0.6507 - val_categorical_accuracy: 0.7711 - lr: 1.0000e-04 - 36s/epoch - 9ms/step
Epoch 67/100
4003/4003 - 35s - loss: 0.6444 - categorical_accuracy: 0.7745 - val_loss: 0.6626 - val_categorical_accuracy: 0.7664 - lr: 1.0000e-04 - 35s/epoch - 9ms/step
Epoch 68/100
4003/4003 - 35s - loss: 0.6442 - categorical_accuracy: 0.7748 - val_loss: 0.6502 - val_categorical_accuracy: 0.7717 - lr: 1.0000e-04 - 35s/epoch - 9ms/step
Epoch 69/100
4003/4003 - 35s - loss: 0.6432 - categorical_accuracy: 0.7750 - val_loss: 0.6581 - val_categorical_accuracy: 0.7681 - lr: 1.0000e-04 - 35s/epoch - 9ms/step
Epoch 70/100
4003/4003 - 35s - loss: 0.6431 - categorical_accuracy: 0.7749 - val_loss: 0.6545 - val_categorical_accuracy: 0.7691 - lr: 1.0000e-04 - 35s/epoch - 9ms/step
Epoch 71/100
4003/4003 - 35s - loss: 0.6427 - categorical_accuracy: 0.7755 - val_loss: 0.6517 - val_categorical_accuracy: 0.7712 - lr: 1.0000e-04 - 35s/epoch - 9ms/step
Epoch 72/100
4003/4003 - 35s - loss: 0.6425 - categorical_accuracy: 0.7751 - val_loss: 0.6543 - val_categorical_accuracy: 0.7698 - lr: 1.0000e-04 - 35s/epoch - 9ms/step
Epoch 73/100
4003/4003 - 35s - loss: 0.6419 - categorical_accuracy: 0.7756 - val_loss: 0.6522 - val_categorical_accuracy: 0.7709 - lr: 1.0000e-04 - 35s/epoch - 9ms/step
Epoch 74/100
4003/4003 - 35s - loss: 0.6414 - categorical_accuracy: 0.7753 - val_loss: 0.6477 - val_categorical_accuracy: 0.7726 - lr: 1.0000e-04 - 35s/epoch - 9ms/step
Epoch 75/100
4003/4003 - 36s - loss: 0.6411 - categorical_accuracy: 0.7760 - val_loss: 0.6485 - val_categorical_accuracy: 0.7722 - lr: 1.0000e-04 - 36s/epoch - 9ms/step
Epoch 76/100
4003/4003 - 35s - loss: 0.6408 - categorical_accuracy: 0.7758 - val_loss: 0.6497 - val_categorical_accuracy: 0.7720 - lr: 1.0000e-04 - 35s/epoch - 9ms/step
Epoch 77/100
4003/4003 - 35s - loss: 0.6406 - categorical_accuracy: 0.7761 - val_loss: 0.6476 - val_categorical_accuracy: 0.7723 - lr: 1.0000e-04 - 35s/epoch - 9ms/step
Epoch 78/100
4003/4003 - 35s - loss: 0.6398 - categorical_accuracy: 0.7763 - val_loss: 0.6477 - val_categorical_accuracy: 0.7727 - lr: 1.0000e-04 - 35s/epoch - 9ms/step
Epoch 79/100
4003/4003 - 35s - loss: 0.6395 - categorical_accuracy: 0.7764 - val_loss: 0.6451 - val_categorical_accuracy: 0.7734 - lr: 1.0000e-04 - 35s/epoch - 9ms/step
Epoch 80/100
4003/4003 - 35s - loss: 0.6394 - categorical_accuracy: 0.7764 - val_loss: 0.6454 - val_categorical_accuracy: 0.7730 - lr: 1.0000e-04 - 35s/epoch - 9ms/step
Epoch 81/100
4003/4003 - 35s - loss: 0.6391 - categorical_accuracy: 0.7768 - val_loss: 0.6506 - val_categorical_accuracy: 0.7721 - lr: 1.0000e-04 - 35s/epoch - 9ms/step
Epoch 82/100
4003/4003 - 35s - loss: 0.6387 - categorical_accuracy: 0.7766 - val_loss: 0.6460 - val_categorical_accuracy: 0.7731 - lr: 1.0000e-04 - 35s/epoch - 9ms/step
Epoch 83/100
4003/4003 - 37s - loss: 0.6383 - categorical_accuracy: 0.7766 - val_loss: 0.6436 - val_categorical_accuracy: 0.7741 - lr: 1.0000e-04 - 37s/epoch - 9ms/step
Epoch 84/100
4003/4003 - 35s - loss: 0.6380 - categorical_accuracy: 0.7768 - val_loss: 0.6471 - val_categorical_accuracy: 0.7724 - lr: 1.0000e-04 - 35s/epoch - 9ms/step
Epoch 85/100
4003/4003 - 35s - loss: 0.6377 - categorical_accuracy: 0.7769 - val_loss: 0.6450 - val_categorical_accuracy: 0.7737 - lr: 1.0000e-04 - 35s/epoch - 9ms/step
Epoch 86/100
4003/4003 - 35s - loss: 0.6373 - categorical_accuracy: 0.7771 - val_loss: 0.6443 - val_categorical_accuracy: 0.7736 - lr: 1.0000e-04 - 35s/epoch - 9ms/step
Epoch 87/100
4003/4003 - 35s - loss: 0.6372 - categorical_accuracy: 0.7774 - val_loss: 0.6443 - val_categorical_accuracy: 0.7737 - lr: 1.0000e-04 - 35s/epoch - 9ms/step
Epoch 88/100
4003/4003 - 35s - loss: 0.6368 - categorical_accuracy: 0.7768 - val_loss: 0.6454 - val_categorical_accuracy: 0.7727 - lr: 1.0000e-04 - 35s/epoch - 9ms/step
Epoch 89/100
4003/4003 - 35s - loss: 0.6362 - categorical_accuracy: 0.7772 - val_loss: 0.6478 - val_categorical_accuracy: 0.7726 - lr: 1.0000e-04 - 35s/epoch - 9ms/step
Epoch 90/100
4003/4003 - 35s - loss: 0.6362 - categorical_accuracy: 0.7777 - val_loss: 0.6443 - val_categorical_accuracy: 0.7745 - lr: 1.0000e-04 - 35s/epoch - 9ms/step
Epoch 91/100
4003/4003 - 35s - loss: 0.6359 - categorical_accuracy: 0.7778 - val_loss: 0.6499 - val_categorical_accuracy: 0.7716 - lr: 1.0000e-04 - 35s/epoch - 9ms/step
Epoch 92/100
4003/4003 - 36s - loss: 0.6357 - categorical_accuracy: 0.7773 - val_loss: 0.6456 - val_categorical_accuracy: 0.7728 - lr: 1.0000e-04 - 36s/epoch - 9ms/step
Epoch 93/100
4003/4003 - 35s - loss: 0.6355 - categorical_accuracy: 0.7781 - val_loss: 0.6506 - val_categorical_accuracy: 0.7722 - lr: 1.0000e-04 - 35s/epoch - 9ms/step
Epoch 94/100
4003/4003 - 35s - loss: 0.6350 - categorical_accuracy: 0.7781 - val_loss: 0.6455 - val_categorical_accuracy: 0.7730 - lr: 1.0000e-04 - 35s/epoch - 9ms/step
Epoch 95/100
4003/4003 - 35s - loss: 0.6348 - categorical_accuracy: 0.7781 - val_loss: 0.6450 - val_categorical_accuracy: 0.7740 - lr: 1.0000e-04 - 35s/epoch - 9ms/step
Epoch 96/100
4003/4003 - 35s - loss: 0.6347 - categorical_accuracy: 0.7778 - val_loss: 0.6429 - val_categorical_accuracy: 0.7742 - lr: 1.0000e-04 - 35s/epoch - 9ms/step
Epoch 97/100
4003/4003 - 35s - loss: 0.6341 - categorical_accuracy: 0.7785 - val_loss: 0.6403 - val_categorical_accuracy: 0.7751 - lr: 1.0000e-04 - 35s/epoch - 9ms/step
Epoch 98/100
4003/4003 - 35s - loss: 0.6339 - categorical_accuracy: 0.7786 - val_loss: 0.6546 - val_categorical_accuracy: 0.7686 - lr: 1.0000e-04 - 35s/epoch - 9ms/step
Epoch 99/100
4003/4003 - 35s - loss: 0.6334 - categorical_accuracy: 0.7785 - val_loss: 0.6440 - val_categorical_accuracy: 0.7744 - lr: 1.0000e-04 - 35s/epoch - 9ms/step
Epoch 100/100
4003/4003 - 36s - loss: 0.6335 - categorical_accuracy: 0.7786 - val_loss: 0.6428 - val_categorical_accuracy: 0.7743 - lr: 1.0000e-04 - 36s/epoch - 9ms/step
[92m
Saved model to: [0m trained_intnets/jedinet_reproduce_standard
Loss vs epochs plot saved to trained_intnets/jedinet_reproduce_standard.
Accuracy vs epochs plot saved to trained_intnets/jedinet_reproduce_standard.
[92m
Plots done! 📊[0m
