[96m
GPU: NVIDIA GeForce GTX 1080 Ti[0m
[92mSaved hyperparameters to json file.[0m
[95m
DATA DETAILS[0m
[95m-----------[0m
data_folder: /work/deodagiu/ki_data/intnet_input
norm: robust
train_events: -1
test_events: 0
pt_min: 2.0
nconstituents: 16
feature_selection: jedinet

----------------
[92mData loading complete:[0m
Training data size: 5.72e+05
Test data size: 0.00e+00
----------------

Shuffling constituents...
[92mShuffled the training data! 🃏
[0m
Instantiating model with the hyperparameters:
effects_nnodes: 100
dynamic_nnodes: 50
abstrac_nnodes: 25
effects_activ: relu
dynamic_activ: relu
abstrac_activ: relu
neffects: 25
ndynamics: 10
l2: 0.005
summation: True
[92mModel compiled and built![0m
[95m

TRAINING THE MODEL 💪[0m

Training parameters
-------------------
[92mOptimiser: 	[0m {'name': 'Adam', 'learning_rate': 0.001, 'decay': 0.0, 'beta_1': 0.9, 'beta_2': 0.999, 'epsilon': 1e-07, 'amsgrad': False}
[92mBatch size: 	[0m 100
[92mLearning rate: 	[0m 0.001
[92mTraining epochs:[0m 200
[92mLoss: 		[0m categorical_crossentropy

Epoch 1/200
4003/4003 - 104s - loss: 1.0704 - categorical_accuracy: 0.6897 - val_loss: 0.8056 - val_categorical_accuracy: 0.7406 - lr: 0.0010 - 104s/epoch - 26ms/step
Epoch 2/200
4003/4003 - 102s - loss: 0.7977 - categorical_accuracy: 0.7361 - val_loss: 0.7564 - val_categorical_accuracy: 0.7489 - lr: 0.0010 - 102s/epoch - 25ms/step
Epoch 3/200
4003/4003 - 101s - loss: 0.7617 - categorical_accuracy: 0.7445 - val_loss: 0.7359 - val_categorical_accuracy: 0.7518 - lr: 0.0010 - 101s/epoch - 25ms/step
Epoch 4/200
4003/4003 - 101s - loss: 0.7385 - categorical_accuracy: 0.7498 - val_loss: 0.7190 - val_categorical_accuracy: 0.7549 - lr: 0.0010 - 101s/epoch - 25ms/step
Epoch 5/200
4003/4003 - 102s - loss: 0.7193 - categorical_accuracy: 0.7545 - val_loss: 0.7065 - val_categorical_accuracy: 0.7565 - lr: 0.0010 - 102s/epoch - 25ms/step
Epoch 6/200
4003/4003 - 101s - loss: 0.7029 - categorical_accuracy: 0.7574 - val_loss: 0.7001 - val_categorical_accuracy: 0.7567 - lr: 0.0010 - 101s/epoch - 25ms/step
Epoch 7/200
4003/4003 - 101s - loss: 0.6911 - categorical_accuracy: 0.7600 - val_loss: 0.7169 - val_categorical_accuracy: 0.7470 - lr: 0.0010 - 101s/epoch - 25ms/step
Epoch 8/200
4003/4003 - 102s - loss: 0.6842 - categorical_accuracy: 0.7619 - val_loss: 0.6725 - val_categorical_accuracy: 0.7648 - lr: 0.0010 - 102s/epoch - 25ms/step
Epoch 9/200
4003/4003 - 101s - loss: 0.6794 - categorical_accuracy: 0.7626 - val_loss: 0.6747 - val_categorical_accuracy: 0.7643 - lr: 0.0010 - 101s/epoch - 25ms/step
Epoch 10/200
4003/4003 - 101s - loss: 0.6753 - categorical_accuracy: 0.7648 - val_loss: 0.6744 - val_categorical_accuracy: 0.7651 - lr: 0.0010 - 101s/epoch - 25ms/step
Epoch 11/200
4003/4003 - 102s - loss: 0.6729 - categorical_accuracy: 0.7655 - val_loss: 0.6702 - val_categorical_accuracy: 0.7649 - lr: 0.0010 - 102s/epoch - 25ms/step
Epoch 12/200
4003/4003 - 101s - loss: 0.6701 - categorical_accuracy: 0.7665 - val_loss: 0.6784 - val_categorical_accuracy: 0.7652 - lr: 0.0010 - 101s/epoch - 25ms/step
Epoch 13/200
4003/4003 - 101s - loss: 0.6692 - categorical_accuracy: 0.7672 - val_loss: 0.6864 - val_categorical_accuracy: 0.7608 - lr: 0.0010 - 101s/epoch - 25ms/step
Epoch 14/200
4003/4003 - 102s - loss: 0.6664 - categorical_accuracy: 0.7679 - val_loss: 0.6610 - val_categorical_accuracy: 0.7685 - lr: 0.0010 - 102s/epoch - 25ms/step
Epoch 15/200
4003/4003 - 101s - loss: 0.6652 - categorical_accuracy: 0.7688 - val_loss: 0.6693 - val_categorical_accuracy: 0.7674 - lr: 0.0010 - 101s/epoch - 25ms/step
Epoch 16/200
4003/4003 - 101s - loss: 0.6642 - categorical_accuracy: 0.7686 - val_loss: 0.6588 - val_categorical_accuracy: 0.7707 - lr: 0.0010 - 101s/epoch - 25ms/step
Epoch 17/200
4003/4003 - 102s - loss: 0.6631 - categorical_accuracy: 0.7693 - val_loss: 0.6719 - val_categorical_accuracy: 0.7647 - lr: 0.0010 - 102s/epoch - 25ms/step
Epoch 18/200
4003/4003 - 101s - loss: 0.6620 - categorical_accuracy: 0.7697 - val_loss: 0.6827 - val_categorical_accuracy: 0.7598 - lr: 0.0010 - 101s/epoch - 25ms/step
Epoch 19/200
4003/4003 - 101s - loss: 0.6608 - categorical_accuracy: 0.7702 - val_loss: 0.6874 - val_categorical_accuracy: 0.7592 - lr: 0.0010 - 101s/epoch - 25ms/step
Epoch 20/200
4003/4003 - 102s - loss: 0.6596 - categorical_accuracy: 0.7707 - val_loss: 0.6593 - val_categorical_accuracy: 0.7700 - lr: 0.0010 - 102s/epoch - 25ms/step
Epoch 21/200
4003/4003 - 101s - loss: 0.6586 - categorical_accuracy: 0.7712 - val_loss: 0.6678 - val_categorical_accuracy: 0.7659 - lr: 0.0010 - 101s/epoch - 25ms/step
Epoch 22/200
4003/4003 - 101s - loss: 0.6576 - categorical_accuracy: 0.7713 - val_loss: 0.6558 - val_categorical_accuracy: 0.7720 - lr: 0.0010 - 101s/epoch - 25ms/step
Epoch 23/200
4003/4003 - 102s - loss: 0.6566 - categorical_accuracy: 0.7717 - val_loss: 0.6671 - val_categorical_accuracy: 0.7671 - lr: 0.0010 - 102s/epoch - 25ms/step
Epoch 24/200
4003/4003 - 101s - loss: 0.6556 - categorical_accuracy: 0.7721 - val_loss: 0.6771 - val_categorical_accuracy: 0.7630 - lr: 0.0010 - 101s/epoch - 25ms/step
Epoch 25/200
4003/4003 - 101s - loss: 0.6552 - categorical_accuracy: 0.7719 - val_loss: 0.6700 - val_categorical_accuracy: 0.7662 - lr: 0.0010 - 101s/epoch - 25ms/step
Epoch 26/200
4003/4003 - 101s - loss: 0.6547 - categorical_accuracy: 0.7727 - val_loss: 0.6558 - val_categorical_accuracy: 0.7705 - lr: 0.0010 - 101s/epoch - 25ms/step
Epoch 27/200
4003/4003 - 101s - loss: 0.6545 - categorical_accuracy: 0.7725 - val_loss: 0.6519 - val_categorical_accuracy: 0.7726 - lr: 0.0010 - 101s/epoch - 25ms/step
Epoch 28/200
4003/4003 - 101s - loss: 0.6535 - categorical_accuracy: 0.7728 - val_loss: 0.6699 - val_categorical_accuracy: 0.7649 - lr: 0.0010 - 101s/epoch - 25ms/step
Epoch 29/200
4003/4003 - 102s - loss: 0.6528 - categorical_accuracy: 0.7731 - val_loss: 0.6523 - val_categorical_accuracy: 0.7723 - lr: 0.0010 - 102s/epoch - 25ms/step
Epoch 30/200
4003/4003 - 101s - loss: 0.6525 - categorical_accuracy: 0.7734 - val_loss: 0.6572 - val_categorical_accuracy: 0.7703 - lr: 0.0010 - 101s/epoch - 25ms/step
Epoch 31/200
4003/4003 - 102s - loss: 0.6518 - categorical_accuracy: 0.7733 - val_loss: 0.6572 - val_categorical_accuracy: 0.7706 - lr: 0.0010 - 102s/epoch - 25ms/step
Epoch 32/200
4003/4003 - 101s - loss: 0.6513 - categorical_accuracy: 0.7736 - val_loss: 0.6575 - val_categorical_accuracy: 0.7706 - lr: 0.0010 - 101s/epoch - 25ms/step
Epoch 33/200
4003/4003 - 101s - loss: 0.6503 - categorical_accuracy: 0.7741 - val_loss: 0.6508 - val_categorical_accuracy: 0.7721 - lr: 0.0010 - 101s/epoch - 25ms/step
Epoch 34/200
4003/4003 - 102s - loss: 0.6500 - categorical_accuracy: 0.7744 - val_loss: 0.6494 - val_categorical_accuracy: 0.7734 - lr: 0.0010 - 102s/epoch - 26ms/step
Epoch 35/200
4003/4003 - 101s - loss: 0.6498 - categorical_accuracy: 0.7741 - val_loss: 0.6528 - val_categorical_accuracy: 0.7720 - lr: 0.0010 - 101s/epoch - 25ms/step
Epoch 36/200
4003/4003 - 102s - loss: 0.6491 - categorical_accuracy: 0.7742 - val_loss: 0.6584 - val_categorical_accuracy: 0.7698 - lr: 0.0010 - 102s/epoch - 25ms/step
Epoch 37/200
4003/4003 - 102s - loss: 0.6480 - categorical_accuracy: 0.7749 - val_loss: 0.6617 - val_categorical_accuracy: 0.7688 - lr: 0.0010 - 102s/epoch - 25ms/step
Epoch 38/200
4003/4003 - 101s - loss: 0.6483 - categorical_accuracy: 0.7749 - val_loss: 0.6483 - val_categorical_accuracy: 0.7749 - lr: 0.0010 - 101s/epoch - 25ms/step
Epoch 39/200
4003/4003 - 101s - loss: 0.6471 - categorical_accuracy: 0.7752 - val_loss: 0.6517 - val_categorical_accuracy: 0.7730 - lr: 0.0010 - 101s/epoch - 25ms/step
Epoch 40/200
4003/4003 - 102s - loss: 0.6469 - categorical_accuracy: 0.7756 - val_loss: 0.6462 - val_categorical_accuracy: 0.7740 - lr: 0.0010 - 102s/epoch - 26ms/step
Epoch 41/200
4003/4003 - 101s - loss: 0.6464 - categorical_accuracy: 0.7757 - val_loss: 0.6483 - val_categorical_accuracy: 0.7736 - lr: 0.0010 - 101s/epoch - 25ms/step
Epoch 42/200
4003/4003 - 102s - loss: 0.6462 - categorical_accuracy: 0.7754 - val_loss: 0.6607 - val_categorical_accuracy: 0.7684 - lr: 0.0010 - 102s/epoch - 25ms/step
Epoch 43/200
4003/4003 - 102s - loss: 0.6456 - categorical_accuracy: 0.7759 - val_loss: 0.6486 - val_categorical_accuracy: 0.7732 - lr: 0.0010 - 102s/epoch - 25ms/step
Epoch 44/200
4003/4003 - 101s - loss: 0.6462 - categorical_accuracy: 0.7757 - val_loss: 0.6486 - val_categorical_accuracy: 0.7728 - lr: 0.0010 - 101s/epoch - 25ms/step
Epoch 45/200
4003/4003 - 101s - loss: 0.6451 - categorical_accuracy: 0.7759 - val_loss: 0.6547 - val_categorical_accuracy: 0.7720 - lr: 0.0010 - 101s/epoch - 25ms/step
Epoch 46/200
4003/4003 - 101s - loss: 0.6444 - categorical_accuracy: 0.7762 - val_loss: 0.6565 - val_categorical_accuracy: 0.7695 - lr: 0.0010 - 101s/epoch - 25ms/step
Epoch 47/200
4003/4003 - 102s - loss: 0.6442 - categorical_accuracy: 0.7761 - val_loss: 0.6509 - val_categorical_accuracy: 0.7719 - lr: 0.0010 - 102s/epoch - 25ms/step
Epoch 48/200
4003/4003 - 101s - loss: 0.6443 - categorical_accuracy: 0.7763 - val_loss: 0.6587 - val_categorical_accuracy: 0.7697 - lr: 0.0010 - 101s/epoch - 25ms/step
Epoch 49/200
4003/4003 - 101s - loss: 0.6431 - categorical_accuracy: 0.7763 - val_loss: 0.6511 - val_categorical_accuracy: 0.7732 - lr: 0.0010 - 101s/epoch - 25ms/step
Epoch 50/200
4003/4003 - 102s - loss: 0.6436 - categorical_accuracy: 0.7763 - val_loss: 0.6481 - val_categorical_accuracy: 0.7728 - lr: 0.0010 - 102s/epoch - 25ms/step
Epoch 51/200
4003/4003 - 107s - loss: 0.6428 - categorical_accuracy: 0.7770 - val_loss: 0.6537 - val_categorical_accuracy: 0.7716 - lr: 0.0010 - 107s/epoch - 27ms/step
Epoch 52/200
4003/4003 - 101s - loss: 0.6419 - categorical_accuracy: 0.7774 - val_loss: 0.6483 - val_categorical_accuracy: 0.7732 - lr: 0.0010 - 101s/epoch - 25ms/step
Epoch 53/200
4003/4003 - 102s - loss: 0.6421 - categorical_accuracy: 0.7771 - val_loss: 0.6545 - val_categorical_accuracy: 0.7719 - lr: 0.0010 - 102s/epoch - 25ms/step
Epoch 54/200
4003/4003 - 101s - loss: 0.6374 - categorical_accuracy: 0.7786 - val_loss: 0.6470 - val_categorical_accuracy: 0.7737 - lr: 8.0000e-04 - 101s/epoch - 25ms/step
Epoch 55/200
4003/4003 - 101s - loss: 0.6371 - categorical_accuracy: 0.7787 - val_loss: 0.6489 - val_categorical_accuracy: 0.7727 - lr: 8.0000e-04 - 101s/epoch - 25ms/step
Epoch 56/200
4003/4003 - 102s - loss: 0.6369 - categorical_accuracy: 0.7789 - val_loss: 0.6402 - val_categorical_accuracy: 0.7772 - lr: 8.0000e-04 - 102s/epoch - 25ms/step
Epoch 57/200
4003/4003 - 101s - loss: 0.6361 - categorical_accuracy: 0.7791 - val_loss: 0.6440 - val_categorical_accuracy: 0.7749 - lr: 8.0000e-04 - 101s/epoch - 25ms/step
Epoch 58/200
4003/4003 - 101s - loss: 0.6359 - categorical_accuracy: 0.7792 - val_loss: 0.6435 - val_categorical_accuracy: 0.7759 - lr: 8.0000e-04 - 101s/epoch - 25ms/step
Epoch 59/200
4003/4003 - 102s - loss: 0.6356 - categorical_accuracy: 0.7794 - val_loss: 0.6389 - val_categorical_accuracy: 0.7765 - lr: 8.0000e-04 - 102s/epoch - 25ms/step
Epoch 60/200
4003/4003 - 107s - loss: 0.6357 - categorical_accuracy: 0.7791 - val_loss: 0.6589 - val_categorical_accuracy: 0.7690 - lr: 8.0000e-04 - 107s/epoch - 27ms/step
Epoch 61/200
4003/4003 - 101s - loss: 0.6356 - categorical_accuracy: 0.7791 - val_loss: 0.6417 - val_categorical_accuracy: 0.7767 - lr: 8.0000e-04 - 101s/epoch - 25ms/step
Epoch 62/200
4003/4003 - 102s - loss: 0.6352 - categorical_accuracy: 0.7794 - val_loss: 0.6441 - val_categorical_accuracy: 0.7753 - lr: 8.0000e-04 - 102s/epoch - 25ms/step
Epoch 63/200
4003/4003 - 101s - loss: 0.6345 - categorical_accuracy: 0.7798 - val_loss: 0.6393 - val_categorical_accuracy: 0.7772 - lr: 8.0000e-04 - 101s/epoch - 25ms/step
Epoch 64/200
4003/4003 - 101s - loss: 0.6345 - categorical_accuracy: 0.7790 - val_loss: 0.6522 - val_categorical_accuracy: 0.7719 - lr: 8.0000e-04 - 101s/epoch - 25ms/step
Epoch 65/200
4003/4003 - 102s - loss: 0.6345 - categorical_accuracy: 0.7791 - val_loss: 0.6462 - val_categorical_accuracy: 0.7738 - lr: 8.0000e-04 - 102s/epoch - 25ms/step
Epoch 66/200
4003/4003 - 101s - loss: 0.6343 - categorical_accuracy: 0.7796 - val_loss: 0.6393 - val_categorical_accuracy: 0.7766 - lr: 8.0000e-04 - 101s/epoch - 25ms/step
Epoch 67/200
4003/4003 - 101s - loss: 0.6340 - categorical_accuracy: 0.7798 - val_loss: 0.6451 - val_categorical_accuracy: 0.7737 - lr: 8.0000e-04 - 101s/epoch - 25ms/step
Epoch 68/200
4003/4003 - 102s - loss: 0.6338 - categorical_accuracy: 0.7798 - val_loss: 0.6455 - val_categorical_accuracy: 0.7753 - lr: 8.0000e-04 - 102s/epoch - 25ms/step
Epoch 69/200
4003/4003 - 101s - loss: 0.6333 - categorical_accuracy: 0.7803 - val_loss: 0.6569 - val_categorical_accuracy: 0.7716 - lr: 8.0000e-04 - 101s/epoch - 25ms/step
Epoch 70/200
4003/4003 - 101s - loss: 0.6333 - categorical_accuracy: 0.7801 - val_loss: 0.6533 - val_categorical_accuracy: 0.7711 - lr: 8.0000e-04 - 101s/epoch - 25ms/step
Epoch 71/200
4003/4003 - 101s - loss: 0.6333 - categorical_accuracy: 0.7801 - val_loss: 0.6447 - val_categorical_accuracy: 0.7744 - lr: 8.0000e-04 - 101s/epoch - 25ms/step
Epoch 72/200
4003/4003 - 101s - loss: 0.6292 - categorical_accuracy: 0.7810 - val_loss: 0.6405 - val_categorical_accuracy: 0.7757 - lr: 6.4000e-04 - 101s/epoch - 25ms/step
Epoch 73/200
4003/4003 - 102s - loss: 0.6293 - categorical_accuracy: 0.7813 - val_loss: 0.6402 - val_categorical_accuracy: 0.7766 - lr: 6.4000e-04 - 102s/epoch - 25ms/step
Epoch 74/200
4003/4003 - 101s - loss: 0.6289 - categorical_accuracy: 0.7819 - val_loss: 0.6369 - val_categorical_accuracy: 0.7772 - lr: 6.4000e-04 - 101s/epoch - 25ms/step
Epoch 75/200
4003/4003 - 101s - loss: 0.6288 - categorical_accuracy: 0.7813 - val_loss: 0.6397 - val_categorical_accuracy: 0.7764 - lr: 6.4000e-04 - 101s/epoch - 25ms/step
Epoch 76/200
4003/4003 - 102s - loss: 0.6284 - categorical_accuracy: 0.7815 - val_loss: 0.6379 - val_categorical_accuracy: 0.7773 - lr: 6.4000e-04 - 102s/epoch - 25ms/step
Epoch 77/200
4003/4003 - 101s - loss: 0.6287 - categorical_accuracy: 0.7818 - val_loss: 0.6401 - val_categorical_accuracy: 0.7762 - lr: 6.4000e-04 - 101s/epoch - 25ms/step
Epoch 78/200
4003/4003 - 101s - loss: 0.6280 - categorical_accuracy: 0.7816 - val_loss: 0.6403 - val_categorical_accuracy: 0.7771 - lr: 6.4000e-04 - 101s/epoch - 25ms/step
Epoch 79/200
4003/4003 - 102s - loss: 0.6276 - categorical_accuracy: 0.7823 - val_loss: 0.6334 - val_categorical_accuracy: 0.7793 - lr: 6.4000e-04 - 102s/epoch - 25ms/step
Epoch 80/200
4003/4003 - 101s - loss: 0.6279 - categorical_accuracy: 0.7817 - val_loss: 0.6378 - val_categorical_accuracy: 0.7768 - lr: 6.4000e-04 - 101s/epoch - 25ms/step
Epoch 81/200
4003/4003 - 101s - loss: 0.6281 - categorical_accuracy: 0.7814 - val_loss: 0.6376 - val_categorical_accuracy: 0.7773 - lr: 6.4000e-04 - 101s/epoch - 25ms/step
Epoch 82/200
4003/4003 - 101s - loss: 0.6277 - categorical_accuracy: 0.7819 - val_loss: 0.6343 - val_categorical_accuracy: 0.7783 - lr: 6.4000e-04 - 101s/epoch - 25ms/step
Epoch 83/200
4003/4003 - 101s - loss: 0.6275 - categorical_accuracy: 0.7820 - val_loss: 0.6358 - val_categorical_accuracy: 0.7783 - lr: 6.4000e-04 - 101s/epoch - 25ms/step
Epoch 84/200
4003/4003 - 101s - loss: 0.6276 - categorical_accuracy: 0.7818 - val_loss: 0.6353 - val_categorical_accuracy: 0.7781 - lr: 6.4000e-04 - 101s/epoch - 25ms/step
Epoch 85/200
4003/4003 - 101s - loss: 0.6276 - categorical_accuracy: 0.7820 - val_loss: 0.6352 - val_categorical_accuracy: 0.7784 - lr: 6.4000e-04 - 101s/epoch - 25ms/step
Epoch 86/200
4003/4003 - 101s - loss: 0.6268 - categorical_accuracy: 0.7823 - val_loss: 0.6384 - val_categorical_accuracy: 0.7777 - lr: 6.4000e-04 - 101s/epoch - 25ms/step
Epoch 87/200
4003/4003 - 101s - loss: 0.6274 - categorical_accuracy: 0.7817 - val_loss: 0.6381 - val_categorical_accuracy: 0.7766 - lr: 6.4000e-04 - 101s/epoch - 25ms/step
Epoch 88/200
4003/4003 - 102s - loss: 0.6267 - categorical_accuracy: 0.7824 - val_loss: 0.6388 - val_categorical_accuracy: 0.7763 - lr: 6.4000e-04 - 102s/epoch - 25ms/step
Epoch 89/200
4003/4003 - 101s - loss: 0.6265 - categorical_accuracy: 0.7819 - val_loss: 0.6391 - val_categorical_accuracy: 0.7766 - lr: 6.4000e-04 - 101s/epoch - 25ms/step
Epoch 90/200
4003/4003 - 101s - loss: 0.6265 - categorical_accuracy: 0.7822 - val_loss: 0.6363 - val_categorical_accuracy: 0.7774 - lr: 6.4000e-04 - 101s/epoch - 25ms/step
Epoch 91/200
4003/4003 - 101s - loss: 0.6269 - categorical_accuracy: 0.7820 - val_loss: 0.6458 - val_categorical_accuracy: 0.7734 - lr: 6.4000e-04 - 101s/epoch - 25ms/step
Epoch 92/200
4003/4003 - 101s - loss: 0.6266 - categorical_accuracy: 0.7820 - val_loss: 0.6342 - val_categorical_accuracy: 0.7790 - lr: 6.4000e-04 - 101s/epoch - 25ms/step
Epoch 93/200
4003/4003 - 101s - loss: 0.6264 - categorical_accuracy: 0.7821 - val_loss: 0.6404 - val_categorical_accuracy: 0.7764 - lr: 6.4000e-04 - 101s/epoch - 25ms/step
Epoch 94/200
4003/4003 - 101s - loss: 0.6260 - categorical_accuracy: 0.7825 - val_loss: 0.6421 - val_categorical_accuracy: 0.7748 - lr: 6.4000e-04 - 101s/epoch - 25ms/step
Epoch 95/200
4003/4003 - 101s - loss: 0.6233 - categorical_accuracy: 0.7836 - val_loss: 0.6361 - val_categorical_accuracy: 0.7785 - lr: 5.1200e-04 - 101s/epoch - 25ms/step
Epoch 96/200
4003/4003 - 101s - loss: 0.6233 - categorical_accuracy: 0.7834 - val_loss: 0.6358 - val_categorical_accuracy: 0.7776 - lr: 5.1200e-04 - 101s/epoch - 25ms/step
Epoch 97/200
4003/4003 - 101s - loss: 0.6231 - categorical_accuracy: 0.7833 - val_loss: 0.6356 - val_categorical_accuracy: 0.7780 - lr: 5.1200e-04 - 101s/epoch - 25ms/step
Epoch 98/200
4003/4003 - 101s - loss: 0.6229 - categorical_accuracy: 0.7836 - val_loss: 0.6401 - val_categorical_accuracy: 0.7755 - lr: 5.1200e-04 - 101s/epoch - 25ms/step
Epoch 99/200
4003/4003 - 101s - loss: 0.6227 - categorical_accuracy: 0.7839 - val_loss: 0.6341 - val_categorical_accuracy: 0.7789 - lr: 5.1200e-04 - 101s/epoch - 25ms/step
Epoch 100/200
4003/4003 - 101s - loss: 0.6226 - categorical_accuracy: 0.7841 - val_loss: 0.6334 - val_categorical_accuracy: 0.7782 - lr: 5.1200e-04 - 101s/epoch - 25ms/step
Epoch 101/200
4003/4003 - 101s - loss: 0.6227 - categorical_accuracy: 0.7838 - val_loss: 0.6438 - val_categorical_accuracy: 0.7748 - lr: 5.1200e-04 - 101s/epoch - 25ms/step
Epoch 102/200
4003/4003 - 101s - loss: 0.6225 - categorical_accuracy: 0.7835 - val_loss: 0.6346 - val_categorical_accuracy: 0.7782 - lr: 5.1200e-04 - 101s/epoch - 25ms/step
Epoch 103/200
4003/4003 - 101s - loss: 0.6222 - categorical_accuracy: 0.7835 - val_loss: 0.6339 - val_categorical_accuracy: 0.7783 - lr: 5.1200e-04 - 101s/epoch - 25ms/step
Epoch 104/200
4003/4003 - 101s - loss: 0.6222 - categorical_accuracy: 0.7838 - val_loss: 0.6323 - val_categorical_accuracy: 0.7790 - lr: 5.1200e-04 - 101s/epoch - 25ms/step
Epoch 105/200
4003/4003 - 101s - loss: 0.6221 - categorical_accuracy: 0.7838 - val_loss: 0.6424 - val_categorical_accuracy: 0.7753 - lr: 5.1200e-04 - 101s/epoch - 25ms/step
Epoch 106/200
4003/4003 - 101s - loss: 0.6224 - categorical_accuracy: 0.7837 - val_loss: 0.6342 - val_categorical_accuracy: 0.7790 - lr: 5.1200e-04 - 101s/epoch - 25ms/step
Epoch 107/200
4003/4003 - 101s - loss: 0.6221 - categorical_accuracy: 0.7839 - val_loss: 0.6341 - val_categorical_accuracy: 0.7784 - lr: 5.1200e-04 - 101s/epoch - 25ms/step
Epoch 108/200
4003/4003 - 101s - loss: 0.6216 - categorical_accuracy: 0.7842 - val_loss: 0.6328 - val_categorical_accuracy: 0.7788 - lr: 5.1200e-04 - 101s/epoch - 25ms/step
Epoch 109/200
4003/4003 - 101s - loss: 0.6219 - categorical_accuracy: 0.7838 - val_loss: 0.6353 - val_categorical_accuracy: 0.7782 - lr: 5.1200e-04 - 101s/epoch - 25ms/step
[92m
Saved model to: [0m trained_intnets/jedinet_exploration_20
Loss vs epochs plot saved to trained_intnets/jedinet_exploration_20.
Accuracy vs epochs plot saved to trained_intnets/jedinet_exploration_20.
[92m
Plots done! [0m
