[96m
GPU: NVIDIA GeForce GTX 1080 Ti[0m

----------------
[92mData loading complete:[0m
Training data size: 5.72e+05
Test data size: 0.00e+00
----------------

Shuffling constituents...
[92mShuffled the training data! 🃏
[0m
[92mNumber of constituents: 8
[0m
Instantiating model...
[92mModel compiled and built![0m
[95m
TRAINING THE MODEL 💪[0m
==================

Training parameters
-------------------
[92mOptimiser: 	[0m {'name': 'Adam', 'learning_rate': 0.0005, 'decay': 0.0, 'beta_1': 0.9, 'beta_2': 0.999, 'epsilon': 1e-07, 'amsgrad': False}
[92mBatch size: 	[0m 512
[92mTraining epochs:[0m 100
[92mLoss: 		[0m categorical_crossentropy

Epoch 1/100
782/782 - 11s - loss: 1.2607 - categorical_accuracy: 0.4709 - val_loss: 1.1329 - val_categorical_accuracy: 0.5515 - lr: 5.0000e-04 - 11s/epoch - 14ms/step
Epoch 2/100
782/782 - 5s - loss: 1.1082 - categorical_accuracy: 0.5638 - val_loss: 1.0939 - val_categorical_accuracy: 0.5650 - lr: 5.0000e-04 - 5s/epoch - 7ms/step
Epoch 3/100
782/782 - 5s - loss: 1.0758 - categorical_accuracy: 0.5816 - val_loss: 1.0558 - val_categorical_accuracy: 0.5911 - lr: 5.0000e-04 - 5s/epoch - 7ms/step
Epoch 4/100
782/782 - 5s - loss: 1.0608 - categorical_accuracy: 0.5881 - val_loss: 1.0479 - val_categorical_accuracy: 0.5942 - lr: 5.0000e-04 - 5s/epoch - 7ms/step
Epoch 5/100
782/782 - 6s - loss: 1.0468 - categorical_accuracy: 0.5955 - val_loss: 1.0418 - val_categorical_accuracy: 0.5943 - lr: 5.0000e-04 - 6s/epoch - 8ms/step
Epoch 6/100
782/782 - 5s - loss: 1.0418 - categorical_accuracy: 0.5971 - val_loss: 1.0256 - val_categorical_accuracy: 0.6069 - lr: 5.0000e-04 - 5s/epoch - 7ms/step
Epoch 7/100
782/782 - 5s - loss: 1.0351 - categorical_accuracy: 0.6006 - val_loss: 1.0309 - val_categorical_accuracy: 0.6018 - lr: 5.0000e-04 - 5s/epoch - 7ms/step
Epoch 8/100
782/782 - 5s - loss: 1.0287 - categorical_accuracy: 0.6039 - val_loss: 1.0138 - val_categorical_accuracy: 0.6122 - lr: 5.0000e-04 - 5s/epoch - 7ms/step
Epoch 9/100
782/782 - 5s - loss: 1.0241 - categorical_accuracy: 0.6063 - val_loss: 1.0096 - val_categorical_accuracy: 0.6138 - lr: 5.0000e-04 - 5s/epoch - 7ms/step
Epoch 10/100
782/782 - 5s - loss: 1.0194 - categorical_accuracy: 0.6081 - val_loss: 1.0074 - val_categorical_accuracy: 0.6147 - lr: 5.0000e-04 - 5s/epoch - 7ms/step
Epoch 11/100
782/782 - 5s - loss: 1.0164 - categorical_accuracy: 0.6091 - val_loss: 1.0095 - val_categorical_accuracy: 0.6130 - lr: 5.0000e-04 - 5s/epoch - 7ms/step
Epoch 12/100
782/782 - 5s - loss: 1.0123 - categorical_accuracy: 0.6117 - val_loss: 1.0007 - val_categorical_accuracy: 0.6168 - lr: 5.0000e-04 - 5s/epoch - 7ms/step
Epoch 13/100
782/782 - 5s - loss: 1.0097 - categorical_accuracy: 0.6123 - val_loss: 0.9964 - val_categorical_accuracy: 0.6180 - lr: 5.0000e-04 - 5s/epoch - 7ms/step
Epoch 14/100
782/782 - 5s - loss: 1.0062 - categorical_accuracy: 0.6136 - val_loss: 1.0004 - val_categorical_accuracy: 0.6171 - lr: 5.0000e-04 - 5s/epoch - 7ms/step
Epoch 15/100
782/782 - 5s - loss: 1.0021 - categorical_accuracy: 0.6158 - val_loss: 0.9923 - val_categorical_accuracy: 0.6200 - lr: 5.0000e-04 - 5s/epoch - 7ms/step
Epoch 16/100
782/782 - 5s - loss: 1.0000 - categorical_accuracy: 0.6161 - val_loss: 0.9861 - val_categorical_accuracy: 0.6228 - lr: 5.0000e-04 - 5s/epoch - 7ms/step
Epoch 17/100
782/782 - 5s - loss: 0.9988 - categorical_accuracy: 0.6168 - val_loss: 0.9854 - val_categorical_accuracy: 0.6231 - lr: 5.0000e-04 - 5s/epoch - 7ms/step
Epoch 18/100
782/782 - 5s - loss: 0.9959 - categorical_accuracy: 0.6175 - val_loss: 0.9819 - val_categorical_accuracy: 0.6243 - lr: 5.0000e-04 - 5s/epoch - 7ms/step
Epoch 19/100
782/782 - 5s - loss: 0.9919 - categorical_accuracy: 0.6197 - val_loss: 0.9798 - val_categorical_accuracy: 0.6256 - lr: 5.0000e-04 - 5s/epoch - 7ms/step
Epoch 20/100
782/782 - 5s - loss: 0.9908 - categorical_accuracy: 0.6197 - val_loss: 0.9796 - val_categorical_accuracy: 0.6260 - lr: 5.0000e-04 - 5s/epoch - 7ms/step
Epoch 21/100
782/782 - 5s - loss: 0.9898 - categorical_accuracy: 0.6205 - val_loss: 0.9759 - val_categorical_accuracy: 0.6271 - lr: 5.0000e-04 - 5s/epoch - 7ms/step
Epoch 22/100
782/782 - 5s - loss: 0.9880 - categorical_accuracy: 0.6207 - val_loss: 0.9752 - val_categorical_accuracy: 0.6257 - lr: 5.0000e-04 - 5s/epoch - 7ms/step
Epoch 23/100
782/782 - 5s - loss: 0.9881 - categorical_accuracy: 0.6199 - val_loss: 0.9714 - val_categorical_accuracy: 0.6284 - lr: 5.0000e-04 - 5s/epoch - 7ms/step
Epoch 24/100
782/782 - 5s - loss: 0.9856 - categorical_accuracy: 0.6211 - val_loss: 0.9708 - val_categorical_accuracy: 0.6283 - lr: 5.0000e-04 - 5s/epoch - 7ms/step
Epoch 25/100
782/782 - 5s - loss: 0.9840 - categorical_accuracy: 0.6219 - val_loss: 0.9697 - val_categorical_accuracy: 0.6288 - lr: 5.0000e-04 - 5s/epoch - 7ms/step
Epoch 26/100
782/782 - 6s - loss: 0.9806 - categorical_accuracy: 0.6236 - val_loss: 0.9686 - val_categorical_accuracy: 0.6289 - lr: 5.0000e-04 - 6s/epoch - 7ms/step
Epoch 27/100
782/782 - 5s - loss: 0.9817 - categorical_accuracy: 0.6232 - val_loss: 0.9700 - val_categorical_accuracy: 0.6287 - lr: 5.0000e-04 - 5s/epoch - 7ms/step
Epoch 28/100
782/782 - 5s - loss: 0.9808 - categorical_accuracy: 0.6232 - val_loss: 0.9684 - val_categorical_accuracy: 0.6307 - lr: 5.0000e-04 - 5s/epoch - 7ms/step
Epoch 29/100
782/782 - 5s - loss: 0.9774 - categorical_accuracy: 0.6248 - val_loss: 0.9737 - val_categorical_accuracy: 0.6246 - lr: 5.0000e-04 - 5s/epoch - 7ms/step
Epoch 30/100
782/782 - 5s - loss: 0.9798 - categorical_accuracy: 0.6236 - val_loss: 0.9668 - val_categorical_accuracy: 0.6306 - lr: 5.0000e-04 - 5s/epoch - 7ms/step
Epoch 31/100
782/782 - 5s - loss: 0.9763 - categorical_accuracy: 0.6249 - val_loss: 0.9618 - val_categorical_accuracy: 0.6328 - lr: 5.0000e-04 - 5s/epoch - 7ms/step
Epoch 32/100
782/782 - 5s - loss: 0.9755 - categorical_accuracy: 0.6260 - val_loss: 0.9611 - val_categorical_accuracy: 0.6329 - lr: 5.0000e-04 - 5s/epoch - 7ms/step
Epoch 33/100
782/782 - 5s - loss: 0.9734 - categorical_accuracy: 0.6262 - val_loss: 0.9707 - val_categorical_accuracy: 0.6271 - lr: 5.0000e-04 - 5s/epoch - 7ms/step
Epoch 34/100
782/782 - 5s - loss: 0.9742 - categorical_accuracy: 0.6259 - val_loss: 0.9620 - val_categorical_accuracy: 0.6319 - lr: 5.0000e-04 - 5s/epoch - 7ms/step
Epoch 35/100
782/782 - 5s - loss: 0.9738 - categorical_accuracy: 0.6259 - val_loss: 0.9603 - val_categorical_accuracy: 0.6336 - lr: 5.0000e-04 - 5s/epoch - 7ms/step
Epoch 36/100
782/782 - 5s - loss: 0.9728 - categorical_accuracy: 0.6267 - val_loss: 0.9676 - val_categorical_accuracy: 0.6290 - lr: 5.0000e-04 - 5s/epoch - 7ms/step
Epoch 37/100
782/782 - 5s - loss: 0.9719 - categorical_accuracy: 0.6266 - val_loss: 0.9836 - val_categorical_accuracy: 0.6206 - lr: 5.0000e-04 - 5s/epoch - 7ms/step
Epoch 38/100
782/782 - 5s - loss: 0.9723 - categorical_accuracy: 0.6265 - val_loss: 0.9598 - val_categorical_accuracy: 0.6338 - lr: 5.0000e-04 - 5s/epoch - 7ms/step
Epoch 39/100
782/782 - 5s - loss: 0.9705 - categorical_accuracy: 0.6275 - val_loss: 0.9741 - val_categorical_accuracy: 0.6254 - lr: 5.0000e-04 - 5s/epoch - 7ms/step
Epoch 40/100
782/782 - 5s - loss: 0.9713 - categorical_accuracy: 0.6274 - val_loss: 0.9635 - val_categorical_accuracy: 0.6292 - lr: 5.0000e-04 - 5s/epoch - 7ms/step
Epoch 41/100
782/782 - 5s - loss: 0.9679 - categorical_accuracy: 0.6289 - val_loss: 0.9618 - val_categorical_accuracy: 0.6294 - lr: 5.0000e-04 - 5s/epoch - 7ms/step
Epoch 42/100
782/782 - 5s - loss: 0.9688 - categorical_accuracy: 0.6279 - val_loss: 0.9566 - val_categorical_accuracy: 0.6341 - lr: 5.0000e-04 - 5s/epoch - 7ms/step
Epoch 43/100
782/782 - 5s - loss: 0.9677 - categorical_accuracy: 0.6289 - val_loss: 0.9531 - val_categorical_accuracy: 0.6358 - lr: 5.0000e-04 - 5s/epoch - 7ms/step
Epoch 44/100
782/782 - 5s - loss: 0.9696 - categorical_accuracy: 0.6276 - val_loss: 0.9545 - val_categorical_accuracy: 0.6356 - lr: 5.0000e-04 - 5s/epoch - 7ms/step
Epoch 45/100
782/782 - 5s - loss: 0.9653 - categorical_accuracy: 0.6298 - val_loss: 0.9518 - val_categorical_accuracy: 0.6362 - lr: 5.0000e-04 - 5s/epoch - 7ms/step
Epoch 46/100
782/782 - 5s - loss: 0.9656 - categorical_accuracy: 0.6294 - val_loss: 0.9546 - val_categorical_accuracy: 0.6348 - lr: 5.0000e-04 - 5s/epoch - 7ms/step
Epoch 47/100
782/782 - 5s - loss: 0.9645 - categorical_accuracy: 0.6301 - val_loss: 0.9516 - val_categorical_accuracy: 0.6363 - lr: 5.0000e-04 - 5s/epoch - 7ms/step
Epoch 48/100
782/782 - 5s - loss: 0.9674 - categorical_accuracy: 0.6279 - val_loss: 0.9578 - val_categorical_accuracy: 0.6337 - lr: 5.0000e-04 - 5s/epoch - 7ms/step
Epoch 49/100
782/782 - 5s - loss: 0.9639 - categorical_accuracy: 0.6304 - val_loss: 0.9535 - val_categorical_accuracy: 0.6346 - lr: 5.0000e-04 - 5s/epoch - 7ms/step
Epoch 50/100
782/782 - 5s - loss: 0.9642 - categorical_accuracy: 0.6302 - val_loss: 0.9532 - val_categorical_accuracy: 0.6346 - lr: 5.0000e-04 - 5s/epoch - 7ms/step
Epoch 51/100
782/782 - 5s - loss: 0.9636 - categorical_accuracy: 0.6305 - val_loss: 0.9497 - val_categorical_accuracy: 0.6379 - lr: 5.0000e-04 - 5s/epoch - 7ms/step
Epoch 52/100
782/782 - 5s - loss: 0.9625 - categorical_accuracy: 0.6307 - val_loss: 0.9582 - val_categorical_accuracy: 0.6323 - lr: 5.0000e-04 - 5s/epoch - 7ms/step
Epoch 53/100
782/782 - 5s - loss: 0.9619 - categorical_accuracy: 0.6307 - val_loss: 0.9623 - val_categorical_accuracy: 0.6298 - lr: 5.0000e-04 - 5s/epoch - 7ms/step
Epoch 54/100
782/782 - 5s - loss: 0.9620 - categorical_accuracy: 0.6306 - val_loss: 0.9481 - val_categorical_accuracy: 0.6384 - lr: 5.0000e-04 - 5s/epoch - 7ms/step
Epoch 55/100
782/782 - 5s - loss: 0.9611 - categorical_accuracy: 0.6315 - val_loss: 0.9488 - val_categorical_accuracy: 0.6375 - lr: 5.0000e-04 - 5s/epoch - 7ms/step
Epoch 56/100
782/782 - 5s - loss: 0.9627 - categorical_accuracy: 0.6309 - val_loss: 0.9594 - val_categorical_accuracy: 0.6300 - lr: 5.0000e-04 - 5s/epoch - 7ms/step
Epoch 57/100
782/782 - 5s - loss: 0.9595 - categorical_accuracy: 0.6324 - val_loss: 0.9468 - val_categorical_accuracy: 0.6387 - lr: 5.0000e-04 - 5s/epoch - 7ms/step
Epoch 58/100
782/782 - 5s - loss: 0.9581 - categorical_accuracy: 0.6328 - val_loss: 0.9450 - val_categorical_accuracy: 0.6394 - lr: 5.0000e-04 - 5s/epoch - 7ms/step
Epoch 59/100
782/782 - 5s - loss: 0.9584 - categorical_accuracy: 0.6327 - val_loss: 0.9683 - val_categorical_accuracy: 0.6275 - lr: 5.0000e-04 - 5s/epoch - 7ms/step
Epoch 60/100
782/782 - 5s - loss: 0.9578 - categorical_accuracy: 0.6327 - val_loss: 0.9467 - val_categorical_accuracy: 0.6396 - lr: 5.0000e-04 - 5s/epoch - 7ms/step
Epoch 61/100
782/782 - 6s - loss: 0.9564 - categorical_accuracy: 0.6331 - val_loss: 0.9447 - val_categorical_accuracy: 0.6385 - lr: 5.0000e-04 - 6s/epoch - 8ms/step
Epoch 62/100
782/782 - 5s - loss: 0.9560 - categorical_accuracy: 0.6339 - val_loss: 0.9433 - val_categorical_accuracy: 0.6406 - lr: 5.0000e-04 - 5s/epoch - 7ms/step
Epoch 63/100
782/782 - 5s - loss: 0.9576 - categorical_accuracy: 0.6326 - val_loss: 0.9455 - val_categorical_accuracy: 0.6394 - lr: 5.0000e-04 - 5s/epoch - 7ms/step
Epoch 64/100
782/782 - 5s - loss: 0.9568 - categorical_accuracy: 0.6330 - val_loss: 0.9450 - val_categorical_accuracy: 0.6390 - lr: 5.0000e-04 - 5s/epoch - 7ms/step
Epoch 65/100
782/782 - 5s - loss: 0.9563 - categorical_accuracy: 0.6338 - val_loss: 0.9441 - val_categorical_accuracy: 0.6398 - lr: 5.0000e-04 - 5s/epoch - 7ms/step
Epoch 66/100
782/782 - 5s - loss: 0.9563 - categorical_accuracy: 0.6333 - val_loss: 0.9433 - val_categorical_accuracy: 0.6400 - lr: 5.0000e-04 - 5s/epoch - 7ms/step
Epoch 67/100
782/782 - 5s - loss: 0.9554 - categorical_accuracy: 0.6334 - val_loss: 0.9462 - val_categorical_accuracy: 0.6387 - lr: 5.0000e-04 - 5s/epoch - 7ms/step
Epoch 68/100
782/782 - 5s - loss: 0.9541 - categorical_accuracy: 0.6340 - val_loss: 0.9398 - val_categorical_accuracy: 0.6427 - lr: 5.0000e-04 - 5s/epoch - 7ms/step
Epoch 69/100
782/782 - 5s - loss: 0.9536 - categorical_accuracy: 0.6347 - val_loss: 0.9430 - val_categorical_accuracy: 0.6402 - lr: 5.0000e-04 - 5s/epoch - 7ms/step
Epoch 70/100
782/782 - 5s - loss: 0.9562 - categorical_accuracy: 0.6331 - val_loss: 0.9459 - val_categorical_accuracy: 0.6389 - lr: 5.0000e-04 - 5s/epoch - 7ms/step
Epoch 71/100
782/782 - 5s - loss: 0.9539 - categorical_accuracy: 0.6350 - val_loss: 0.9390 - val_categorical_accuracy: 0.6426 - lr: 5.0000e-04 - 5s/epoch - 7ms/step
Epoch 72/100
782/782 - 5s - loss: 0.9521 - categorical_accuracy: 0.6351 - val_loss: 0.9408 - val_categorical_accuracy: 0.6411 - lr: 5.0000e-04 - 5s/epoch - 7ms/step
Epoch 73/100
782/782 - 5s - loss: 0.9524 - categorical_accuracy: 0.6352 - val_loss: 0.9419 - val_categorical_accuracy: 0.6406 - lr: 5.0000e-04 - 5s/epoch - 7ms/step
Epoch 74/100
782/782 - 5s - loss: 0.9519 - categorical_accuracy: 0.6354 - val_loss: 0.9506 - val_categorical_accuracy: 0.6326 - lr: 5.0000e-04 - 5s/epoch - 7ms/step
Epoch 75/100
782/782 - 5s - loss: 0.9528 - categorical_accuracy: 0.6347 - val_loss: 0.9486 - val_categorical_accuracy: 0.6364 - lr: 5.0000e-04 - 5s/epoch - 7ms/step
Epoch 76/100
782/782 - 5s - loss: 0.9533 - categorical_accuracy: 0.6341 - val_loss: 0.9375 - val_categorical_accuracy: 0.6424 - lr: 5.0000e-04 - 5s/epoch - 7ms/step
Epoch 77/100
782/782 - 5s - loss: 0.9517 - categorical_accuracy: 0.6350 - val_loss: 0.9403 - val_categorical_accuracy: 0.6416 - lr: 5.0000e-04 - 5s/epoch - 7ms/step
Epoch 78/100
782/782 - 5s - loss: 0.9513 - categorical_accuracy: 0.6352 - val_loss: 0.9390 - val_categorical_accuracy: 0.6407 - lr: 5.0000e-04 - 5s/epoch - 7ms/step
[95m
SAVING RESULTS[0m
==============
[92m
Saved model to: [0m trained_intnets/perm_variant_1
Loss vs epochs plot saved to trained_intnets/perm_variant_1.
Accuracy vs epochs plot saved to trained_intnets/perm_variant_1.
[92m
Jobs done! 🍰✨[0m
