[96m
GPU: NVIDIA GeForce GTX 1080 Ti[0m

----------------
[92mData loading complete:[0m
Training data size: 5.72e+05
Test data size: 0.00e+00
----------------

Shuffling constituents...
[92mShuffled the training data! 🃏
[0m
[92mNumber of constituents: 8
[0m
Instantiating model...
[92mModel compiled and built![0m
[95m
TRAINING THE MODEL 💪[0m
==================

Training parameters
-------------------
[92mOptimiser: 	[0m {'name': 'Adam', 'learning_rate': 0.0005, 'decay': 0.0, 'beta_1': 0.9, 'beta_2': 0.999, 'epsilon': 1e-07, 'amsgrad': False}
[92mBatch size: 	[0m 512
[92mTraining epochs:[0m 100
[92mLoss: 		[0m categorical_crossentropy

Epoch 1/100
782/782 - 11s - loss: 1.3400 - categorical_accuracy: 0.4439 - val_loss: 1.1608 - val_categorical_accuracy: 0.5391 - lr: 5.0000e-04 - 11s/epoch - 14ms/step
Epoch 2/100
782/782 - 6s - loss: 1.1350 - categorical_accuracy: 0.5504 - val_loss: 1.1140 - val_categorical_accuracy: 0.5539 - lr: 5.0000e-04 - 6s/epoch - 7ms/step
Epoch 3/100
782/782 - 5s - loss: 1.0978 - categorical_accuracy: 0.5687 - val_loss: 1.0767 - val_categorical_accuracy: 0.5793 - lr: 5.0000e-04 - 5s/epoch - 7ms/step
Epoch 4/100
782/782 - 5s - loss: 1.0791 - categorical_accuracy: 0.5768 - val_loss: 1.0661 - val_categorical_accuracy: 0.5808 - lr: 5.0000e-04 - 5s/epoch - 7ms/step
Epoch 5/100
782/782 - 5s - loss: 1.0632 - categorical_accuracy: 0.5852 - val_loss: 1.0508 - val_categorical_accuracy: 0.5893 - lr: 5.0000e-04 - 5s/epoch - 7ms/step
Epoch 6/100
782/782 - 6s - loss: 1.0551 - categorical_accuracy: 0.5886 - val_loss: 1.0413 - val_categorical_accuracy: 0.5981 - lr: 5.0000e-04 - 6s/epoch - 7ms/step
Epoch 7/100
782/782 - 6s - loss: 1.0478 - categorical_accuracy: 0.5932 - val_loss: 1.0465 - val_categorical_accuracy: 0.5919 - lr: 5.0000e-04 - 6s/epoch - 7ms/step
Epoch 8/100
782/782 - 6s - loss: 1.0408 - categorical_accuracy: 0.5962 - val_loss: 1.0258 - val_categorical_accuracy: 0.6048 - lr: 5.0000e-04 - 6s/epoch - 7ms/step
Epoch 9/100
782/782 - 6s - loss: 1.0358 - categorical_accuracy: 0.5985 - val_loss: 1.0227 - val_categorical_accuracy: 0.6063 - lr: 5.0000e-04 - 6s/epoch - 7ms/step
Epoch 10/100
782/782 - 5s - loss: 1.0315 - categorical_accuracy: 0.6005 - val_loss: 1.0217 - val_categorical_accuracy: 0.6057 - lr: 5.0000e-04 - 5s/epoch - 7ms/step
Epoch 11/100
782/782 - 5s - loss: 1.0283 - categorical_accuracy: 0.6017 - val_loss: 1.0164 - val_categorical_accuracy: 0.6094 - lr: 5.0000e-04 - 5s/epoch - 7ms/step
Epoch 12/100
782/782 - 6s - loss: 1.0248 - categorical_accuracy: 0.6035 - val_loss: 1.0156 - val_categorical_accuracy: 0.6083 - lr: 5.0000e-04 - 6s/epoch - 7ms/step
Epoch 13/100
782/782 - 6s - loss: 1.0220 - categorical_accuracy: 0.6051 - val_loss: 1.0085 - val_categorical_accuracy: 0.6131 - lr: 5.0000e-04 - 6s/epoch - 7ms/step
Epoch 14/100
782/782 - 6s - loss: 1.0191 - categorical_accuracy: 0.6064 - val_loss: 1.0075 - val_categorical_accuracy: 0.6142 - lr: 5.0000e-04 - 6s/epoch - 7ms/step
Epoch 15/100
782/782 - 7s - loss: 1.0156 - categorical_accuracy: 0.6076 - val_loss: 1.0059 - val_categorical_accuracy: 0.6151 - lr: 5.0000e-04 - 7s/epoch - 8ms/step
Epoch 16/100
782/782 - 7s - loss: 1.0140 - categorical_accuracy: 0.6087 - val_loss: 1.0003 - val_categorical_accuracy: 0.6165 - lr: 5.0000e-04 - 7s/epoch - 9ms/step
Epoch 17/100
782/782 - 6s - loss: 1.0126 - categorical_accuracy: 0.6095 - val_loss: 1.0032 - val_categorical_accuracy: 0.6156 - lr: 5.0000e-04 - 6s/epoch - 7ms/step
Epoch 18/100
782/782 - 6s - loss: 1.0100 - categorical_accuracy: 0.6107 - val_loss: 0.9960 - val_categorical_accuracy: 0.6191 - lr: 5.0000e-04 - 6s/epoch - 7ms/step
Epoch 19/100
782/782 - 5s - loss: 1.0067 - categorical_accuracy: 0.6125 - val_loss: 1.0008 - val_categorical_accuracy: 0.6173 - lr: 5.0000e-04 - 5s/epoch - 7ms/step
Epoch 20/100
782/782 - 5s - loss: 1.0057 - categorical_accuracy: 0.6125 - val_loss: 0.9930 - val_categorical_accuracy: 0.6213 - lr: 5.0000e-04 - 5s/epoch - 7ms/step
Epoch 21/100
782/782 - 5s - loss: 1.0046 - categorical_accuracy: 0.6135 - val_loss: 0.9915 - val_categorical_accuracy: 0.6216 - lr: 5.0000e-04 - 5s/epoch - 7ms/step
Epoch 22/100
782/782 - 6s - loss: 1.0032 - categorical_accuracy: 0.6131 - val_loss: 0.9951 - val_categorical_accuracy: 0.6183 - lr: 5.0000e-04 - 6s/epoch - 7ms/step
Epoch 23/100
782/782 - 6s - loss: 1.0033 - categorical_accuracy: 0.6129 - val_loss: 0.9888 - val_categorical_accuracy: 0.6223 - lr: 5.0000e-04 - 6s/epoch - 7ms/step
Epoch 24/100
782/782 - 6s - loss: 1.0006 - categorical_accuracy: 0.6150 - val_loss: 0.9865 - val_categorical_accuracy: 0.6222 - lr: 5.0000e-04 - 6s/epoch - 7ms/step
Epoch 25/100
782/782 - 6s - loss: 0.9992 - categorical_accuracy: 0.6152 - val_loss: 0.9856 - val_categorical_accuracy: 0.6237 - lr: 5.0000e-04 - 6s/epoch - 7ms/step
Epoch 26/100
782/782 - 5s - loss: 0.9965 - categorical_accuracy: 0.6169 - val_loss: 0.9821 - val_categorical_accuracy: 0.6259 - lr: 5.0000e-04 - 5s/epoch - 7ms/step
Epoch 27/100
782/782 - 6s - loss: 0.9966 - categorical_accuracy: 0.6163 - val_loss: 0.9806 - val_categorical_accuracy: 0.6265 - lr: 5.0000e-04 - 6s/epoch - 7ms/step
Epoch 28/100
782/782 - 6s - loss: 0.9957 - categorical_accuracy: 0.6170 - val_loss: 0.9864 - val_categorical_accuracy: 0.6235 - lr: 5.0000e-04 - 6s/epoch - 7ms/step
Epoch 29/100
782/782 - 6s - loss: 0.9932 - categorical_accuracy: 0.6177 - val_loss: 0.9820 - val_categorical_accuracy: 0.6240 - lr: 5.0000e-04 - 6s/epoch - 7ms/step
Epoch 30/100
782/782 - 6s - loss: 0.9947 - categorical_accuracy: 0.6171 - val_loss: 0.9825 - val_categorical_accuracy: 0.6254 - lr: 5.0000e-04 - 6s/epoch - 7ms/step
Epoch 31/100
782/782 - 5s - loss: 0.9908 - categorical_accuracy: 0.6194 - val_loss: 0.9760 - val_categorical_accuracy: 0.6284 - lr: 5.0000e-04 - 5s/epoch - 7ms/step
Epoch 32/100
782/782 - 6s - loss: 0.9894 - categorical_accuracy: 0.6201 - val_loss: 0.9755 - val_categorical_accuracy: 0.6274 - lr: 5.0000e-04 - 6s/epoch - 7ms/step
Epoch 33/100
782/782 - 6s - loss: 0.9873 - categorical_accuracy: 0.6211 - val_loss: 0.9814 - val_categorical_accuracy: 0.6254 - lr: 5.0000e-04 - 6s/epoch - 7ms/step
Epoch 34/100
782/782 - 6s - loss: 0.9881 - categorical_accuracy: 0.6202 - val_loss: 0.9744 - val_categorical_accuracy: 0.6267 - lr: 5.0000e-04 - 6s/epoch - 7ms/step
Epoch 35/100
782/782 - 6s - loss: 0.9877 - categorical_accuracy: 0.6202 - val_loss: 0.9746 - val_categorical_accuracy: 0.6286 - lr: 5.0000e-04 - 6s/epoch - 7ms/step
Epoch 36/100
782/782 - 6s - loss: 0.9864 - categorical_accuracy: 0.6211 - val_loss: 0.9896 - val_categorical_accuracy: 0.6200 - lr: 5.0000e-04 - 6s/epoch - 7ms/step
Epoch 37/100
782/782 - 5s - loss: 0.9855 - categorical_accuracy: 0.6218 - val_loss: 0.9877 - val_categorical_accuracy: 0.6215 - lr: 5.0000e-04 - 5s/epoch - 7ms/step
Epoch 38/100
782/782 - 6s - loss: 0.9850 - categorical_accuracy: 0.6214 - val_loss: 0.9741 - val_categorical_accuracy: 0.6283 - lr: 5.0000e-04 - 6s/epoch - 7ms/step
Epoch 39/100
782/782 - 6s - loss: 0.9830 - categorical_accuracy: 0.6225 - val_loss: 0.9839 - val_categorical_accuracy: 0.6230 - lr: 5.0000e-04 - 6s/epoch - 7ms/step
Epoch 40/100
782/782 - 6s - loss: 0.9831 - categorical_accuracy: 0.6229 - val_loss: 0.9804 - val_categorical_accuracy: 0.6212 - lr: 5.0000e-04 - 6s/epoch - 7ms/step
Epoch 41/100
782/782 - 6s - loss: 0.9803 - categorical_accuracy: 0.6238 - val_loss: 0.9761 - val_categorical_accuracy: 0.6237 - lr: 5.0000e-04 - 6s/epoch - 7ms/step
Epoch 42/100
782/782 - 6s - loss: 0.9808 - categorical_accuracy: 0.6232 - val_loss: 0.9669 - val_categorical_accuracy: 0.6307 - lr: 5.0000e-04 - 6s/epoch - 7ms/step
Epoch 43/100
782/782 - 6s - loss: 0.9791 - categorical_accuracy: 0.6243 - val_loss: 0.9656 - val_categorical_accuracy: 0.6316 - lr: 5.0000e-04 - 6s/epoch - 7ms/step
Epoch 44/100
782/782 - 6s - loss: 0.9808 - categorical_accuracy: 0.6233 - val_loss: 0.9660 - val_categorical_accuracy: 0.6319 - lr: 5.0000e-04 - 6s/epoch - 7ms/step
Epoch 45/100
782/782 - 6s - loss: 0.9762 - categorical_accuracy: 0.6259 - val_loss: 0.9627 - val_categorical_accuracy: 0.6331 - lr: 5.0000e-04 - 6s/epoch - 7ms/step
Epoch 46/100
782/782 - 6s - loss: 0.9774 - categorical_accuracy: 0.6246 - val_loss: 0.9682 - val_categorical_accuracy: 0.6307 - lr: 5.0000e-04 - 6s/epoch - 7ms/step
Epoch 47/100
782/782 - 6s - loss: 0.9762 - categorical_accuracy: 0.6254 - val_loss: 0.9636 - val_categorical_accuracy: 0.6324 - lr: 5.0000e-04 - 6s/epoch - 7ms/step
Epoch 48/100
782/782 - 6s - loss: 0.9777 - categorical_accuracy: 0.6246 - val_loss: 0.9698 - val_categorical_accuracy: 0.6294 - lr: 5.0000e-04 - 6s/epoch - 7ms/step
Epoch 49/100
782/782 - 6s - loss: 0.9750 - categorical_accuracy: 0.6256 - val_loss: 0.9669 - val_categorical_accuracy: 0.6298 - lr: 5.0000e-04 - 6s/epoch - 7ms/step
Epoch 50/100
782/782 - 6s - loss: 0.9754 - categorical_accuracy: 0.6260 - val_loss: 0.9616 - val_categorical_accuracy: 0.6327 - lr: 5.0000e-04 - 6s/epoch - 7ms/step
Epoch 51/100
782/782 - 6s - loss: 0.9740 - categorical_accuracy: 0.6263 - val_loss: 0.9591 - val_categorical_accuracy: 0.6350 - lr: 5.0000e-04 - 6s/epoch - 7ms/step
Epoch 52/100
782/782 - 6s - loss: 0.9729 - categorical_accuracy: 0.6267 - val_loss: 0.9703 - val_categorical_accuracy: 0.6290 - lr: 5.0000e-04 - 6s/epoch - 7ms/step
Epoch 53/100
782/782 - 6s - loss: 0.9725 - categorical_accuracy: 0.6271 - val_loss: 0.9747 - val_categorical_accuracy: 0.6283 - lr: 5.0000e-04 - 6s/epoch - 7ms/step
Epoch 54/100
782/782 - 6s - loss: 0.9728 - categorical_accuracy: 0.6264 - val_loss: 0.9583 - val_categorical_accuracy: 0.6357 - lr: 5.0000e-04 - 6s/epoch - 7ms/step
Epoch 55/100
782/782 - 6s - loss: 0.9719 - categorical_accuracy: 0.6271 - val_loss: 0.9636 - val_categorical_accuracy: 0.6317 - lr: 5.0000e-04 - 6s/epoch - 7ms/step
Epoch 56/100
782/782 - 6s - loss: 0.9735 - categorical_accuracy: 0.6264 - val_loss: 0.9622 - val_categorical_accuracy: 0.6317 - lr: 5.0000e-04 - 6s/epoch - 7ms/step
Epoch 57/100
782/782 - 6s - loss: 0.9700 - categorical_accuracy: 0.6277 - val_loss: 0.9576 - val_categorical_accuracy: 0.6350 - lr: 5.0000e-04 - 6s/epoch - 7ms/step
Epoch 58/100
782/782 - 6s - loss: 0.9684 - categorical_accuracy: 0.6288 - val_loss: 0.9576 - val_categorical_accuracy: 0.6350 - lr: 5.0000e-04 - 6s/epoch - 7ms/step
Epoch 59/100
782/782 - 6s - loss: 0.9684 - categorical_accuracy: 0.6280 - val_loss: 0.9720 - val_categorical_accuracy: 0.6269 - lr: 5.0000e-04 - 6s/epoch - 7ms/step
Epoch 60/100
782/782 - 6s - loss: 0.9689 - categorical_accuracy: 0.6277 - val_loss: 0.9616 - val_categorical_accuracy: 0.6334 - lr: 5.0000e-04 - 6s/epoch - 7ms/step
Epoch 61/100
782/782 - 6s - loss: 0.9674 - categorical_accuracy: 0.6287 - val_loss: 0.9548 - val_categorical_accuracy: 0.6361 - lr: 5.0000e-04 - 6s/epoch - 7ms/step
Epoch 62/100
782/782 - 6s - loss: 0.9671 - categorical_accuracy: 0.6288 - val_loss: 0.9539 - val_categorical_accuracy: 0.6369 - lr: 5.0000e-04 - 6s/epoch - 7ms/step
Epoch 63/100
782/782 - 6s - loss: 0.9677 - categorical_accuracy: 0.6288 - val_loss: 0.9552 - val_categorical_accuracy: 0.6366 - lr: 5.0000e-04 - 6s/epoch - 7ms/step
Epoch 64/100
782/782 - 6s - loss: 0.9674 - categorical_accuracy: 0.6286 - val_loss: 0.9589 - val_categorical_accuracy: 0.6340 - lr: 5.0000e-04 - 6s/epoch - 7ms/step
Epoch 65/100
782/782 - 6s - loss: 0.9668 - categorical_accuracy: 0.6290 - val_loss: 0.9563 - val_categorical_accuracy: 0.6355 - lr: 5.0000e-04 - 6s/epoch - 7ms/step
Epoch 66/100
782/782 - 6s - loss: 0.9665 - categorical_accuracy: 0.6291 - val_loss: 0.9542 - val_categorical_accuracy: 0.6374 - lr: 5.0000e-04 - 6s/epoch - 7ms/step
Epoch 67/100
782/782 - 6s - loss: 0.9653 - categorical_accuracy: 0.6295 - val_loss: 0.9526 - val_categorical_accuracy: 0.6379 - lr: 5.0000e-04 - 6s/epoch - 7ms/step
Epoch 68/100
782/782 - 6s - loss: 0.9638 - categorical_accuracy: 0.6300 - val_loss: 0.9498 - val_categorical_accuracy: 0.6392 - lr: 5.0000e-04 - 6s/epoch - 8ms/step
Epoch 69/100
782/782 - 6s - loss: 0.9639 - categorical_accuracy: 0.6300 - val_loss: 0.9512 - val_categorical_accuracy: 0.6371 - lr: 5.0000e-04 - 6s/epoch - 7ms/step
Epoch 70/100
782/782 - 6s - loss: 0.9667 - categorical_accuracy: 0.6287 - val_loss: 0.9551 - val_categorical_accuracy: 0.6365 - lr: 5.0000e-04 - 6s/epoch - 7ms/step
Epoch 71/100
782/782 - 6s - loss: 0.9640 - categorical_accuracy: 0.6302 - val_loss: 0.9488 - val_categorical_accuracy: 0.6384 - lr: 5.0000e-04 - 6s/epoch - 7ms/step
Epoch 72/100
782/782 - 6s - loss: 0.9624 - categorical_accuracy: 0.6308 - val_loss: 0.9540 - val_categorical_accuracy: 0.6350 - lr: 5.0000e-04 - 6s/epoch - 7ms/step
Epoch 73/100
782/782 - 6s - loss: 0.9622 - categorical_accuracy: 0.6312 - val_loss: 0.9537 - val_categorical_accuracy: 0.6357 - lr: 5.0000e-04 - 6s/epoch - 7ms/step
Epoch 74/100
782/782 - 6s - loss: 0.9618 - categorical_accuracy: 0.6318 - val_loss: 0.9619 - val_categorical_accuracy: 0.6289 - lr: 5.0000e-04 - 6s/epoch - 7ms/step
Epoch 75/100
782/782 - 6s - loss: 0.9630 - categorical_accuracy: 0.6303 - val_loss: 0.9600 - val_categorical_accuracy: 0.6322 - lr: 5.0000e-04 - 6s/epoch - 7ms/step
Epoch 76/100
782/782 - 6s - loss: 0.9631 - categorical_accuracy: 0.6302 - val_loss: 0.9495 - val_categorical_accuracy: 0.6381 - lr: 5.0000e-04 - 6s/epoch - 7ms/step
Epoch 77/100
782/782 - 6s - loss: 0.9620 - categorical_accuracy: 0.6311 - val_loss: 0.9513 - val_categorical_accuracy: 0.6372 - lr: 5.0000e-04 - 6s/epoch - 7ms/step
Epoch 78/100
782/782 - 6s - loss: 0.9614 - categorical_accuracy: 0.6310 - val_loss: 0.9493 - val_categorical_accuracy: 0.6382 - lr: 5.0000e-04 - 6s/epoch - 7ms/step
[95m
SAVING RESULTS[0m
==============
[92m
Saved model to: [0m trained_intnets/perm_invariant_3
Loss vs epochs plot saved to trained_intnets/perm_invariant_3.
Accuracy vs epochs plot saved to trained_intnets/perm_invariant_3.
[92m
Jobs done! 🍰✨[0m
