[96m
GPU: NVIDIA GeForce GTX 1080 Ti[0m

----------------
[92mData loading complete:[0m
Training data size: 5.72e+05
Test data size: 0.00e+00
----------------

Shuffling constituents...
[92mShuffled the training data! 🃏
[0m
[92mNumber of constituents: 8
[0m
Instantiating model...
[92mModel compiled and built![0m
[95m
TRAINING THE MODEL 💪[0m
==================

Training parameters
-------------------
[92mOptimiser: 	[0m {'name': 'Adam', 'learning_rate': 0.0005, 'decay': 0.0, 'beta_1': 0.9, 'beta_2': 0.999, 'epsilon': 1e-07, 'amsgrad': False}
[92mBatch size: 	[0m 512
[92mTraining epochs:[0m 100
[92mLoss: 		[0m categorical_crossentropy

Epoch 1/100
782/782 - 39s - loss: 1.3406 - categorical_accuracy: 0.4431 - val_loss: 1.1674 - val_categorical_accuracy: 0.5356 - lr: 5.0000e-04 - 39s/epoch - 50ms/step
Epoch 2/100
782/782 - 32s - loss: 1.1353 - categorical_accuracy: 0.5495 - val_loss: 1.1108 - val_categorical_accuracy: 0.5560 - lr: 5.0000e-04 - 32s/epoch - 41ms/step
Epoch 3/100
782/782 - 32s - loss: 1.0960 - categorical_accuracy: 0.5689 - val_loss: 1.0749 - val_categorical_accuracy: 0.5799 - lr: 5.0000e-04 - 32s/epoch - 42ms/step
Epoch 4/100
782/782 - 32s - loss: 1.0776 - categorical_accuracy: 0.5779 - val_loss: 1.0617 - val_categorical_accuracy: 0.5858 - lr: 5.0000e-04 - 32s/epoch - 41ms/step
Epoch 5/100
782/782 - 32s - loss: 1.0617 - categorical_accuracy: 0.5867 - val_loss: 1.0532 - val_categorical_accuracy: 0.5881 - lr: 5.0000e-04 - 32s/epoch - 41ms/step
Epoch 6/100
782/782 - 33s - loss: 1.0540 - categorical_accuracy: 0.5906 - val_loss: 1.0393 - val_categorical_accuracy: 0.6003 - lr: 5.0000e-04 - 33s/epoch - 42ms/step
Epoch 7/100
782/782 - 32s - loss: 1.0460 - categorical_accuracy: 0.5949 - val_loss: 1.0406 - val_categorical_accuracy: 0.5963 - lr: 5.0000e-04 - 32s/epoch - 41ms/step
Epoch 8/100
782/782 - 32s - loss: 1.0391 - categorical_accuracy: 0.5987 - val_loss: 1.0235 - val_categorical_accuracy: 0.6067 - lr: 5.0000e-04 - 32s/epoch - 41ms/step
Epoch 9/100
782/782 - 32s - loss: 1.0338 - categorical_accuracy: 0.6009 - val_loss: 1.0216 - val_categorical_accuracy: 0.6085 - lr: 5.0000e-04 - 32s/epoch - 42ms/step
Epoch 10/100
782/782 - 32s - loss: 1.0303 - categorical_accuracy: 0.6024 - val_loss: 1.0216 - val_categorical_accuracy: 0.6076 - lr: 5.0000e-04 - 32s/epoch - 41ms/step
Epoch 11/100
782/782 - 32s - loss: 1.0270 - categorical_accuracy: 0.6034 - val_loss: 1.0181 - val_categorical_accuracy: 0.6102 - lr: 5.0000e-04 - 32s/epoch - 41ms/step
Epoch 12/100
782/782 - 32s - loss: 1.0235 - categorical_accuracy: 0.6056 - val_loss: 1.0145 - val_categorical_accuracy: 0.6114 - lr: 5.0000e-04 - 32s/epoch - 41ms/step
Epoch 13/100
782/782 - 32s - loss: 1.0215 - categorical_accuracy: 0.6066 - val_loss: 1.0061 - val_categorical_accuracy: 0.6155 - lr: 5.0000e-04 - 32s/epoch - 42ms/step
Epoch 14/100
782/782 - 33s - loss: 1.0183 - categorical_accuracy: 0.6081 - val_loss: 1.0097 - val_categorical_accuracy: 0.6147 - lr: 5.0000e-04 - 33s/epoch - 42ms/step
Epoch 15/100
782/782 - 32s - loss: 1.0146 - categorical_accuracy: 0.6097 - val_loss: 1.0059 - val_categorical_accuracy: 0.6159 - lr: 5.0000e-04 - 32s/epoch - 41ms/step
Epoch 16/100
782/782 - 32s - loss: 1.0126 - categorical_accuracy: 0.6110 - val_loss: 0.9998 - val_categorical_accuracy: 0.6185 - lr: 5.0000e-04 - 32s/epoch - 41ms/step
Epoch 17/100
782/782 - 32s - loss: 1.0116 - categorical_accuracy: 0.6108 - val_loss: 1.0012 - val_categorical_accuracy: 0.6184 - lr: 5.0000e-04 - 32s/epoch - 41ms/step
Epoch 18/100
782/782 - 32s - loss: 1.0088 - categorical_accuracy: 0.6116 - val_loss: 0.9962 - val_categorical_accuracy: 0.6206 - lr: 5.0000e-04 - 32s/epoch - 41ms/step
Epoch 19/100
782/782 - 32s - loss: 1.0051 - categorical_accuracy: 0.6143 - val_loss: 1.0017 - val_categorical_accuracy: 0.6172 - lr: 5.0000e-04 - 32s/epoch - 41ms/step
Epoch 20/100
782/782 - 32s - loss: 1.0039 - categorical_accuracy: 0.6139 - val_loss: 0.9919 - val_categorical_accuracy: 0.6221 - lr: 5.0000e-04 - 32s/epoch - 41ms/step
Epoch 21/100
782/782 - 32s - loss: 1.0032 - categorical_accuracy: 0.6141 - val_loss: 0.9909 - val_categorical_accuracy: 0.6227 - lr: 5.0000e-04 - 32s/epoch - 41ms/step
Epoch 22/100
782/782 - 32s - loss: 1.0013 - categorical_accuracy: 0.6149 - val_loss: 0.9926 - val_categorical_accuracy: 0.6193 - lr: 5.0000e-04 - 32s/epoch - 42ms/step
Epoch 23/100
782/782 - 32s - loss: 1.0020 - categorical_accuracy: 0.6145 - val_loss: 0.9888 - val_categorical_accuracy: 0.6224 - lr: 5.0000e-04 - 32s/epoch - 41ms/step
Epoch 24/100
782/782 - 32s - loss: 0.9989 - categorical_accuracy: 0.6161 - val_loss: 0.9866 - val_categorical_accuracy: 0.6236 - lr: 5.0000e-04 - 32s/epoch - 41ms/step
Epoch 25/100
782/782 - 32s - loss: 0.9985 - categorical_accuracy: 0.6165 - val_loss: 0.9853 - val_categorical_accuracy: 0.6246 - lr: 5.0000e-04 - 32s/epoch - 41ms/step
Epoch 26/100
782/782 - 32s - loss: 0.9955 - categorical_accuracy: 0.6173 - val_loss: 0.9826 - val_categorical_accuracy: 0.6243 - lr: 5.0000e-04 - 32s/epoch - 41ms/step
Epoch 27/100
782/782 - 32s - loss: 0.9956 - categorical_accuracy: 0.6174 - val_loss: 0.9821 - val_categorical_accuracy: 0.6259 - lr: 5.0000e-04 - 32s/epoch - 41ms/step
Epoch 28/100
782/782 - 32s - loss: 0.9960 - categorical_accuracy: 0.6164 - val_loss: 0.9845 - val_categorical_accuracy: 0.6252 - lr: 5.0000e-04 - 32s/epoch - 41ms/step
Epoch 29/100
782/782 - 32s - loss: 0.9920 - categorical_accuracy: 0.6192 - val_loss: 0.9849 - val_categorical_accuracy: 0.6213 - lr: 5.0000e-04 - 32s/epoch - 41ms/step
Epoch 30/100
782/782 - 32s - loss: 0.9944 - categorical_accuracy: 0.6176 - val_loss: 0.9815 - val_categorical_accuracy: 0.6265 - lr: 5.0000e-04 - 32s/epoch - 42ms/step
Epoch 31/100
782/782 - 33s - loss: 0.9906 - categorical_accuracy: 0.6195 - val_loss: 0.9777 - val_categorical_accuracy: 0.6279 - lr: 5.0000e-04 - 33s/epoch - 42ms/step
Epoch 32/100
782/782 - 33s - loss: 0.9892 - categorical_accuracy: 0.6203 - val_loss: 0.9769 - val_categorical_accuracy: 0.6276 - lr: 5.0000e-04 - 33s/epoch - 42ms/step
Epoch 33/100
782/782 - 32s - loss: 0.9875 - categorical_accuracy: 0.6212 - val_loss: 0.9824 - val_categorical_accuracy: 0.6253 - lr: 5.0000e-04 - 32s/epoch - 41ms/step
Epoch 34/100
782/782 - 32s - loss: 0.9884 - categorical_accuracy: 0.6198 - val_loss: 0.9769 - val_categorical_accuracy: 0.6259 - lr: 5.0000e-04 - 32s/epoch - 41ms/step
Epoch 35/100
782/782 - 32s - loss: 0.9887 - categorical_accuracy: 0.6201 - val_loss: 0.9778 - val_categorical_accuracy: 0.6281 - lr: 5.0000e-04 - 32s/epoch - 41ms/step
Epoch 36/100
782/782 - 32s - loss: 0.9868 - categorical_accuracy: 0.6211 - val_loss: 0.9826 - val_categorical_accuracy: 0.6244 - lr: 5.0000e-04 - 32s/epoch - 41ms/step
Epoch 37/100
782/782 - 32s - loss: 0.9861 - categorical_accuracy: 0.6214 - val_loss: 0.9851 - val_categorical_accuracy: 0.6232 - lr: 5.0000e-04 - 32s/epoch - 41ms/step
Epoch 38/100
782/782 - 32s - loss: 0.9870 - categorical_accuracy: 0.6207 - val_loss: 0.9741 - val_categorical_accuracy: 0.6288 - lr: 5.0000e-04 - 32s/epoch - 41ms/step
Epoch 39/100
782/782 - 33s - loss: 0.9847 - categorical_accuracy: 0.6220 - val_loss: 0.9886 - val_categorical_accuracy: 0.6208 - lr: 5.0000e-04 - 33s/epoch - 42ms/step
Epoch 40/100
782/782 - 33s - loss: 0.9845 - categorical_accuracy: 0.6221 - val_loss: 0.9738 - val_categorical_accuracy: 0.6268 - lr: 5.0000e-04 - 33s/epoch - 42ms/step
Epoch 41/100
782/782 - 33s - loss: 0.9819 - categorical_accuracy: 0.6234 - val_loss: 0.9767 - val_categorical_accuracy: 0.6242 - lr: 5.0000e-04 - 33s/epoch - 42ms/step
Epoch 42/100
782/782 - 32s - loss: 0.9830 - categorical_accuracy: 0.6226 - val_loss: 0.9714 - val_categorical_accuracy: 0.6285 - lr: 5.0000e-04 - 32s/epoch - 41ms/step
Epoch 43/100
782/782 - 32s - loss: 0.9806 - categorical_accuracy: 0.6239 - val_loss: 0.9685 - val_categorical_accuracy: 0.6307 - lr: 5.0000e-04 - 32s/epoch - 41ms/step
Epoch 44/100
782/782 - 33s - loss: 0.9835 - categorical_accuracy: 0.6223 - val_loss: 0.9674 - val_categorical_accuracy: 0.6311 - lr: 5.0000e-04 - 33s/epoch - 42ms/step
Epoch 45/100
782/782 - 32s - loss: 0.9790 - categorical_accuracy: 0.6244 - val_loss: 0.9667 - val_categorical_accuracy: 0.6318 - lr: 5.0000e-04 - 32s/epoch - 41ms/step
Epoch 46/100
782/782 - 33s - loss: 0.9796 - categorical_accuracy: 0.6243 - val_loss: 0.9699 - val_categorical_accuracy: 0.6310 - lr: 5.0000e-04 - 33s/epoch - 42ms/step
Epoch 47/100
782/782 - 32s - loss: 0.9785 - categorical_accuracy: 0.6250 - val_loss: 0.9652 - val_categorical_accuracy: 0.6327 - lr: 5.0000e-04 - 32s/epoch - 41ms/step
Epoch 48/100
782/782 - 32s - loss: 0.9802 - categorical_accuracy: 0.6233 - val_loss: 0.9752 - val_categorical_accuracy: 0.6275 - lr: 5.0000e-04 - 32s/epoch - 41ms/step
Epoch 49/100
782/782 - 32s - loss: 0.9782 - categorical_accuracy: 0.6246 - val_loss: 0.9733 - val_categorical_accuracy: 0.6250 - lr: 5.0000e-04 - 32s/epoch - 41ms/step
Epoch 50/100
782/782 - 32s - loss: 0.9781 - categorical_accuracy: 0.6245 - val_loss: 0.9646 - val_categorical_accuracy: 0.6316 - lr: 5.0000e-04 - 32s/epoch - 41ms/step
Epoch 51/100
782/782 - 33s - loss: 0.9771 - categorical_accuracy: 0.6255 - val_loss: 0.9622 - val_categorical_accuracy: 0.6343 - lr: 5.0000e-04 - 33s/epoch - 42ms/step
Epoch 52/100
782/782 - 32s - loss: 0.9762 - categorical_accuracy: 0.6258 - val_loss: 0.9747 - val_categorical_accuracy: 0.6265 - lr: 5.0000e-04 - 32s/epoch - 41ms/step
Epoch 53/100
782/782 - 32s - loss: 0.9752 - categorical_accuracy: 0.6262 - val_loss: 0.9777 - val_categorical_accuracy: 0.6271 - lr: 5.0000e-04 - 32s/epoch - 41ms/step
Epoch 54/100
782/782 - 32s - loss: 0.9755 - categorical_accuracy: 0.6260 - val_loss: 0.9628 - val_categorical_accuracy: 0.6336 - lr: 5.0000e-04 - 32s/epoch - 41ms/step
Epoch 55/100
782/782 - 33s - loss: 0.9746 - categorical_accuracy: 0.6262 - val_loss: 0.9637 - val_categorical_accuracy: 0.6322 - lr: 5.0000e-04 - 33s/epoch - 42ms/step
Epoch 56/100
782/782 - 32s - loss: 0.9763 - categorical_accuracy: 0.6253 - val_loss: 0.9662 - val_categorical_accuracy: 0.6301 - lr: 5.0000e-04 - 32s/epoch - 41ms/step
Epoch 57/100
782/782 - 32s - loss: 0.9732 - categorical_accuracy: 0.6274 - val_loss: 0.9598 - val_categorical_accuracy: 0.6345 - lr: 5.0000e-04 - 32s/epoch - 41ms/step
Epoch 58/100
782/782 - 32s - loss: 0.9717 - categorical_accuracy: 0.6274 - val_loss: 0.9615 - val_categorical_accuracy: 0.6337 - lr: 5.0000e-04 - 32s/epoch - 41ms/step
Epoch 59/100
782/782 - 32s - loss: 0.9724 - categorical_accuracy: 0.6267 - val_loss: 0.9797 - val_categorical_accuracy: 0.6235 - lr: 5.0000e-04 - 32s/epoch - 41ms/step
Epoch 60/100
782/782 - 32s - loss: 0.9715 - categorical_accuracy: 0.6270 - val_loss: 0.9631 - val_categorical_accuracy: 0.6331 - lr: 5.0000e-04 - 32s/epoch - 42ms/step
Epoch 61/100
782/782 - 32s - loss: 0.9708 - categorical_accuracy: 0.6277 - val_loss: 0.9569 - val_categorical_accuracy: 0.6363 - lr: 5.0000e-04 - 32s/epoch - 41ms/step
Epoch 62/100
782/782 - 33s - loss: 0.9700 - categorical_accuracy: 0.6285 - val_loss: 0.9570 - val_categorical_accuracy: 0.6357 - lr: 5.0000e-04 - 33s/epoch - 42ms/step
Epoch 63/100
782/782 - 33s - loss: 0.9709 - categorical_accuracy: 0.6278 - val_loss: 0.9598 - val_categorical_accuracy: 0.6346 - lr: 5.0000e-04 - 33s/epoch - 42ms/step
Epoch 64/100
782/782 - 32s - loss: 0.9712 - categorical_accuracy: 0.6275 - val_loss: 0.9586 - val_categorical_accuracy: 0.6341 - lr: 5.0000e-04 - 32s/epoch - 41ms/step
Epoch 65/100
782/782 - 32s - loss: 0.9697 - categorical_accuracy: 0.6285 - val_loss: 0.9594 - val_categorical_accuracy: 0.6347 - lr: 5.0000e-04 - 32s/epoch - 41ms/step
Epoch 66/100
782/782 - 32s - loss: 0.9700 - categorical_accuracy: 0.6283 - val_loss: 0.9571 - val_categorical_accuracy: 0.6356 - lr: 5.0000e-04 - 32s/epoch - 41ms/step
Epoch 67/100
782/782 - 32s - loss: 0.9685 - categorical_accuracy: 0.6281 - val_loss: 0.9566 - val_categorical_accuracy: 0.6363 - lr: 5.0000e-04 - 32s/epoch - 41ms/step
Epoch 68/100
782/782 - 32s - loss: 0.9673 - categorical_accuracy: 0.6293 - val_loss: 0.9531 - val_categorical_accuracy: 0.6373 - lr: 5.0000e-04 - 32s/epoch - 41ms/step
Epoch 69/100
782/782 - 32s - loss: 0.9671 - categorical_accuracy: 0.6289 - val_loss: 0.9537 - val_categorical_accuracy: 0.6367 - lr: 5.0000e-04 - 32s/epoch - 41ms/step
Epoch 70/100
782/782 - 33s - loss: 0.9698 - categorical_accuracy: 0.6278 - val_loss: 0.9592 - val_categorical_accuracy: 0.6347 - lr: 5.0000e-04 - 33s/epoch - 42ms/step
Epoch 71/100
782/782 - 32s - loss: 0.9680 - categorical_accuracy: 0.6284 - val_loss: 0.9541 - val_categorical_accuracy: 0.6374 - lr: 5.0000e-04 - 32s/epoch - 41ms/step
Epoch 72/100
782/782 - 35s - loss: 0.9658 - categorical_accuracy: 0.6297 - val_loss: 0.9538 - val_categorical_accuracy: 0.6357 - lr: 5.0000e-04 - 35s/epoch - 44ms/step
Epoch 73/100
782/782 - 32s - loss: 0.9658 - categorical_accuracy: 0.6299 - val_loss: 0.9577 - val_categorical_accuracy: 0.6331 - lr: 5.0000e-04 - 32s/epoch - 41ms/step
Epoch 74/100
782/782 - 32s - loss: 0.9651 - categorical_accuracy: 0.6298 - val_loss: 0.9620 - val_categorical_accuracy: 0.6304 - lr: 5.0000e-04 - 32s/epoch - 41ms/step
Epoch 75/100
782/782 - 33s - loss: 0.9658 - categorical_accuracy: 0.6293 - val_loss: 0.9570 - val_categorical_accuracy: 0.6344 - lr: 5.0000e-04 - 33s/epoch - 42ms/step
Epoch 76/100
782/782 - 32s - loss: 0.9665 - categorical_accuracy: 0.6287 - val_loss: 0.9517 - val_categorical_accuracy: 0.6378 - lr: 5.0000e-04 - 32s/epoch - 41ms/step
Epoch 77/100
782/782 - 32s - loss: 0.9661 - categorical_accuracy: 0.6296 - val_loss: 0.9615 - val_categorical_accuracy: 0.6329 - lr: 5.0000e-04 - 32s/epoch - 41ms/step
Epoch 78/100
782/782 - 32s - loss: 0.9645 - categorical_accuracy: 0.6307 - val_loss: 0.9550 - val_categorical_accuracy: 0.6356 - lr: 5.0000e-04 - 32s/epoch - 41ms/step
Epoch 79/100
782/782 - 32s - loss: 0.9632 - categorical_accuracy: 0.6313 - val_loss: 0.9533 - val_categorical_accuracy: 0.6361 - lr: 5.0000e-04 - 32s/epoch - 41ms/step
Epoch 80/100
782/782 - 32s - loss: 0.9672 - categorical_accuracy: 0.6281 - val_loss: 0.9488 - val_categorical_accuracy: 0.6394 - lr: 5.0000e-04 - 32s/epoch - 41ms/step
Epoch 81/100
782/782 - 30s - loss: 0.9636 - categorical_accuracy: 0.6303 - val_loss: 0.9505 - val_categorical_accuracy: 0.6388 - lr: 5.0000e-04 - 30s/epoch - 38ms/step
Epoch 82/100
782/782 - 30s - loss: 0.9627 - categorical_accuracy: 0.6312 - val_loss: 0.9472 - val_categorical_accuracy: 0.6396 - lr: 5.0000e-04 - 30s/epoch - 38ms/step
Epoch 83/100
782/782 - 30s - loss: 0.9636 - categorical_accuracy: 0.6307 - val_loss: 0.9648 - val_categorical_accuracy: 0.6286 - lr: 5.0000e-04 - 30s/epoch - 38ms/step
Epoch 84/100
782/782 - 30s - loss: 0.9622 - categorical_accuracy: 0.6313 - val_loss: 0.9476 - val_categorical_accuracy: 0.6398 - lr: 5.0000e-04 - 30s/epoch - 38ms/step
Epoch 85/100
782/782 - 30s - loss: 0.9633 - categorical_accuracy: 0.6305 - val_loss: 0.9542 - val_categorical_accuracy: 0.6365 - lr: 5.0000e-04 - 30s/epoch - 38ms/step
Epoch 86/100
782/782 - 31s - loss: 0.9632 - categorical_accuracy: 0.6307 - val_loss: 0.9589 - val_categorical_accuracy: 0.6337 - lr: 5.0000e-04 - 31s/epoch - 39ms/step
Epoch 87/100
782/782 - 32s - loss: 0.9608 - categorical_accuracy: 0.6321 - val_loss: 0.9523 - val_categorical_accuracy: 0.6370 - lr: 5.0000e-04 - 32s/epoch - 41ms/step
Epoch 88/100
782/782 - 32s - loss: 0.9610 - categorical_accuracy: 0.6313 - val_loss: 0.9464 - val_categorical_accuracy: 0.6393 - lr: 5.0000e-04 - 32s/epoch - 41ms/step
Epoch 89/100
782/782 - 32s - loss: 0.9605 - categorical_accuracy: 0.6314 - val_loss: 0.9477 - val_categorical_accuracy: 0.6392 - lr: 5.0000e-04 - 32s/epoch - 41ms/step
Epoch 90/100
782/782 - 32s - loss: 0.9598 - categorical_accuracy: 0.6325 - val_loss: 0.9471 - val_categorical_accuracy: 0.6400 - lr: 5.0000e-04 - 32s/epoch - 41ms/step
Epoch 91/100
782/782 - 32s - loss: 0.9601 - categorical_accuracy: 0.6320 - val_loss: 0.9488 - val_categorical_accuracy: 0.6384 - lr: 5.0000e-04 - 32s/epoch - 41ms/step
Epoch 92/100
782/782 - 32s - loss: 0.9603 - categorical_accuracy: 0.6317 - val_loss: 0.9579 - val_categorical_accuracy: 0.6340 - lr: 5.0000e-04 - 32s/epoch - 41ms/step
Epoch 93/100
782/782 - 33s - loss: 0.9595 - categorical_accuracy: 0.6325 - val_loss: 0.9495 - val_categorical_accuracy: 0.6384 - lr: 5.0000e-04 - 33s/epoch - 42ms/step
Epoch 94/100
782/782 - 32s - loss: 0.9594 - categorical_accuracy: 0.6323 - val_loss: 0.9475 - val_categorical_accuracy: 0.6385 - lr: 5.0000e-04 - 32s/epoch - 41ms/step
Epoch 95/100
782/782 - 32s - loss: 0.9578 - categorical_accuracy: 0.6325 - val_loss: 0.9686 - val_categorical_accuracy: 0.6243 - lr: 5.0000e-04 - 32s/epoch - 42ms/step
Epoch 96/100
782/782 - 32s - loss: 0.9585 - categorical_accuracy: 0.6330 - val_loss: 0.9442 - val_categorical_accuracy: 0.6408 - lr: 5.0000e-04 - 32s/epoch - 41ms/step
Epoch 97/100
782/782 - 32s - loss: 0.9582 - categorical_accuracy: 0.6326 - val_loss: 0.9452 - val_categorical_accuracy: 0.6385 - lr: 5.0000e-04 - 32s/epoch - 41ms/step
Epoch 98/100
782/782 - 32s - loss: 0.9591 - categorical_accuracy: 0.6320 - val_loss: 0.9480 - val_categorical_accuracy: 0.6393 - lr: 5.0000e-04 - 32s/epoch - 41ms/step
Epoch 99/100
782/782 - 33s - loss: 0.9563 - categorical_accuracy: 0.6337 - val_loss: 0.9420 - val_categorical_accuracy: 0.6412 - lr: 5.0000e-04 - 33s/epoch - 42ms/step
Epoch 100/100
782/782 - 33s - loss: 0.9568 - categorical_accuracy: 0.6338 - val_loss: 0.9523 - val_categorical_accuracy: 0.6363 - lr: 5.0000e-04 - 33s/epoch - 42ms/step
[95m
SAVING RESULTS[0m
==============
[92m
Saved model to: [0m trained_intnets/perm_invariant_2
Loss vs epochs plot saved to trained_intnets/perm_invariant_2.
Accuracy vs epochs plot saved to trained_intnets/perm_invariant_2.
[92m
Jobs done! 🍰✨[0m
