[96m
GPU: NVIDIA GeForce GTX 1080 Ti[0m
[92mSaved hyperparameters to json file.[0m
[95m
DATA DEETS[0m
[95m-----------[0m
data_folder: /work/deodagiu/ki_data/intnet_input
norm: robust
train_events: -1
test_events: 0
pt_min: 2.0
nconstituents: 16
feature_selection: jedinet

----------------
[92mData loading complete:[0m
Training data size: 5.72e+05
Test data size: 0.00e+00
----------------

Shuffling constituents...
[92mShuffled the training data! 🃏
[0m
Instantiating model with the hyperparameters:
effects_nnodes: 75
dynamic_nnodes: 50
abstrac_nnodes: 25
effects_activ: relu
dynamic_activ: relu
abstrac_activ: relu
neffects: 20
ndynamics: 15
l2: 0.01
summation: True
[92mModel compiled and built![0m
Model: "dens_intnet"
_________________________________________________________________
 Layer (type)                Output Shape              Param #   
=================================================================
 relational_model (EffectsML  multiple                 15395     
 P)                                                              
                                                                 
 object_model (DynamicsMLP)  multiple                  5420      
                                                                 
 classifier_model (AbstractM  multiple                 1305      
 LP)                                                             
                                                                 
=================================================================
Total params: 22,120
Trainable params: 22,120
Non-trainable params: 0
_________________________________________________________________
[95m

TRAINING THE MODEL 💪[0m

Training parameters
-------------------
[92mOptimiser: 	[0m {'name': 'Adam', 'learning_rate': 0.001, 'decay': 0.0, 'beta_1': 0.9, 'beta_2': 0.999, 'epsilon': 1e-07, 'amsgrad': False}
[92mBatch size: 	[0m 100
[92mLearning rate: 	[0m 0.001
[92mTraining epochs:[0m 200
[92mLoss: 		[0m categorical_crossentropy

Epoch 1/200
4003/4003 - 94s - loss: 1.0834 - categorical_accuracy: 0.6740 - val_loss: 0.8195 - val_categorical_accuracy: 0.7218 - lr: 0.0010 - 94s/epoch - 23ms/step
Epoch 2/200
4003/4003 - 91s - loss: 0.7679 - categorical_accuracy: 0.7372 - val_loss: 0.7612 - val_categorical_accuracy: 0.7338 - lr: 0.0010 - 91s/epoch - 23ms/step
Epoch 3/200
4003/4003 - 91s - loss: 0.7244 - categorical_accuracy: 0.7493 - val_loss: 0.7194 - val_categorical_accuracy: 0.7485 - lr: 0.0010 - 91s/epoch - 23ms/step
Epoch 4/200
4003/4003 - 92s - loss: 0.7083 - categorical_accuracy: 0.7540 - val_loss: 0.7068 - val_categorical_accuracy: 0.7548 - lr: 0.0010 - 92s/epoch - 23ms/step
Epoch 5/200
4003/4003 - 91s - loss: 0.6982 - categorical_accuracy: 0.7580 - val_loss: 0.6956 - val_categorical_accuracy: 0.7568 - lr: 0.0010 - 91s/epoch - 23ms/step
Epoch 6/200
4003/4003 - 91s - loss: 0.6924 - categorical_accuracy: 0.7592 - val_loss: 0.6911 - val_categorical_accuracy: 0.7593 - lr: 0.0010 - 91s/epoch - 23ms/step
Epoch 7/200
4003/4003 - 92s - loss: 0.6876 - categorical_accuracy: 0.7611 - val_loss: 0.6979 - val_categorical_accuracy: 0.7552 - lr: 0.0010 - 92s/epoch - 23ms/step
Epoch 8/200
4003/4003 - 91s - loss: 0.6832 - categorical_accuracy: 0.7622 - val_loss: 0.6706 - val_categorical_accuracy: 0.7669 - lr: 0.0010 - 91s/epoch - 23ms/step
Epoch 9/200
4003/4003 - 91s - loss: 0.6812 - categorical_accuracy: 0.7627 - val_loss: 0.6733 - val_categorical_accuracy: 0.7657 - lr: 0.0010 - 91s/epoch - 23ms/step
Epoch 10/200
4003/4003 - 91s - loss: 0.6774 - categorical_accuracy: 0.7644 - val_loss: 0.6756 - val_categorical_accuracy: 0.7662 - lr: 0.0010 - 91s/epoch - 23ms/step
Epoch 11/200
4003/4003 - 91s - loss: 0.6758 - categorical_accuracy: 0.7647 - val_loss: 0.6703 - val_categorical_accuracy: 0.7675 - lr: 0.0010 - 91s/epoch - 23ms/step
Epoch 12/200
4003/4003 - 92s - loss: 0.6731 - categorical_accuracy: 0.7658 - val_loss: 0.6736 - val_categorical_accuracy: 0.7658 - lr: 0.0010 - 92s/epoch - 23ms/step
Epoch 13/200
4003/4003 - 92s - loss: 0.6714 - categorical_accuracy: 0.7666 - val_loss: 0.6790 - val_categorical_accuracy: 0.7634 - lr: 0.0010 - 92s/epoch - 23ms/step
Epoch 14/200
4003/4003 - 92s - loss: 0.6688 - categorical_accuracy: 0.7669 - val_loss: 0.6590 - val_categorical_accuracy: 0.7697 - lr: 0.0010 - 92s/epoch - 23ms/step
Epoch 15/200
4003/4003 - 92s - loss: 0.6675 - categorical_accuracy: 0.7677 - val_loss: 0.6687 - val_categorical_accuracy: 0.7673 - lr: 0.0010 - 92s/epoch - 23ms/step
Epoch 16/200
4003/4003 - 91s - loss: 0.6662 - categorical_accuracy: 0.7677 - val_loss: 0.6589 - val_categorical_accuracy: 0.7696 - lr: 0.0010 - 91s/epoch - 23ms/step
Epoch 17/200
4003/4003 - 92s - loss: 0.6652 - categorical_accuracy: 0.7688 - val_loss: 0.6643 - val_categorical_accuracy: 0.7685 - lr: 0.0010 - 92s/epoch - 23ms/step
Epoch 18/200
4003/4003 - 91s - loss: 0.6634 - categorical_accuracy: 0.7691 - val_loss: 0.6820 - val_categorical_accuracy: 0.7610 - lr: 0.0010 - 91s/epoch - 23ms/step
Epoch 19/200
4003/4003 - 91s - loss: 0.6623 - categorical_accuracy: 0.7693 - val_loss: 0.6833 - val_categorical_accuracy: 0.7599 - lr: 0.0010 - 91s/epoch - 23ms/step
Epoch 20/200
4003/4003 - 92s - loss: 0.6612 - categorical_accuracy: 0.7698 - val_loss: 0.6562 - val_categorical_accuracy: 0.7717 - lr: 0.0010 - 92s/epoch - 23ms/step
Epoch 21/200
4003/4003 - 92s - loss: 0.6595 - categorical_accuracy: 0.7709 - val_loss: 0.6701 - val_categorical_accuracy: 0.7647 - lr: 0.0010 - 92s/epoch - 23ms/step
Epoch 22/200
4003/4003 - 91s - loss: 0.6575 - categorical_accuracy: 0.7701 - val_loss: 0.6512 - val_categorical_accuracy: 0.7715 - lr: 0.0010 - 91s/epoch - 23ms/step
Epoch 23/200
4003/4003 - 93s - loss: 0.6547 - categorical_accuracy: 0.7707 - val_loss: 0.6737 - val_categorical_accuracy: 0.7623 - lr: 0.0010 - 93s/epoch - 23ms/step
Epoch 24/200
4003/4003 - 91s - loss: 0.6537 - categorical_accuracy: 0.7712 - val_loss: 0.6713 - val_categorical_accuracy: 0.7626 - lr: 0.0010 - 91s/epoch - 23ms/step
Epoch 25/200
4003/4003 - 92s - loss: 0.6526 - categorical_accuracy: 0.7716 - val_loss: 0.6756 - val_categorical_accuracy: 0.7618 - lr: 0.0010 - 92s/epoch - 23ms/step
Epoch 26/200
4003/4003 - 91s - loss: 0.6518 - categorical_accuracy: 0.7721 - val_loss: 0.6635 - val_categorical_accuracy: 0.7669 - lr: 0.0010 - 91s/epoch - 23ms/step
Epoch 27/200
4003/4003 - 92s - loss: 0.6510 - categorical_accuracy: 0.7721 - val_loss: 0.6451 - val_categorical_accuracy: 0.7738 - lr: 0.0010 - 92s/epoch - 23ms/step
Epoch 28/200
4003/4003 - 91s - loss: 0.6492 - categorical_accuracy: 0.7727 - val_loss: 0.6707 - val_categorical_accuracy: 0.7616 - lr: 0.0010 - 91s/epoch - 23ms/step
Epoch 29/200
4003/4003 - 91s - loss: 0.6492 - categorical_accuracy: 0.7726 - val_loss: 0.6468 - val_categorical_accuracy: 0.7735 - lr: 0.0010 - 91s/epoch - 23ms/step
Epoch 30/200
4003/4003 - 92s - loss: 0.6484 - categorical_accuracy: 0.7729 - val_loss: 0.6464 - val_categorical_accuracy: 0.7736 - lr: 0.0010 - 92s/epoch - 23ms/step
Epoch 31/200
4003/4003 - 92s - loss: 0.6481 - categorical_accuracy: 0.7731 - val_loss: 0.6522 - val_categorical_accuracy: 0.7713 - lr: 0.0010 - 92s/epoch - 23ms/step
Epoch 32/200
4003/4003 - 92s - loss: 0.6470 - categorical_accuracy: 0.7738 - val_loss: 0.6478 - val_categorical_accuracy: 0.7732 - lr: 0.0010 - 92s/epoch - 23ms/step
Epoch 33/200
4003/4003 - 92s - loss: 0.6465 - categorical_accuracy: 0.7741 - val_loss: 0.6446 - val_categorical_accuracy: 0.7739 - lr: 0.0010 - 92s/epoch - 23ms/step
Epoch 34/200
4003/4003 - 92s - loss: 0.6461 - categorical_accuracy: 0.7738 - val_loss: 0.6463 - val_categorical_accuracy: 0.7732 - lr: 0.0010 - 92s/epoch - 23ms/step
Epoch 35/200
4003/4003 - 92s - loss: 0.6448 - categorical_accuracy: 0.7745 - val_loss: 0.6423 - val_categorical_accuracy: 0.7745 - lr: 0.0010 - 92s/epoch - 23ms/step
Epoch 36/200
4003/4003 - 92s - loss: 0.6449 - categorical_accuracy: 0.7743 - val_loss: 0.6484 - val_categorical_accuracy: 0.7719 - lr: 0.0010 - 92s/epoch - 23ms/step
Epoch 37/200
4003/4003 - 92s - loss: 0.6438 - categorical_accuracy: 0.7745 - val_loss: 0.6465 - val_categorical_accuracy: 0.7737 - lr: 0.0010 - 92s/epoch - 23ms/step
Epoch 38/200
4003/4003 - 92s - loss: 0.6436 - categorical_accuracy: 0.7752 - val_loss: 0.6529 - val_categorical_accuracy: 0.7715 - lr: 0.0010 - 92s/epoch - 23ms/step
Epoch 39/200
4003/4003 - 92s - loss: 0.6432 - categorical_accuracy: 0.7753 - val_loss: 0.6449 - val_categorical_accuracy: 0.7752 - lr: 0.0010 - 92s/epoch - 23ms/step
Epoch 40/200
4003/4003 - 93s - loss: 0.6430 - categorical_accuracy: 0.7753 - val_loss: 0.6425 - val_categorical_accuracy: 0.7743 - lr: 0.0010 - 93s/epoch - 23ms/step
Epoch 41/200
4003/4003 - 91s - loss: 0.6423 - categorical_accuracy: 0.7755 - val_loss: 0.6412 - val_categorical_accuracy: 0.7757 - lr: 0.0010 - 91s/epoch - 23ms/step
Epoch 42/200
4003/4003 - 91s - loss: 0.6427 - categorical_accuracy: 0.7752 - val_loss: 0.6475 - val_categorical_accuracy: 0.7722 - lr: 0.0010 - 91s/epoch - 23ms/step
Epoch 43/200
4003/4003 - 92s - loss: 0.6417 - categorical_accuracy: 0.7754 - val_loss: 0.6460 - val_categorical_accuracy: 0.7730 - lr: 0.0010 - 92s/epoch - 23ms/step
Epoch 44/200
4003/4003 - 92s - loss: 0.6417 - categorical_accuracy: 0.7756 - val_loss: 0.6407 - val_categorical_accuracy: 0.7755 - lr: 0.0010 - 92s/epoch - 23ms/step
Epoch 45/200
4003/4003 - 92s - loss: 0.6417 - categorical_accuracy: 0.7758 - val_loss: 0.6507 - val_categorical_accuracy: 0.7725 - lr: 0.0010 - 92s/epoch - 23ms/step
Epoch 46/200
4003/4003 - 92s - loss: 0.6411 - categorical_accuracy: 0.7760 - val_loss: 0.6487 - val_categorical_accuracy: 0.7710 - lr: 0.0010 - 92s/epoch - 23ms/step
Epoch 47/200
4003/4003 - 92s - loss: 0.6409 - categorical_accuracy: 0.7756 - val_loss: 0.6470 - val_categorical_accuracy: 0.7730 - lr: 0.0010 - 92s/epoch - 23ms/step
Epoch 48/200
4003/4003 - 91s - loss: 0.6408 - categorical_accuracy: 0.7756 - val_loss: 0.6468 - val_categorical_accuracy: 0.7737 - lr: 0.0010 - 91s/epoch - 23ms/step
Epoch 49/200
4003/4003 - 91s - loss: 0.6398 - categorical_accuracy: 0.7756 - val_loss: 0.6495 - val_categorical_accuracy: 0.7725 - lr: 0.0010 - 91s/epoch - 23ms/step
Epoch 50/200
4003/4003 - 92s - loss: 0.6406 - categorical_accuracy: 0.7757 - val_loss: 0.6452 - val_categorical_accuracy: 0.7729 - lr: 0.0010 - 92s/epoch - 23ms/step
Epoch 51/200
4003/4003 - 92s - loss: 0.6394 - categorical_accuracy: 0.7767 - val_loss: 0.6460 - val_categorical_accuracy: 0.7732 - lr: 0.0010 - 92s/epoch - 23ms/step
Epoch 52/200
4003/4003 - 91s - loss: 0.6393 - categorical_accuracy: 0.7764 - val_loss: 0.6431 - val_categorical_accuracy: 0.7741 - lr: 0.0010 - 91s/epoch - 23ms/step
Epoch 53/200
4003/4003 - 91s - loss: 0.6393 - categorical_accuracy: 0.7764 - val_loss: 0.6609 - val_categorical_accuracy: 0.7676 - lr: 0.0010 - 91s/epoch - 23ms/step
Epoch 54/200
4003/4003 - 91s - loss: 0.6388 - categorical_accuracy: 0.7766 - val_loss: 0.6444 - val_categorical_accuracy: 0.7737 - lr: 0.0010 - 91s/epoch - 23ms/step
Epoch 55/200
4003/4003 - 91s - loss: 0.6388 - categorical_accuracy: 0.7763 - val_loss: 0.6490 - val_categorical_accuracy: 0.7718 - lr: 0.0010 - 91s/epoch - 23ms/step
Epoch 56/200
4003/4003 - 91s - loss: 0.6385 - categorical_accuracy: 0.7769 - val_loss: 0.6411 - val_categorical_accuracy: 0.7753 - lr: 0.0010 - 91s/epoch - 23ms/step
Epoch 57/200
4003/4003 - 91s - loss: 0.6340 - categorical_accuracy: 0.7781 - val_loss: 0.6372 - val_categorical_accuracy: 0.7755 - lr: 8.0000e-04 - 91s/epoch - 23ms/step
Epoch 58/200
4003/4003 - 91s - loss: 0.6338 - categorical_accuracy: 0.7782 - val_loss: 0.6358 - val_categorical_accuracy: 0.7774 - lr: 8.0000e-04 - 91s/epoch - 23ms/step
Epoch 59/200
4003/4003 - 92s - loss: 0.6336 - categorical_accuracy: 0.7782 - val_loss: 0.6357 - val_categorical_accuracy: 0.7767 - lr: 8.0000e-04 - 92s/epoch - 23ms/step
Epoch 60/200
4003/4003 - 91s - loss: 0.6333 - categorical_accuracy: 0.7787 - val_loss: 0.6520 - val_categorical_accuracy: 0.7699 - lr: 8.0000e-04 - 91s/epoch - 23ms/step
Epoch 61/200
4003/4003 - 91s - loss: 0.6334 - categorical_accuracy: 0.7783 - val_loss: 0.6389 - val_categorical_accuracy: 0.7770 - lr: 8.0000e-04 - 91s/epoch - 23ms/step
Epoch 62/200
4003/4003 - 91s - loss: 0.6328 - categorical_accuracy: 0.7793 - val_loss: 0.6417 - val_categorical_accuracy: 0.7744 - lr: 8.0000e-04 - 91s/epoch - 23ms/step
Epoch 63/200
4003/4003 - 91s - loss: 0.6333 - categorical_accuracy: 0.7785 - val_loss: 0.6365 - val_categorical_accuracy: 0.7770 - lr: 8.0000e-04 - 91s/epoch - 23ms/step
Epoch 64/200
4003/4003 - 91s - loss: 0.6323 - categorical_accuracy: 0.7787 - val_loss: 0.6448 - val_categorical_accuracy: 0.7736 - lr: 8.0000e-04 - 91s/epoch - 23ms/step
Epoch 65/200
4003/4003 - 91s - loss: 0.6327 - categorical_accuracy: 0.7792 - val_loss: 0.6435 - val_categorical_accuracy: 0.7736 - lr: 8.0000e-04 - 91s/epoch - 23ms/step
Epoch 66/200
4003/4003 - 92s - loss: 0.6324 - categorical_accuracy: 0.7791 - val_loss: 0.6352 - val_categorical_accuracy: 0.7771 - lr: 8.0000e-04 - 92s/epoch - 23ms/step
Epoch 67/200
4003/4003 - 91s - loss: 0.6322 - categorical_accuracy: 0.7792 - val_loss: 0.6581 - val_categorical_accuracy: 0.7659 - lr: 8.0000e-04 - 91s/epoch - 23ms/step
Epoch 68/200
4003/4003 - 91s - loss: 0.6323 - categorical_accuracy: 0.7788 - val_loss: 0.6391 - val_categorical_accuracy: 0.7757 - lr: 8.0000e-04 - 91s/epoch - 23ms/step
Epoch 69/200
4003/4003 - 92s - loss: 0.6317 - categorical_accuracy: 0.7792 - val_loss: 0.6473 - val_categorical_accuracy: 0.7722 - lr: 8.0000e-04 - 92s/epoch - 23ms/step
Epoch 70/200
4003/4003 - 91s - loss: 0.6317 - categorical_accuracy: 0.7790 - val_loss: 0.6518 - val_categorical_accuracy: 0.7701 - lr: 8.0000e-04 - 91s/epoch - 23ms/step
Epoch 71/200
4003/4003 - 91s - loss: 0.6318 - categorical_accuracy: 0.7792 - val_loss: 0.6396 - val_categorical_accuracy: 0.7764 - lr: 8.0000e-04 - 91s/epoch - 23ms/step
Epoch 72/200
4003/4003 - 91s - loss: 0.6313 - categorical_accuracy: 0.7794 - val_loss: 0.6422 - val_categorical_accuracy: 0.7738 - lr: 8.0000e-04 - 91s/epoch - 23ms/step
Epoch 73/200
4003/4003 - 92s - loss: 0.6314 - categorical_accuracy: 0.7791 - val_loss: 0.6351 - val_categorical_accuracy: 0.7779 - lr: 8.0000e-04 - 92s/epoch - 23ms/step
Epoch 74/200
4003/4003 - 92s - loss: 0.6313 - categorical_accuracy: 0.7792 - val_loss: 0.6377 - val_categorical_accuracy: 0.7768 - lr: 8.0000e-04 - 92s/epoch - 23ms/step
Epoch 75/200
4003/4003 - 91s - loss: 0.6311 - categorical_accuracy: 0.7792 - val_loss: 0.6355 - val_categorical_accuracy: 0.7774 - lr: 8.0000e-04 - 91s/epoch - 23ms/step
Epoch 76/200
4003/4003 - 92s - loss: 0.6310 - categorical_accuracy: 0.7795 - val_loss: 0.6326 - val_categorical_accuracy: 0.7779 - lr: 8.0000e-04 - 92s/epoch - 23ms/step
Epoch 77/200
4003/4003 - 91s - loss: 0.6306 - categorical_accuracy: 0.7797 - val_loss: 0.6369 - val_categorical_accuracy: 0.7768 - lr: 8.0000e-04 - 91s/epoch - 23ms/step
Epoch 78/200
4003/4003 - 92s - loss: 0.6306 - categorical_accuracy: 0.7796 - val_loss: 0.6393 - val_categorical_accuracy: 0.7775 - lr: 8.0000e-04 - 92s/epoch - 23ms/step
Epoch 79/200
4003/4003 - 92s - loss: 0.6302 - categorical_accuracy: 0.7798 - val_loss: 0.6348 - val_categorical_accuracy: 0.7780 - lr: 8.0000e-04 - 92s/epoch - 23ms/step
Epoch 80/200
4003/4003 - 91s - loss: 0.6303 - categorical_accuracy: 0.7791 - val_loss: 0.6395 - val_categorical_accuracy: 0.7750 - lr: 8.0000e-04 - 91s/epoch - 23ms/step
Epoch 81/200
4003/4003 - 92s - loss: 0.6306 - categorical_accuracy: 0.7802 - val_loss: 0.6350 - val_categorical_accuracy: 0.7771 - lr: 8.0000e-04 - 92s/epoch - 23ms/step
Epoch 82/200
4003/4003 - 92s - loss: 0.6300 - categorical_accuracy: 0.7796 - val_loss: 0.6343 - val_categorical_accuracy: 0.7776 - lr: 8.0000e-04 - 92s/epoch - 23ms/step
Epoch 83/200
4003/4003 - 91s - loss: 0.6300 - categorical_accuracy: 0.7795 - val_loss: 0.6360 - val_categorical_accuracy: 0.7772 - lr: 8.0000e-04 - 91s/epoch - 23ms/step
Epoch 84/200
4003/4003 - 91s - loss: 0.6299 - categorical_accuracy: 0.7800 - val_loss: 0.6369 - val_categorical_accuracy: 0.7760 - lr: 8.0000e-04 - 91s/epoch - 23ms/step
Epoch 85/200
4003/4003 - 91s - loss: 0.6299 - categorical_accuracy: 0.7798 - val_loss: 0.6355 - val_categorical_accuracy: 0.7772 - lr: 8.0000e-04 - 91s/epoch - 23ms/step
Epoch 86/200
4003/4003 - 92s - loss: 0.6295 - categorical_accuracy: 0.7798 - val_loss: 0.6345 - val_categorical_accuracy: 0.7779 - lr: 8.0000e-04 - 92s/epoch - 23ms/step
Epoch 87/200
4003/4003 - 91s - loss: 0.6301 - categorical_accuracy: 0.7798 - val_loss: 0.6377 - val_categorical_accuracy: 0.7759 - lr: 8.0000e-04 - 91s/epoch - 23ms/step
Epoch 88/200
4003/4003 - 92s - loss: 0.6296 - categorical_accuracy: 0.7796 - val_loss: 0.6418 - val_categorical_accuracy: 0.7746 - lr: 8.0000e-04 - 92s/epoch - 23ms/step
Epoch 89/200
4003/4003 - 92s - loss: 0.6256 - categorical_accuracy: 0.7811 - val_loss: 0.6377 - val_categorical_accuracy: 0.7772 - lr: 6.4000e-04 - 92s/epoch - 23ms/step
Epoch 90/200
4003/4003 - 91s - loss: 0.6257 - categorical_accuracy: 0.7815 - val_loss: 0.6330 - val_categorical_accuracy: 0.7786 - lr: 6.4000e-04 - 91s/epoch - 23ms/step
Epoch 91/200
4003/4003 - 91s - loss: 0.6257 - categorical_accuracy: 0.7816 - val_loss: 0.6403 - val_categorical_accuracy: 0.7757 - lr: 6.4000e-04 - 91s/epoch - 23ms/step
Epoch 92/200
4003/4003 - 92s - loss: 0.6257 - categorical_accuracy: 0.7811 - val_loss: 0.6319 - val_categorical_accuracy: 0.7787 - lr: 6.4000e-04 - 92s/epoch - 23ms/step
Epoch 93/200
4003/4003 - 91s - loss: 0.6259 - categorical_accuracy: 0.7810 - val_loss: 0.6363 - val_categorical_accuracy: 0.7775 - lr: 6.4000e-04 - 91s/epoch - 23ms/step
Epoch 94/200
4003/4003 - 91s - loss: 0.6250 - categorical_accuracy: 0.7817 - val_loss: 0.6394 - val_categorical_accuracy: 0.7744 - lr: 6.4000e-04 - 91s/epoch - 23ms/step
Epoch 95/200
4003/4003 - 92s - loss: 0.6249 - categorical_accuracy: 0.7816 - val_loss: 0.6365 - val_categorical_accuracy: 0.7777 - lr: 6.4000e-04 - 92s/epoch - 23ms/step
Epoch 96/200
4003/4003 - 91s - loss: 0.6253 - categorical_accuracy: 0.7814 - val_loss: 0.6320 - val_categorical_accuracy: 0.7786 - lr: 6.4000e-04 - 91s/epoch - 23ms/step
Epoch 97/200
4003/4003 - 92s - loss: 0.6249 - categorical_accuracy: 0.7815 - val_loss: 0.6336 - val_categorical_accuracy: 0.7777 - lr: 6.4000e-04 - 92s/epoch - 23ms/step
Epoch 98/200
4003/4003 - 91s - loss: 0.6249 - categorical_accuracy: 0.7817 - val_loss: 0.6443 - val_categorical_accuracy: 0.7722 - lr: 6.4000e-04 - 91s/epoch - 23ms/step
Epoch 99/200
4003/4003 - 92s - loss: 0.6250 - categorical_accuracy: 0.7818 - val_loss: 0.6383 - val_categorical_accuracy: 0.7758 - lr: 6.4000e-04 - 92s/epoch - 23ms/step
Epoch 100/200
4003/4003 - 92s - loss: 0.6250 - categorical_accuracy: 0.7814 - val_loss: 0.6335 - val_categorical_accuracy: 0.7773 - lr: 6.4000e-04 - 92s/epoch - 23ms/step
Epoch 101/200
4003/4003 - 92s - loss: 0.6249 - categorical_accuracy: 0.7816 - val_loss: 0.6399 - val_categorical_accuracy: 0.7760 - lr: 6.4000e-04 - 92s/epoch - 23ms/step
Epoch 102/200
4003/4003 - 92s - loss: 0.6249 - categorical_accuracy: 0.7818 - val_loss: 0.6394 - val_categorical_accuracy: 0.7769 - lr: 6.4000e-04 - 92s/epoch - 23ms/step
Epoch 103/200
4003/4003 - 92s - loss: 0.6246 - categorical_accuracy: 0.7814 - val_loss: 0.6373 - val_categorical_accuracy: 0.7768 - lr: 6.4000e-04 - 92s/epoch - 23ms/step
Epoch 104/200
4003/4003 - 92s - loss: 0.6245 - categorical_accuracy: 0.7820 - val_loss: 0.6332 - val_categorical_accuracy: 0.7788 - lr: 6.4000e-04 - 92s/epoch - 23ms/step
Epoch 105/200
4003/4003 - 92s - loss: 0.6244 - categorical_accuracy: 0.7816 - val_loss: 0.6343 - val_categorical_accuracy: 0.7773 - lr: 6.4000e-04 - 92s/epoch - 23ms/step
Epoch 106/200
4003/4003 - 92s - loss: 0.6245 - categorical_accuracy: 0.7819 - val_loss: 0.6358 - val_categorical_accuracy: 0.7772 - lr: 6.4000e-04 - 92s/epoch - 23ms/step
Epoch 107/200
4003/4003 - 92s - loss: 0.6245 - categorical_accuracy: 0.7817 - val_loss: 0.6371 - val_categorical_accuracy: 0.7766 - lr: 6.4000e-04 - 92s/epoch - 23ms/step
Epoch 108/200
4003/4003 - 92s - loss: 0.6212 - categorical_accuracy: 0.7827 - val_loss: 0.6285 - val_categorical_accuracy: 0.7794 - lr: 5.1200e-04 - 92s/epoch - 23ms/step
Epoch 109/200
4003/4003 - 92s - loss: 0.6212 - categorical_accuracy: 0.7831 - val_loss: 0.6299 - val_categorical_accuracy: 0.7791 - lr: 5.1200e-04 - 92s/epoch - 23ms/step
Epoch 110/200
4003/4003 - 92s - loss: 0.6212 - categorical_accuracy: 0.7830 - val_loss: 0.6296 - val_categorical_accuracy: 0.7800 - lr: 5.1200e-04 - 92s/epoch - 23ms/step
Epoch 111/200
4003/4003 - 92s - loss: 0.6209 - categorical_accuracy: 0.7830 - val_loss: 0.6337 - val_categorical_accuracy: 0.7784 - lr: 5.1200e-04 - 92s/epoch - 23ms/step
Epoch 112/200
4003/4003 - 92s - loss: 0.6212 - categorical_accuracy: 0.7830 - val_loss: 0.6329 - val_categorical_accuracy: 0.7784 - lr: 5.1200e-04 - 92s/epoch - 23ms/step
Epoch 113/200
4003/4003 - 92s - loss: 0.6208 - categorical_accuracy: 0.7829 - val_loss: 0.6332 - val_categorical_accuracy: 0.7776 - lr: 5.1200e-04 - 92s/epoch - 23ms/step
Epoch 114/200
4003/4003 - 92s - loss: 0.6209 - categorical_accuracy: 0.7830 - val_loss: 0.6291 - val_categorical_accuracy: 0.7794 - lr: 5.1200e-04 - 92s/epoch - 23ms/step
Epoch 115/200
4003/4003 - 92s - loss: 0.6209 - categorical_accuracy: 0.7831 - val_loss: 0.6320 - val_categorical_accuracy: 0.7789 - lr: 5.1200e-04 - 92s/epoch - 23ms/step
Epoch 116/200
4003/4003 - 92s - loss: 0.6206 - categorical_accuracy: 0.7834 - val_loss: 0.6305 - val_categorical_accuracy: 0.7792 - lr: 5.1200e-04 - 92s/epoch - 23ms/step
Epoch 117/200
4003/4003 - 92s - loss: 0.6208 - categorical_accuracy: 0.7828 - val_loss: 0.6364 - val_categorical_accuracy: 0.7763 - lr: 5.1200e-04 - 92s/epoch - 23ms/step
Epoch 118/200
4003/4003 - 93s - loss: 0.6204 - categorical_accuracy: 0.7830 - val_loss: 0.6317 - val_categorical_accuracy: 0.7784 - lr: 5.1200e-04 - 93s/epoch - 23ms/step
Epoch 119/200
4003/4003 - 92s - loss: 0.6206 - categorical_accuracy: 0.7831 - val_loss: 0.6368 - val_categorical_accuracy: 0.7773 - lr: 5.1200e-04 - 92s/epoch - 23ms/step
Epoch 120/200
4003/4003 - 92s - loss: 0.6204 - categorical_accuracy: 0.7832 - val_loss: 0.6305 - val_categorical_accuracy: 0.7788 - lr: 5.1200e-04 - 92s/epoch - 23ms/step
Epoch 121/200
4003/4003 - 92s - loss: 0.6204 - categorical_accuracy: 0.7832 - val_loss: 0.6290 - val_categorical_accuracy: 0.7800 - lr: 5.1200e-04 - 92s/epoch - 23ms/step
Epoch 122/200
4003/4003 - 92s - loss: 0.6207 - categorical_accuracy: 0.7830 - val_loss: 0.6330 - val_categorical_accuracy: 0.7785 - lr: 5.1200e-04 - 92s/epoch - 23ms/step
Epoch 123/200
4003/4003 - 92s - loss: 0.6203 - categorical_accuracy: 0.7832 - val_loss: 0.6330 - val_categorical_accuracy: 0.7778 - lr: 5.1200e-04 - 92s/epoch - 23ms/step
Epoch 124/200
4003/4003 - 92s - loss: 0.6200 - categorical_accuracy: 0.7834 - val_loss: 0.6328 - val_categorical_accuracy: 0.7788 - lr: 5.1200e-04 - 92s/epoch - 23ms/step
Epoch 125/200
4003/4003 - 93s - loss: 0.6204 - categorical_accuracy: 0.7834 - val_loss: 0.6366 - val_categorical_accuracy: 0.7771 - lr: 5.1200e-04 - 93s/epoch - 23ms/step
Epoch 126/200
4003/4003 - 92s - loss: 0.6182 - categorical_accuracy: 0.7841 - val_loss: 0.6323 - val_categorical_accuracy: 0.7786 - lr: 4.0960e-04 - 92s/epoch - 23ms/step
Epoch 127/200
4003/4003 - 92s - loss: 0.6179 - categorical_accuracy: 0.7839 - val_loss: 0.6327 - val_categorical_accuracy: 0.7791 - lr: 4.0960e-04 - 92s/epoch - 23ms/step
Epoch 128/200
4003/4003 - 93s - loss: 0.6177 - categorical_accuracy: 0.7845 - val_loss: 0.6286 - val_categorical_accuracy: 0.7794 - lr: 4.0960e-04 - 93s/epoch - 23ms/step
Epoch 129/200
4003/4003 - 92s - loss: 0.6177 - categorical_accuracy: 0.7841 - val_loss: 0.6271 - val_categorical_accuracy: 0.7801 - lr: 4.0960e-04 - 92s/epoch - 23ms/step
Epoch 130/200
4003/4003 - 92s - loss: 0.6175 - categorical_accuracy: 0.7846 - val_loss: 0.6294 - val_categorical_accuracy: 0.7792 - lr: 4.0960e-04 - 92s/epoch - 23ms/step
Epoch 131/200
4003/4003 - 92s - loss: 0.6175 - categorical_accuracy: 0.7844 - val_loss: 0.6303 - val_categorical_accuracy: 0.7799 - lr: 4.0960e-04 - 92s/epoch - 23ms/step
Epoch 132/200
4003/4003 - 92s - loss: 0.6177 - categorical_accuracy: 0.7839 - val_loss: 0.6285 - val_categorical_accuracy: 0.7800 - lr: 4.0960e-04 - 92s/epoch - 23ms/step
Epoch 133/200
4003/4003 - 92s - loss: 0.6175 - categorical_accuracy: 0.7845 - val_loss: 0.6287 - val_categorical_accuracy: 0.7793 - lr: 4.0960e-04 - 92s/epoch - 23ms/step
Epoch 134/200
4003/4003 - 91s - loss: 0.6173 - categorical_accuracy: 0.7844 - val_loss: 0.6343 - val_categorical_accuracy: 0.7773 - lr: 4.0960e-04 - 91s/epoch - 23ms/step
Epoch 135/200
4003/4003 - 92s - loss: 0.6175 - categorical_accuracy: 0.7844 - val_loss: 0.6333 - val_categorical_accuracy: 0.7770 - lr: 4.0960e-04 - 92s/epoch - 23ms/step
Epoch 136/200
4003/4003 - 92s - loss: 0.6173 - categorical_accuracy: 0.7844 - val_loss: 0.6282 - val_categorical_accuracy: 0.7798 - lr: 4.0960e-04 - 92s/epoch - 23ms/step
Epoch 137/200
4003/4003 - 92s - loss: 0.6176 - categorical_accuracy: 0.7842 - val_loss: 0.6281 - val_categorical_accuracy: 0.7799 - lr: 4.0960e-04 - 92s/epoch - 23ms/step
Epoch 138/200
4003/4003 - 93s - loss: 0.6169 - categorical_accuracy: 0.7841 - val_loss: 0.6308 - val_categorical_accuracy: 0.7791 - lr: 4.0960e-04 - 93s/epoch - 23ms/step
Epoch 139/200
4003/4003 - 92s - loss: 0.6170 - categorical_accuracy: 0.7843 - val_loss: 0.6295 - val_categorical_accuracy: 0.7793 - lr: 4.0960e-04 - 92s/epoch - 23ms/step
Epoch 140/200
4003/4003 - 92s - loss: 0.6171 - categorical_accuracy: 0.7846 - val_loss: 0.6313 - val_categorical_accuracy: 0.7791 - lr: 4.0960e-04 - 92s/epoch - 23ms/step
Epoch 141/200
4003/4003 - 92s - loss: 0.6171 - categorical_accuracy: 0.7843 - val_loss: 0.6313 - val_categorical_accuracy: 0.7796 - lr: 4.0960e-04 - 92s/epoch - 23ms/step
Epoch 142/200
4003/4003 - 92s - loss: 0.6169 - categorical_accuracy: 0.7844 - val_loss: 0.6272 - val_categorical_accuracy: 0.7801 - lr: 4.0960e-04 - 92s/epoch - 23ms/step
Epoch 143/200
4003/4003 - 92s - loss: 0.6170 - categorical_accuracy: 0.7844 - val_loss: 0.6283 - val_categorical_accuracy: 0.7797 - lr: 4.0960e-04 - 92s/epoch - 23ms/step
Epoch 144/200
4003/4003 - 92s - loss: 0.6171 - categorical_accuracy: 0.7845 - val_loss: 0.6275 - val_categorical_accuracy: 0.7800 - lr: 4.0960e-04 - 92s/epoch - 23ms/step
Epoch 145/200
4003/4003 - 92s - loss: 0.6151 - categorical_accuracy: 0.7852 - val_loss: 0.6277 - val_categorical_accuracy: 0.7802 - lr: 3.2768e-04 - 92s/epoch - 23ms/step
Epoch 146/200
4003/4003 - 92s - loss: 0.6149 - categorical_accuracy: 0.7853 - val_loss: 0.6306 - val_categorical_accuracy: 0.7792 - lr: 3.2768e-04 - 92s/epoch - 23ms/step
Epoch 147/200
4003/4003 - 91s - loss: 0.6151 - categorical_accuracy: 0.7854 - val_loss: 0.6273 - val_categorical_accuracy: 0.7796 - lr: 3.2768e-04 - 91s/epoch - 23ms/step
Epoch 148/200
4003/4003 - 92s - loss: 0.6149 - categorical_accuracy: 0.7854 - val_loss: 0.6290 - val_categorical_accuracy: 0.7790 - lr: 3.2768e-04 - 92s/epoch - 23ms/step
Epoch 149/200
4003/4003 - 91s - loss: 0.6150 - categorical_accuracy: 0.7852 - val_loss: 0.6280 - val_categorical_accuracy: 0.7797 - lr: 3.2768e-04 - 91s/epoch - 23ms/step
Epoch 150/200
4003/4003 - 91s - loss: 0.6148 - categorical_accuracy: 0.7851 - val_loss: 0.6300 - val_categorical_accuracy: 0.7799 - lr: 3.2768e-04 - 91s/epoch - 23ms/step
Epoch 151/200
4003/4003 - 92s - loss: 0.6150 - categorical_accuracy: 0.7851 - val_loss: 0.6273 - val_categorical_accuracy: 0.7798 - lr: 3.2768e-04 - 92s/epoch - 23ms/step
Epoch 152/200
4003/4003 - 91s - loss: 0.6148 - categorical_accuracy: 0.7852 - val_loss: 0.6276 - val_categorical_accuracy: 0.7795 - lr: 3.2768e-04 - 91s/epoch - 23ms/step
Epoch 153/200
4003/4003 - 91s - loss: 0.6147 - categorical_accuracy: 0.7853 - val_loss: 0.6287 - val_categorical_accuracy: 0.7790 - lr: 3.2768e-04 - 91s/epoch - 23ms/step
Epoch 154/200
4003/4003 - 92s - loss: 0.6147 - categorical_accuracy: 0.7852 - val_loss: 0.6305 - val_categorical_accuracy: 0.7789 - lr: 3.2768e-04 - 92s/epoch - 23ms/step
Epoch 155/200
4003/4003 - 91s - loss: 0.6149 - categorical_accuracy: 0.7850 - val_loss: 0.6274 - val_categorical_accuracy: 0.7798 - lr: 3.2768e-04 - 91s/epoch - 23ms/step
Epoch 156/200
4003/4003 - 91s - loss: 0.6147 - categorical_accuracy: 0.7856 - val_loss: 0.6285 - val_categorical_accuracy: 0.7799 - lr: 3.2768e-04 - 91s/epoch - 23ms/step
Epoch 157/200
4003/4003 - 91s - loss: 0.6146 - categorical_accuracy: 0.7855 - val_loss: 0.6279 - val_categorical_accuracy: 0.7805 - lr: 3.2768e-04 - 91s/epoch - 23ms/step
Epoch 158/200
4003/4003 - 92s - loss: 0.6146 - categorical_accuracy: 0.7855 - val_loss: 0.6282 - val_categorical_accuracy: 0.7797 - lr: 3.2768e-04 - 92s/epoch - 23ms/step
Epoch 159/200
4003/4003 - 91s - loss: 0.6144 - categorical_accuracy: 0.7850 - val_loss: 0.6284 - val_categorical_accuracy: 0.7798 - lr: 3.2768e-04 - 91s/epoch - 23ms/step
Epoch 160/200
4003/4003 - 91s - loss: 0.6145 - categorical_accuracy: 0.7850 - val_loss: 0.6290 - val_categorical_accuracy: 0.7783 - lr: 3.2768e-04 - 91s/epoch - 23ms/step
Epoch 161/200
4003/4003 - 92s - loss: 0.6146 - categorical_accuracy: 0.7852 - val_loss: 0.6285 - val_categorical_accuracy: 0.7800 - lr: 3.2768e-04 - 92s/epoch - 23ms/step
Epoch 162/200
4003/4003 - 91s - loss: 0.6147 - categorical_accuracy: 0.7852 - val_loss: 0.6292 - val_categorical_accuracy: 0.7795 - lr: 3.2768e-04 - 91s/epoch - 23ms/step
Epoch 163/200
4003/4003 - 91s - loss: 0.6147 - categorical_accuracy: 0.7852 - val_loss: 0.6297 - val_categorical_accuracy: 0.7790 - lr: 3.2768e-04 - 91s/epoch - 23ms/step
Epoch 164/200
4003/4003 - 92s - loss: 0.6144 - categorical_accuracy: 0.7854 - val_loss: 0.6296 - val_categorical_accuracy: 0.7791 - lr: 3.2768e-04 - 92s/epoch - 23ms/step
Epoch 165/200
4003/4003 - 91s - loss: 0.6147 - categorical_accuracy: 0.7856 - val_loss: 0.6293 - val_categorical_accuracy: 0.7792 - lr: 3.2768e-04 - 91s/epoch - 23ms/step
Epoch 166/200
4003/4003 - 91s - loss: 0.6146 - categorical_accuracy: 0.7851 - val_loss: 0.6307 - val_categorical_accuracy: 0.7785 - lr: 3.2768e-04 - 91s/epoch - 23ms/step
Epoch 167/200
4003/4003 - 92s - loss: 0.6142 - categorical_accuracy: 0.7855 - val_loss: 0.6277 - val_categorical_accuracy: 0.7802 - lr: 3.2768e-04 - 92s/epoch - 23ms/step
Epoch 168/200
4003/4003 - 92s - loss: 0.6145 - categorical_accuracy: 0.7855 - val_loss: 0.6286 - val_categorical_accuracy: 0.7795 - lr: 3.2768e-04 - 92s/epoch - 23ms/step
Epoch 169/200
4003/4003 - 91s - loss: 0.6143 - categorical_accuracy: 0.7853 - val_loss: 0.6307 - val_categorical_accuracy: 0.7792 - lr: 3.2768e-04 - 91s/epoch - 23ms/step
Epoch 170/200
4003/4003 - 92s - loss: 0.6145 - categorical_accuracy: 0.7853 - val_loss: 0.6279 - val_categorical_accuracy: 0.7794 - lr: 3.2768e-04 - 92s/epoch - 23ms/step
Epoch 171/200
4003/4003 - 94s - loss: 0.6145 - categorical_accuracy: 0.7856 - val_loss: 0.6315 - val_categorical_accuracy: 0.7782 - lr: 3.2768e-04 - 94s/epoch - 24ms/step
Epoch 172/200
4003/4003 - 94s - loss: 0.6143 - categorical_accuracy: 0.7855 - val_loss: 0.6294 - val_categorical_accuracy: 0.7793 - lr: 3.2768e-04 - 94s/epoch - 23ms/step
Epoch 173/200
4003/4003 - 95s - loss: 0.6128 - categorical_accuracy: 0.7858 - val_loss: 0.6289 - val_categorical_accuracy: 0.7789 - lr: 2.6214e-04 - 95s/epoch - 24ms/step
Epoch 174/200
4003/4003 - 94s - loss: 0.6128 - categorical_accuracy: 0.7860 - val_loss: 0.6296 - val_categorical_accuracy: 0.7790 - lr: 2.6214e-04 - 94s/epoch - 23ms/step
Epoch 175/200
4003/4003 - 94s - loss: 0.6125 - categorical_accuracy: 0.7860 - val_loss: 0.6313 - val_categorical_accuracy: 0.7792 - lr: 2.6214e-04 - 94s/epoch - 23ms/step
Epoch 176/200
4003/4003 - 94s - loss: 0.6126 - categorical_accuracy: 0.7858 - val_loss: 0.6286 - val_categorical_accuracy: 0.7798 - lr: 2.6214e-04 - 94s/epoch - 24ms/step
Epoch 177/200
4003/4003 - 95s - loss: 0.6126 - categorical_accuracy: 0.7861 - val_loss: 0.6289 - val_categorical_accuracy: 0.7792 - lr: 2.6214e-04 - 95s/epoch - 24ms/step
Epoch 178/200
4003/4003 - 93s - loss: 0.6127 - categorical_accuracy: 0.7857 - val_loss: 0.6278 - val_categorical_accuracy: 0.7807 - lr: 2.6214e-04 - 93s/epoch - 23ms/step
Epoch 179/200
4003/4003 - 94s - loss: 0.6125 - categorical_accuracy: 0.7862 - val_loss: 0.6275 - val_categorical_accuracy: 0.7804 - lr: 2.6214e-04 - 94s/epoch - 23ms/step
Epoch 180/200
4003/4003 - 95s - loss: 0.6124 - categorical_accuracy: 0.7861 - val_loss: 0.6342 - val_categorical_accuracy: 0.7767 - lr: 2.6214e-04 - 95s/epoch - 24ms/step
Epoch 181/200
4003/4003 - 94s - loss: 0.6123 - categorical_accuracy: 0.7861 - val_loss: 0.6275 - val_categorical_accuracy: 0.7805 - lr: 2.6214e-04 - 94s/epoch - 23ms/step
Epoch 182/200
4003/4003 - 92s - loss: 0.6123 - categorical_accuracy: 0.7864 - val_loss: 0.6268 - val_categorical_accuracy: 0.7798 - lr: 2.6214e-04 - 92s/epoch - 23ms/step
Epoch 183/200
4003/4003 - 95s - loss: 0.6123 - categorical_accuracy: 0.7861 - val_loss: 0.6274 - val_categorical_accuracy: 0.7801 - lr: 2.6214e-04 - 95s/epoch - 24ms/step
Epoch 184/200
4003/4003 - 95s - loss: 0.6125 - categorical_accuracy: 0.7861 - val_loss: 0.6271 - val_categorical_accuracy: 0.7798 - lr: 2.6214e-04 - 95s/epoch - 24ms/step
Epoch 185/200
4003/4003 - 94s - loss: 0.6125 - categorical_accuracy: 0.7862 - val_loss: 0.6273 - val_categorical_accuracy: 0.7803 - lr: 2.6214e-04 - 94s/epoch - 23ms/step
Epoch 186/200
4003/4003 - 94s - loss: 0.6123 - categorical_accuracy: 0.7859 - val_loss: 0.6309 - val_categorical_accuracy: 0.7790 - lr: 2.6214e-04 - 94s/epoch - 23ms/step
Epoch 187/200
4003/4003 - 94s - loss: 0.6122 - categorical_accuracy: 0.7860 - val_loss: 0.6262 - val_categorical_accuracy: 0.7806 - lr: 2.6214e-04 - 94s/epoch - 24ms/step
Epoch 188/200
4003/4003 - 94s - loss: 0.6123 - categorical_accuracy: 0.7861 - val_loss: 0.6269 - val_categorical_accuracy: 0.7807 - lr: 2.6214e-04 - 94s/epoch - 24ms/step
Epoch 189/200
4003/4003 - 94s - loss: 0.6122 - categorical_accuracy: 0.7862 - val_loss: 0.6297 - val_categorical_accuracy: 0.7792 - lr: 2.6214e-04 - 94s/epoch - 24ms/step
Epoch 190/200
4003/4003 - 95s - loss: 0.6121 - categorical_accuracy: 0.7864 - val_loss: 0.6330 - val_categorical_accuracy: 0.7782 - lr: 2.6214e-04 - 95s/epoch - 24ms/step
Epoch 191/200
4003/4003 - 94s - loss: 0.6123 - categorical_accuracy: 0.7859 - val_loss: 0.6272 - val_categorical_accuracy: 0.7796 - lr: 2.6214e-04 - 94s/epoch - 24ms/step
Epoch 192/200
4003/4003 - 95s - loss: 0.6119 - categorical_accuracy: 0.7863 - val_loss: 0.6284 - val_categorical_accuracy: 0.7797 - lr: 2.6214e-04 - 95s/epoch - 24ms/step
Epoch 193/200
4003/4003 - 95s - loss: 0.6119 - categorical_accuracy: 0.7863 - val_loss: 0.6283 - val_categorical_accuracy: 0.7797 - lr: 2.6214e-04 - 95s/epoch - 24ms/step
Epoch 194/200
4003/4003 - 94s - loss: 0.6110 - categorical_accuracy: 0.7866 - val_loss: 0.6274 - val_categorical_accuracy: 0.7802 - lr: 2.0972e-04 - 94s/epoch - 23ms/step
Epoch 195/200
4003/4003 - 94s - loss: 0.6108 - categorical_accuracy: 0.7868 - val_loss: 0.6255 - val_categorical_accuracy: 0.7807 - lr: 2.0972e-04 - 94s/epoch - 24ms/step
Epoch 196/200
4003/4003 - 95s - loss: 0.6109 - categorical_accuracy: 0.7869 - val_loss: 0.6261 - val_categorical_accuracy: 0.7802 - lr: 2.0972e-04 - 95s/epoch - 24ms/step
Epoch 197/200
4003/4003 - 93s - loss: 0.6108 - categorical_accuracy: 0.7866 - val_loss: 0.6266 - val_categorical_accuracy: 0.7805 - lr: 2.0972e-04 - 93s/epoch - 23ms/step
Epoch 198/200
4003/4003 - 92s - loss: 0.6107 - categorical_accuracy: 0.7867 - val_loss: 0.6268 - val_categorical_accuracy: 0.7801 - lr: 2.0972e-04 - 92s/epoch - 23ms/step
Epoch 199/200
4003/4003 - 93s - loss: 0.6107 - categorical_accuracy: 0.7867 - val_loss: 0.6294 - val_categorical_accuracy: 0.7794 - lr: 2.0972e-04 - 93s/epoch - 23ms/step
Epoch 200/200
4003/4003 - 93s - loss: 0.6107 - categorical_accuracy: 0.7867 - val_loss: 0.6263 - val_categorical_accuracy: 0.7803 - lr: 2.0972e-04 - 93s/epoch - 23ms/step
[92m
Saved model to: [0m trained_intnets/jedinet_exploration_28
Loss vs epochs plot saved to trained_intnets/jedinet_exploration_28.
Accuracy vs epochs plot saved to trained_intnets/jedinet_exploration_28.
[92m
Plots done! [0m
