[96m
GPU: NVIDIA GeForce GTX 1080 Ti[0m

----------------
[92mData loading complete:[0m
Training data size: 5.72e+05
Test data size: 0.00e+00
----------------

Shuffling constituents...
[92mShuffled the training data! 🃏
[0m
[92mNumber of constituents: 8[0m
Instantiating model...
[92mModel compiled and built![0m
[95m
TRAINING THE MODEL 💪[0m
==================

Training parameters
-------------------
[92mOptimiser: 	[0m {'name': 'Adam', 'learning_rate': 0.0005, 'decay': 0.0, 'beta_1': 0.9, 'beta_2': 0.999, 'epsilon': 1e-07, 'amsgrad': False}
[92mBatch size: 	[0m 512
[92mTraining epochs:[0m 100
[92mLoss: 		[0m categorical_crossentropy

Epoch 1/100
782/782 - 9s - loss: 1.2615 - categorical_accuracy: 0.4686 - val_loss: 1.1083 - val_categorical_accuracy: 0.5648 - lr: 5.0000e-04 - 9s/epoch - 11ms/step
Epoch 2/100
782/782 - 6s - loss: 1.0737 - categorical_accuracy: 0.5841 - val_loss: 1.0479 - val_categorical_accuracy: 0.5972 - lr: 5.0000e-04 - 6s/epoch - 7ms/step
Epoch 3/100
782/782 - 5s - loss: 1.0424 - categorical_accuracy: 0.5982 - val_loss: 1.0269 - val_categorical_accuracy: 0.6051 - lr: 5.0000e-04 - 5s/epoch - 7ms/step
Epoch 4/100
782/782 - 5s - loss: 1.0263 - categorical_accuracy: 0.6046 - val_loss: 1.0118 - val_categorical_accuracy: 0.6115 - lr: 5.0000e-04 - 5s/epoch - 7ms/step
Epoch 5/100
782/782 - 5s - loss: 1.0154 - categorical_accuracy: 0.6096 - val_loss: 1.0025 - val_categorical_accuracy: 0.6152 - lr: 5.0000e-04 - 5s/epoch - 7ms/step
Epoch 6/100
782/782 - 5s - loss: 1.0079 - categorical_accuracy: 0.6128 - val_loss: 0.9975 - val_categorical_accuracy: 0.6167 - lr: 5.0000e-04 - 5s/epoch - 7ms/step
Epoch 7/100
782/782 - 5s - loss: 1.0022 - categorical_accuracy: 0.6154 - val_loss: 0.9939 - val_categorical_accuracy: 0.6171 - lr: 5.0000e-04 - 5s/epoch - 7ms/step
Epoch 8/100
782/782 - 5s - loss: 0.9973 - categorical_accuracy: 0.6175 - val_loss: 0.9895 - val_categorical_accuracy: 0.6190 - lr: 5.0000e-04 - 5s/epoch - 7ms/step
Epoch 9/100
782/782 - 5s - loss: 0.9932 - categorical_accuracy: 0.6192 - val_loss: 0.9864 - val_categorical_accuracy: 0.6200 - lr: 5.0000e-04 - 5s/epoch - 7ms/step
Epoch 10/100
782/782 - 5s - loss: 0.9898 - categorical_accuracy: 0.6205 - val_loss: 0.9823 - val_categorical_accuracy: 0.6217 - lr: 5.0000e-04 - 5s/epoch - 7ms/step
Epoch 11/100
782/782 - 5s - loss: 0.9868 - categorical_accuracy: 0.6219 - val_loss: 0.9793 - val_categorical_accuracy: 0.6234 - lr: 5.0000e-04 - 5s/epoch - 7ms/step
Epoch 12/100
782/782 - 5s - loss: 0.9842 - categorical_accuracy: 0.6234 - val_loss: 0.9764 - val_categorical_accuracy: 0.6252 - lr: 5.0000e-04 - 5s/epoch - 7ms/step
Epoch 13/100
782/782 - 5s - loss: 0.9819 - categorical_accuracy: 0.6243 - val_loss: 0.9738 - val_categorical_accuracy: 0.6265 - lr: 5.0000e-04 - 5s/epoch - 7ms/step
Epoch 14/100
782/782 - 5s - loss: 0.9798 - categorical_accuracy: 0.6251 - val_loss: 0.9726 - val_categorical_accuracy: 0.6268 - lr: 5.0000e-04 - 5s/epoch - 7ms/step
Epoch 15/100
782/782 - 5s - loss: 0.9778 - categorical_accuracy: 0.6259 - val_loss: 0.9711 - val_categorical_accuracy: 0.6274 - lr: 5.0000e-04 - 5s/epoch - 7ms/step
Epoch 16/100
782/782 - 5s - loss: 0.9760 - categorical_accuracy: 0.6267 - val_loss: 0.9701 - val_categorical_accuracy: 0.6276 - lr: 5.0000e-04 - 5s/epoch - 7ms/step
Epoch 17/100
782/782 - 5s - loss: 0.9744 - categorical_accuracy: 0.6275 - val_loss: 0.9683 - val_categorical_accuracy: 0.6286 - lr: 5.0000e-04 - 5s/epoch - 7ms/step
Epoch 18/100
782/782 - 5s - loss: 0.9729 - categorical_accuracy: 0.6279 - val_loss: 0.9682 - val_categorical_accuracy: 0.6283 - lr: 5.0000e-04 - 5s/epoch - 7ms/step
Epoch 19/100
782/782 - 5s - loss: 0.9715 - categorical_accuracy: 0.6286 - val_loss: 0.9674 - val_categorical_accuracy: 0.6286 - lr: 5.0000e-04 - 5s/epoch - 7ms/step
Epoch 20/100
782/782 - 5s - loss: 0.9702 - categorical_accuracy: 0.6290 - val_loss: 0.9666 - val_categorical_accuracy: 0.6288 - lr: 5.0000e-04 - 5s/epoch - 7ms/step
Epoch 21/100
782/782 - 6s - loss: 0.9689 - categorical_accuracy: 0.6295 - val_loss: 0.9658 - val_categorical_accuracy: 0.6288 - lr: 5.0000e-04 - 6s/epoch - 7ms/step
Epoch 22/100
782/782 - 5s - loss: 0.9677 - categorical_accuracy: 0.6298 - val_loss: 0.9647 - val_categorical_accuracy: 0.6297 - lr: 5.0000e-04 - 5s/epoch - 7ms/step
Epoch 23/100
782/782 - 5s - loss: 0.9666 - categorical_accuracy: 0.6305 - val_loss: 0.9637 - val_categorical_accuracy: 0.6302 - lr: 5.0000e-04 - 5s/epoch - 7ms/step
Epoch 24/100
782/782 - 5s - loss: 0.9654 - categorical_accuracy: 0.6311 - val_loss: 0.9621 - val_categorical_accuracy: 0.6312 - lr: 5.0000e-04 - 5s/epoch - 7ms/step
Epoch 25/100
782/782 - 5s - loss: 0.9644 - categorical_accuracy: 0.6314 - val_loss: 0.9611 - val_categorical_accuracy: 0.6316 - lr: 5.0000e-04 - 5s/epoch - 7ms/step
Epoch 26/100
782/782 - 5s - loss: 0.9634 - categorical_accuracy: 0.6318 - val_loss: 0.9607 - val_categorical_accuracy: 0.6318 - lr: 5.0000e-04 - 5s/epoch - 7ms/step
Epoch 27/100
782/782 - 5s - loss: 0.9625 - categorical_accuracy: 0.6320 - val_loss: 0.9602 - val_categorical_accuracy: 0.6320 - lr: 5.0000e-04 - 5s/epoch - 7ms/step
Epoch 28/100
782/782 - 5s - loss: 0.9615 - categorical_accuracy: 0.6325 - val_loss: 0.9588 - val_categorical_accuracy: 0.6327 - lr: 5.0000e-04 - 5s/epoch - 7ms/step
Epoch 29/100
782/782 - 6s - loss: 0.9607 - categorical_accuracy: 0.6328 - val_loss: 0.9579 - val_categorical_accuracy: 0.6330 - lr: 5.0000e-04 - 6s/epoch - 7ms/step
Epoch 30/100
782/782 - 5s - loss: 0.9598 - categorical_accuracy: 0.6330 - val_loss: 0.9570 - val_categorical_accuracy: 0.6333 - lr: 5.0000e-04 - 5s/epoch - 7ms/step
Epoch 31/100
782/782 - 6s - loss: 0.9591 - categorical_accuracy: 0.6332 - val_loss: 0.9562 - val_categorical_accuracy: 0.6337 - lr: 5.0000e-04 - 6s/epoch - 8ms/step
Epoch 32/100
782/782 - 5s - loss: 0.9583 - categorical_accuracy: 0.6337 - val_loss: 0.9561 - val_categorical_accuracy: 0.6337 - lr: 5.0000e-04 - 5s/epoch - 7ms/step
Epoch 33/100
782/782 - 5s - loss: 0.9576 - categorical_accuracy: 0.6341 - val_loss: 0.9560 - val_categorical_accuracy: 0.6338 - lr: 5.0000e-04 - 5s/epoch - 7ms/step
Epoch 34/100
782/782 - 5s - loss: 0.9568 - categorical_accuracy: 0.6343 - val_loss: 0.9554 - val_categorical_accuracy: 0.6337 - lr: 5.0000e-04 - 5s/epoch - 7ms/step
Epoch 35/100
782/782 - 5s - loss: 0.9561 - categorical_accuracy: 0.6346 - val_loss: 0.9547 - val_categorical_accuracy: 0.6341 - lr: 5.0000e-04 - 5s/epoch - 7ms/step
Epoch 36/100
782/782 - 6s - loss: 0.9554 - categorical_accuracy: 0.6349 - val_loss: 0.9543 - val_categorical_accuracy: 0.6342 - lr: 5.0000e-04 - 6s/epoch - 7ms/step
Epoch 37/100
782/782 - 5s - loss: 0.9548 - categorical_accuracy: 0.6351 - val_loss: 0.9533 - val_categorical_accuracy: 0.6347 - lr: 5.0000e-04 - 5s/epoch - 7ms/step
Epoch 38/100
782/782 - 5s - loss: 0.9541 - categorical_accuracy: 0.6354 - val_loss: 0.9528 - val_categorical_accuracy: 0.6347 - lr: 5.0000e-04 - 5s/epoch - 7ms/step
Epoch 39/100
782/782 - 5s - loss: 0.9534 - categorical_accuracy: 0.6357 - val_loss: 0.9517 - val_categorical_accuracy: 0.6350 - lr: 5.0000e-04 - 5s/epoch - 7ms/step
Epoch 40/100
782/782 - 5s - loss: 0.9528 - categorical_accuracy: 0.6361 - val_loss: 0.9516 - val_categorical_accuracy: 0.6348 - lr: 5.0000e-04 - 5s/epoch - 7ms/step
Epoch 41/100
782/782 - 5s - loss: 0.9522 - categorical_accuracy: 0.6362 - val_loss: 0.9511 - val_categorical_accuracy: 0.6349 - lr: 5.0000e-04 - 5s/epoch - 7ms/step
Epoch 42/100
782/782 - 5s - loss: 0.9516 - categorical_accuracy: 0.6363 - val_loss: 0.9503 - val_categorical_accuracy: 0.6354 - lr: 5.0000e-04 - 5s/epoch - 7ms/step
Epoch 43/100
782/782 - 5s - loss: 0.9512 - categorical_accuracy: 0.6365 - val_loss: 0.9492 - val_categorical_accuracy: 0.6359 - lr: 5.0000e-04 - 5s/epoch - 7ms/step
Epoch 44/100
782/782 - 5s - loss: 0.9506 - categorical_accuracy: 0.6368 - val_loss: 0.9488 - val_categorical_accuracy: 0.6363 - lr: 5.0000e-04 - 5s/epoch - 7ms/step
Epoch 45/100
782/782 - 5s - loss: 0.9501 - categorical_accuracy: 0.6369 - val_loss: 0.9487 - val_categorical_accuracy: 0.6362 - lr: 5.0000e-04 - 5s/epoch - 7ms/step
Epoch 46/100
782/782 - 5s - loss: 0.9496 - categorical_accuracy: 0.6371 - val_loss: 0.9483 - val_categorical_accuracy: 0.6363 - lr: 5.0000e-04 - 5s/epoch - 7ms/step
Epoch 47/100
782/782 - 6s - loss: 0.9490 - categorical_accuracy: 0.6374 - val_loss: 0.9478 - val_categorical_accuracy: 0.6368 - lr: 5.0000e-04 - 6s/epoch - 7ms/step
Epoch 48/100
782/782 - 5s - loss: 0.9486 - categorical_accuracy: 0.6377 - val_loss: 0.9475 - val_categorical_accuracy: 0.6367 - lr: 5.0000e-04 - 5s/epoch - 7ms/step
Epoch 49/100
782/782 - 5s - loss: 0.9482 - categorical_accuracy: 0.6378 - val_loss: 0.9470 - val_categorical_accuracy: 0.6370 - lr: 5.0000e-04 - 5s/epoch - 7ms/step
Epoch 50/100
782/782 - 5s - loss: 0.9477 - categorical_accuracy: 0.6380 - val_loss: 0.9458 - val_categorical_accuracy: 0.6377 - lr: 5.0000e-04 - 5s/epoch - 7ms/step
Epoch 51/100
782/782 - 5s - loss: 0.9474 - categorical_accuracy: 0.6382 - val_loss: 0.9455 - val_categorical_accuracy: 0.6377 - lr: 5.0000e-04 - 5s/epoch - 7ms/step
Epoch 52/100
782/782 - 5s - loss: 0.9470 - categorical_accuracy: 0.6383 - val_loss: 0.9456 - val_categorical_accuracy: 0.6375 - lr: 5.0000e-04 - 5s/epoch - 7ms/step
Epoch 53/100
782/782 - 5s - loss: 0.9465 - categorical_accuracy: 0.6384 - val_loss: 0.9451 - val_categorical_accuracy: 0.6378 - lr: 5.0000e-04 - 5s/epoch - 7ms/step
Epoch 54/100
782/782 - 5s - loss: 0.9461 - categorical_accuracy: 0.6387 - val_loss: 0.9448 - val_categorical_accuracy: 0.6381 - lr: 5.0000e-04 - 5s/epoch - 7ms/step
Epoch 55/100
782/782 - 5s - loss: 0.9458 - categorical_accuracy: 0.6386 - val_loss: 0.9445 - val_categorical_accuracy: 0.6382 - lr: 5.0000e-04 - 5s/epoch - 7ms/step
Epoch 56/100
782/782 - 5s - loss: 0.9454 - categorical_accuracy: 0.6387 - val_loss: 0.9446 - val_categorical_accuracy: 0.6379 - lr: 5.0000e-04 - 5s/epoch - 7ms/step
Epoch 57/100
782/782 - 5s - loss: 0.9451 - categorical_accuracy: 0.6389 - val_loss: 0.9445 - val_categorical_accuracy: 0.6382 - lr: 5.0000e-04 - 5s/epoch - 7ms/step
Epoch 58/100
782/782 - 5s - loss: 0.9447 - categorical_accuracy: 0.6391 - val_loss: 0.9438 - val_categorical_accuracy: 0.6386 - lr: 5.0000e-04 - 5s/epoch - 7ms/step
Epoch 59/100
782/782 - 5s - loss: 0.9444 - categorical_accuracy: 0.6391 - val_loss: 0.9440 - val_categorical_accuracy: 0.6386 - lr: 5.0000e-04 - 5s/epoch - 7ms/step
Epoch 60/100
782/782 - 5s - loss: 0.9441 - categorical_accuracy: 0.6395 - val_loss: 0.9441 - val_categorical_accuracy: 0.6385 - lr: 5.0000e-04 - 5s/epoch - 7ms/step
Epoch 61/100
782/782 - 5s - loss: 0.9438 - categorical_accuracy: 0.6394 - val_loss: 0.9438 - val_categorical_accuracy: 0.6386 - lr: 5.0000e-04 - 5s/epoch - 7ms/step
Epoch 62/100
782/782 - 6s - loss: 0.9434 - categorical_accuracy: 0.6396 - val_loss: 0.9438 - val_categorical_accuracy: 0.6386 - lr: 5.0000e-04 - 6s/epoch - 7ms/step
Epoch 63/100
782/782 - 5s - loss: 0.9431 - categorical_accuracy: 0.6397 - val_loss: 0.9437 - val_categorical_accuracy: 0.6385 - lr: 5.0000e-04 - 5s/epoch - 7ms/step
Epoch 64/100
782/782 - 6s - loss: 0.9427 - categorical_accuracy: 0.6399 - val_loss: 0.9431 - val_categorical_accuracy: 0.6389 - lr: 5.0000e-04 - 6s/epoch - 8ms/step
Epoch 65/100
782/782 - 5s - loss: 0.9424 - categorical_accuracy: 0.6399 - val_loss: 0.9435 - val_categorical_accuracy: 0.6386 - lr: 5.0000e-04 - 5s/epoch - 7ms/step
Epoch 66/100
782/782 - 5s - loss: 0.9421 - categorical_accuracy: 0.6399 - val_loss: 0.9433 - val_categorical_accuracy: 0.6383 - lr: 5.0000e-04 - 5s/epoch - 7ms/step
Epoch 67/100
782/782 - 5s - loss: 0.9417 - categorical_accuracy: 0.6401 - val_loss: 0.9426 - val_categorical_accuracy: 0.6386 - lr: 5.0000e-04 - 5s/epoch - 7ms/step
Epoch 68/100
782/782 - 5s - loss: 0.9414 - categorical_accuracy: 0.6402 - val_loss: 0.9419 - val_categorical_accuracy: 0.6392 - lr: 5.0000e-04 - 5s/epoch - 7ms/step
Epoch 69/100
782/782 - 5s - loss: 0.9412 - categorical_accuracy: 0.6403 - val_loss: 0.9418 - val_categorical_accuracy: 0.6392 - lr: 5.0000e-04 - 5s/epoch - 7ms/step
Epoch 70/100
782/782 - 5s - loss: 0.9409 - categorical_accuracy: 0.6405 - val_loss: 0.9417 - val_categorical_accuracy: 0.6392 - lr: 5.0000e-04 - 5s/epoch - 6ms/step
Epoch 71/100
782/782 - 5s - loss: 0.9406 - categorical_accuracy: 0.6406 - val_loss: 0.9421 - val_categorical_accuracy: 0.6390 - lr: 5.0000e-04 - 5s/epoch - 7ms/step
Epoch 72/100
782/782 - 5s - loss: 0.9403 - categorical_accuracy: 0.6407 - val_loss: 0.9416 - val_categorical_accuracy: 0.6393 - lr: 5.0000e-04 - 5s/epoch - 7ms/step
Epoch 73/100
782/782 - 5s - loss: 0.9401 - categorical_accuracy: 0.6409 - val_loss: 0.9413 - val_categorical_accuracy: 0.6395 - lr: 5.0000e-04 - 5s/epoch - 6ms/step
Epoch 74/100
782/782 - 5s - loss: 0.9398 - categorical_accuracy: 0.6411 - val_loss: 0.9410 - val_categorical_accuracy: 0.6394 - lr: 5.0000e-04 - 5s/epoch - 7ms/step
Epoch 75/100
782/782 - 5s - loss: 0.9396 - categorical_accuracy: 0.6411 - val_loss: 0.9413 - val_categorical_accuracy: 0.6392 - lr: 5.0000e-04 - 5s/epoch - 7ms/step
Epoch 76/100
782/782 - 5s - loss: 0.9393 - categorical_accuracy: 0.6412 - val_loss: 0.9407 - val_categorical_accuracy: 0.6394 - lr: 5.0000e-04 - 5s/epoch - 7ms/step
Epoch 77/100
782/782 - 5s - loss: 0.9390 - categorical_accuracy: 0.6413 - val_loss: 0.9401 - val_categorical_accuracy: 0.6396 - lr: 5.0000e-04 - 5s/epoch - 7ms/step
Epoch 78/100
782/782 - 5s - loss: 0.9388 - categorical_accuracy: 0.6413 - val_loss: 0.9390 - val_categorical_accuracy: 0.6403 - lr: 5.0000e-04 - 5s/epoch - 6ms/step
Epoch 79/100
782/782 - 5s - loss: 0.9385 - categorical_accuracy: 0.6414 - val_loss: 0.9393 - val_categorical_accuracy: 0.6398 - lr: 5.0000e-04 - 5s/epoch - 7ms/step
Epoch 80/100
782/782 - 6s - loss: 0.9383 - categorical_accuracy: 0.6414 - val_loss: 0.9392 - val_categorical_accuracy: 0.6399 - lr: 5.0000e-04 - 6s/epoch - 7ms/step
Epoch 81/100
782/782 - 5s - loss: 0.9380 - categorical_accuracy: 0.6416 - val_loss: 0.9383 - val_categorical_accuracy: 0.6406 - lr: 5.0000e-04 - 5s/epoch - 7ms/step
Epoch 82/100
782/782 - 5s - loss: 0.9378 - categorical_accuracy: 0.6418 - val_loss: 0.9376 - val_categorical_accuracy: 0.6410 - lr: 5.0000e-04 - 5s/epoch - 7ms/step
Epoch 83/100
782/782 - 5s - loss: 0.9376 - categorical_accuracy: 0.6417 - val_loss: 0.9375 - val_categorical_accuracy: 0.6410 - lr: 5.0000e-04 - 5s/epoch - 7ms/step
Epoch 84/100
782/782 - 5s - loss: 0.9374 - categorical_accuracy: 0.6416 - val_loss: 0.9372 - val_categorical_accuracy: 0.6410 - lr: 5.0000e-04 - 5s/epoch - 7ms/step
Epoch 85/100
782/782 - 5s - loss: 0.9371 - categorical_accuracy: 0.6418 - val_loss: 0.9370 - val_categorical_accuracy: 0.6410 - lr: 5.0000e-04 - 5s/epoch - 7ms/step
Epoch 86/100
782/782 - 5s - loss: 0.9369 - categorical_accuracy: 0.6417 - val_loss: 0.9374 - val_categorical_accuracy: 0.6409 - lr: 5.0000e-04 - 5s/epoch - 6ms/step
Epoch 87/100
782/782 - 5s - loss: 0.9367 - categorical_accuracy: 0.6420 - val_loss: 0.9373 - val_categorical_accuracy: 0.6410 - lr: 5.0000e-04 - 5s/epoch - 7ms/step
Epoch 88/100
782/782 - 6s - loss: 0.9365 - categorical_accuracy: 0.6420 - val_loss: 0.9374 - val_categorical_accuracy: 0.6408 - lr: 5.0000e-04 - 6s/epoch - 8ms/step
Epoch 89/100
782/782 - 5s - loss: 0.9363 - categorical_accuracy: 0.6420 - val_loss: 0.9366 - val_categorical_accuracy: 0.6412 - lr: 5.0000e-04 - 5s/epoch - 7ms/step
Epoch 90/100
782/782 - 5s - loss: 0.9361 - categorical_accuracy: 0.6421 - val_loss: 0.9362 - val_categorical_accuracy: 0.6414 - lr: 5.0000e-04 - 5s/epoch - 7ms/step
Epoch 91/100
782/782 - 5s - loss: 0.9359 - categorical_accuracy: 0.6421 - val_loss: 0.9367 - val_categorical_accuracy: 0.6410 - lr: 5.0000e-04 - 5s/epoch - 6ms/step
Epoch 92/100
782/782 - 5s - loss: 0.9357 - categorical_accuracy: 0.6422 - val_loss: 0.9363 - val_categorical_accuracy: 0.6414 - lr: 5.0000e-04 - 5s/epoch - 7ms/step
Epoch 93/100
782/782 - 5s - loss: 0.9355 - categorical_accuracy: 0.6424 - val_loss: 0.9361 - val_categorical_accuracy: 0.6413 - lr: 5.0000e-04 - 5s/epoch - 7ms/step
Epoch 94/100
782/782 - 5s - loss: 0.9353 - categorical_accuracy: 0.6426 - val_loss: 0.9355 - val_categorical_accuracy: 0.6416 - lr: 5.0000e-04 - 5s/epoch - 7ms/step
Epoch 95/100
782/782 - 5s - loss: 0.9352 - categorical_accuracy: 0.6426 - val_loss: 0.9358 - val_categorical_accuracy: 0.6414 - lr: 5.0000e-04 - 5s/epoch - 7ms/step
Epoch 96/100
782/782 - 5s - loss: 0.9350 - categorical_accuracy: 0.6426 - val_loss: 0.9352 - val_categorical_accuracy: 0.6417 - lr: 5.0000e-04 - 5s/epoch - 7ms/step
Epoch 97/100
782/782 - 5s - loss: 0.9349 - categorical_accuracy: 0.6428 - val_loss: 0.9356 - val_categorical_accuracy: 0.6416 - lr: 5.0000e-04 - 5s/epoch - 7ms/step
Epoch 98/100
782/782 - 5s - loss: 0.9347 - categorical_accuracy: 0.6428 - val_loss: 0.9354 - val_categorical_accuracy: 0.6416 - lr: 5.0000e-04 - 5s/epoch - 7ms/step
Epoch 99/100
782/782 - 5s - loss: 0.9345 - categorical_accuracy: 0.6427 - val_loss: 0.9349 - val_categorical_accuracy: 0.6419 - lr: 5.0000e-04 - 5s/epoch - 7ms/step
Epoch 100/100
782/782 - 5s - loss: 0.9344 - categorical_accuracy: 0.6428 - val_loss: 0.9341 - val_categorical_accuracy: 0.6423 - lr: 5.0000e-04 - 5s/epoch - 7ms/step
[95m
SAVING RESULTS[0m
==============
[92m
Saved model to: [0m trained_intnets/perm_variant_conv_2
Loss vs epochs plot saved to trained_intnets/perm_variant_conv_2.
Accuracy vs epochs plot saved to trained_intnets/perm_variant_conv_2.
[92m
Jobs done! 🍰✨[0m
