[96m
GPU: NVIDIA GeForce GTX 1080 Ti[0m

----------------
[92mData loading complete:[0m
Training data size: 5.72e+05
Test data size: 0.00e+00
----------------

Shuffling constituents...
[92mShuffled the training data! 🃏
[0m
[92mNumber of constituents: 8
[0m
Instantiating model...
[92mModel compiled and built![0m
[95m
TRAINING THE MODEL 💪[0m
==================

Training parameters
-------------------
[92mOptimiser: 	[0m {'name': 'Adam', 'learning_rate': 0.0005, 'decay': 0.0, 'beta_1': 0.9, 'beta_2': 0.999, 'epsilon': 1e-07, 'amsgrad': False}
[92mBatch size: 	[0m 512
[92mTraining epochs:[0m 100
[92mLoss: 		[0m categorical_crossentropy

Epoch 1/100
782/782 - 8s - loss: 1.2024 - categorical_accuracy: 0.5078 - val_loss: 1.0948 - val_categorical_accuracy: 0.5753 - lr: 5.0000e-04 - 8s/epoch - 10ms/step
Epoch 2/100
782/782 - 4s - loss: 1.0671 - categorical_accuracy: 0.5894 - val_loss: 1.0526 - val_categorical_accuracy: 0.5933 - lr: 5.0000e-04 - 4s/epoch - 6ms/step
Epoch 3/100
782/782 - 4s - loss: 1.0378 - categorical_accuracy: 0.6035 - val_loss: 1.0156 - val_categorical_accuracy: 0.6173 - lr: 5.0000e-04 - 4s/epoch - 6ms/step
Epoch 4/100
782/782 - 4s - loss: 1.0225 - categorical_accuracy: 0.6094 - val_loss: 1.0040 - val_categorical_accuracy: 0.6189 - lr: 5.0000e-04 - 4s/epoch - 6ms/step
Epoch 5/100
782/782 - 4s - loss: 1.0066 - categorical_accuracy: 0.6163 - val_loss: 1.0074 - val_categorical_accuracy: 0.6108 - lr: 5.0000e-04 - 4s/epoch - 5ms/step
Epoch 6/100
782/782 - 5s - loss: 1.0004 - categorical_accuracy: 0.6189 - val_loss: 0.9816 - val_categorical_accuracy: 0.6285 - lr: 5.0000e-04 - 5s/epoch - 6ms/step
Epoch 7/100
782/782 - 4s - loss: 0.9943 - categorical_accuracy: 0.6205 - val_loss: 0.9899 - val_categorical_accuracy: 0.6228 - lr: 5.0000e-04 - 4s/epoch - 6ms/step
Epoch 8/100
782/782 - 4s - loss: 0.9879 - categorical_accuracy: 0.6233 - val_loss: 0.9739 - val_categorical_accuracy: 0.6312 - lr: 5.0000e-04 - 4s/epoch - 6ms/step
Epoch 9/100
782/782 - 4s - loss: 0.9833 - categorical_accuracy: 0.6253 - val_loss: 0.9669 - val_categorical_accuracy: 0.6343 - lr: 5.0000e-04 - 4s/epoch - 6ms/step
Epoch 10/100
782/782 - 4s - loss: 0.9794 - categorical_accuracy: 0.6259 - val_loss: 0.9634 - val_categorical_accuracy: 0.6356 - lr: 5.0000e-04 - 4s/epoch - 6ms/step
Epoch 11/100
782/782 - 4s - loss: 0.9775 - categorical_accuracy: 0.6264 - val_loss: 0.9665 - val_categorical_accuracy: 0.6331 - lr: 5.0000e-04 - 4s/epoch - 6ms/step
Epoch 12/100
782/782 - 4s - loss: 0.9731 - categorical_accuracy: 0.6285 - val_loss: 0.9751 - val_categorical_accuracy: 0.6272 - lr: 5.0000e-04 - 4s/epoch - 6ms/step
Epoch 13/100
782/782 - 4s - loss: 0.9718 - categorical_accuracy: 0.6290 - val_loss: 0.9611 - val_categorical_accuracy: 0.6355 - lr: 5.0000e-04 - 4s/epoch - 6ms/step
Epoch 14/100
782/782 - 4s - loss: 0.9698 - categorical_accuracy: 0.6293 - val_loss: 0.9594 - val_categorical_accuracy: 0.6360 - lr: 5.0000e-04 - 4s/epoch - 6ms/step
Epoch 15/100
782/782 - 4s - loss: 0.9669 - categorical_accuracy: 0.6308 - val_loss: 0.9549 - val_categorical_accuracy: 0.6380 - lr: 5.0000e-04 - 4s/epoch - 6ms/step
Epoch 16/100
782/782 - 4s - loss: 0.9654 - categorical_accuracy: 0.6308 - val_loss: 0.9509 - val_categorical_accuracy: 0.6398 - lr: 5.0000e-04 - 4s/epoch - 6ms/step
Epoch 17/100
782/782 - 4s - loss: 0.9645 - categorical_accuracy: 0.6319 - val_loss: 0.9526 - val_categorical_accuracy: 0.6393 - lr: 5.0000e-04 - 4s/epoch - 6ms/step
Epoch 18/100
782/782 - 4s - loss: 0.9622 - categorical_accuracy: 0.6323 - val_loss: 0.9480 - val_categorical_accuracy: 0.6409 - lr: 5.0000e-04 - 4s/epoch - 6ms/step
Epoch 19/100
782/782 - 4s - loss: 0.9586 - categorical_accuracy: 0.6339 - val_loss: 0.9486 - val_categorical_accuracy: 0.6418 - lr: 5.0000e-04 - 4s/epoch - 6ms/step
Epoch 20/100
782/782 - 4s - loss: 0.9583 - categorical_accuracy: 0.6335 - val_loss: 0.9463 - val_categorical_accuracy: 0.6415 - lr: 5.0000e-04 - 4s/epoch - 6ms/step
Epoch 21/100
782/782 - 4s - loss: 0.9577 - categorical_accuracy: 0.6338 - val_loss: 0.9437 - val_categorical_accuracy: 0.6428 - lr: 5.0000e-04 - 4s/epoch - 6ms/step
Epoch 22/100
782/782 - 4s - loss: 0.9572 - categorical_accuracy: 0.6341 - val_loss: 0.9426 - val_categorical_accuracy: 0.6424 - lr: 5.0000e-04 - 4s/epoch - 6ms/step
Epoch 23/100
782/782 - 4s - loss: 0.9570 - categorical_accuracy: 0.6339 - val_loss: 0.9419 - val_categorical_accuracy: 0.6422 - lr: 5.0000e-04 - 4s/epoch - 6ms/step
Epoch 24/100
782/782 - 4s - loss: 0.9554 - categorical_accuracy: 0.6350 - val_loss: 0.9394 - val_categorical_accuracy: 0.6439 - lr: 5.0000e-04 - 4s/epoch - 6ms/step
Epoch 25/100
782/782 - 4s - loss: 0.9546 - categorical_accuracy: 0.6350 - val_loss: 0.9417 - val_categorical_accuracy: 0.6426 - lr: 5.0000e-04 - 4s/epoch - 6ms/step
Epoch 26/100
782/782 - 4s - loss: 0.9518 - categorical_accuracy: 0.6353 - val_loss: 0.9401 - val_categorical_accuracy: 0.6439 - lr: 5.0000e-04 - 4s/epoch - 6ms/step
Epoch 27/100
782/782 - 4s - loss: 0.9520 - categorical_accuracy: 0.6361 - val_loss: 0.9400 - val_categorical_accuracy: 0.6431 - lr: 5.0000e-04 - 4s/epoch - 6ms/step
Epoch 28/100
782/782 - 4s - loss: 0.9519 - categorical_accuracy: 0.6357 - val_loss: 0.9378 - val_categorical_accuracy: 0.6447 - lr: 5.0000e-04 - 4s/epoch - 6ms/step
Epoch 29/100
782/782 - 4s - loss: 0.9492 - categorical_accuracy: 0.6369 - val_loss: 0.9467 - val_categorical_accuracy: 0.6386 - lr: 5.0000e-04 - 4s/epoch - 6ms/step
Epoch 30/100
782/782 - 4s - loss: 0.9506 - categorical_accuracy: 0.6360 - val_loss: 0.9398 - val_categorical_accuracy: 0.6434 - lr: 5.0000e-04 - 4s/epoch - 6ms/step
Epoch 31/100
782/782 - 4s - loss: 0.9484 - categorical_accuracy: 0.6369 - val_loss: 0.9342 - val_categorical_accuracy: 0.6461 - lr: 5.0000e-04 - 4s/epoch - 6ms/step
Epoch 32/100
782/782 - 4s - loss: 0.9469 - categorical_accuracy: 0.6379 - val_loss: 0.9329 - val_categorical_accuracy: 0.6459 - lr: 5.0000e-04 - 4s/epoch - 6ms/step
Epoch 33/100
782/782 - 4s - loss: 0.9451 - categorical_accuracy: 0.6386 - val_loss: 0.9476 - val_categorical_accuracy: 0.6371 - lr: 5.0000e-04 - 4s/epoch - 6ms/step
Epoch 34/100
782/782 - 4s - loss: 0.9467 - categorical_accuracy: 0.6374 - val_loss: 0.9358 - val_categorical_accuracy: 0.6444 - lr: 5.0000e-04 - 4s/epoch - 6ms/step
Epoch 35/100
782/782 - 4s - loss: 0.9472 - categorical_accuracy: 0.6372 - val_loss: 0.9324 - val_categorical_accuracy: 0.6460 - lr: 5.0000e-04 - 4s/epoch - 6ms/step
Epoch 36/100
782/782 - 4s - loss: 0.9452 - categorical_accuracy: 0.6387 - val_loss: 0.9411 - val_categorical_accuracy: 0.6409 - lr: 5.0000e-04 - 4s/epoch - 6ms/step
Epoch 37/100
782/782 - 4s - loss: 0.9450 - categorical_accuracy: 0.6383 - val_loss: 0.9484 - val_categorical_accuracy: 0.6380 - lr: 5.0000e-04 - 4s/epoch - 6ms/step
Epoch 38/100
782/782 - 4s - loss: 0.9452 - categorical_accuracy: 0.6380 - val_loss: 0.9340 - val_categorical_accuracy: 0.6458 - lr: 5.0000e-04 - 4s/epoch - 6ms/step
Epoch 39/100
782/782 - 4s - loss: 0.9442 - categorical_accuracy: 0.6392 - val_loss: 0.9468 - val_categorical_accuracy: 0.6368 - lr: 5.0000e-04 - 4s/epoch - 6ms/step
Epoch 40/100
782/782 - 4s - loss: 0.9445 - categorical_accuracy: 0.6380 - val_loss: 0.9288 - val_categorical_accuracy: 0.6467 - lr: 5.0000e-04 - 4s/epoch - 6ms/step
Epoch 41/100
782/782 - 4s - loss: 0.9419 - categorical_accuracy: 0.6399 - val_loss: 0.9413 - val_categorical_accuracy: 0.6391 - lr: 5.0000e-04 - 4s/epoch - 6ms/step
Epoch 42/100
782/782 - 4s - loss: 0.9423 - categorical_accuracy: 0.6392 - val_loss: 0.9339 - val_categorical_accuracy: 0.6434 - lr: 5.0000e-04 - 4s/epoch - 6ms/step
Epoch 43/100
782/782 - 4s - loss: 0.9417 - categorical_accuracy: 0.6400 - val_loss: 0.9287 - val_categorical_accuracy: 0.6472 - lr: 5.0000e-04 - 4s/epoch - 6ms/step
Epoch 44/100
782/782 - 4s - loss: 0.9422 - categorical_accuracy: 0.6390 - val_loss: 0.9265 - val_categorical_accuracy: 0.6488 - lr: 5.0000e-04 - 4s/epoch - 6ms/step
Epoch 45/100
782/782 - 4s - loss: 0.9389 - categorical_accuracy: 0.6411 - val_loss: 0.9271 - val_categorical_accuracy: 0.6487 - lr: 5.0000e-04 - 4s/epoch - 6ms/step
Epoch 46/100
782/782 - 4s - loss: 0.9390 - categorical_accuracy: 0.6409 - val_loss: 0.9288 - val_categorical_accuracy: 0.6478 - lr: 5.0000e-04 - 4s/epoch - 6ms/step
Epoch 47/100
782/782 - 4s - loss: 0.9390 - categorical_accuracy: 0.6413 - val_loss: 0.9269 - val_categorical_accuracy: 0.6480 - lr: 5.0000e-04 - 4s/epoch - 6ms/step
Epoch 48/100
782/782 - 4s - loss: 0.9409 - categorical_accuracy: 0.6399 - val_loss: 0.9329 - val_categorical_accuracy: 0.6445 - lr: 5.0000e-04 - 4s/epoch - 6ms/step
Epoch 49/100
782/782 - 4s - loss: 0.9387 - categorical_accuracy: 0.6408 - val_loss: 0.9351 - val_categorical_accuracy: 0.6414 - lr: 5.0000e-04 - 4s/epoch - 6ms/step
Epoch 50/100
782/782 - 4s - loss: 0.9397 - categorical_accuracy: 0.6400 - val_loss: 0.9266 - val_categorical_accuracy: 0.6470 - lr: 5.0000e-04 - 4s/epoch - 6ms/step
Epoch 51/100
782/782 - 4s - loss: 0.9377 - categorical_accuracy: 0.6414 - val_loss: 0.9248 - val_categorical_accuracy: 0.6492 - lr: 5.0000e-04 - 4s/epoch - 6ms/step
Epoch 52/100
782/782 - 4s - loss: 0.9383 - categorical_accuracy: 0.6408 - val_loss: 0.9280 - val_categorical_accuracy: 0.6473 - lr: 5.0000e-04 - 4s/epoch - 6ms/step
Epoch 53/100
782/782 - 4s - loss: 0.9355 - categorical_accuracy: 0.6420 - val_loss: 0.9426 - val_categorical_accuracy: 0.6388 - lr: 5.0000e-04 - 4s/epoch - 6ms/step
Epoch 54/100
782/782 - 4s - loss: 0.9377 - categorical_accuracy: 0.6408 - val_loss: 0.9242 - val_categorical_accuracy: 0.6491 - lr: 5.0000e-04 - 4s/epoch - 6ms/step
Epoch 55/100
782/782 - 4s - loss: 0.9367 - categorical_accuracy: 0.6417 - val_loss: 0.9253 - val_categorical_accuracy: 0.6484 - lr: 5.0000e-04 - 4s/epoch - 6ms/step
Epoch 56/100
782/782 - 4s - loss: 0.9367 - categorical_accuracy: 0.6412 - val_loss: 0.9279 - val_categorical_accuracy: 0.6460 - lr: 5.0000e-04 - 4s/epoch - 6ms/step
Epoch 57/100
782/782 - 4s - loss: 0.9348 - categorical_accuracy: 0.6434 - val_loss: 0.9242 - val_categorical_accuracy: 0.6485 - lr: 5.0000e-04 - 4s/epoch - 6ms/step
Epoch 58/100
782/782 - 4s - loss: 0.9340 - categorical_accuracy: 0.6428 - val_loss: 0.9220 - val_categorical_accuracy: 0.6501 - lr: 5.0000e-04 - 4s/epoch - 6ms/step
Epoch 59/100
782/782 - 4s - loss: 0.9349 - categorical_accuracy: 0.6417 - val_loss: 0.9384 - val_categorical_accuracy: 0.6401 - lr: 5.0000e-04 - 4s/epoch - 6ms/step
Epoch 60/100
782/782 - 4s - loss: 0.9339 - categorical_accuracy: 0.6425 - val_loss: 0.9282 - val_categorical_accuracy: 0.6466 - lr: 5.0000e-04 - 4s/epoch - 6ms/step
Epoch 61/100
782/782 - 4s - loss: 0.9318 - categorical_accuracy: 0.6434 - val_loss: 0.9215 - val_categorical_accuracy: 0.6496 - lr: 5.0000e-04 - 4s/epoch - 6ms/step
Epoch 62/100
782/782 - 4s - loss: 0.9327 - categorical_accuracy: 0.6431 - val_loss: 0.9213 - val_categorical_accuracy: 0.6504 - lr: 5.0000e-04 - 4s/epoch - 6ms/step
Epoch 63/100
782/782 - 4s - loss: 0.9336 - categorical_accuracy: 0.6425 - val_loss: 0.9289 - val_categorical_accuracy: 0.6464 - lr: 5.0000e-04 - 4s/epoch - 6ms/step
Epoch 64/100
782/782 - 4s - loss: 0.9333 - categorical_accuracy: 0.6429 - val_loss: 0.9214 - val_categorical_accuracy: 0.6498 - lr: 5.0000e-04 - 4s/epoch - 6ms/step
Epoch 65/100
782/782 - 4s - loss: 0.9329 - categorical_accuracy: 0.6426 - val_loss: 0.9195 - val_categorical_accuracy: 0.6511 - lr: 5.0000e-04 - 4s/epoch - 6ms/step
Epoch 66/100
782/782 - 4s - loss: 0.9328 - categorical_accuracy: 0.6430 - val_loss: 0.9223 - val_categorical_accuracy: 0.6490 - lr: 5.0000e-04 - 4s/epoch - 6ms/step
Epoch 67/100
782/782 - 4s - loss: 0.9309 - categorical_accuracy: 0.6440 - val_loss: 0.9197 - val_categorical_accuracy: 0.6507 - lr: 5.0000e-04 - 4s/epoch - 6ms/step
Epoch 68/100
782/782 - 4s - loss: 0.9311 - categorical_accuracy: 0.6438 - val_loss: 0.9218 - val_categorical_accuracy: 0.6499 - lr: 5.0000e-04 - 4s/epoch - 6ms/step
Epoch 69/100
782/782 - 4s - loss: 0.9304 - categorical_accuracy: 0.6443 - val_loss: 0.9212 - val_categorical_accuracy: 0.6495 - lr: 5.0000e-04 - 4s/epoch - 6ms/step
Epoch 70/100
782/782 - 4s - loss: 0.9329 - categorical_accuracy: 0.6427 - val_loss: 0.9226 - val_categorical_accuracy: 0.6490 - lr: 5.0000e-04 - 4s/epoch - 6ms/step
Epoch 71/100
782/782 - 4s - loss: 0.9308 - categorical_accuracy: 0.6442 - val_loss: 0.9218 - val_categorical_accuracy: 0.6493 - lr: 5.0000e-04 - 4s/epoch - 6ms/step
Epoch 72/100
782/782 - 4s - loss: 0.9300 - categorical_accuracy: 0.6442 - val_loss: 0.9222 - val_categorical_accuracy: 0.6486 - lr: 5.0000e-04 - 4s/epoch - 6ms/step
Epoch 73/100
782/782 - 4s - loss: 0.9301 - categorical_accuracy: 0.6440 - val_loss: 0.9206 - val_categorical_accuracy: 0.6497 - lr: 5.0000e-04 - 4s/epoch - 6ms/step
Epoch 74/100
782/782 - 4s - loss: 0.9294 - categorical_accuracy: 0.6443 - val_loss: 0.9429 - val_categorical_accuracy: 0.6359 - lr: 5.0000e-04 - 4s/epoch - 6ms/step
Epoch 75/100
782/782 - 5s - loss: 0.9308 - categorical_accuracy: 0.6432 - val_loss: 0.9273 - val_categorical_accuracy: 0.6463 - lr: 5.0000e-04 - 5s/epoch - 6ms/step
[95m
SAVING RESULTS[0m
==============
[92m
Saved model to: [0m trained_intnets/perm_variant_conv_2
Loss vs epochs plot saved to trained_intnets/perm_variant_conv_2.
Accuracy vs epochs plot saved to trained_intnets/perm_variant_conv_2.
[92m
Jobs done! 🍰✨[0m
