[96m
GPU: NVIDIA GeForce GTX 1080 Ti[0m

----------------
[92mData loading complete:[0m
Training data size: 5.72e+05
Test data size: 0.00e+00
----------------

Shuffling constituents...
[92mShuffled the training data! 🃏
[0m
[92mNumber of constituents: 8[0m
Instantiating model...
[92mModel compiled and built![0m
[95m
TRAINING THE MODEL 💪[0m
==================
Epoch 1/100
782/782 - 9s - loss: 1.2021 - categorical_accuracy: 0.5081 - val_loss: 1.0943 - val_categorical_accuracy: 0.5758 - lr: 5.0000e-04 - 9s/epoch - 11ms/step
Epoch 2/100
782/782 - 4s - loss: 1.0669 - categorical_accuracy: 0.5893 - val_loss: 1.0550 - val_categorical_accuracy: 0.5909 - lr: 5.0000e-04 - 4s/epoch - 6ms/step
Epoch 3/100
782/782 - 5s - loss: 1.0374 - categorical_accuracy: 0.6039 - val_loss: 1.0157 - val_categorical_accuracy: 0.6169 - lr: 5.0000e-04 - 5s/epoch - 6ms/step
Epoch 4/100
782/782 - 4s - loss: 1.0223 - categorical_accuracy: 0.6096 - val_loss: 1.0049 - val_categorical_accuracy: 0.6190 - lr: 5.0000e-04 - 4s/epoch - 6ms/step
Epoch 5/100
782/782 - 4s - loss: 1.0068 - categorical_accuracy: 0.6165 - val_loss: 1.0078 - val_categorical_accuracy: 0.6116 - lr: 5.0000e-04 - 4s/epoch - 6ms/step
Epoch 6/100
782/782 - 4s - loss: 1.0007 - categorical_accuracy: 0.6187 - val_loss: 0.9829 - val_categorical_accuracy: 0.6289 - lr: 5.0000e-04 - 4s/epoch - 6ms/step
Epoch 7/100
782/782 - 5s - loss: 0.9952 - categorical_accuracy: 0.6210 - val_loss: 0.9893 - val_categorical_accuracy: 0.6240 - lr: 5.0000e-04 - 5s/epoch - 7ms/step
Epoch 8/100
782/782 - 4s - loss: 0.9889 - categorical_accuracy: 0.6236 - val_loss: 0.9741 - val_categorical_accuracy: 0.6326 - lr: 5.0000e-04 - 4s/epoch - 6ms/step
Epoch 9/100
782/782 - 4s - loss: 0.9844 - categorical_accuracy: 0.6258 - val_loss: 0.9684 - val_categorical_accuracy: 0.6346 - lr: 5.0000e-04 - 4s/epoch - 5ms/step
Epoch 10/100
782/782 - 4s - loss: 0.9808 - categorical_accuracy: 0.6264 - val_loss: 0.9640 - val_categorical_accuracy: 0.6364 - lr: 5.0000e-04 - 4s/epoch - 5ms/step
Epoch 11/100
782/782 - 4s - loss: 0.9789 - categorical_accuracy: 0.6265 - val_loss: 0.9666 - val_categorical_accuracy: 0.6336 - lr: 5.0000e-04 - 4s/epoch - 5ms/step
Epoch 12/100
782/782 - 4s - loss: 0.9738 - categorical_accuracy: 0.6295 - val_loss: 0.9734 - val_categorical_accuracy: 0.6298 - lr: 5.0000e-04 - 4s/epoch - 5ms/step
Epoch 13/100
782/782 - 4s - loss: 0.9723 - categorical_accuracy: 0.6295 - val_loss: 0.9628 - val_categorical_accuracy: 0.6349 - lr: 5.0000e-04 - 4s/epoch - 5ms/step
Epoch 14/100
782/782 - 4s - loss: 0.9701 - categorical_accuracy: 0.6297 - val_loss: 0.9594 - val_categorical_accuracy: 0.6365 - lr: 5.0000e-04 - 4s/epoch - 5ms/step
Epoch 15/100
782/782 - 4s - loss: 0.9665 - categorical_accuracy: 0.6313 - val_loss: 0.9541 - val_categorical_accuracy: 0.6386 - lr: 5.0000e-04 - 4s/epoch - 5ms/step
Epoch 16/100
782/782 - 4s - loss: 0.9648 - categorical_accuracy: 0.6314 - val_loss: 0.9501 - val_categorical_accuracy: 0.6404 - lr: 5.0000e-04 - 4s/epoch - 5ms/step
Epoch 17/100
782/782 - 4s - loss: 0.9642 - categorical_accuracy: 0.6322 - val_loss: 0.9502 - val_categorical_accuracy: 0.6400 - lr: 5.0000e-04 - 4s/epoch - 5ms/step
Epoch 18/100
782/782 - 4s - loss: 0.9621 - categorical_accuracy: 0.6325 - val_loss: 0.9484 - val_categorical_accuracy: 0.6406 - lr: 5.0000e-04 - 4s/epoch - 5ms/step
Epoch 19/100
782/782 - 4s - loss: 0.9587 - categorical_accuracy: 0.6344 - val_loss: 0.9479 - val_categorical_accuracy: 0.6417 - lr: 5.0000e-04 - 4s/epoch - 5ms/step
Epoch 20/100
782/782 - 4s - loss: 0.9588 - categorical_accuracy: 0.6340 - val_loss: 0.9472 - val_categorical_accuracy: 0.6414 - lr: 5.0000e-04 - 4s/epoch - 5ms/step
Epoch 21/100
782/782 - 4s - loss: 0.9580 - categorical_accuracy: 0.6339 - val_loss: 0.9457 - val_categorical_accuracy: 0.6411 - lr: 5.0000e-04 - 4s/epoch - 5ms/step
Epoch 22/100
782/782 - 4s - loss: 0.9573 - categorical_accuracy: 0.6346 - val_loss: 0.9440 - val_categorical_accuracy: 0.6414 - lr: 5.0000e-04 - 4s/epoch - 5ms/step
Epoch 23/100
782/782 - 4s - loss: 0.9575 - categorical_accuracy: 0.6336 - val_loss: 0.9438 - val_categorical_accuracy: 0.6410 - lr: 5.0000e-04 - 4s/epoch - 5ms/step
Epoch 24/100
782/782 - 4s - loss: 0.9554 - categorical_accuracy: 0.6355 - val_loss: 0.9409 - val_categorical_accuracy: 0.6439 - lr: 5.0000e-04 - 4s/epoch - 5ms/step
Epoch 25/100
782/782 - 4s - loss: 0.9549 - categorical_accuracy: 0.6350 - val_loss: 0.9424 - val_categorical_accuracy: 0.6427 - lr: 5.0000e-04 - 4s/epoch - 5ms/step
Epoch 26/100
782/782 - 4s - loss: 0.9522 - categorical_accuracy: 0.6361 - val_loss: 0.9432 - val_categorical_accuracy: 0.6419 - lr: 5.0000e-04 - 4s/epoch - 5ms/step
Epoch 27/100
782/782 - 4s - loss: 0.9525 - categorical_accuracy: 0.6360 - val_loss: 0.9418 - val_categorical_accuracy: 0.6424 - lr: 5.0000e-04 - 4s/epoch - 5ms/step
Epoch 28/100
782/782 - 4s - loss: 0.9525 - categorical_accuracy: 0.6357 - val_loss: 0.9386 - val_categorical_accuracy: 0.6441 - lr: 5.0000e-04 - 4s/epoch - 5ms/step
Epoch 29/100
782/782 - 4s - loss: 0.9496 - categorical_accuracy: 0.6370 - val_loss: 0.9451 - val_categorical_accuracy: 0.6396 - lr: 5.0000e-04 - 4s/epoch - 5ms/step
Epoch 30/100
782/782 - 4s - loss: 0.9511 - categorical_accuracy: 0.6363 - val_loss: 0.9431 - val_categorical_accuracy: 0.6416 - lr: 5.0000e-04 - 4s/epoch - 5ms/step
Epoch 31/100
782/782 - 4s - loss: 0.9492 - categorical_accuracy: 0.6369 - val_loss: 0.9352 - val_categorical_accuracy: 0.6452 - lr: 5.0000e-04 - 4s/epoch - 5ms/step
Epoch 32/100
782/782 - 4s - loss: 0.9471 - categorical_accuracy: 0.6380 - val_loss: 0.9336 - val_categorical_accuracy: 0.6460 - lr: 5.0000e-04 - 4s/epoch - 5ms/step
Epoch 33/100
782/782 - 4s - loss: 0.9459 - categorical_accuracy: 0.6380 - val_loss: 0.9490 - val_categorical_accuracy: 0.6367 - lr: 5.0000e-04 - 4s/epoch - 5ms/step
Epoch 34/100
782/782 - 4s - loss: 0.9475 - categorical_accuracy: 0.6381 - val_loss: 0.9372 - val_categorical_accuracy: 0.6447 - lr: 5.0000e-04 - 4s/epoch - 5ms/step
Epoch 35/100
782/782 - 4s - loss: 0.9478 - categorical_accuracy: 0.6377 - val_loss: 0.9343 - val_categorical_accuracy: 0.6454 - lr: 5.0000e-04 - 4s/epoch - 5ms/step
Epoch 36/100
782/782 - 4s - loss: 0.9459 - categorical_accuracy: 0.6382 - val_loss: 0.9425 - val_categorical_accuracy: 0.6407 - lr: 5.0000e-04 - 4s/epoch - 5ms/step
Epoch 37/100
782/782 - 4s - loss: 0.9454 - categorical_accuracy: 0.6385 - val_loss: 0.9455 - val_categorical_accuracy: 0.6398 - lr: 5.0000e-04 - 4s/epoch - 5ms/step
Epoch 38/100
782/782 - 4s - loss: 0.9460 - categorical_accuracy: 0.6380 - val_loss: 0.9348 - val_categorical_accuracy: 0.6457 - lr: 5.0000e-04 - 4s/epoch - 5ms/step
Epoch 39/100
782/782 - 4s - loss: 0.9450 - categorical_accuracy: 0.6384 - val_loss: 0.9476 - val_categorical_accuracy: 0.6375 - lr: 5.0000e-04 - 4s/epoch - 5ms/step
Epoch 40/100
782/782 - 4s - loss: 0.9454 - categorical_accuracy: 0.6379 - val_loss: 0.9306 - val_categorical_accuracy: 0.6462 - lr: 5.0000e-04 - 4s/epoch - 5ms/step
Epoch 41/100
782/782 - 4s - loss: 0.9421 - categorical_accuracy: 0.6397 - val_loss: 0.9417 - val_categorical_accuracy: 0.6393 - lr: 5.0000e-04 - 4s/epoch - 5ms/step
Epoch 42/100
782/782 - 4s - loss: 0.9432 - categorical_accuracy: 0.6390 - val_loss: 0.9362 - val_categorical_accuracy: 0.6420 - lr: 5.0000e-04 - 4s/epoch - 5ms/step
Epoch 43/100
782/782 - 4s - loss: 0.9421 - categorical_accuracy: 0.6398 - val_loss: 0.9289 - val_categorical_accuracy: 0.6475 - lr: 5.0000e-04 - 4s/epoch - 5ms/step
Epoch 44/100
782/782 - 4s - loss: 0.9434 - categorical_accuracy: 0.6389 - val_loss: 0.9282 - val_categorical_accuracy: 0.6476 - lr: 5.0000e-04 - 4s/epoch - 5ms/step
Epoch 45/100
782/782 - 4s - loss: 0.9399 - categorical_accuracy: 0.6405 - val_loss: 0.9281 - val_categorical_accuracy: 0.6489 - lr: 5.0000e-04 - 4s/epoch - 5ms/step
Epoch 46/100
782/782 - 4s - loss: 0.9398 - categorical_accuracy: 0.6405 - val_loss: 0.9290 - val_categorical_accuracy: 0.6478 - lr: 5.0000e-04 - 4s/epoch - 5ms/step
Epoch 47/100
782/782 - 4s - loss: 0.9399 - categorical_accuracy: 0.6400 - val_loss: 0.9291 - val_categorical_accuracy: 0.6465 - lr: 5.0000e-04 - 4s/epoch - 5ms/step
Epoch 48/100
782/782 - 4s - loss: 0.9419 - categorical_accuracy: 0.6395 - val_loss: 0.9356 - val_categorical_accuracy: 0.6429 - lr: 5.0000e-04 - 4s/epoch - 5ms/step
Epoch 49/100
782/782 - 4s - loss: 0.9397 - categorical_accuracy: 0.6403 - val_loss: 0.9367 - val_categorical_accuracy: 0.6407 - lr: 5.0000e-04 - 4s/epoch - 5ms/step
Epoch 50/100
782/782 - 4s - loss: 0.9406 - categorical_accuracy: 0.6397 - val_loss: 0.9277 - val_categorical_accuracy: 0.6466 - lr: 5.0000e-04 - 4s/epoch - 5ms/step
Epoch 51/100
782/782 - 4s - loss: 0.9391 - categorical_accuracy: 0.6414 - val_loss: 0.9263 - val_categorical_accuracy: 0.6483 - lr: 5.0000e-04 - 4s/epoch - 5ms/step
Epoch 52/100
782/782 - 4s - loss: 0.9392 - categorical_accuracy: 0.6404 - val_loss: 0.9284 - val_categorical_accuracy: 0.6471 - lr: 5.0000e-04 - 4s/epoch - 5ms/step
Epoch 53/100
782/782 - 4s - loss: 0.9367 - categorical_accuracy: 0.6415 - val_loss: 0.9484 - val_categorical_accuracy: 0.6360 - lr: 5.0000e-04 - 4s/epoch - 5ms/step
Epoch 54/100
782/782 - 4s - loss: 0.9391 - categorical_accuracy: 0.6407 - val_loss: 0.9266 - val_categorical_accuracy: 0.6484 - lr: 5.0000e-04 - 4s/epoch - 6ms/step
Epoch 55/100
782/782 - 4s - loss: 0.9378 - categorical_accuracy: 0.6407 - val_loss: 0.9257 - val_categorical_accuracy: 0.6477 - lr: 5.0000e-04 - 4s/epoch - 5ms/step
[95m
SAVING RESULTS[0m
==============
[92m
Saved model to: [0m trained_intnets/perm_variant_conv_2
Loss vs epochs plot saved to trained_intnets/perm_variant_conv_2.
Accuracy vs epochs plot saved to trained_intnets/perm_variant_conv_2.
[92m
Jobs done! 🍰✨[0m
