[96m
GPU: NVIDIA GeForce GTX 1080 Ti[0m

----------------
[92mData loading complete:[0m
Training data size: 5.72e+05
Test data size: 0.00e+00
----------------

Shuffling constituents...
[92mShuffled the training data! 🃏
[0m
[92mNumber of constituents: 8[0m
Instantiating model...
[92mModel compiled and built![0m
[95m
TRAINING THE MODEL 💪[0m
==================

Training parameters
-------------------
[92mOptimiser: 	[0m {'name': 'Adam', 'learning_rate': 0.0005, 'decay': 0.0, 'beta_1': 0.9, 'beta_2': 0.999, 'epsilon': 1e-07, 'amsgrad': False}
[92mBatch size: 	[0m 512
[92mTraining epochs:[0m 100
[92mLoss: 		[0m categorical_crossentropy

Epoch 1/100
782/782 - 9s - loss: 1.2027 - categorical_accuracy: 0.5091 - val_loss: 1.0831 - val_categorical_accuracy: 0.5845 - lr: 5.0000e-04 - 9s/epoch - 12ms/step
Epoch 2/100
782/782 - 4s - loss: 1.0628 - categorical_accuracy: 0.5915 - val_loss: 1.0398 - val_categorical_accuracy: 0.6045 - lr: 5.0000e-04 - 4s/epoch - 5ms/step
Epoch 3/100
782/782 - 4s - loss: 1.0390 - categorical_accuracy: 0.6016 - val_loss: 1.0224 - val_categorical_accuracy: 0.6112 - lr: 5.0000e-04 - 4s/epoch - 5ms/step
Epoch 4/100
782/782 - 4s - loss: 1.0254 - categorical_accuracy: 0.6065 - val_loss: 1.0105 - val_categorical_accuracy: 0.6146 - lr: 5.0000e-04 - 4s/epoch - 5ms/step
Epoch 5/100
782/782 - 4s - loss: 1.0146 - categorical_accuracy: 0.6110 - val_loss: 1.0016 - val_categorical_accuracy: 0.6175 - lr: 5.0000e-04 - 4s/epoch - 5ms/step
Epoch 6/100
782/782 - 4s - loss: 1.0067 - categorical_accuracy: 0.6144 - val_loss: 0.9948 - val_categorical_accuracy: 0.6195 - lr: 5.0000e-04 - 4s/epoch - 5ms/step
Epoch 7/100
782/782 - 4s - loss: 1.0003 - categorical_accuracy: 0.6173 - val_loss: 0.9898 - val_categorical_accuracy: 0.6213 - lr: 5.0000e-04 - 4s/epoch - 5ms/step
Epoch 8/100
782/782 - 4s - loss: 0.9949 - categorical_accuracy: 0.6192 - val_loss: 0.9844 - val_categorical_accuracy: 0.6226 - lr: 5.0000e-04 - 4s/epoch - 5ms/step
Epoch 9/100
782/782 - 4s - loss: 0.9895 - categorical_accuracy: 0.6211 - val_loss: 0.9803 - val_categorical_accuracy: 0.6238 - lr: 5.0000e-04 - 4s/epoch - 5ms/step
Epoch 10/100
782/782 - 4s - loss: 0.9851 - categorical_accuracy: 0.6226 - val_loss: 0.9772 - val_categorical_accuracy: 0.6249 - lr: 5.0000e-04 - 4s/epoch - 5ms/step
Epoch 11/100
782/782 - 4s - loss: 0.9816 - categorical_accuracy: 0.6239 - val_loss: 0.9742 - val_categorical_accuracy: 0.6262 - lr: 5.0000e-04 - 4s/epoch - 5ms/step
Epoch 12/100
782/782 - 4s - loss: 0.9787 - categorical_accuracy: 0.6249 - val_loss: 0.9715 - val_categorical_accuracy: 0.6275 - lr: 5.0000e-04 - 4s/epoch - 5ms/step
Epoch 13/100
782/782 - 4s - loss: 0.9760 - categorical_accuracy: 0.6261 - val_loss: 0.9688 - val_categorical_accuracy: 0.6284 - lr: 5.0000e-04 - 4s/epoch - 5ms/step
Epoch 14/100
782/782 - 4s - loss: 0.9738 - categorical_accuracy: 0.6270 - val_loss: 0.9666 - val_categorical_accuracy: 0.6294 - lr: 5.0000e-04 - 4s/epoch - 5ms/step
Epoch 15/100
782/782 - 4s - loss: 0.9717 - categorical_accuracy: 0.6279 - val_loss: 0.9647 - val_categorical_accuracy: 0.6301 - lr: 5.0000e-04 - 4s/epoch - 5ms/step
Epoch 16/100
782/782 - 4s - loss: 0.9699 - categorical_accuracy: 0.6286 - val_loss: 0.9636 - val_categorical_accuracy: 0.6303 - lr: 5.0000e-04 - 4s/epoch - 5ms/step
Epoch 17/100
782/782 - 4s - loss: 0.9681 - categorical_accuracy: 0.6293 - val_loss: 0.9624 - val_categorical_accuracy: 0.6309 - lr: 5.0000e-04 - 4s/epoch - 5ms/step
Epoch 18/100
782/782 - 4s - loss: 0.9664 - categorical_accuracy: 0.6300 - val_loss: 0.9612 - val_categorical_accuracy: 0.6317 - lr: 5.0000e-04 - 4s/epoch - 6ms/step
Epoch 19/100
782/782 - 4s - loss: 0.9649 - categorical_accuracy: 0.6307 - val_loss: 0.9596 - val_categorical_accuracy: 0.6325 - lr: 5.0000e-04 - 4s/epoch - 5ms/step
Epoch 20/100
782/782 - 7s - loss: 0.9635 - categorical_accuracy: 0.6312 - val_loss: 0.9586 - val_categorical_accuracy: 0.6328 - lr: 5.0000e-04 - 7s/epoch - 9ms/step
Epoch 21/100
782/782 - 4s - loss: 0.9622 - categorical_accuracy: 0.6318 - val_loss: 0.9573 - val_categorical_accuracy: 0.6335 - lr: 5.0000e-04 - 4s/epoch - 5ms/step
Epoch 22/100
782/782 - 4s - loss: 0.9609 - categorical_accuracy: 0.6321 - val_loss: 0.9561 - val_categorical_accuracy: 0.6340 - lr: 5.0000e-04 - 4s/epoch - 5ms/step
Epoch 23/100
782/782 - 4s - loss: 0.9597 - categorical_accuracy: 0.6326 - val_loss: 0.9552 - val_categorical_accuracy: 0.6343 - lr: 5.0000e-04 - 4s/epoch - 5ms/step
Epoch 24/100
782/782 - 4s - loss: 0.9586 - categorical_accuracy: 0.6331 - val_loss: 0.9549 - val_categorical_accuracy: 0.6345 - lr: 5.0000e-04 - 4s/epoch - 5ms/step
Epoch 25/100
782/782 - 4s - loss: 0.9575 - categorical_accuracy: 0.6336 - val_loss: 0.9539 - val_categorical_accuracy: 0.6349 - lr: 5.0000e-04 - 4s/epoch - 5ms/step
Epoch 26/100
782/782 - 4s - loss: 0.9566 - categorical_accuracy: 0.6339 - val_loss: 0.9528 - val_categorical_accuracy: 0.6351 - lr: 5.0000e-04 - 4s/epoch - 5ms/step
Epoch 27/100
782/782 - 4s - loss: 0.9556 - categorical_accuracy: 0.6343 - val_loss: 0.9517 - val_categorical_accuracy: 0.6357 - lr: 5.0000e-04 - 4s/epoch - 5ms/step
Epoch 28/100
782/782 - 4s - loss: 0.9547 - categorical_accuracy: 0.6347 - val_loss: 0.9500 - val_categorical_accuracy: 0.6364 - lr: 5.0000e-04 - 4s/epoch - 5ms/step
Epoch 29/100
782/782 - 4s - loss: 0.9538 - categorical_accuracy: 0.6350 - val_loss: 0.9493 - val_categorical_accuracy: 0.6367 - lr: 5.0000e-04 - 4s/epoch - 5ms/step
Epoch 30/100
782/782 - 4s - loss: 0.9530 - categorical_accuracy: 0.6353 - val_loss: 0.9482 - val_categorical_accuracy: 0.6371 - lr: 5.0000e-04 - 4s/epoch - 5ms/step
Epoch 31/100
782/782 - 4s - loss: 0.9521 - categorical_accuracy: 0.6357 - val_loss: 0.9475 - val_categorical_accuracy: 0.6374 - lr: 5.0000e-04 - 4s/epoch - 5ms/step
Epoch 32/100
782/782 - 4s - loss: 0.9514 - categorical_accuracy: 0.6360 - val_loss: 0.9474 - val_categorical_accuracy: 0.6374 - lr: 5.0000e-04 - 4s/epoch - 5ms/step
Epoch 33/100
782/782 - 4s - loss: 0.9507 - categorical_accuracy: 0.6361 - val_loss: 0.9464 - val_categorical_accuracy: 0.6380 - lr: 5.0000e-04 - 4s/epoch - 5ms/step
Epoch 34/100
782/782 - 4s - loss: 0.9499 - categorical_accuracy: 0.6366 - val_loss: 0.9459 - val_categorical_accuracy: 0.6384 - lr: 5.0000e-04 - 4s/epoch - 5ms/step
Epoch 35/100
782/782 - 4s - loss: 0.9491 - categorical_accuracy: 0.6368 - val_loss: 0.9457 - val_categorical_accuracy: 0.6381 - lr: 5.0000e-04 - 4s/epoch - 5ms/step
Epoch 36/100
782/782 - 4s - loss: 0.9485 - categorical_accuracy: 0.6371 - val_loss: 0.9450 - val_categorical_accuracy: 0.6385 - lr: 5.0000e-04 - 4s/epoch - 5ms/step
Epoch 37/100
782/782 - 4s - loss: 0.9478 - categorical_accuracy: 0.6372 - val_loss: 0.9444 - val_categorical_accuracy: 0.6386 - lr: 5.0000e-04 - 4s/epoch - 5ms/step
Epoch 38/100
782/782 - 4s - loss: 0.9473 - categorical_accuracy: 0.6374 - val_loss: 0.9440 - val_categorical_accuracy: 0.6387 - lr: 5.0000e-04 - 4s/epoch - 5ms/step
Epoch 39/100
782/782 - 4s - loss: 0.9466 - categorical_accuracy: 0.6375 - val_loss: 0.9431 - val_categorical_accuracy: 0.6387 - lr: 5.0000e-04 - 4s/epoch - 5ms/step
Epoch 40/100
782/782 - 4s - loss: 0.9461 - categorical_accuracy: 0.6377 - val_loss: 0.9429 - val_categorical_accuracy: 0.6390 - lr: 5.0000e-04 - 4s/epoch - 5ms/step
Epoch 41/100
782/782 - 4s - loss: 0.9455 - categorical_accuracy: 0.6379 - val_loss: 0.9428 - val_categorical_accuracy: 0.6388 - lr: 5.0000e-04 - 4s/epoch - 6ms/step
Epoch 42/100
782/782 - 4s - loss: 0.9450 - categorical_accuracy: 0.6382 - val_loss: 0.9426 - val_categorical_accuracy: 0.6387 - lr: 5.0000e-04 - 4s/epoch - 5ms/step
Epoch 43/100
782/782 - 4s - loss: 0.9446 - categorical_accuracy: 0.6383 - val_loss: 0.9421 - val_categorical_accuracy: 0.6389 - lr: 5.0000e-04 - 4s/epoch - 5ms/step
Epoch 44/100
782/782 - 4s - loss: 0.9441 - categorical_accuracy: 0.6386 - val_loss: 0.9415 - val_categorical_accuracy: 0.6390 - lr: 5.0000e-04 - 4s/epoch - 5ms/step
Epoch 45/100
782/782 - 5s - loss: 0.9436 - categorical_accuracy: 0.6387 - val_loss: 0.9411 - val_categorical_accuracy: 0.6389 - lr: 5.0000e-04 - 5s/epoch - 6ms/step
Epoch 46/100
782/782 - 4s - loss: 0.9432 - categorical_accuracy: 0.6388 - val_loss: 0.9408 - val_categorical_accuracy: 0.6391 - lr: 5.0000e-04 - 4s/epoch - 6ms/step
Epoch 47/100
782/782 - 5s - loss: 0.9428 - categorical_accuracy: 0.6391 - val_loss: 0.9412 - val_categorical_accuracy: 0.6389 - lr: 5.0000e-04 - 5s/epoch - 7ms/step
Epoch 48/100
782/782 - 4s - loss: 0.9423 - categorical_accuracy: 0.6393 - val_loss: 0.9406 - val_categorical_accuracy: 0.6390 - lr: 5.0000e-04 - 4s/epoch - 5ms/step
Epoch 49/100
782/782 - 4s - loss: 0.9419 - categorical_accuracy: 0.6395 - val_loss: 0.9403 - val_categorical_accuracy: 0.6389 - lr: 5.0000e-04 - 4s/epoch - 5ms/step
Epoch 50/100
782/782 - 4s - loss: 0.9415 - categorical_accuracy: 0.6396 - val_loss: 0.9401 - val_categorical_accuracy: 0.6390 - lr: 5.0000e-04 - 4s/epoch - 5ms/step
Epoch 51/100
782/782 - 4s - loss: 0.9351 - categorical_accuracy: 0.6426 - val_loss: 0.9272 - val_categorical_accuracy: 0.6478 - lr: 1.0000e-04 - 4s/epoch - 5ms/step
Epoch 52/100
782/782 - 4s - loss: 0.9347 - categorical_accuracy: 0.6427 - val_loss: 0.9269 - val_categorical_accuracy: 0.6478 - lr: 1.0000e-04 - 4s/epoch - 5ms/step
Epoch 53/100
782/782 - 4s - loss: 0.9346 - categorical_accuracy: 0.6428 - val_loss: 0.9267 - val_categorical_accuracy: 0.6480 - lr: 1.0000e-04 - 4s/epoch - 5ms/step
Epoch 54/100
782/782 - 4s - loss: 0.9344 - categorical_accuracy: 0.6429 - val_loss: 0.9266 - val_categorical_accuracy: 0.6480 - lr: 1.0000e-04 - 4s/epoch - 5ms/step
Epoch 55/100
782/782 - 4s - loss: 0.9343 - categorical_accuracy: 0.6429 - val_loss: 0.9265 - val_categorical_accuracy: 0.6482 - lr: 1.0000e-04 - 4s/epoch - 5ms/step
Epoch 56/100
782/782 - 4s - loss: 0.9342 - categorical_accuracy: 0.6429 - val_loss: 0.9263 - val_categorical_accuracy: 0.6482 - lr: 1.0000e-04 - 4s/epoch - 5ms/step
Epoch 57/100
782/782 - 4s - loss: 0.9341 - categorical_accuracy: 0.6429 - val_loss: 0.9262 - val_categorical_accuracy: 0.6482 - lr: 1.0000e-04 - 4s/epoch - 5ms/step
Epoch 58/100
782/782 - 4s - loss: 0.9340 - categorical_accuracy: 0.6429 - val_loss: 0.9262 - val_categorical_accuracy: 0.6483 - lr: 1.0000e-04 - 4s/epoch - 5ms/step
Epoch 59/100
782/782 - 4s - loss: 0.9339 - categorical_accuracy: 0.6430 - val_loss: 0.9260 - val_categorical_accuracy: 0.6484 - lr: 1.0000e-04 - 4s/epoch - 5ms/step
Epoch 60/100
782/782 - 4s - loss: 0.9338 - categorical_accuracy: 0.6430 - val_loss: 0.9260 - val_categorical_accuracy: 0.6484 - lr: 1.0000e-04 - 4s/epoch - 5ms/step
Epoch 61/100
782/782 - 4s - loss: 0.9336 - categorical_accuracy: 0.6429 - val_loss: 0.9259 - val_categorical_accuracy: 0.6484 - lr: 1.0000e-04 - 4s/epoch - 5ms/step
Epoch 62/100
782/782 - 4s - loss: 0.9335 - categorical_accuracy: 0.6430 - val_loss: 0.9258 - val_categorical_accuracy: 0.6485 - lr: 1.0000e-04 - 4s/epoch - 5ms/step
Epoch 63/100
782/782 - 4s - loss: 0.9335 - categorical_accuracy: 0.6430 - val_loss: 0.9257 - val_categorical_accuracy: 0.6484 - lr: 1.0000e-04 - 4s/epoch - 5ms/step
Epoch 64/100
782/782 - 4s - loss: 0.9334 - categorical_accuracy: 0.6431 - val_loss: 0.9256 - val_categorical_accuracy: 0.6484 - lr: 1.0000e-04 - 4s/epoch - 5ms/step
Epoch 65/100
782/782 - 4s - loss: 0.9333 - categorical_accuracy: 0.6432 - val_loss: 0.9255 - val_categorical_accuracy: 0.6484 - lr: 1.0000e-04 - 4s/epoch - 5ms/step
Epoch 66/100
782/782 - 4s - loss: 0.9332 - categorical_accuracy: 0.6432 - val_loss: 0.9255 - val_categorical_accuracy: 0.6484 - lr: 1.0000e-04 - 4s/epoch - 5ms/step
Epoch 67/100
782/782 - 4s - loss: 0.9331 - categorical_accuracy: 0.6431 - val_loss: 0.9254 - val_categorical_accuracy: 0.6484 - lr: 1.0000e-04 - 4s/epoch - 5ms/step
Epoch 68/100
782/782 - 4s - loss: 0.9330 - categorical_accuracy: 0.6432 - val_loss: 0.9253 - val_categorical_accuracy: 0.6485 - lr: 1.0000e-04 - 4s/epoch - 5ms/step
Epoch 69/100
782/782 - 4s - loss: 0.9329 - categorical_accuracy: 0.6432 - val_loss: 0.9252 - val_categorical_accuracy: 0.6486 - lr: 1.0000e-04 - 4s/epoch - 5ms/step
Epoch 70/100
782/782 - 4s - loss: 0.9328 - categorical_accuracy: 0.6432 - val_loss: 0.9251 - val_categorical_accuracy: 0.6486 - lr: 1.0000e-04 - 4s/epoch - 5ms/step
Epoch 71/100
782/782 - 4s - loss: 0.9327 - categorical_accuracy: 0.6433 - val_loss: 0.9250 - val_categorical_accuracy: 0.6486 - lr: 1.0000e-04 - 4s/epoch - 5ms/step
Epoch 72/100
782/782 - 5s - loss: 0.9326 - categorical_accuracy: 0.6433 - val_loss: 0.9250 - val_categorical_accuracy: 0.6486 - lr: 1.0000e-04 - 5s/epoch - 7ms/step
Epoch 73/100
782/782 - 4s - loss: 0.9325 - categorical_accuracy: 0.6434 - val_loss: 0.9249 - val_categorical_accuracy: 0.6486 - lr: 1.0000e-04 - 4s/epoch - 5ms/step
Epoch 74/100
782/782 - 4s - loss: 0.9325 - categorical_accuracy: 0.6434 - val_loss: 0.9248 - val_categorical_accuracy: 0.6486 - lr: 1.0000e-04 - 4s/epoch - 5ms/step
Epoch 75/100
782/782 - 4s - loss: 0.9324 - categorical_accuracy: 0.6434 - val_loss: 0.9248 - val_categorical_accuracy: 0.6486 - lr: 1.0000e-04 - 4s/epoch - 5ms/step
Epoch 76/100
782/782 - 4s - loss: 0.9323 - categorical_accuracy: 0.6435 - val_loss: 0.9247 - val_categorical_accuracy: 0.6486 - lr: 1.0000e-04 - 4s/epoch - 5ms/step
Epoch 77/100
782/782 - 4s - loss: 0.9322 - categorical_accuracy: 0.6435 - val_loss: 0.9247 - val_categorical_accuracy: 0.6486 - lr: 1.0000e-04 - 4s/epoch - 5ms/step
Epoch 78/100
782/782 - 4s - loss: 0.9321 - categorical_accuracy: 0.6435 - val_loss: 0.9246 - val_categorical_accuracy: 0.6486 - lr: 1.0000e-04 - 4s/epoch - 5ms/step
Epoch 79/100
782/782 - 4s - loss: 0.9299 - categorical_accuracy: 0.6449 - val_loss: 0.9245 - val_categorical_accuracy: 0.6488 - lr: 2.0000e-05 - 4s/epoch - 5ms/step
Epoch 80/100
782/782 - 4s - loss: 0.9299 - categorical_accuracy: 0.6449 - val_loss: 0.9245 - val_categorical_accuracy: 0.6488 - lr: 2.0000e-05 - 4s/epoch - 5ms/step
Epoch 81/100
782/782 - 4s - loss: 0.9298 - categorical_accuracy: 0.6450 - val_loss: 0.9244 - val_categorical_accuracy: 0.6488 - lr: 2.0000e-05 - 4s/epoch - 5ms/step
Epoch 82/100
782/782 - 4s - loss: 0.9298 - categorical_accuracy: 0.6450 - val_loss: 0.9244 - val_categorical_accuracy: 0.6488 - lr: 2.0000e-05 - 4s/epoch - 5ms/step
Epoch 83/100
782/782 - 4s - loss: 0.9298 - categorical_accuracy: 0.6450 - val_loss: 0.9244 - val_categorical_accuracy: 0.6488 - lr: 2.0000e-05 - 4s/epoch - 5ms/step
Epoch 84/100
782/782 - 4s - loss: 0.9298 - categorical_accuracy: 0.6451 - val_loss: 0.9244 - val_categorical_accuracy: 0.6488 - lr: 2.0000e-05 - 4s/epoch - 5ms/step
Epoch 85/100
782/782 - 4s - loss: 0.9297 - categorical_accuracy: 0.6451 - val_loss: 0.9243 - val_categorical_accuracy: 0.6488 - lr: 2.0000e-05 - 4s/epoch - 5ms/step
Epoch 86/100
782/782 - 4s - loss: 0.9297 - categorical_accuracy: 0.6451 - val_loss: 0.9243 - val_categorical_accuracy: 0.6489 - lr: 2.0000e-05 - 4s/epoch - 5ms/step
Epoch 87/100
782/782 - 4s - loss: 0.9297 - categorical_accuracy: 0.6451 - val_loss: 0.9243 - val_categorical_accuracy: 0.6489 - lr: 2.0000e-05 - 4s/epoch - 5ms/step
Epoch 88/100
782/782 - 4s - loss: 0.9297 - categorical_accuracy: 0.6451 - val_loss: 0.9243 - val_categorical_accuracy: 0.6489 - lr: 2.0000e-05 - 4s/epoch - 5ms/step
Epoch 89/100
782/782 - 4s - loss: 0.9297 - categorical_accuracy: 0.6450 - val_loss: 0.9243 - val_categorical_accuracy: 0.6489 - lr: 2.0000e-05 - 4s/epoch - 5ms/step
Epoch 90/100
782/782 - 4s - loss: 0.9292 - categorical_accuracy: 0.6453 - val_loss: 0.9241 - val_categorical_accuracy: 0.6490 - lr: 4.0000e-06 - 4s/epoch - 5ms/step
Epoch 91/100
782/782 - 4s - loss: 0.9292 - categorical_accuracy: 0.6453 - val_loss: 0.9241 - val_categorical_accuracy: 0.6490 - lr: 4.0000e-06 - 4s/epoch - 5ms/step
Epoch 92/100
782/782 - 4s - loss: 0.9292 - categorical_accuracy: 0.6453 - val_loss: 0.9241 - val_categorical_accuracy: 0.6490 - lr: 4.0000e-06 - 4s/epoch - 5ms/step
Epoch 93/100
782/782 - 4s - loss: 0.9292 - categorical_accuracy: 0.6453 - val_loss: 0.9241 - val_categorical_accuracy: 0.6490 - lr: 4.0000e-06 - 4s/epoch - 5ms/step
Epoch 94/100
782/782 - 4s - loss: 0.9292 - categorical_accuracy: 0.6453 - val_loss: 0.9241 - val_categorical_accuracy: 0.6490 - lr: 4.0000e-06 - 4s/epoch - 5ms/step
Epoch 95/100
782/782 - 4s - loss: 0.9291 - categorical_accuracy: 0.6453 - val_loss: 0.9241 - val_categorical_accuracy: 0.6490 - lr: 4.0000e-06 - 4s/epoch - 6ms/step
Epoch 96/100
782/782 - 4s - loss: 0.9291 - categorical_accuracy: 0.6453 - val_loss: 0.9241 - val_categorical_accuracy: 0.6490 - lr: 4.0000e-06 - 4s/epoch - 5ms/step
Epoch 97/100
782/782 - 4s - loss: 0.9291 - categorical_accuracy: 0.6453 - val_loss: 0.9241 - val_categorical_accuracy: 0.6490 - lr: 4.0000e-06 - 4s/epoch - 5ms/step
Epoch 98/100
782/782 - 4s - loss: 0.9291 - categorical_accuracy: 0.6454 - val_loss: 0.9241 - val_categorical_accuracy: 0.6490 - lr: 4.0000e-06 - 4s/epoch - 5ms/step
Epoch 99/100
782/782 - 4s - loss: 0.9291 - categorical_accuracy: 0.6453 - val_loss: 0.9241 - val_categorical_accuracy: 0.6490 - lr: 4.0000e-06 - 4s/epoch - 5ms/step
Epoch 100/100
782/782 - 4s - loss: 0.9291 - categorical_accuracy: 0.6453 - val_loss: 0.9241 - val_categorical_accuracy: 0.6490 - lr: 4.0000e-06 - 4s/epoch - 5ms/step
[95m
SAVING RESULTS[0m
==============
[92m
Saved model to: [0m trained_intnets/perm_variant_conv_2
Loss vs epochs plot saved to trained_intnets/perm_variant_conv_2.
Accuracy vs epochs plot saved to trained_intnets/perm_variant_conv_2.
[92m
Jobs done! 🍰✨[0m
