[96m
GPU: NVIDIA GeForce GTX 1080 Ti[0m

----------------
[92mData loading complete:[0m
Training data size: 5.72e+05
Test data size: 0.00e+00
----------------

Shuffling constituents...
[92mShuffled the training data! 🃏
[0m
[92mNumber of constituents: 8[0m
Instantiating model...
[92mModel compiled and built![0m
[95m
TRAINING THE MODEL 💪[0m
==================

Training parameters
-------------------
[92mOptimiser: 	[0m {'name': 'Adam', 'learning_rate': 0.0005, 'decay': 0.0, 'beta_1': 0.9, 'beta_2': 0.999, 'epsilon': 1e-07, 'amsgrad': False}
[92mBatch size: 	[0m 512
[92mTraining epochs:[0m 100
[92mLoss: 		[0m categorical_crossentropy

Epoch 1/100
782/782 - 9s - loss: 1.1658 - categorical_accuracy: 0.5362 - val_loss: 1.0826 - val_categorical_accuracy: 0.5834 - lr: 5.0000e-04 - 9s/epoch - 12ms/step
Epoch 2/100
782/782 - 4s - loss: 1.0666 - categorical_accuracy: 0.5890 - val_loss: 1.0420 - val_categorical_accuracy: 0.6036 - lr: 5.0000e-04 - 4s/epoch - 5ms/step
Epoch 3/100
782/782 - 4s - loss: 1.0452 - categorical_accuracy: 0.5987 - val_loss: 1.0247 - val_categorical_accuracy: 0.6098 - lr: 5.0000e-04 - 4s/epoch - 5ms/step
Epoch 4/100
782/782 - 4s - loss: 1.0314 - categorical_accuracy: 0.6044 - val_loss: 1.0114 - val_categorical_accuracy: 0.6155 - lr: 5.0000e-04 - 4s/epoch - 5ms/step
Epoch 5/100
782/782 - 4s - loss: 1.0215 - categorical_accuracy: 0.6090 - val_loss: 1.0020 - val_categorical_accuracy: 0.6185 - lr: 5.0000e-04 - 4s/epoch - 5ms/step
Epoch 6/100
782/782 - 4s - loss: 1.0140 - categorical_accuracy: 0.6120 - val_loss: 0.9945 - val_categorical_accuracy: 0.6212 - lr: 5.0000e-04 - 4s/epoch - 5ms/step
Epoch 7/100
782/782 - 4s - loss: 1.0075 - categorical_accuracy: 0.6145 - val_loss: 0.9884 - val_categorical_accuracy: 0.6233 - lr: 5.0000e-04 - 4s/epoch - 5ms/step
Epoch 8/100
782/782 - 4s - loss: 1.0019 - categorical_accuracy: 0.6169 - val_loss: 0.9828 - val_categorical_accuracy: 0.6254 - lr: 5.0000e-04 - 4s/epoch - 5ms/step
Epoch 9/100
782/782 - 4s - loss: 0.9970 - categorical_accuracy: 0.6188 - val_loss: 0.9778 - val_categorical_accuracy: 0.6270 - lr: 5.0000e-04 - 4s/epoch - 5ms/step
Epoch 10/100
782/782 - 4s - loss: 0.9922 - categorical_accuracy: 0.6207 - val_loss: 0.9731 - val_categorical_accuracy: 0.6295 - lr: 5.0000e-04 - 4s/epoch - 5ms/step
Epoch 11/100
782/782 - 4s - loss: 0.9880 - categorical_accuracy: 0.6223 - val_loss: 0.9688 - val_categorical_accuracy: 0.6320 - lr: 5.0000e-04 - 4s/epoch - 5ms/step
Epoch 12/100
782/782 - 4s - loss: 0.9839 - categorical_accuracy: 0.6243 - val_loss: 0.9653 - val_categorical_accuracy: 0.6337 - lr: 5.0000e-04 - 4s/epoch - 5ms/step
Epoch 13/100
782/782 - 4s - loss: 0.9806 - categorical_accuracy: 0.6255 - val_loss: 0.9619 - val_categorical_accuracy: 0.6358 - lr: 5.0000e-04 - 4s/epoch - 5ms/step
Epoch 14/100
782/782 - 4s - loss: 0.9777 - categorical_accuracy: 0.6265 - val_loss: 0.9594 - val_categorical_accuracy: 0.6369 - lr: 5.0000e-04 - 4s/epoch - 5ms/step
Epoch 15/100
782/782 - 4s - loss: 0.9750 - categorical_accuracy: 0.6277 - val_loss: 0.9567 - val_categorical_accuracy: 0.6379 - lr: 5.0000e-04 - 4s/epoch - 5ms/step
Epoch 16/100
782/782 - 4s - loss: 0.9724 - categorical_accuracy: 0.6286 - val_loss: 0.9543 - val_categorical_accuracy: 0.6385 - lr: 5.0000e-04 - 4s/epoch - 5ms/step
Epoch 17/100
782/782 - 4s - loss: 0.9702 - categorical_accuracy: 0.6293 - val_loss: 0.9524 - val_categorical_accuracy: 0.6385 - lr: 5.0000e-04 - 4s/epoch - 5ms/step
Epoch 18/100
782/782 - 4s - loss: 0.9684 - categorical_accuracy: 0.6298 - val_loss: 0.9509 - val_categorical_accuracy: 0.6393 - lr: 5.0000e-04 - 4s/epoch - 5ms/step
Epoch 19/100
782/782 - 4s - loss: 0.9667 - categorical_accuracy: 0.6306 - val_loss: 0.9498 - val_categorical_accuracy: 0.6393 - lr: 5.0000e-04 - 4s/epoch - 5ms/step
Epoch 20/100
782/782 - 4s - loss: 0.9652 - categorical_accuracy: 0.6311 - val_loss: 0.9487 - val_categorical_accuracy: 0.6395 - lr: 5.0000e-04 - 4s/epoch - 5ms/step
Epoch 21/100
782/782 - 4s - loss: 0.9639 - categorical_accuracy: 0.6315 - val_loss: 0.9478 - val_categorical_accuracy: 0.6398 - lr: 5.0000e-04 - 4s/epoch - 5ms/step
Epoch 22/100
782/782 - 4s - loss: 0.9628 - categorical_accuracy: 0.6319 - val_loss: 0.9472 - val_categorical_accuracy: 0.6398 - lr: 5.0000e-04 - 4s/epoch - 5ms/step
Epoch 23/100
782/782 - 4s - loss: 0.9617 - categorical_accuracy: 0.6321 - val_loss: 0.9463 - val_categorical_accuracy: 0.6399 - lr: 5.0000e-04 - 4s/epoch - 5ms/step
Epoch 24/100
782/782 - 4s - loss: 0.9607 - categorical_accuracy: 0.6324 - val_loss: 0.9458 - val_categorical_accuracy: 0.6400 - lr: 5.0000e-04 - 4s/epoch - 5ms/step
Epoch 25/100
782/782 - 4s - loss: 0.9598 - categorical_accuracy: 0.6328 - val_loss: 0.9452 - val_categorical_accuracy: 0.6402 - lr: 5.0000e-04 - 4s/epoch - 5ms/step
Epoch 26/100
782/782 - 4s - loss: 0.9589 - categorical_accuracy: 0.6330 - val_loss: 0.9445 - val_categorical_accuracy: 0.6405 - lr: 5.0000e-04 - 4s/epoch - 5ms/step
Epoch 27/100
782/782 - 4s - loss: 0.9580 - categorical_accuracy: 0.6333 - val_loss: 0.9439 - val_categorical_accuracy: 0.6406 - lr: 5.0000e-04 - 4s/epoch - 5ms/step
Epoch 28/100
782/782 - 4s - loss: 0.9572 - categorical_accuracy: 0.6335 - val_loss: 0.9436 - val_categorical_accuracy: 0.6408 - lr: 5.0000e-04 - 4s/epoch - 5ms/step
Epoch 29/100
782/782 - 4s - loss: 0.9564 - categorical_accuracy: 0.6338 - val_loss: 0.9430 - val_categorical_accuracy: 0.6411 - lr: 5.0000e-04 - 4s/epoch - 5ms/step
Epoch 30/100
782/782 - 4s - loss: 0.9555 - categorical_accuracy: 0.6343 - val_loss: 0.9419 - val_categorical_accuracy: 0.6414 - lr: 5.0000e-04 - 4s/epoch - 5ms/step
Epoch 31/100
782/782 - 6s - loss: 0.9547 - categorical_accuracy: 0.6344 - val_loss: 0.9408 - val_categorical_accuracy: 0.6419 - lr: 5.0000e-04 - 6s/epoch - 7ms/step
Epoch 32/100
782/782 - 4s - loss: 0.9540 - categorical_accuracy: 0.6348 - val_loss: 0.9404 - val_categorical_accuracy: 0.6423 - lr: 5.0000e-04 - 4s/epoch - 6ms/step
Epoch 33/100
782/782 - 4s - loss: 0.9534 - categorical_accuracy: 0.6350 - val_loss: 0.9401 - val_categorical_accuracy: 0.6424 - lr: 5.0000e-04 - 4s/epoch - 5ms/step
Epoch 34/100
782/782 - 4s - loss: 0.9527 - categorical_accuracy: 0.6353 - val_loss: 0.9393 - val_categorical_accuracy: 0.6426 - lr: 5.0000e-04 - 4s/epoch - 5ms/step
Epoch 35/100
782/782 - 4s - loss: 0.9521 - categorical_accuracy: 0.6355 - val_loss: 0.9387 - val_categorical_accuracy: 0.6428 - lr: 5.0000e-04 - 4s/epoch - 5ms/step
Epoch 36/100
782/782 - 4s - loss: 0.9514 - categorical_accuracy: 0.6359 - val_loss: 0.9382 - val_categorical_accuracy: 0.6430 - lr: 5.0000e-04 - 4s/epoch - 5ms/step
Epoch 37/100
782/782 - 4s - loss: 0.9508 - categorical_accuracy: 0.6361 - val_loss: 0.9375 - val_categorical_accuracy: 0.6432 - lr: 5.0000e-04 - 4s/epoch - 5ms/step
Epoch 38/100
782/782 - 4s - loss: 0.9502 - categorical_accuracy: 0.6364 - val_loss: 0.9368 - val_categorical_accuracy: 0.6434 - lr: 5.0000e-04 - 4s/epoch - 5ms/step
Epoch 39/100
782/782 - 4s - loss: 0.9496 - categorical_accuracy: 0.6366 - val_loss: 0.9364 - val_categorical_accuracy: 0.6435 - lr: 5.0000e-04 - 4s/epoch - 5ms/step
Epoch 40/100
782/782 - 4s - loss: 0.9491 - categorical_accuracy: 0.6370 - val_loss: 0.9356 - val_categorical_accuracy: 0.6439 - lr: 5.0000e-04 - 4s/epoch - 5ms/step
Epoch 41/100
782/782 - 4s - loss: 0.9486 - categorical_accuracy: 0.6371 - val_loss: 0.9356 - val_categorical_accuracy: 0.6438 - lr: 5.0000e-04 - 4s/epoch - 6ms/step
Epoch 42/100
782/782 - 4s - loss: 0.9481 - categorical_accuracy: 0.6373 - val_loss: 0.9351 - val_categorical_accuracy: 0.6439 - lr: 5.0000e-04 - 4s/epoch - 5ms/step
Epoch 43/100
782/782 - 4s - loss: 0.9476 - categorical_accuracy: 0.6376 - val_loss: 0.9355 - val_categorical_accuracy: 0.6433 - lr: 5.0000e-04 - 4s/epoch - 5ms/step
Epoch 44/100
782/782 - 4s - loss: 0.9471 - categorical_accuracy: 0.6377 - val_loss: 0.9344 - val_categorical_accuracy: 0.6442 - lr: 5.0000e-04 - 4s/epoch - 5ms/step
Epoch 45/100
782/782 - 4s - loss: 0.9467 - categorical_accuracy: 0.6378 - val_loss: 0.9339 - val_categorical_accuracy: 0.6449 - lr: 5.0000e-04 - 4s/epoch - 5ms/step
Epoch 46/100
782/782 - 4s - loss: 0.9463 - categorical_accuracy: 0.6379 - val_loss: 0.9344 - val_categorical_accuracy: 0.6444 - lr: 5.0000e-04 - 4s/epoch - 5ms/step
Epoch 47/100
782/782 - 4s - loss: 0.9457 - categorical_accuracy: 0.6383 - val_loss: 0.9342 - val_categorical_accuracy: 0.6446 - lr: 5.0000e-04 - 4s/epoch - 5ms/step
Epoch 48/100
782/782 - 4s - loss: 0.9452 - categorical_accuracy: 0.6383 - val_loss: 0.9337 - val_categorical_accuracy: 0.6448 - lr: 5.0000e-04 - 4s/epoch - 5ms/step
Epoch 49/100
782/782 - 4s - loss: 0.9448 - categorical_accuracy: 0.6384 - val_loss: 0.9333 - val_categorical_accuracy: 0.6449 - lr: 5.0000e-04 - 4s/epoch - 5ms/step
Epoch 50/100
782/782 - 4s - loss: 0.9443 - categorical_accuracy: 0.6385 - val_loss: 0.9336 - val_categorical_accuracy: 0.6447 - lr: 5.0000e-04 - 4s/epoch - 5ms/step
Epoch 51/100
782/782 - 4s - loss: 0.9439 - categorical_accuracy: 0.6387 - val_loss: 0.9334 - val_categorical_accuracy: 0.6449 - lr: 5.0000e-04 - 4s/epoch - 5ms/step
Epoch 52/100
782/782 - 4s - loss: 0.9434 - categorical_accuracy: 0.6391 - val_loss: 0.9330 - val_categorical_accuracy: 0.6452 - lr: 5.0000e-04 - 4s/epoch - 5ms/step
Epoch 53/100
782/782 - 4s - loss: 0.9430 - categorical_accuracy: 0.6391 - val_loss: 0.9325 - val_categorical_accuracy: 0.6453 - lr: 5.0000e-04 - 4s/epoch - 5ms/step
Epoch 54/100
782/782 - 4s - loss: 0.9426 - categorical_accuracy: 0.6392 - val_loss: 0.9321 - val_categorical_accuracy: 0.6455 - lr: 5.0000e-04 - 4s/epoch - 5ms/step
Epoch 55/100
782/782 - 4s - loss: 0.9421 - categorical_accuracy: 0.6396 - val_loss: 0.9313 - val_categorical_accuracy: 0.6458 - lr: 5.0000e-04 - 4s/epoch - 5ms/step
Epoch 56/100
782/782 - 4s - loss: 0.9417 - categorical_accuracy: 0.6397 - val_loss: 0.9311 - val_categorical_accuracy: 0.6459 - lr: 5.0000e-04 - 4s/epoch - 5ms/step
Epoch 57/100
782/782 - 4s - loss: 0.9414 - categorical_accuracy: 0.6398 - val_loss: 0.9306 - val_categorical_accuracy: 0.6462 - lr: 5.0000e-04 - 4s/epoch - 5ms/step
Epoch 58/100
782/782 - 4s - loss: 0.9410 - categorical_accuracy: 0.6399 - val_loss: 0.9307 - val_categorical_accuracy: 0.6460 - lr: 5.0000e-04 - 4s/epoch - 5ms/step
Epoch 59/100
782/782 - 4s - loss: 0.9407 - categorical_accuracy: 0.6400 - val_loss: 0.9306 - val_categorical_accuracy: 0.6462 - lr: 5.0000e-04 - 4s/epoch - 5ms/step
Epoch 60/100
782/782 - 4s - loss: 0.9403 - categorical_accuracy: 0.6401 - val_loss: 0.9304 - val_categorical_accuracy: 0.6461 - lr: 5.0000e-04 - 4s/epoch - 5ms/step
Epoch 61/100
782/782 - 4s - loss: 0.9400 - categorical_accuracy: 0.6401 - val_loss: 0.9298 - val_categorical_accuracy: 0.6463 - lr: 5.0000e-04 - 4s/epoch - 5ms/step
Epoch 62/100
782/782 - 4s - loss: 0.9397 - categorical_accuracy: 0.6403 - val_loss: 0.9301 - val_categorical_accuracy: 0.6460 - lr: 5.0000e-04 - 4s/epoch - 5ms/step
Epoch 63/100
782/782 - 4s - loss: 0.9393 - categorical_accuracy: 0.6403 - val_loss: 0.9299 - val_categorical_accuracy: 0.6460 - lr: 5.0000e-04 - 4s/epoch - 5ms/step
Epoch 64/100
782/782 - 4s - loss: 0.9389 - categorical_accuracy: 0.6405 - val_loss: 0.9291 - val_categorical_accuracy: 0.6465 - lr: 5.0000e-04 - 4s/epoch - 5ms/step
Epoch 65/100
782/782 - 4s - loss: 0.9386 - categorical_accuracy: 0.6407 - val_loss: 0.9289 - val_categorical_accuracy: 0.6462 - lr: 5.0000e-04 - 4s/epoch - 5ms/step
Epoch 66/100
782/782 - 4s - loss: 0.9383 - categorical_accuracy: 0.6406 - val_loss: 0.9294 - val_categorical_accuracy: 0.6460 - lr: 5.0000e-04 - 4s/epoch - 6ms/step
Epoch 67/100
782/782 - 4s - loss: 0.9380 - categorical_accuracy: 0.6408 - val_loss: 0.9290 - val_categorical_accuracy: 0.6461 - lr: 5.0000e-04 - 4s/epoch - 5ms/step
Epoch 68/100
782/782 - 4s - loss: 0.9377 - categorical_accuracy: 0.6408 - val_loss: 0.9293 - val_categorical_accuracy: 0.6459 - lr: 5.0000e-04 - 4s/epoch - 5ms/step
Epoch 69/100
782/782 - 4s - loss: 0.9374 - categorical_accuracy: 0.6410 - val_loss: 0.9285 - val_categorical_accuracy: 0.6464 - lr: 5.0000e-04 - 4s/epoch - 5ms/step
Epoch 70/100
782/782 - 4s - loss: 0.9371 - categorical_accuracy: 0.6412 - val_loss: 0.9288 - val_categorical_accuracy: 0.6462 - lr: 5.0000e-04 - 4s/epoch - 5ms/step
Epoch 71/100
782/782 - 4s - loss: 0.9368 - categorical_accuracy: 0.6412 - val_loss: 0.9289 - val_categorical_accuracy: 0.6461 - lr: 5.0000e-04 - 4s/epoch - 5ms/step
Epoch 72/100
782/782 - 4s - loss: 0.9365 - categorical_accuracy: 0.6412 - val_loss: 0.9287 - val_categorical_accuracy: 0.6461 - lr: 5.0000e-04 - 4s/epoch - 5ms/step
Epoch 73/100
782/782 - 4s - loss: 0.9363 - categorical_accuracy: 0.6413 - val_loss: 0.9284 - val_categorical_accuracy: 0.6463 - lr: 5.0000e-04 - 4s/epoch - 5ms/step
Epoch 74/100
782/782 - 4s - loss: 0.9360 - categorical_accuracy: 0.6415 - val_loss: 0.9281 - val_categorical_accuracy: 0.6462 - lr: 5.0000e-04 - 4s/epoch - 6ms/step
[95m
SAVING RESULTS[0m
==============
[92m
Saved model to: [0m trained_intnets/perm_variant_conv_2
Loss vs epochs plot saved to trained_intnets/perm_variant_conv_2.
Accuracy vs epochs plot saved to trained_intnets/perm_variant_conv_2.
[92m
Jobs done! 🍰✨[0m
