[96m
GPU: NVIDIA GeForce GTX 1080 Ti[0m

----------------
[92mData loading complete:[0m
Training data size: 5.72e+05
Test data size: 0.00e+00
----------------

Shuffling constituents...
[92mShuffled the training data! 🃏
[0m
[92mNumber of constituents: 8[0m
Instantiating model...
[92mModel compiled and built![0m
[95m
TRAINING THE MODEL 💪[0m
==================

Training parameters
-------------------
[92mOptimiser: 	[0m {'name': 'Adam', 'learning_rate': 0.0005, 'decay': 0.0, 'beta_1': 0.9, 'beta_2': 0.999, 'epsilon': 1e-07, 'amsgrad': False}
[92mBatch size: 	[0m 512
[92mTraining epochs:[0m 100
[92mLoss: 		[0m categorical_crossentropy

Epoch 1/100
782/782 - 10s - loss: 1.2028 - categorical_accuracy: 0.5090 - val_loss: 1.0832 - val_categorical_accuracy: 0.5844 - lr: 5.0000e-04 - 10s/epoch - 12ms/step
Epoch 2/100
782/782 - 5s - loss: 1.0628 - categorical_accuracy: 0.5916 - val_loss: 1.0395 - val_categorical_accuracy: 0.6046 - lr: 5.0000e-04 - 5s/epoch - 6ms/step
Epoch 3/100
782/782 - 5s - loss: 1.0390 - categorical_accuracy: 0.6015 - val_loss: 1.0222 - val_categorical_accuracy: 0.6109 - lr: 5.0000e-04 - 5s/epoch - 6ms/step
Epoch 4/100
782/782 - 5s - loss: 1.0254 - categorical_accuracy: 0.6065 - val_loss: 1.0107 - val_categorical_accuracy: 0.6142 - lr: 5.0000e-04 - 5s/epoch - 6ms/step
Epoch 5/100
782/782 - 5s - loss: 1.0146 - categorical_accuracy: 0.6108 - val_loss: 1.0014 - val_categorical_accuracy: 0.6174 - lr: 5.0000e-04 - 5s/epoch - 7ms/step
Epoch 6/100
782/782 - 5s - loss: 1.0066 - categorical_accuracy: 0.6144 - val_loss: 0.9947 - val_categorical_accuracy: 0.6195 - lr: 5.0000e-04 - 5s/epoch - 6ms/step
Epoch 7/100
782/782 - 5s - loss: 1.0006 - categorical_accuracy: 0.6169 - val_loss: 0.9908 - val_categorical_accuracy: 0.6206 - lr: 5.0000e-04 - 5s/epoch - 6ms/step
Epoch 8/100
782/782 - 5s - loss: 0.9949 - categorical_accuracy: 0.6191 - val_loss: 0.9847 - val_categorical_accuracy: 0.6225 - lr: 5.0000e-04 - 5s/epoch - 6ms/step
Epoch 9/100
782/782 - 5s - loss: 0.9895 - categorical_accuracy: 0.6210 - val_loss: 0.9806 - val_categorical_accuracy: 0.6238 - lr: 5.0000e-04 - 5s/epoch - 6ms/step
Epoch 10/100
782/782 - 5s - loss: 0.9851 - categorical_accuracy: 0.6224 - val_loss: 0.9779 - val_categorical_accuracy: 0.6240 - lr: 5.0000e-04 - 5s/epoch - 6ms/step
Epoch 11/100
782/782 - 5s - loss: 0.9817 - categorical_accuracy: 0.6237 - val_loss: 0.9752 - val_categorical_accuracy: 0.6253 - lr: 5.0000e-04 - 5s/epoch - 6ms/step
Epoch 12/100
782/782 - 5s - loss: 0.9787 - categorical_accuracy: 0.6249 - val_loss: 0.9731 - val_categorical_accuracy: 0.6263 - lr: 5.0000e-04 - 5s/epoch - 6ms/step
Epoch 13/100
782/782 - 5s - loss: 0.9761 - categorical_accuracy: 0.6262 - val_loss: 0.9710 - val_categorical_accuracy: 0.6271 - lr: 5.0000e-04 - 5s/epoch - 6ms/step
Epoch 14/100
782/782 - 5s - loss: 0.9737 - categorical_accuracy: 0.6273 - val_loss: 0.9685 - val_categorical_accuracy: 0.6282 - lr: 5.0000e-04 - 5s/epoch - 6ms/step
Epoch 15/100
782/782 - 5s - loss: 0.9715 - categorical_accuracy: 0.6281 - val_loss: 0.9657 - val_categorical_accuracy: 0.6296 - lr: 5.0000e-04 - 5s/epoch - 6ms/step
Epoch 16/100
782/782 - 5s - loss: 0.9695 - categorical_accuracy: 0.6289 - val_loss: 0.9633 - val_categorical_accuracy: 0.6306 - lr: 5.0000e-04 - 5s/epoch - 6ms/step
Epoch 17/100
782/782 - 5s - loss: 0.9677 - categorical_accuracy: 0.6295 - val_loss: 0.9621 - val_categorical_accuracy: 0.6310 - lr: 5.0000e-04 - 5s/epoch - 6ms/step
Epoch 18/100
782/782 - 5s - loss: 0.9660 - categorical_accuracy: 0.6303 - val_loss: 0.9610 - val_categorical_accuracy: 0.6315 - lr: 5.0000e-04 - 5s/epoch - 6ms/step
Epoch 19/100
782/782 - 5s - loss: 0.9644 - categorical_accuracy: 0.6309 - val_loss: 0.9598 - val_categorical_accuracy: 0.6320 - lr: 5.0000e-04 - 5s/epoch - 6ms/step
Epoch 20/100
782/782 - 5s - loss: 0.9630 - categorical_accuracy: 0.6314 - val_loss: 0.9586 - val_categorical_accuracy: 0.6326 - lr: 5.0000e-04 - 5s/epoch - 6ms/step
Epoch 21/100
782/782 - 5s - loss: 0.9618 - categorical_accuracy: 0.6317 - val_loss: 0.9569 - val_categorical_accuracy: 0.6331 - lr: 5.0000e-04 - 5s/epoch - 7ms/step
Epoch 22/100
782/782 - 5s - loss: 0.9605 - categorical_accuracy: 0.6323 - val_loss: 0.9556 - val_categorical_accuracy: 0.6338 - lr: 5.0000e-04 - 5s/epoch - 7ms/step
Epoch 23/100
782/782 - 5s - loss: 0.9594 - categorical_accuracy: 0.6327 - val_loss: 0.9540 - val_categorical_accuracy: 0.6347 - lr: 5.0000e-04 - 5s/epoch - 7ms/step
Epoch 24/100
782/782 - 5s - loss: 0.9583 - categorical_accuracy: 0.6333 - val_loss: 0.9532 - val_categorical_accuracy: 0.6351 - lr: 5.0000e-04 - 5s/epoch - 7ms/step
Epoch 25/100
782/782 - 5s - loss: 0.9574 - categorical_accuracy: 0.6337 - val_loss: 0.9520 - val_categorical_accuracy: 0.6355 - lr: 5.0000e-04 - 5s/epoch - 7ms/step
Epoch 26/100
782/782 - 5s - loss: 0.9564 - categorical_accuracy: 0.6340 - val_loss: 0.9512 - val_categorical_accuracy: 0.6361 - lr: 5.0000e-04 - 5s/epoch - 7ms/step
Epoch 27/100
782/782 - 5s - loss: 0.9554 - categorical_accuracy: 0.6345 - val_loss: 0.9509 - val_categorical_accuracy: 0.6359 - lr: 5.0000e-04 - 5s/epoch - 7ms/step
Epoch 28/100
782/782 - 5s - loss: 0.9545 - categorical_accuracy: 0.6346 - val_loss: 0.9497 - val_categorical_accuracy: 0.6365 - lr: 5.0000e-04 - 5s/epoch - 7ms/step
Epoch 29/100
782/782 - 5s - loss: 0.9536 - categorical_accuracy: 0.6350 - val_loss: 0.9491 - val_categorical_accuracy: 0.6368 - lr: 5.0000e-04 - 5s/epoch - 7ms/step
Epoch 30/100
782/782 - 5s - loss: 0.9528 - categorical_accuracy: 0.6352 - val_loss: 0.9486 - val_categorical_accuracy: 0.6371 - lr: 5.0000e-04 - 5s/epoch - 6ms/step
Epoch 31/100
782/782 - 5s - loss: 0.9520 - categorical_accuracy: 0.6355 - val_loss: 0.9483 - val_categorical_accuracy: 0.6372 - lr: 5.0000e-04 - 5s/epoch - 7ms/step
Epoch 32/100
782/782 - 6s - loss: 0.9512 - categorical_accuracy: 0.6356 - val_loss: 0.9474 - val_categorical_accuracy: 0.6373 - lr: 5.0000e-04 - 6s/epoch - 7ms/step
Epoch 33/100
782/782 - 5s - loss: 0.9505 - categorical_accuracy: 0.6358 - val_loss: 0.9470 - val_categorical_accuracy: 0.6374 - lr: 5.0000e-04 - 5s/epoch - 7ms/step
Epoch 34/100
782/782 - 5s - loss: 0.9496 - categorical_accuracy: 0.6364 - val_loss: 0.9457 - val_categorical_accuracy: 0.6384 - lr: 5.0000e-04 - 5s/epoch - 7ms/step
Epoch 35/100
782/782 - 5s - loss: 0.9488 - categorical_accuracy: 0.6366 - val_loss: 0.9451 - val_categorical_accuracy: 0.6384 - lr: 5.0000e-04 - 5s/epoch - 7ms/step
Epoch 36/100
782/782 - 5s - loss: 0.9482 - categorical_accuracy: 0.6367 - val_loss: 0.9446 - val_categorical_accuracy: 0.6390 - lr: 5.0000e-04 - 5s/epoch - 7ms/step
Epoch 37/100
782/782 - 5s - loss: 0.9475 - categorical_accuracy: 0.6370 - val_loss: 0.9439 - val_categorical_accuracy: 0.6391 - lr: 5.0000e-04 - 5s/epoch - 7ms/step
Epoch 38/100
782/782 - 5s - loss: 0.9468 - categorical_accuracy: 0.6375 - val_loss: 0.9438 - val_categorical_accuracy: 0.6388 - lr: 5.0000e-04 - 5s/epoch - 6ms/step
Epoch 39/100
782/782 - 5s - loss: 0.9462 - categorical_accuracy: 0.6378 - val_loss: 0.9429 - val_categorical_accuracy: 0.6393 - lr: 5.0000e-04 - 5s/epoch - 7ms/step
Epoch 40/100
782/782 - 5s - loss: 0.9456 - categorical_accuracy: 0.6379 - val_loss: 0.9424 - val_categorical_accuracy: 0.6395 - lr: 5.0000e-04 - 5s/epoch - 7ms/step
Epoch 41/100
782/782 - 5s - loss: 0.9452 - categorical_accuracy: 0.6383 - val_loss: 0.9422 - val_categorical_accuracy: 0.6393 - lr: 5.0000e-04 - 5s/epoch - 7ms/step
Epoch 42/100
782/782 - 6s - loss: 0.9445 - categorical_accuracy: 0.6387 - val_loss: 0.9416 - val_categorical_accuracy: 0.6396 - lr: 5.0000e-04 - 6s/epoch - 7ms/step
Epoch 43/100
782/782 - 6s - loss: 0.9440 - categorical_accuracy: 0.6390 - val_loss: 0.9414 - val_categorical_accuracy: 0.6399 - lr: 5.0000e-04 - 6s/epoch - 7ms/step
Epoch 44/100
782/782 - 5s - loss: 0.9435 - categorical_accuracy: 0.6390 - val_loss: 0.9409 - val_categorical_accuracy: 0.6403 - lr: 5.0000e-04 - 5s/epoch - 7ms/step
Epoch 45/100
782/782 - 6s - loss: 0.9430 - categorical_accuracy: 0.6393 - val_loss: 0.9411 - val_categorical_accuracy: 0.6402 - lr: 5.0000e-04 - 6s/epoch - 8ms/step
Epoch 46/100
782/782 - 7s - loss: 0.9425 - categorical_accuracy: 0.6395 - val_loss: 0.9406 - val_categorical_accuracy: 0.6403 - lr: 5.0000e-04 - 7s/epoch - 9ms/step
Epoch 47/100
782/782 - 6s - loss: 0.9420 - categorical_accuracy: 0.6397 - val_loss: 0.9400 - val_categorical_accuracy: 0.6403 - lr: 5.0000e-04 - 6s/epoch - 7ms/step
Epoch 48/100
782/782 - 5s - loss: 0.9416 - categorical_accuracy: 0.6398 - val_loss: 0.9399 - val_categorical_accuracy: 0.6401 - lr: 5.0000e-04 - 5s/epoch - 7ms/step
Epoch 49/100
782/782 - 6s - loss: 0.9411 - categorical_accuracy: 0.6399 - val_loss: 0.9394 - val_categorical_accuracy: 0.6403 - lr: 5.0000e-04 - 6s/epoch - 7ms/step
Epoch 50/100
782/782 - 6s - loss: 0.9406 - categorical_accuracy: 0.6402 - val_loss: 0.9394 - val_categorical_accuracy: 0.6403 - lr: 5.0000e-04 - 6s/epoch - 7ms/step
Epoch 51/100
782/782 - 6s - loss: 0.9402 - categorical_accuracy: 0.6401 - val_loss: 0.9395 - val_categorical_accuracy: 0.6402 - lr: 5.0000e-04 - 6s/epoch - 7ms/step
Epoch 52/100
782/782 - 6s - loss: 0.9398 - categorical_accuracy: 0.6401 - val_loss: 0.9394 - val_categorical_accuracy: 0.6399 - lr: 5.0000e-04 - 6s/epoch - 7ms/step
Epoch 53/100
782/782 - 5s - loss: 0.9394 - categorical_accuracy: 0.6402 - val_loss: 0.9394 - val_categorical_accuracy: 0.6401 - lr: 5.0000e-04 - 5s/epoch - 7ms/step
Epoch 54/100
782/782 - 6s - loss: 0.9390 - categorical_accuracy: 0.6404 - val_loss: 0.9389 - val_categorical_accuracy: 0.6400 - lr: 5.0000e-04 - 6s/epoch - 7ms/step
Epoch 55/100
782/782 - 6s - loss: 0.9327 - categorical_accuracy: 0.6434 - val_loss: 0.9250 - val_categorical_accuracy: 0.6486 - lr: 1.0000e-04 - 6s/epoch - 7ms/step
Epoch 56/100
782/782 - 6s - loss: 0.9323 - categorical_accuracy: 0.6436 - val_loss: 0.9248 - val_categorical_accuracy: 0.6484 - lr: 1.0000e-04 - 6s/epoch - 8ms/step
Epoch 57/100
782/782 - 5s - loss: 0.9322 - categorical_accuracy: 0.6436 - val_loss: 0.9246 - val_categorical_accuracy: 0.6485 - lr: 1.0000e-04 - 5s/epoch - 7ms/step
Epoch 58/100
782/782 - 5s - loss: 0.9320 - categorical_accuracy: 0.6436 - val_loss: 0.9244 - val_categorical_accuracy: 0.6487 - lr: 1.0000e-04 - 5s/epoch - 7ms/step
Epoch 59/100
782/782 - 5s - loss: 0.9319 - categorical_accuracy: 0.6437 - val_loss: 0.9243 - val_categorical_accuracy: 0.6486 - lr: 1.0000e-04 - 5s/epoch - 7ms/step
Epoch 60/100
782/782 - 5s - loss: 0.9317 - categorical_accuracy: 0.6438 - val_loss: 0.9242 - val_categorical_accuracy: 0.6486 - lr: 1.0000e-04 - 5s/epoch - 7ms/step
Epoch 61/100
782/782 - 5s - loss: 0.9316 - categorical_accuracy: 0.6439 - val_loss: 0.9241 - val_categorical_accuracy: 0.6487 - lr: 1.0000e-04 - 5s/epoch - 7ms/step
Epoch 62/100
782/782 - 5s - loss: 0.9315 - categorical_accuracy: 0.6438 - val_loss: 0.9240 - val_categorical_accuracy: 0.6488 - lr: 1.0000e-04 - 5s/epoch - 7ms/step
Epoch 63/100
782/782 - 5s - loss: 0.9314 - categorical_accuracy: 0.6439 - val_loss: 0.9239 - val_categorical_accuracy: 0.6489 - lr: 1.0000e-04 - 5s/epoch - 7ms/step
Epoch 64/100
782/782 - 5s - loss: 0.9313 - categorical_accuracy: 0.6440 - val_loss: 0.9238 - val_categorical_accuracy: 0.6489 - lr: 1.0000e-04 - 5s/epoch - 7ms/step
Epoch 65/100
782/782 - 5s - loss: 0.9312 - categorical_accuracy: 0.6441 - val_loss: 0.9237 - val_categorical_accuracy: 0.6490 - lr: 1.0000e-04 - 5s/epoch - 7ms/step
Epoch 66/100
782/782 - 5s - loss: 0.9311 - categorical_accuracy: 0.6441 - val_loss: 0.9236 - val_categorical_accuracy: 0.6490 - lr: 1.0000e-04 - 5s/epoch - 7ms/step
Epoch 67/100
782/782 - 6s - loss: 0.9310 - categorical_accuracy: 0.6441 - val_loss: 0.9235 - val_categorical_accuracy: 0.6491 - lr: 1.0000e-04 - 6s/epoch - 7ms/step
Epoch 68/100
782/782 - 6s - loss: 0.9308 - categorical_accuracy: 0.6441 - val_loss: 0.9234 - val_categorical_accuracy: 0.6492 - lr: 1.0000e-04 - 6s/epoch - 7ms/step
Epoch 69/100
782/782 - 5s - loss: 0.9307 - categorical_accuracy: 0.6442 - val_loss: 0.9234 - val_categorical_accuracy: 0.6492 - lr: 1.0000e-04 - 5s/epoch - 7ms/step
Epoch 70/100
782/782 - 5s - loss: 0.9306 - categorical_accuracy: 0.6442 - val_loss: 0.9233 - val_categorical_accuracy: 0.6492 - lr: 1.0000e-04 - 5s/epoch - 7ms/step
Epoch 71/100
782/782 - 6s - loss: 0.9306 - categorical_accuracy: 0.6442 - val_loss: 0.9232 - val_categorical_accuracy: 0.6493 - lr: 1.0000e-04 - 6s/epoch - 7ms/step
Epoch 72/100
782/782 - 5s - loss: 0.9305 - categorical_accuracy: 0.6443 - val_loss: 0.9231 - val_categorical_accuracy: 0.6494 - lr: 1.0000e-04 - 5s/epoch - 7ms/step
Epoch 73/100
782/782 - 5s - loss: 0.9304 - categorical_accuracy: 0.6443 - val_loss: 0.9231 - val_categorical_accuracy: 0.6494 - lr: 1.0000e-04 - 5s/epoch - 7ms/step
Epoch 74/100
782/782 - 6s - loss: 0.9303 - categorical_accuracy: 0.6443 - val_loss: 0.9230 - val_categorical_accuracy: 0.6495 - lr: 1.0000e-04 - 6s/epoch - 7ms/step
Epoch 75/100
782/782 - 5s - loss: 0.9302 - categorical_accuracy: 0.6444 - val_loss: 0.9229 - val_categorical_accuracy: 0.6495 - lr: 1.0000e-04 - 5s/epoch - 7ms/step
Epoch 76/100
782/782 - 5s - loss: 0.9301 - categorical_accuracy: 0.6445 - val_loss: 0.9228 - val_categorical_accuracy: 0.6495 - lr: 1.0000e-04 - 5s/epoch - 7ms/step
Epoch 77/100
782/782 - 5s - loss: 0.9300 - categorical_accuracy: 0.6445 - val_loss: 0.9227 - val_categorical_accuracy: 0.6496 - lr: 1.0000e-04 - 5s/epoch - 7ms/step
Epoch 78/100
782/782 - 5s - loss: 0.9299 - categorical_accuracy: 0.6445 - val_loss: 0.9226 - val_categorical_accuracy: 0.6495 - lr: 1.0000e-04 - 5s/epoch - 7ms/step
Epoch 79/100
782/782 - 5s - loss: 0.9298 - categorical_accuracy: 0.6445 - val_loss: 0.9226 - val_categorical_accuracy: 0.6496 - lr: 1.0000e-04 - 5s/epoch - 7ms/step
Epoch 80/100
782/782 - 5s - loss: 0.9297 - categorical_accuracy: 0.6446 - val_loss: 0.9225 - val_categorical_accuracy: 0.6497 - lr: 1.0000e-04 - 5s/epoch - 7ms/step
Epoch 81/100
782/782 - 5s - loss: 0.9297 - categorical_accuracy: 0.6446 - val_loss: 0.9224 - val_categorical_accuracy: 0.6498 - lr: 1.0000e-04 - 5s/epoch - 7ms/step
Epoch 82/100
782/782 - 6s - loss: 0.9296 - categorical_accuracy: 0.6446 - val_loss: 0.9224 - val_categorical_accuracy: 0.6498 - lr: 1.0000e-04 - 6s/epoch - 7ms/step
Epoch 83/100
782/782 - 5s - loss: 0.9295 - categorical_accuracy: 0.6446 - val_loss: 0.9223 - val_categorical_accuracy: 0.6499 - lr: 1.0000e-04 - 5s/epoch - 7ms/step
Epoch 84/100
782/782 - 5s - loss: 0.9294 - categorical_accuracy: 0.6447 - val_loss: 0.9222 - val_categorical_accuracy: 0.6499 - lr: 1.0000e-04 - 5s/epoch - 7ms/step
Epoch 85/100
782/782 - 6s - loss: 0.9293 - categorical_accuracy: 0.6447 - val_loss: 0.9222 - val_categorical_accuracy: 0.6498 - lr: 1.0000e-04 - 6s/epoch - 7ms/step
Epoch 86/100
782/782 - 6s - loss: 0.9292 - categorical_accuracy: 0.6448 - val_loss: 0.9221 - val_categorical_accuracy: 0.6498 - lr: 1.0000e-04 - 6s/epoch - 7ms/step
Epoch 87/100
782/782 - 6s - loss: 0.9292 - categorical_accuracy: 0.6448 - val_loss: 0.9220 - val_categorical_accuracy: 0.6499 - lr: 1.0000e-04 - 6s/epoch - 7ms/step
Epoch 88/100
782/782 - 5s - loss: 0.9291 - categorical_accuracy: 0.6448 - val_loss: 0.9220 - val_categorical_accuracy: 0.6498 - lr: 1.0000e-04 - 5s/epoch - 7ms/step
Epoch 89/100
782/782 - 5s - loss: 0.9290 - categorical_accuracy: 0.6448 - val_loss: 0.9219 - val_categorical_accuracy: 0.6498 - lr: 1.0000e-04 - 5s/epoch - 7ms/step
Epoch 90/100
782/782 - 5s - loss: 0.9289 - categorical_accuracy: 0.6448 - val_loss: 0.9219 - val_categorical_accuracy: 0.6498 - lr: 1.0000e-04 - 5s/epoch - 7ms/step
Epoch 91/100
782/782 - 6s - loss: 0.9288 - categorical_accuracy: 0.6448 - val_loss: 0.9218 - val_categorical_accuracy: 0.6498 - lr: 1.0000e-04 - 6s/epoch - 7ms/step
Epoch 92/100
782/782 - 5s - loss: 0.9288 - categorical_accuracy: 0.6448 - val_loss: 0.9217 - val_categorical_accuracy: 0.6499 - lr: 1.0000e-04 - 5s/epoch - 7ms/step
Epoch 93/100
782/782 - 5s - loss: 0.9266 - categorical_accuracy: 0.6460 - val_loss: 0.9219 - val_categorical_accuracy: 0.6495 - lr: 2.0000e-05 - 5s/epoch - 7ms/step
[95m
SAVING RESULTS[0m
==============
[92m
Saved model to: [0m trained_intnets/perm_variant_conv_2
Loss vs epochs plot saved to trained_intnets/perm_variant_conv_2.
Accuracy vs epochs plot saved to trained_intnets/perm_variant_conv_2.
[92m
Jobs done! 🍰✨[0m
