[96m
GPU: NVIDIA GeForce GTX 1080 Ti[0m

----------------
[92mData loading complete:[0m
Training data size: 5.72e+05
Test data size: 0.00e+00
----------------

Shuffling constituents...
[92mShuffled the training data! 🃏
[0m
[92mNumber of constituents: 8[0m
Instantiating model...
[92mModel compiled and built![0m
[95m
TRAINING THE MODEL 💪[0m
==================
Epoch 1/100
782/782 - 8s - loss: 1.1630 - categorical_accuracy: 0.5387 - val_loss: 1.0905 - val_categorical_accuracy: 0.5787 - lr: 5.0000e-04 - 8s/epoch - 10ms/step
Epoch 2/100
782/782 - 4s - loss: 1.0665 - categorical_accuracy: 0.5882 - val_loss: 1.0451 - val_categorical_accuracy: 0.5940 - lr: 5.0000e-04 - 4s/epoch - 5ms/step
Epoch 3/100
782/782 - 4s - loss: 1.0443 - categorical_accuracy: 0.5975 - val_loss: 1.0264 - val_categorical_accuracy: 0.6062 - lr: 5.0000e-04 - 4s/epoch - 5ms/step
Epoch 4/100
782/782 - 4s - loss: 1.0339 - categorical_accuracy: 0.6009 - val_loss: 1.0358 - val_categorical_accuracy: 0.5900 - lr: 5.0000e-04 - 4s/epoch - 5ms/step
Epoch 5/100
782/782 - 4s - loss: 1.0166 - categorical_accuracy: 0.6082 - val_loss: 1.0172 - val_categorical_accuracy: 0.6023 - lr: 5.0000e-04 - 4s/epoch - 5ms/step
Epoch 6/100
782/782 - 4s - loss: 1.0088 - categorical_accuracy: 0.6115 - val_loss: 0.9889 - val_categorical_accuracy: 0.6230 - lr: 5.0000e-04 - 4s/epoch - 5ms/step
Epoch 7/100
782/782 - 4s - loss: 1.0015 - categorical_accuracy: 0.6150 - val_loss: 0.9965 - val_categorical_accuracy: 0.6160 - lr: 5.0000e-04 - 4s/epoch - 5ms/step
Epoch 8/100
782/782 - 4s - loss: 0.9937 - categorical_accuracy: 0.6189 - val_loss: 0.9752 - val_categorical_accuracy: 0.6261 - lr: 5.0000e-04 - 4s/epoch - 5ms/step
Epoch 9/100
782/782 - 4s - loss: 0.9873 - categorical_accuracy: 0.6216 - val_loss: 0.9694 - val_categorical_accuracy: 0.6305 - lr: 5.0000e-04 - 4s/epoch - 5ms/step
Epoch 10/100
782/782 - 4s - loss: 0.9851 - categorical_accuracy: 0.6227 - val_loss: 0.9673 - val_categorical_accuracy: 0.6324 - lr: 5.0000e-04 - 4s/epoch - 5ms/step
Epoch 11/100
782/782 - 4s - loss: 0.9821 - categorical_accuracy: 0.6234 - val_loss: 0.9630 - val_categorical_accuracy: 0.6332 - lr: 5.0000e-04 - 4s/epoch - 5ms/step
Epoch 12/100
782/782 - 4s - loss: 0.9785 - categorical_accuracy: 0.6249 - val_loss: 0.9694 - val_categorical_accuracy: 0.6306 - lr: 5.0000e-04 - 4s/epoch - 5ms/step
Epoch 13/100
782/782 - 4s - loss: 0.9761 - categorical_accuracy: 0.6263 - val_loss: 0.9722 - val_categorical_accuracy: 0.6273 - lr: 5.0000e-04 - 4s/epoch - 5ms/step
Epoch 14/100
782/782 - 4s - loss: 0.9717 - categorical_accuracy: 0.6280 - val_loss: 0.9617 - val_categorical_accuracy: 0.6343 - lr: 5.0000e-04 - 4s/epoch - 5ms/step
Epoch 15/100
782/782 - 4s - loss: 0.9704 - categorical_accuracy: 0.6291 - val_loss: 0.9667 - val_categorical_accuracy: 0.6304 - lr: 5.0000e-04 - 4s/epoch - 5ms/step
Epoch 16/100
782/782 - 4s - loss: 0.9682 - categorical_accuracy: 0.6292 - val_loss: 0.9573 - val_categorical_accuracy: 0.6348 - lr: 5.0000e-04 - 4s/epoch - 5ms/step
Epoch 17/100
782/782 - 4s - loss: 0.9678 - categorical_accuracy: 0.6293 - val_loss: 0.9569 - val_categorical_accuracy: 0.6345 - lr: 5.0000e-04 - 4s/epoch - 5ms/step
Epoch 18/100
782/782 - 4s - loss: 0.9653 - categorical_accuracy: 0.6304 - val_loss: 0.9516 - val_categorical_accuracy: 0.6389 - lr: 5.0000e-04 - 4s/epoch - 5ms/step
Epoch 19/100
782/782 - 4s - loss: 0.9622 - categorical_accuracy: 0.6320 - val_loss: 0.9603 - val_categorical_accuracy: 0.6327 - lr: 5.0000e-04 - 4s/epoch - 5ms/step
Epoch 20/100
782/782 - 4s - loss: 0.9623 - categorical_accuracy: 0.6315 - val_loss: 0.9519 - val_categorical_accuracy: 0.6370 - lr: 5.0000e-04 - 4s/epoch - 5ms/step
Epoch 21/100
782/782 - 5s - loss: 0.9623 - categorical_accuracy: 0.6312 - val_loss: 0.9458 - val_categorical_accuracy: 0.6410 - lr: 5.0000e-04 - 5s/epoch - 6ms/step
Epoch 22/100
782/782 - 4s - loss: 0.9618 - categorical_accuracy: 0.6313 - val_loss: 0.9518 - val_categorical_accuracy: 0.6355 - lr: 5.0000e-04 - 4s/epoch - 5ms/step
Epoch 23/100
782/782 - 4s - loss: 0.9611 - categorical_accuracy: 0.6308 - val_loss: 0.9438 - val_categorical_accuracy: 0.6404 - lr: 5.0000e-04 - 4s/epoch - 5ms/step
Epoch 24/100
782/782 - 4s - loss: 0.9592 - categorical_accuracy: 0.6327 - val_loss: 0.9472 - val_categorical_accuracy: 0.6362 - lr: 5.0000e-04 - 4s/epoch - 5ms/step
Epoch 25/100
782/782 - 4s - loss: 0.9592 - categorical_accuracy: 0.6324 - val_loss: 0.9457 - val_categorical_accuracy: 0.6396 - lr: 5.0000e-04 - 4s/epoch - 5ms/step
Epoch 26/100
782/782 - 4s - loss: 0.9562 - categorical_accuracy: 0.6338 - val_loss: 0.9415 - val_categorical_accuracy: 0.6420 - lr: 5.0000e-04 - 4s/epoch - 5ms/step
Epoch 27/100
782/782 - 4s - loss: 0.9576 - categorical_accuracy: 0.6329 - val_loss: 0.9412 - val_categorical_accuracy: 0.6423 - lr: 5.0000e-04 - 4s/epoch - 5ms/step
Epoch 28/100
782/782 - 4s - loss: 0.9569 - categorical_accuracy: 0.6324 - val_loss: 0.9422 - val_categorical_accuracy: 0.6418 - lr: 5.0000e-04 - 4s/epoch - 5ms/step
Epoch 29/100
782/782 - 4s - loss: 0.9535 - categorical_accuracy: 0.6352 - val_loss: 0.9425 - val_categorical_accuracy: 0.6407 - lr: 5.0000e-04 - 4s/epoch - 5ms/step
Epoch 30/100
782/782 - 4s - loss: 0.9560 - categorical_accuracy: 0.6331 - val_loss: 0.9409 - val_categorical_accuracy: 0.6427 - lr: 5.0000e-04 - 4s/epoch - 5ms/step
Epoch 31/100
782/782 - 4s - loss: 0.9528 - categorical_accuracy: 0.6342 - val_loss: 0.9355 - val_categorical_accuracy: 0.6442 - lr: 5.0000e-04 - 4s/epoch - 5ms/step
Epoch 32/100
782/782 - 4s - loss: 0.9520 - categorical_accuracy: 0.6352 - val_loss: 0.9357 - val_categorical_accuracy: 0.6440 - lr: 5.0000e-04 - 4s/epoch - 5ms/step
Epoch 33/100
782/782 - 4s - loss: 0.9501 - categorical_accuracy: 0.6355 - val_loss: 0.9471 - val_categorical_accuracy: 0.6381 - lr: 5.0000e-04 - 4s/epoch - 5ms/step
Epoch 34/100
782/782 - 4s - loss: 0.9513 - categorical_accuracy: 0.6354 - val_loss: 0.9409 - val_categorical_accuracy: 0.6405 - lr: 5.0000e-04 - 4s/epoch - 5ms/step
Epoch 35/100
782/782 - 5s - loss: 0.9518 - categorical_accuracy: 0.6346 - val_loss: 0.9368 - val_categorical_accuracy: 0.6437 - lr: 5.0000e-04 - 5s/epoch - 6ms/step
Epoch 36/100
782/782 - 4s - loss: 0.9504 - categorical_accuracy: 0.6353 - val_loss: 0.9391 - val_categorical_accuracy: 0.6428 - lr: 5.0000e-04 - 4s/epoch - 5ms/step
Epoch 37/100
782/782 - 4s - loss: 0.9497 - categorical_accuracy: 0.6359 - val_loss: 0.9514 - val_categorical_accuracy: 0.6348 - lr: 5.0000e-04 - 4s/epoch - 5ms/step
Epoch 38/100
782/782 - 4s - loss: 0.9501 - categorical_accuracy: 0.6357 - val_loss: 0.9408 - val_categorical_accuracy: 0.6413 - lr: 5.0000e-04 - 4s/epoch - 5ms/step
Epoch 39/100
782/782 - 4s - loss: 0.9498 - categorical_accuracy: 0.6361 - val_loss: 0.9538 - val_categorical_accuracy: 0.6331 - lr: 5.0000e-04 - 4s/epoch - 5ms/step
Epoch 40/100
782/782 - 4s - loss: 0.9493 - categorical_accuracy: 0.6362 - val_loss: 0.9358 - val_categorical_accuracy: 0.6424 - lr: 5.0000e-04 - 4s/epoch - 5ms/step
Epoch 41/100
782/782 - 4s - loss: 0.9456 - categorical_accuracy: 0.6377 - val_loss: 0.9418 - val_categorical_accuracy: 0.6374 - lr: 5.0000e-04 - 4s/epoch - 5ms/step
[95m
SAVING RESULTS[0m
==============
[92m
Saved model to: [0m trained_intnets/perm_invariant_conv_5
Loss vs epochs plot saved to trained_intnets/perm_invariant_conv_5.
Accuracy vs epochs plot saved to trained_intnets/perm_invariant_conv_5.
[92m
Jobs done! 🍰✨[0m
