[96m
GPU: NVIDIA GeForce GTX 1080 Ti[0m

----------------
[92mData loading complete:[0m
Training data size: 5.72e+05
Test data size: 0.00e+00
----------------

Shuffling constituents...
[92mShuffled the training data! 🃏
[0m
[92mNumber of constituents: 8[0m
Instantiating model...
[92mModel compiled and built![0m
[95m
TRAINING THE MODEL 💪[0m
==================

Training parameters
-------------------
[92mOptimiser: 	[0m {'name': 'Adam', 'learning_rate': 0.0005, 'decay': 0.0, 'beta_1': 0.9, 'beta_2': 0.999, 'epsilon': 1e-07, 'amsgrad': False}
[92mBatch size: 	[0m 512
[92mTraining epochs:[0m 100
[92mLoss: 		[0m categorical_crossentropy

Epoch 1/100
782/782 - 8s - loss: 1.1659 - categorical_accuracy: 0.5363 - val_loss: 1.0833 - val_categorical_accuracy: 0.5829 - lr: 5.0000e-04 - 8s/epoch - 10ms/step
Epoch 2/100
782/782 - 5s - loss: 1.0664 - categorical_accuracy: 0.5894 - val_loss: 1.0423 - val_categorical_accuracy: 0.6036 - lr: 5.0000e-04 - 5s/epoch - 6ms/step
Epoch 3/100
782/782 - 4s - loss: 1.0452 - categorical_accuracy: 0.5989 - val_loss: 1.0253 - val_categorical_accuracy: 0.6096 - lr: 5.0000e-04 - 4s/epoch - 5ms/step
Epoch 4/100
782/782 - 4s - loss: 1.0319 - categorical_accuracy: 0.6044 - val_loss: 1.0125 - val_categorical_accuracy: 0.6148 - lr: 5.0000e-04 - 4s/epoch - 5ms/step
Epoch 5/100
782/782 - 4s - loss: 1.0222 - categorical_accuracy: 0.6087 - val_loss: 1.0031 - val_categorical_accuracy: 0.6187 - lr: 5.0000e-04 - 4s/epoch - 5ms/step
Epoch 6/100
782/782 - 4s - loss: 1.0149 - categorical_accuracy: 0.6118 - val_loss: 0.9951 - val_categorical_accuracy: 0.6215 - lr: 5.0000e-04 - 4s/epoch - 5ms/step
Epoch 7/100
782/782 - 4s - loss: 1.0082 - categorical_accuracy: 0.6140 - val_loss: 0.9886 - val_categorical_accuracy: 0.6237 - lr: 5.0000e-04 - 4s/epoch - 5ms/step
Epoch 8/100
782/782 - 4s - loss: 1.0024 - categorical_accuracy: 0.6165 - val_loss: 0.9831 - val_categorical_accuracy: 0.6254 - lr: 5.0000e-04 - 4s/epoch - 5ms/step
Epoch 9/100
782/782 - 5s - loss: 0.9974 - categorical_accuracy: 0.6184 - val_loss: 0.9783 - val_categorical_accuracy: 0.6271 - lr: 5.0000e-04 - 5s/epoch - 7ms/step
Epoch 10/100
782/782 - 4s - loss: 0.9928 - categorical_accuracy: 0.6203 - val_loss: 0.9741 - val_categorical_accuracy: 0.6289 - lr: 5.0000e-04 - 4s/epoch - 5ms/step
Epoch 11/100
782/782 - 5s - loss: 0.9888 - categorical_accuracy: 0.6221 - val_loss: 0.9697 - val_categorical_accuracy: 0.6307 - lr: 5.0000e-04 - 5s/epoch - 6ms/step
Epoch 12/100
782/782 - 4s - loss: 0.9851 - categorical_accuracy: 0.6237 - val_loss: 0.9665 - val_categorical_accuracy: 0.6326 - lr: 5.0000e-04 - 4s/epoch - 5ms/step
Epoch 13/100
782/782 - 4s - loss: 0.9817 - categorical_accuracy: 0.6250 - val_loss: 0.9630 - val_categorical_accuracy: 0.6346 - lr: 5.0000e-04 - 4s/epoch - 5ms/step
Epoch 14/100
782/782 - 4s - loss: 0.9784 - categorical_accuracy: 0.6262 - val_loss: 0.9602 - val_categorical_accuracy: 0.6365 - lr: 5.0000e-04 - 4s/epoch - 6ms/step
Epoch 15/100
782/782 - 5s - loss: 0.9758 - categorical_accuracy: 0.6269 - val_loss: 0.9576 - val_categorical_accuracy: 0.6377 - lr: 5.0000e-04 - 5s/epoch - 6ms/step
Epoch 16/100
782/782 - 4s - loss: 0.9734 - categorical_accuracy: 0.6276 - val_loss: 0.9555 - val_categorical_accuracy: 0.6379 - lr: 5.0000e-04 - 4s/epoch - 6ms/step
Epoch 17/100
782/782 - 7s - loss: 0.9710 - categorical_accuracy: 0.6291 - val_loss: 0.9532 - val_categorical_accuracy: 0.6389 - lr: 5.0000e-04 - 7s/epoch - 8ms/step
Epoch 18/100
782/782 - 5s - loss: 0.9688 - categorical_accuracy: 0.6298 - val_loss: 0.9515 - val_categorical_accuracy: 0.6396 - lr: 5.0000e-04 - 5s/epoch - 6ms/step
Epoch 19/100
782/782 - 4s - loss: 0.9671 - categorical_accuracy: 0.6304 - val_loss: 0.9501 - val_categorical_accuracy: 0.6399 - lr: 5.0000e-04 - 4s/epoch - 5ms/step
Epoch 20/100
782/782 - 4s - loss: 0.9656 - categorical_accuracy: 0.6309 - val_loss: 0.9488 - val_categorical_accuracy: 0.6398 - lr: 5.0000e-04 - 4s/epoch - 5ms/step
Epoch 21/100
782/782 - 4s - loss: 0.9644 - categorical_accuracy: 0.6312 - val_loss: 0.9479 - val_categorical_accuracy: 0.6396 - lr: 5.0000e-04 - 4s/epoch - 5ms/step
Epoch 22/100
782/782 - 4s - loss: 0.9633 - categorical_accuracy: 0.6316 - val_loss: 0.9472 - val_categorical_accuracy: 0.6397 - lr: 5.0000e-04 - 4s/epoch - 5ms/step
Epoch 23/100
782/782 - 4s - loss: 0.9621 - categorical_accuracy: 0.6317 - val_loss: 0.9461 - val_categorical_accuracy: 0.6402 - lr: 5.0000e-04 - 4s/epoch - 5ms/step
Epoch 24/100
782/782 - 4s - loss: 0.9610 - categorical_accuracy: 0.6322 - val_loss: 0.9453 - val_categorical_accuracy: 0.6405 - lr: 5.0000e-04 - 4s/epoch - 5ms/step
Epoch 25/100
782/782 - 4s - loss: 0.9601 - categorical_accuracy: 0.6326 - val_loss: 0.9448 - val_categorical_accuracy: 0.6404 - lr: 5.0000e-04 - 4s/epoch - 6ms/step
Epoch 26/100
782/782 - 4s - loss: 0.9591 - categorical_accuracy: 0.6328 - val_loss: 0.9446 - val_categorical_accuracy: 0.6402 - lr: 5.0000e-04 - 4s/epoch - 5ms/step
Epoch 27/100
782/782 - 4s - loss: 0.9582 - categorical_accuracy: 0.6331 - val_loss: 0.9439 - val_categorical_accuracy: 0.6402 - lr: 5.0000e-04 - 4s/epoch - 5ms/step
Epoch 28/100
782/782 - 4s - loss: 0.9572 - categorical_accuracy: 0.6334 - val_loss: 0.9438 - val_categorical_accuracy: 0.6400 - lr: 5.0000e-04 - 4s/epoch - 5ms/step
Epoch 29/100
782/782 - 4s - loss: 0.9564 - categorical_accuracy: 0.6338 - val_loss: 0.9425 - val_categorical_accuracy: 0.6407 - lr: 5.0000e-04 - 4s/epoch - 5ms/step
Epoch 30/100
782/782 - 4s - loss: 0.9556 - categorical_accuracy: 0.6341 - val_loss: 0.9422 - val_categorical_accuracy: 0.6408 - lr: 5.0000e-04 - 4s/epoch - 5ms/step
Epoch 31/100
782/782 - 4s - loss: 0.9547 - categorical_accuracy: 0.6345 - val_loss: 0.9412 - val_categorical_accuracy: 0.6412 - lr: 5.0000e-04 - 4s/epoch - 5ms/step
Epoch 32/100
782/782 - 4s - loss: 0.9539 - categorical_accuracy: 0.6347 - val_loss: 0.9406 - val_categorical_accuracy: 0.6412 - lr: 5.0000e-04 - 4s/epoch - 5ms/step
Epoch 33/100
782/782 - 4s - loss: 0.9531 - categorical_accuracy: 0.6349 - val_loss: 0.9399 - val_categorical_accuracy: 0.6418 - lr: 5.0000e-04 - 4s/epoch - 5ms/step
Epoch 34/100
782/782 - 4s - loss: 0.9523 - categorical_accuracy: 0.6352 - val_loss: 0.9396 - val_categorical_accuracy: 0.6418 - lr: 5.0000e-04 - 4s/epoch - 5ms/step
Epoch 35/100
782/782 - 4s - loss: 0.9516 - categorical_accuracy: 0.6353 - val_loss: 0.9387 - val_categorical_accuracy: 0.6422 - lr: 5.0000e-04 - 4s/epoch - 5ms/step
Epoch 36/100
782/782 - 4s - loss: 0.9510 - categorical_accuracy: 0.6357 - val_loss: 0.9383 - val_categorical_accuracy: 0.6423 - lr: 5.0000e-04 - 4s/epoch - 5ms/step
Epoch 37/100
782/782 - 4s - loss: 0.9503 - categorical_accuracy: 0.6360 - val_loss: 0.9373 - val_categorical_accuracy: 0.6429 - lr: 5.0000e-04 - 4s/epoch - 5ms/step
Epoch 38/100
782/782 - 4s - loss: 0.9497 - categorical_accuracy: 0.6362 - val_loss: 0.9361 - val_categorical_accuracy: 0.6434 - lr: 5.0000e-04 - 4s/epoch - 5ms/step
Epoch 39/100
782/782 - 4s - loss: 0.9490 - categorical_accuracy: 0.6364 - val_loss: 0.9360 - val_categorical_accuracy: 0.6435 - lr: 5.0000e-04 - 4s/epoch - 5ms/step
Epoch 40/100
782/782 - 4s - loss: 0.9484 - categorical_accuracy: 0.6367 - val_loss: 0.9350 - val_categorical_accuracy: 0.6441 - lr: 5.0000e-04 - 4s/epoch - 5ms/step
Epoch 41/100
782/782 - 4s - loss: 0.9477 - categorical_accuracy: 0.6370 - val_loss: 0.9346 - val_categorical_accuracy: 0.6440 - lr: 5.0000e-04 - 4s/epoch - 5ms/step
Epoch 42/100
782/782 - 4s - loss: 0.9472 - categorical_accuracy: 0.6371 - val_loss: 0.9342 - val_categorical_accuracy: 0.6442 - lr: 5.0000e-04 - 4s/epoch - 5ms/step
Epoch 43/100
782/782 - 4s - loss: 0.9466 - categorical_accuracy: 0.6374 - val_loss: 0.9336 - val_categorical_accuracy: 0.6443 - lr: 5.0000e-04 - 4s/epoch - 5ms/step
Epoch 44/100
782/782 - 4s - loss: 0.9460 - categorical_accuracy: 0.6378 - val_loss: 0.9331 - val_categorical_accuracy: 0.6445 - lr: 5.0000e-04 - 4s/epoch - 5ms/step
Epoch 45/100
782/782 - 4s - loss: 0.9455 - categorical_accuracy: 0.6381 - val_loss: 0.9328 - val_categorical_accuracy: 0.6446 - lr: 5.0000e-04 - 4s/epoch - 5ms/step
Epoch 46/100
782/782 - 4s - loss: 0.9450 - categorical_accuracy: 0.6383 - val_loss: 0.9324 - val_categorical_accuracy: 0.6448 - lr: 5.0000e-04 - 4s/epoch - 5ms/step
Epoch 47/100
782/782 - 4s - loss: 0.9446 - categorical_accuracy: 0.6384 - val_loss: 0.9323 - val_categorical_accuracy: 0.6450 - lr: 5.0000e-04 - 4s/epoch - 5ms/step
Epoch 48/100
782/782 - 4s - loss: 0.9440 - categorical_accuracy: 0.6386 - val_loss: 0.9313 - val_categorical_accuracy: 0.6457 - lr: 5.0000e-04 - 4s/epoch - 5ms/step
Epoch 49/100
782/782 - 4s - loss: 0.9435 - categorical_accuracy: 0.6389 - val_loss: 0.9308 - val_categorical_accuracy: 0.6458 - lr: 5.0000e-04 - 4s/epoch - 5ms/step
Epoch 50/100
782/782 - 4s - loss: 0.9430 - categorical_accuracy: 0.6390 - val_loss: 0.9305 - val_categorical_accuracy: 0.6461 - lr: 5.0000e-04 - 4s/epoch - 5ms/step
Epoch 51/100
782/782 - 4s - loss: 0.9424 - categorical_accuracy: 0.6391 - val_loss: 0.9299 - val_categorical_accuracy: 0.6462 - lr: 5.0000e-04 - 4s/epoch - 5ms/step
Epoch 52/100
782/782 - 4s - loss: 0.9420 - categorical_accuracy: 0.6393 - val_loss: 0.9292 - val_categorical_accuracy: 0.6466 - lr: 5.0000e-04 - 4s/epoch - 5ms/step
Epoch 53/100
782/782 - 4s - loss: 0.9415 - categorical_accuracy: 0.6393 - val_loss: 0.9291 - val_categorical_accuracy: 0.6466 - lr: 5.0000e-04 - 4s/epoch - 5ms/step
Epoch 54/100
782/782 - 4s - loss: 0.9410 - categorical_accuracy: 0.6395 - val_loss: 0.9286 - val_categorical_accuracy: 0.6468 - lr: 5.0000e-04 - 4s/epoch - 5ms/step
Epoch 55/100
782/782 - 4s - loss: 0.9406 - categorical_accuracy: 0.6397 - val_loss: 0.9285 - val_categorical_accuracy: 0.6468 - lr: 5.0000e-04 - 4s/epoch - 5ms/step
Epoch 56/100
782/782 - 4s - loss: 0.9403 - categorical_accuracy: 0.6397 - val_loss: 0.9281 - val_categorical_accuracy: 0.6471 - lr: 5.0000e-04 - 4s/epoch - 5ms/step
Epoch 57/100
782/782 - 4s - loss: 0.9399 - categorical_accuracy: 0.6399 - val_loss: 0.9279 - val_categorical_accuracy: 0.6471 - lr: 5.0000e-04 - 4s/epoch - 5ms/step
Epoch 58/100
782/782 - 4s - loss: 0.9396 - categorical_accuracy: 0.6399 - val_loss: 0.9275 - val_categorical_accuracy: 0.6472 - lr: 5.0000e-04 - 4s/epoch - 5ms/step
Epoch 59/100
782/782 - 4s - loss: 0.9393 - categorical_accuracy: 0.6400 - val_loss: 0.9267 - val_categorical_accuracy: 0.6474 - lr: 5.0000e-04 - 4s/epoch - 5ms/step
Epoch 60/100
782/782 - 4s - loss: 0.9389 - categorical_accuracy: 0.6401 - val_loss: 0.9272 - val_categorical_accuracy: 0.6472 - lr: 5.0000e-04 - 4s/epoch - 5ms/step
Epoch 61/100
782/782 - 4s - loss: 0.9385 - categorical_accuracy: 0.6402 - val_loss: 0.9266 - val_categorical_accuracy: 0.6475 - lr: 5.0000e-04 - 4s/epoch - 5ms/step
Epoch 62/100
782/782 - 4s - loss: 0.9381 - categorical_accuracy: 0.6403 - val_loss: 0.9266 - val_categorical_accuracy: 0.6472 - lr: 5.0000e-04 - 4s/epoch - 6ms/step
Epoch 63/100
782/782 - 4s - loss: 0.9378 - categorical_accuracy: 0.6405 - val_loss: 0.9265 - val_categorical_accuracy: 0.6473 - lr: 5.0000e-04 - 4s/epoch - 5ms/step
Epoch 64/100
782/782 - 4s - loss: 0.9374 - categorical_accuracy: 0.6407 - val_loss: 0.9260 - val_categorical_accuracy: 0.6475 - lr: 5.0000e-04 - 4s/epoch - 5ms/step
Epoch 65/100
782/782 - 4s - loss: 0.9371 - categorical_accuracy: 0.6407 - val_loss: 0.9257 - val_categorical_accuracy: 0.6476 - lr: 5.0000e-04 - 4s/epoch - 5ms/step
Epoch 66/100
782/782 - 4s - loss: 0.9368 - categorical_accuracy: 0.6409 - val_loss: 0.9258 - val_categorical_accuracy: 0.6478 - lr: 5.0000e-04 - 4s/epoch - 5ms/step
Epoch 67/100
782/782 - 4s - loss: 0.9365 - categorical_accuracy: 0.6409 - val_loss: 0.9254 - val_categorical_accuracy: 0.6478 - lr: 5.0000e-04 - 4s/epoch - 5ms/step
Epoch 68/100
782/782 - 4s - loss: 0.9362 - categorical_accuracy: 0.6412 - val_loss: 0.9248 - val_categorical_accuracy: 0.6483 - lr: 5.0000e-04 - 4s/epoch - 5ms/step
Epoch 69/100
782/782 - 4s - loss: 0.9358 - categorical_accuracy: 0.6412 - val_loss: 0.9251 - val_categorical_accuracy: 0.6481 - lr: 5.0000e-04 - 4s/epoch - 5ms/step
Epoch 70/100
782/782 - 4s - loss: 0.9355 - categorical_accuracy: 0.6413 - val_loss: 0.9253 - val_categorical_accuracy: 0.6477 - lr: 5.0000e-04 - 4s/epoch - 5ms/step
Epoch 71/100
782/782 - 4s - loss: 0.9352 - categorical_accuracy: 0.6414 - val_loss: 0.9251 - val_categorical_accuracy: 0.6477 - lr: 5.0000e-04 - 4s/epoch - 6ms/step
Epoch 72/100
782/782 - 4s - loss: 0.9349 - categorical_accuracy: 0.6415 - val_loss: 0.9250 - val_categorical_accuracy: 0.6477 - lr: 5.0000e-04 - 4s/epoch - 5ms/step
Epoch 73/100
782/782 - 4s - loss: 0.9346 - categorical_accuracy: 0.6415 - val_loss: 0.9247 - val_categorical_accuracy: 0.6477 - lr: 5.0000e-04 - 4s/epoch - 5ms/step
Epoch 74/100
782/782 - 4s - loss: 0.9343 - categorical_accuracy: 0.6418 - val_loss: 0.9249 - val_categorical_accuracy: 0.6476 - lr: 5.0000e-04 - 4s/epoch - 5ms/step
Epoch 75/100
782/782 - 4s - loss: 0.9340 - categorical_accuracy: 0.6417 - val_loss: 0.9249 - val_categorical_accuracy: 0.6475 - lr: 5.0000e-04 - 4s/epoch - 5ms/step
Epoch 76/100
782/782 - 4s - loss: 0.9337 - categorical_accuracy: 0.6420 - val_loss: 0.9239 - val_categorical_accuracy: 0.6482 - lr: 5.0000e-04 - 4s/epoch - 5ms/step
Epoch 77/100
782/782 - 4s - loss: 0.9334 - categorical_accuracy: 0.6421 - val_loss: 0.9239 - val_categorical_accuracy: 0.6478 - lr: 5.0000e-04 - 4s/epoch - 6ms/step
Epoch 78/100
782/782 - 4s - loss: 0.9331 - categorical_accuracy: 0.6423 - val_loss: 0.9241 - val_categorical_accuracy: 0.6476 - lr: 5.0000e-04 - 4s/epoch - 6ms/step
[95m
SAVING RESULTS[0m
==============
[92m
Saved model to: [0m trained_intnets/perm_invariant_conv_5
Loss vs epochs plot saved to trained_intnets/perm_invariant_conv_5.
Accuracy vs epochs plot saved to trained_intnets/perm_invariant_conv_5.
[92m
Jobs done! 🍰✨[0m
