[96m
GPU: NVIDIA GeForce GTX 1080 Ti[0m

----------------
[92mData loading complete:[0m
Training data size: 5.72e+05
Test data size: 0.00e+00
----------------

Shuffling constituents...
[92mShuffled the training data! 🃏
[0m
[92mNumber of constituents: 8[0m
Instantiating model...
[92mModel compiled and built![0m
[95m
TRAINING THE MODEL 💪[0m
==================
Epoch 1/100
782/782 - 8s - loss: 1.1629 - categorical_accuracy: 0.5387 - val_loss: 1.0906 - val_categorical_accuracy: 0.5783 - lr: 5.0000e-04 - 8s/epoch - 10ms/step
Epoch 2/100
782/782 - 4s - loss: 1.0660 - categorical_accuracy: 0.5883 - val_loss: 1.0447 - val_categorical_accuracy: 0.5934 - lr: 5.0000e-04 - 4s/epoch - 5ms/step
Epoch 3/100
782/782 - 4s - loss: 1.0433 - categorical_accuracy: 0.5972 - val_loss: 1.0263 - val_categorical_accuracy: 0.6053 - lr: 5.0000e-04 - 4s/epoch - 5ms/step
Epoch 4/100
782/782 - 4s - loss: 1.0332 - categorical_accuracy: 0.6011 - val_loss: 1.0332 - val_categorical_accuracy: 0.5927 - lr: 5.0000e-04 - 4s/epoch - 5ms/step
Epoch 5/100
782/782 - 4s - loss: 1.0157 - categorical_accuracy: 0.6086 - val_loss: 1.0162 - val_categorical_accuracy: 0.6024 - lr: 5.0000e-04 - 4s/epoch - 5ms/step
Epoch 6/100
782/782 - 4s - loss: 1.0081 - categorical_accuracy: 0.6117 - val_loss: 0.9888 - val_categorical_accuracy: 0.6229 - lr: 5.0000e-04 - 4s/epoch - 5ms/step
Epoch 7/100
782/782 - 4s - loss: 1.0014 - categorical_accuracy: 0.6149 - val_loss: 0.9953 - val_categorical_accuracy: 0.6176 - lr: 5.0000e-04 - 4s/epoch - 5ms/step
Epoch 8/100
782/782 - 4s - loss: 0.9937 - categorical_accuracy: 0.6186 - val_loss: 0.9748 - val_categorical_accuracy: 0.6272 - lr: 5.0000e-04 - 4s/epoch - 5ms/step
Epoch 9/100
782/782 - 4s - loss: 0.9877 - categorical_accuracy: 0.6215 - val_loss: 0.9699 - val_categorical_accuracy: 0.6307 - lr: 5.0000e-04 - 4s/epoch - 5ms/step
Epoch 10/100
782/782 - 4s - loss: 0.9855 - categorical_accuracy: 0.6221 - val_loss: 0.9674 - val_categorical_accuracy: 0.6315 - lr: 5.0000e-04 - 4s/epoch - 5ms/step
Epoch 11/100
782/782 - 4s - loss: 0.9824 - categorical_accuracy: 0.6231 - val_loss: 0.9643 - val_categorical_accuracy: 0.6344 - lr: 5.0000e-04 - 4s/epoch - 5ms/step
Epoch 12/100
782/782 - 4s - loss: 0.9788 - categorical_accuracy: 0.6249 - val_loss: 0.9711 - val_categorical_accuracy: 0.6296 - lr: 5.0000e-04 - 4s/epoch - 5ms/step
Epoch 13/100
782/782 - 4s - loss: 0.9765 - categorical_accuracy: 0.6260 - val_loss: 0.9725 - val_categorical_accuracy: 0.6273 - lr: 5.0000e-04 - 4s/epoch - 6ms/step
Epoch 14/100
782/782 - 4s - loss: 0.9721 - categorical_accuracy: 0.6279 - val_loss: 0.9633 - val_categorical_accuracy: 0.6332 - lr: 5.0000e-04 - 4s/epoch - 5ms/step
Epoch 15/100
782/782 - 4s - loss: 0.9707 - categorical_accuracy: 0.6290 - val_loss: 0.9674 - val_categorical_accuracy: 0.6306 - lr: 5.0000e-04 - 4s/epoch - 5ms/step
Epoch 16/100
782/782 - 4s - loss: 0.9686 - categorical_accuracy: 0.6289 - val_loss: 0.9561 - val_categorical_accuracy: 0.6362 - lr: 5.0000e-04 - 4s/epoch - 6ms/step
Epoch 17/100
782/782 - 4s - loss: 0.9682 - categorical_accuracy: 0.6295 - val_loss: 0.9563 - val_categorical_accuracy: 0.6359 - lr: 5.0000e-04 - 4s/epoch - 5ms/step
Epoch 18/100
782/782 - 4s - loss: 0.9656 - categorical_accuracy: 0.6302 - val_loss: 0.9516 - val_categorical_accuracy: 0.6384 - lr: 5.0000e-04 - 4s/epoch - 5ms/step
Epoch 19/100
782/782 - 4s - loss: 0.9622 - categorical_accuracy: 0.6315 - val_loss: 0.9589 - val_categorical_accuracy: 0.6338 - lr: 5.0000e-04 - 4s/epoch - 5ms/step
Epoch 20/100
782/782 - 4s - loss: 0.9619 - categorical_accuracy: 0.6318 - val_loss: 0.9523 - val_categorical_accuracy: 0.6369 - lr: 5.0000e-04 - 4s/epoch - 6ms/step
Epoch 21/100
782/782 - 4s - loss: 0.9618 - categorical_accuracy: 0.6311 - val_loss: 0.9452 - val_categorical_accuracy: 0.6409 - lr: 5.0000e-04 - 4s/epoch - 5ms/step
Epoch 22/100
782/782 - 4s - loss: 0.9612 - categorical_accuracy: 0.6317 - val_loss: 0.9491 - val_categorical_accuracy: 0.6360 - lr: 5.0000e-04 - 4s/epoch - 5ms/step
Epoch 23/100
782/782 - 4s - loss: 0.9608 - categorical_accuracy: 0.6313 - val_loss: 0.9435 - val_categorical_accuracy: 0.6410 - lr: 5.0000e-04 - 4s/epoch - 5ms/step
Epoch 24/100
782/782 - 4s - loss: 0.9583 - categorical_accuracy: 0.6327 - val_loss: 0.9460 - val_categorical_accuracy: 0.6369 - lr: 5.0000e-04 - 4s/epoch - 5ms/step
Epoch 25/100
782/782 - 6s - loss: 0.9583 - categorical_accuracy: 0.6329 - val_loss: 0.9435 - val_categorical_accuracy: 0.6399 - lr: 5.0000e-04 - 6s/epoch - 7ms/step
Epoch 26/100
782/782 - 5s - loss: 0.9555 - categorical_accuracy: 0.6339 - val_loss: 0.9393 - val_categorical_accuracy: 0.6421 - lr: 5.0000e-04 - 5s/epoch - 6ms/step
Epoch 27/100
782/782 - 4s - loss: 0.9563 - categorical_accuracy: 0.6334 - val_loss: 0.9397 - val_categorical_accuracy: 0.6427 - lr: 5.0000e-04 - 4s/epoch - 6ms/step
Epoch 28/100
782/782 - 4s - loss: 0.9559 - categorical_accuracy: 0.6330 - val_loss: 0.9410 - val_categorical_accuracy: 0.6426 - lr: 5.0000e-04 - 4s/epoch - 5ms/step
Epoch 29/100
782/782 - 4s - loss: 0.9527 - categorical_accuracy: 0.6352 - val_loss: 0.9419 - val_categorical_accuracy: 0.6410 - lr: 5.0000e-04 - 4s/epoch - 5ms/step
Epoch 30/100
782/782 - 4s - loss: 0.9553 - categorical_accuracy: 0.6336 - val_loss: 0.9410 - val_categorical_accuracy: 0.6417 - lr: 5.0000e-04 - 4s/epoch - 6ms/step
Epoch 31/100
782/782 - 4s - loss: 0.9522 - categorical_accuracy: 0.6344 - val_loss: 0.9349 - val_categorical_accuracy: 0.6453 - lr: 5.0000e-04 - 4s/epoch - 5ms/step
Epoch 32/100
782/782 - 4s - loss: 0.9513 - categorical_accuracy: 0.6352 - val_loss: 0.9347 - val_categorical_accuracy: 0.6449 - lr: 5.0000e-04 - 4s/epoch - 5ms/step
Epoch 33/100
782/782 - 4s - loss: 0.9495 - categorical_accuracy: 0.6359 - val_loss: 0.9471 - val_categorical_accuracy: 0.6376 - lr: 5.0000e-04 - 4s/epoch - 5ms/step
Epoch 34/100
782/782 - 4s - loss: 0.9506 - categorical_accuracy: 0.6350 - val_loss: 0.9427 - val_categorical_accuracy: 0.6390 - lr: 5.0000e-04 - 4s/epoch - 5ms/step
Epoch 35/100
782/782 - 4s - loss: 0.9518 - categorical_accuracy: 0.6342 - val_loss: 0.9356 - val_categorical_accuracy: 0.6447 - lr: 5.0000e-04 - 4s/epoch - 6ms/step
Epoch 36/100
782/782 - 4s - loss: 0.9498 - categorical_accuracy: 0.6357 - val_loss: 0.9407 - val_categorical_accuracy: 0.6414 - lr: 5.0000e-04 - 4s/epoch - 5ms/step
Epoch 37/100
782/782 - 4s - loss: 0.9491 - categorical_accuracy: 0.6362 - val_loss: 0.9491 - val_categorical_accuracy: 0.6358 - lr: 5.0000e-04 - 4s/epoch - 5ms/step
Epoch 38/100
782/782 - 4s - loss: 0.9498 - categorical_accuracy: 0.6356 - val_loss: 0.9387 - val_categorical_accuracy: 0.6424 - lr: 5.0000e-04 - 4s/epoch - 5ms/step
Epoch 39/100
782/782 - 4s - loss: 0.9490 - categorical_accuracy: 0.6361 - val_loss: 0.9568 - val_categorical_accuracy: 0.6323 - lr: 5.0000e-04 - 4s/epoch - 5ms/step
Epoch 40/100
782/782 - 5s - loss: 0.9491 - categorical_accuracy: 0.6362 - val_loss: 0.9340 - val_categorical_accuracy: 0.6437 - lr: 5.0000e-04 - 5s/epoch - 6ms/step
Epoch 41/100
782/782 - 4s - loss: 0.9451 - categorical_accuracy: 0.6374 - val_loss: 0.9411 - val_categorical_accuracy: 0.6378 - lr: 5.0000e-04 - 4s/epoch - 6ms/step
[95m
SAVING RESULTS[0m
==============
[92m
Saved model to: [0m trained_intnets/perm_invariant_conv_5
Loss vs epochs plot saved to trained_intnets/perm_invariant_conv_5.
Accuracy vs epochs plot saved to trained_intnets/perm_invariant_conv_5.
[92m
Jobs done! 🍰✨[0m
