[96m
GPU: NVIDIA GeForce GTX 1080 Ti[0m

----------------
[92mData loading complete:[0m
Training data size: 5.72e+05
Test data size: 0.00e+00
----------------

Shuffling constituents...
[92mShuffled the training data! 🃏
[0m
[92mNumber of constituents: 8
[0m
Instantiating model...
[92mModel compiled and built![0m
[95m
TRAINING THE MODEL 💪[0m
==================

Training parameters
-------------------
[92mOptimiser: 	[0m {'name': 'Adam', 'learning_rate': 0.0005, 'decay': 0.0, 'beta_1': 0.9, 'beta_2': 0.999, 'epsilon': 1e-07, 'amsgrad': False}
[92mBatch size: 	[0m 512
[92mTraining epochs:[0m 100
[92mLoss: 		[0m categorical_crossentropy

Epoch 1/100
782/782 - 8s - loss: 1.1629 - categorical_accuracy: 0.5386 - val_loss: 1.0903 - val_categorical_accuracy: 0.5785 - lr: 5.0000e-04 - 8s/epoch - 10ms/step
Epoch 2/100
782/782 - 4s - loss: 1.0659 - categorical_accuracy: 0.5883 - val_loss: 1.0440 - val_categorical_accuracy: 0.5942 - lr: 5.0000e-04 - 4s/epoch - 6ms/step
Epoch 3/100
782/782 - 4s - loss: 1.0431 - categorical_accuracy: 0.5972 - val_loss: 1.0262 - val_categorical_accuracy: 0.6052 - lr: 5.0000e-04 - 4s/epoch - 6ms/step
Epoch 4/100
782/782 - 4s - loss: 1.0328 - categorical_accuracy: 0.6014 - val_loss: 1.0348 - val_categorical_accuracy: 0.5920 - lr: 5.0000e-04 - 4s/epoch - 6ms/step
Epoch 5/100
782/782 - 4s - loss: 1.0150 - categorical_accuracy: 0.6091 - val_loss: 1.0168 - val_categorical_accuracy: 0.6020 - lr: 5.0000e-04 - 4s/epoch - 6ms/step
Epoch 6/100
782/782 - 4s - loss: 1.0075 - categorical_accuracy: 0.6121 - val_loss: 0.9879 - val_categorical_accuracy: 0.6237 - lr: 5.0000e-04 - 4s/epoch - 6ms/step
Epoch 7/100
782/782 - 4s - loss: 1.0006 - categorical_accuracy: 0.6153 - val_loss: 0.9951 - val_categorical_accuracy: 0.6176 - lr: 5.0000e-04 - 4s/epoch - 6ms/step
Epoch 8/100
782/782 - 4s - loss: 0.9934 - categorical_accuracy: 0.6188 - val_loss: 0.9751 - val_categorical_accuracy: 0.6269 - lr: 5.0000e-04 - 4s/epoch - 6ms/step
Epoch 9/100
782/782 - 4s - loss: 0.9873 - categorical_accuracy: 0.6218 - val_loss: 0.9695 - val_categorical_accuracy: 0.6306 - lr: 5.0000e-04 - 4s/epoch - 6ms/step
Epoch 10/100
782/782 - 4s - loss: 0.9852 - categorical_accuracy: 0.6222 - val_loss: 0.9672 - val_categorical_accuracy: 0.6323 - lr: 5.0000e-04 - 4s/epoch - 6ms/step
Epoch 11/100
782/782 - 4s - loss: 0.9823 - categorical_accuracy: 0.6233 - val_loss: 0.9642 - val_categorical_accuracy: 0.6343 - lr: 5.0000e-04 - 4s/epoch - 6ms/step
Epoch 12/100
782/782 - 4s - loss: 0.9787 - categorical_accuracy: 0.6248 - val_loss: 0.9714 - val_categorical_accuracy: 0.6295 - lr: 5.0000e-04 - 4s/epoch - 6ms/step
Epoch 13/100
782/782 - 4s - loss: 0.9761 - categorical_accuracy: 0.6262 - val_loss: 0.9726 - val_categorical_accuracy: 0.6271 - lr: 5.0000e-04 - 4s/epoch - 6ms/step
Epoch 14/100
782/782 - 4s - loss: 0.9716 - categorical_accuracy: 0.6283 - val_loss: 0.9631 - val_categorical_accuracy: 0.6334 - lr: 5.0000e-04 - 4s/epoch - 6ms/step
Epoch 15/100
782/782 - 4s - loss: 0.9704 - categorical_accuracy: 0.6288 - val_loss: 0.9659 - val_categorical_accuracy: 0.6315 - lr: 5.0000e-04 - 4s/epoch - 6ms/step
Epoch 16/100
782/782 - 4s - loss: 0.9684 - categorical_accuracy: 0.6289 - val_loss: 0.9567 - val_categorical_accuracy: 0.6357 - lr: 5.0000e-04 - 4s/epoch - 6ms/step
Epoch 17/100
782/782 - 5s - loss: 0.9678 - categorical_accuracy: 0.6296 - val_loss: 0.9565 - val_categorical_accuracy: 0.6359 - lr: 5.0000e-04 - 5s/epoch - 6ms/step
Epoch 18/100
782/782 - 5s - loss: 0.9650 - categorical_accuracy: 0.6304 - val_loss: 0.9507 - val_categorical_accuracy: 0.6391 - lr: 5.0000e-04 - 5s/epoch - 6ms/step
Epoch 19/100
782/782 - 4s - loss: 0.9617 - categorical_accuracy: 0.6318 - val_loss: 0.9586 - val_categorical_accuracy: 0.6340 - lr: 5.0000e-04 - 4s/epoch - 6ms/step
Epoch 20/100
782/782 - 4s - loss: 0.9614 - categorical_accuracy: 0.6323 - val_loss: 0.9525 - val_categorical_accuracy: 0.6361 - lr: 5.0000e-04 - 4s/epoch - 6ms/step
Epoch 21/100
782/782 - 4s - loss: 0.9617 - categorical_accuracy: 0.6310 - val_loss: 0.9440 - val_categorical_accuracy: 0.6415 - lr: 5.0000e-04 - 4s/epoch - 6ms/step
Epoch 22/100
782/782 - 5s - loss: 0.9610 - categorical_accuracy: 0.6317 - val_loss: 0.9489 - val_categorical_accuracy: 0.6365 - lr: 5.0000e-04 - 5s/epoch - 6ms/step
Epoch 23/100
782/782 - 4s - loss: 0.9607 - categorical_accuracy: 0.6308 - val_loss: 0.9434 - val_categorical_accuracy: 0.6408 - lr: 5.0000e-04 - 4s/epoch - 6ms/step
Epoch 24/100
782/782 - 4s - loss: 0.9582 - categorical_accuracy: 0.6329 - val_loss: 0.9446 - val_categorical_accuracy: 0.6382 - lr: 5.0000e-04 - 4s/epoch - 6ms/step
Epoch 25/100
782/782 - 4s - loss: 0.9583 - categorical_accuracy: 0.6332 - val_loss: 0.9444 - val_categorical_accuracy: 0.6392 - lr: 5.0000e-04 - 4s/epoch - 6ms/step
Epoch 26/100
782/782 - 4s - loss: 0.9555 - categorical_accuracy: 0.6339 - val_loss: 0.9386 - val_categorical_accuracy: 0.6433 - lr: 5.0000e-04 - 4s/epoch - 6ms/step
Epoch 27/100
782/782 - 4s - loss: 0.9568 - categorical_accuracy: 0.6328 - val_loss: 0.9394 - val_categorical_accuracy: 0.6427 - lr: 5.0000e-04 - 4s/epoch - 6ms/step
Epoch 28/100
782/782 - 4s - loss: 0.9563 - categorical_accuracy: 0.6334 - val_loss: 0.9427 - val_categorical_accuracy: 0.6417 - lr: 5.0000e-04 - 4s/epoch - 6ms/step
Epoch 29/100
782/782 - 4s - loss: 0.9530 - categorical_accuracy: 0.6344 - val_loss: 0.9411 - val_categorical_accuracy: 0.6407 - lr: 5.0000e-04 - 4s/epoch - 6ms/step
Epoch 30/100
782/782 - 4s - loss: 0.9560 - categorical_accuracy: 0.6328 - val_loss: 0.9406 - val_categorical_accuracy: 0.6421 - lr: 5.0000e-04 - 4s/epoch - 6ms/step
Epoch 31/100
782/782 - 4s - loss: 0.9526 - categorical_accuracy: 0.6344 - val_loss: 0.9348 - val_categorical_accuracy: 0.6454 - lr: 5.0000e-04 - 4s/epoch - 6ms/step
Epoch 32/100
782/782 - 5s - loss: 0.9515 - categorical_accuracy: 0.6351 - val_loss: 0.9353 - val_categorical_accuracy: 0.6443 - lr: 5.0000e-04 - 5s/epoch - 6ms/step
Epoch 33/100
782/782 - 4s - loss: 0.9499 - categorical_accuracy: 0.6357 - val_loss: 0.9454 - val_categorical_accuracy: 0.6391 - lr: 5.0000e-04 - 4s/epoch - 5ms/step
Epoch 34/100
782/782 - 4s - loss: 0.9509 - categorical_accuracy: 0.6350 - val_loss: 0.9420 - val_categorical_accuracy: 0.6399 - lr: 5.0000e-04 - 4s/epoch - 5ms/step
Epoch 35/100
782/782 - 4s - loss: 0.9524 - categorical_accuracy: 0.6343 - val_loss: 0.9376 - val_categorical_accuracy: 0.6440 - lr: 5.0000e-04 - 4s/epoch - 5ms/step
Epoch 36/100
782/782 - 4s - loss: 0.9501 - categorical_accuracy: 0.6353 - val_loss: 0.9403 - val_categorical_accuracy: 0.6411 - lr: 5.0000e-04 - 4s/epoch - 5ms/step
Epoch 37/100
782/782 - 4s - loss: 0.9497 - categorical_accuracy: 0.6355 - val_loss: 0.9515 - val_categorical_accuracy: 0.6349 - lr: 5.0000e-04 - 4s/epoch - 5ms/step
Epoch 38/100
782/782 - 4s - loss: 0.9504 - categorical_accuracy: 0.6353 - val_loss: 0.9392 - val_categorical_accuracy: 0.6421 - lr: 5.0000e-04 - 4s/epoch - 5ms/step
Epoch 39/100
782/782 - 4s - loss: 0.9491 - categorical_accuracy: 0.6358 - val_loss: 0.9581 - val_categorical_accuracy: 0.6310 - lr: 5.0000e-04 - 4s/epoch - 5ms/step
Epoch 40/100
782/782 - 4s - loss: 0.9495 - categorical_accuracy: 0.6360 - val_loss: 0.9351 - val_categorical_accuracy: 0.6425 - lr: 5.0000e-04 - 4s/epoch - 5ms/step
Epoch 41/100
782/782 - 4s - loss: 0.9453 - categorical_accuracy: 0.6375 - val_loss: 0.9412 - val_categorical_accuracy: 0.6373 - lr: 5.0000e-04 - 4s/epoch - 5ms/step
[95m
SAVING RESULTS[0m
==============
[92m
Saved model to: [0m trained_intnets/perm_invariant_conv_5
Loss vs epochs plot saved to trained_intnets/perm_invariant_conv_5.
Accuracy vs epochs plot saved to trained_intnets/perm_invariant_conv_5.
[92m
Jobs done! 🍰✨[0m
