[96m
GPU: NVIDIA GeForce GTX 1080 Ti[0m

----------------
[92mData loading complete:[0m
Training data size: 5.72e+05
Test data size: 0.00e+00
----------------

Shuffling constituents...
[92mShuffled the training data! 🃏
[0m
[92mNumber of constituents: 8[0m
Instantiating model...
[92mModel compiled and built![0m
[95m
TRAINING THE MODEL 💪[0m
==================

Training parameters
-------------------
[92mOptimiser: 	[0m {'name': 'Adam', 'learning_rate': 0.0005, 'decay': 0.0, 'beta_1': 0.9, 'beta_2': 0.999, 'epsilon': 1e-07, 'amsgrad': False}
[92mBatch size: 	[0m 512
[92mTraining epochs:[0m 100
[92mLoss: 		[0m categorical_crossentropy

Epoch 1/100
782/782 - 8s - loss: 1.1659 - categorical_accuracy: 0.5362 - val_loss: 1.0824 - val_categorical_accuracy: 0.5837 - lr: 5.0000e-04 - 8s/epoch - 10ms/step
Epoch 2/100
782/782 - 5s - loss: 1.0665 - categorical_accuracy: 0.5890 - val_loss: 1.0419 - val_categorical_accuracy: 0.6036 - lr: 5.0000e-04 - 5s/epoch - 6ms/step
Epoch 3/100
782/782 - 7s - loss: 1.0450 - categorical_accuracy: 0.5987 - val_loss: 1.0242 - val_categorical_accuracy: 0.6100 - lr: 5.0000e-04 - 7s/epoch - 8ms/step
Epoch 4/100
782/782 - 5s - loss: 1.0304 - categorical_accuracy: 0.6046 - val_loss: 1.0096 - val_categorical_accuracy: 0.6153 - lr: 5.0000e-04 - 5s/epoch - 6ms/step
Epoch 5/100
782/782 - 5s - loss: 1.0199 - categorical_accuracy: 0.6092 - val_loss: 1.0000 - val_categorical_accuracy: 0.6184 - lr: 5.0000e-04 - 5s/epoch - 6ms/step
Epoch 6/100
782/782 - 5s - loss: 1.0120 - categorical_accuracy: 0.6124 - val_loss: 0.9919 - val_categorical_accuracy: 0.6214 - lr: 5.0000e-04 - 5s/epoch - 6ms/step
Epoch 7/100
782/782 - 4s - loss: 1.0051 - categorical_accuracy: 0.6153 - val_loss: 0.9851 - val_categorical_accuracy: 0.6240 - lr: 5.0000e-04 - 4s/epoch - 5ms/step
Epoch 8/100
782/782 - 4s - loss: 0.9993 - categorical_accuracy: 0.6174 - val_loss: 0.9797 - val_categorical_accuracy: 0.6258 - lr: 5.0000e-04 - 4s/epoch - 5ms/step
Epoch 9/100
782/782 - 4s - loss: 0.9944 - categorical_accuracy: 0.6196 - val_loss: 0.9748 - val_categorical_accuracy: 0.6284 - lr: 5.0000e-04 - 4s/epoch - 6ms/step
Epoch 10/100
782/782 - 4s - loss: 0.9902 - categorical_accuracy: 0.6212 - val_loss: 0.9710 - val_categorical_accuracy: 0.6301 - lr: 5.0000e-04 - 4s/epoch - 6ms/step
Epoch 11/100
782/782 - 4s - loss: 0.9864 - categorical_accuracy: 0.6228 - val_loss: 0.9673 - val_categorical_accuracy: 0.6319 - lr: 5.0000e-04 - 4s/epoch - 5ms/step
Epoch 12/100
782/782 - 4s - loss: 0.9829 - categorical_accuracy: 0.6243 - val_loss: 0.9638 - val_categorical_accuracy: 0.6337 - lr: 5.0000e-04 - 4s/epoch - 5ms/step
Epoch 13/100
782/782 - 4s - loss: 0.9797 - categorical_accuracy: 0.6255 - val_loss: 0.9605 - val_categorical_accuracy: 0.6356 - lr: 5.0000e-04 - 4s/epoch - 6ms/step
Epoch 14/100
782/782 - 4s - loss: 0.9766 - categorical_accuracy: 0.6269 - val_loss: 0.9581 - val_categorical_accuracy: 0.6368 - lr: 5.0000e-04 - 4s/epoch - 5ms/step
Epoch 15/100
782/782 - 4s - loss: 0.9739 - categorical_accuracy: 0.6279 - val_loss: 0.9557 - val_categorical_accuracy: 0.6372 - lr: 5.0000e-04 - 4s/epoch - 5ms/step
Epoch 16/100
782/782 - 4s - loss: 0.9714 - categorical_accuracy: 0.6289 - val_loss: 0.9535 - val_categorical_accuracy: 0.6381 - lr: 5.0000e-04 - 4s/epoch - 5ms/step
Epoch 17/100
782/782 - 4s - loss: 0.9690 - categorical_accuracy: 0.6297 - val_loss: 0.9515 - val_categorical_accuracy: 0.6391 - lr: 5.0000e-04 - 4s/epoch - 5ms/step
Epoch 18/100
782/782 - 4s - loss: 0.9672 - categorical_accuracy: 0.6302 - val_loss: 0.9500 - val_categorical_accuracy: 0.6392 - lr: 5.0000e-04 - 4s/epoch - 5ms/step
Epoch 19/100
782/782 - 4s - loss: 0.9656 - categorical_accuracy: 0.6308 - val_loss: 0.9484 - val_categorical_accuracy: 0.6398 - lr: 5.0000e-04 - 4s/epoch - 5ms/step
Epoch 20/100
782/782 - 4s - loss: 0.9642 - categorical_accuracy: 0.6314 - val_loss: 0.9472 - val_categorical_accuracy: 0.6401 - lr: 5.0000e-04 - 4s/epoch - 5ms/step
Epoch 21/100
782/782 - 4s - loss: 0.9629 - categorical_accuracy: 0.6318 - val_loss: 0.9465 - val_categorical_accuracy: 0.6403 - lr: 5.0000e-04 - 4s/epoch - 5ms/step
Epoch 22/100
782/782 - 4s - loss: 0.9617 - categorical_accuracy: 0.6323 - val_loss: 0.9460 - val_categorical_accuracy: 0.6405 - lr: 5.0000e-04 - 4s/epoch - 5ms/step
Epoch 23/100
782/782 - 4s - loss: 0.9606 - categorical_accuracy: 0.6326 - val_loss: 0.9450 - val_categorical_accuracy: 0.6408 - lr: 5.0000e-04 - 4s/epoch - 5ms/step
Epoch 24/100
782/782 - 4s - loss: 0.9597 - categorical_accuracy: 0.6328 - val_loss: 0.9443 - val_categorical_accuracy: 0.6414 - lr: 5.0000e-04 - 4s/epoch - 5ms/step
Epoch 25/100
782/782 - 4s - loss: 0.9588 - categorical_accuracy: 0.6333 - val_loss: 0.9436 - val_categorical_accuracy: 0.6415 - lr: 5.0000e-04 - 4s/epoch - 5ms/step
Epoch 26/100
782/782 - 4s - loss: 0.9579 - categorical_accuracy: 0.6335 - val_loss: 0.9427 - val_categorical_accuracy: 0.6416 - lr: 5.0000e-04 - 4s/epoch - 5ms/step
Epoch 27/100
782/782 - 4s - loss: 0.9571 - categorical_accuracy: 0.6337 - val_loss: 0.9419 - val_categorical_accuracy: 0.6421 - lr: 5.0000e-04 - 4s/epoch - 5ms/step
Epoch 28/100
782/782 - 4s - loss: 0.9564 - categorical_accuracy: 0.6338 - val_loss: 0.9415 - val_categorical_accuracy: 0.6424 - lr: 5.0000e-04 - 4s/epoch - 5ms/step
Epoch 29/100
782/782 - 4s - loss: 0.9556 - categorical_accuracy: 0.6339 - val_loss: 0.9412 - val_categorical_accuracy: 0.6424 - lr: 5.0000e-04 - 4s/epoch - 5ms/step
Epoch 30/100
782/782 - 4s - loss: 0.9549 - categorical_accuracy: 0.6341 - val_loss: 0.9409 - val_categorical_accuracy: 0.6424 - lr: 5.0000e-04 - 4s/epoch - 5ms/step
Epoch 31/100
782/782 - 4s - loss: 0.9543 - categorical_accuracy: 0.6345 - val_loss: 0.9399 - val_categorical_accuracy: 0.6431 - lr: 5.0000e-04 - 4s/epoch - 5ms/step
Epoch 32/100
782/782 - 4s - loss: 0.9536 - categorical_accuracy: 0.6348 - val_loss: 0.9400 - val_categorical_accuracy: 0.6426 - lr: 5.0000e-04 - 4s/epoch - 5ms/step
Epoch 33/100
782/782 - 4s - loss: 0.9530 - categorical_accuracy: 0.6350 - val_loss: 0.9396 - val_categorical_accuracy: 0.6428 - lr: 5.0000e-04 - 4s/epoch - 5ms/step
Epoch 34/100
782/782 - 4s - loss: 0.9525 - categorical_accuracy: 0.6351 - val_loss: 0.9388 - val_categorical_accuracy: 0.6432 - lr: 5.0000e-04 - 4s/epoch - 5ms/step
Epoch 35/100
782/782 - 4s - loss: 0.9518 - categorical_accuracy: 0.6354 - val_loss: 0.9379 - val_categorical_accuracy: 0.6437 - lr: 5.0000e-04 - 4s/epoch - 5ms/step
Epoch 36/100
782/782 - 4s - loss: 0.9512 - categorical_accuracy: 0.6355 - val_loss: 0.9376 - val_categorical_accuracy: 0.6434 - lr: 5.0000e-04 - 4s/epoch - 5ms/step
Epoch 37/100
782/782 - 4s - loss: 0.9506 - categorical_accuracy: 0.6358 - val_loss: 0.9372 - val_categorical_accuracy: 0.6440 - lr: 5.0000e-04 - 4s/epoch - 5ms/step
Epoch 38/100
782/782 - 4s - loss: 0.9501 - categorical_accuracy: 0.6360 - val_loss: 0.9367 - val_categorical_accuracy: 0.6443 - lr: 5.0000e-04 - 4s/epoch - 5ms/step
Epoch 39/100
782/782 - 4s - loss: 0.9495 - categorical_accuracy: 0.6363 - val_loss: 0.9361 - val_categorical_accuracy: 0.6445 - lr: 5.0000e-04 - 4s/epoch - 5ms/step
Epoch 40/100
782/782 - 4s - loss: 0.9490 - categorical_accuracy: 0.6366 - val_loss: 0.9359 - val_categorical_accuracy: 0.6445 - lr: 5.0000e-04 - 4s/epoch - 5ms/step
Epoch 41/100
782/782 - 4s - loss: 0.9485 - categorical_accuracy: 0.6368 - val_loss: 0.9355 - val_categorical_accuracy: 0.6444 - lr: 5.0000e-04 - 4s/epoch - 5ms/step
Epoch 42/100
782/782 - 4s - loss: 0.9480 - categorical_accuracy: 0.6370 - val_loss: 0.9352 - val_categorical_accuracy: 0.6446 - lr: 5.0000e-04 - 4s/epoch - 6ms/step
Epoch 43/100
782/782 - 4s - loss: 0.9475 - categorical_accuracy: 0.6372 - val_loss: 0.9357 - val_categorical_accuracy: 0.6442 - lr: 5.0000e-04 - 4s/epoch - 6ms/step
Epoch 44/100
782/782 - 6s - loss: 0.9471 - categorical_accuracy: 0.6373 - val_loss: 0.9351 - val_categorical_accuracy: 0.6443 - lr: 5.0000e-04 - 6s/epoch - 8ms/step
Epoch 45/100
782/782 - 4s - loss: 0.9466 - categorical_accuracy: 0.6375 - val_loss: 0.9347 - val_categorical_accuracy: 0.6444 - lr: 5.0000e-04 - 4s/epoch - 5ms/step
Epoch 46/100
782/782 - 4s - loss: 0.9461 - categorical_accuracy: 0.6377 - val_loss: 0.9344 - val_categorical_accuracy: 0.6446 - lr: 5.0000e-04 - 4s/epoch - 5ms/step
Epoch 47/100
782/782 - 4s - loss: 0.9457 - categorical_accuracy: 0.6379 - val_loss: 0.9336 - val_categorical_accuracy: 0.6448 - lr: 5.0000e-04 - 4s/epoch - 5ms/step
Epoch 48/100
782/782 - 4s - loss: 0.9452 - categorical_accuracy: 0.6382 - val_loss: 0.9328 - val_categorical_accuracy: 0.6455 - lr: 5.0000e-04 - 4s/epoch - 5ms/step
Epoch 49/100
782/782 - 4s - loss: 0.9448 - categorical_accuracy: 0.6383 - val_loss: 0.9324 - val_categorical_accuracy: 0.6454 - lr: 5.0000e-04 - 4s/epoch - 5ms/step
Epoch 50/100
782/782 - 4s - loss: 0.9444 - categorical_accuracy: 0.6385 - val_loss: 0.9320 - val_categorical_accuracy: 0.6457 - lr: 5.0000e-04 - 4s/epoch - 5ms/step
Epoch 51/100
782/782 - 4s - loss: 0.9440 - categorical_accuracy: 0.6386 - val_loss: 0.9314 - val_categorical_accuracy: 0.6459 - lr: 5.0000e-04 - 4s/epoch - 5ms/step
Epoch 52/100
782/782 - 4s - loss: 0.9436 - categorical_accuracy: 0.6387 - val_loss: 0.9319 - val_categorical_accuracy: 0.6455 - lr: 5.0000e-04 - 4s/epoch - 5ms/step
Epoch 53/100
782/782 - 4s - loss: 0.9432 - categorical_accuracy: 0.6387 - val_loss: 0.9315 - val_categorical_accuracy: 0.6456 - lr: 5.0000e-04 - 4s/epoch - 5ms/step
Epoch 54/100
782/782 - 4s - loss: 0.9428 - categorical_accuracy: 0.6389 - val_loss: 0.9315 - val_categorical_accuracy: 0.6457 - lr: 5.0000e-04 - 4s/epoch - 5ms/step
Epoch 55/100
782/782 - 4s - loss: 0.9424 - categorical_accuracy: 0.6392 - val_loss: 0.9308 - val_categorical_accuracy: 0.6457 - lr: 5.0000e-04 - 4s/epoch - 5ms/step
Epoch 56/100
782/782 - 4s - loss: 0.9420 - categorical_accuracy: 0.6392 - val_loss: 0.9302 - val_categorical_accuracy: 0.6460 - lr: 5.0000e-04 - 4s/epoch - 5ms/step
Epoch 57/100
782/782 - 4s - loss: 0.9416 - categorical_accuracy: 0.6394 - val_loss: 0.9303 - val_categorical_accuracy: 0.6460 - lr: 5.0000e-04 - 4s/epoch - 5ms/step
Epoch 58/100
782/782 - 4s - loss: 0.9412 - categorical_accuracy: 0.6396 - val_loss: 0.9295 - val_categorical_accuracy: 0.6463 - lr: 5.0000e-04 - 4s/epoch - 5ms/step
Epoch 59/100
782/782 - 4s - loss: 0.9407 - categorical_accuracy: 0.6398 - val_loss: 0.9293 - val_categorical_accuracy: 0.6467 - lr: 5.0000e-04 - 4s/epoch - 5ms/step
Epoch 60/100
782/782 - 4s - loss: 0.9404 - categorical_accuracy: 0.6399 - val_loss: 0.9295 - val_categorical_accuracy: 0.6463 - lr: 5.0000e-04 - 4s/epoch - 5ms/step
Epoch 61/100
782/782 - 4s - loss: 0.9401 - categorical_accuracy: 0.6400 - val_loss: 0.9293 - val_categorical_accuracy: 0.6463 - lr: 5.0000e-04 - 4s/epoch - 5ms/step
Epoch 62/100
782/782 - 4s - loss: 0.9397 - categorical_accuracy: 0.6401 - val_loss: 0.9302 - val_categorical_accuracy: 0.6458 - lr: 5.0000e-04 - 4s/epoch - 5ms/step
Epoch 63/100
782/782 - 4s - loss: 0.9394 - categorical_accuracy: 0.6404 - val_loss: 0.9297 - val_categorical_accuracy: 0.6460 - lr: 5.0000e-04 - 4s/epoch - 5ms/step
Epoch 64/100
782/782 - 4s - loss: 0.9390 - categorical_accuracy: 0.6405 - val_loss: 0.9301 - val_categorical_accuracy: 0.6455 - lr: 5.0000e-04 - 4s/epoch - 5ms/step
Epoch 65/100
782/782 - 4s - loss: 0.9387 - categorical_accuracy: 0.6406 - val_loss: 0.9295 - val_categorical_accuracy: 0.6461 - lr: 5.0000e-04 - 4s/epoch - 5ms/step
Epoch 66/100
782/782 - 4s - loss: 0.9383 - categorical_accuracy: 0.6407 - val_loss: 0.9293 - val_categorical_accuracy: 0.6459 - lr: 5.0000e-04 - 4s/epoch - 5ms/step
Epoch 67/100
782/782 - 4s - loss: 0.9380 - categorical_accuracy: 0.6408 - val_loss: 0.9294 - val_categorical_accuracy: 0.6456 - lr: 5.0000e-04 - 4s/epoch - 5ms/step
Epoch 68/100
782/782 - 4s - loss: 0.9377 - categorical_accuracy: 0.6407 - val_loss: 0.9286 - val_categorical_accuracy: 0.6461 - lr: 5.0000e-04 - 4s/epoch - 5ms/step
Epoch 69/100
782/782 - 4s - loss: 0.9374 - categorical_accuracy: 0.6409 - val_loss: 0.9293 - val_categorical_accuracy: 0.6456 - lr: 5.0000e-04 - 4s/epoch - 5ms/step
[95m
SAVING RESULTS[0m
==============
[92m
Saved model to: [0m trained_intnets/perm_invariant_conv_5
Loss vs epochs plot saved to trained_intnets/perm_invariant_conv_5.
Accuracy vs epochs plot saved to trained_intnets/perm_invariant_conv_5.
[92m
Jobs done! 🍰✨[0m
