[96m
GPU: NVIDIA GeForce GTX 1080 Ti[0m

----------------
[92mData loading complete:[0m
Training data size: 5.72e+05
Test data size: 0.00e+00
----------------

Shuffling constituents...
[92mShuffled the training data! 🃏
[0m
[92mNumber of constituents: 8[0m
Instantiating model...
[92mModel compiled and built![0m
[95m
TRAINING THE MODEL 💪[0m
==================
Epoch 1/100
782/782 - 9s - loss: 1.1629 - categorical_accuracy: 0.5387 - val_loss: 1.0907 - val_categorical_accuracy: 0.5783 - lr: 5.0000e-04 - 9s/epoch - 12ms/step
Epoch 2/100
782/782 - 4s - loss: 1.0659 - categorical_accuracy: 0.5883 - val_loss: 1.0445 - val_categorical_accuracy: 0.5938 - lr: 5.0000e-04 - 4s/epoch - 6ms/step
Epoch 3/100
782/782 - 4s - loss: 1.0432 - categorical_accuracy: 0.5974 - val_loss: 1.0261 - val_categorical_accuracy: 0.6054 - lr: 5.0000e-04 - 4s/epoch - 6ms/step
Epoch 4/100
782/782 - 4s - loss: 1.0330 - categorical_accuracy: 0.6012 - val_loss: 1.0334 - val_categorical_accuracy: 0.5926 - lr: 5.0000e-04 - 4s/epoch - 6ms/step
Epoch 5/100
782/782 - 4s - loss: 1.0150 - categorical_accuracy: 0.6088 - val_loss: 1.0178 - val_categorical_accuracy: 0.6016 - lr: 5.0000e-04 - 4s/epoch - 6ms/step
Epoch 6/100
782/782 - 4s - loss: 1.0076 - categorical_accuracy: 0.6119 - val_loss: 0.9879 - val_categorical_accuracy: 0.6233 - lr: 5.0000e-04 - 4s/epoch - 6ms/step
Epoch 7/100
782/782 - 4s - loss: 1.0008 - categorical_accuracy: 0.6150 - val_loss: 0.9956 - val_categorical_accuracy: 0.6173 - lr: 5.0000e-04 - 4s/epoch - 6ms/step
Epoch 8/100
782/782 - 4s - loss: 0.9932 - categorical_accuracy: 0.6187 - val_loss: 0.9746 - val_categorical_accuracy: 0.6271 - lr: 5.0000e-04 - 4s/epoch - 6ms/step
Epoch 9/100
782/782 - 4s - loss: 0.9872 - categorical_accuracy: 0.6217 - val_loss: 0.9696 - val_categorical_accuracy: 0.6302 - lr: 5.0000e-04 - 4s/epoch - 6ms/step
Epoch 10/100
782/782 - 4s - loss: 0.9851 - categorical_accuracy: 0.6220 - val_loss: 0.9672 - val_categorical_accuracy: 0.6323 - lr: 5.0000e-04 - 4s/epoch - 6ms/step
Epoch 11/100
782/782 - 4s - loss: 0.9821 - categorical_accuracy: 0.6231 - val_loss: 0.9642 - val_categorical_accuracy: 0.6343 - lr: 5.0000e-04 - 4s/epoch - 6ms/step
Epoch 12/100
782/782 - 4s - loss: 0.9785 - categorical_accuracy: 0.6249 - val_loss: 0.9703 - val_categorical_accuracy: 0.6300 - lr: 5.0000e-04 - 4s/epoch - 6ms/step
Epoch 13/100
782/782 - 4s - loss: 0.9761 - categorical_accuracy: 0.6264 - val_loss: 0.9732 - val_categorical_accuracy: 0.6269 - lr: 5.0000e-04 - 4s/epoch - 6ms/step
Epoch 14/100
782/782 - 4s - loss: 0.9716 - categorical_accuracy: 0.6281 - val_loss: 0.9627 - val_categorical_accuracy: 0.6336 - lr: 5.0000e-04 - 4s/epoch - 6ms/step
Epoch 15/100
782/782 - 4s - loss: 0.9703 - categorical_accuracy: 0.6291 - val_loss: 0.9657 - val_categorical_accuracy: 0.6317 - lr: 5.0000e-04 - 4s/epoch - 6ms/step
Epoch 16/100
782/782 - 4s - loss: 0.9682 - categorical_accuracy: 0.6291 - val_loss: 0.9560 - val_categorical_accuracy: 0.6362 - lr: 5.0000e-04 - 4s/epoch - 6ms/step
Epoch 17/100
782/782 - 4s - loss: 0.9678 - categorical_accuracy: 0.6295 - val_loss: 0.9567 - val_categorical_accuracy: 0.6357 - lr: 5.0000e-04 - 4s/epoch - 6ms/step
Epoch 18/100
782/782 - 4s - loss: 0.9651 - categorical_accuracy: 0.6304 - val_loss: 0.9507 - val_categorical_accuracy: 0.6392 - lr: 5.0000e-04 - 4s/epoch - 6ms/step
Epoch 19/100
782/782 - 4s - loss: 0.9618 - categorical_accuracy: 0.6318 - val_loss: 0.9592 - val_categorical_accuracy: 0.6336 - lr: 5.0000e-04 - 4s/epoch - 6ms/step
Epoch 20/100
782/782 - 4s - loss: 0.9617 - categorical_accuracy: 0.6316 - val_loss: 0.9519 - val_categorical_accuracy: 0.6372 - lr: 5.0000e-04 - 4s/epoch - 6ms/step
Epoch 21/100
782/782 - 4s - loss: 0.9617 - categorical_accuracy: 0.6309 - val_loss: 0.9450 - val_categorical_accuracy: 0.6412 - lr: 5.0000e-04 - 4s/epoch - 6ms/step
Epoch 22/100
782/782 - 4s - loss: 0.9611 - categorical_accuracy: 0.6318 - val_loss: 0.9496 - val_categorical_accuracy: 0.6368 - lr: 5.0000e-04 - 4s/epoch - 6ms/step
Epoch 23/100
782/782 - 4s - loss: 0.9607 - categorical_accuracy: 0.6309 - val_loss: 0.9435 - val_categorical_accuracy: 0.6413 - lr: 5.0000e-04 - 4s/epoch - 6ms/step
Epoch 24/100
782/782 - 4s - loss: 0.9583 - categorical_accuracy: 0.6327 - val_loss: 0.9453 - val_categorical_accuracy: 0.6377 - lr: 5.0000e-04 - 4s/epoch - 6ms/step
Epoch 25/100
782/782 - 4s - loss: 0.9582 - categorical_accuracy: 0.6332 - val_loss: 0.9443 - val_categorical_accuracy: 0.6399 - lr: 5.0000e-04 - 4s/epoch - 6ms/step
Epoch 26/100
782/782 - 4s - loss: 0.9559 - categorical_accuracy: 0.6338 - val_loss: 0.9391 - val_categorical_accuracy: 0.6431 - lr: 5.0000e-04 - 4s/epoch - 6ms/step
Epoch 27/100
782/782 - 4s - loss: 0.9566 - categorical_accuracy: 0.6332 - val_loss: 0.9394 - val_categorical_accuracy: 0.6429 - lr: 5.0000e-04 - 4s/epoch - 6ms/step
Epoch 28/100
782/782 - 4s - loss: 0.9562 - categorical_accuracy: 0.6333 - val_loss: 0.9407 - val_categorical_accuracy: 0.6434 - lr: 5.0000e-04 - 4s/epoch - 6ms/step
Epoch 29/100
782/782 - 4s - loss: 0.9531 - categorical_accuracy: 0.6347 - val_loss: 0.9415 - val_categorical_accuracy: 0.6410 - lr: 5.0000e-04 - 4s/epoch - 6ms/step
Epoch 30/100
782/782 - 4s - loss: 0.9556 - categorical_accuracy: 0.6332 - val_loss: 0.9411 - val_categorical_accuracy: 0.6417 - lr: 5.0000e-04 - 4s/epoch - 6ms/step
Epoch 31/100
782/782 - 4s - loss: 0.9525 - categorical_accuracy: 0.6346 - val_loss: 0.9351 - val_categorical_accuracy: 0.6454 - lr: 5.0000e-04 - 4s/epoch - 6ms/step
Epoch 32/100
782/782 - 4s - loss: 0.9516 - categorical_accuracy: 0.6351 - val_loss: 0.9352 - val_categorical_accuracy: 0.6443 - lr: 5.0000e-04 - 4s/epoch - 6ms/step
Epoch 33/100
782/782 - 4s - loss: 0.9500 - categorical_accuracy: 0.6356 - val_loss: 0.9454 - val_categorical_accuracy: 0.6389 - lr: 5.0000e-04 - 4s/epoch - 6ms/step
Epoch 34/100
782/782 - 5s - loss: 0.9508 - categorical_accuracy: 0.6353 - val_loss: 0.9421 - val_categorical_accuracy: 0.6399 - lr: 5.0000e-04 - 5s/epoch - 7ms/step
Epoch 35/100
782/782 - 4s - loss: 0.9521 - categorical_accuracy: 0.6344 - val_loss: 0.9380 - val_categorical_accuracy: 0.6437 - lr: 5.0000e-04 - 4s/epoch - 6ms/step
Epoch 36/100
782/782 - 4s - loss: 0.9501 - categorical_accuracy: 0.6352 - val_loss: 0.9391 - val_categorical_accuracy: 0.6424 - lr: 5.0000e-04 - 4s/epoch - 6ms/step
Epoch 37/100
782/782 - 4s - loss: 0.9497 - categorical_accuracy: 0.6358 - val_loss: 0.9513 - val_categorical_accuracy: 0.6349 - lr: 5.0000e-04 - 4s/epoch - 6ms/step
Epoch 38/100
782/782 - 4s - loss: 0.9504 - categorical_accuracy: 0.6353 - val_loss: 0.9382 - val_categorical_accuracy: 0.6436 - lr: 5.0000e-04 - 4s/epoch - 6ms/step
Epoch 39/100
782/782 - 4s - loss: 0.9492 - categorical_accuracy: 0.6360 - val_loss: 0.9580 - val_categorical_accuracy: 0.6320 - lr: 5.0000e-04 - 4s/epoch - 6ms/step
Epoch 40/100
782/782 - 4s - loss: 0.9495 - categorical_accuracy: 0.6358 - val_loss: 0.9361 - val_categorical_accuracy: 0.6421 - lr: 5.0000e-04 - 4s/epoch - 5ms/step
Epoch 41/100
782/782 - 5s - loss: 0.9457 - categorical_accuracy: 0.6374 - val_loss: 0.9410 - val_categorical_accuracy: 0.6371 - lr: 5.0000e-04 - 5s/epoch - 6ms/step
[95m
SAVING RESULTS[0m
==============
[92m
Saved model to: [0m trained_intnets/perm_invariant_conv_4
Loss vs epochs plot saved to trained_intnets/perm_invariant_conv_4.
Accuracy vs epochs plot saved to trained_intnets/perm_invariant_conv_4.
[92m
Jobs done! 🍰✨[0m
