[96m
GPU: NVIDIA GeForce GTX 1080 Ti[0m

----------------
[92mData loading complete:[0m
Training data size: 5.72e+05
Test data size: 0.00e+00
----------------

Shuffling constituents...
[92mShuffled the training data! 🃏
[0m
[92mNumber of constituents: 8
[0m
Instantiating model...
[92mModel compiled and built![0m
[95m
TRAINING THE MODEL 💪[0m
==================

Training parameters
-------------------
[92mOptimiser: 	[0m {'name': 'Adam', 'learning_rate': 0.0005, 'decay': 0.0, 'beta_1': 0.9, 'beta_2': 0.999, 'epsilon': 1e-07, 'amsgrad': False}
[92mBatch size: 	[0m 512
[92mTraining epochs:[0m 100
[92mLoss: 		[0m categorical_crossentropy

Epoch 1/100
782/782 - 8s - loss: 1.1628 - categorical_accuracy: 0.5388 - val_loss: 1.0897 - val_categorical_accuracy: 0.5793 - lr: 5.0000e-04 - 8s/epoch - 10ms/step
Epoch 2/100
782/782 - 4s - loss: 1.0655 - categorical_accuracy: 0.5884 - val_loss: 1.0437 - val_categorical_accuracy: 0.5946 - lr: 5.0000e-04 - 4s/epoch - 5ms/step
Epoch 3/100
782/782 - 4s - loss: 1.0428 - categorical_accuracy: 0.5977 - val_loss: 1.0254 - val_categorical_accuracy: 0.6059 - lr: 5.0000e-04 - 4s/epoch - 5ms/step
Epoch 4/100
782/782 - 4s - loss: 1.0325 - categorical_accuracy: 0.6014 - val_loss: 1.0362 - val_categorical_accuracy: 0.5896 - lr: 5.0000e-04 - 4s/epoch - 5ms/step
Epoch 5/100
782/782 - 4s - loss: 1.0151 - categorical_accuracy: 0.6088 - val_loss: 1.0155 - val_categorical_accuracy: 0.6037 - lr: 5.0000e-04 - 4s/epoch - 5ms/step
Epoch 6/100
782/782 - 5s - loss: 1.0075 - categorical_accuracy: 0.6116 - val_loss: 0.9873 - val_categorical_accuracy: 0.6238 - lr: 5.0000e-04 - 5s/epoch - 6ms/step
Epoch 7/100
782/782 - 5s - loss: 1.0005 - categorical_accuracy: 0.6151 - val_loss: 0.9965 - val_categorical_accuracy: 0.6159 - lr: 5.0000e-04 - 5s/epoch - 6ms/step
Epoch 8/100
782/782 - 4s - loss: 0.9930 - categorical_accuracy: 0.6186 - val_loss: 0.9744 - val_categorical_accuracy: 0.6263 - lr: 5.0000e-04 - 4s/epoch - 5ms/step
Epoch 9/100
782/782 - 4s - loss: 0.9871 - categorical_accuracy: 0.6213 - val_loss: 0.9692 - val_categorical_accuracy: 0.6306 - lr: 5.0000e-04 - 4s/epoch - 5ms/step
Epoch 10/100
782/782 - 5s - loss: 0.9847 - categorical_accuracy: 0.6220 - val_loss: 0.9680 - val_categorical_accuracy: 0.6312 - lr: 5.0000e-04 - 5s/epoch - 6ms/step
Epoch 11/100
782/782 - 4s - loss: 0.9817 - categorical_accuracy: 0.6231 - val_loss: 0.9630 - val_categorical_accuracy: 0.6335 - lr: 5.0000e-04 - 4s/epoch - 5ms/step
Epoch 12/100
782/782 - 4s - loss: 0.9776 - categorical_accuracy: 0.6249 - val_loss: 0.9670 - val_categorical_accuracy: 0.6312 - lr: 5.0000e-04 - 4s/epoch - 6ms/step
Epoch 13/100
782/782 - 5s - loss: 0.9749 - categorical_accuracy: 0.6264 - val_loss: 0.9678 - val_categorical_accuracy: 0.6291 - lr: 5.0000e-04 - 5s/epoch - 6ms/step
Epoch 14/100
782/782 - 4s - loss: 0.9703 - categorical_accuracy: 0.6282 - val_loss: 0.9611 - val_categorical_accuracy: 0.6333 - lr: 5.0000e-04 - 4s/epoch - 6ms/step
Epoch 15/100
782/782 - 4s - loss: 0.9690 - categorical_accuracy: 0.6294 - val_loss: 0.9630 - val_categorical_accuracy: 0.6319 - lr: 5.0000e-04 - 4s/epoch - 5ms/step
Epoch 16/100
782/782 - 4s - loss: 0.9669 - categorical_accuracy: 0.6290 - val_loss: 0.9564 - val_categorical_accuracy: 0.6346 - lr: 5.0000e-04 - 4s/epoch - 6ms/step
Epoch 17/100
782/782 - 5s - loss: 0.9667 - categorical_accuracy: 0.6296 - val_loss: 0.9559 - val_categorical_accuracy: 0.6352 - lr: 5.0000e-04 - 5s/epoch - 6ms/step
Epoch 18/100
782/782 - 4s - loss: 0.9643 - categorical_accuracy: 0.6304 - val_loss: 0.9509 - val_categorical_accuracy: 0.6383 - lr: 5.0000e-04 - 4s/epoch - 6ms/step
Epoch 19/100
782/782 - 5s - loss: 0.9612 - categorical_accuracy: 0.6321 - val_loss: 0.9607 - val_categorical_accuracy: 0.6326 - lr: 5.0000e-04 - 5s/epoch - 6ms/step
Epoch 20/100
782/782 - 5s - loss: 0.9611 - categorical_accuracy: 0.6318 - val_loss: 0.9510 - val_categorical_accuracy: 0.6370 - lr: 5.0000e-04 - 5s/epoch - 6ms/step
Epoch 21/100
782/782 - 4s - loss: 0.9609 - categorical_accuracy: 0.6315 - val_loss: 0.9448 - val_categorical_accuracy: 0.6408 - lr: 5.0000e-04 - 4s/epoch - 5ms/step
Epoch 22/100
782/782 - 4s - loss: 0.9604 - categorical_accuracy: 0.6319 - val_loss: 0.9485 - val_categorical_accuracy: 0.6377 - lr: 5.0000e-04 - 4s/epoch - 5ms/step
Epoch 23/100
782/782 - 5s - loss: 0.9597 - categorical_accuracy: 0.6314 - val_loss: 0.9429 - val_categorical_accuracy: 0.6408 - lr: 5.0000e-04 - 5s/epoch - 6ms/step
Epoch 24/100
782/782 - 4s - loss: 0.9576 - categorical_accuracy: 0.6331 - val_loss: 0.9453 - val_categorical_accuracy: 0.6372 - lr: 5.0000e-04 - 4s/epoch - 6ms/step
Epoch 25/100
782/782 - 5s - loss: 0.9578 - categorical_accuracy: 0.6328 - val_loss: 0.9422 - val_categorical_accuracy: 0.6410 - lr: 5.0000e-04 - 5s/epoch - 6ms/step
Epoch 26/100
782/782 - 5s - loss: 0.9550 - categorical_accuracy: 0.6339 - val_loss: 0.9393 - val_categorical_accuracy: 0.6421 - lr: 5.0000e-04 - 5s/epoch - 6ms/step
Epoch 27/100
782/782 - 5s - loss: 0.9561 - categorical_accuracy: 0.6332 - val_loss: 0.9398 - val_categorical_accuracy: 0.6423 - lr: 5.0000e-04 - 5s/epoch - 6ms/step
Epoch 28/100
782/782 - 4s - loss: 0.9560 - categorical_accuracy: 0.6327 - val_loss: 0.9429 - val_categorical_accuracy: 0.6417 - lr: 5.0000e-04 - 4s/epoch - 5ms/step
Epoch 29/100
782/782 - 4s - loss: 0.9527 - categorical_accuracy: 0.6351 - val_loss: 0.9424 - val_categorical_accuracy: 0.6402 - lr: 5.0000e-04 - 4s/epoch - 5ms/step
Epoch 30/100
782/782 - 4s - loss: 0.9551 - categorical_accuracy: 0.6335 - val_loss: 0.9414 - val_categorical_accuracy: 0.6421 - lr: 5.0000e-04 - 4s/epoch - 5ms/step
Epoch 31/100
782/782 - 4s - loss: 0.9523 - categorical_accuracy: 0.6345 - val_loss: 0.9354 - val_categorical_accuracy: 0.6439 - lr: 5.0000e-04 - 4s/epoch - 5ms/step
Epoch 32/100
782/782 - 5s - loss: 0.9508 - categorical_accuracy: 0.6355 - val_loss: 0.9346 - val_categorical_accuracy: 0.6435 - lr: 5.0000e-04 - 5s/epoch - 6ms/step
Epoch 33/100
782/782 - 5s - loss: 0.9495 - categorical_accuracy: 0.6357 - val_loss: 0.9505 - val_categorical_accuracy: 0.6356 - lr: 5.0000e-04 - 5s/epoch - 6ms/step
Epoch 34/100
782/782 - 4s - loss: 0.9507 - categorical_accuracy: 0.6350 - val_loss: 0.9415 - val_categorical_accuracy: 0.6405 - lr: 5.0000e-04 - 4s/epoch - 6ms/step
Epoch 35/100
782/782 - 4s - loss: 0.9515 - categorical_accuracy: 0.6344 - val_loss: 0.9376 - val_categorical_accuracy: 0.6432 - lr: 5.0000e-04 - 4s/epoch - 5ms/step
Epoch 36/100
782/782 - 5s - loss: 0.9498 - categorical_accuracy: 0.6353 - val_loss: 0.9401 - val_categorical_accuracy: 0.6409 - lr: 5.0000e-04 - 5s/epoch - 6ms/step
Epoch 37/100
782/782 - 5s - loss: 0.9489 - categorical_accuracy: 0.6358 - val_loss: 0.9526 - val_categorical_accuracy: 0.6336 - lr: 5.0000e-04 - 5s/epoch - 6ms/step
Epoch 38/100
782/782 - 4s - loss: 0.9495 - categorical_accuracy: 0.6362 - val_loss: 0.9374 - val_categorical_accuracy: 0.6426 - lr: 5.0000e-04 - 4s/epoch - 6ms/step
Epoch 39/100
782/782 - 5s - loss: 0.9485 - categorical_accuracy: 0.6363 - val_loss: 0.9532 - val_categorical_accuracy: 0.6338 - lr: 5.0000e-04 - 5s/epoch - 6ms/step
Epoch 40/100
782/782 - 5s - loss: 0.9488 - categorical_accuracy: 0.6365 - val_loss: 0.9346 - val_categorical_accuracy: 0.6422 - lr: 5.0000e-04 - 5s/epoch - 6ms/step
Epoch 41/100
782/782 - 4s - loss: 0.9450 - categorical_accuracy: 0.6375 - val_loss: 0.9425 - val_categorical_accuracy: 0.6364 - lr: 5.0000e-04 - 4s/epoch - 6ms/step
[95m
SAVING RESULTS[0m
==============
[92m
Saved model to: [0m trained_intnets/perm_invariant_conv_4
Loss vs epochs plot saved to trained_intnets/perm_invariant_conv_4.
Accuracy vs epochs plot saved to trained_intnets/perm_invariant_conv_4.
[92m
Jobs done! 🍰✨[0m
