[96m
GPU: NVIDIA GeForce GTX 1080 Ti[0m

----------------
[92mData loading complete:[0m
Training data size: 5.72e+05
Test data size: 0.00e+00
----------------

Shuffling constituents...
[92mShuffled the training data! 🃏
[0m
[92mNumber of constituents: 8[0m
Instantiating model...
[92mModel compiled and built![0m
[95m
TRAINING THE MODEL 💪[0m
==================
Epoch 1/100
782/782 - 8s - loss: 1.1629 - categorical_accuracy: 0.5387 - val_loss: 1.0903 - val_categorical_accuracy: 0.5787 - lr: 5.0000e-04 - 8s/epoch - 10ms/step
Epoch 2/100
782/782 - 4s - loss: 1.0661 - categorical_accuracy: 0.5884 - val_loss: 1.0446 - val_categorical_accuracy: 0.5941 - lr: 5.0000e-04 - 4s/epoch - 6ms/step
Epoch 3/100
782/782 - 4s - loss: 1.0435 - categorical_accuracy: 0.5974 - val_loss: 1.0262 - val_categorical_accuracy: 0.6055 - lr: 5.0000e-04 - 4s/epoch - 6ms/step
Epoch 4/100
782/782 - 4s - loss: 1.0333 - categorical_accuracy: 0.6012 - val_loss: 1.0333 - val_categorical_accuracy: 0.5926 - lr: 5.0000e-04 - 4s/epoch - 6ms/step
Epoch 5/100
782/782 - 4s - loss: 1.0156 - categorical_accuracy: 0.6086 - val_loss: 1.0164 - val_categorical_accuracy: 0.6026 - lr: 5.0000e-04 - 4s/epoch - 6ms/step
Epoch 6/100
782/782 - 4s - loss: 1.0083 - categorical_accuracy: 0.6118 - val_loss: 0.9886 - val_categorical_accuracy: 0.6234 - lr: 5.0000e-04 - 4s/epoch - 6ms/step
Epoch 7/100
782/782 - 4s - loss: 1.0013 - categorical_accuracy: 0.6149 - val_loss: 0.9959 - val_categorical_accuracy: 0.6175 - lr: 5.0000e-04 - 4s/epoch - 6ms/step
Epoch 8/100
782/782 - 4s - loss: 0.9938 - categorical_accuracy: 0.6187 - val_loss: 0.9748 - val_categorical_accuracy: 0.6268 - lr: 5.0000e-04 - 4s/epoch - 6ms/step
Epoch 9/100
782/782 - 4s - loss: 0.9876 - categorical_accuracy: 0.6213 - val_loss: 0.9699 - val_categorical_accuracy: 0.6305 - lr: 5.0000e-04 - 4s/epoch - 6ms/step
Epoch 10/100
782/782 - 4s - loss: 0.9855 - categorical_accuracy: 0.6218 - val_loss: 0.9673 - val_categorical_accuracy: 0.6323 - lr: 5.0000e-04 - 4s/epoch - 6ms/step
Epoch 11/100
782/782 - 4s - loss: 0.9824 - categorical_accuracy: 0.6227 - val_loss: 0.9644 - val_categorical_accuracy: 0.6341 - lr: 5.0000e-04 - 4s/epoch - 6ms/step
Epoch 12/100
782/782 - 4s - loss: 0.9789 - categorical_accuracy: 0.6248 - val_loss: 0.9722 - val_categorical_accuracy: 0.6291 - lr: 5.0000e-04 - 4s/epoch - 6ms/step
Epoch 13/100
782/782 - 4s - loss: 0.9765 - categorical_accuracy: 0.6258 - val_loss: 0.9737 - val_categorical_accuracy: 0.6271 - lr: 5.0000e-04 - 4s/epoch - 6ms/step
Epoch 14/100
782/782 - 5s - loss: 0.9722 - categorical_accuracy: 0.6277 - val_loss: 0.9632 - val_categorical_accuracy: 0.6336 - lr: 5.0000e-04 - 5s/epoch - 6ms/step
Epoch 15/100
782/782 - 4s - loss: 0.9708 - categorical_accuracy: 0.6286 - val_loss: 0.9655 - val_categorical_accuracy: 0.6318 - lr: 5.0000e-04 - 4s/epoch - 6ms/step
Epoch 16/100
782/782 - 4s - loss: 0.9689 - categorical_accuracy: 0.6292 - val_loss: 0.9559 - val_categorical_accuracy: 0.6360 - lr: 5.0000e-04 - 4s/epoch - 6ms/step
Epoch 17/100
782/782 - 4s - loss: 0.9685 - categorical_accuracy: 0.6294 - val_loss: 0.9567 - val_categorical_accuracy: 0.6357 - lr: 5.0000e-04 - 4s/epoch - 6ms/step
Epoch 18/100
782/782 - 4s - loss: 0.9655 - categorical_accuracy: 0.6305 - val_loss: 0.9535 - val_categorical_accuracy: 0.6382 - lr: 5.0000e-04 - 4s/epoch - 6ms/step
Epoch 19/100
782/782 - 4s - loss: 0.9623 - categorical_accuracy: 0.6318 - val_loss: 0.9579 - val_categorical_accuracy: 0.6341 - lr: 5.0000e-04 - 4s/epoch - 6ms/step
Epoch 20/100
782/782 - 4s - loss: 0.9622 - categorical_accuracy: 0.6317 - val_loss: 0.9518 - val_categorical_accuracy: 0.6380 - lr: 5.0000e-04 - 4s/epoch - 6ms/step
Epoch 21/100
782/782 - 4s - loss: 0.9621 - categorical_accuracy: 0.6309 - val_loss: 0.9461 - val_categorical_accuracy: 0.6408 - lr: 5.0000e-04 - 4s/epoch - 6ms/step
Epoch 22/100
782/782 - 4s - loss: 0.9614 - categorical_accuracy: 0.6320 - val_loss: 0.9503 - val_categorical_accuracy: 0.6358 - lr: 5.0000e-04 - 4s/epoch - 6ms/step
Epoch 23/100
782/782 - 4s - loss: 0.9608 - categorical_accuracy: 0.6310 - val_loss: 0.9436 - val_categorical_accuracy: 0.6409 - lr: 5.0000e-04 - 4s/epoch - 6ms/step
Epoch 24/100
782/782 - 4s - loss: 0.9584 - categorical_accuracy: 0.6330 - val_loss: 0.9442 - val_categorical_accuracy: 0.6391 - lr: 5.0000e-04 - 4s/epoch - 6ms/step
Epoch 25/100
782/782 - 5s - loss: 0.9582 - categorical_accuracy: 0.6333 - val_loss: 0.9456 - val_categorical_accuracy: 0.6393 - lr: 5.0000e-04 - 5s/epoch - 7ms/step
Epoch 26/100
782/782 - 5s - loss: 0.9554 - categorical_accuracy: 0.6339 - val_loss: 0.9396 - val_categorical_accuracy: 0.6428 - lr: 5.0000e-04 - 5s/epoch - 6ms/step
Epoch 27/100
782/782 - 5s - loss: 0.9566 - categorical_accuracy: 0.6331 - val_loss: 0.9399 - val_categorical_accuracy: 0.6429 - lr: 5.0000e-04 - 5s/epoch - 6ms/step
Epoch 28/100
782/782 - 4s - loss: 0.9559 - categorical_accuracy: 0.6333 - val_loss: 0.9418 - val_categorical_accuracy: 0.6426 - lr: 5.0000e-04 - 4s/epoch - 6ms/step
Epoch 29/100
782/782 - 4s - loss: 0.9528 - categorical_accuracy: 0.6351 - val_loss: 0.9417 - val_categorical_accuracy: 0.6407 - lr: 5.0000e-04 - 4s/epoch - 6ms/step
Epoch 30/100
782/782 - 4s - loss: 0.9553 - categorical_accuracy: 0.6336 - val_loss: 0.9410 - val_categorical_accuracy: 0.6417 - lr: 5.0000e-04 - 4s/epoch - 6ms/step
Epoch 31/100
782/782 - 4s - loss: 0.9523 - categorical_accuracy: 0.6344 - val_loss: 0.9354 - val_categorical_accuracy: 0.6453 - lr: 5.0000e-04 - 4s/epoch - 6ms/step
Epoch 32/100
782/782 - 4s - loss: 0.9513 - categorical_accuracy: 0.6353 - val_loss: 0.9345 - val_categorical_accuracy: 0.6451 - lr: 5.0000e-04 - 4s/epoch - 6ms/step
Epoch 33/100
782/782 - 4s - loss: 0.9494 - categorical_accuracy: 0.6361 - val_loss: 0.9439 - val_categorical_accuracy: 0.6402 - lr: 5.0000e-04 - 4s/epoch - 6ms/step
Epoch 34/100
782/782 - 4s - loss: 0.9507 - categorical_accuracy: 0.6353 - val_loss: 0.9420 - val_categorical_accuracy: 0.6390 - lr: 5.0000e-04 - 4s/epoch - 6ms/step
Epoch 35/100
782/782 - 4s - loss: 0.9517 - categorical_accuracy: 0.6346 - val_loss: 0.9378 - val_categorical_accuracy: 0.6441 - lr: 5.0000e-04 - 4s/epoch - 6ms/step
Epoch 36/100
782/782 - 4s - loss: 0.9496 - categorical_accuracy: 0.6359 - val_loss: 0.9367 - val_categorical_accuracy: 0.6440 - lr: 5.0000e-04 - 4s/epoch - 6ms/step
Epoch 37/100
782/782 - 4s - loss: 0.9493 - categorical_accuracy: 0.6359 - val_loss: 0.9508 - val_categorical_accuracy: 0.6362 - lr: 5.0000e-04 - 4s/epoch - 6ms/step
Epoch 38/100
782/782 - 4s - loss: 0.9498 - categorical_accuracy: 0.6357 - val_loss: 0.9395 - val_categorical_accuracy: 0.6429 - lr: 5.0000e-04 - 4s/epoch - 6ms/step
Epoch 39/100
782/782 - 4s - loss: 0.9491 - categorical_accuracy: 0.6360 - val_loss: 0.9534 - val_categorical_accuracy: 0.6344 - lr: 5.0000e-04 - 4s/epoch - 6ms/step
Epoch 40/100
782/782 - 4s - loss: 0.9489 - categorical_accuracy: 0.6367 - val_loss: 0.9337 - val_categorical_accuracy: 0.6431 - lr: 5.0000e-04 - 4s/epoch - 6ms/step
Epoch 41/100
782/782 - 4s - loss: 0.9452 - categorical_accuracy: 0.6377 - val_loss: 0.9412 - val_categorical_accuracy: 0.6368 - lr: 5.0000e-04 - 4s/epoch - 6ms/step
[95m
SAVING RESULTS[0m
==============
[92m
Saved model to: [0m trained_intnets/perm_invariant_conv_4
Loss vs epochs plot saved to trained_intnets/perm_invariant_conv_4.
Accuracy vs epochs plot saved to trained_intnets/perm_invariant_conv_4.
[92m
Jobs done! 🍰✨[0m
