[96m
GPU: NVIDIA GeForce GTX 1080 Ti[0m

----------------
[92mData loading complete:[0m
Training data size: 5.72e+05
Test data size: 0.00e+00
----------------

Shuffling constituents...
[92mShuffled the training data! 🃏
[0m
[92mNumber of constituents: 8[0m
Instantiating model...
[92mModel compiled and built![0m
[95m
TRAINING THE MODEL 💪[0m
==================

Training parameters
-------------------
[92mOptimiser: 	[0m {'name': 'Adam', 'learning_rate': 0.0005, 'decay': 0.0, 'beta_1': 0.9, 'beta_2': 0.999, 'epsilon': 1e-07, 'amsgrad': False}
[92mBatch size: 	[0m 512
[92mTraining epochs:[0m 100
[92mLoss: 		[0m categorical_crossentropy

Epoch 1/100
782/782 - 9s - loss: 1.1658 - categorical_accuracy: 0.5362 - val_loss: 1.0821 - val_categorical_accuracy: 0.5840 - lr: 5.0000e-04 - 9s/epoch - 11ms/step
Epoch 2/100
782/782 - 4s - loss: 1.0665 - categorical_accuracy: 0.5891 - val_loss: 1.0421 - val_categorical_accuracy: 0.6034 - lr: 5.0000e-04 - 4s/epoch - 5ms/step
Epoch 3/100
782/782 - 4s - loss: 1.0449 - categorical_accuracy: 0.5990 - val_loss: 1.0241 - val_categorical_accuracy: 0.6099 - lr: 5.0000e-04 - 4s/epoch - 5ms/step
Epoch 4/100
782/782 - 4s - loss: 1.0306 - categorical_accuracy: 0.6046 - val_loss: 1.0100 - val_categorical_accuracy: 0.6152 - lr: 5.0000e-04 - 4s/epoch - 5ms/step
Epoch 5/100
782/782 - 4s - loss: 1.0203 - categorical_accuracy: 0.6090 - val_loss: 1.0003 - val_categorical_accuracy: 0.6183 - lr: 5.0000e-04 - 4s/epoch - 5ms/step
Epoch 6/100
782/782 - 4s - loss: 1.0125 - categorical_accuracy: 0.6123 - val_loss: 0.9925 - val_categorical_accuracy: 0.6213 - lr: 5.0000e-04 - 4s/epoch - 5ms/step
Epoch 7/100
782/782 - 4s - loss: 1.0061 - categorical_accuracy: 0.6147 - val_loss: 0.9864 - val_categorical_accuracy: 0.6232 - lr: 5.0000e-04 - 4s/epoch - 6ms/step
Epoch 8/100
782/782 - 4s - loss: 1.0004 - categorical_accuracy: 0.6168 - val_loss: 0.9812 - val_categorical_accuracy: 0.6249 - lr: 5.0000e-04 - 4s/epoch - 5ms/step
Epoch 9/100
782/782 - 4s - loss: 0.9953 - categorical_accuracy: 0.6190 - val_loss: 0.9761 - val_categorical_accuracy: 0.6268 - lr: 5.0000e-04 - 4s/epoch - 5ms/step
Epoch 10/100
782/782 - 5s - loss: 0.9908 - categorical_accuracy: 0.6206 - val_loss: 0.9718 - val_categorical_accuracy: 0.6289 - lr: 5.0000e-04 - 5s/epoch - 7ms/step
Epoch 11/100
782/782 - 4s - loss: 0.9868 - categorical_accuracy: 0.6223 - val_loss: 0.9674 - val_categorical_accuracy: 0.6315 - lr: 5.0000e-04 - 4s/epoch - 5ms/step
Epoch 12/100
782/782 - 5s - loss: 0.9830 - categorical_accuracy: 0.6241 - val_loss: 0.9639 - val_categorical_accuracy: 0.6337 - lr: 5.0000e-04 - 5s/epoch - 6ms/step
Epoch 13/100
782/782 - 4s - loss: 0.9798 - categorical_accuracy: 0.6256 - val_loss: 0.9610 - val_categorical_accuracy: 0.6351 - lr: 5.0000e-04 - 4s/epoch - 5ms/step
Epoch 14/100
782/782 - 4s - loss: 0.9772 - categorical_accuracy: 0.6265 - val_loss: 0.9586 - val_categorical_accuracy: 0.6364 - lr: 5.0000e-04 - 4s/epoch - 6ms/step
Epoch 15/100
782/782 - 5s - loss: 0.9749 - categorical_accuracy: 0.6273 - val_loss: 0.9565 - val_categorical_accuracy: 0.6372 - lr: 5.0000e-04 - 5s/epoch - 6ms/step
Epoch 16/100
782/782 - 5s - loss: 0.9727 - categorical_accuracy: 0.6281 - val_loss: 0.9544 - val_categorical_accuracy: 0.6383 - lr: 5.0000e-04 - 5s/epoch - 6ms/step
Epoch 17/100
782/782 - 5s - loss: 0.9708 - categorical_accuracy: 0.6287 - val_loss: 0.9529 - val_categorical_accuracy: 0.6389 - lr: 5.0000e-04 - 5s/epoch - 6ms/step
Epoch 18/100
782/782 - 6s - loss: 0.9692 - categorical_accuracy: 0.6293 - val_loss: 0.9515 - val_categorical_accuracy: 0.6395 - lr: 5.0000e-04 - 6s/epoch - 7ms/step
Epoch 19/100
782/782 - 5s - loss: 0.9676 - categorical_accuracy: 0.6298 - val_loss: 0.9505 - val_categorical_accuracy: 0.6396 - lr: 5.0000e-04 - 5s/epoch - 6ms/step
Epoch 20/100
782/782 - 4s - loss: 0.9663 - categorical_accuracy: 0.6303 - val_loss: 0.9494 - val_categorical_accuracy: 0.6398 - lr: 5.0000e-04 - 4s/epoch - 6ms/step
Epoch 21/100
782/782 - 4s - loss: 0.9651 - categorical_accuracy: 0.6308 - val_loss: 0.9484 - val_categorical_accuracy: 0.6401 - lr: 5.0000e-04 - 4s/epoch - 5ms/step
Epoch 22/100
782/782 - 4s - loss: 0.9639 - categorical_accuracy: 0.6313 - val_loss: 0.9473 - val_categorical_accuracy: 0.6401 - lr: 5.0000e-04 - 4s/epoch - 6ms/step
Epoch 23/100
782/782 - 4s - loss: 0.9629 - categorical_accuracy: 0.6316 - val_loss: 0.9461 - val_categorical_accuracy: 0.6407 - lr: 5.0000e-04 - 4s/epoch - 5ms/step
Epoch 24/100
782/782 - 4s - loss: 0.9619 - categorical_accuracy: 0.6321 - val_loss: 0.9452 - val_categorical_accuracy: 0.6409 - lr: 5.0000e-04 - 4s/epoch - 6ms/step
Epoch 25/100
782/782 - 5s - loss: 0.9609 - categorical_accuracy: 0.6324 - val_loss: 0.9446 - val_categorical_accuracy: 0.6413 - lr: 5.0000e-04 - 5s/epoch - 6ms/step
Epoch 26/100
782/782 - 5s - loss: 0.9600 - categorical_accuracy: 0.6327 - val_loss: 0.9440 - val_categorical_accuracy: 0.6417 - lr: 5.0000e-04 - 5s/epoch - 6ms/step
Epoch 27/100
782/782 - 4s - loss: 0.9592 - categorical_accuracy: 0.6331 - val_loss: 0.9433 - val_categorical_accuracy: 0.6421 - lr: 5.0000e-04 - 4s/epoch - 6ms/step
Epoch 28/100
782/782 - 4s - loss: 0.9583 - categorical_accuracy: 0.6334 - val_loss: 0.9427 - val_categorical_accuracy: 0.6420 - lr: 5.0000e-04 - 4s/epoch - 6ms/step
Epoch 29/100
782/782 - 4s - loss: 0.9575 - categorical_accuracy: 0.6336 - val_loss: 0.9422 - val_categorical_accuracy: 0.6421 - lr: 5.0000e-04 - 4s/epoch - 6ms/step
Epoch 30/100
782/782 - 4s - loss: 0.9567 - categorical_accuracy: 0.6339 - val_loss: 0.9416 - val_categorical_accuracy: 0.6425 - lr: 5.0000e-04 - 4s/epoch - 6ms/step
Epoch 31/100
782/782 - 4s - loss: 0.9559 - categorical_accuracy: 0.6343 - val_loss: 0.9411 - val_categorical_accuracy: 0.6429 - lr: 5.0000e-04 - 4s/epoch - 6ms/step
Epoch 32/100
782/782 - 5s - loss: 0.9551 - categorical_accuracy: 0.6347 - val_loss: 0.9406 - val_categorical_accuracy: 0.6430 - lr: 5.0000e-04 - 5s/epoch - 6ms/step
Epoch 33/100
782/782 - 4s - loss: 0.9544 - categorical_accuracy: 0.6350 - val_loss: 0.9400 - val_categorical_accuracy: 0.6433 - lr: 5.0000e-04 - 4s/epoch - 6ms/step
Epoch 34/100
782/782 - 4s - loss: 0.9537 - categorical_accuracy: 0.6352 - val_loss: 0.9395 - val_categorical_accuracy: 0.6432 - lr: 5.0000e-04 - 4s/epoch - 6ms/step
Epoch 35/100
782/782 - 4s - loss: 0.9529 - categorical_accuracy: 0.6355 - val_loss: 0.9389 - val_categorical_accuracy: 0.6431 - lr: 5.0000e-04 - 4s/epoch - 6ms/step
Epoch 36/100
782/782 - 4s - loss: 0.9522 - categorical_accuracy: 0.6357 - val_loss: 0.9385 - val_categorical_accuracy: 0.6430 - lr: 5.0000e-04 - 4s/epoch - 5ms/step
Epoch 37/100
782/782 - 4s - loss: 0.9514 - categorical_accuracy: 0.6360 - val_loss: 0.9381 - val_categorical_accuracy: 0.6433 - lr: 5.0000e-04 - 4s/epoch - 6ms/step
Epoch 38/100
782/782 - 4s - loss: 0.9506 - categorical_accuracy: 0.6363 - val_loss: 0.9378 - val_categorical_accuracy: 0.6436 - lr: 5.0000e-04 - 4s/epoch - 6ms/step
Epoch 39/100
782/782 - 4s - loss: 0.9498 - categorical_accuracy: 0.6365 - val_loss: 0.9371 - val_categorical_accuracy: 0.6439 - lr: 5.0000e-04 - 4s/epoch - 5ms/step
Epoch 40/100
782/782 - 5s - loss: 0.9491 - categorical_accuracy: 0.6367 - val_loss: 0.9361 - val_categorical_accuracy: 0.6442 - lr: 5.0000e-04 - 5s/epoch - 6ms/step
Epoch 41/100
782/782 - 4s - loss: 0.9484 - categorical_accuracy: 0.6370 - val_loss: 0.9358 - val_categorical_accuracy: 0.6444 - lr: 5.0000e-04 - 4s/epoch - 6ms/step
Epoch 42/100
782/782 - 4s - loss: 0.9478 - categorical_accuracy: 0.6373 - val_loss: 0.9352 - val_categorical_accuracy: 0.6448 - lr: 5.0000e-04 - 4s/epoch - 6ms/step
Epoch 43/100
782/782 - 4s - loss: 0.9472 - categorical_accuracy: 0.6374 - val_loss: 0.9349 - val_categorical_accuracy: 0.6448 - lr: 5.0000e-04 - 4s/epoch - 6ms/step
Epoch 44/100
782/782 - 4s - loss: 0.9466 - categorical_accuracy: 0.6376 - val_loss: 0.9348 - val_categorical_accuracy: 0.6445 - lr: 5.0000e-04 - 4s/epoch - 5ms/step
Epoch 45/100
782/782 - 4s - loss: 0.9461 - categorical_accuracy: 0.6377 - val_loss: 0.9346 - val_categorical_accuracy: 0.6446 - lr: 5.0000e-04 - 4s/epoch - 5ms/step
Epoch 46/100
782/782 - 5s - loss: 0.9455 - categorical_accuracy: 0.6378 - val_loss: 0.9340 - val_categorical_accuracy: 0.6446 - lr: 5.0000e-04 - 5s/epoch - 6ms/step
Epoch 47/100
782/782 - 5s - loss: 0.9449 - categorical_accuracy: 0.6380 - val_loss: 0.9331 - val_categorical_accuracy: 0.6452 - lr: 5.0000e-04 - 5s/epoch - 6ms/step
Epoch 48/100
782/782 - 5s - loss: 0.9444 - categorical_accuracy: 0.6382 - val_loss: 0.9325 - val_categorical_accuracy: 0.6454 - lr: 5.0000e-04 - 5s/epoch - 6ms/step
Epoch 49/100
782/782 - 5s - loss: 0.9439 - categorical_accuracy: 0.6383 - val_loss: 0.9323 - val_categorical_accuracy: 0.6453 - lr: 5.0000e-04 - 5s/epoch - 6ms/step
Epoch 50/100
782/782 - 4s - loss: 0.9435 - categorical_accuracy: 0.6384 - val_loss: 0.9321 - val_categorical_accuracy: 0.6454 - lr: 5.0000e-04 - 4s/epoch - 6ms/step
Epoch 51/100
782/782 - 4s - loss: 0.9430 - categorical_accuracy: 0.6385 - val_loss: 0.9322 - val_categorical_accuracy: 0.6450 - lr: 5.0000e-04 - 4s/epoch - 6ms/step
Epoch 52/100
782/782 - 5s - loss: 0.9426 - categorical_accuracy: 0.6388 - val_loss: 0.9320 - val_categorical_accuracy: 0.6452 - lr: 5.0000e-04 - 5s/epoch - 6ms/step
Epoch 53/100
782/782 - 4s - loss: 0.9422 - categorical_accuracy: 0.6389 - val_loss: 0.9318 - val_categorical_accuracy: 0.6453 - lr: 5.0000e-04 - 4s/epoch - 6ms/step
Epoch 54/100
782/782 - 4s - loss: 0.9417 - categorical_accuracy: 0.6391 - val_loss: 0.9316 - val_categorical_accuracy: 0.6453 - lr: 5.0000e-04 - 4s/epoch - 6ms/step
Epoch 55/100
782/782 - 5s - loss: 0.9413 - categorical_accuracy: 0.6393 - val_loss: 0.9314 - val_categorical_accuracy: 0.6454 - lr: 5.0000e-04 - 5s/epoch - 6ms/step
Epoch 56/100
782/782 - 4s - loss: 0.9409 - categorical_accuracy: 0.6394 - val_loss: 0.9307 - val_categorical_accuracy: 0.6461 - lr: 5.0000e-04 - 4s/epoch - 6ms/step
Epoch 57/100
782/782 - 5s - loss: 0.9405 - categorical_accuracy: 0.6396 - val_loss: 0.9305 - val_categorical_accuracy: 0.6458 - lr: 5.0000e-04 - 5s/epoch - 6ms/step
Epoch 58/100
782/782 - 4s - loss: 0.9402 - categorical_accuracy: 0.6397 - val_loss: 0.9303 - val_categorical_accuracy: 0.6457 - lr: 5.0000e-04 - 4s/epoch - 6ms/step
Epoch 59/100
782/782 - 4s - loss: 0.9398 - categorical_accuracy: 0.6399 - val_loss: 0.9303 - val_categorical_accuracy: 0.6459 - lr: 5.0000e-04 - 4s/epoch - 5ms/step
Epoch 60/100
782/782 - 4s - loss: 0.9394 - categorical_accuracy: 0.6401 - val_loss: 0.9302 - val_categorical_accuracy: 0.6457 - lr: 5.0000e-04 - 4s/epoch - 5ms/step
Epoch 61/100
782/782 - 5s - loss: 0.9390 - categorical_accuracy: 0.6402 - val_loss: 0.9300 - val_categorical_accuracy: 0.6460 - lr: 5.0000e-04 - 5s/epoch - 6ms/step
Epoch 62/100
782/782 - 4s - loss: 0.9387 - categorical_accuracy: 0.6403 - val_loss: 0.9295 - val_categorical_accuracy: 0.6462 - lr: 5.0000e-04 - 4s/epoch - 6ms/step
Epoch 63/100
782/782 - 4s - loss: 0.9384 - categorical_accuracy: 0.6405 - val_loss: 0.9301 - val_categorical_accuracy: 0.6454 - lr: 5.0000e-04 - 4s/epoch - 6ms/step
Epoch 64/100
782/782 - 5s - loss: 0.9380 - categorical_accuracy: 0.6405 - val_loss: 0.9295 - val_categorical_accuracy: 0.6457 - lr: 5.0000e-04 - 5s/epoch - 6ms/step
Epoch 65/100
782/782 - 4s - loss: 0.9377 - categorical_accuracy: 0.6408 - val_loss: 0.9292 - val_categorical_accuracy: 0.6459 - lr: 5.0000e-04 - 4s/epoch - 6ms/step
Epoch 66/100
782/782 - 5s - loss: 0.9374 - categorical_accuracy: 0.6407 - val_loss: 0.9284 - val_categorical_accuracy: 0.6460 - lr: 5.0000e-04 - 5s/epoch - 6ms/step
Epoch 67/100
782/782 - 4s - loss: 0.9308 - categorical_accuracy: 0.6440 - val_loss: 0.9201 - val_categorical_accuracy: 0.6507 - lr: 1.0000e-04 - 4s/epoch - 6ms/step
Epoch 68/100
782/782 - 4s - loss: 0.9306 - categorical_accuracy: 0.6439 - val_loss: 0.9199 - val_categorical_accuracy: 0.6509 - lr: 1.0000e-04 - 4s/epoch - 5ms/step
Epoch 69/100
782/782 - 5s - loss: 0.9305 - categorical_accuracy: 0.6440 - val_loss: 0.9197 - val_categorical_accuracy: 0.6508 - lr: 1.0000e-04 - 5s/epoch - 6ms/step
Epoch 70/100
782/782 - 4s - loss: 0.9304 - categorical_accuracy: 0.6440 - val_loss: 0.9196 - val_categorical_accuracy: 0.6509 - lr: 1.0000e-04 - 4s/epoch - 6ms/step
Epoch 71/100
782/782 - 4s - loss: 0.9303 - categorical_accuracy: 0.6441 - val_loss: 0.9196 - val_categorical_accuracy: 0.6508 - lr: 1.0000e-04 - 4s/epoch - 6ms/step
Epoch 72/100
782/782 - 5s - loss: 0.9302 - categorical_accuracy: 0.6441 - val_loss: 0.9194 - val_categorical_accuracy: 0.6509 - lr: 1.0000e-04 - 5s/epoch - 6ms/step
Epoch 73/100
782/782 - 5s - loss: 0.9301 - categorical_accuracy: 0.6441 - val_loss: 0.9194 - val_categorical_accuracy: 0.6509 - lr: 1.0000e-04 - 5s/epoch - 6ms/step
Epoch 74/100
782/782 - 5s - loss: 0.9300 - categorical_accuracy: 0.6442 - val_loss: 0.9193 - val_categorical_accuracy: 0.6509 - lr: 1.0000e-04 - 5s/epoch - 6ms/step
Epoch 75/100
782/782 - 5s - loss: 0.9299 - categorical_accuracy: 0.6442 - val_loss: 0.9192 - val_categorical_accuracy: 0.6508 - lr: 1.0000e-04 - 5s/epoch - 7ms/step
Epoch 76/100
782/782 - 5s - loss: 0.9298 - categorical_accuracy: 0.6442 - val_loss: 0.9192 - val_categorical_accuracy: 0.6508 - lr: 1.0000e-04 - 5s/epoch - 7ms/step
Epoch 77/100
782/782 - 4s - loss: 0.9297 - categorical_accuracy: 0.6442 - val_loss: 0.9191 - val_categorical_accuracy: 0.6508 - lr: 1.0000e-04 - 4s/epoch - 6ms/step
Epoch 78/100
782/782 - 4s - loss: 0.9296 - categorical_accuracy: 0.6442 - val_loss: 0.9190 - val_categorical_accuracy: 0.6508 - lr: 1.0000e-04 - 4s/epoch - 6ms/step
Epoch 79/100
782/782 - 4s - loss: 0.9275 - categorical_accuracy: 0.6451 - val_loss: 0.9189 - val_categorical_accuracy: 0.6511 - lr: 2.0000e-05 - 4s/epoch - 6ms/step
Epoch 80/100
782/782 - 4s - loss: 0.9275 - categorical_accuracy: 0.6453 - val_loss: 0.9188 - val_categorical_accuracy: 0.6511 - lr: 2.0000e-05 - 4s/epoch - 6ms/step
Epoch 81/100
782/782 - 4s - loss: 0.9275 - categorical_accuracy: 0.6453 - val_loss: 0.9188 - val_categorical_accuracy: 0.6511 - lr: 2.0000e-05 - 4s/epoch - 6ms/step
Epoch 82/100
782/782 - 5s - loss: 0.9274 - categorical_accuracy: 0.6453 - val_loss: 0.9188 - val_categorical_accuracy: 0.6511 - lr: 2.0000e-05 - 5s/epoch - 6ms/step
Epoch 83/100
782/782 - 6s - loss: 0.9274 - categorical_accuracy: 0.6453 - val_loss: 0.9188 - val_categorical_accuracy: 0.6511 - lr: 2.0000e-05 - 6s/epoch - 7ms/step
Epoch 84/100
782/782 - 6s - loss: 0.9274 - categorical_accuracy: 0.6453 - val_loss: 0.9187 - val_categorical_accuracy: 0.6511 - lr: 2.0000e-05 - 6s/epoch - 8ms/step
Epoch 85/100
782/782 - 5s - loss: 0.9274 - categorical_accuracy: 0.6453 - val_loss: 0.9187 - val_categorical_accuracy: 0.6512 - lr: 2.0000e-05 - 5s/epoch - 6ms/step
Epoch 86/100
782/782 - 5s - loss: 0.9273 - categorical_accuracy: 0.6453 - val_loss: 0.9187 - val_categorical_accuracy: 0.6512 - lr: 2.0000e-05 - 5s/epoch - 6ms/step
Epoch 87/100
782/782 - 4s - loss: 0.9273 - categorical_accuracy: 0.6453 - val_loss: 0.9187 - val_categorical_accuracy: 0.6513 - lr: 2.0000e-05 - 4s/epoch - 6ms/step
Epoch 88/100
782/782 - 4s - loss: 0.9273 - categorical_accuracy: 0.6453 - val_loss: 0.9187 - val_categorical_accuracy: 0.6513 - lr: 2.0000e-05 - 4s/epoch - 6ms/step
Epoch 89/100
782/782 - 4s - loss: 0.9273 - categorical_accuracy: 0.6453 - val_loss: 0.9187 - val_categorical_accuracy: 0.6513 - lr: 2.0000e-05 - 4s/epoch - 6ms/step
Epoch 90/100
782/782 - 4s - loss: 0.9273 - categorical_accuracy: 0.6453 - val_loss: 0.9186 - val_categorical_accuracy: 0.6513 - lr: 2.0000e-05 - 4s/epoch - 6ms/step
Epoch 91/100
782/782 - 4s - loss: 0.9273 - categorical_accuracy: 0.6453 - val_loss: 0.9186 - val_categorical_accuracy: 0.6513 - lr: 2.0000e-05 - 4s/epoch - 6ms/step
Epoch 92/100
782/782 - 4s - loss: 0.9272 - categorical_accuracy: 0.6454 - val_loss: 0.9186 - val_categorical_accuracy: 0.6513 - lr: 2.0000e-05 - 4s/epoch - 6ms/step
Epoch 93/100
782/782 - 4s - loss: 0.9272 - categorical_accuracy: 0.6454 - val_loss: 0.9186 - val_categorical_accuracy: 0.6513 - lr: 2.0000e-05 - 4s/epoch - 6ms/step
Epoch 94/100
782/782 - 5s - loss: 0.9272 - categorical_accuracy: 0.6454 - val_loss: 0.9186 - val_categorical_accuracy: 0.6513 - lr: 2.0000e-05 - 5s/epoch - 6ms/step
Epoch 95/100
782/782 - 4s - loss: 0.9272 - categorical_accuracy: 0.6454 - val_loss: 0.9186 - val_categorical_accuracy: 0.6513 - lr: 2.0000e-05 - 4s/epoch - 6ms/step
Epoch 96/100
782/782 - 4s - loss: 0.9272 - categorical_accuracy: 0.6454 - val_loss: 0.9186 - val_categorical_accuracy: 0.6513 - lr: 2.0000e-05 - 4s/epoch - 6ms/step
Epoch 97/100
782/782 - 4s - loss: 0.9271 - categorical_accuracy: 0.6455 - val_loss: 0.9185 - val_categorical_accuracy: 0.6513 - lr: 2.0000e-05 - 4s/epoch - 6ms/step
Epoch 98/100
782/782 - 4s - loss: 0.9271 - categorical_accuracy: 0.6455 - val_loss: 0.9185 - val_categorical_accuracy: 0.6513 - lr: 2.0000e-05 - 4s/epoch - 6ms/step
Epoch 99/100
782/782 - 4s - loss: 0.9271 - categorical_accuracy: 0.6455 - val_loss: 0.9185 - val_categorical_accuracy: 0.6513 - lr: 2.0000e-05 - 4s/epoch - 6ms/step
Epoch 100/100
782/782 - 4s - loss: 0.9271 - categorical_accuracy: 0.6455 - val_loss: 0.9185 - val_categorical_accuracy: 0.6513 - lr: 2.0000e-05 - 4s/epoch - 6ms/step
[95m
SAVING RESULTS[0m
==============
[92m
Saved model to: [0m trained_intnets/perm_invariant_conv_4
Loss vs epochs plot saved to trained_intnets/perm_invariant_conv_4.
Accuracy vs epochs plot saved to trained_intnets/perm_invariant_conv_4.
[92m
Jobs done! 🍰✨[0m
