[96m
GPU: NVIDIA GeForce GTX 1080 Ti[0m
[95m
DATA DETAILS[0m
[95m-----------[0m
data_folder: /work/deodagiu/ki_data/intnet_input
norm: robust
train_events: -1
test_events: 0
pt_min: 2.0
nconstituents: 16
feature_selection: jedinet

----------------
[92mData loading complete:[0m
Training data size: 5.72e+05
Test data size: 0.00e+00
----------------

Shuffling constituents...
[92mShuffled the training data! 🃏
[0m
Instantiating model with the hyperparameters:
effects_nnodes: 75
dynamic_nnodes: 50
abstrac_nnodes: 25
effects_activ: relu
dynamic_activ: relu
abstrac_activ: relu
neffects: 18
ndynamics: 14
l2: 0.05
summation: True
[92mModel compiled and built![0m
[95m

TRAINING THE MODEL 💪[0m

Training parameters
-------------------
[92mOptimiser: 	[0m {'name': 'Adam', 'learning_rate': 0.0001, 'decay': 0.0, 'beta_1': 0.9, 'beta_2': 0.999, 'epsilon': 1e-07, 'amsgrad': False}
[92mBatch size: 	[0m 100
[92mLearning rate: 	[0m 0.0001
[92mTraining epochs:[0m 100
[92mLoss: 		[0m categorical_crossentropy

Epoch 1/100
4003/4003 - 90s - loss: 4.0260 - categorical_accuracy: 0.5740 - val_loss: 1.4560 - val_categorical_accuracy: 0.6414 - lr: 1.0000e-04 - 90s/epoch - 22ms/step
Epoch 2/100
4003/4003 - 87s - loss: 1.2099 - categorical_accuracy: 0.6570 - val_loss: 1.0665 - val_categorical_accuracy: 0.6776 - lr: 1.0000e-04 - 87s/epoch - 22ms/step
Epoch 3/100
4003/4003 - 87s - loss: 1.0084 - categorical_accuracy: 0.6811 - val_loss: 0.9561 - val_categorical_accuracy: 0.6889 - lr: 1.0000e-04 - 87s/epoch - 22ms/step
Epoch 4/100
4003/4003 - 87s - loss: 0.9318 - categorical_accuracy: 0.6946 - val_loss: 0.9105 - val_categorical_accuracy: 0.6968 - lr: 1.0000e-04 - 87s/epoch - 22ms/step
Epoch 5/100
4003/4003 - 87s - loss: 0.8892 - categorical_accuracy: 0.7045 - val_loss: 0.8786 - val_categorical_accuracy: 0.7039 - lr: 1.0000e-04 - 87s/epoch - 22ms/step
Epoch 6/100
4003/4003 - 87s - loss: 0.8597 - categorical_accuracy: 0.7117 - val_loss: 0.8393 - val_categorical_accuracy: 0.7179 - lr: 1.0000e-04 - 87s/epoch - 22ms/step
Epoch 7/100
4003/4003 - 87s - loss: 0.8392 - categorical_accuracy: 0.7168 - val_loss: 0.8214 - val_categorical_accuracy: 0.7238 - lr: 1.0000e-04 - 87s/epoch - 22ms/step
Epoch 8/100
4003/4003 - 87s - loss: 0.8223 - categorical_accuracy: 0.7207 - val_loss: 0.8043 - val_categorical_accuracy: 0.7262 - lr: 1.0000e-04 - 87s/epoch - 22ms/step
Epoch 9/100
4003/4003 - 87s - loss: 0.8061 - categorical_accuracy: 0.7246 - val_loss: 0.7887 - val_categorical_accuracy: 0.7280 - lr: 1.0000e-04 - 87s/epoch - 22ms/step
Epoch 10/100
4003/4003 - 87s - loss: 0.7924 - categorical_accuracy: 0.7269 - val_loss: 0.7752 - val_categorical_accuracy: 0.7319 - lr: 1.0000e-04 - 87s/epoch - 22ms/step
Epoch 11/100
4003/4003 - 88s - loss: 0.7745 - categorical_accuracy: 0.7306 - val_loss: 0.7601 - val_categorical_accuracy: 0.7336 - lr: 1.0000e-04 - 88s/epoch - 22ms/step
Epoch 12/100
4003/4003 - 87s - loss: 0.7536 - categorical_accuracy: 0.7364 - val_loss: 0.7597 - val_categorical_accuracy: 0.7311 - lr: 1.0000e-04 - 87s/epoch - 22ms/step
Epoch 13/100
4003/4003 - 87s - loss: 0.7401 - categorical_accuracy: 0.7419 - val_loss: 0.7286 - val_categorical_accuracy: 0.7434 - lr: 1.0000e-04 - 87s/epoch - 22ms/step
Epoch 14/100
4003/4003 - 87s - loss: 0.7302 - categorical_accuracy: 0.7446 - val_loss: 0.7211 - val_categorical_accuracy: 0.7464 - lr: 1.0000e-04 - 87s/epoch - 22ms/step
Epoch 15/100
4003/4003 - 87s - loss: 0.7222 - categorical_accuracy: 0.7473 - val_loss: 0.7230 - val_categorical_accuracy: 0.7435 - lr: 1.0000e-04 - 87s/epoch - 22ms/step
Epoch 16/100
4003/4003 - 87s - loss: 0.7168 - categorical_accuracy: 0.7489 - val_loss: 0.7103 - val_categorical_accuracy: 0.7496 - lr: 1.0000e-04 - 87s/epoch - 22ms/step
Epoch 17/100
4003/4003 - 87s - loss: 0.7123 - categorical_accuracy: 0.7506 - val_loss: 0.7085 - val_categorical_accuracy: 0.7501 - lr: 1.0000e-04 - 87s/epoch - 22ms/step
Epoch 18/100
4003/4003 - 88s - loss: 0.7085 - categorical_accuracy: 0.7518 - val_loss: 0.7004 - val_categorical_accuracy: 0.7538 - lr: 1.0000e-04 - 88s/epoch - 22ms/step
Epoch 19/100
4003/4003 - 87s - loss: 0.7050 - categorical_accuracy: 0.7525 - val_loss: 0.7098 - val_categorical_accuracy: 0.7514 - lr: 1.0000e-04 - 87s/epoch - 22ms/step
Epoch 20/100
4003/4003 - 87s - loss: 0.7017 - categorical_accuracy: 0.7538 - val_loss: 0.6946 - val_categorical_accuracy: 0.7546 - lr: 1.0000e-04 - 87s/epoch - 22ms/step
Epoch 21/100
4003/4003 - 88s - loss: 0.6988 - categorical_accuracy: 0.7547 - val_loss: 0.7209 - val_categorical_accuracy: 0.7451 - lr: 1.0000e-04 - 88s/epoch - 22ms/step
Epoch 22/100
4003/4003 - 87s - loss: 0.6967 - categorical_accuracy: 0.7560 - val_loss: 0.6887 - val_categorical_accuracy: 0.7582 - lr: 1.0000e-04 - 87s/epoch - 22ms/step
Epoch 23/100
4003/4003 - 87s - loss: 0.6940 - categorical_accuracy: 0.7564 - val_loss: 0.6968 - val_categorical_accuracy: 0.7527 - lr: 1.0000e-04 - 87s/epoch - 22ms/step
Epoch 24/100
4003/4003 - 87s - loss: 0.6924 - categorical_accuracy: 0.7573 - val_loss: 0.6932 - val_categorical_accuracy: 0.7547 - lr: 1.0000e-04 - 87s/epoch - 22ms/step
Epoch 25/100
4003/4003 - 88s - loss: 0.6903 - categorical_accuracy: 0.7579 - val_loss: 0.6983 - val_categorical_accuracy: 0.7540 - lr: 1.0000e-04 - 88s/epoch - 22ms/step
Epoch 26/100
4003/4003 - 87s - loss: 0.6888 - categorical_accuracy: 0.7587 - val_loss: 0.6920 - val_categorical_accuracy: 0.7583 - lr: 1.0000e-04 - 87s/epoch - 22ms/step
Epoch 27/100
4003/4003 - 87s - loss: 0.6874 - categorical_accuracy: 0.7588 - val_loss: 0.6863 - val_categorical_accuracy: 0.7576 - lr: 1.0000e-04 - 87s/epoch - 22ms/step
Epoch 28/100
4003/4003 - 89s - loss: 0.6856 - categorical_accuracy: 0.7596 - val_loss: 0.6860 - val_categorical_accuracy: 0.7585 - lr: 1.0000e-04 - 89s/epoch - 22ms/step
Epoch 29/100
4003/4003 - 87s - loss: 0.6847 - categorical_accuracy: 0.7602 - val_loss: 0.6792 - val_categorical_accuracy: 0.7618 - lr: 1.0000e-04 - 87s/epoch - 22ms/step
Epoch 30/100
4003/4003 - 87s - loss: 0.6831 - categorical_accuracy: 0.7611 - val_loss: 0.6877 - val_categorical_accuracy: 0.7583 - lr: 1.0000e-04 - 87s/epoch - 22ms/step
Epoch 31/100
4003/4003 - 87s - loss: 0.6821 - categorical_accuracy: 0.7608 - val_loss: 0.6836 - val_categorical_accuracy: 0.7595 - lr: 1.0000e-04 - 87s/epoch - 22ms/step
Epoch 32/100
4003/4003 - 88s - loss: 0.6805 - categorical_accuracy: 0.7616 - val_loss: 0.6783 - val_categorical_accuracy: 0.7634 - lr: 1.0000e-04 - 88s/epoch - 22ms/step
Epoch 33/100
4003/4003 - 87s - loss: 0.6795 - categorical_accuracy: 0.7621 - val_loss: 0.6791 - val_categorical_accuracy: 0.7611 - lr: 1.0000e-04 - 87s/epoch - 22ms/step
Epoch 34/100
4003/4003 - 87s - loss: 0.6784 - categorical_accuracy: 0.7629 - val_loss: 0.6828 - val_categorical_accuracy: 0.7600 - lr: 1.0000e-04 - 87s/epoch - 22ms/step
Epoch 35/100
4003/4003 - 88s - loss: 0.6774 - categorical_accuracy: 0.7628 - val_loss: 0.6741 - val_categorical_accuracy: 0.7633 - lr: 1.0000e-04 - 88s/epoch - 22ms/step
Epoch 36/100
4003/4003 - 87s - loss: 0.6769 - categorical_accuracy: 0.7633 - val_loss: 0.6822 - val_categorical_accuracy: 0.7595 - lr: 1.0000e-04 - 87s/epoch - 22ms/step
Epoch 37/100
4003/4003 - 87s - loss: 0.6754 - categorical_accuracy: 0.7639 - val_loss: 0.6766 - val_categorical_accuracy: 0.7641 - lr: 1.0000e-04 - 87s/epoch - 22ms/step
Epoch 38/100
4003/4003 - 87s - loss: 0.6747 - categorical_accuracy: 0.7644 - val_loss: 0.6737 - val_categorical_accuracy: 0.7650 - lr: 1.0000e-04 - 87s/epoch - 22ms/step
Epoch 39/100
4003/4003 - 88s - loss: 0.6741 - categorical_accuracy: 0.7646 - val_loss: 0.6741 - val_categorical_accuracy: 0.7638 - lr: 1.0000e-04 - 88s/epoch - 22ms/step
Epoch 40/100
4003/4003 - 87s - loss: 0.6733 - categorical_accuracy: 0.7646 - val_loss: 0.6733 - val_categorical_accuracy: 0.7636 - lr: 1.0000e-04 - 87s/epoch - 22ms/step
Epoch 41/100
4003/4003 - 87s - loss: 0.6725 - categorical_accuracy: 0.7650 - val_loss: 0.6739 - val_categorical_accuracy: 0.7644 - lr: 1.0000e-04 - 87s/epoch - 22ms/step
Epoch 42/100
4003/4003 - 88s - loss: 0.6722 - categorical_accuracy: 0.7651 - val_loss: 0.6779 - val_categorical_accuracy: 0.7610 - lr: 1.0000e-04 - 88s/epoch - 22ms/step
Epoch 43/100
4003/4003 - 87s - loss: 0.6713 - categorical_accuracy: 0.7654 - val_loss: 0.6766 - val_categorical_accuracy: 0.7616 - lr: 1.0000e-04 - 87s/epoch - 22ms/step
Epoch 44/100
4003/4003 - 87s - loss: 0.6708 - categorical_accuracy: 0.7655 - val_loss: 0.6701 - val_categorical_accuracy: 0.7648 - lr: 1.0000e-04 - 87s/epoch - 22ms/step
Epoch 45/100
4003/4003 - 88s - loss: 0.6698 - categorical_accuracy: 0.7656 - val_loss: 0.6808 - val_categorical_accuracy: 0.7623 - lr: 1.0000e-04 - 88s/epoch - 22ms/step
Epoch 46/100
4003/4003 - 87s - loss: 0.6691 - categorical_accuracy: 0.7659 - val_loss: 0.6717 - val_categorical_accuracy: 0.7645 - lr: 1.0000e-04 - 87s/epoch - 22ms/step
Epoch 47/100
4003/4003 - 87s - loss: 0.6686 - categorical_accuracy: 0.7660 - val_loss: 0.6723 - val_categorical_accuracy: 0.7649 - lr: 1.0000e-04 - 87s/epoch - 22ms/step
Epoch 48/100
4003/4003 - 87s - loss: 0.6683 - categorical_accuracy: 0.7663 - val_loss: 0.6773 - val_categorical_accuracy: 0.7629 - lr: 1.0000e-04 - 87s/epoch - 22ms/step
[92m
Saved model to: [0m trained_intnets/jedinet_exploration_1
Loss vs epochs plot saved to trained_intnets/jedinet_exploration_1.
Accuracy vs epochs plot saved to trained_intnets/jedinet_exploration_1.
[92m
Plots done! 📊[0m
