[96m
GPU: NVIDIA GeForce GTX 1080 Ti[0m

----------------
[92mData loading complete:[0m
Training data size: 5.72e+05
Test data size: 0.00e+00
----------------

Shuffling constituents...
[92mShuffled the training data! 🃏
[0m
[92mNumber of constituents: 8[0m
Instantiating model...
[92mModel compiled and built![0m
[95m
TRAINING THE MODEL 💪[0m
==================

Training parameters
-------------------
[92mOptimiser: 	[0m {'name': 'Adam', 'learning_rate': 0.0005, 'decay': 0.0, 'beta_1': 0.9, 'beta_2': 0.999, 'epsilon': 1e-07, 'amsgrad': False}
[92mBatch size: 	[0m 512
[92mTraining epochs:[0m 100
[92mLoss: 		[0m categorical_crossentropy

Epoch 1/100
782/782 - 8s - loss: 1.1963 - categorical_accuracy: 0.5139 - val_loss: 1.0818 - val_categorical_accuracy: 0.5845 - lr: 5.0000e-04 - 8s/epoch - 11ms/step
Epoch 2/100
782/782 - 5s - loss: 1.0608 - categorical_accuracy: 0.5925 - val_loss: 1.0359 - val_categorical_accuracy: 0.6050 - lr: 5.0000e-04 - 5s/epoch - 6ms/step
Epoch 3/100
782/782 - 5s - loss: 1.0363 - categorical_accuracy: 0.6022 - val_loss: 1.0196 - val_categorical_accuracy: 0.6090 - lr: 5.0000e-04 - 5s/epoch - 6ms/step
Epoch 4/100
782/782 - 5s - loss: 1.0231 - categorical_accuracy: 0.6083 - val_loss: 1.0103 - val_categorical_accuracy: 0.6118 - lr: 5.0000e-04 - 5s/epoch - 6ms/step
Epoch 5/100
782/782 - 5s - loss: 1.0146 - categorical_accuracy: 0.6116 - val_loss: 1.0042 - val_categorical_accuracy: 0.6137 - lr: 5.0000e-04 - 5s/epoch - 7ms/step
Epoch 6/100
782/782 - 4s - loss: 1.0078 - categorical_accuracy: 0.6141 - val_loss: 0.9978 - val_categorical_accuracy: 0.6166 - lr: 5.0000e-04 - 4s/epoch - 6ms/step
Epoch 7/100
782/782 - 5s - loss: 1.0019 - categorical_accuracy: 0.6164 - val_loss: 0.9936 - val_categorical_accuracy: 0.6180 - lr: 5.0000e-04 - 5s/epoch - 6ms/step
Epoch 8/100
782/782 - 5s - loss: 0.9969 - categorical_accuracy: 0.6182 - val_loss: 0.9893 - val_categorical_accuracy: 0.6196 - lr: 5.0000e-04 - 5s/epoch - 6ms/step
Epoch 9/100
782/782 - 5s - loss: 0.9924 - categorical_accuracy: 0.6201 - val_loss: 0.9859 - val_categorical_accuracy: 0.6206 - lr: 5.0000e-04 - 5s/epoch - 6ms/step
Epoch 10/100
782/782 - 5s - loss: 0.9884 - categorical_accuracy: 0.6217 - val_loss: 0.9813 - val_categorical_accuracy: 0.6229 - lr: 5.0000e-04 - 5s/epoch - 6ms/step
Epoch 11/100
782/782 - 5s - loss: 0.9849 - categorical_accuracy: 0.6231 - val_loss: 0.9771 - val_categorical_accuracy: 0.6243 - lr: 5.0000e-04 - 5s/epoch - 6ms/step
Epoch 12/100
782/782 - 5s - loss: 0.9816 - categorical_accuracy: 0.6241 - val_loss: 0.9742 - val_categorical_accuracy: 0.6251 - lr: 5.0000e-04 - 5s/epoch - 6ms/step
Epoch 13/100
782/782 - 5s - loss: 0.9788 - categorical_accuracy: 0.6253 - val_loss: 0.9723 - val_categorical_accuracy: 0.6259 - lr: 5.0000e-04 - 5s/epoch - 6ms/step
Epoch 14/100
782/782 - 5s - loss: 0.9762 - categorical_accuracy: 0.6263 - val_loss: 0.9701 - val_categorical_accuracy: 0.6268 - lr: 5.0000e-04 - 5s/epoch - 6ms/step
Epoch 15/100
782/782 - 5s - loss: 0.9737 - categorical_accuracy: 0.6273 - val_loss: 0.9668 - val_categorical_accuracy: 0.6284 - lr: 5.0000e-04 - 5s/epoch - 6ms/step
Epoch 16/100
782/782 - 5s - loss: 0.9714 - categorical_accuracy: 0.6282 - val_loss: 0.9648 - val_categorical_accuracy: 0.6292 - lr: 5.0000e-04 - 5s/epoch - 6ms/step
Epoch 17/100
782/782 - 5s - loss: 0.9695 - categorical_accuracy: 0.6290 - val_loss: 0.9632 - val_categorical_accuracy: 0.6301 - lr: 5.0000e-04 - 5s/epoch - 6ms/step
Epoch 18/100
782/782 - 5s - loss: 0.9677 - categorical_accuracy: 0.6297 - val_loss: 0.9612 - val_categorical_accuracy: 0.6308 - lr: 5.0000e-04 - 5s/epoch - 6ms/step
Epoch 19/100
782/782 - 5s - loss: 0.9661 - categorical_accuracy: 0.6303 - val_loss: 0.9598 - val_categorical_accuracy: 0.6314 - lr: 5.0000e-04 - 5s/epoch - 6ms/step
Epoch 20/100
782/782 - 5s - loss: 0.9644 - categorical_accuracy: 0.6307 - val_loss: 0.9571 - val_categorical_accuracy: 0.6328 - lr: 5.0000e-04 - 5s/epoch - 6ms/step
Epoch 21/100
782/782 - 5s - loss: 0.9629 - categorical_accuracy: 0.6313 - val_loss: 0.9564 - val_categorical_accuracy: 0.6330 - lr: 5.0000e-04 - 5s/epoch - 6ms/step
Epoch 22/100
782/782 - 5s - loss: 0.9616 - categorical_accuracy: 0.6319 - val_loss: 0.9540 - val_categorical_accuracy: 0.6341 - lr: 5.0000e-04 - 5s/epoch - 6ms/step
Epoch 23/100
782/782 - 5s - loss: 0.9603 - categorical_accuracy: 0.6322 - val_loss: 0.9525 - val_categorical_accuracy: 0.6350 - lr: 5.0000e-04 - 5s/epoch - 6ms/step
Epoch 24/100
782/782 - 5s - loss: 0.9591 - categorical_accuracy: 0.6327 - val_loss: 0.9513 - val_categorical_accuracy: 0.6354 - lr: 5.0000e-04 - 5s/epoch - 6ms/step
Epoch 25/100
782/782 - 5s - loss: 0.9580 - categorical_accuracy: 0.6333 - val_loss: 0.9509 - val_categorical_accuracy: 0.6354 - lr: 5.0000e-04 - 5s/epoch - 7ms/step
Epoch 26/100
782/782 - 7s - loss: 0.9569 - categorical_accuracy: 0.6332 - val_loss: 0.9511 - val_categorical_accuracy: 0.6352 - lr: 5.0000e-04 - 7s/epoch - 9ms/step
Epoch 27/100
782/782 - 5s - loss: 0.9559 - categorical_accuracy: 0.6337 - val_loss: 0.9505 - val_categorical_accuracy: 0.6355 - lr: 5.0000e-04 - 5s/epoch - 6ms/step
Epoch 28/100
782/782 - 5s - loss: 0.9549 - categorical_accuracy: 0.6339 - val_loss: 0.9495 - val_categorical_accuracy: 0.6359 - lr: 5.0000e-04 - 5s/epoch - 6ms/step
Epoch 29/100
782/782 - 4s - loss: 0.9539 - categorical_accuracy: 0.6341 - val_loss: 0.9490 - val_categorical_accuracy: 0.6361 - lr: 5.0000e-04 - 4s/epoch - 6ms/step
Epoch 30/100
782/782 - 4s - loss: 0.9530 - categorical_accuracy: 0.6344 - val_loss: 0.9478 - val_categorical_accuracy: 0.6370 - lr: 5.0000e-04 - 4s/epoch - 6ms/step
Epoch 31/100
782/782 - 5s - loss: 0.9521 - categorical_accuracy: 0.6348 - val_loss: 0.9461 - val_categorical_accuracy: 0.6376 - lr: 5.0000e-04 - 5s/epoch - 6ms/step
Epoch 32/100
782/782 - 5s - loss: 0.9513 - categorical_accuracy: 0.6351 - val_loss: 0.9455 - val_categorical_accuracy: 0.6378 - lr: 5.0000e-04 - 5s/epoch - 6ms/step
Epoch 33/100
782/782 - 4s - loss: 0.9505 - categorical_accuracy: 0.6353 - val_loss: 0.9445 - val_categorical_accuracy: 0.6382 - lr: 5.0000e-04 - 4s/epoch - 6ms/step
Epoch 34/100
782/782 - 5s - loss: 0.9497 - categorical_accuracy: 0.6356 - val_loss: 0.9442 - val_categorical_accuracy: 0.6380 - lr: 5.0000e-04 - 5s/epoch - 6ms/step
Epoch 35/100
782/782 - 4s - loss: 0.9490 - categorical_accuracy: 0.6358 - val_loss: 0.9436 - val_categorical_accuracy: 0.6382 - lr: 5.0000e-04 - 4s/epoch - 6ms/step
Epoch 36/100
782/782 - 5s - loss: 0.9483 - categorical_accuracy: 0.6362 - val_loss: 0.9435 - val_categorical_accuracy: 0.6382 - lr: 5.0000e-04 - 5s/epoch - 6ms/step
Epoch 37/100
782/782 - 5s - loss: 0.9476 - categorical_accuracy: 0.6363 - val_loss: 0.9421 - val_categorical_accuracy: 0.6391 - lr: 5.0000e-04 - 5s/epoch - 6ms/step
Epoch 38/100
782/782 - 4s - loss: 0.9470 - categorical_accuracy: 0.6366 - val_loss: 0.9420 - val_categorical_accuracy: 0.6391 - lr: 5.0000e-04 - 4s/epoch - 6ms/step
Epoch 39/100
782/782 - 4s - loss: 0.9464 - categorical_accuracy: 0.6367 - val_loss: 0.9415 - val_categorical_accuracy: 0.6397 - lr: 5.0000e-04 - 4s/epoch - 6ms/step
Epoch 40/100
782/782 - 5s - loss: 0.9458 - categorical_accuracy: 0.6370 - val_loss: 0.9410 - val_categorical_accuracy: 0.6398 - lr: 5.0000e-04 - 5s/epoch - 6ms/step
Epoch 41/100
782/782 - 4s - loss: 0.9452 - categorical_accuracy: 0.6373 - val_loss: 0.9402 - val_categorical_accuracy: 0.6401 - lr: 5.0000e-04 - 4s/epoch - 6ms/step
Epoch 42/100
782/782 - 5s - loss: 0.9447 - categorical_accuracy: 0.6376 - val_loss: 0.9394 - val_categorical_accuracy: 0.6407 - lr: 5.0000e-04 - 5s/epoch - 6ms/step
Epoch 43/100
782/782 - 5s - loss: 0.9441 - categorical_accuracy: 0.6380 - val_loss: 0.9386 - val_categorical_accuracy: 0.6409 - lr: 5.0000e-04 - 5s/epoch - 7ms/step
Epoch 44/100
782/782 - 4s - loss: 0.9436 - categorical_accuracy: 0.6382 - val_loss: 0.9381 - val_categorical_accuracy: 0.6411 - lr: 5.0000e-04 - 4s/epoch - 6ms/step
Epoch 45/100
782/782 - 5s - loss: 0.9431 - categorical_accuracy: 0.6383 - val_loss: 0.9381 - val_categorical_accuracy: 0.6409 - lr: 5.0000e-04 - 5s/epoch - 6ms/step
Epoch 46/100
782/782 - 4s - loss: 0.9426 - categorical_accuracy: 0.6385 - val_loss: 0.9377 - val_categorical_accuracy: 0.6409 - lr: 5.0000e-04 - 4s/epoch - 6ms/step
Epoch 47/100
782/782 - 4s - loss: 0.9422 - categorical_accuracy: 0.6388 - val_loss: 0.9374 - val_categorical_accuracy: 0.6411 - lr: 5.0000e-04 - 4s/epoch - 6ms/step
Epoch 48/100
782/782 - 4s - loss: 0.9417 - categorical_accuracy: 0.6389 - val_loss: 0.9368 - val_categorical_accuracy: 0.6415 - lr: 5.0000e-04 - 4s/epoch - 6ms/step
Epoch 49/100
782/782 - 4s - loss: 0.9412 - categorical_accuracy: 0.6391 - val_loss: 0.9367 - val_categorical_accuracy: 0.6411 - lr: 5.0000e-04 - 4s/epoch - 6ms/step
Epoch 50/100
782/782 - 5s - loss: 0.9408 - categorical_accuracy: 0.6393 - val_loss: 0.9363 - val_categorical_accuracy: 0.6416 - lr: 5.0000e-04 - 5s/epoch - 6ms/step
Epoch 51/100
782/782 - 4s - loss: 0.9403 - categorical_accuracy: 0.6393 - val_loss: 0.9358 - val_categorical_accuracy: 0.6417 - lr: 5.0000e-04 - 4s/epoch - 6ms/step
Epoch 52/100
782/782 - 5s - loss: 0.9399 - categorical_accuracy: 0.6395 - val_loss: 0.9356 - val_categorical_accuracy: 0.6417 - lr: 5.0000e-04 - 5s/epoch - 6ms/step
Epoch 53/100
782/782 - 5s - loss: 0.9395 - categorical_accuracy: 0.6397 - val_loss: 0.9348 - val_categorical_accuracy: 0.6421 - lr: 5.0000e-04 - 5s/epoch - 6ms/step
Epoch 54/100
782/782 - 5s - loss: 0.9391 - categorical_accuracy: 0.6398 - val_loss: 0.9349 - val_categorical_accuracy: 0.6419 - lr: 5.0000e-04 - 5s/epoch - 6ms/step
Epoch 55/100
782/782 - 5s - loss: 0.9387 - categorical_accuracy: 0.6400 - val_loss: 0.9352 - val_categorical_accuracy: 0.6417 - lr: 5.0000e-04 - 5s/epoch - 6ms/step
Epoch 56/100
782/782 - 5s - loss: 0.9384 - categorical_accuracy: 0.6401 - val_loss: 0.9350 - val_categorical_accuracy: 0.6416 - lr: 5.0000e-04 - 5s/epoch - 6ms/step
Epoch 57/100
782/782 - 5s - loss: 0.9380 - categorical_accuracy: 0.6403 - val_loss: 0.9348 - val_categorical_accuracy: 0.6421 - lr: 5.0000e-04 - 5s/epoch - 6ms/step
Epoch 58/100
782/782 - 5s - loss: 0.9377 - categorical_accuracy: 0.6403 - val_loss: 0.9351 - val_categorical_accuracy: 0.6414 - lr: 5.0000e-04 - 5s/epoch - 6ms/step
Epoch 59/100
782/782 - 5s - loss: 0.9373 - categorical_accuracy: 0.6404 - val_loss: 0.9349 - val_categorical_accuracy: 0.6413 - lr: 5.0000e-04 - 5s/epoch - 6ms/step
Epoch 60/100
782/782 - 5s - loss: 0.9370 - categorical_accuracy: 0.6406 - val_loss: 0.9345 - val_categorical_accuracy: 0.6415 - lr: 5.0000e-04 - 5s/epoch - 6ms/step
Epoch 61/100
782/782 - 5s - loss: 0.9367 - categorical_accuracy: 0.6404 - val_loss: 0.9343 - val_categorical_accuracy: 0.6415 - lr: 5.0000e-04 - 5s/epoch - 6ms/step
Epoch 62/100
782/782 - 5s - loss: 0.9364 - categorical_accuracy: 0.6406 - val_loss: 0.9340 - val_categorical_accuracy: 0.6417 - lr: 5.0000e-04 - 5s/epoch - 6ms/step
Epoch 63/100
782/782 - 5s - loss: 0.9361 - categorical_accuracy: 0.6408 - val_loss: 0.9335 - val_categorical_accuracy: 0.6418 - lr: 5.0000e-04 - 5s/epoch - 6ms/step
[95m
SAVING RESULTS[0m
==============
[92m
Saved model to: [0m trained_intnets/perm_variant_conv_4
Loss vs epochs plot saved to trained_intnets/perm_variant_conv_4.
Accuracy vs epochs plot saved to trained_intnets/perm_variant_conv_4.
[92m
Jobs done! 🍰✨[0m
