[96m
GPU: NVIDIA GeForce GTX 1080 Ti[0m

----------------
[92mData loading complete:[0m
Training data size: 5.72e+05
Test data size: 0.00e+00
----------------

Shuffling constituents...
[92mShuffled the training data! 🃏
[0m
[92mNumber of constituents: 8[0m
Instantiating model...
[92mModel compiled and built![0m
[95m
TRAINING THE MODEL 💪[0m
==================

Training parameters
-------------------
[92mOptimiser: 	[0m {'name': 'Adam', 'learning_rate': 0.0005, 'decay': 0.0, 'beta_1': 0.9, 'beta_2': 0.999, 'epsilon': 1e-07, 'amsgrad': False}
[92mBatch size: 	[0m 512
[92mTraining epochs:[0m 100
[92mLoss: 		[0m categorical_crossentropy

Epoch 1/100
782/782 - 8s - loss: 1.1659 - categorical_accuracy: 0.5363 - val_loss: 1.0820 - val_categorical_accuracy: 0.5842 - lr: 5.0000e-04 - 8s/epoch - 11ms/step
Epoch 2/100
782/782 - 4s - loss: 1.0665 - categorical_accuracy: 0.5892 - val_loss: 1.0423 - val_categorical_accuracy: 0.6035 - lr: 5.0000e-04 - 4s/epoch - 5ms/step
Epoch 3/100
782/782 - 4s - loss: 1.0455 - categorical_accuracy: 0.5987 - val_loss: 1.0255 - val_categorical_accuracy: 0.6097 - lr: 5.0000e-04 - 4s/epoch - 5ms/step
Epoch 4/100
782/782 - 4s - loss: 1.0318 - categorical_accuracy: 0.6045 - val_loss: 1.0121 - val_categorical_accuracy: 0.6152 - lr: 5.0000e-04 - 4s/epoch - 5ms/step
Epoch 5/100
782/782 - 4s - loss: 1.0219 - categorical_accuracy: 0.6089 - val_loss: 1.0025 - val_categorical_accuracy: 0.6186 - lr: 5.0000e-04 - 4s/epoch - 5ms/step
Epoch 6/100
782/782 - 4s - loss: 1.0146 - categorical_accuracy: 0.6120 - val_loss: 0.9948 - val_categorical_accuracy: 0.6216 - lr: 5.0000e-04 - 4s/epoch - 5ms/step
Epoch 7/100
782/782 - 4s - loss: 1.0081 - categorical_accuracy: 0.6143 - val_loss: 0.9887 - val_categorical_accuracy: 0.6236 - lr: 5.0000e-04 - 4s/epoch - 5ms/step
Epoch 8/100
782/782 - 4s - loss: 1.0027 - categorical_accuracy: 0.6167 - val_loss: 0.9836 - val_categorical_accuracy: 0.6253 - lr: 5.0000e-04 - 4s/epoch - 5ms/step
Epoch 9/100
782/782 - 4s - loss: 0.9977 - categorical_accuracy: 0.6184 - val_loss: 0.9785 - val_categorical_accuracy: 0.6267 - lr: 5.0000e-04 - 4s/epoch - 5ms/step
Epoch 10/100
782/782 - 4s - loss: 0.9931 - categorical_accuracy: 0.6202 - val_loss: 0.9741 - val_categorical_accuracy: 0.6288 - lr: 5.0000e-04 - 4s/epoch - 5ms/step
Epoch 11/100
782/782 - 4s - loss: 0.9890 - categorical_accuracy: 0.6219 - val_loss: 0.9698 - val_categorical_accuracy: 0.6311 - lr: 5.0000e-04 - 4s/epoch - 5ms/step
Epoch 12/100
782/782 - 4s - loss: 0.9849 - categorical_accuracy: 0.6237 - val_loss: 0.9660 - val_categorical_accuracy: 0.6338 - lr: 5.0000e-04 - 4s/epoch - 5ms/step
Epoch 13/100
782/782 - 4s - loss: 0.9814 - categorical_accuracy: 0.6254 - val_loss: 0.9630 - val_categorical_accuracy: 0.6352 - lr: 5.0000e-04 - 4s/epoch - 5ms/step
Epoch 14/100
782/782 - 7s - loss: 0.9785 - categorical_accuracy: 0.6265 - val_loss: 0.9604 - val_categorical_accuracy: 0.6368 - lr: 5.0000e-04 - 7s/epoch - 9ms/step
Epoch 15/100
782/782 - 4s - loss: 0.9758 - categorical_accuracy: 0.6273 - val_loss: 0.9579 - val_categorical_accuracy: 0.6375 - lr: 5.0000e-04 - 4s/epoch - 5ms/step
Epoch 16/100
782/782 - 4s - loss: 0.9734 - categorical_accuracy: 0.6281 - val_loss: 0.9556 - val_categorical_accuracy: 0.6385 - lr: 5.0000e-04 - 4s/epoch - 5ms/step
Epoch 17/100
782/782 - 4s - loss: 0.9712 - categorical_accuracy: 0.6288 - val_loss: 0.9536 - val_categorical_accuracy: 0.6387 - lr: 5.0000e-04 - 4s/epoch - 5ms/step
Epoch 18/100
782/782 - 4s - loss: 0.9694 - categorical_accuracy: 0.6293 - val_loss: 0.9521 - val_categorical_accuracy: 0.6393 - lr: 5.0000e-04 - 4s/epoch - 5ms/step
Epoch 19/100
782/782 - 4s - loss: 0.9678 - categorical_accuracy: 0.6299 - val_loss: 0.9508 - val_categorical_accuracy: 0.6396 - lr: 5.0000e-04 - 4s/epoch - 5ms/step
Epoch 20/100
782/782 - 4s - loss: 0.9664 - categorical_accuracy: 0.6304 - val_loss: 0.9497 - val_categorical_accuracy: 0.6394 - lr: 5.0000e-04 - 4s/epoch - 5ms/step
Epoch 21/100
782/782 - 4s - loss: 0.9651 - categorical_accuracy: 0.6308 - val_loss: 0.9488 - val_categorical_accuracy: 0.6395 - lr: 5.0000e-04 - 4s/epoch - 5ms/step
Epoch 22/100
782/782 - 4s - loss: 0.9639 - categorical_accuracy: 0.6312 - val_loss: 0.9479 - val_categorical_accuracy: 0.6398 - lr: 5.0000e-04 - 4s/epoch - 5ms/step
Epoch 23/100
782/782 - 4s - loss: 0.9628 - categorical_accuracy: 0.6317 - val_loss: 0.9471 - val_categorical_accuracy: 0.6402 - lr: 5.0000e-04 - 4s/epoch - 5ms/step
Epoch 24/100
782/782 - 4s - loss: 0.9618 - categorical_accuracy: 0.6320 - val_loss: 0.9462 - val_categorical_accuracy: 0.6400 - lr: 5.0000e-04 - 4s/epoch - 5ms/step
Epoch 25/100
782/782 - 4s - loss: 0.9607 - categorical_accuracy: 0.6324 - val_loss: 0.9460 - val_categorical_accuracy: 0.6400 - lr: 5.0000e-04 - 4s/epoch - 5ms/step
Epoch 26/100
782/782 - 4s - loss: 0.9599 - categorical_accuracy: 0.6326 - val_loss: 0.9452 - val_categorical_accuracy: 0.6404 - lr: 5.0000e-04 - 4s/epoch - 5ms/step
Epoch 27/100
782/782 - 4s - loss: 0.9589 - categorical_accuracy: 0.6330 - val_loss: 0.9445 - val_categorical_accuracy: 0.6404 - lr: 5.0000e-04 - 4s/epoch - 5ms/step
Epoch 28/100
782/782 - 4s - loss: 0.9581 - categorical_accuracy: 0.6332 - val_loss: 0.9434 - val_categorical_accuracy: 0.6408 - lr: 5.0000e-04 - 4s/epoch - 5ms/step
Epoch 29/100
782/782 - 4s - loss: 0.9572 - categorical_accuracy: 0.6335 - val_loss: 0.9425 - val_categorical_accuracy: 0.6411 - lr: 5.0000e-04 - 4s/epoch - 5ms/step
Epoch 30/100
782/782 - 4s - loss: 0.9564 - categorical_accuracy: 0.6338 - val_loss: 0.9417 - val_categorical_accuracy: 0.6414 - lr: 5.0000e-04 - 4s/epoch - 5ms/step
Epoch 31/100
782/782 - 4s - loss: 0.9555 - categorical_accuracy: 0.6341 - val_loss: 0.9409 - val_categorical_accuracy: 0.6416 - lr: 5.0000e-04 - 4s/epoch - 5ms/step
Epoch 32/100
782/782 - 4s - loss: 0.9546 - categorical_accuracy: 0.6344 - val_loss: 0.9404 - val_categorical_accuracy: 0.6417 - lr: 5.0000e-04 - 4s/epoch - 5ms/step
Epoch 33/100
782/782 - 4s - loss: 0.9538 - categorical_accuracy: 0.6346 - val_loss: 0.9400 - val_categorical_accuracy: 0.6418 - lr: 5.0000e-04 - 4s/epoch - 5ms/step
Epoch 34/100
782/782 - 4s - loss: 0.9530 - categorical_accuracy: 0.6349 - val_loss: 0.9392 - val_categorical_accuracy: 0.6422 - lr: 5.0000e-04 - 4s/epoch - 5ms/step
Epoch 35/100
782/782 - 4s - loss: 0.9522 - categorical_accuracy: 0.6351 - val_loss: 0.9382 - val_categorical_accuracy: 0.6427 - lr: 5.0000e-04 - 4s/epoch - 5ms/step
Epoch 36/100
782/782 - 4s - loss: 0.9515 - categorical_accuracy: 0.6355 - val_loss: 0.9373 - val_categorical_accuracy: 0.6432 - lr: 5.0000e-04 - 4s/epoch - 5ms/step
Epoch 37/100
782/782 - 4s - loss: 0.9508 - categorical_accuracy: 0.6359 - val_loss: 0.9369 - val_categorical_accuracy: 0.6433 - lr: 5.0000e-04 - 4s/epoch - 5ms/step
Epoch 38/100
782/782 - 4s - loss: 0.9501 - categorical_accuracy: 0.6361 - val_loss: 0.9363 - val_categorical_accuracy: 0.6435 - lr: 5.0000e-04 - 4s/epoch - 5ms/step
Epoch 39/100
782/782 - 4s - loss: 0.9494 - categorical_accuracy: 0.6364 - val_loss: 0.9357 - val_categorical_accuracy: 0.6438 - lr: 5.0000e-04 - 4s/epoch - 5ms/step
Epoch 40/100
782/782 - 4s - loss: 0.9488 - categorical_accuracy: 0.6368 - val_loss: 0.9357 - val_categorical_accuracy: 0.6437 - lr: 5.0000e-04 - 4s/epoch - 5ms/step
Epoch 41/100
782/782 - 4s - loss: 0.9482 - categorical_accuracy: 0.6371 - val_loss: 0.9351 - val_categorical_accuracy: 0.6439 - lr: 5.0000e-04 - 4s/epoch - 5ms/step
Epoch 42/100
782/782 - 4s - loss: 0.9476 - categorical_accuracy: 0.6373 - val_loss: 0.9345 - val_categorical_accuracy: 0.6443 - lr: 5.0000e-04 - 4s/epoch - 5ms/step
Epoch 43/100
782/782 - 4s - loss: 0.9470 - categorical_accuracy: 0.6374 - val_loss: 0.9341 - val_categorical_accuracy: 0.6444 - lr: 5.0000e-04 - 4s/epoch - 5ms/step
Epoch 44/100
782/782 - 4s - loss: 0.9465 - categorical_accuracy: 0.6377 - val_loss: 0.9341 - val_categorical_accuracy: 0.6443 - lr: 5.0000e-04 - 4s/epoch - 5ms/step
Epoch 45/100
782/782 - 4s - loss: 0.9459 - categorical_accuracy: 0.6379 - val_loss: 0.9340 - val_categorical_accuracy: 0.6442 - lr: 5.0000e-04 - 4s/epoch - 5ms/step
Epoch 46/100
782/782 - 4s - loss: 0.9454 - categorical_accuracy: 0.6381 - val_loss: 0.9338 - val_categorical_accuracy: 0.6443 - lr: 5.0000e-04 - 4s/epoch - 5ms/step
Epoch 47/100
782/782 - 4s - loss: 0.9448 - categorical_accuracy: 0.6383 - val_loss: 0.9333 - val_categorical_accuracy: 0.6446 - lr: 5.0000e-04 - 4s/epoch - 5ms/step
Epoch 48/100
782/782 - 4s - loss: 0.9444 - categorical_accuracy: 0.6384 - val_loss: 0.9335 - val_categorical_accuracy: 0.6444 - lr: 5.0000e-04 - 4s/epoch - 5ms/step
Epoch 49/100
782/782 - 4s - loss: 0.9439 - categorical_accuracy: 0.6387 - val_loss: 0.9324 - val_categorical_accuracy: 0.6450 - lr: 5.0000e-04 - 4s/epoch - 5ms/step
Epoch 50/100
782/782 - 4s - loss: 0.9434 - categorical_accuracy: 0.6390 - val_loss: 0.9323 - val_categorical_accuracy: 0.6450 - lr: 5.0000e-04 - 4s/epoch - 5ms/step
Epoch 51/100
782/782 - 4s - loss: 0.9430 - categorical_accuracy: 0.6392 - val_loss: 0.9322 - val_categorical_accuracy: 0.6450 - lr: 5.0000e-04 - 4s/epoch - 5ms/step
Epoch 52/100
782/782 - 4s - loss: 0.9424 - categorical_accuracy: 0.6393 - val_loss: 0.9313 - val_categorical_accuracy: 0.6454 - lr: 5.0000e-04 - 4s/epoch - 5ms/step
Epoch 53/100
782/782 - 4s - loss: 0.9420 - categorical_accuracy: 0.6393 - val_loss: 0.9315 - val_categorical_accuracy: 0.6451 - lr: 5.0000e-04 - 4s/epoch - 5ms/step
Epoch 54/100
782/782 - 4s - loss: 0.9416 - categorical_accuracy: 0.6395 - val_loss: 0.9311 - val_categorical_accuracy: 0.6454 - lr: 5.0000e-04 - 4s/epoch - 5ms/step
Epoch 55/100
782/782 - 4s - loss: 0.9411 - categorical_accuracy: 0.6395 - val_loss: 0.9306 - val_categorical_accuracy: 0.6457 - lr: 5.0000e-04 - 4s/epoch - 5ms/step
Epoch 56/100
782/782 - 4s - loss: 0.9407 - categorical_accuracy: 0.6398 - val_loss: 0.9304 - val_categorical_accuracy: 0.6457 - lr: 5.0000e-04 - 4s/epoch - 5ms/step
Epoch 57/100
782/782 - 4s - loss: 0.9403 - categorical_accuracy: 0.6397 - val_loss: 0.9299 - val_categorical_accuracy: 0.6460 - lr: 5.0000e-04 - 4s/epoch - 5ms/step
Epoch 58/100
782/782 - 4s - loss: 0.9398 - categorical_accuracy: 0.6399 - val_loss: 0.9293 - val_categorical_accuracy: 0.6462 - lr: 5.0000e-04 - 4s/epoch - 5ms/step
Epoch 59/100
782/782 - 4s - loss: 0.9395 - categorical_accuracy: 0.6400 - val_loss: 0.9298 - val_categorical_accuracy: 0.6458 - lr: 5.0000e-04 - 4s/epoch - 5ms/step
Epoch 60/100
782/782 - 4s - loss: 0.9392 - categorical_accuracy: 0.6401 - val_loss: 0.9293 - val_categorical_accuracy: 0.6463 - lr: 5.0000e-04 - 4s/epoch - 5ms/step
Epoch 61/100
782/782 - 4s - loss: 0.9388 - categorical_accuracy: 0.6403 - val_loss: 0.9294 - val_categorical_accuracy: 0.6461 - lr: 5.0000e-04 - 4s/epoch - 5ms/step
Epoch 62/100
782/782 - 4s - loss: 0.9385 - categorical_accuracy: 0.6404 - val_loss: 0.9285 - val_categorical_accuracy: 0.6469 - lr: 5.0000e-04 - 4s/epoch - 5ms/step
Epoch 63/100
782/782 - 4s - loss: 0.9382 - categorical_accuracy: 0.6405 - val_loss: 0.9290 - val_categorical_accuracy: 0.6463 - lr: 5.0000e-04 - 4s/epoch - 5ms/step
Epoch 64/100
782/782 - 4s - loss: 0.9379 - categorical_accuracy: 0.6406 - val_loss: 0.9284 - val_categorical_accuracy: 0.6466 - lr: 5.0000e-04 - 4s/epoch - 5ms/step
Epoch 65/100
782/782 - 4s - loss: 0.9376 - categorical_accuracy: 0.6407 - val_loss: 0.9282 - val_categorical_accuracy: 0.6465 - lr: 5.0000e-04 - 4s/epoch - 5ms/step
Epoch 66/100
782/782 - 4s - loss: 0.9373 - categorical_accuracy: 0.6409 - val_loss: 0.9285 - val_categorical_accuracy: 0.6462 - lr: 5.0000e-04 - 4s/epoch - 5ms/step
Epoch 67/100
782/782 - 4s - loss: 0.9369 - categorical_accuracy: 0.6409 - val_loss: 0.9281 - val_categorical_accuracy: 0.6466 - lr: 5.0000e-04 - 4s/epoch - 5ms/step
Epoch 68/100
782/782 - 4s - loss: 0.9366 - categorical_accuracy: 0.6411 - val_loss: 0.9282 - val_categorical_accuracy: 0.6464 - lr: 5.0000e-04 - 4s/epoch - 5ms/step
Epoch 69/100
782/782 - 4s - loss: 0.9363 - categorical_accuracy: 0.6412 - val_loss: 0.9277 - val_categorical_accuracy: 0.6466 - lr: 5.0000e-04 - 4s/epoch - 5ms/step
Epoch 70/100
782/782 - 4s - loss: 0.9360 - categorical_accuracy: 0.6413 - val_loss: 0.9275 - val_categorical_accuracy: 0.6469 - lr: 5.0000e-04 - 4s/epoch - 5ms/step
Epoch 71/100
782/782 - 4s - loss: 0.9357 - categorical_accuracy: 0.6414 - val_loss: 0.9276 - val_categorical_accuracy: 0.6468 - lr: 5.0000e-04 - 4s/epoch - 5ms/step
Epoch 72/100
782/782 - 4s - loss: 0.9354 - categorical_accuracy: 0.6416 - val_loss: 0.9278 - val_categorical_accuracy: 0.6465 - lr: 5.0000e-04 - 4s/epoch - 5ms/step
Epoch 73/100
782/782 - 4s - loss: 0.9289 - categorical_accuracy: 0.6448 - val_loss: 0.9187 - val_categorical_accuracy: 0.6511 - lr: 1.0000e-04 - 4s/epoch - 5ms/step
Epoch 74/100
782/782 - 4s - loss: 0.9286 - categorical_accuracy: 0.6451 - val_loss: 0.9185 - val_categorical_accuracy: 0.6513 - lr: 1.0000e-04 - 4s/epoch - 5ms/step
Epoch 75/100
782/782 - 4s - loss: 0.9285 - categorical_accuracy: 0.6451 - val_loss: 0.9183 - val_categorical_accuracy: 0.6513 - lr: 1.0000e-04 - 4s/epoch - 5ms/step
Epoch 76/100
782/782 - 4s - loss: 0.9284 - categorical_accuracy: 0.6451 - val_loss: 0.9182 - val_categorical_accuracy: 0.6516 - lr: 1.0000e-04 - 4s/epoch - 5ms/step
Epoch 77/100
782/782 - 4s - loss: 0.9283 - categorical_accuracy: 0.6452 - val_loss: 0.9181 - val_categorical_accuracy: 0.6517 - lr: 1.0000e-04 - 4s/epoch - 5ms/step
Epoch 78/100
782/782 - 4s - loss: 0.9282 - categorical_accuracy: 0.6451 - val_loss: 0.9180 - val_categorical_accuracy: 0.6516 - lr: 1.0000e-04 - 4s/epoch - 5ms/step
Epoch 79/100
782/782 - 4s - loss: 0.9282 - categorical_accuracy: 0.6451 - val_loss: 0.9180 - val_categorical_accuracy: 0.6516 - lr: 1.0000e-04 - 4s/epoch - 5ms/step
Epoch 80/100
782/782 - 4s - loss: 0.9281 - categorical_accuracy: 0.6451 - val_loss: 0.9179 - val_categorical_accuracy: 0.6516 - lr: 1.0000e-04 - 4s/epoch - 5ms/step
Epoch 81/100
782/782 - 4s - loss: 0.9280 - categorical_accuracy: 0.6452 - val_loss: 0.9179 - val_categorical_accuracy: 0.6517 - lr: 1.0000e-04 - 4s/epoch - 5ms/step
Epoch 82/100
782/782 - 4s - loss: 0.9279 - categorical_accuracy: 0.6452 - val_loss: 0.9178 - val_categorical_accuracy: 0.6516 - lr: 1.0000e-04 - 4s/epoch - 5ms/step
Epoch 83/100
782/782 - 4s - loss: 0.9278 - categorical_accuracy: 0.6452 - val_loss: 0.9177 - val_categorical_accuracy: 0.6517 - lr: 1.0000e-04 - 4s/epoch - 5ms/step
Epoch 84/100
782/782 - 4s - loss: 0.9277 - categorical_accuracy: 0.6452 - val_loss: 0.9176 - val_categorical_accuracy: 0.6518 - lr: 1.0000e-04 - 4s/epoch - 5ms/step
Epoch 85/100
782/782 - 4s - loss: 0.9277 - categorical_accuracy: 0.6452 - val_loss: 0.9175 - val_categorical_accuracy: 0.6518 - lr: 1.0000e-04 - 4s/epoch - 5ms/step
Epoch 86/100
782/782 - 4s - loss: 0.9276 - categorical_accuracy: 0.6453 - val_loss: 0.9175 - val_categorical_accuracy: 0.6518 - lr: 1.0000e-04 - 4s/epoch - 5ms/step
Epoch 87/100
782/782 - 4s - loss: 0.9275 - categorical_accuracy: 0.6453 - val_loss: 0.9174 - val_categorical_accuracy: 0.6519 - lr: 1.0000e-04 - 4s/epoch - 5ms/step
Epoch 88/100
782/782 - 4s - loss: 0.9275 - categorical_accuracy: 0.6453 - val_loss: 0.9174 - val_categorical_accuracy: 0.6519 - lr: 1.0000e-04 - 4s/epoch - 5ms/step
Epoch 89/100
782/782 - 4s - loss: 0.9274 - categorical_accuracy: 0.6452 - val_loss: 0.9173 - val_categorical_accuracy: 0.6519 - lr: 1.0000e-04 - 4s/epoch - 5ms/step
Epoch 90/100
782/782 - 7s - loss: 0.9273 - categorical_accuracy: 0.6453 - val_loss: 0.9172 - val_categorical_accuracy: 0.6519 - lr: 1.0000e-04 - 7s/epoch - 9ms/step
Epoch 91/100
782/782 - 4s - loss: 0.9273 - categorical_accuracy: 0.6453 - val_loss: 0.9172 - val_categorical_accuracy: 0.6519 - lr: 1.0000e-04 - 4s/epoch - 6ms/step
Epoch 92/100
782/782 - 4s - loss: 0.9272 - categorical_accuracy: 0.6454 - val_loss: 0.9172 - val_categorical_accuracy: 0.6519 - lr: 1.0000e-04 - 4s/epoch - 5ms/step
Epoch 93/100
782/782 - 4s - loss: 0.9272 - categorical_accuracy: 0.6454 - val_loss: 0.9171 - val_categorical_accuracy: 0.6519 - lr: 1.0000e-04 - 4s/epoch - 5ms/step
Epoch 94/100
782/782 - 4s - loss: 0.9271 - categorical_accuracy: 0.6455 - val_loss: 0.9171 - val_categorical_accuracy: 0.6519 - lr: 1.0000e-04 - 4s/epoch - 5ms/step
Epoch 95/100
782/782 - 4s - loss: 0.9270 - categorical_accuracy: 0.6454 - val_loss: 0.9170 - val_categorical_accuracy: 0.6519 - lr: 1.0000e-04 - 4s/epoch - 5ms/step
Epoch 96/100
782/782 - 4s - loss: 0.9270 - categorical_accuracy: 0.6455 - val_loss: 0.9169 - val_categorical_accuracy: 0.6519 - lr: 1.0000e-04 - 4s/epoch - 5ms/step
Epoch 97/100
782/782 - 4s - loss: 0.9269 - categorical_accuracy: 0.6455 - val_loss: 0.9169 - val_categorical_accuracy: 0.6519 - lr: 1.0000e-04 - 4s/epoch - 5ms/step
Epoch 98/100
782/782 - 4s - loss: 0.9269 - categorical_accuracy: 0.6455 - val_loss: 0.9169 - val_categorical_accuracy: 0.6519 - lr: 1.0000e-04 - 4s/epoch - 5ms/step
Epoch 99/100
782/782 - 4s - loss: 0.9247 - categorical_accuracy: 0.6465 - val_loss: 0.9165 - val_categorical_accuracy: 0.6519 - lr: 2.0000e-05 - 4s/epoch - 5ms/step
Epoch 100/100
782/782 - 4s - loss: 0.9246 - categorical_accuracy: 0.6464 - val_loss: 0.9165 - val_categorical_accuracy: 0.6519 - lr: 2.0000e-05 - 4s/epoch - 5ms/step
[95m
SAVING RESULTS[0m
==============
[92m
Saved model to: [0m trained_intnets/perm_variant_conv_4
Loss vs epochs plot saved to trained_intnets/perm_variant_conv_4.
Accuracy vs epochs plot saved to trained_intnets/perm_variant_conv_4.
[92m
Jobs done! 🍰✨[0m
