[96m
GPU: NVIDIA GeForce GTX 1080 Ti[0m

----------------
[92mData loading complete:[0m
Training data size: 5.72e+05
Test data size: 0.00e+00
----------------

Shuffling constituents...
[92mShuffled the training data! 🃏
[0m
[92mNumber of constituents: 8[0m
Instantiating model...
[92mModel compiled and built![0m
[95m
TRAINING THE MODEL 💪[0m
==================
Epoch 1/100
782/782 - 9s - loss: 1.2019 - categorical_accuracy: 0.5064 - val_loss: 1.0828 - val_categorical_accuracy: 0.5836 - lr: 5.0000e-04 - 9s/epoch - 11ms/step
Epoch 2/100
782/782 - 4s - loss: 1.0587 - categorical_accuracy: 0.5934 - val_loss: 1.0451 - val_categorical_accuracy: 0.5949 - lr: 5.0000e-04 - 4s/epoch - 6ms/step
Epoch 3/100
782/782 - 4s - loss: 1.0334 - categorical_accuracy: 0.6042 - val_loss: 1.0116 - val_categorical_accuracy: 0.6172 - lr: 5.0000e-04 - 4s/epoch - 6ms/step
Epoch 4/100
782/782 - 5s - loss: 1.0221 - categorical_accuracy: 0.6091 - val_loss: 1.0056 - val_categorical_accuracy: 0.6174 - lr: 5.0000e-04 - 5s/epoch - 6ms/step
Epoch 5/100
782/782 - 4s - loss: 1.0088 - categorical_accuracy: 0.6148 - val_loss: 1.0097 - val_categorical_accuracy: 0.6097 - lr: 5.0000e-04 - 4s/epoch - 6ms/step
Epoch 6/100
782/782 - 5s - loss: 1.0031 - categorical_accuracy: 0.6170 - val_loss: 0.9858 - val_categorical_accuracy: 0.6260 - lr: 5.0000e-04 - 5s/epoch - 6ms/step
Epoch 7/100
782/782 - 5s - loss: 0.9978 - categorical_accuracy: 0.6184 - val_loss: 0.9900 - val_categorical_accuracy: 0.6220 - lr: 5.0000e-04 - 5s/epoch - 6ms/step
Epoch 8/100
782/782 - 5s - loss: 0.9919 - categorical_accuracy: 0.6207 - val_loss: 0.9762 - val_categorical_accuracy: 0.6278 - lr: 5.0000e-04 - 5s/epoch - 6ms/step
Epoch 9/100
782/782 - 5s - loss: 0.9877 - categorical_accuracy: 0.6228 - val_loss: 0.9696 - val_categorical_accuracy: 0.6307 - lr: 5.0000e-04 - 5s/epoch - 6ms/step
Epoch 10/100
782/782 - 5s - loss: 0.9846 - categorical_accuracy: 0.6235 - val_loss: 0.9693 - val_categorical_accuracy: 0.6312 - lr: 5.0000e-04 - 5s/epoch - 6ms/step
Epoch 11/100
782/782 - 5s - loss: 0.9826 - categorical_accuracy: 0.6235 - val_loss: 0.9692 - val_categorical_accuracy: 0.6311 - lr: 5.0000e-04 - 5s/epoch - 6ms/step
Epoch 12/100
782/782 - 4s - loss: 0.9783 - categorical_accuracy: 0.6256 - val_loss: 0.9754 - val_categorical_accuracy: 0.6266 - lr: 5.0000e-04 - 4s/epoch - 6ms/step
Epoch 13/100
782/782 - 5s - loss: 0.9768 - categorical_accuracy: 0.6264 - val_loss: 0.9626 - val_categorical_accuracy: 0.6328 - lr: 5.0000e-04 - 5s/epoch - 6ms/step
Epoch 14/100
782/782 - 5s - loss: 0.9748 - categorical_accuracy: 0.6267 - val_loss: 0.9667 - val_categorical_accuracy: 0.6313 - lr: 5.0000e-04 - 5s/epoch - 6ms/step
Epoch 15/100
782/782 - 5s - loss: 0.9719 - categorical_accuracy: 0.6279 - val_loss: 0.9581 - val_categorical_accuracy: 0.6352 - lr: 5.0000e-04 - 5s/epoch - 6ms/step
Epoch 16/100
782/782 - 4s - loss: 0.9702 - categorical_accuracy: 0.6280 - val_loss: 0.9540 - val_categorical_accuracy: 0.6368 - lr: 5.0000e-04 - 4s/epoch - 6ms/step
Epoch 17/100
782/782 - 4s - loss: 0.9696 - categorical_accuracy: 0.6287 - val_loss: 0.9554 - val_categorical_accuracy: 0.6364 - lr: 5.0000e-04 - 4s/epoch - 6ms/step
Epoch 18/100
782/782 - 4s - loss: 0.9683 - categorical_accuracy: 0.6292 - val_loss: 0.9534 - val_categorical_accuracy: 0.6361 - lr: 5.0000e-04 - 4s/epoch - 6ms/step
Epoch 19/100
782/782 - 4s - loss: 0.9651 - categorical_accuracy: 0.6307 - val_loss: 0.9564 - val_categorical_accuracy: 0.6352 - lr: 5.0000e-04 - 4s/epoch - 6ms/step
Epoch 20/100
782/782 - 4s - loss: 0.9651 - categorical_accuracy: 0.6305 - val_loss: 0.9540 - val_categorical_accuracy: 0.6365 - lr: 5.0000e-04 - 4s/epoch - 6ms/step
Epoch 21/100
782/782 - 5s - loss: 0.9635 - categorical_accuracy: 0.6313 - val_loss: 0.9493 - val_categorical_accuracy: 0.6385 - lr: 5.0000e-04 - 5s/epoch - 6ms/step
Epoch 22/100
782/782 - 4s - loss: 0.9638 - categorical_accuracy: 0.6305 - val_loss: 0.9492 - val_categorical_accuracy: 0.6377 - lr: 5.0000e-04 - 4s/epoch - 6ms/step
Epoch 23/100
782/782 - 6s - loss: 0.9634 - categorical_accuracy: 0.6307 - val_loss: 0.9486 - val_categorical_accuracy: 0.6383 - lr: 5.0000e-04 - 6s/epoch - 7ms/step
Epoch 24/100
782/782 - 4s - loss: 0.9619 - categorical_accuracy: 0.6313 - val_loss: 0.9471 - val_categorical_accuracy: 0.6389 - lr: 5.0000e-04 - 4s/epoch - 6ms/step
Epoch 25/100
782/782 - 5s - loss: 0.9611 - categorical_accuracy: 0.6319 - val_loss: 0.9463 - val_categorical_accuracy: 0.6396 - lr: 5.0000e-04 - 5s/epoch - 6ms/step
Epoch 26/100
782/782 - 4s - loss: 0.9579 - categorical_accuracy: 0.6336 - val_loss: 0.9454 - val_categorical_accuracy: 0.6392 - lr: 5.0000e-04 - 4s/epoch - 6ms/step
Epoch 27/100
782/782 - 4s - loss: 0.9587 - categorical_accuracy: 0.6327 - val_loss: 0.9477 - val_categorical_accuracy: 0.6389 - lr: 5.0000e-04 - 4s/epoch - 6ms/step
Epoch 28/100
782/782 - 4s - loss: 0.9588 - categorical_accuracy: 0.6326 - val_loss: 0.9454 - val_categorical_accuracy: 0.6402 - lr: 5.0000e-04 - 4s/epoch - 6ms/step
Epoch 29/100
782/782 - 5s - loss: 0.9560 - categorical_accuracy: 0.6337 - val_loss: 0.9517 - val_categorical_accuracy: 0.6352 - lr: 5.0000e-04 - 5s/epoch - 6ms/step
Epoch 30/100
782/782 - 4s - loss: 0.9578 - categorical_accuracy: 0.6328 - val_loss: 0.9470 - val_categorical_accuracy: 0.6389 - lr: 5.0000e-04 - 4s/epoch - 6ms/step
Epoch 31/100
782/782 - 5s - loss: 0.9548 - categorical_accuracy: 0.6345 - val_loss: 0.9422 - val_categorical_accuracy: 0.6407 - lr: 5.0000e-04 - 5s/epoch - 6ms/step
Epoch 32/100
782/782 - 4s - loss: 0.9539 - categorical_accuracy: 0.6347 - val_loss: 0.9387 - val_categorical_accuracy: 0.6428 - lr: 5.0000e-04 - 4s/epoch - 6ms/step
Epoch 33/100
782/782 - 4s - loss: 0.9521 - categorical_accuracy: 0.6349 - val_loss: 0.9460 - val_categorical_accuracy: 0.6387 - lr: 5.0000e-04 - 4s/epoch - 6ms/step
Epoch 34/100
782/782 - 4s - loss: 0.9537 - categorical_accuracy: 0.6346 - val_loss: 0.9424 - val_categorical_accuracy: 0.6408 - lr: 5.0000e-04 - 4s/epoch - 6ms/step
Epoch 35/100
782/782 - 4s - loss: 0.9535 - categorical_accuracy: 0.6346 - val_loss: 0.9406 - val_categorical_accuracy: 0.6418 - lr: 5.0000e-04 - 4s/epoch - 6ms/step
Epoch 36/100
782/782 - 4s - loss: 0.9522 - categorical_accuracy: 0.6355 - val_loss: 0.9484 - val_categorical_accuracy: 0.6370 - lr: 5.0000e-04 - 4s/epoch - 6ms/step
Epoch 37/100
782/782 - 4s - loss: 0.9515 - categorical_accuracy: 0.6350 - val_loss: 0.9533 - val_categorical_accuracy: 0.6352 - lr: 5.0000e-04 - 4s/epoch - 6ms/step
Epoch 38/100
782/782 - 4s - loss: 0.9518 - categorical_accuracy: 0.6350 - val_loss: 0.9396 - val_categorical_accuracy: 0.6425 - lr: 5.0000e-04 - 4s/epoch - 6ms/step
Epoch 39/100
782/782 - 4s - loss: 0.9508 - categorical_accuracy: 0.6355 - val_loss: 0.9532 - val_categorical_accuracy: 0.6336 - lr: 5.0000e-04 - 4s/epoch - 6ms/step
Epoch 40/100
782/782 - 4s - loss: 0.9514 - categorical_accuracy: 0.6348 - val_loss: 0.9367 - val_categorical_accuracy: 0.6427 - lr: 5.0000e-04 - 4s/epoch - 6ms/step
Epoch 41/100
782/782 - 4s - loss: 0.9484 - categorical_accuracy: 0.6360 - val_loss: 0.9449 - val_categorical_accuracy: 0.6375 - lr: 5.0000e-04 - 4s/epoch - 5ms/step
Epoch 42/100
782/782 - 4s - loss: 0.9488 - categorical_accuracy: 0.6364 - val_loss: 0.9374 - val_categorical_accuracy: 0.6419 - lr: 5.0000e-04 - 4s/epoch - 5ms/step
[95m
SAVING RESULTS[0m
==============
[92m
Saved model to: [0m trained_intnets/perm_variant_conv_4
Loss vs epochs plot saved to trained_intnets/perm_variant_conv_4.
Accuracy vs epochs plot saved to trained_intnets/perm_variant_conv_4.
[92m
Jobs done! 🍰✨[0m
