[96m
GPU: NVIDIA GeForce GTX 1080 Ti[0m

----------------
[92mData loading complete:[0m
Training data size: 5.72e+05
Test data size: 0.00e+00
----------------

Shuffling constituents...
[92mShuffled the training data! 🃏
[0m
[92mNumber of constituents: 8
[0m
Instantiating model...
[92mModel compiled and built![0m
[95m
TRAINING THE MODEL 💪[0m
==================

Training parameters
-------------------
[92mOptimiser: 	[0m {'name': 'Adam', 'learning_rate': 0.0005, 'decay': 0.0, 'beta_1': 0.9, 'beta_2': 0.999, 'epsilon': 1e-07, 'amsgrad': False}
[92mBatch size: 	[0m 512
[92mTraining epochs:[0m 100
[92mLoss: 		[0m categorical_crossentropy

Epoch 1/100
782/782 - 10s - loss: 1.2019 - categorical_accuracy: 0.5063 - val_loss: 1.0829 - val_categorical_accuracy: 0.5834 - lr: 5.0000e-04 - 10s/epoch - 13ms/step
Epoch 2/100
782/782 - 4s - loss: 1.0588 - categorical_accuracy: 0.5931 - val_loss: 1.0453 - val_categorical_accuracy: 0.5949 - lr: 5.0000e-04 - 4s/epoch - 5ms/step
Epoch 3/100
782/782 - 4s - loss: 1.0334 - categorical_accuracy: 0.6042 - val_loss: 1.0116 - val_categorical_accuracy: 0.6172 - lr: 5.0000e-04 - 4s/epoch - 5ms/step
Epoch 4/100
782/782 - 4s - loss: 1.0221 - categorical_accuracy: 0.6090 - val_loss: 1.0057 - val_categorical_accuracy: 0.6172 - lr: 5.0000e-04 - 4s/epoch - 5ms/step
Epoch 5/100
782/782 - 4s - loss: 1.0087 - categorical_accuracy: 0.6149 - val_loss: 1.0093 - val_categorical_accuracy: 0.6100 - lr: 5.0000e-04 - 4s/epoch - 5ms/step
Epoch 6/100
782/782 - 4s - loss: 1.0030 - categorical_accuracy: 0.6170 - val_loss: 0.9855 - val_categorical_accuracy: 0.6263 - lr: 5.0000e-04 - 4s/epoch - 5ms/step
Epoch 7/100
782/782 - 4s - loss: 0.9976 - categorical_accuracy: 0.6185 - val_loss: 0.9893 - val_categorical_accuracy: 0.6221 - lr: 5.0000e-04 - 4s/epoch - 5ms/step
Epoch 8/100
782/782 - 4s - loss: 0.9919 - categorical_accuracy: 0.6206 - val_loss: 0.9767 - val_categorical_accuracy: 0.6276 - lr: 5.0000e-04 - 4s/epoch - 5ms/step
Epoch 9/100
782/782 - 4s - loss: 0.9874 - categorical_accuracy: 0.6225 - val_loss: 0.9691 - val_categorical_accuracy: 0.6309 - lr: 5.0000e-04 - 4s/epoch - 5ms/step
Epoch 10/100
782/782 - 4s - loss: 0.9841 - categorical_accuracy: 0.6232 - val_loss: 0.9679 - val_categorical_accuracy: 0.6319 - lr: 5.0000e-04 - 4s/epoch - 5ms/step
Epoch 11/100
782/782 - 4s - loss: 0.9819 - categorical_accuracy: 0.6235 - val_loss: 0.9679 - val_categorical_accuracy: 0.6312 - lr: 5.0000e-04 - 4s/epoch - 5ms/step
Epoch 12/100
782/782 - 4s - loss: 0.9776 - categorical_accuracy: 0.6259 - val_loss: 0.9735 - val_categorical_accuracy: 0.6273 - lr: 5.0000e-04 - 4s/epoch - 5ms/step
Epoch 13/100
782/782 - 4s - loss: 0.9759 - categorical_accuracy: 0.6265 - val_loss: 0.9620 - val_categorical_accuracy: 0.6325 - lr: 5.0000e-04 - 4s/epoch - 5ms/step
Epoch 14/100
782/782 - 4s - loss: 0.9738 - categorical_accuracy: 0.6267 - val_loss: 0.9653 - val_categorical_accuracy: 0.6316 - lr: 5.0000e-04 - 4s/epoch - 5ms/step
Epoch 15/100
782/782 - 4s - loss: 0.9707 - categorical_accuracy: 0.6281 - val_loss: 0.9572 - val_categorical_accuracy: 0.6351 - lr: 5.0000e-04 - 4s/epoch - 5ms/step
Epoch 16/100
782/782 - 4s - loss: 0.9692 - categorical_accuracy: 0.6279 - val_loss: 0.9529 - val_categorical_accuracy: 0.6369 - lr: 5.0000e-04 - 4s/epoch - 5ms/step
Epoch 17/100
782/782 - 4s - loss: 0.9685 - categorical_accuracy: 0.6289 - val_loss: 0.9544 - val_categorical_accuracy: 0.6367 - lr: 5.0000e-04 - 4s/epoch - 5ms/step
Epoch 18/100
782/782 - 4s - loss: 0.9673 - categorical_accuracy: 0.6291 - val_loss: 0.9522 - val_categorical_accuracy: 0.6363 - lr: 5.0000e-04 - 4s/epoch - 5ms/step
Epoch 19/100
782/782 - 4s - loss: 0.9639 - categorical_accuracy: 0.6306 - val_loss: 0.9570 - val_categorical_accuracy: 0.6346 - lr: 5.0000e-04 - 4s/epoch - 5ms/step
Epoch 20/100
782/782 - 4s - loss: 0.9639 - categorical_accuracy: 0.6308 - val_loss: 0.9535 - val_categorical_accuracy: 0.6360 - lr: 5.0000e-04 - 4s/epoch - 5ms/step
Epoch 21/100
782/782 - 4s - loss: 0.9625 - categorical_accuracy: 0.6312 - val_loss: 0.9480 - val_categorical_accuracy: 0.6387 - lr: 5.0000e-04 - 4s/epoch - 5ms/step
Epoch 22/100
782/782 - 4s - loss: 0.9629 - categorical_accuracy: 0.6304 - val_loss: 0.9486 - val_categorical_accuracy: 0.6375 - lr: 5.0000e-04 - 4s/epoch - 5ms/step
Epoch 23/100
782/782 - 4s - loss: 0.9624 - categorical_accuracy: 0.6308 - val_loss: 0.9468 - val_categorical_accuracy: 0.6387 - lr: 5.0000e-04 - 4s/epoch - 5ms/step
Epoch 24/100
782/782 - 4s - loss: 0.9608 - categorical_accuracy: 0.6312 - val_loss: 0.9455 - val_categorical_accuracy: 0.6392 - lr: 5.0000e-04 - 4s/epoch - 5ms/step
Epoch 25/100
782/782 - 4s - loss: 0.9602 - categorical_accuracy: 0.6319 - val_loss: 0.9460 - val_categorical_accuracy: 0.6390 - lr: 5.0000e-04 - 4s/epoch - 5ms/step
Epoch 26/100
782/782 - 4s - loss: 0.9569 - categorical_accuracy: 0.6336 - val_loss: 0.9441 - val_categorical_accuracy: 0.6393 - lr: 5.0000e-04 - 4s/epoch - 5ms/step
Epoch 27/100
782/782 - 4s - loss: 0.9576 - categorical_accuracy: 0.6329 - val_loss: 0.9464 - val_categorical_accuracy: 0.6390 - lr: 5.0000e-04 - 4s/epoch - 5ms/step
Epoch 28/100
782/782 - 4s - loss: 0.9575 - categorical_accuracy: 0.6326 - val_loss: 0.9452 - val_categorical_accuracy: 0.6401 - lr: 5.0000e-04 - 4s/epoch - 5ms/step
Epoch 29/100
782/782 - 4s - loss: 0.9548 - categorical_accuracy: 0.6340 - val_loss: 0.9498 - val_categorical_accuracy: 0.6354 - lr: 5.0000e-04 - 4s/epoch - 5ms/step
Epoch 30/100
782/782 - 4s - loss: 0.9564 - categorical_accuracy: 0.6325 - val_loss: 0.9459 - val_categorical_accuracy: 0.6392 - lr: 5.0000e-04 - 4s/epoch - 5ms/step
Epoch 31/100
782/782 - 4s - loss: 0.9535 - categorical_accuracy: 0.6344 - val_loss: 0.9413 - val_categorical_accuracy: 0.6408 - lr: 5.0000e-04 - 4s/epoch - 5ms/step
Epoch 32/100
782/782 - 4s - loss: 0.9525 - categorical_accuracy: 0.6352 - val_loss: 0.9372 - val_categorical_accuracy: 0.6431 - lr: 5.0000e-04 - 4s/epoch - 5ms/step
Epoch 33/100
782/782 - 4s - loss: 0.9504 - categorical_accuracy: 0.6352 - val_loss: 0.9459 - val_categorical_accuracy: 0.6379 - lr: 5.0000e-04 - 4s/epoch - 5ms/step
Epoch 34/100
782/782 - 4s - loss: 0.9521 - categorical_accuracy: 0.6346 - val_loss: 0.9415 - val_categorical_accuracy: 0.6405 - lr: 5.0000e-04 - 4s/epoch - 5ms/step
Epoch 35/100
782/782 - 4s - loss: 0.9519 - categorical_accuracy: 0.6345 - val_loss: 0.9397 - val_categorical_accuracy: 0.6414 - lr: 5.0000e-04 - 4s/epoch - 5ms/step
Epoch 36/100
782/782 - 4s - loss: 0.9506 - categorical_accuracy: 0.6359 - val_loss: 0.9485 - val_categorical_accuracy: 0.6360 - lr: 5.0000e-04 - 4s/epoch - 5ms/step
Epoch 37/100
782/782 - 5s - loss: 0.9499 - categorical_accuracy: 0.6355 - val_loss: 0.9534 - val_categorical_accuracy: 0.6348 - lr: 5.0000e-04 - 5s/epoch - 6ms/step
Epoch 38/100
782/782 - 4s - loss: 0.9501 - categorical_accuracy: 0.6347 - val_loss: 0.9394 - val_categorical_accuracy: 0.6414 - lr: 5.0000e-04 - 4s/epoch - 5ms/step
Epoch 39/100
782/782 - 5s - loss: 0.9493 - categorical_accuracy: 0.6360 - val_loss: 0.9505 - val_categorical_accuracy: 0.6347 - lr: 5.0000e-04 - 5s/epoch - 6ms/step
Epoch 40/100
782/782 - 4s - loss: 0.9493 - categorical_accuracy: 0.6351 - val_loss: 0.9357 - val_categorical_accuracy: 0.6421 - lr: 5.0000e-04 - 4s/epoch - 5ms/step
Epoch 41/100
782/782 - 4s - loss: 0.9463 - categorical_accuracy: 0.6366 - val_loss: 0.9438 - val_categorical_accuracy: 0.6369 - lr: 5.0000e-04 - 4s/epoch - 5ms/step
Epoch 42/100
782/782 - 4s - loss: 0.9471 - categorical_accuracy: 0.6364 - val_loss: 0.9371 - val_categorical_accuracy: 0.6408 - lr: 5.0000e-04 - 4s/epoch - 5ms/step
[95m
SAVING RESULTS[0m
==============
[92m
Saved model to: [0m trained_intnets/perm_variant_conv_4
Loss vs epochs plot saved to trained_intnets/perm_variant_conv_4.
Accuracy vs epochs plot saved to trained_intnets/perm_variant_conv_4.
[92m
Jobs done! 🍰✨[0m
