[96m
GPU: NVIDIA GeForce GTX 1080 Ti[0m

----------------
[92mData loading complete:[0m
Training data size: 5.72e+05
Test data size: 0.00e+00
----------------

Shuffling constituents...
[92mShuffled the training data! 🃏
[0m
[92mNumber of constituents: 8[0m
Instantiating model...
[92mModel compiled and built![0m
[95m
TRAINING THE MODEL 💪[0m
==================

Training parameters
-------------------
[92mOptimiser: 	[0m {'name': 'Adam', 'learning_rate': 0.0005, 'decay': 0.0, 'beta_1': 0.9, 'beta_2': 0.999, 'epsilon': 1e-07, 'amsgrad': False}
[92mBatch size: 	[0m 512
[92mTraining epochs:[0m 100
[92mLoss: 		[0m categorical_crossentropy

Epoch 1/100
782/782 - 9s - loss: 1.2609 - categorical_accuracy: 0.4716 - val_loss: 1.1146 - val_categorical_accuracy: 0.5637 - lr: 5.0000e-04 - 9s/epoch - 11ms/step
Epoch 2/100
782/782 - 5s - loss: 1.0800 - categorical_accuracy: 0.5822 - val_loss: 1.0518 - val_categorical_accuracy: 0.5966 - lr: 5.0000e-04 - 5s/epoch - 7ms/step
Epoch 3/100
782/782 - 5s - loss: 1.0481 - categorical_accuracy: 0.5959 - val_loss: 1.0327 - val_categorical_accuracy: 0.6036 - lr: 5.0000e-04 - 5s/epoch - 7ms/step
Epoch 4/100
782/782 - 5s - loss: 1.0337 - categorical_accuracy: 0.6020 - val_loss: 1.0210 - val_categorical_accuracy: 0.6060 - lr: 5.0000e-04 - 5s/epoch - 7ms/step
Epoch 5/100
782/782 - 5s - loss: 1.0236 - categorical_accuracy: 0.6058 - val_loss: 1.0130 - val_categorical_accuracy: 0.6089 - lr: 5.0000e-04 - 5s/epoch - 7ms/step
Epoch 6/100
782/782 - 5s - loss: 1.0160 - categorical_accuracy: 0.6083 - val_loss: 1.0063 - val_categorical_accuracy: 0.6116 - lr: 5.0000e-04 - 5s/epoch - 7ms/step
Epoch 7/100
782/782 - 5s - loss: 1.0101 - categorical_accuracy: 0.6107 - val_loss: 1.0012 - val_categorical_accuracy: 0.6136 - lr: 5.0000e-04 - 5s/epoch - 7ms/step
Epoch 8/100
782/782 - 5s - loss: 1.0047 - categorical_accuracy: 0.6129 - val_loss: 0.9961 - val_categorical_accuracy: 0.6161 - lr: 5.0000e-04 - 5s/epoch - 7ms/step
Epoch 9/100
782/782 - 5s - loss: 0.9995 - categorical_accuracy: 0.6152 - val_loss: 0.9913 - val_categorical_accuracy: 0.6186 - lr: 5.0000e-04 - 5s/epoch - 7ms/step
Epoch 10/100
782/782 - 5s - loss: 0.9948 - categorical_accuracy: 0.6176 - val_loss: 0.9874 - val_categorical_accuracy: 0.6206 - lr: 5.0000e-04 - 5s/epoch - 7ms/step
Epoch 11/100
782/782 - 5s - loss: 0.9910 - categorical_accuracy: 0.6195 - val_loss: 0.9847 - val_categorical_accuracy: 0.6213 - lr: 5.0000e-04 - 5s/epoch - 7ms/step
Epoch 12/100
782/782 - 5s - loss: 0.9880 - categorical_accuracy: 0.6209 - val_loss: 0.9831 - val_categorical_accuracy: 0.6218 - lr: 5.0000e-04 - 5s/epoch - 7ms/step
Epoch 13/100
782/782 - 6s - loss: 0.9853 - categorical_accuracy: 0.6222 - val_loss: 0.9800 - val_categorical_accuracy: 0.6225 - lr: 5.0000e-04 - 6s/epoch - 7ms/step
Epoch 14/100
782/782 - 5s - loss: 0.9828 - categorical_accuracy: 0.6234 - val_loss: 0.9780 - val_categorical_accuracy: 0.6235 - lr: 5.0000e-04 - 5s/epoch - 7ms/step
Epoch 15/100
782/782 - 5s - loss: 0.9806 - categorical_accuracy: 0.6245 - val_loss: 0.9770 - val_categorical_accuracy: 0.6238 - lr: 5.0000e-04 - 5s/epoch - 7ms/step
Epoch 16/100
782/782 - 6s - loss: 0.9786 - categorical_accuracy: 0.6252 - val_loss: 0.9749 - val_categorical_accuracy: 0.6246 - lr: 5.0000e-04 - 6s/epoch - 7ms/step
Epoch 17/100
782/782 - 5s - loss: 0.9767 - categorical_accuracy: 0.6259 - val_loss: 0.9729 - val_categorical_accuracy: 0.6252 - lr: 5.0000e-04 - 5s/epoch - 7ms/step
Epoch 18/100
782/782 - 5s - loss: 0.9750 - categorical_accuracy: 0.6264 - val_loss: 0.9734 - val_categorical_accuracy: 0.6250 - lr: 5.0000e-04 - 5s/epoch - 7ms/step
Epoch 19/100
782/782 - 6s - loss: 0.9731 - categorical_accuracy: 0.6272 - val_loss: 0.9710 - val_categorical_accuracy: 0.6257 - lr: 5.0000e-04 - 6s/epoch - 7ms/step
Epoch 20/100
782/782 - 5s - loss: 0.9714 - categorical_accuracy: 0.6279 - val_loss: 0.9691 - val_categorical_accuracy: 0.6265 - lr: 5.0000e-04 - 5s/epoch - 7ms/step
Epoch 21/100
782/782 - 5s - loss: 0.9698 - categorical_accuracy: 0.6285 - val_loss: 0.9669 - val_categorical_accuracy: 0.6278 - lr: 5.0000e-04 - 5s/epoch - 7ms/step
Epoch 22/100
782/782 - 5s - loss: 0.9682 - categorical_accuracy: 0.6294 - val_loss: 0.9645 - val_categorical_accuracy: 0.6290 - lr: 5.0000e-04 - 5s/epoch - 7ms/step
Epoch 23/100
782/782 - 5s - loss: 0.9669 - categorical_accuracy: 0.6300 - val_loss: 0.9636 - val_categorical_accuracy: 0.6292 - lr: 5.0000e-04 - 5s/epoch - 7ms/step
Epoch 24/100
782/782 - 5s - loss: 0.9655 - categorical_accuracy: 0.6305 - val_loss: 0.9629 - val_categorical_accuracy: 0.6292 - lr: 5.0000e-04 - 5s/epoch - 7ms/step
Epoch 25/100
782/782 - 5s - loss: 0.9642 - categorical_accuracy: 0.6311 - val_loss: 0.9621 - val_categorical_accuracy: 0.6294 - lr: 5.0000e-04 - 5s/epoch - 7ms/step
Epoch 26/100
782/782 - 5s - loss: 0.9630 - categorical_accuracy: 0.6315 - val_loss: 0.9602 - val_categorical_accuracy: 0.6305 - lr: 5.0000e-04 - 5s/epoch - 7ms/step
Epoch 27/100
782/782 - 5s - loss: 0.9618 - categorical_accuracy: 0.6320 - val_loss: 0.9597 - val_categorical_accuracy: 0.6306 - lr: 5.0000e-04 - 5s/epoch - 7ms/step
Epoch 28/100
782/782 - 5s - loss: 0.9609 - categorical_accuracy: 0.6324 - val_loss: 0.9567 - val_categorical_accuracy: 0.6324 - lr: 5.0000e-04 - 5s/epoch - 7ms/step
Epoch 29/100
782/782 - 5s - loss: 0.9598 - categorical_accuracy: 0.6326 - val_loss: 0.9562 - val_categorical_accuracy: 0.6327 - lr: 5.0000e-04 - 5s/epoch - 7ms/step
Epoch 30/100
782/782 - 5s - loss: 0.9589 - categorical_accuracy: 0.6329 - val_loss: 0.9554 - val_categorical_accuracy: 0.6325 - lr: 5.0000e-04 - 5s/epoch - 7ms/step
Epoch 31/100
782/782 - 5s - loss: 0.9580 - categorical_accuracy: 0.6330 - val_loss: 0.9541 - val_categorical_accuracy: 0.6333 - lr: 5.0000e-04 - 5s/epoch - 7ms/step
Epoch 32/100
782/782 - 5s - loss: 0.9572 - categorical_accuracy: 0.6335 - val_loss: 0.9535 - val_categorical_accuracy: 0.6333 - lr: 5.0000e-04 - 5s/epoch - 7ms/step
Epoch 33/100
782/782 - 5s - loss: 0.9564 - categorical_accuracy: 0.6337 - val_loss: 0.9531 - val_categorical_accuracy: 0.6336 - lr: 5.0000e-04 - 5s/epoch - 7ms/step
Epoch 34/100
782/782 - 5s - loss: 0.9556 - categorical_accuracy: 0.6342 - val_loss: 0.9534 - val_categorical_accuracy: 0.6336 - lr: 5.0000e-04 - 5s/epoch - 7ms/step
Epoch 35/100
782/782 - 5s - loss: 0.9549 - categorical_accuracy: 0.6344 - val_loss: 0.9520 - val_categorical_accuracy: 0.6341 - lr: 5.0000e-04 - 5s/epoch - 7ms/step
Epoch 36/100
782/782 - 5s - loss: 0.9541 - categorical_accuracy: 0.6347 - val_loss: 0.9515 - val_categorical_accuracy: 0.6343 - lr: 5.0000e-04 - 5s/epoch - 7ms/step
Epoch 37/100
782/782 - 5s - loss: 0.9535 - categorical_accuracy: 0.6350 - val_loss: 0.9512 - val_categorical_accuracy: 0.6344 - lr: 5.0000e-04 - 5s/epoch - 7ms/step
Epoch 38/100
782/782 - 5s - loss: 0.9528 - categorical_accuracy: 0.6352 - val_loss: 0.9500 - val_categorical_accuracy: 0.6351 - lr: 5.0000e-04 - 5s/epoch - 7ms/step
Epoch 39/100
782/782 - 5s - loss: 0.9521 - categorical_accuracy: 0.6356 - val_loss: 0.9496 - val_categorical_accuracy: 0.6349 - lr: 5.0000e-04 - 5s/epoch - 7ms/step
Epoch 40/100
782/782 - 5s - loss: 0.9515 - categorical_accuracy: 0.6359 - val_loss: 0.9486 - val_categorical_accuracy: 0.6356 - lr: 5.0000e-04 - 5s/epoch - 7ms/step
Epoch 41/100
782/782 - 5s - loss: 0.9508 - categorical_accuracy: 0.6363 - val_loss: 0.9478 - val_categorical_accuracy: 0.6364 - lr: 5.0000e-04 - 5s/epoch - 7ms/step
Epoch 42/100
782/782 - 5s - loss: 0.9501 - categorical_accuracy: 0.6365 - val_loss: 0.9475 - val_categorical_accuracy: 0.6366 - lr: 5.0000e-04 - 5s/epoch - 7ms/step
Epoch 43/100
782/782 - 5s - loss: 0.9496 - categorical_accuracy: 0.6367 - val_loss: 0.9479 - val_categorical_accuracy: 0.6361 - lr: 5.0000e-04 - 5s/epoch - 7ms/step
Epoch 44/100
782/782 - 5s - loss: 0.9490 - categorical_accuracy: 0.6369 - val_loss: 0.9477 - val_categorical_accuracy: 0.6365 - lr: 5.0000e-04 - 5s/epoch - 7ms/step
Epoch 45/100
782/782 - 5s - loss: 0.9485 - categorical_accuracy: 0.6371 - val_loss: 0.9476 - val_categorical_accuracy: 0.6365 - lr: 5.0000e-04 - 5s/epoch - 7ms/step
Epoch 46/100
782/782 - 5s - loss: 0.9480 - categorical_accuracy: 0.6374 - val_loss: 0.9466 - val_categorical_accuracy: 0.6370 - lr: 5.0000e-04 - 5s/epoch - 7ms/step
Epoch 47/100
782/782 - 5s - loss: 0.9474 - categorical_accuracy: 0.6376 - val_loss: 0.9455 - val_categorical_accuracy: 0.6376 - lr: 5.0000e-04 - 5s/epoch - 7ms/step
Epoch 48/100
782/782 - 5s - loss: 0.9469 - categorical_accuracy: 0.6377 - val_loss: 0.9458 - val_categorical_accuracy: 0.6372 - lr: 5.0000e-04 - 5s/epoch - 7ms/step
Epoch 49/100
782/782 - 5s - loss: 0.9464 - categorical_accuracy: 0.6379 - val_loss: 0.9448 - val_categorical_accuracy: 0.6377 - lr: 5.0000e-04 - 5s/epoch - 7ms/step
Epoch 50/100
782/782 - 5s - loss: 0.9459 - categorical_accuracy: 0.6383 - val_loss: 0.9436 - val_categorical_accuracy: 0.6387 - lr: 5.0000e-04 - 5s/epoch - 7ms/step
Epoch 51/100
782/782 - 5s - loss: 0.9454 - categorical_accuracy: 0.6385 - val_loss: 0.9440 - val_categorical_accuracy: 0.6382 - lr: 5.0000e-04 - 5s/epoch - 7ms/step
Epoch 52/100
782/782 - 5s - loss: 0.9449 - categorical_accuracy: 0.6384 - val_loss: 0.9433 - val_categorical_accuracy: 0.6384 - lr: 5.0000e-04 - 5s/epoch - 7ms/step
Epoch 53/100
782/782 - 5s - loss: 0.9445 - categorical_accuracy: 0.6386 - val_loss: 0.9423 - val_categorical_accuracy: 0.6391 - lr: 5.0000e-04 - 5s/epoch - 7ms/step
Epoch 54/100
782/782 - 5s - loss: 0.9440 - categorical_accuracy: 0.6388 - val_loss: 0.9423 - val_categorical_accuracy: 0.6389 - lr: 5.0000e-04 - 5s/epoch - 7ms/step
Epoch 55/100
782/782 - 5s - loss: 0.9436 - categorical_accuracy: 0.6391 - val_loss: 0.9425 - val_categorical_accuracy: 0.6386 - lr: 5.0000e-04 - 5s/epoch - 7ms/step
Epoch 56/100
782/782 - 5s - loss: 0.9431 - categorical_accuracy: 0.6392 - val_loss: 0.9420 - val_categorical_accuracy: 0.6388 - lr: 5.0000e-04 - 5s/epoch - 7ms/step
Epoch 57/100
782/782 - 5s - loss: 0.9427 - categorical_accuracy: 0.6392 - val_loss: 0.9413 - val_categorical_accuracy: 0.6391 - lr: 5.0000e-04 - 5s/epoch - 7ms/step
Epoch 58/100
782/782 - 5s - loss: 0.9422 - categorical_accuracy: 0.6395 - val_loss: 0.9420 - val_categorical_accuracy: 0.6387 - lr: 5.0000e-04 - 5s/epoch - 7ms/step
Epoch 59/100
782/782 - 5s - loss: 0.9418 - categorical_accuracy: 0.6397 - val_loss: 0.9413 - val_categorical_accuracy: 0.6387 - lr: 5.0000e-04 - 5s/epoch - 7ms/step
Epoch 60/100
782/782 - 5s - loss: 0.9415 - categorical_accuracy: 0.6399 - val_loss: 0.9421 - val_categorical_accuracy: 0.6383 - lr: 5.0000e-04 - 5s/epoch - 7ms/step
Epoch 61/100
782/782 - 5s - loss: 0.9411 - categorical_accuracy: 0.6400 - val_loss: 0.9415 - val_categorical_accuracy: 0.6386 - lr: 5.0000e-04 - 5s/epoch - 7ms/step
Epoch 62/100
782/782 - 5s - loss: 0.9407 - categorical_accuracy: 0.6401 - val_loss: 0.9414 - val_categorical_accuracy: 0.6384 - lr: 5.0000e-04 - 5s/epoch - 7ms/step
Epoch 63/100
782/782 - 5s - loss: 0.9403 - categorical_accuracy: 0.6403 - val_loss: 0.9414 - val_categorical_accuracy: 0.6383 - lr: 5.0000e-04 - 5s/epoch - 7ms/step
[95m
SAVING RESULTS[0m
==============
[92m
Saved model to: [0m trained_intnets/perm_variant_conv_4
Loss vs epochs plot saved to trained_intnets/perm_variant_conv_4.
Accuracy vs epochs plot saved to trained_intnets/perm_variant_conv_4.
[92m
Jobs done! 🍰✨[0m
