[96m
GPU: NVIDIA GeForce GTX 1080 Ti[0m

----------------
[92mData loading complete:[0m
Training data size: 5.72e+05
Test data size: 0.00e+00
----------------

Shuffling constituents...
[92mShuffled the training data! 🃏
[0m
[92mNumber of constituents: 8
[0m
Instantiating model...
[92mModel compiled and built![0m
[95m
TRAINING THE MODEL 💪[0m
==================

Training parameters
-------------------
[92mOptimiser: 	[0m {'name': 'Adam', 'learning_rate': 0.0005, 'decay': 0.0, 'beta_1': 0.9, 'beta_2': 0.999, 'epsilon': 1e-07, 'amsgrad': False}
[92mBatch size: 	[0m 512
[92mTraining epochs:[0m 100
[92mLoss: 		[0m categorical_crossentropy

Epoch 1/100
782/782 - 11s - loss: 1.2040 - categorical_accuracy: 0.5084 - val_loss: 1.0958 - val_categorical_accuracy: 0.5758 - lr: 5.0000e-04 - 11s/epoch - 14ms/step
Epoch 2/100
782/782 - 4s - loss: 1.0684 - categorical_accuracy: 0.5887 - val_loss: 1.0502 - val_categorical_accuracy: 0.5957 - lr: 5.0000e-04 - 4s/epoch - 6ms/step
Epoch 3/100
782/782 - 5s - loss: 1.0442 - categorical_accuracy: 0.5994 - val_loss: 1.0236 - val_categorical_accuracy: 0.6130 - lr: 5.0000e-04 - 5s/epoch - 6ms/step
Epoch 4/100
782/782 - 5s - loss: 1.0344 - categorical_accuracy: 0.6038 - val_loss: 1.0228 - val_categorical_accuracy: 0.6112 - lr: 5.0000e-04 - 5s/epoch - 6ms/step
Epoch 5/100
782/782 - 4s - loss: 1.0220 - categorical_accuracy: 0.6097 - val_loss: 1.0233 - val_categorical_accuracy: 0.6042 - lr: 5.0000e-04 - 4s/epoch - 5ms/step
Epoch 6/100
782/782 - 4s - loss: 1.0170 - categorical_accuracy: 0.6121 - val_loss: 0.9994 - val_categorical_accuracy: 0.6222 - lr: 5.0000e-04 - 4s/epoch - 5ms/step
Epoch 7/100
782/782 - 4s - loss: 1.0106 - categorical_accuracy: 0.6150 - val_loss: 1.0057 - val_categorical_accuracy: 0.6171 - lr: 5.0000e-04 - 4s/epoch - 6ms/step
Epoch 8/100
782/782 - 5s - loss: 1.0040 - categorical_accuracy: 0.6180 - val_loss: 0.9878 - val_categorical_accuracy: 0.6263 - lr: 5.0000e-04 - 5s/epoch - 6ms/step
Epoch 9/100
782/782 - 4s - loss: 0.9983 - categorical_accuracy: 0.6202 - val_loss: 0.9823 - val_categorical_accuracy: 0.6290 - lr: 5.0000e-04 - 4s/epoch - 6ms/step
Epoch 10/100
782/782 - 5s - loss: 0.9942 - categorical_accuracy: 0.6212 - val_loss: 0.9793 - val_categorical_accuracy: 0.6298 - lr: 5.0000e-04 - 5s/epoch - 6ms/step
Epoch 11/100
782/782 - 4s - loss: 0.9907 - categorical_accuracy: 0.6224 - val_loss: 0.9767 - val_categorical_accuracy: 0.6303 - lr: 5.0000e-04 - 4s/epoch - 6ms/step
Epoch 12/100
782/782 - 4s - loss: 0.9846 - categorical_accuracy: 0.6248 - val_loss: 0.9814 - val_categorical_accuracy: 0.6262 - lr: 5.0000e-04 - 4s/epoch - 6ms/step
Epoch 13/100
782/782 - 5s - loss: 0.9819 - categorical_accuracy: 0.6265 - val_loss: 0.9723 - val_categorical_accuracy: 0.6304 - lr: 5.0000e-04 - 5s/epoch - 6ms/step
Epoch 14/100
782/782 - 4s - loss: 0.9792 - categorical_accuracy: 0.6265 - val_loss: 0.9679 - val_categorical_accuracy: 0.6339 - lr: 5.0000e-04 - 4s/epoch - 5ms/step
Epoch 15/100
782/782 - 4s - loss: 0.9759 - categorical_accuracy: 0.6280 - val_loss: 0.9615 - val_categorical_accuracy: 0.6354 - lr: 5.0000e-04 - 4s/epoch - 5ms/step
Epoch 16/100
782/782 - 4s - loss: 0.9739 - categorical_accuracy: 0.6291 - val_loss: 0.9571 - val_categorical_accuracy: 0.6381 - lr: 5.0000e-04 - 4s/epoch - 5ms/step
Epoch 17/100
782/782 - 4s - loss: 0.9727 - categorical_accuracy: 0.6294 - val_loss: 0.9607 - val_categorical_accuracy: 0.6360 - lr: 5.0000e-04 - 4s/epoch - 5ms/step
Epoch 18/100
782/782 - 4s - loss: 0.9702 - categorical_accuracy: 0.6297 - val_loss: 0.9558 - val_categorical_accuracy: 0.6380 - lr: 5.0000e-04 - 4s/epoch - 5ms/step
Epoch 19/100
782/782 - 4s - loss: 0.9668 - categorical_accuracy: 0.6316 - val_loss: 0.9572 - val_categorical_accuracy: 0.6377 - lr: 5.0000e-04 - 4s/epoch - 6ms/step
Epoch 20/100
782/782 - 5s - loss: 0.9667 - categorical_accuracy: 0.6311 - val_loss: 0.9559 - val_categorical_accuracy: 0.6378 - lr: 5.0000e-04 - 5s/epoch - 6ms/step
Epoch 21/100
782/782 - 5s - loss: 0.9653 - categorical_accuracy: 0.6314 - val_loss: 0.9506 - val_categorical_accuracy: 0.6397 - lr: 5.0000e-04 - 5s/epoch - 6ms/step
Epoch 22/100
782/782 - 5s - loss: 0.9648 - categorical_accuracy: 0.6320 - val_loss: 0.9510 - val_categorical_accuracy: 0.6393 - lr: 5.0000e-04 - 5s/epoch - 6ms/step
Epoch 23/100
782/782 - 4s - loss: 0.9646 - categorical_accuracy: 0.6312 - val_loss: 0.9485 - val_categorical_accuracy: 0.6404 - lr: 5.0000e-04 - 4s/epoch - 6ms/step
Epoch 24/100
782/782 - 5s - loss: 0.9627 - categorical_accuracy: 0.6325 - val_loss: 0.9482 - val_categorical_accuracy: 0.6406 - lr: 5.0000e-04 - 5s/epoch - 6ms/step
Epoch 25/100
782/782 - 6s - loss: 0.9618 - categorical_accuracy: 0.6324 - val_loss: 0.9483 - val_categorical_accuracy: 0.6402 - lr: 5.0000e-04 - 6s/epoch - 7ms/step
Epoch 26/100
782/782 - 4s - loss: 0.9588 - categorical_accuracy: 0.6336 - val_loss: 0.9457 - val_categorical_accuracy: 0.6420 - lr: 5.0000e-04 - 4s/epoch - 5ms/step
Epoch 27/100
782/782 - 4s - loss: 0.9597 - categorical_accuracy: 0.6337 - val_loss: 0.9491 - val_categorical_accuracy: 0.6400 - lr: 5.0000e-04 - 4s/epoch - 6ms/step
Epoch 28/100
782/782 - 5s - loss: 0.9593 - categorical_accuracy: 0.6337 - val_loss: 0.9479 - val_categorical_accuracy: 0.6402 - lr: 5.0000e-04 - 5s/epoch - 6ms/step
Epoch 29/100
782/782 - 5s - loss: 0.9567 - categorical_accuracy: 0.6348 - val_loss: 0.9522 - val_categorical_accuracy: 0.6371 - lr: 5.0000e-04 - 5s/epoch - 6ms/step
Epoch 30/100
782/782 - 5s - loss: 0.9580 - categorical_accuracy: 0.6334 - val_loss: 0.9445 - val_categorical_accuracy: 0.6427 - lr: 5.0000e-04 - 5s/epoch - 6ms/step
Epoch 31/100
782/782 - 5s - loss: 0.9554 - categorical_accuracy: 0.6346 - val_loss: 0.9403 - val_categorical_accuracy: 0.6439 - lr: 5.0000e-04 - 5s/epoch - 6ms/step
Epoch 32/100
782/782 - 5s - loss: 0.9536 - categorical_accuracy: 0.6357 - val_loss: 0.9398 - val_categorical_accuracy: 0.6441 - lr: 5.0000e-04 - 5s/epoch - 6ms/step
Epoch 33/100
782/782 - 5s - loss: 0.9521 - categorical_accuracy: 0.6360 - val_loss: 0.9444 - val_categorical_accuracy: 0.6413 - lr: 5.0000e-04 - 5s/epoch - 6ms/step
Epoch 34/100
782/782 - 5s - loss: 0.9534 - categorical_accuracy: 0.6356 - val_loss: 0.9412 - val_categorical_accuracy: 0.6434 - lr: 5.0000e-04 - 5s/epoch - 6ms/step
Epoch 35/100
782/782 - 5s - loss: 0.9536 - categorical_accuracy: 0.6353 - val_loss: 0.9396 - val_categorical_accuracy: 0.6436 - lr: 5.0000e-04 - 5s/epoch - 6ms/step
Epoch 36/100
782/782 - 4s - loss: 0.9518 - categorical_accuracy: 0.6363 - val_loss: 0.9456 - val_categorical_accuracy: 0.6405 - lr: 5.0000e-04 - 4s/epoch - 6ms/step
Epoch 37/100
782/782 - 4s - loss: 0.9508 - categorical_accuracy: 0.6366 - val_loss: 0.9526 - val_categorical_accuracy: 0.6361 - lr: 5.0000e-04 - 4s/epoch - 5ms/step
Epoch 38/100
782/782 - 5s - loss: 0.9516 - categorical_accuracy: 0.6360 - val_loss: 0.9391 - val_categorical_accuracy: 0.6441 - lr: 5.0000e-04 - 5s/epoch - 6ms/step
Epoch 39/100
782/782 - 5s - loss: 0.9509 - categorical_accuracy: 0.6366 - val_loss: 0.9533 - val_categorical_accuracy: 0.6351 - lr: 5.0000e-04 - 5s/epoch - 6ms/step
Epoch 40/100
782/782 - 5s - loss: 0.9508 - categorical_accuracy: 0.6366 - val_loss: 0.9349 - val_categorical_accuracy: 0.6451 - lr: 5.0000e-04 - 5s/epoch - 6ms/step
Epoch 41/100
782/782 - 5s - loss: 0.9481 - categorical_accuracy: 0.6377 - val_loss: 0.9418 - val_categorical_accuracy: 0.6405 - lr: 5.0000e-04 - 5s/epoch - 6ms/step
Epoch 42/100
782/782 - 5s - loss: 0.9483 - categorical_accuracy: 0.6371 - val_loss: 0.9375 - val_categorical_accuracy: 0.6435 - lr: 5.0000e-04 - 5s/epoch - 6ms/step
Epoch 43/100
782/782 - 5s - loss: 0.9474 - categorical_accuracy: 0.6386 - val_loss: 0.9337 - val_categorical_accuracy: 0.6455 - lr: 5.0000e-04 - 5s/epoch - 6ms/step
Epoch 44/100
782/782 - 5s - loss: 0.9490 - categorical_accuracy: 0.6371 - val_loss: 0.9322 - val_categorical_accuracy: 0.6466 - lr: 5.0000e-04 - 5s/epoch - 6ms/step
Epoch 45/100
782/782 - 5s - loss: 0.9449 - categorical_accuracy: 0.6392 - val_loss: 0.9316 - val_categorical_accuracy: 0.6480 - lr: 5.0000e-04 - 5s/epoch - 6ms/step
Epoch 46/100
782/782 - 5s - loss: 0.9454 - categorical_accuracy: 0.6391 - val_loss: 0.9345 - val_categorical_accuracy: 0.6460 - lr: 5.0000e-04 - 5s/epoch - 6ms/step
Epoch 47/100
782/782 - 5s - loss: 0.9450 - categorical_accuracy: 0.6394 - val_loss: 0.9342 - val_categorical_accuracy: 0.6448 - lr: 5.0000e-04 - 5s/epoch - 6ms/step
Epoch 48/100
782/782 - 5s - loss: 0.9478 - categorical_accuracy: 0.6376 - val_loss: 0.9376 - val_categorical_accuracy: 0.6437 - lr: 5.0000e-04 - 5s/epoch - 6ms/step
Epoch 49/100
782/782 - 4s - loss: 0.9445 - categorical_accuracy: 0.6390 - val_loss: 0.9419 - val_categorical_accuracy: 0.6391 - lr: 5.0000e-04 - 4s/epoch - 6ms/step
Epoch 50/100
782/782 - 4s - loss: 0.9453 - categorical_accuracy: 0.6385 - val_loss: 0.9321 - val_categorical_accuracy: 0.6461 - lr: 5.0000e-04 - 4s/epoch - 6ms/step
Epoch 51/100
782/782 - 5s - loss: 0.9436 - categorical_accuracy: 0.6397 - val_loss: 0.9292 - val_categorical_accuracy: 0.6476 - lr: 5.0000e-04 - 5s/epoch - 6ms/step
Epoch 52/100
782/782 - 5s - loss: 0.9441 - categorical_accuracy: 0.6391 - val_loss: 0.9315 - val_categorical_accuracy: 0.6469 - lr: 5.0000e-04 - 5s/epoch - 6ms/step
Epoch 53/100
782/782 - 4s - loss: 0.9415 - categorical_accuracy: 0.6398 - val_loss: 0.9478 - val_categorical_accuracy: 0.6384 - lr: 5.0000e-04 - 4s/epoch - 6ms/step
Epoch 54/100
782/782 - 4s - loss: 0.9433 - categorical_accuracy: 0.6395 - val_loss: 0.9290 - val_categorical_accuracy: 0.6478 - lr: 5.0000e-04 - 4s/epoch - 6ms/step
Epoch 55/100
782/782 - 4s - loss: 0.9426 - categorical_accuracy: 0.6399 - val_loss: 0.9319 - val_categorical_accuracy: 0.6458 - lr: 5.0000e-04 - 4s/epoch - 5ms/step
[95m
SAVING RESULTS[0m
==============
[92m
Saved model to: [0m trained_intnets/perm_variant_conv_1
Loss vs epochs plot saved to trained_intnets/perm_variant_conv_1.
Accuracy vs epochs plot saved to trained_intnets/perm_variant_conv_1.
[92m
Jobs done! 🍰✨[0m
