[96m
GPU: NVIDIA GeForce GTX 1080 Ti[0m

----------------
[92mData loading complete:[0m
Training data size: 5.72e+05
Test data size: 0.00e+00
----------------

Shuffling constituents...
[92mShuffled the training data! 🃏
[0m
[92mNumber of constituents: 8[0m
Instantiating model...
[92mModel compiled and built![0m
[95m
TRAINING THE MODEL 💪[0m
==================

Training parameters
-------------------
[92mOptimiser: 	[0m {'name': 'Adam', 'learning_rate': 0.0005, 'decay': 0.0, 'beta_1': 0.9, 'beta_2': 0.999, 'epsilon': 1e-07, 'amsgrad': False}
[92mBatch size: 	[0m 512
[92mTraining epochs:[0m 100
[92mLoss: 		[0m categorical_crossentropy

Epoch 1/100
782/782 - 10s - loss: 1.2604 - categorical_accuracy: 0.4760 - val_loss: 1.0948 - val_categorical_accuracy: 0.5836 - lr: 5.0000e-04 - 10s/epoch - 13ms/step
Epoch 2/100
782/782 - 5s - loss: 1.0681 - categorical_accuracy: 0.5885 - val_loss: 1.0396 - val_categorical_accuracy: 0.6024 - lr: 5.0000e-04 - 5s/epoch - 7ms/step
Epoch 3/100
782/782 - 5s - loss: 1.0356 - categorical_accuracy: 0.6022 - val_loss: 1.0165 - val_categorical_accuracy: 0.6118 - lr: 5.0000e-04 - 5s/epoch - 7ms/step
Epoch 4/100
782/782 - 5s - loss: 1.0195 - categorical_accuracy: 0.6087 - val_loss: 1.0038 - val_categorical_accuracy: 0.6158 - lr: 5.0000e-04 - 5s/epoch - 7ms/step
Epoch 5/100
782/782 - 5s - loss: 1.0099 - categorical_accuracy: 0.6125 - val_loss: 0.9957 - val_categorical_accuracy: 0.6181 - lr: 5.0000e-04 - 5s/epoch - 7ms/step
Epoch 6/100
782/782 - 5s - loss: 1.0032 - categorical_accuracy: 0.6151 - val_loss: 0.9903 - val_categorical_accuracy: 0.6200 - lr: 5.0000e-04 - 5s/epoch - 7ms/step
Epoch 7/100
782/782 - 5s - loss: 0.9980 - categorical_accuracy: 0.6167 - val_loss: 0.9865 - val_categorical_accuracy: 0.6211 - lr: 5.0000e-04 - 5s/epoch - 7ms/step
Epoch 8/100
782/782 - 5s - loss: 0.9939 - categorical_accuracy: 0.6179 - val_loss: 0.9830 - val_categorical_accuracy: 0.6216 - lr: 5.0000e-04 - 5s/epoch - 7ms/step
Epoch 9/100
782/782 - 5s - loss: 0.9905 - categorical_accuracy: 0.6194 - val_loss: 0.9801 - val_categorical_accuracy: 0.6225 - lr: 5.0000e-04 - 5s/epoch - 7ms/step
Epoch 10/100
782/782 - 5s - loss: 0.9875 - categorical_accuracy: 0.6205 - val_loss: 0.9775 - val_categorical_accuracy: 0.6230 - lr: 5.0000e-04 - 5s/epoch - 7ms/step
Epoch 11/100
782/782 - 5s - loss: 0.9850 - categorical_accuracy: 0.6212 - val_loss: 0.9753 - val_categorical_accuracy: 0.6240 - lr: 5.0000e-04 - 5s/epoch - 7ms/step
Epoch 12/100
782/782 - 5s - loss: 0.9825 - categorical_accuracy: 0.6221 - val_loss: 0.9725 - val_categorical_accuracy: 0.6250 - lr: 5.0000e-04 - 5s/epoch - 7ms/step
Epoch 13/100
782/782 - 5s - loss: 0.9803 - categorical_accuracy: 0.6229 - val_loss: 0.9704 - val_categorical_accuracy: 0.6255 - lr: 5.0000e-04 - 5s/epoch - 7ms/step
Epoch 14/100
782/782 - 5s - loss: 0.9781 - categorical_accuracy: 0.6235 - val_loss: 0.9680 - val_categorical_accuracy: 0.6271 - lr: 5.0000e-04 - 5s/epoch - 7ms/step
Epoch 15/100
782/782 - 5s - loss: 0.9761 - categorical_accuracy: 0.6241 - val_loss: 0.9664 - val_categorical_accuracy: 0.6270 - lr: 5.0000e-04 - 5s/epoch - 7ms/step
Epoch 16/100
782/782 - 5s - loss: 0.9743 - categorical_accuracy: 0.6248 - val_loss: 0.9645 - val_categorical_accuracy: 0.6282 - lr: 5.0000e-04 - 5s/epoch - 7ms/step
Epoch 17/100
782/782 - 5s - loss: 0.9725 - categorical_accuracy: 0.6254 - val_loss: 0.9630 - val_categorical_accuracy: 0.6285 - lr: 5.0000e-04 - 5s/epoch - 7ms/step
Epoch 18/100
782/782 - 5s - loss: 0.9708 - categorical_accuracy: 0.6260 - val_loss: 0.9612 - val_categorical_accuracy: 0.6295 - lr: 5.0000e-04 - 5s/epoch - 7ms/step
Epoch 19/100
782/782 - 5s - loss: 0.9692 - categorical_accuracy: 0.6266 - val_loss: 0.9592 - val_categorical_accuracy: 0.6309 - lr: 5.0000e-04 - 5s/epoch - 7ms/step
Epoch 20/100
782/782 - 5s - loss: 0.9677 - categorical_accuracy: 0.6272 - val_loss: 0.9578 - val_categorical_accuracy: 0.6315 - lr: 5.0000e-04 - 5s/epoch - 7ms/step
Epoch 21/100
782/782 - 5s - loss: 0.9664 - categorical_accuracy: 0.6280 - val_loss: 0.9564 - val_categorical_accuracy: 0.6321 - lr: 5.0000e-04 - 5s/epoch - 7ms/step
Epoch 22/100
782/782 - 5s - loss: 0.9650 - categorical_accuracy: 0.6284 - val_loss: 0.9556 - val_categorical_accuracy: 0.6324 - lr: 5.0000e-04 - 5s/epoch - 7ms/step
Epoch 23/100
782/782 - 5s - loss: 0.9638 - categorical_accuracy: 0.6290 - val_loss: 0.9544 - val_categorical_accuracy: 0.6329 - lr: 5.0000e-04 - 5s/epoch - 7ms/step
Epoch 24/100
782/782 - 5s - loss: 0.9625 - categorical_accuracy: 0.6295 - val_loss: 0.9534 - val_categorical_accuracy: 0.6331 - lr: 5.0000e-04 - 5s/epoch - 7ms/step
Epoch 25/100
782/782 - 5s - loss: 0.9614 - categorical_accuracy: 0.6302 - val_loss: 0.9528 - val_categorical_accuracy: 0.6333 - lr: 5.0000e-04 - 5s/epoch - 7ms/step
Epoch 26/100
782/782 - 5s - loss: 0.9604 - categorical_accuracy: 0.6307 - val_loss: 0.9522 - val_categorical_accuracy: 0.6335 - lr: 5.0000e-04 - 5s/epoch - 7ms/step
Epoch 27/100
782/782 - 5s - loss: 0.9593 - categorical_accuracy: 0.6311 - val_loss: 0.9510 - val_categorical_accuracy: 0.6341 - lr: 5.0000e-04 - 5s/epoch - 7ms/step
Epoch 28/100
782/782 - 5s - loss: 0.9584 - categorical_accuracy: 0.6314 - val_loss: 0.9497 - val_categorical_accuracy: 0.6346 - lr: 5.0000e-04 - 5s/epoch - 7ms/step
Epoch 29/100
782/782 - 5s - loss: 0.9574 - categorical_accuracy: 0.6320 - val_loss: 0.9488 - val_categorical_accuracy: 0.6352 - lr: 5.0000e-04 - 5s/epoch - 7ms/step
Epoch 30/100
782/782 - 6s - loss: 0.9566 - categorical_accuracy: 0.6323 - val_loss: 0.9478 - val_categorical_accuracy: 0.6357 - lr: 5.0000e-04 - 6s/epoch - 7ms/step
Epoch 31/100
782/782 - 5s - loss: 0.9558 - categorical_accuracy: 0.6326 - val_loss: 0.9471 - val_categorical_accuracy: 0.6358 - lr: 5.0000e-04 - 5s/epoch - 7ms/step
Epoch 32/100
782/782 - 6s - loss: 0.9550 - categorical_accuracy: 0.6329 - val_loss: 0.9465 - val_categorical_accuracy: 0.6362 - lr: 5.0000e-04 - 6s/epoch - 8ms/step
Epoch 33/100
782/782 - 5s - loss: 0.9543 - categorical_accuracy: 0.6333 - val_loss: 0.9460 - val_categorical_accuracy: 0.6363 - lr: 5.0000e-04 - 5s/epoch - 7ms/step
Epoch 34/100
782/782 - 5s - loss: 0.9536 - categorical_accuracy: 0.6336 - val_loss: 0.9458 - val_categorical_accuracy: 0.6363 - lr: 5.0000e-04 - 5s/epoch - 7ms/step
Epoch 35/100
782/782 - 5s - loss: 0.9529 - categorical_accuracy: 0.6339 - val_loss: 0.9446 - val_categorical_accuracy: 0.6367 - lr: 5.0000e-04 - 5s/epoch - 7ms/step
Epoch 36/100
782/782 - 5s - loss: 0.9523 - categorical_accuracy: 0.6340 - val_loss: 0.9440 - val_categorical_accuracy: 0.6371 - lr: 5.0000e-04 - 5s/epoch - 7ms/step
Epoch 37/100
782/782 - 5s - loss: 0.9516 - categorical_accuracy: 0.6343 - val_loss: 0.9435 - val_categorical_accuracy: 0.6372 - lr: 5.0000e-04 - 5s/epoch - 7ms/step
Epoch 38/100
782/782 - 5s - loss: 0.9511 - categorical_accuracy: 0.6347 - val_loss: 0.9433 - val_categorical_accuracy: 0.6372 - lr: 5.0000e-04 - 5s/epoch - 7ms/step
Epoch 39/100
782/782 - 5s - loss: 0.9506 - categorical_accuracy: 0.6348 - val_loss: 0.9428 - val_categorical_accuracy: 0.6372 - lr: 5.0000e-04 - 5s/epoch - 7ms/step
Epoch 40/100
782/782 - 5s - loss: 0.9500 - categorical_accuracy: 0.6349 - val_loss: 0.9423 - val_categorical_accuracy: 0.6374 - lr: 5.0000e-04 - 5s/epoch - 7ms/step
Epoch 41/100
782/782 - 5s - loss: 0.9495 - categorical_accuracy: 0.6350 - val_loss: 0.9419 - val_categorical_accuracy: 0.6379 - lr: 5.0000e-04 - 5s/epoch - 7ms/step
Epoch 42/100
782/782 - 5s - loss: 0.9490 - categorical_accuracy: 0.6352 - val_loss: 0.9416 - val_categorical_accuracy: 0.6380 - lr: 5.0000e-04 - 5s/epoch - 7ms/step
Epoch 43/100
782/782 - 5s - loss: 0.9485 - categorical_accuracy: 0.6354 - val_loss: 0.9416 - val_categorical_accuracy: 0.6380 - lr: 5.0000e-04 - 5s/epoch - 7ms/step
Epoch 44/100
782/782 - 5s - loss: 0.9481 - categorical_accuracy: 0.6356 - val_loss: 0.9411 - val_categorical_accuracy: 0.6381 - lr: 5.0000e-04 - 5s/epoch - 7ms/step
Epoch 45/100
782/782 - 5s - loss: 0.9476 - categorical_accuracy: 0.6357 - val_loss: 0.9412 - val_categorical_accuracy: 0.6380 - lr: 5.0000e-04 - 5s/epoch - 7ms/step
Epoch 46/100
782/782 - 5s - loss: 0.9472 - categorical_accuracy: 0.6358 - val_loss: 0.9404 - val_categorical_accuracy: 0.6385 - lr: 5.0000e-04 - 5s/epoch - 7ms/step
Epoch 47/100
782/782 - 5s - loss: 0.9468 - categorical_accuracy: 0.6360 - val_loss: 0.9404 - val_categorical_accuracy: 0.6386 - lr: 5.0000e-04 - 5s/epoch - 7ms/step
Epoch 48/100
782/782 - 6s - loss: 0.9465 - categorical_accuracy: 0.6363 - val_loss: 0.9398 - val_categorical_accuracy: 0.6387 - lr: 5.0000e-04 - 6s/epoch - 7ms/step
Epoch 49/100
782/782 - 5s - loss: 0.9461 - categorical_accuracy: 0.6364 - val_loss: 0.9389 - val_categorical_accuracy: 0.6393 - lr: 5.0000e-04 - 5s/epoch - 7ms/step
Epoch 50/100
782/782 - 5s - loss: 0.9457 - categorical_accuracy: 0.6367 - val_loss: 0.9391 - val_categorical_accuracy: 0.6392 - lr: 5.0000e-04 - 5s/epoch - 7ms/step
Epoch 51/100
782/782 - 5s - loss: 0.9453 - categorical_accuracy: 0.6367 - val_loss: 0.9384 - val_categorical_accuracy: 0.6398 - lr: 5.0000e-04 - 5s/epoch - 7ms/step
Epoch 52/100
782/782 - 5s - loss: 0.9449 - categorical_accuracy: 0.6369 - val_loss: 0.9378 - val_categorical_accuracy: 0.6402 - lr: 5.0000e-04 - 5s/epoch - 7ms/step
Epoch 53/100
782/782 - 5s - loss: 0.9446 - categorical_accuracy: 0.6370 - val_loss: 0.9379 - val_categorical_accuracy: 0.6395 - lr: 5.0000e-04 - 5s/epoch - 7ms/step
Epoch 54/100
782/782 - 5s - loss: 0.9443 - categorical_accuracy: 0.6370 - val_loss: 0.9377 - val_categorical_accuracy: 0.6400 - lr: 5.0000e-04 - 5s/epoch - 7ms/step
Epoch 55/100
782/782 - 5s - loss: 0.9439 - categorical_accuracy: 0.6372 - val_loss: 0.9369 - val_categorical_accuracy: 0.6402 - lr: 5.0000e-04 - 5s/epoch - 7ms/step
Epoch 56/100
782/782 - 5s - loss: 0.9436 - categorical_accuracy: 0.6374 - val_loss: 0.9366 - val_categorical_accuracy: 0.6404 - lr: 5.0000e-04 - 5s/epoch - 7ms/step
Epoch 57/100
782/782 - 5s - loss: 0.9433 - categorical_accuracy: 0.6373 - val_loss: 0.9367 - val_categorical_accuracy: 0.6403 - lr: 5.0000e-04 - 5s/epoch - 7ms/step
Epoch 58/100
782/782 - 5s - loss: 0.9429 - categorical_accuracy: 0.6373 - val_loss: 0.9367 - val_categorical_accuracy: 0.6403 - lr: 5.0000e-04 - 5s/epoch - 7ms/step
Epoch 59/100
782/782 - 5s - loss: 0.9426 - categorical_accuracy: 0.6374 - val_loss: 0.9367 - val_categorical_accuracy: 0.6402 - lr: 5.0000e-04 - 5s/epoch - 7ms/step
Epoch 60/100
782/782 - 5s - loss: 0.9423 - categorical_accuracy: 0.6376 - val_loss: 0.9369 - val_categorical_accuracy: 0.6401 - lr: 5.0000e-04 - 5s/epoch - 7ms/step
Epoch 61/100
782/782 - 5s - loss: 0.9420 - categorical_accuracy: 0.6378 - val_loss: 0.9367 - val_categorical_accuracy: 0.6399 - lr: 5.0000e-04 - 5s/epoch - 7ms/step
Epoch 62/100
782/782 - 6s - loss: 0.9417 - categorical_accuracy: 0.6380 - val_loss: 0.9359 - val_categorical_accuracy: 0.6405 - lr: 5.0000e-04 - 6s/epoch - 7ms/step
Epoch 63/100
782/782 - 6s - loss: 0.9415 - categorical_accuracy: 0.6381 - val_loss: 0.9354 - val_categorical_accuracy: 0.6406 - lr: 5.0000e-04 - 6s/epoch - 7ms/step
Epoch 64/100
782/782 - 6s - loss: 0.9411 - categorical_accuracy: 0.6382 - val_loss: 0.9354 - val_categorical_accuracy: 0.6404 - lr: 5.0000e-04 - 6s/epoch - 8ms/step
Epoch 65/100
782/782 - 5s - loss: 0.9409 - categorical_accuracy: 0.6383 - val_loss: 0.9359 - val_categorical_accuracy: 0.6398 - lr: 5.0000e-04 - 5s/epoch - 7ms/step
Epoch 66/100
782/782 - 5s - loss: 0.9406 - categorical_accuracy: 0.6383 - val_loss: 0.9359 - val_categorical_accuracy: 0.6397 - lr: 5.0000e-04 - 5s/epoch - 7ms/step
Epoch 67/100
782/782 - 5s - loss: 0.9404 - categorical_accuracy: 0.6384 - val_loss: 0.9357 - val_categorical_accuracy: 0.6400 - lr: 5.0000e-04 - 5s/epoch - 7ms/step
Epoch 68/100
782/782 - 5s - loss: 0.9400 - categorical_accuracy: 0.6386 - val_loss: 0.9354 - val_categorical_accuracy: 0.6401 - lr: 5.0000e-04 - 5s/epoch - 7ms/step
Epoch 69/100
782/782 - 5s - loss: 0.9398 - categorical_accuracy: 0.6388 - val_loss: 0.9353 - val_categorical_accuracy: 0.6400 - lr: 5.0000e-04 - 5s/epoch - 7ms/step
Epoch 70/100
782/782 - 5s - loss: 0.9396 - categorical_accuracy: 0.6390 - val_loss: 0.9356 - val_categorical_accuracy: 0.6399 - lr: 5.0000e-04 - 5s/epoch - 7ms/step
Epoch 71/100
782/782 - 5s - loss: 0.9392 - categorical_accuracy: 0.6392 - val_loss: 0.9354 - val_categorical_accuracy: 0.6400 - lr: 5.0000e-04 - 5s/epoch - 7ms/step
Epoch 72/100
782/782 - 5s - loss: 0.9390 - categorical_accuracy: 0.6393 - val_loss: 0.9357 - val_categorical_accuracy: 0.6401 - lr: 5.0000e-04 - 5s/epoch - 7ms/step
Epoch 73/100
782/782 - 5s - loss: 0.9329 - categorical_accuracy: 0.6419 - val_loss: 0.9251 - val_categorical_accuracy: 0.6467 - lr: 1.0000e-04 - 5s/epoch - 7ms/step
Epoch 74/100
782/782 - 5s - loss: 0.9326 - categorical_accuracy: 0.6419 - val_loss: 0.9249 - val_categorical_accuracy: 0.6468 - lr: 1.0000e-04 - 5s/epoch - 7ms/step
Epoch 75/100
782/782 - 5s - loss: 0.9324 - categorical_accuracy: 0.6419 - val_loss: 0.9247 - val_categorical_accuracy: 0.6468 - lr: 1.0000e-04 - 5s/epoch - 7ms/step
Epoch 76/100
782/782 - 5s - loss: 0.9323 - categorical_accuracy: 0.6419 - val_loss: 0.9246 - val_categorical_accuracy: 0.6469 - lr: 1.0000e-04 - 5s/epoch - 7ms/step
Epoch 77/100
782/782 - 5s - loss: 0.9322 - categorical_accuracy: 0.6419 - val_loss: 0.9245 - val_categorical_accuracy: 0.6470 - lr: 1.0000e-04 - 5s/epoch - 7ms/step
Epoch 78/100
782/782 - 5s - loss: 0.9321 - categorical_accuracy: 0.6420 - val_loss: 0.9245 - val_categorical_accuracy: 0.6470 - lr: 1.0000e-04 - 5s/epoch - 7ms/step
Epoch 79/100
782/782 - 5s - loss: 0.9320 - categorical_accuracy: 0.6420 - val_loss: 0.9244 - val_categorical_accuracy: 0.6470 - lr: 1.0000e-04 - 5s/epoch - 7ms/step
Epoch 80/100
782/782 - 5s - loss: 0.9320 - categorical_accuracy: 0.6421 - val_loss: 0.9243 - val_categorical_accuracy: 0.6470 - lr: 1.0000e-04 - 5s/epoch - 7ms/step
Epoch 81/100
782/782 - 5s - loss: 0.9319 - categorical_accuracy: 0.6422 - val_loss: 0.9242 - val_categorical_accuracy: 0.6472 - lr: 1.0000e-04 - 5s/epoch - 7ms/step
Epoch 82/100
782/782 - 5s - loss: 0.9318 - categorical_accuracy: 0.6422 - val_loss: 0.9242 - val_categorical_accuracy: 0.6472 - lr: 1.0000e-04 - 5s/epoch - 7ms/step
Epoch 83/100
782/782 - 5s - loss: 0.9317 - categorical_accuracy: 0.6423 - val_loss: 0.9241 - val_categorical_accuracy: 0.6472 - lr: 1.0000e-04 - 5s/epoch - 7ms/step
Epoch 84/100
782/782 - 5s - loss: 0.9316 - categorical_accuracy: 0.6423 - val_loss: 0.9240 - val_categorical_accuracy: 0.6472 - lr: 1.0000e-04 - 5s/epoch - 7ms/step
Epoch 85/100
782/782 - 5s - loss: 0.9315 - categorical_accuracy: 0.6423 - val_loss: 0.9240 - val_categorical_accuracy: 0.6473 - lr: 1.0000e-04 - 5s/epoch - 7ms/step
Epoch 86/100
782/782 - 5s - loss: 0.9315 - categorical_accuracy: 0.6423 - val_loss: 0.9239 - val_categorical_accuracy: 0.6472 - lr: 1.0000e-04 - 5s/epoch - 7ms/step
Epoch 87/100
782/782 - 7s - loss: 0.9314 - categorical_accuracy: 0.6424 - val_loss: 0.9238 - val_categorical_accuracy: 0.6473 - lr: 1.0000e-04 - 7s/epoch - 9ms/step
Epoch 88/100
782/782 - 5s - loss: 0.9313 - categorical_accuracy: 0.6424 - val_loss: 0.9238 - val_categorical_accuracy: 0.6473 - lr: 1.0000e-04 - 5s/epoch - 7ms/step
Epoch 89/100
782/782 - 5s - loss: 0.9312 - categorical_accuracy: 0.6424 - val_loss: 0.9238 - val_categorical_accuracy: 0.6473 - lr: 1.0000e-04 - 5s/epoch - 7ms/step
Epoch 90/100
782/782 - 5s - loss: 0.9312 - categorical_accuracy: 0.6424 - val_loss: 0.9237 - val_categorical_accuracy: 0.6473 - lr: 1.0000e-04 - 5s/epoch - 7ms/step
Epoch 91/100
782/782 - 5s - loss: 0.9311 - categorical_accuracy: 0.6425 - val_loss: 0.9236 - val_categorical_accuracy: 0.6474 - lr: 1.0000e-04 - 5s/epoch - 7ms/step
Epoch 92/100
782/782 - 5s - loss: 0.9310 - categorical_accuracy: 0.6425 - val_loss: 0.9236 - val_categorical_accuracy: 0.6475 - lr: 1.0000e-04 - 5s/epoch - 7ms/step
Epoch 93/100
782/782 - 5s - loss: 0.9310 - categorical_accuracy: 0.6426 - val_loss: 0.9235 - val_categorical_accuracy: 0.6476 - lr: 1.0000e-04 - 5s/epoch - 7ms/step
Epoch 94/100
782/782 - 5s - loss: 0.9309 - categorical_accuracy: 0.6426 - val_loss: 0.9235 - val_categorical_accuracy: 0.6476 - lr: 1.0000e-04 - 5s/epoch - 7ms/step
Epoch 95/100
782/782 - 5s - loss: 0.9308 - categorical_accuracy: 0.6426 - val_loss: 0.9234 - val_categorical_accuracy: 0.6477 - lr: 1.0000e-04 - 5s/epoch - 7ms/step
Epoch 96/100
782/782 - 5s - loss: 0.9308 - categorical_accuracy: 0.6427 - val_loss: 0.9234 - val_categorical_accuracy: 0.6477 - lr: 1.0000e-04 - 5s/epoch - 7ms/step
Epoch 97/100
782/782 - 5s - loss: 0.9307 - categorical_accuracy: 0.6426 - val_loss: 0.9233 - val_categorical_accuracy: 0.6477 - lr: 1.0000e-04 - 5s/epoch - 7ms/step
Epoch 98/100
782/782 - 5s - loss: 0.9306 - categorical_accuracy: 0.6426 - val_loss: 0.9233 - val_categorical_accuracy: 0.6477 - lr: 1.0000e-04 - 5s/epoch - 7ms/step
Epoch 99/100
782/782 - 6s - loss: 0.9306 - categorical_accuracy: 0.6427 - val_loss: 0.9233 - val_categorical_accuracy: 0.6476 - lr: 1.0000e-04 - 6s/epoch - 7ms/step
Epoch 100/100
782/782 - 6s - loss: 0.9305 - categorical_accuracy: 0.6427 - val_loss: 0.9232 - val_categorical_accuracy: 0.6478 - lr: 1.0000e-04 - 6s/epoch - 7ms/step
[95m
SAVING RESULTS[0m
==============
[92m
Saved model to: [0m trained_intnets/perm_variant_conv_1
Loss vs epochs plot saved to trained_intnets/perm_variant_conv_1.
Accuracy vs epochs plot saved to trained_intnets/perm_variant_conv_1.
[92m
Jobs done! 🍰✨[0m
