[96m
GPU: NVIDIA GeForce GTX 1080 Ti[0m

----------------
[92mData loading complete:[0m
Training data size: 5.72e+05
Test data size: 0.00e+00
----------------

Shuffling constituents...
[92mShuffled the training data! 🃏
[0m
[92mNumber of constituents: 8[0m
Instantiating model...
[92mModel compiled and built![0m
[95m
TRAINING THE MODEL 💪[0m
==================

Training parameters
-------------------
[92mOptimiser: 	[0m {'name': 'Adam', 'learning_rate': 0.0005, 'decay': 0.0, 'beta_1': 0.9, 'beta_2': 0.999, 'epsilon': 1e-07, 'amsgrad': False}
[92mBatch size: 	[0m 512
[92mTraining epochs:[0m 100
[92mLoss: 		[0m categorical_crossentropy

Epoch 1/100
782/782 - 8s - loss: 1.1982 - categorical_accuracy: 0.5129 - val_loss: 1.0800 - val_categorical_accuracy: 0.5854 - lr: 5.0000e-04 - 8s/epoch - 10ms/step
Epoch 2/100
782/782 - 5s - loss: 1.0605 - categorical_accuracy: 0.5934 - val_loss: 1.0352 - val_categorical_accuracy: 0.6076 - lr: 5.0000e-04 - 5s/epoch - 6ms/step
Epoch 3/100
782/782 - 4s - loss: 1.0361 - categorical_accuracy: 0.6027 - val_loss: 1.0163 - val_categorical_accuracy: 0.6122 - lr: 5.0000e-04 - 4s/epoch - 6ms/step
Epoch 4/100
782/782 - 4s - loss: 1.0203 - categorical_accuracy: 0.6093 - val_loss: 1.0051 - val_categorical_accuracy: 0.6155 - lr: 5.0000e-04 - 4s/epoch - 6ms/step
Epoch 5/100
782/782 - 5s - loss: 1.0101 - categorical_accuracy: 0.6138 - val_loss: 0.9997 - val_categorical_accuracy: 0.6163 - lr: 5.0000e-04 - 5s/epoch - 7ms/step
Epoch 6/100
782/782 - 4s - loss: 1.0031 - categorical_accuracy: 0.6166 - val_loss: 0.9959 - val_categorical_accuracy: 0.6174 - lr: 5.0000e-04 - 4s/epoch - 5ms/step
Epoch 7/100
782/782 - 4s - loss: 0.9978 - categorical_accuracy: 0.6189 - val_loss: 0.9913 - val_categorical_accuracy: 0.6197 - lr: 5.0000e-04 - 4s/epoch - 5ms/step
Epoch 8/100
782/782 - 4s - loss: 0.9933 - categorical_accuracy: 0.6208 - val_loss: 0.9863 - val_categorical_accuracy: 0.6221 - lr: 5.0000e-04 - 4s/epoch - 6ms/step
Epoch 9/100
782/782 - 5s - loss: 0.9894 - categorical_accuracy: 0.6222 - val_loss: 0.9831 - val_categorical_accuracy: 0.6236 - lr: 5.0000e-04 - 5s/epoch - 6ms/step
Epoch 10/100
782/782 - 5s - loss: 0.9859 - categorical_accuracy: 0.6238 - val_loss: 0.9793 - val_categorical_accuracy: 0.6257 - lr: 5.0000e-04 - 5s/epoch - 7ms/step
Epoch 11/100
782/782 - 5s - loss: 0.9827 - categorical_accuracy: 0.6251 - val_loss: 0.9765 - val_categorical_accuracy: 0.6267 - lr: 5.0000e-04 - 5s/epoch - 6ms/step
Epoch 12/100
782/782 - 4s - loss: 0.9798 - categorical_accuracy: 0.6263 - val_loss: 0.9745 - val_categorical_accuracy: 0.6274 - lr: 5.0000e-04 - 4s/epoch - 6ms/step
Epoch 13/100
782/782 - 4s - loss: 0.9774 - categorical_accuracy: 0.6274 - val_loss: 0.9725 - val_categorical_accuracy: 0.6280 - lr: 5.0000e-04 - 4s/epoch - 6ms/step
Epoch 14/100
782/782 - 5s - loss: 0.9750 - categorical_accuracy: 0.6281 - val_loss: 0.9713 - val_categorical_accuracy: 0.6287 - lr: 5.0000e-04 - 5s/epoch - 6ms/step
Epoch 15/100
782/782 - 4s - loss: 0.9729 - categorical_accuracy: 0.6289 - val_loss: 0.9695 - val_categorical_accuracy: 0.6295 - lr: 5.0000e-04 - 4s/epoch - 6ms/step
Epoch 16/100
782/782 - 4s - loss: 0.9712 - categorical_accuracy: 0.6296 - val_loss: 0.9684 - val_categorical_accuracy: 0.6301 - lr: 5.0000e-04 - 4s/epoch - 6ms/step
Epoch 17/100
782/782 - 4s - loss: 0.9695 - categorical_accuracy: 0.6300 - val_loss: 0.9672 - val_categorical_accuracy: 0.6304 - lr: 5.0000e-04 - 4s/epoch - 6ms/step
Epoch 18/100
782/782 - 4s - loss: 0.9680 - categorical_accuracy: 0.6307 - val_loss: 0.9651 - val_categorical_accuracy: 0.6311 - lr: 5.0000e-04 - 4s/epoch - 6ms/step
Epoch 19/100
782/782 - 4s - loss: 0.9666 - categorical_accuracy: 0.6311 - val_loss: 0.9628 - val_categorical_accuracy: 0.6323 - lr: 5.0000e-04 - 4s/epoch - 6ms/step
Epoch 20/100
782/782 - 4s - loss: 0.9654 - categorical_accuracy: 0.6315 - val_loss: 0.9619 - val_categorical_accuracy: 0.6325 - lr: 5.0000e-04 - 4s/epoch - 6ms/step
Epoch 21/100
782/782 - 4s - loss: 0.9642 - categorical_accuracy: 0.6318 - val_loss: 0.9602 - val_categorical_accuracy: 0.6332 - lr: 5.0000e-04 - 4s/epoch - 6ms/step
Epoch 22/100
782/782 - 4s - loss: 0.9630 - categorical_accuracy: 0.6321 - val_loss: 0.9591 - val_categorical_accuracy: 0.6337 - lr: 5.0000e-04 - 4s/epoch - 6ms/step
Epoch 23/100
782/782 - 4s - loss: 0.9619 - categorical_accuracy: 0.6324 - val_loss: 0.9579 - val_categorical_accuracy: 0.6341 - lr: 5.0000e-04 - 4s/epoch - 6ms/step
Epoch 24/100
782/782 - 5s - loss: 0.9608 - categorical_accuracy: 0.6331 - val_loss: 0.9568 - val_categorical_accuracy: 0.6345 - lr: 5.0000e-04 - 5s/epoch - 6ms/step
Epoch 25/100
782/782 - 5s - loss: 0.9598 - categorical_accuracy: 0.6336 - val_loss: 0.9554 - val_categorical_accuracy: 0.6352 - lr: 5.0000e-04 - 5s/epoch - 6ms/step
Epoch 26/100
782/782 - 5s - loss: 0.9588 - categorical_accuracy: 0.6339 - val_loss: 0.9545 - val_categorical_accuracy: 0.6355 - lr: 5.0000e-04 - 5s/epoch - 6ms/step
Epoch 27/100
782/782 - 5s - loss: 0.9578 - categorical_accuracy: 0.6340 - val_loss: 0.9540 - val_categorical_accuracy: 0.6355 - lr: 5.0000e-04 - 5s/epoch - 6ms/step
Epoch 28/100
782/782 - 5s - loss: 0.9569 - categorical_accuracy: 0.6343 - val_loss: 0.9522 - val_categorical_accuracy: 0.6365 - lr: 5.0000e-04 - 5s/epoch - 6ms/step
Epoch 29/100
782/782 - 5s - loss: 0.9559 - categorical_accuracy: 0.6345 - val_loss: 0.9512 - val_categorical_accuracy: 0.6368 - lr: 5.0000e-04 - 5s/epoch - 6ms/step
Epoch 30/100
782/782 - 5s - loss: 0.9550 - categorical_accuracy: 0.6348 - val_loss: 0.9498 - val_categorical_accuracy: 0.6374 - lr: 5.0000e-04 - 5s/epoch - 6ms/step
Epoch 31/100
782/782 - 5s - loss: 0.9541 - categorical_accuracy: 0.6351 - val_loss: 0.9488 - val_categorical_accuracy: 0.6377 - lr: 5.0000e-04 - 5s/epoch - 6ms/step
Epoch 32/100
782/782 - 5s - loss: 0.9533 - categorical_accuracy: 0.6352 - val_loss: 0.9480 - val_categorical_accuracy: 0.6380 - lr: 5.0000e-04 - 5s/epoch - 6ms/step
Epoch 33/100
782/782 - 5s - loss: 0.9525 - categorical_accuracy: 0.6355 - val_loss: 0.9470 - val_categorical_accuracy: 0.6385 - lr: 5.0000e-04 - 5s/epoch - 6ms/step
Epoch 34/100
782/782 - 5s - loss: 0.9518 - categorical_accuracy: 0.6358 - val_loss: 0.9466 - val_categorical_accuracy: 0.6384 - lr: 5.0000e-04 - 5s/epoch - 6ms/step
Epoch 35/100
782/782 - 5s - loss: 0.9510 - categorical_accuracy: 0.6361 - val_loss: 0.9460 - val_categorical_accuracy: 0.6386 - lr: 5.0000e-04 - 5s/epoch - 6ms/step
Epoch 36/100
782/782 - 5s - loss: 0.9503 - categorical_accuracy: 0.6364 - val_loss: 0.9453 - val_categorical_accuracy: 0.6388 - lr: 5.0000e-04 - 5s/epoch - 6ms/step
Epoch 37/100
782/782 - 5s - loss: 0.9497 - categorical_accuracy: 0.6364 - val_loss: 0.9444 - val_categorical_accuracy: 0.6394 - lr: 5.0000e-04 - 5s/epoch - 6ms/step
Epoch 38/100
782/782 - 5s - loss: 0.9490 - categorical_accuracy: 0.6369 - val_loss: 0.9437 - val_categorical_accuracy: 0.6397 - lr: 5.0000e-04 - 5s/epoch - 6ms/step
Epoch 39/100
782/782 - 5s - loss: 0.9484 - categorical_accuracy: 0.6371 - val_loss: 0.9427 - val_categorical_accuracy: 0.6401 - lr: 5.0000e-04 - 5s/epoch - 6ms/step
Epoch 40/100
782/782 - 5s - loss: 0.9478 - categorical_accuracy: 0.6371 - val_loss: 0.9426 - val_categorical_accuracy: 0.6401 - lr: 5.0000e-04 - 5s/epoch - 6ms/step
Epoch 41/100
782/782 - 5s - loss: 0.9472 - categorical_accuracy: 0.6375 - val_loss: 0.9419 - val_categorical_accuracy: 0.6404 - lr: 5.0000e-04 - 5s/epoch - 6ms/step
Epoch 42/100
782/782 - 5s - loss: 0.9466 - categorical_accuracy: 0.6378 - val_loss: 0.9416 - val_categorical_accuracy: 0.6405 - lr: 5.0000e-04 - 5s/epoch - 6ms/step
Epoch 43/100
782/782 - 5s - loss: 0.9461 - categorical_accuracy: 0.6381 - val_loss: 0.9414 - val_categorical_accuracy: 0.6407 - lr: 5.0000e-04 - 5s/epoch - 6ms/step
Epoch 44/100
782/782 - 5s - loss: 0.9456 - categorical_accuracy: 0.6383 - val_loss: 0.9413 - val_categorical_accuracy: 0.6405 - lr: 5.0000e-04 - 5s/epoch - 6ms/step
Epoch 45/100
782/782 - 5s - loss: 0.9451 - categorical_accuracy: 0.6385 - val_loss: 0.9406 - val_categorical_accuracy: 0.6410 - lr: 5.0000e-04 - 5s/epoch - 6ms/step
Epoch 46/100
782/782 - 5s - loss: 0.9446 - categorical_accuracy: 0.6389 - val_loss: 0.9402 - val_categorical_accuracy: 0.6410 - lr: 5.0000e-04 - 5s/epoch - 6ms/step
Epoch 47/100
782/782 - 5s - loss: 0.9441 - categorical_accuracy: 0.6389 - val_loss: 0.9397 - val_categorical_accuracy: 0.6413 - lr: 5.0000e-04 - 5s/epoch - 6ms/step
Epoch 48/100
782/782 - 5s - loss: 0.9437 - categorical_accuracy: 0.6389 - val_loss: 0.9390 - val_categorical_accuracy: 0.6416 - lr: 5.0000e-04 - 5s/epoch - 6ms/step
Epoch 49/100
782/782 - 4s - loss: 0.9432 - categorical_accuracy: 0.6390 - val_loss: 0.9387 - val_categorical_accuracy: 0.6416 - lr: 5.0000e-04 - 4s/epoch - 6ms/step
Epoch 50/100
782/782 - 5s - loss: 0.9428 - categorical_accuracy: 0.6389 - val_loss: 0.9382 - val_categorical_accuracy: 0.6419 - lr: 5.0000e-04 - 5s/epoch - 6ms/step
Epoch 51/100
782/782 - 5s - loss: 0.9424 - categorical_accuracy: 0.6390 - val_loss: 0.9377 - val_categorical_accuracy: 0.6422 - lr: 5.0000e-04 - 5s/epoch - 6ms/step
Epoch 52/100
782/782 - 5s - loss: 0.9420 - categorical_accuracy: 0.6392 - val_loss: 0.9374 - val_categorical_accuracy: 0.6423 - lr: 5.0000e-04 - 5s/epoch - 6ms/step
Epoch 53/100
782/782 - 5s - loss: 0.9416 - categorical_accuracy: 0.6394 - val_loss: 0.9373 - val_categorical_accuracy: 0.6425 - lr: 5.0000e-04 - 5s/epoch - 6ms/step
Epoch 54/100
782/782 - 5s - loss: 0.9411 - categorical_accuracy: 0.6396 - val_loss: 0.9369 - val_categorical_accuracy: 0.6425 - lr: 5.0000e-04 - 5s/epoch - 6ms/step
Epoch 55/100
782/782 - 5s - loss: 0.9408 - categorical_accuracy: 0.6396 - val_loss: 0.9368 - val_categorical_accuracy: 0.6427 - lr: 5.0000e-04 - 5s/epoch - 6ms/step
Epoch 56/100
782/782 - 5s - loss: 0.9404 - categorical_accuracy: 0.6398 - val_loss: 0.9366 - val_categorical_accuracy: 0.6425 - lr: 5.0000e-04 - 5s/epoch - 7ms/step
Epoch 57/100
782/782 - 5s - loss: 0.9401 - categorical_accuracy: 0.6398 - val_loss: 0.9360 - val_categorical_accuracy: 0.6428 - lr: 5.0000e-04 - 5s/epoch - 6ms/step
Epoch 58/100
782/782 - 5s - loss: 0.9397 - categorical_accuracy: 0.6399 - val_loss: 0.9359 - val_categorical_accuracy: 0.6433 - lr: 5.0000e-04 - 5s/epoch - 6ms/step
Epoch 59/100
782/782 - 5s - loss: 0.9394 - categorical_accuracy: 0.6401 - val_loss: 0.9355 - val_categorical_accuracy: 0.6436 - lr: 5.0000e-04 - 5s/epoch - 6ms/step
Epoch 60/100
782/782 - 5s - loss: 0.9391 - categorical_accuracy: 0.6402 - val_loss: 0.9358 - val_categorical_accuracy: 0.6432 - lr: 5.0000e-04 - 5s/epoch - 6ms/step
Epoch 61/100
782/782 - 5s - loss: 0.9388 - categorical_accuracy: 0.6403 - val_loss: 0.9350 - val_categorical_accuracy: 0.6437 - lr: 5.0000e-04 - 5s/epoch - 6ms/step
Epoch 62/100
782/782 - 5s - loss: 0.9385 - categorical_accuracy: 0.6402 - val_loss: 0.9353 - val_categorical_accuracy: 0.6431 - lr: 5.0000e-04 - 5s/epoch - 6ms/step
Epoch 63/100
782/782 - 5s - loss: 0.9382 - categorical_accuracy: 0.6405 - val_loss: 0.9349 - val_categorical_accuracy: 0.6433 - lr: 5.0000e-04 - 5s/epoch - 6ms/step
Epoch 64/100
782/782 - 5s - loss: 0.9379 - categorical_accuracy: 0.6404 - val_loss: 0.9346 - val_categorical_accuracy: 0.6437 - lr: 5.0000e-04 - 5s/epoch - 6ms/step
Epoch 65/100
782/782 - 5s - loss: 0.9377 - categorical_accuracy: 0.6405 - val_loss: 0.9341 - val_categorical_accuracy: 0.6439 - lr: 5.0000e-04 - 5s/epoch - 7ms/step
Epoch 66/100
782/782 - 5s - loss: 0.9374 - categorical_accuracy: 0.6407 - val_loss: 0.9341 - val_categorical_accuracy: 0.6439 - lr: 5.0000e-04 - 5s/epoch - 7ms/step
Epoch 67/100
782/782 - 6s - loss: 0.9371 - categorical_accuracy: 0.6407 - val_loss: 0.9340 - val_categorical_accuracy: 0.6438 - lr: 5.0000e-04 - 6s/epoch - 7ms/step
Epoch 68/100
782/782 - 5s - loss: 0.9369 - categorical_accuracy: 0.6407 - val_loss: 0.9339 - val_categorical_accuracy: 0.6439 - lr: 5.0000e-04 - 5s/epoch - 6ms/step
Epoch 69/100
782/782 - 5s - loss: 0.9366 - categorical_accuracy: 0.6408 - val_loss: 0.9334 - val_categorical_accuracy: 0.6442 - lr: 5.0000e-04 - 5s/epoch - 6ms/step
Epoch 70/100
782/782 - 5s - loss: 0.9363 - categorical_accuracy: 0.6410 - val_loss: 0.9329 - val_categorical_accuracy: 0.6442 - lr: 5.0000e-04 - 5s/epoch - 6ms/step
Epoch 71/100
782/782 - 5s - loss: 0.9360 - categorical_accuracy: 0.6409 - val_loss: 0.9327 - val_categorical_accuracy: 0.6440 - lr: 5.0000e-04 - 5s/epoch - 6ms/step
Epoch 72/100
782/782 - 5s - loss: 0.9358 - categorical_accuracy: 0.6410 - val_loss: 0.9326 - val_categorical_accuracy: 0.6441 - lr: 5.0000e-04 - 5s/epoch - 6ms/step
Epoch 73/100
782/782 - 5s - loss: 0.9355 - categorical_accuracy: 0.6411 - val_loss: 0.9325 - val_categorical_accuracy: 0.6443 - lr: 5.0000e-04 - 5s/epoch - 6ms/step
Epoch 74/100
782/782 - 5s - loss: 0.9353 - categorical_accuracy: 0.6413 - val_loss: 0.9321 - val_categorical_accuracy: 0.6443 - lr: 5.0000e-04 - 5s/epoch - 6ms/step
Epoch 75/100
782/782 - 5s - loss: 0.9350 - categorical_accuracy: 0.6413 - val_loss: 0.9320 - val_categorical_accuracy: 0.6444 - lr: 5.0000e-04 - 5s/epoch - 6ms/step
Epoch 76/100
782/782 - 5s - loss: 0.9348 - categorical_accuracy: 0.6413 - val_loss: 0.9319 - val_categorical_accuracy: 0.6443 - lr: 5.0000e-04 - 5s/epoch - 6ms/step
Epoch 77/100
782/782 - 5s - loss: 0.9346 - categorical_accuracy: 0.6415 - val_loss: 0.9320 - val_categorical_accuracy: 0.6442 - lr: 5.0000e-04 - 5s/epoch - 6ms/step
Epoch 78/100
782/782 - 5s - loss: 0.9343 - categorical_accuracy: 0.6417 - val_loss: 0.9320 - val_categorical_accuracy: 0.6442 - lr: 5.0000e-04 - 5s/epoch - 6ms/step
Epoch 79/100
782/782 - 5s - loss: 0.9341 - categorical_accuracy: 0.6418 - val_loss: 0.9321 - val_categorical_accuracy: 0.6439 - lr: 5.0000e-04 - 5s/epoch - 7ms/step
Epoch 80/100
782/782 - 5s - loss: 0.9338 - categorical_accuracy: 0.6418 - val_loss: 0.9318 - val_categorical_accuracy: 0.6439 - lr: 5.0000e-04 - 5s/epoch - 7ms/step
Epoch 81/100
782/782 - 5s - loss: 0.9336 - categorical_accuracy: 0.6419 - val_loss: 0.9315 - val_categorical_accuracy: 0.6441 - lr: 5.0000e-04 - 5s/epoch - 7ms/step
Epoch 82/100
782/782 - 5s - loss: 0.9334 - categorical_accuracy: 0.6420 - val_loss: 0.9316 - val_categorical_accuracy: 0.6439 - lr: 5.0000e-04 - 5s/epoch - 6ms/step
Epoch 83/100
782/782 - 5s - loss: 0.9332 - categorical_accuracy: 0.6421 - val_loss: 0.9315 - val_categorical_accuracy: 0.6439 - lr: 5.0000e-04 - 5s/epoch - 6ms/step
Epoch 84/100
782/782 - 5s - loss: 0.9330 - categorical_accuracy: 0.6422 - val_loss: 0.9314 - val_categorical_accuracy: 0.6438 - lr: 5.0000e-04 - 5s/epoch - 6ms/step
Epoch 85/100
782/782 - 5s - loss: 0.9328 - categorical_accuracy: 0.6422 - val_loss: 0.9310 - val_categorical_accuracy: 0.6440 - lr: 5.0000e-04 - 5s/epoch - 6ms/step
[95m
SAVING RESULTS[0m
==============
[92m
Saved model to: [0m trained_intnets/perm_variant_conv_1
Loss vs epochs plot saved to trained_intnets/perm_variant_conv_1.
Accuracy vs epochs plot saved to trained_intnets/perm_variant_conv_1.
[92m
Jobs done! 🍰✨[0m
