[96m
GPU: NVIDIA GeForce GTX 1080 Ti[0m

----------------
[92mData loading complete:[0m
Training data size: 5.72e+05
Test data size: 0.00e+00
----------------

Shuffling constituents...
[92mShuffled the training data! 🃏
[0m
[92mNumber of constituents: 8[0m
Instantiating model...
[92mModel compiled and built![0m
[95m
TRAINING THE MODEL 💪[0m
==================
Epoch 1/100
782/782 - 8s - loss: 1.2036 - categorical_accuracy: 0.5086 - val_loss: 1.0959 - val_categorical_accuracy: 0.5752 - lr: 5.0000e-04 - 8s/epoch - 10ms/step
Epoch 2/100
782/782 - 4s - loss: 1.0679 - categorical_accuracy: 0.5893 - val_loss: 1.0523 - val_categorical_accuracy: 0.5942 - lr: 5.0000e-04 - 4s/epoch - 5ms/step
Epoch 3/100
782/782 - 5s - loss: 1.0439 - categorical_accuracy: 0.5997 - val_loss: 1.0237 - val_categorical_accuracy: 0.6130 - lr: 5.0000e-04 - 5s/epoch - 6ms/step
Epoch 4/100
782/782 - 5s - loss: 1.0340 - categorical_accuracy: 0.6038 - val_loss: 1.0210 - val_categorical_accuracy: 0.6128 - lr: 5.0000e-04 - 5s/epoch - 6ms/step
Epoch 5/100
782/782 - 4s - loss: 1.0214 - categorical_accuracy: 0.6105 - val_loss: 1.0238 - val_categorical_accuracy: 0.6040 - lr: 5.0000e-04 - 4s/epoch - 5ms/step
Epoch 6/100
782/782 - 4s - loss: 1.0159 - categorical_accuracy: 0.6128 - val_loss: 0.9977 - val_categorical_accuracy: 0.6231 - lr: 5.0000e-04 - 4s/epoch - 5ms/step
Epoch 7/100
782/782 - 4s - loss: 1.0092 - categorical_accuracy: 0.6160 - val_loss: 1.0075 - val_categorical_accuracy: 0.6155 - lr: 5.0000e-04 - 4s/epoch - 5ms/step
Epoch 8/100
782/782 - 4s - loss: 1.0028 - categorical_accuracy: 0.6190 - val_loss: 0.9872 - val_categorical_accuracy: 0.6262 - lr: 5.0000e-04 - 4s/epoch - 5ms/step
Epoch 9/100
782/782 - 4s - loss: 0.9973 - categorical_accuracy: 0.6206 - val_loss: 0.9811 - val_categorical_accuracy: 0.6297 - lr: 5.0000e-04 - 4s/epoch - 5ms/step
Epoch 10/100
782/782 - 4s - loss: 0.9933 - categorical_accuracy: 0.6219 - val_loss: 0.9778 - val_categorical_accuracy: 0.6305 - lr: 5.0000e-04 - 4s/epoch - 5ms/step
Epoch 11/100
782/782 - 4s - loss: 0.9900 - categorical_accuracy: 0.6226 - val_loss: 0.9767 - val_categorical_accuracy: 0.6303 - lr: 5.0000e-04 - 4s/epoch - 5ms/step
Epoch 12/100
782/782 - 4s - loss: 0.9847 - categorical_accuracy: 0.6250 - val_loss: 0.9821 - val_categorical_accuracy: 0.6258 - lr: 5.0000e-04 - 4s/epoch - 5ms/step
Epoch 13/100
782/782 - 4s - loss: 0.9820 - categorical_accuracy: 0.6264 - val_loss: 0.9703 - val_categorical_accuracy: 0.6321 - lr: 5.0000e-04 - 4s/epoch - 5ms/step
Epoch 14/100
782/782 - 4s - loss: 0.9793 - categorical_accuracy: 0.6263 - val_loss: 0.9688 - val_categorical_accuracy: 0.6339 - lr: 5.0000e-04 - 4s/epoch - 5ms/step
Epoch 15/100
782/782 - 4s - loss: 0.9761 - categorical_accuracy: 0.6280 - val_loss: 0.9621 - val_categorical_accuracy: 0.6350 - lr: 5.0000e-04 - 4s/epoch - 5ms/step
Epoch 16/100
782/782 - 4s - loss: 0.9741 - categorical_accuracy: 0.6291 - val_loss: 0.9574 - val_categorical_accuracy: 0.6375 - lr: 5.0000e-04 - 4s/epoch - 5ms/step
Epoch 17/100
782/782 - 4s - loss: 0.9727 - categorical_accuracy: 0.6291 - val_loss: 0.9621 - val_categorical_accuracy: 0.6353 - lr: 5.0000e-04 - 4s/epoch - 5ms/step
Epoch 18/100
782/782 - 4s - loss: 0.9704 - categorical_accuracy: 0.6294 - val_loss: 0.9550 - val_categorical_accuracy: 0.6383 - lr: 5.0000e-04 - 4s/epoch - 5ms/step
Epoch 19/100
782/782 - 4s - loss: 0.9668 - categorical_accuracy: 0.6315 - val_loss: 0.9579 - val_categorical_accuracy: 0.6376 - lr: 5.0000e-04 - 4s/epoch - 5ms/step
Epoch 20/100
782/782 - 4s - loss: 0.9664 - categorical_accuracy: 0.6315 - val_loss: 0.9556 - val_categorical_accuracy: 0.6379 - lr: 5.0000e-04 - 4s/epoch - 5ms/step
Epoch 21/100
782/782 - 4s - loss: 0.9655 - categorical_accuracy: 0.6315 - val_loss: 0.9516 - val_categorical_accuracy: 0.6390 - lr: 5.0000e-04 - 4s/epoch - 5ms/step
Epoch 22/100
782/782 - 5s - loss: 0.9650 - categorical_accuracy: 0.6316 - val_loss: 0.9532 - val_categorical_accuracy: 0.6380 - lr: 5.0000e-04 - 5s/epoch - 6ms/step
Epoch 23/100
782/782 - 5s - loss: 0.9648 - categorical_accuracy: 0.6312 - val_loss: 0.9496 - val_categorical_accuracy: 0.6397 - lr: 5.0000e-04 - 5s/epoch - 7ms/step
Epoch 24/100
782/782 - 5s - loss: 0.9626 - categorical_accuracy: 0.6325 - val_loss: 0.9485 - val_categorical_accuracy: 0.6405 - lr: 5.0000e-04 - 5s/epoch - 6ms/step
Epoch 25/100
782/782 - 4s - loss: 0.9620 - categorical_accuracy: 0.6329 - val_loss: 0.9485 - val_categorical_accuracy: 0.6404 - lr: 5.0000e-04 - 4s/epoch - 5ms/step
Epoch 26/100
782/782 - 4s - loss: 0.9588 - categorical_accuracy: 0.6336 - val_loss: 0.9449 - val_categorical_accuracy: 0.6422 - lr: 5.0000e-04 - 4s/epoch - 5ms/step
Epoch 27/100
782/782 - 4s - loss: 0.9596 - categorical_accuracy: 0.6336 - val_loss: 0.9474 - val_categorical_accuracy: 0.6412 - lr: 5.0000e-04 - 4s/epoch - 5ms/step
Epoch 28/100
782/782 - 4s - loss: 0.9591 - categorical_accuracy: 0.6340 - val_loss: 0.9462 - val_categorical_accuracy: 0.6418 - lr: 5.0000e-04 - 4s/epoch - 5ms/step
Epoch 29/100
782/782 - 4s - loss: 0.9563 - categorical_accuracy: 0.6350 - val_loss: 0.9510 - val_categorical_accuracy: 0.6381 - lr: 5.0000e-04 - 4s/epoch - 5ms/step
Epoch 30/100
782/782 - 4s - loss: 0.9579 - categorical_accuracy: 0.6336 - val_loss: 0.9466 - val_categorical_accuracy: 0.6416 - lr: 5.0000e-04 - 4s/epoch - 5ms/step
Epoch 31/100
782/782 - 4s - loss: 0.9551 - categorical_accuracy: 0.6352 - val_loss: 0.9398 - val_categorical_accuracy: 0.6446 - lr: 5.0000e-04 - 4s/epoch - 5ms/step
Epoch 32/100
782/782 - 4s - loss: 0.9536 - categorical_accuracy: 0.6359 - val_loss: 0.9388 - val_categorical_accuracy: 0.6449 - lr: 5.0000e-04 - 4s/epoch - 5ms/step
Epoch 33/100
782/782 - 4s - loss: 0.9523 - categorical_accuracy: 0.6361 - val_loss: 0.9475 - val_categorical_accuracy: 0.6401 - lr: 5.0000e-04 - 4s/epoch - 5ms/step
Epoch 34/100
782/782 - 4s - loss: 0.9531 - categorical_accuracy: 0.6358 - val_loss: 0.9424 - val_categorical_accuracy: 0.6418 - lr: 5.0000e-04 - 4s/epoch - 5ms/step
Epoch 35/100
782/782 - 4s - loss: 0.9537 - categorical_accuracy: 0.6361 - val_loss: 0.9381 - val_categorical_accuracy: 0.6447 - lr: 5.0000e-04 - 4s/epoch - 5ms/step
Epoch 36/100
782/782 - 4s - loss: 0.9520 - categorical_accuracy: 0.6366 - val_loss: 0.9458 - val_categorical_accuracy: 0.6394 - lr: 5.0000e-04 - 4s/epoch - 5ms/step
Epoch 37/100
782/782 - 4s - loss: 0.9508 - categorical_accuracy: 0.6367 - val_loss: 0.9547 - val_categorical_accuracy: 0.6354 - lr: 5.0000e-04 - 4s/epoch - 5ms/step
Epoch 38/100
782/782 - 4s - loss: 0.9514 - categorical_accuracy: 0.6363 - val_loss: 0.9382 - val_categorical_accuracy: 0.6453 - lr: 5.0000e-04 - 4s/epoch - 5ms/step
Epoch 39/100
782/782 - 4s - loss: 0.9505 - categorical_accuracy: 0.6366 - val_loss: 0.9577 - val_categorical_accuracy: 0.6330 - lr: 5.0000e-04 - 4s/epoch - 5ms/step
Epoch 40/100
782/782 - 4s - loss: 0.9507 - categorical_accuracy: 0.6366 - val_loss: 0.9359 - val_categorical_accuracy: 0.6457 - lr: 5.0000e-04 - 4s/epoch - 5ms/step
Epoch 41/100
782/782 - 4s - loss: 0.9478 - categorical_accuracy: 0.6382 - val_loss: 0.9440 - val_categorical_accuracy: 0.6400 - lr: 5.0000e-04 - 4s/epoch - 5ms/step
Epoch 42/100
782/782 - 4s - loss: 0.9481 - categorical_accuracy: 0.6377 - val_loss: 0.9367 - val_categorical_accuracy: 0.6446 - lr: 5.0000e-04 - 4s/epoch - 5ms/step
Epoch 43/100
782/782 - 4s - loss: 0.9472 - categorical_accuracy: 0.6389 - val_loss: 0.9347 - val_categorical_accuracy: 0.6455 - lr: 5.0000e-04 - 4s/epoch - 5ms/step
Epoch 44/100
782/782 - 4s - loss: 0.9491 - categorical_accuracy: 0.6371 - val_loss: 0.9313 - val_categorical_accuracy: 0.6475 - lr: 5.0000e-04 - 4s/epoch - 5ms/step
Epoch 45/100
782/782 - 4s - loss: 0.9449 - categorical_accuracy: 0.6394 - val_loss: 0.9327 - val_categorical_accuracy: 0.6476 - lr: 5.0000e-04 - 4s/epoch - 5ms/step
Epoch 46/100
782/782 - 4s - loss: 0.9454 - categorical_accuracy: 0.6391 - val_loss: 0.9342 - val_categorical_accuracy: 0.6469 - lr: 5.0000e-04 - 4s/epoch - 5ms/step
Epoch 47/100
782/782 - 4s - loss: 0.9446 - categorical_accuracy: 0.6394 - val_loss: 0.9355 - val_categorical_accuracy: 0.6445 - lr: 5.0000e-04 - 4s/epoch - 5ms/step
Epoch 48/100
782/782 - 4s - loss: 0.9478 - categorical_accuracy: 0.6376 - val_loss: 0.9379 - val_categorical_accuracy: 0.6442 - lr: 5.0000e-04 - 4s/epoch - 5ms/step
Epoch 49/100
782/782 - 4s - loss: 0.9444 - categorical_accuracy: 0.6390 - val_loss: 0.9388 - val_categorical_accuracy: 0.6418 - lr: 5.0000e-04 - 4s/epoch - 5ms/step
Epoch 50/100
782/782 - 5s - loss: 0.9453 - categorical_accuracy: 0.6387 - val_loss: 0.9336 - val_categorical_accuracy: 0.6450 - lr: 5.0000e-04 - 5s/epoch - 6ms/step
Epoch 51/100
782/782 - 4s - loss: 0.9439 - categorical_accuracy: 0.6399 - val_loss: 0.9301 - val_categorical_accuracy: 0.6485 - lr: 5.0000e-04 - 4s/epoch - 5ms/step
Epoch 52/100
782/782 - 4s - loss: 0.9438 - categorical_accuracy: 0.6397 - val_loss: 0.9338 - val_categorical_accuracy: 0.6467 - lr: 5.0000e-04 - 4s/epoch - 5ms/step
Epoch 53/100
782/782 - 4s - loss: 0.9413 - categorical_accuracy: 0.6404 - val_loss: 0.9432 - val_categorical_accuracy: 0.6416 - lr: 5.0000e-04 - 4s/epoch - 5ms/step
Epoch 54/100
782/782 - 4s - loss: 0.9433 - categorical_accuracy: 0.6395 - val_loss: 0.9287 - val_categorical_accuracy: 0.6490 - lr: 5.0000e-04 - 4s/epoch - 5ms/step
Epoch 55/100
782/782 - 4s - loss: 0.9428 - categorical_accuracy: 0.6400 - val_loss: 0.9321 - val_categorical_accuracy: 0.6462 - lr: 5.0000e-04 - 4s/epoch - 5ms/step
Epoch 56/100
782/782 - 4s - loss: 0.9431 - categorical_accuracy: 0.6391 - val_loss: 0.9377 - val_categorical_accuracy: 0.6429 - lr: 5.0000e-04 - 4s/epoch - 5ms/step
Epoch 57/100
782/782 - 4s - loss: 0.9405 - categorical_accuracy: 0.6410 - val_loss: 0.9305 - val_categorical_accuracy: 0.6473 - lr: 5.0000e-04 - 4s/epoch - 5ms/step
Epoch 58/100
782/782 - 4s - loss: 0.9394 - categorical_accuracy: 0.6411 - val_loss: 0.9280 - val_categorical_accuracy: 0.6484 - lr: 5.0000e-04 - 4s/epoch - 5ms/step
Epoch 59/100
782/782 - 4s - loss: 0.9404 - categorical_accuracy: 0.6409 - val_loss: 0.9459 - val_categorical_accuracy: 0.6396 - lr: 5.0000e-04 - 4s/epoch - 5ms/step
Epoch 60/100
782/782 - 4s - loss: 0.9398 - categorical_accuracy: 0.6410 - val_loss: 0.9304 - val_categorical_accuracy: 0.6481 - lr: 5.0000e-04 - 4s/epoch - 5ms/step
Epoch 61/100
782/782 - 4s - loss: 0.9375 - categorical_accuracy: 0.6415 - val_loss: 0.9255 - val_categorical_accuracy: 0.6498 - lr: 5.0000e-04 - 4s/epoch - 5ms/step
Epoch 62/100
782/782 - 4s - loss: 0.9382 - categorical_accuracy: 0.6420 - val_loss: 0.9287 - val_categorical_accuracy: 0.6482 - lr: 5.0000e-04 - 4s/epoch - 5ms/step
Epoch 63/100
782/782 - 4s - loss: 0.9390 - categorical_accuracy: 0.6406 - val_loss: 0.9298 - val_categorical_accuracy: 0.6475 - lr: 5.0000e-04 - 4s/epoch - 5ms/step
Epoch 64/100
782/782 - 4s - loss: 0.9392 - categorical_accuracy: 0.6415 - val_loss: 0.9266 - val_categorical_accuracy: 0.6496 - lr: 5.0000e-04 - 4s/epoch - 5ms/step
Epoch 65/100
782/782 - 4s - loss: 0.9384 - categorical_accuracy: 0.6416 - val_loss: 0.9270 - val_categorical_accuracy: 0.6487 - lr: 5.0000e-04 - 4s/epoch - 5ms/step
Epoch 66/100
782/782 - 4s - loss: 0.9384 - categorical_accuracy: 0.6412 - val_loss: 0.9271 - val_categorical_accuracy: 0.6489 - lr: 5.0000e-04 - 4s/epoch - 5ms/step
Epoch 67/100
782/782 - 4s - loss: 0.9366 - categorical_accuracy: 0.6418 - val_loss: 0.9255 - val_categorical_accuracy: 0.6496 - lr: 5.0000e-04 - 4s/epoch - 5ms/step
Epoch 68/100
782/782 - 4s - loss: 0.9370 - categorical_accuracy: 0.6417 - val_loss: 0.9256 - val_categorical_accuracy: 0.6499 - lr: 5.0000e-04 - 4s/epoch - 5ms/step
Epoch 69/100
782/782 - 4s - loss: 0.9356 - categorical_accuracy: 0.6425 - val_loss: 0.9261 - val_categorical_accuracy: 0.6491 - lr: 5.0000e-04 - 4s/epoch - 5ms/step
Epoch 70/100
782/782 - 4s - loss: 0.9382 - categorical_accuracy: 0.6412 - val_loss: 0.9253 - val_categorical_accuracy: 0.6498 - lr: 5.0000e-04 - 4s/epoch - 5ms/step
Epoch 71/100
782/782 - 4s - loss: 0.9367 - categorical_accuracy: 0.6419 - val_loss: 0.9250 - val_categorical_accuracy: 0.6498 - lr: 5.0000e-04 - 4s/epoch - 5ms/step
Epoch 72/100
782/782 - 4s - loss: 0.9354 - categorical_accuracy: 0.6429 - val_loss: 0.9269 - val_categorical_accuracy: 0.6477 - lr: 5.0000e-04 - 4s/epoch - 5ms/step
Epoch 73/100
782/782 - 4s - loss: 0.9352 - categorical_accuracy: 0.6429 - val_loss: 0.9247 - val_categorical_accuracy: 0.6493 - lr: 5.0000e-04 - 4s/epoch - 5ms/step
Epoch 74/100
782/782 - 4s - loss: 0.9347 - categorical_accuracy: 0.6429 - val_loss: 0.9456 - val_categorical_accuracy: 0.6357 - lr: 5.0000e-04 - 4s/epoch - 5ms/step
Epoch 75/100
782/782 - 4s - loss: 0.9362 - categorical_accuracy: 0.6416 - val_loss: 0.9344 - val_categorical_accuracy: 0.6442 - lr: 5.0000e-04 - 4s/epoch - 5ms/step
Epoch 76/100
782/782 - 4s - loss: 0.9368 - categorical_accuracy: 0.6419 - val_loss: 0.9235 - val_categorical_accuracy: 0.6487 - lr: 5.0000e-04 - 4s/epoch - 5ms/step
Epoch 77/100
782/782 - 6s - loss: 0.9361 - categorical_accuracy: 0.6419 - val_loss: 0.9451 - val_categorical_accuracy: 0.6373 - lr: 5.0000e-04 - 6s/epoch - 8ms/step
Epoch 78/100
782/782 - 4s - loss: 0.9352 - categorical_accuracy: 0.6426 - val_loss: 0.9240 - val_categorical_accuracy: 0.6499 - lr: 5.0000e-04 - 4s/epoch - 5ms/step
[95m
SAVING RESULTS[0m
==============
[92m
Saved model to: [0m trained_intnets/perm_variant_conv_1
Loss vs epochs plot saved to trained_intnets/perm_variant_conv_1.
Accuracy vs epochs plot saved to trained_intnets/perm_variant_conv_1.
[92m
Jobs done! 🍰✨[0m
