[96m
GPU: NVIDIA GeForce GTX 1080 Ti[0m

----------------
[92mData loading complete:[0m
Training data size: 5.72e+05
Test data size: 0.00e+00
----------------

Shuffling constituents...
[92mShuffled the training data! 🃏
[0m
[92mNumber of constituents: 8[0m
Instantiating model...
[92mModel compiled and built![0m
[95m
TRAINING THE MODEL 💪[0m
==================

Training parameters
-------------------
[92mOptimiser: 	[0m {'name': 'Adam', 'learning_rate': 0.0005, 'decay': 0.0, 'beta_1': 0.9, 'beta_2': 0.999, 'epsilon': 1e-07, 'amsgrad': False}
[92mBatch size: 	[0m 512
[92mTraining epochs:[0m 100
[92mLoss: 		[0m categorical_crossentropy

Epoch 1/100
782/782 - 8s - loss: 1.1659 - categorical_accuracy: 0.5362 - val_loss: 1.0832 - val_categorical_accuracy: 0.5833 - lr: 5.0000e-04 - 8s/epoch - 10ms/step
Epoch 2/100
782/782 - 4s - loss: 1.0667 - categorical_accuracy: 0.5892 - val_loss: 1.0421 - val_categorical_accuracy: 0.6034 - lr: 5.0000e-04 - 4s/epoch - 5ms/step
Epoch 3/100
782/782 - 4s - loss: 1.0454 - categorical_accuracy: 0.5986 - val_loss: 1.0247 - val_categorical_accuracy: 0.6098 - lr: 5.0000e-04 - 4s/epoch - 5ms/step
Epoch 4/100
782/782 - 4s - loss: 1.0315 - categorical_accuracy: 0.6044 - val_loss: 1.0111 - val_categorical_accuracy: 0.6151 - lr: 5.0000e-04 - 4s/epoch - 5ms/step
Epoch 5/100
782/782 - 4s - loss: 1.0213 - categorical_accuracy: 0.6088 - val_loss: 1.0015 - val_categorical_accuracy: 0.6186 - lr: 5.0000e-04 - 4s/epoch - 5ms/step
Epoch 6/100
782/782 - 4s - loss: 1.0135 - categorical_accuracy: 0.6119 - val_loss: 0.9942 - val_categorical_accuracy: 0.6209 - lr: 5.0000e-04 - 4s/epoch - 5ms/step
Epoch 7/100
782/782 - 4s - loss: 1.0070 - categorical_accuracy: 0.6146 - val_loss: 0.9875 - val_categorical_accuracy: 0.6231 - lr: 5.0000e-04 - 4s/epoch - 5ms/step
Epoch 8/100
782/782 - 4s - loss: 1.0011 - categorical_accuracy: 0.6170 - val_loss: 0.9818 - val_categorical_accuracy: 0.6253 - lr: 5.0000e-04 - 4s/epoch - 5ms/step
Epoch 9/100
782/782 - 4s - loss: 0.9959 - categorical_accuracy: 0.6192 - val_loss: 0.9768 - val_categorical_accuracy: 0.6280 - lr: 5.0000e-04 - 4s/epoch - 5ms/step
Epoch 10/100
782/782 - 4s - loss: 0.9914 - categorical_accuracy: 0.6210 - val_loss: 0.9721 - val_categorical_accuracy: 0.6298 - lr: 5.0000e-04 - 4s/epoch - 5ms/step
Epoch 11/100
782/782 - 4s - loss: 0.9874 - categorical_accuracy: 0.6227 - val_loss: 0.9680 - val_categorical_accuracy: 0.6321 - lr: 5.0000e-04 - 4s/epoch - 5ms/step
Epoch 12/100
782/782 - 4s - loss: 0.9834 - categorical_accuracy: 0.6244 - val_loss: 0.9642 - val_categorical_accuracy: 0.6346 - lr: 5.0000e-04 - 4s/epoch - 5ms/step
Epoch 13/100
782/782 - 4s - loss: 0.9799 - categorical_accuracy: 0.6258 - val_loss: 0.9611 - val_categorical_accuracy: 0.6363 - lr: 5.0000e-04 - 4s/epoch - 5ms/step
Epoch 14/100
782/782 - 4s - loss: 0.9769 - categorical_accuracy: 0.6270 - val_loss: 0.9581 - val_categorical_accuracy: 0.6374 - lr: 5.0000e-04 - 4s/epoch - 5ms/step
Epoch 15/100
782/782 - 4s - loss: 0.9739 - categorical_accuracy: 0.6282 - val_loss: 0.9553 - val_categorical_accuracy: 0.6387 - lr: 5.0000e-04 - 4s/epoch - 5ms/step
Epoch 16/100
782/782 - 4s - loss: 0.9713 - categorical_accuracy: 0.6289 - val_loss: 0.9532 - val_categorical_accuracy: 0.6390 - lr: 5.0000e-04 - 4s/epoch - 5ms/step
Epoch 17/100
782/782 - 4s - loss: 0.9692 - categorical_accuracy: 0.6298 - val_loss: 0.9514 - val_categorical_accuracy: 0.6392 - lr: 5.0000e-04 - 4s/epoch - 5ms/step
Epoch 18/100
782/782 - 4s - loss: 0.9674 - categorical_accuracy: 0.6302 - val_loss: 0.9500 - val_categorical_accuracy: 0.6397 - lr: 5.0000e-04 - 4s/epoch - 5ms/step
Epoch 19/100
782/782 - 4s - loss: 0.9659 - categorical_accuracy: 0.6306 - val_loss: 0.9487 - val_categorical_accuracy: 0.6399 - lr: 5.0000e-04 - 4s/epoch - 5ms/step
Epoch 20/100
782/782 - 4s - loss: 0.9645 - categorical_accuracy: 0.6311 - val_loss: 0.9479 - val_categorical_accuracy: 0.6399 - lr: 5.0000e-04 - 4s/epoch - 5ms/step
Epoch 21/100
782/782 - 4s - loss: 0.9634 - categorical_accuracy: 0.6314 - val_loss: 0.9468 - val_categorical_accuracy: 0.6402 - lr: 5.0000e-04 - 4s/epoch - 5ms/step
Epoch 22/100
782/782 - 4s - loss: 0.9623 - categorical_accuracy: 0.6319 - val_loss: 0.9465 - val_categorical_accuracy: 0.6400 - lr: 5.0000e-04 - 4s/epoch - 5ms/step
Epoch 23/100
782/782 - 4s - loss: 0.9612 - categorical_accuracy: 0.6322 - val_loss: 0.9459 - val_categorical_accuracy: 0.6404 - lr: 5.0000e-04 - 4s/epoch - 5ms/step
Epoch 24/100
782/782 - 4s - loss: 0.9602 - categorical_accuracy: 0.6324 - val_loss: 0.9452 - val_categorical_accuracy: 0.6406 - lr: 5.0000e-04 - 4s/epoch - 5ms/step
Epoch 25/100
782/782 - 4s - loss: 0.9592 - categorical_accuracy: 0.6327 - val_loss: 0.9444 - val_categorical_accuracy: 0.6409 - lr: 5.0000e-04 - 4s/epoch - 5ms/step
Epoch 26/100
782/782 - 4s - loss: 0.9583 - categorical_accuracy: 0.6331 - val_loss: 0.9435 - val_categorical_accuracy: 0.6411 - lr: 5.0000e-04 - 4s/epoch - 5ms/step
Epoch 27/100
782/782 - 4s - loss: 0.9574 - categorical_accuracy: 0.6337 - val_loss: 0.9431 - val_categorical_accuracy: 0.6412 - lr: 5.0000e-04 - 4s/epoch - 5ms/step
Epoch 28/100
782/782 - 4s - loss: 0.9565 - categorical_accuracy: 0.6340 - val_loss: 0.9426 - val_categorical_accuracy: 0.6411 - lr: 5.0000e-04 - 4s/epoch - 5ms/step
Epoch 29/100
782/782 - 4s - loss: 0.9558 - categorical_accuracy: 0.6343 - val_loss: 0.9417 - val_categorical_accuracy: 0.6415 - lr: 5.0000e-04 - 4s/epoch - 5ms/step
Epoch 30/100
782/782 - 4s - loss: 0.9550 - categorical_accuracy: 0.6345 - val_loss: 0.9412 - val_categorical_accuracy: 0.6418 - lr: 5.0000e-04 - 4s/epoch - 5ms/step
Epoch 31/100
782/782 - 4s - loss: 0.9544 - categorical_accuracy: 0.6347 - val_loss: 0.9410 - val_categorical_accuracy: 0.6417 - lr: 5.0000e-04 - 4s/epoch - 5ms/step
Epoch 32/100
782/782 - 5s - loss: 0.9537 - categorical_accuracy: 0.6350 - val_loss: 0.9405 - val_categorical_accuracy: 0.6419 - lr: 5.0000e-04 - 5s/epoch - 7ms/step
Epoch 33/100
782/782 - 4s - loss: 0.9530 - categorical_accuracy: 0.6350 - val_loss: 0.9393 - val_categorical_accuracy: 0.6424 - lr: 5.0000e-04 - 4s/epoch - 5ms/step
Epoch 34/100
782/782 - 4s - loss: 0.9523 - categorical_accuracy: 0.6354 - val_loss: 0.9391 - val_categorical_accuracy: 0.6425 - lr: 5.0000e-04 - 4s/epoch - 5ms/step
Epoch 35/100
782/782 - 4s - loss: 0.9516 - categorical_accuracy: 0.6356 - val_loss: 0.9390 - val_categorical_accuracy: 0.6421 - lr: 5.0000e-04 - 4s/epoch - 5ms/step
Epoch 36/100
782/782 - 4s - loss: 0.9510 - categorical_accuracy: 0.6360 - val_loss: 0.9387 - val_categorical_accuracy: 0.6423 - lr: 5.0000e-04 - 4s/epoch - 5ms/step
Epoch 37/100
782/782 - 4s - loss: 0.9503 - categorical_accuracy: 0.6362 - val_loss: 0.9379 - val_categorical_accuracy: 0.6427 - lr: 5.0000e-04 - 4s/epoch - 5ms/step
Epoch 38/100
782/782 - 4s - loss: 0.9497 - categorical_accuracy: 0.6365 - val_loss: 0.9377 - val_categorical_accuracy: 0.6429 - lr: 5.0000e-04 - 4s/epoch - 5ms/step
Epoch 39/100
782/782 - 4s - loss: 0.9491 - categorical_accuracy: 0.6366 - val_loss: 0.9368 - val_categorical_accuracy: 0.6436 - lr: 5.0000e-04 - 4s/epoch - 5ms/step
Epoch 40/100
782/782 - 4s - loss: 0.9486 - categorical_accuracy: 0.6369 - val_loss: 0.9362 - val_categorical_accuracy: 0.6442 - lr: 5.0000e-04 - 4s/epoch - 5ms/step
Epoch 41/100
782/782 - 4s - loss: 0.9481 - categorical_accuracy: 0.6372 - val_loss: 0.9363 - val_categorical_accuracy: 0.6442 - lr: 5.0000e-04 - 4s/epoch - 5ms/step
Epoch 42/100
782/782 - 4s - loss: 0.9476 - categorical_accuracy: 0.6373 - val_loss: 0.9359 - val_categorical_accuracy: 0.6445 - lr: 5.0000e-04 - 4s/epoch - 5ms/step
Epoch 43/100
782/782 - 4s - loss: 0.9471 - categorical_accuracy: 0.6375 - val_loss: 0.9354 - val_categorical_accuracy: 0.6446 - lr: 5.0000e-04 - 4s/epoch - 5ms/step
Epoch 44/100
782/782 - 4s - loss: 0.9466 - categorical_accuracy: 0.6378 - val_loss: 0.9353 - val_categorical_accuracy: 0.6445 - lr: 5.0000e-04 - 4s/epoch - 5ms/step
Epoch 45/100
782/782 - 4s - loss: 0.9461 - categorical_accuracy: 0.6381 - val_loss: 0.9345 - val_categorical_accuracy: 0.6447 - lr: 5.0000e-04 - 4s/epoch - 5ms/step
Epoch 46/100
782/782 - 4s - loss: 0.9456 - categorical_accuracy: 0.6381 - val_loss: 0.9344 - val_categorical_accuracy: 0.6447 - lr: 5.0000e-04 - 4s/epoch - 5ms/step
Epoch 47/100
782/782 - 4s - loss: 0.9452 - categorical_accuracy: 0.6384 - val_loss: 0.9339 - val_categorical_accuracy: 0.6447 - lr: 5.0000e-04 - 4s/epoch - 5ms/step
Epoch 48/100
782/782 - 4s - loss: 0.9447 - categorical_accuracy: 0.6385 - val_loss: 0.9336 - val_categorical_accuracy: 0.6448 - lr: 5.0000e-04 - 4s/epoch - 5ms/step
Epoch 49/100
782/782 - 4s - loss: 0.9442 - categorical_accuracy: 0.6387 - val_loss: 0.9327 - val_categorical_accuracy: 0.6456 - lr: 5.0000e-04 - 4s/epoch - 5ms/step
Epoch 50/100
782/782 - 4s - loss: 0.9437 - categorical_accuracy: 0.6389 - val_loss: 0.9324 - val_categorical_accuracy: 0.6456 - lr: 5.0000e-04 - 4s/epoch - 5ms/step
Epoch 51/100
782/782 - 4s - loss: 0.9433 - categorical_accuracy: 0.6388 - val_loss: 0.9322 - val_categorical_accuracy: 0.6456 - lr: 5.0000e-04 - 4s/epoch - 5ms/step
Epoch 52/100
782/782 - 4s - loss: 0.9429 - categorical_accuracy: 0.6390 - val_loss: 0.9315 - val_categorical_accuracy: 0.6460 - lr: 5.0000e-04 - 4s/epoch - 5ms/step
Epoch 53/100
782/782 - 4s - loss: 0.9425 - categorical_accuracy: 0.6390 - val_loss: 0.9313 - val_categorical_accuracy: 0.6460 - lr: 5.0000e-04 - 4s/epoch - 5ms/step
Epoch 54/100
782/782 - 4s - loss: 0.9422 - categorical_accuracy: 0.6393 - val_loss: 0.9315 - val_categorical_accuracy: 0.6457 - lr: 5.0000e-04 - 4s/epoch - 5ms/step
Epoch 55/100
782/782 - 4s - loss: 0.9418 - categorical_accuracy: 0.6393 - val_loss: 0.9310 - val_categorical_accuracy: 0.6460 - lr: 5.0000e-04 - 4s/epoch - 5ms/step
Epoch 56/100
782/782 - 4s - loss: 0.9414 - categorical_accuracy: 0.6395 - val_loss: 0.9309 - val_categorical_accuracy: 0.6460 - lr: 5.0000e-04 - 4s/epoch - 5ms/step
Epoch 57/100
782/782 - 4s - loss: 0.9411 - categorical_accuracy: 0.6397 - val_loss: 0.9304 - val_categorical_accuracy: 0.6462 - lr: 5.0000e-04 - 4s/epoch - 5ms/step
Epoch 58/100
782/782 - 4s - loss: 0.9407 - categorical_accuracy: 0.6399 - val_loss: 0.9306 - val_categorical_accuracy: 0.6459 - lr: 5.0000e-04 - 4s/epoch - 5ms/step
Epoch 59/100
782/782 - 4s - loss: 0.9404 - categorical_accuracy: 0.6399 - val_loss: 0.9303 - val_categorical_accuracy: 0.6459 - lr: 5.0000e-04 - 4s/epoch - 5ms/step
Epoch 60/100
782/782 - 4s - loss: 0.9401 - categorical_accuracy: 0.6400 - val_loss: 0.9303 - val_categorical_accuracy: 0.6458 - lr: 5.0000e-04 - 4s/epoch - 5ms/step
Epoch 61/100
782/782 - 4s - loss: 0.9398 - categorical_accuracy: 0.6402 - val_loss: 0.9298 - val_categorical_accuracy: 0.6461 - lr: 5.0000e-04 - 4s/epoch - 5ms/step
Epoch 62/100
782/782 - 4s - loss: 0.9395 - categorical_accuracy: 0.6403 - val_loss: 0.9291 - val_categorical_accuracy: 0.6466 - lr: 5.0000e-04 - 4s/epoch - 5ms/step
Epoch 63/100
782/782 - 4s - loss: 0.9392 - categorical_accuracy: 0.6403 - val_loss: 0.9286 - val_categorical_accuracy: 0.6466 - lr: 5.0000e-04 - 4s/epoch - 5ms/step
Epoch 64/100
782/782 - 4s - loss: 0.9389 - categorical_accuracy: 0.6403 - val_loss: 0.9285 - val_categorical_accuracy: 0.6465 - lr: 5.0000e-04 - 4s/epoch - 5ms/step
Epoch 65/100
782/782 - 4s - loss: 0.9386 - categorical_accuracy: 0.6405 - val_loss: 0.9284 - val_categorical_accuracy: 0.6466 - lr: 5.0000e-04 - 4s/epoch - 5ms/step
Epoch 66/100
782/782 - 4s - loss: 0.9383 - categorical_accuracy: 0.6406 - val_loss: 0.9280 - val_categorical_accuracy: 0.6468 - lr: 5.0000e-04 - 4s/epoch - 5ms/step
Epoch 67/100
782/782 - 4s - loss: 0.9381 - categorical_accuracy: 0.6406 - val_loss: 0.9280 - val_categorical_accuracy: 0.6467 - lr: 5.0000e-04 - 4s/epoch - 5ms/step
Epoch 68/100
782/782 - 4s - loss: 0.9377 - categorical_accuracy: 0.6408 - val_loss: 0.9282 - val_categorical_accuracy: 0.6463 - lr: 5.0000e-04 - 4s/epoch - 5ms/step
Epoch 69/100
782/782 - 4s - loss: 0.9375 - categorical_accuracy: 0.6410 - val_loss: 0.9271 - val_categorical_accuracy: 0.6469 - lr: 5.0000e-04 - 4s/epoch - 5ms/step
Epoch 70/100
782/782 - 4s - loss: 0.9372 - categorical_accuracy: 0.6411 - val_loss: 0.9268 - val_categorical_accuracy: 0.6472 - lr: 5.0000e-04 - 4s/epoch - 5ms/step
Epoch 71/100
782/782 - 4s - loss: 0.9369 - categorical_accuracy: 0.6412 - val_loss: 0.9269 - val_categorical_accuracy: 0.6472 - lr: 5.0000e-04 - 4s/epoch - 5ms/step
Epoch 72/100
782/782 - 4s - loss: 0.9366 - categorical_accuracy: 0.6414 - val_loss: 0.9269 - val_categorical_accuracy: 0.6468 - lr: 5.0000e-04 - 4s/epoch - 5ms/step
Epoch 73/100
782/782 - 4s - loss: 0.9363 - categorical_accuracy: 0.6414 - val_loss: 0.9266 - val_categorical_accuracy: 0.6468 - lr: 5.0000e-04 - 4s/epoch - 5ms/step
Epoch 74/100
782/782 - 4s - loss: 0.9360 - categorical_accuracy: 0.6416 - val_loss: 0.9263 - val_categorical_accuracy: 0.6471 - lr: 5.0000e-04 - 4s/epoch - 5ms/step
Epoch 75/100
782/782 - 4s - loss: 0.9358 - categorical_accuracy: 0.6417 - val_loss: 0.9261 - val_categorical_accuracy: 0.6471 - lr: 5.0000e-04 - 4s/epoch - 5ms/step
Epoch 76/100
782/782 - 4s - loss: 0.9355 - categorical_accuracy: 0.6418 - val_loss: 0.9256 - val_categorical_accuracy: 0.6475 - lr: 5.0000e-04 - 4s/epoch - 5ms/step
Epoch 77/100
782/782 - 4s - loss: 0.9353 - categorical_accuracy: 0.6419 - val_loss: 0.9258 - val_categorical_accuracy: 0.6474 - lr: 5.0000e-04 - 4s/epoch - 6ms/step
Epoch 78/100
782/782 - 4s - loss: 0.9350 - categorical_accuracy: 0.6419 - val_loss: 0.9255 - val_categorical_accuracy: 0.6472 - lr: 5.0000e-04 - 4s/epoch - 5ms/step
Epoch 79/100
782/782 - 4s - loss: 0.9347 - categorical_accuracy: 0.6421 - val_loss: 0.9253 - val_categorical_accuracy: 0.6475 - lr: 5.0000e-04 - 4s/epoch - 5ms/step
Epoch 80/100
782/782 - 4s - loss: 0.9345 - categorical_accuracy: 0.6420 - val_loss: 0.9257 - val_categorical_accuracy: 0.6471 - lr: 5.0000e-04 - 4s/epoch - 5ms/step
Epoch 81/100
782/782 - 4s - loss: 0.9342 - categorical_accuracy: 0.6421 - val_loss: 0.9249 - val_categorical_accuracy: 0.6477 - lr: 5.0000e-04 - 4s/epoch - 5ms/step
Epoch 82/100
782/782 - 4s - loss: 0.9339 - categorical_accuracy: 0.6423 - val_loss: 0.9251 - val_categorical_accuracy: 0.6475 - lr: 5.0000e-04 - 4s/epoch - 5ms/step
Epoch 83/100
782/782 - 4s - loss: 0.9337 - categorical_accuracy: 0.6423 - val_loss: 0.9242 - val_categorical_accuracy: 0.6478 - lr: 5.0000e-04 - 4s/epoch - 5ms/step
Epoch 84/100
782/782 - 4s - loss: 0.9335 - categorical_accuracy: 0.6423 - val_loss: 0.9242 - val_categorical_accuracy: 0.6476 - lr: 5.0000e-04 - 4s/epoch - 5ms/step
Epoch 85/100
782/782 - 4s - loss: 0.9332 - categorical_accuracy: 0.6425 - val_loss: 0.9238 - val_categorical_accuracy: 0.6478 - lr: 5.0000e-04 - 4s/epoch - 5ms/step
Epoch 86/100
782/782 - 4s - loss: 0.9330 - categorical_accuracy: 0.6424 - val_loss: 0.9234 - val_categorical_accuracy: 0.6482 - lr: 5.0000e-04 - 4s/epoch - 5ms/step
Epoch 87/100
782/782 - 4s - loss: 0.9328 - categorical_accuracy: 0.6425 - val_loss: 0.9241 - val_categorical_accuracy: 0.6476 - lr: 5.0000e-04 - 4s/epoch - 5ms/step
Epoch 88/100
782/782 - 4s - loss: 0.9326 - categorical_accuracy: 0.6425 - val_loss: 0.9236 - val_categorical_accuracy: 0.6479 - lr: 5.0000e-04 - 4s/epoch - 5ms/step
Epoch 89/100
782/782 - 4s - loss: 0.9323 - categorical_accuracy: 0.6426 - val_loss: 0.9234 - val_categorical_accuracy: 0.6480 - lr: 5.0000e-04 - 4s/epoch - 5ms/step
Epoch 90/100
782/782 - 4s - loss: 0.9321 - categorical_accuracy: 0.6425 - val_loss: 0.9232 - val_categorical_accuracy: 0.6480 - lr: 5.0000e-04 - 4s/epoch - 5ms/step
Epoch 91/100
782/782 - 4s - loss: 0.9319 - categorical_accuracy: 0.6427 - val_loss: 0.9232 - val_categorical_accuracy: 0.6477 - lr: 5.0000e-04 - 4s/epoch - 5ms/step
Epoch 92/100
782/782 - 4s - loss: 0.9317 - categorical_accuracy: 0.6428 - val_loss: 0.9230 - val_categorical_accuracy: 0.6478 - lr: 5.0000e-04 - 4s/epoch - 5ms/step
Epoch 93/100
782/782 - 4s - loss: 0.9314 - categorical_accuracy: 0.6429 - val_loss: 0.9233 - val_categorical_accuracy: 0.6477 - lr: 5.0000e-04 - 4s/epoch - 5ms/step
Epoch 94/100
782/782 - 4s - loss: 0.9312 - categorical_accuracy: 0.6430 - val_loss: 0.9237 - val_categorical_accuracy: 0.6476 - lr: 5.0000e-04 - 4s/epoch - 5ms/step
Epoch 95/100
782/782 - 4s - loss: 0.9310 - categorical_accuracy: 0.6431 - val_loss: 0.9235 - val_categorical_accuracy: 0.6475 - lr: 5.0000e-04 - 4s/epoch - 5ms/step
Epoch 96/100
782/782 - 4s - loss: 0.9308 - categorical_accuracy: 0.6432 - val_loss: 0.9232 - val_categorical_accuracy: 0.6474 - lr: 5.0000e-04 - 4s/epoch - 5ms/step
[95m
SAVING RESULTS[0m
==============
[92m
Saved model to: [0m trained_intnets/perm_variant_conv_1
Loss vs epochs plot saved to trained_intnets/perm_variant_conv_1.
Accuracy vs epochs plot saved to trained_intnets/perm_variant_conv_1.
[92m
Jobs done! 🍰✨[0m
