[96m
GPU: NVIDIA GeForce GTX 1080 Ti[0m
[95m
DATA DETAILS[0m
[95m-----------[0m
data_folder: /work/deodagiu/ki_data/intnet_input
norm: robust
train_events: -1
test_events: 0
pt_min: 2.0
nconstituents: 16
feature_selection: jedinet

----------------
[92mData loading complete:[0m
Training data size: 5.72e+05
Test data size: 0.00e+00
----------------

Shuffling constituents...
[92mShuffled the training data! 🃏
[0m
Instantiating model with the hyperparameters:
effects_nnodes: 150
dynamic_nnodes: 75
abstrac_nnodes: 35
effects_activ: relu
dynamic_activ: relu
abstrac_activ: relu
neffects: 20
ndynamics: 15
l2: 0.05
summation: True
[92mModel compiled and built![0m
[95m

TRAINING THE MODEL 💪[0m

Training parameters
-------------------
[92mOptimiser: 	[0m {'name': 'Adam', 'learning_rate': 0.0001, 'decay': 0.0, 'beta_1': 0.9, 'beta_2': 0.999, 'epsilon': 1e-07, 'amsgrad': False}
[92mBatch size: 	[0m 100
[92mLearning rate: 	[0m 0.0001
[92mTraining epochs:[0m 100
[92mLoss: 		[0m categorical_crossentropy

Epoch 1/100
4003/4003 - 180s - loss: 4.2667 - categorical_accuracy: 0.6056 - val_loss: 1.1851 - val_categorical_accuracy: 0.6604 - lr: 1.0000e-04 - 180s/epoch - 45ms/step
Epoch 2/100
4003/4003 - 178s - loss: 1.0435 - categorical_accuracy: 0.6725 - val_loss: 0.9553 - val_categorical_accuracy: 0.6823 - lr: 1.0000e-04 - 178s/epoch - 44ms/step
Epoch 3/100
4003/4003 - 179s - loss: 0.9076 - categorical_accuracy: 0.6972 - val_loss: 0.8603 - val_categorical_accuracy: 0.7104 - lr: 1.0000e-04 - 179s/epoch - 45ms/step
Epoch 4/100
4003/4003 - 178s - loss: 0.8460 - categorical_accuracy: 0.7117 - val_loss: 0.8364 - val_categorical_accuracy: 0.7105 - lr: 1.0000e-04 - 178s/epoch - 44ms/step
Epoch 5/100
4003/4003 - 179s - loss: 0.8023 - categorical_accuracy: 0.7228 - val_loss: 0.7787 - val_categorical_accuracy: 0.7267 - lr: 1.0000e-04 - 179s/epoch - 45ms/step
Epoch 6/100
4003/4003 - 179s - loss: 0.7650 - categorical_accuracy: 0.7325 - val_loss: 0.7670 - val_categorical_accuracy: 0.7281 - lr: 1.0000e-04 - 179s/epoch - 45ms/step
Epoch 7/100
4003/4003 - 179s - loss: 0.7433 - categorical_accuracy: 0.7391 - val_loss: 0.7365 - val_categorical_accuracy: 0.7397 - lr: 1.0000e-04 - 179s/epoch - 45ms/step
Epoch 8/100
4003/4003 - 178s - loss: 0.7297 - categorical_accuracy: 0.7440 - val_loss: 0.7254 - val_categorical_accuracy: 0.7448 - lr: 1.0000e-04 - 178s/epoch - 45ms/step
Epoch 9/100
4003/4003 - 178s - loss: 0.7198 - categorical_accuracy: 0.7471 - val_loss: 0.7089 - val_categorical_accuracy: 0.7492 - lr: 1.0000e-04 - 178s/epoch - 44ms/step
Epoch 10/100
4003/4003 - 179s - loss: 0.7123 - categorical_accuracy: 0.7498 - val_loss: 0.7098 - val_categorical_accuracy: 0.7485 - lr: 1.0000e-04 - 179s/epoch - 45ms/step
Epoch 11/100
4003/4003 - 177s - loss: 0.7066 - categorical_accuracy: 0.7517 - val_loss: 0.7149 - val_categorical_accuracy: 0.7472 - lr: 1.0000e-04 - 177s/epoch - 44ms/step
Epoch 12/100
4003/4003 - 178s - loss: 0.7014 - categorical_accuracy: 0.7538 - val_loss: 0.7083 - val_categorical_accuracy: 0.7492 - lr: 1.0000e-04 - 178s/epoch - 44ms/step
Epoch 13/100
4003/4003 - 178s - loss: 0.6979 - categorical_accuracy: 0.7554 - val_loss: 0.6919 - val_categorical_accuracy: 0.7560 - lr: 1.0000e-04 - 178s/epoch - 45ms/step
Epoch 14/100
4003/4003 - 178s - loss: 0.6941 - categorical_accuracy: 0.7563 - val_loss: 0.6894 - val_categorical_accuracy: 0.7572 - lr: 1.0000e-04 - 178s/epoch - 44ms/step
Epoch 15/100
4003/4003 - 178s - loss: 0.6913 - categorical_accuracy: 0.7573 - val_loss: 0.6863 - val_categorical_accuracy: 0.7584 - lr: 1.0000e-04 - 178s/epoch - 45ms/step
Epoch 16/100
4003/4003 - 178s - loss: 0.6894 - categorical_accuracy: 0.7585 - val_loss: 0.6869 - val_categorical_accuracy: 0.7579 - lr: 1.0000e-04 - 178s/epoch - 45ms/step
Epoch 17/100
4003/4003 - 180s - loss: 0.6873 - categorical_accuracy: 0.7588 - val_loss: 0.6876 - val_categorical_accuracy: 0.7566 - lr: 1.0000e-04 - 180s/epoch - 45ms/step
Epoch 18/100
4003/4003 - 179s - loss: 0.6856 - categorical_accuracy: 0.7594 - val_loss: 0.6867 - val_categorical_accuracy: 0.7567 - lr: 1.0000e-04 - 179s/epoch - 45ms/step
Epoch 19/100
4003/4003 - 178s - loss: 0.6838 - categorical_accuracy: 0.7599 - val_loss: 0.6981 - val_categorical_accuracy: 0.7542 - lr: 1.0000e-04 - 178s/epoch - 44ms/step
Epoch 20/100
4003/4003 - 179s - loss: 0.6822 - categorical_accuracy: 0.7608 - val_loss: 0.6823 - val_categorical_accuracy: 0.7591 - lr: 1.0000e-04 - 179s/epoch - 45ms/step
Epoch 21/100
4003/4003 - 177s - loss: 0.6804 - categorical_accuracy: 0.7611 - val_loss: 0.7006 - val_categorical_accuracy: 0.7522 - lr: 1.0000e-04 - 177s/epoch - 44ms/step
Epoch 22/100
4003/4003 - 178s - loss: 0.6796 - categorical_accuracy: 0.7616 - val_loss: 0.6751 - val_categorical_accuracy: 0.7625 - lr: 1.0000e-04 - 178s/epoch - 44ms/step
Epoch 23/100
4003/4003 - 178s - loss: 0.6777 - categorical_accuracy: 0.7624 - val_loss: 0.6912 - val_categorical_accuracy: 0.7566 - lr: 1.0000e-04 - 178s/epoch - 45ms/step
Epoch 24/100
4003/4003 - 179s - loss: 0.6770 - categorical_accuracy: 0.7624 - val_loss: 0.6772 - val_categorical_accuracy: 0.7621 - lr: 1.0000e-04 - 179s/epoch - 45ms/step
Epoch 25/100
4003/4003 - 179s - loss: 0.6756 - categorical_accuracy: 0.7634 - val_loss: 0.6808 - val_categorical_accuracy: 0.7597 - lr: 1.0000e-04 - 179s/epoch - 45ms/step
Epoch 26/100
4003/4003 - 179s - loss: 0.6746 - categorical_accuracy: 0.7638 - val_loss: 0.6767 - val_categorical_accuracy: 0.7628 - lr: 1.0000e-04 - 179s/epoch - 45ms/step
Epoch 27/100
4003/4003 - 179s - loss: 0.6737 - categorical_accuracy: 0.7635 - val_loss: 0.6718 - val_categorical_accuracy: 0.7634 - lr: 1.0000e-04 - 179s/epoch - 45ms/step
Epoch 28/100
4003/4003 - 178s - loss: 0.6722 - categorical_accuracy: 0.7643 - val_loss: 0.6742 - val_categorical_accuracy: 0.7621 - lr: 1.0000e-04 - 178s/epoch - 45ms/step
Epoch 29/100
4003/4003 - 178s - loss: 0.6715 - categorical_accuracy: 0.7649 - val_loss: 0.6683 - val_categorical_accuracy: 0.7654 - lr: 1.0000e-04 - 178s/epoch - 44ms/step
Epoch 30/100
4003/4003 - 178s - loss: 0.6705 - categorical_accuracy: 0.7653 - val_loss: 0.6757 - val_categorical_accuracy: 0.7625 - lr: 1.0000e-04 - 178s/epoch - 45ms/step
Epoch 31/100
4003/4003 - 178s - loss: 0.6696 - categorical_accuracy: 0.7654 - val_loss: 0.6702 - val_categorical_accuracy: 0.7649 - lr: 1.0000e-04 - 178s/epoch - 44ms/step
Epoch 32/100
4003/4003 - 178s - loss: 0.6683 - categorical_accuracy: 0.7662 - val_loss: 0.6697 - val_categorical_accuracy: 0.7657 - lr: 1.0000e-04 - 178s/epoch - 44ms/step
Epoch 33/100
4003/4003 - 178s - loss: 0.6673 - categorical_accuracy: 0.7668 - val_loss: 0.6650 - val_categorical_accuracy: 0.7665 - lr: 1.0000e-04 - 178s/epoch - 44ms/step
Epoch 34/100
4003/4003 - 179s - loss: 0.6666 - categorical_accuracy: 0.7669 - val_loss: 0.6732 - val_categorical_accuracy: 0.7618 - lr: 1.0000e-04 - 179s/epoch - 45ms/step
Epoch 35/100
4003/4003 - 179s - loss: 0.6658 - categorical_accuracy: 0.7667 - val_loss: 0.6650 - val_categorical_accuracy: 0.7656 - lr: 1.0000e-04 - 179s/epoch - 45ms/step
Epoch 36/100
4003/4003 - 179s - loss: 0.6649 - categorical_accuracy: 0.7672 - val_loss: 0.6696 - val_categorical_accuracy: 0.7638 - lr: 1.0000e-04 - 179s/epoch - 45ms/step
Epoch 37/100
4003/4003 - 179s - loss: 0.6639 - categorical_accuracy: 0.7674 - val_loss: 0.6680 - val_categorical_accuracy: 0.7656 - lr: 1.0000e-04 - 179s/epoch - 45ms/step
Epoch 38/100
4003/4003 - 177s - loss: 0.6632 - categorical_accuracy: 0.7680 - val_loss: 0.6714 - val_categorical_accuracy: 0.7643 - lr: 1.0000e-04 - 177s/epoch - 44ms/step
Epoch 39/100
4003/4003 - 178s - loss: 0.6628 - categorical_accuracy: 0.7678 - val_loss: 0.6648 - val_categorical_accuracy: 0.7663 - lr: 1.0000e-04 - 178s/epoch - 45ms/step
Epoch 40/100
4003/4003 - 178s - loss: 0.6618 - categorical_accuracy: 0.7687 - val_loss: 0.6634 - val_categorical_accuracy: 0.7666 - lr: 1.0000e-04 - 178s/epoch - 45ms/step
Epoch 41/100
4003/4003 - 178s - loss: 0.6608 - categorical_accuracy: 0.7689 - val_loss: 0.6628 - val_categorical_accuracy: 0.7677 - lr: 1.0000e-04 - 178s/epoch - 44ms/step
Epoch 42/100
4003/4003 - 178s - loss: 0.6606 - categorical_accuracy: 0.7682 - val_loss: 0.6663 - val_categorical_accuracy: 0.7644 - lr: 1.0000e-04 - 178s/epoch - 45ms/step
Epoch 43/100
4003/4003 - 178s - loss: 0.6602 - categorical_accuracy: 0.7690 - val_loss: 0.6649 - val_categorical_accuracy: 0.7655 - lr: 1.0000e-04 - 178s/epoch - 44ms/step
Epoch 44/100
4003/4003 - 178s - loss: 0.6596 - categorical_accuracy: 0.7690 - val_loss: 0.6593 - val_categorical_accuracy: 0.7678 - lr: 1.0000e-04 - 178s/epoch - 44ms/step
Epoch 45/100
4003/4003 - 178s - loss: 0.6587 - categorical_accuracy: 0.7694 - val_loss: 0.6682 - val_categorical_accuracy: 0.7658 - lr: 1.0000e-04 - 178s/epoch - 45ms/step
Epoch 46/100
4003/4003 - 178s - loss: 0.6583 - categorical_accuracy: 0.7696 - val_loss: 0.6644 - val_categorical_accuracy: 0.7667 - lr: 1.0000e-04 - 178s/epoch - 45ms/step
Epoch 47/100
4003/4003 - 178s - loss: 0.6574 - categorical_accuracy: 0.7698 - val_loss: 0.6617 - val_categorical_accuracy: 0.7679 - lr: 1.0000e-04 - 178s/epoch - 45ms/step
Epoch 48/100
4003/4003 - 177s - loss: 0.6573 - categorical_accuracy: 0.7700 - val_loss: 0.6708 - val_categorical_accuracy: 0.7636 - lr: 1.0000e-04 - 177s/epoch - 44ms/step
Epoch 49/100
4003/4003 - 178s - loss: 0.6563 - categorical_accuracy: 0.7701 - val_loss: 0.6634 - val_categorical_accuracy: 0.7659 - lr: 1.0000e-04 - 178s/epoch - 44ms/step
Epoch 50/100
4003/4003 - 178s - loss: 0.6564 - categorical_accuracy: 0.7700 - val_loss: 0.6609 - val_categorical_accuracy: 0.7672 - lr: 1.0000e-04 - 178s/epoch - 45ms/step
Epoch 51/100
4003/4003 - 178s - loss: 0.6554 - categorical_accuracy: 0.7706 - val_loss: 0.6557 - val_categorical_accuracy: 0.7696 - lr: 1.0000e-04 - 178s/epoch - 44ms/step
Epoch 52/100
4003/4003 - 178s - loss: 0.6549 - categorical_accuracy: 0.7705 - val_loss: 0.6555 - val_categorical_accuracy: 0.7698 - lr: 1.0000e-04 - 178s/epoch - 44ms/step
Epoch 53/100
4003/4003 - 178s - loss: 0.6550 - categorical_accuracy: 0.7708 - val_loss: 0.6709 - val_categorical_accuracy: 0.7634 - lr: 1.0000e-04 - 178s/epoch - 44ms/step
Epoch 54/100
4003/4003 - 178s - loss: 0.6542 - categorical_accuracy: 0.7712 - val_loss: 0.6645 - val_categorical_accuracy: 0.7669 - lr: 1.0000e-04 - 178s/epoch - 44ms/step
Epoch 55/100
4003/4003 - 177s - loss: 0.6539 - categorical_accuracy: 0.7712 - val_loss: 0.6588 - val_categorical_accuracy: 0.7680 - lr: 1.0000e-04 - 177s/epoch - 44ms/step
Epoch 56/100
4003/4003 - 177s - loss: 0.6536 - categorical_accuracy: 0.7712 - val_loss: 0.6550 - val_categorical_accuracy: 0.7702 - lr: 1.0000e-04 - 177s/epoch - 44ms/step
Epoch 57/100
4003/4003 - 176s - loss: 0.6529 - categorical_accuracy: 0.7714 - val_loss: 0.6566 - val_categorical_accuracy: 0.7687 - lr: 1.0000e-04 - 176s/epoch - 44ms/step
Epoch 58/100
4003/4003 - 176s - loss: 0.6528 - categorical_accuracy: 0.7716 - val_loss: 0.6559 - val_categorical_accuracy: 0.7694 - lr: 1.0000e-04 - 176s/epoch - 44ms/step
Epoch 59/100
4003/4003 - 178s - loss: 0.6519 - categorical_accuracy: 0.7716 - val_loss: 0.6523 - val_categorical_accuracy: 0.7706 - lr: 1.0000e-04 - 178s/epoch - 45ms/step
Epoch 60/100
4003/4003 - 178s - loss: 0.6521 - categorical_accuracy: 0.7721 - val_loss: 0.6674 - val_categorical_accuracy: 0.7642 - lr: 1.0000e-04 - 178s/epoch - 45ms/step
Epoch 61/100
4003/4003 - 180s - loss: 0.6514 - categorical_accuracy: 0.7721 - val_loss: 0.6537 - val_categorical_accuracy: 0.7706 - lr: 1.0000e-04 - 180s/epoch - 45ms/step
Epoch 62/100
4003/4003 - 180s - loss: 0.6510 - categorical_accuracy: 0.7722 - val_loss: 0.6553 - val_categorical_accuracy: 0.7690 - lr: 1.0000e-04 - 180s/epoch - 45ms/step
Epoch 63/100
4003/4003 - 179s - loss: 0.6507 - categorical_accuracy: 0.7723 - val_loss: 0.6531 - val_categorical_accuracy: 0.7703 - lr: 1.0000e-04 - 179s/epoch - 45ms/step
Epoch 64/100
4003/4003 - 179s - loss: 0.6503 - categorical_accuracy: 0.7723 - val_loss: 0.6657 - val_categorical_accuracy: 0.7652 - lr: 1.0000e-04 - 179s/epoch - 45ms/step
Epoch 65/100
4003/4003 - 180s - loss: 0.6501 - categorical_accuracy: 0.7724 - val_loss: 0.6539 - val_categorical_accuracy: 0.7699 - lr: 1.0000e-04 - 180s/epoch - 45ms/step
Epoch 66/100
4003/4003 - 181s - loss: 0.6497 - categorical_accuracy: 0.7730 - val_loss: 0.6529 - val_categorical_accuracy: 0.7705 - lr: 1.0000e-04 - 181s/epoch - 45ms/step
Epoch 67/100
4003/4003 - 179s - loss: 0.6494 - categorical_accuracy: 0.7724 - val_loss: 0.6622 - val_categorical_accuracy: 0.7665 - lr: 1.0000e-04 - 179s/epoch - 45ms/step
Epoch 68/100
4003/4003 - 178s - loss: 0.6493 - categorical_accuracy: 0.7728 - val_loss: 0.6509 - val_categorical_accuracy: 0.7713 - lr: 1.0000e-04 - 178s/epoch - 44ms/step
Epoch 69/100
4003/4003 - 178s - loss: 0.6487 - categorical_accuracy: 0.7728 - val_loss: 0.6728 - val_categorical_accuracy: 0.7624 - lr: 1.0000e-04 - 178s/epoch - 44ms/step
Epoch 70/100
4003/4003 - 178s - loss: 0.6485 - categorical_accuracy: 0.7729 - val_loss: 0.6644 - val_categorical_accuracy: 0.7651 - lr: 1.0000e-04 - 178s/epoch - 44ms/step
Epoch 71/100
4003/4003 - 178s - loss: 0.6482 - categorical_accuracy: 0.7735 - val_loss: 0.6522 - val_categorical_accuracy: 0.7712 - lr: 1.0000e-04 - 178s/epoch - 44ms/step
Epoch 72/100
4003/4003 - 178s - loss: 0.6481 - categorical_accuracy: 0.7730 - val_loss: 0.6572 - val_categorical_accuracy: 0.7682 - lr: 1.0000e-04 - 178s/epoch - 44ms/step
Epoch 73/100
4003/4003 - 179s - loss: 0.6478 - categorical_accuracy: 0.7730 - val_loss: 0.6509 - val_categorical_accuracy: 0.7716 - lr: 1.0000e-04 - 179s/epoch - 45ms/step
Epoch 74/100
4003/4003 - 179s - loss: 0.6473 - categorical_accuracy: 0.7737 - val_loss: 0.6508 - val_categorical_accuracy: 0.7714 - lr: 1.0000e-04 - 179s/epoch - 45ms/step
Epoch 75/100
4003/4003 - 178s - loss: 0.6469 - categorical_accuracy: 0.7739 - val_loss: 0.6503 - val_categorical_accuracy: 0.7711 - lr: 1.0000e-04 - 178s/epoch - 44ms/step
Epoch 76/100
4003/4003 - 178s - loss: 0.6467 - categorical_accuracy: 0.7737 - val_loss: 0.6495 - val_categorical_accuracy: 0.7724 - lr: 1.0000e-04 - 178s/epoch - 44ms/step
Epoch 77/100
4003/4003 - 178s - loss: 0.6467 - categorical_accuracy: 0.7736 - val_loss: 0.6506 - val_categorical_accuracy: 0.7716 - lr: 1.0000e-04 - 178s/epoch - 45ms/step
Epoch 78/100
4003/4003 - 178s - loss: 0.6460 - categorical_accuracy: 0.7741 - val_loss: 0.6527 - val_categorical_accuracy: 0.7712 - lr: 1.0000e-04 - 178s/epoch - 44ms/step
Epoch 79/100
4003/4003 - 178s - loss: 0.6459 - categorical_accuracy: 0.7739 - val_loss: 0.6503 - val_categorical_accuracy: 0.7716 - lr: 1.0000e-04 - 178s/epoch - 44ms/step
Epoch 80/100
4003/4003 - 178s - loss: 0.6456 - categorical_accuracy: 0.7739 - val_loss: 0.6474 - val_categorical_accuracy: 0.7721 - lr: 1.0000e-04 - 178s/epoch - 45ms/step
Epoch 81/100
4003/4003 - 178s - loss: 0.6457 - categorical_accuracy: 0.7743 - val_loss: 0.6513 - val_categorical_accuracy: 0.7710 - lr: 1.0000e-04 - 178s/epoch - 45ms/step
Epoch 82/100
4003/4003 - 179s - loss: 0.6450 - categorical_accuracy: 0.7744 - val_loss: 0.6491 - val_categorical_accuracy: 0.7721 - lr: 1.0000e-04 - 179s/epoch - 45ms/step
Epoch 83/100
4003/4003 - 179s - loss: 0.6448 - categorical_accuracy: 0.7745 - val_loss: 0.6481 - val_categorical_accuracy: 0.7726 - lr: 1.0000e-04 - 179s/epoch - 45ms/step
Epoch 84/100
4003/4003 - 180s - loss: 0.6447 - categorical_accuracy: 0.7741 - val_loss: 0.6484 - val_categorical_accuracy: 0.7723 - lr: 1.0000e-04 - 180s/epoch - 45ms/step
Epoch 85/100
4003/4003 - 181s - loss: 0.6444 - categorical_accuracy: 0.7747 - val_loss: 0.6467 - val_categorical_accuracy: 0.7736 - lr: 1.0000e-04 - 181s/epoch - 45ms/step
Epoch 86/100
4003/4003 - 181s - loss: 0.6441 - categorical_accuracy: 0.7747 - val_loss: 0.6542 - val_categorical_accuracy: 0.7702 - lr: 1.0000e-04 - 181s/epoch - 45ms/step
Epoch 87/100
4003/4003 - 181s - loss: 0.6444 - categorical_accuracy: 0.7748 - val_loss: 0.6465 - val_categorical_accuracy: 0.7729 - lr: 1.0000e-04 - 181s/epoch - 45ms/step
Epoch 88/100
4003/4003 - 181s - loss: 0.6437 - categorical_accuracy: 0.7746 - val_loss: 0.6492 - val_categorical_accuracy: 0.7720 - lr: 1.0000e-04 - 181s/epoch - 45ms/step
Epoch 89/100
4003/4003 - 181s - loss: 0.6435 - categorical_accuracy: 0.7750 - val_loss: 0.6499 - val_categorical_accuracy: 0.7713 - lr: 1.0000e-04 - 181s/epoch - 45ms/step
Epoch 90/100
4003/4003 - 179s - loss: 0.6433 - categorical_accuracy: 0.7755 - val_loss: 0.6476 - val_categorical_accuracy: 0.7734 - lr: 1.0000e-04 - 179s/epoch - 45ms/step
Epoch 91/100
4003/4003 - 179s - loss: 0.6433 - categorical_accuracy: 0.7753 - val_loss: 0.6536 - val_categorical_accuracy: 0.7699 - lr: 1.0000e-04 - 179s/epoch - 45ms/step
Epoch 92/100
4003/4003 - 180s - loss: 0.6428 - categorical_accuracy: 0.7753 - val_loss: 0.6513 - val_categorical_accuracy: 0.7708 - lr: 1.0000e-04 - 180s/epoch - 45ms/step
Epoch 93/100
4003/4003 - 180s - loss: 0.6431 - categorical_accuracy: 0.7750 - val_loss: 0.6486 - val_categorical_accuracy: 0.7720 - lr: 1.0000e-04 - 180s/epoch - 45ms/step
Epoch 94/100
4003/4003 - 181s - loss: 0.6423 - categorical_accuracy: 0.7757 - val_loss: 0.6609 - val_categorical_accuracy: 0.7665 - lr: 1.0000e-04 - 181s/epoch - 45ms/step
Epoch 95/100
4003/4003 - 180s - loss: 0.6424 - categorical_accuracy: 0.7757 - val_loss: 0.6460 - val_categorical_accuracy: 0.7736 - lr: 1.0000e-04 - 180s/epoch - 45ms/step
Epoch 96/100
4003/4003 - 179s - loss: 0.6420 - categorical_accuracy: 0.7757 - val_loss: 0.6539 - val_categorical_accuracy: 0.7699 - lr: 1.0000e-04 - 179s/epoch - 45ms/step
Epoch 97/100
4003/4003 - 179s - loss: 0.6418 - categorical_accuracy: 0.7759 - val_loss: 0.6461 - val_categorical_accuracy: 0.7726 - lr: 1.0000e-04 - 179s/epoch - 45ms/step
Epoch 98/100
4003/4003 - 180s - loss: 0.6416 - categorical_accuracy: 0.7758 - val_loss: 0.6529 - val_categorical_accuracy: 0.7692 - lr: 1.0000e-04 - 180s/epoch - 45ms/step
Epoch 99/100
4003/4003 - 181s - loss: 0.6413 - categorical_accuracy: 0.7758 - val_loss: 0.6470 - val_categorical_accuracy: 0.7725 - lr: 1.0000e-04 - 181s/epoch - 45ms/step
Epoch 100/100
4003/4003 - 179s - loss: 0.6411 - categorical_accuracy: 0.7761 - val_loss: 0.6482 - val_categorical_accuracy: 0.7728 - lr: 1.0000e-04 - 179s/epoch - 45ms/step
[92m
Saved model to: [0m trained_intnets/jedinet_exploration_6
Loss vs epochs plot saved to trained_intnets/jedinet_exploration_6.
Accuracy vs epochs plot saved to trained_intnets/jedinet_exploration_6.
[92m
Plots done! 📊[0m
