[96m
GPU: NVIDIA GeForce GTX 1080 Ti[0m

----------------
[92mData loading complete:[0m
Training data size: 5.72e+05
Test data size: 0.00e+00
----------------

Shuffling constituents...
[92mShuffled the training data! 🃏
[0m
[92mNumber of constituents: 8
[0m
Instantiating model...
[92mModel compiled and built![0m
[95m
TRAINING THE MODEL 💪[0m
==================

Training parameters
-------------------
[92mOptimiser: 	[0m {'name': 'Adam', 'learning_rate': 0.0005, 'decay': 0.0, 'beta_1': 0.9, 'beta_2': 0.999, 'epsilon': 1e-07, 'amsgrad': False}
[92mBatch size: 	[0m 512
[92mTraining epochs:[0m 100
[92mLoss: 		[0m categorical_crossentropy

Epoch 1/100
782/782 - 11s - loss: 1.2602 - categorical_accuracy: 0.4744 - val_loss: 1.1315 - val_categorical_accuracy: 0.5549 - lr: 5.0000e-04 - 11s/epoch - 15ms/step
Epoch 2/100
782/782 - 5s - loss: 1.1063 - categorical_accuracy: 0.5660 - val_loss: 1.0930 - val_categorical_accuracy: 0.5669 - lr: 5.0000e-04 - 5s/epoch - 7ms/step
Epoch 3/100
782/782 - 5s - loss: 1.0737 - categorical_accuracy: 0.5827 - val_loss: 1.0577 - val_categorical_accuracy: 0.5908 - lr: 5.0000e-04 - 5s/epoch - 7ms/step
Epoch 4/100
782/782 - 5s - loss: 1.0610 - categorical_accuracy: 0.5885 - val_loss: 1.0506 - val_categorical_accuracy: 0.5940 - lr: 5.0000e-04 - 5s/epoch - 7ms/step
Epoch 5/100
782/782 - 5s - loss: 1.0479 - categorical_accuracy: 0.5959 - val_loss: 1.0438 - val_categorical_accuracy: 0.5946 - lr: 5.0000e-04 - 5s/epoch - 7ms/step
Epoch 6/100
782/782 - 5s - loss: 1.0435 - categorical_accuracy: 0.5975 - val_loss: 1.0292 - val_categorical_accuracy: 0.6068 - lr: 5.0000e-04 - 5s/epoch - 7ms/step
Epoch 7/100
782/782 - 5s - loss: 1.0366 - categorical_accuracy: 0.6008 - val_loss: 1.0353 - val_categorical_accuracy: 0.5998 - lr: 5.0000e-04 - 5s/epoch - 7ms/step
Epoch 8/100
782/782 - 5s - loss: 1.0302 - categorical_accuracy: 0.6040 - val_loss: 1.0167 - val_categorical_accuracy: 0.6117 - lr: 5.0000e-04 - 5s/epoch - 7ms/step
Epoch 9/100
782/782 - 5s - loss: 1.0258 - categorical_accuracy: 0.6060 - val_loss: 1.0124 - val_categorical_accuracy: 0.6127 - lr: 5.0000e-04 - 5s/epoch - 7ms/step
Epoch 10/100
782/782 - 5s - loss: 1.0213 - categorical_accuracy: 0.6078 - val_loss: 1.0119 - val_categorical_accuracy: 0.6136 - lr: 5.0000e-04 - 5s/epoch - 7ms/step
Epoch 11/100
782/782 - 5s - loss: 1.0193 - categorical_accuracy: 0.6086 - val_loss: 1.0179 - val_categorical_accuracy: 0.6086 - lr: 5.0000e-04 - 5s/epoch - 7ms/step
Epoch 12/100
782/782 - 5s - loss: 1.0145 - categorical_accuracy: 0.6106 - val_loss: 1.0032 - val_categorical_accuracy: 0.6170 - lr: 5.0000e-04 - 5s/epoch - 7ms/step
Epoch 13/100
782/782 - 5s - loss: 1.0117 - categorical_accuracy: 0.6114 - val_loss: 0.9994 - val_categorical_accuracy: 0.6185 - lr: 5.0000e-04 - 5s/epoch - 7ms/step
Epoch 14/100
782/782 - 5s - loss: 1.0079 - categorical_accuracy: 0.6133 - val_loss: 1.0040 - val_categorical_accuracy: 0.6163 - lr: 5.0000e-04 - 5s/epoch - 7ms/step
Epoch 15/100
782/782 - 5s - loss: 1.0042 - categorical_accuracy: 0.6149 - val_loss: 0.9931 - val_categorical_accuracy: 0.6203 - lr: 5.0000e-04 - 5s/epoch - 7ms/step
Epoch 16/100
782/782 - 5s - loss: 1.0023 - categorical_accuracy: 0.6155 - val_loss: 0.9889 - val_categorical_accuracy: 0.6216 - lr: 5.0000e-04 - 5s/epoch - 7ms/step
Epoch 17/100
782/782 - 5s - loss: 1.0009 - categorical_accuracy: 0.6160 - val_loss: 0.9936 - val_categorical_accuracy: 0.6209 - lr: 5.0000e-04 - 5s/epoch - 7ms/step
Epoch 18/100
782/782 - 5s - loss: 0.9991 - categorical_accuracy: 0.6162 - val_loss: 0.9839 - val_categorical_accuracy: 0.6232 - lr: 5.0000e-04 - 5s/epoch - 7ms/step
Epoch 19/100
782/782 - 5s - loss: 0.9948 - categorical_accuracy: 0.6185 - val_loss: 0.9866 - val_categorical_accuracy: 0.6232 - lr: 5.0000e-04 - 5s/epoch - 7ms/step
Epoch 20/100
782/782 - 5s - loss: 0.9932 - categorical_accuracy: 0.6190 - val_loss: 0.9848 - val_categorical_accuracy: 0.6236 - lr: 5.0000e-04 - 5s/epoch - 7ms/step
Epoch 21/100
782/782 - 5s - loss: 0.9931 - categorical_accuracy: 0.6186 - val_loss: 0.9790 - val_categorical_accuracy: 0.6261 - lr: 5.0000e-04 - 5s/epoch - 7ms/step
Epoch 22/100
782/782 - 5s - loss: 0.9918 - categorical_accuracy: 0.6190 - val_loss: 0.9812 - val_categorical_accuracy: 0.6230 - lr: 5.0000e-04 - 5s/epoch - 7ms/step
Epoch 23/100
782/782 - 5s - loss: 0.9915 - categorical_accuracy: 0.6192 - val_loss: 0.9783 - val_categorical_accuracy: 0.6265 - lr: 5.0000e-04 - 5s/epoch - 7ms/step
Epoch 24/100
782/782 - 5s - loss: 0.9891 - categorical_accuracy: 0.6205 - val_loss: 0.9772 - val_categorical_accuracy: 0.6255 - lr: 5.0000e-04 - 5s/epoch - 7ms/step
Epoch 25/100
782/782 - 5s - loss: 0.9879 - categorical_accuracy: 0.6206 - val_loss: 0.9761 - val_categorical_accuracy: 0.6259 - lr: 5.0000e-04 - 5s/epoch - 7ms/step
Epoch 26/100
782/782 - 5s - loss: 0.9849 - categorical_accuracy: 0.6218 - val_loss: 0.9726 - val_categorical_accuracy: 0.6277 - lr: 5.0000e-04 - 5s/epoch - 7ms/step
Epoch 27/100
782/782 - 5s - loss: 0.9854 - categorical_accuracy: 0.6217 - val_loss: 0.9760 - val_categorical_accuracy: 0.6266 - lr: 5.0000e-04 - 5s/epoch - 7ms/step
Epoch 28/100
782/782 - 5s - loss: 0.9847 - categorical_accuracy: 0.6220 - val_loss: 0.9723 - val_categorical_accuracy: 0.6290 - lr: 5.0000e-04 - 5s/epoch - 7ms/step
Epoch 29/100
782/782 - 5s - loss: 0.9812 - categorical_accuracy: 0.6241 - val_loss: 0.9733 - val_categorical_accuracy: 0.6263 - lr: 5.0000e-04 - 5s/epoch - 7ms/step
Epoch 30/100
782/782 - 5s - loss: 0.9838 - categorical_accuracy: 0.6219 - val_loss: 0.9716 - val_categorical_accuracy: 0.6294 - lr: 5.0000e-04 - 5s/epoch - 7ms/step
Epoch 31/100
782/782 - 5s - loss: 0.9802 - categorical_accuracy: 0.6237 - val_loss: 0.9668 - val_categorical_accuracy: 0.6320 - lr: 5.0000e-04 - 5s/epoch - 7ms/step
Epoch 32/100
782/782 - 6s - loss: 0.9786 - categorical_accuracy: 0.6243 - val_loss: 0.9650 - val_categorical_accuracy: 0.6325 - lr: 5.0000e-04 - 6s/epoch - 8ms/step
Epoch 33/100
782/782 - 5s - loss: 0.9769 - categorical_accuracy: 0.6251 - val_loss: 0.9777 - val_categorical_accuracy: 0.6250 - lr: 5.0000e-04 - 5s/epoch - 7ms/step
Epoch 34/100
782/782 - 5s - loss: 0.9781 - categorical_accuracy: 0.6242 - val_loss: 0.9683 - val_categorical_accuracy: 0.6273 - lr: 5.0000e-04 - 5s/epoch - 7ms/step
Epoch 35/100
782/782 - 5s - loss: 0.9777 - categorical_accuracy: 0.6242 - val_loss: 0.9650 - val_categorical_accuracy: 0.6317 - lr: 5.0000e-04 - 5s/epoch - 7ms/step
Epoch 36/100
782/782 - 5s - loss: 0.9759 - categorical_accuracy: 0.6260 - val_loss: 0.9664 - val_categorical_accuracy: 0.6313 - lr: 5.0000e-04 - 5s/epoch - 7ms/step
Epoch 37/100
782/782 - 5s - loss: 0.9753 - categorical_accuracy: 0.6258 - val_loss: 0.9913 - val_categorical_accuracy: 0.6163 - lr: 5.0000e-04 - 5s/epoch - 7ms/step
Epoch 38/100
782/782 - 5s - loss: 0.9754 - categorical_accuracy: 0.6253 - val_loss: 0.9643 - val_categorical_accuracy: 0.6329 - lr: 5.0000e-04 - 5s/epoch - 7ms/step
Epoch 39/100
782/782 - 5s - loss: 0.9735 - categorical_accuracy: 0.6267 - val_loss: 0.9775 - val_categorical_accuracy: 0.6240 - lr: 5.0000e-04 - 5s/epoch - 7ms/step
Epoch 40/100
782/782 - 5s - loss: 0.9732 - categorical_accuracy: 0.6266 - val_loss: 0.9648 - val_categorical_accuracy: 0.6299 - lr: 5.0000e-04 - 5s/epoch - 7ms/step
Epoch 41/100
782/782 - 5s - loss: 0.9698 - categorical_accuracy: 0.6279 - val_loss: 0.9682 - val_categorical_accuracy: 0.6267 - lr: 5.0000e-04 - 5s/epoch - 7ms/step
Epoch 42/100
782/782 - 5s - loss: 0.9708 - categorical_accuracy: 0.6272 - val_loss: 0.9577 - val_categorical_accuracy: 0.6345 - lr: 5.0000e-04 - 5s/epoch - 7ms/step
Epoch 43/100
782/782 - 5s - loss: 0.9686 - categorical_accuracy: 0.6284 - val_loss: 0.9574 - val_categorical_accuracy: 0.6341 - lr: 5.0000e-04 - 5s/epoch - 7ms/step
Epoch 44/100
782/782 - 5s - loss: 0.9715 - categorical_accuracy: 0.6269 - val_loss: 0.9579 - val_categorical_accuracy: 0.6358 - lr: 5.0000e-04 - 5s/epoch - 7ms/step
Epoch 45/100
782/782 - 5s - loss: 0.9664 - categorical_accuracy: 0.6291 - val_loss: 0.9536 - val_categorical_accuracy: 0.6373 - lr: 5.0000e-04 - 5s/epoch - 7ms/step
Epoch 46/100
782/782 - 5s - loss: 0.9666 - categorical_accuracy: 0.6296 - val_loss: 0.9569 - val_categorical_accuracy: 0.6358 - lr: 5.0000e-04 - 5s/epoch - 7ms/step
Epoch 47/100
782/782 - 5s - loss: 0.9662 - categorical_accuracy: 0.6295 - val_loss: 0.9527 - val_categorical_accuracy: 0.6367 - lr: 5.0000e-04 - 5s/epoch - 7ms/step
Epoch 48/100
782/782 - 5s - loss: 0.9677 - categorical_accuracy: 0.6283 - val_loss: 0.9574 - val_categorical_accuracy: 0.6352 - lr: 5.0000e-04 - 5s/epoch - 7ms/step
Epoch 49/100
782/782 - 5s - loss: 0.9645 - categorical_accuracy: 0.6299 - val_loss: 0.9580 - val_categorical_accuracy: 0.6322 - lr: 5.0000e-04 - 5s/epoch - 7ms/step
Epoch 50/100
782/782 - 5s - loss: 0.9648 - categorical_accuracy: 0.6299 - val_loss: 0.9515 - val_categorical_accuracy: 0.6367 - lr: 5.0000e-04 - 5s/epoch - 7ms/step
Epoch 51/100
782/782 - 5s - loss: 0.9633 - categorical_accuracy: 0.6310 - val_loss: 0.9491 - val_categorical_accuracy: 0.6384 - lr: 5.0000e-04 - 5s/epoch - 7ms/step
Epoch 52/100
782/782 - 5s - loss: 0.9627 - categorical_accuracy: 0.6310 - val_loss: 0.9636 - val_categorical_accuracy: 0.6304 - lr: 5.0000e-04 - 5s/epoch - 7ms/step
Epoch 53/100
782/782 - 5s - loss: 0.9617 - categorical_accuracy: 0.6315 - val_loss: 0.9594 - val_categorical_accuracy: 0.6328 - lr: 5.0000e-04 - 5s/epoch - 7ms/step
Epoch 54/100
782/782 - 5s - loss: 0.9619 - categorical_accuracy: 0.6309 - val_loss: 0.9468 - val_categorical_accuracy: 0.6402 - lr: 5.0000e-04 - 5s/epoch - 7ms/step
Epoch 55/100
782/782 - 5s - loss: 0.9616 - categorical_accuracy: 0.6318 - val_loss: 0.9529 - val_categorical_accuracy: 0.6360 - lr: 5.0000e-04 - 5s/epoch - 7ms/step
Epoch 56/100
782/782 - 5s - loss: 0.9627 - categorical_accuracy: 0.6302 - val_loss: 0.9625 - val_categorical_accuracy: 0.6287 - lr: 5.0000e-04 - 5s/epoch - 7ms/step
Epoch 57/100
782/782 - 5s - loss: 0.9600 - categorical_accuracy: 0.6321 - val_loss: 0.9485 - val_categorical_accuracy: 0.6378 - lr: 5.0000e-04 - 5s/epoch - 7ms/step
Epoch 58/100
782/782 - 5s - loss: 0.9583 - categorical_accuracy: 0.6328 - val_loss: 0.9455 - val_categorical_accuracy: 0.6401 - lr: 5.0000e-04 - 5s/epoch - 7ms/step
Epoch 59/100
782/782 - 5s - loss: 0.9582 - categorical_accuracy: 0.6327 - val_loss: 0.9632 - val_categorical_accuracy: 0.6293 - lr: 5.0000e-04 - 5s/epoch - 7ms/step
Epoch 60/100
782/782 - 5s - loss: 0.9574 - categorical_accuracy: 0.6332 - val_loss: 0.9491 - val_categorical_accuracy: 0.6387 - lr: 5.0000e-04 - 5s/epoch - 7ms/step
Epoch 61/100
782/782 - 5s - loss: 0.9560 - categorical_accuracy: 0.6336 - val_loss: 0.9438 - val_categorical_accuracy: 0.6400 - lr: 5.0000e-04 - 5s/epoch - 7ms/step
Epoch 62/100
782/782 - 5s - loss: 0.9556 - categorical_accuracy: 0.6339 - val_loss: 0.9437 - val_categorical_accuracy: 0.6408 - lr: 5.0000e-04 - 5s/epoch - 7ms/step
Epoch 63/100
782/782 - 5s - loss: 0.9574 - categorical_accuracy: 0.6329 - val_loss: 0.9443 - val_categorical_accuracy: 0.6407 - lr: 5.0000e-04 - 5s/epoch - 7ms/step
Epoch 64/100
782/782 - 5s - loss: 0.9570 - categorical_accuracy: 0.6327 - val_loss: 0.9446 - val_categorical_accuracy: 0.6392 - lr: 5.0000e-04 - 5s/epoch - 7ms/step
Epoch 65/100
782/782 - 5s - loss: 0.9558 - categorical_accuracy: 0.6340 - val_loss: 0.9437 - val_categorical_accuracy: 0.6404 - lr: 5.0000e-04 - 5s/epoch - 7ms/step
Epoch 66/100
782/782 - 5s - loss: 0.9553 - categorical_accuracy: 0.6336 - val_loss: 0.9419 - val_categorical_accuracy: 0.6413 - lr: 5.0000e-04 - 5s/epoch - 7ms/step
Epoch 67/100
782/782 - 5s - loss: 0.9545 - categorical_accuracy: 0.6341 - val_loss: 0.9448 - val_categorical_accuracy: 0.6390 - lr: 5.0000e-04 - 5s/epoch - 7ms/step
Epoch 68/100
782/782 - 5s - loss: 0.9532 - categorical_accuracy: 0.6348 - val_loss: 0.9406 - val_categorical_accuracy: 0.6420 - lr: 5.0000e-04 - 5s/epoch - 7ms/step
Epoch 69/100
782/782 - 5s - loss: 0.9536 - categorical_accuracy: 0.6348 - val_loss: 0.9439 - val_categorical_accuracy: 0.6403 - lr: 5.0000e-04 - 5s/epoch - 7ms/step
Epoch 70/100
782/782 - 5s - loss: 0.9556 - categorical_accuracy: 0.6336 - val_loss: 0.9489 - val_categorical_accuracy: 0.6368 - lr: 5.0000e-04 - 5s/epoch - 7ms/step
Epoch 71/100
782/782 - 5s - loss: 0.9539 - categorical_accuracy: 0.6345 - val_loss: 0.9393 - val_categorical_accuracy: 0.6424 - lr: 5.0000e-04 - 5s/epoch - 7ms/step
Epoch 72/100
782/782 - 5s - loss: 0.9521 - categorical_accuracy: 0.6346 - val_loss: 0.9426 - val_categorical_accuracy: 0.6397 - lr: 5.0000e-04 - 5s/epoch - 7ms/step
Epoch 73/100
782/782 - 5s - loss: 0.9520 - categorical_accuracy: 0.6352 - val_loss: 0.9433 - val_categorical_accuracy: 0.6395 - lr: 5.0000e-04 - 5s/epoch - 7ms/step
Epoch 74/100
782/782 - 5s - loss: 0.9508 - categorical_accuracy: 0.6359 - val_loss: 0.9510 - val_categorical_accuracy: 0.6339 - lr: 5.0000e-04 - 5s/epoch - 7ms/step
Epoch 75/100
782/782 - 5s - loss: 0.9523 - categorical_accuracy: 0.6348 - val_loss: 0.9533 - val_categorical_accuracy: 0.6338 - lr: 5.0000e-04 - 5s/epoch - 7ms/step
Epoch 76/100
782/782 - 5s - loss: 0.9532 - categorical_accuracy: 0.6338 - val_loss: 0.9384 - val_categorical_accuracy: 0.6427 - lr: 5.0000e-04 - 5s/epoch - 7ms/step
Epoch 77/100
782/782 - 5s - loss: 0.9512 - categorical_accuracy: 0.6354 - val_loss: 0.9416 - val_categorical_accuracy: 0.6412 - lr: 5.0000e-04 - 5s/epoch - 7ms/step
Epoch 78/100
782/782 - 5s - loss: 0.9508 - categorical_accuracy: 0.6358 - val_loss: 0.9402 - val_categorical_accuracy: 0.6407 - lr: 5.0000e-04 - 5s/epoch - 7ms/step
Epoch 79/100
782/782 - 5s - loss: 0.9496 - categorical_accuracy: 0.6361 - val_loss: 0.9401 - val_categorical_accuracy: 0.6421 - lr: 5.0000e-04 - 5s/epoch - 7ms/step
Epoch 80/100
782/782 - 5s - loss: 0.9536 - categorical_accuracy: 0.6338 - val_loss: 0.9385 - val_categorical_accuracy: 0.6417 - lr: 5.0000e-04 - 5s/epoch - 7ms/step
Epoch 81/100
782/782 - 5s - loss: 0.9497 - categorical_accuracy: 0.6360 - val_loss: 0.9381 - val_categorical_accuracy: 0.6431 - lr: 5.0000e-04 - 5s/epoch - 7ms/step
Epoch 82/100
782/782 - 5s - loss: 0.9489 - categorical_accuracy: 0.6369 - val_loss: 0.9351 - val_categorical_accuracy: 0.6439 - lr: 5.0000e-04 - 5s/epoch - 7ms/step
Epoch 83/100
782/782 - 5s - loss: 0.9503 - categorical_accuracy: 0.6356 - val_loss: 0.9577 - val_categorical_accuracy: 0.6283 - lr: 5.0000e-04 - 5s/epoch - 7ms/step
Epoch 84/100
782/782 - 5s - loss: 0.9478 - categorical_accuracy: 0.6371 - val_loss: 0.9361 - val_categorical_accuracy: 0.6429 - lr: 5.0000e-04 - 5s/epoch - 7ms/step
Epoch 85/100
782/782 - 5s - loss: 0.9492 - categorical_accuracy: 0.6356 - val_loss: 0.9417 - val_categorical_accuracy: 0.6408 - lr: 5.0000e-04 - 5s/epoch - 7ms/step
Epoch 86/100
782/782 - 5s - loss: 0.9502 - categorical_accuracy: 0.6355 - val_loss: 0.9458 - val_categorical_accuracy: 0.6383 - lr: 5.0000e-04 - 5s/epoch - 7ms/step
Epoch 87/100
782/782 - 5s - loss: 0.9467 - categorical_accuracy: 0.6372 - val_loss: 0.9440 - val_categorical_accuracy: 0.6403 - lr: 5.0000e-04 - 5s/epoch - 7ms/step
Epoch 88/100
782/782 - 5s - loss: 0.9467 - categorical_accuracy: 0.6371 - val_loss: 0.9365 - val_categorical_accuracy: 0.6431 - lr: 5.0000e-04 - 5s/epoch - 7ms/step
Epoch 89/100
782/782 - 5s - loss: 0.9470 - categorical_accuracy: 0.6368 - val_loss: 0.9368 - val_categorical_accuracy: 0.6428 - lr: 5.0000e-04 - 5s/epoch - 7ms/step
Epoch 90/100
782/782 - 7s - loss: 0.9462 - categorical_accuracy: 0.6373 - val_loss: 0.9344 - val_categorical_accuracy: 0.6441 - lr: 5.0000e-04 - 7s/epoch - 8ms/step
Epoch 91/100
782/782 - 5s - loss: 0.9463 - categorical_accuracy: 0.6371 - val_loss: 0.9344 - val_categorical_accuracy: 0.6433 - lr: 5.0000e-04 - 5s/epoch - 7ms/step
Epoch 92/100
782/782 - 5s - loss: 0.9474 - categorical_accuracy: 0.6365 - val_loss: 0.9517 - val_categorical_accuracy: 0.6336 - lr: 5.0000e-04 - 5s/epoch - 7ms/step
Epoch 93/100
782/782 - 5s - loss: 0.9461 - categorical_accuracy: 0.6371 - val_loss: 0.9354 - val_categorical_accuracy: 0.6439 - lr: 5.0000e-04 - 5s/epoch - 7ms/step
Epoch 94/100
782/782 - 5s - loss: 0.9460 - categorical_accuracy: 0.6370 - val_loss: 0.9333 - val_categorical_accuracy: 0.6441 - lr: 5.0000e-04 - 5s/epoch - 7ms/step
Epoch 95/100
782/782 - 5s - loss: 0.9443 - categorical_accuracy: 0.6379 - val_loss: 0.9640 - val_categorical_accuracy: 0.6244 - lr: 5.0000e-04 - 5s/epoch - 7ms/step
Epoch 96/100
782/782 - 5s - loss: 0.9455 - categorical_accuracy: 0.6373 - val_loss: 0.9339 - val_categorical_accuracy: 0.6441 - lr: 5.0000e-04 - 5s/epoch - 7ms/step
Epoch 97/100
782/782 - 5s - loss: 0.9454 - categorical_accuracy: 0.6371 - val_loss: 0.9345 - val_categorical_accuracy: 0.6426 - lr: 5.0000e-04 - 5s/epoch - 7ms/step
Epoch 98/100
782/782 - 5s - loss: 0.9459 - categorical_accuracy: 0.6375 - val_loss: 0.9388 - val_categorical_accuracy: 0.6413 - lr: 5.0000e-04 - 5s/epoch - 7ms/step
Epoch 99/100
782/782 - 5s - loss: 0.9438 - categorical_accuracy: 0.6382 - val_loss: 0.9365 - val_categorical_accuracy: 0.6431 - lr: 5.0000e-04 - 5s/epoch - 7ms/step
Epoch 100/100
782/782 - 5s - loss: 0.9452 - categorical_accuracy: 0.6378 - val_loss: 0.9479 - val_categorical_accuracy: 0.6356 - lr: 5.0000e-04 - 5s/epoch - 7ms/step
[95m
SAVING RESULTS[0m
==============
[92m
Saved model to: [0m trained_intnets/perm_variant_2
Loss vs epochs plot saved to trained_intnets/perm_variant_2.
Accuracy vs epochs plot saved to trained_intnets/perm_variant_2.
[92m
Jobs done! 🍰✨[0m
